[2023-11-19 13:45:21,100][hydra.utils][INFO] - Logging from main
[2023-11-19 14:27:35,303][__main__][INFO] - Model weights saved at: model.pt
[2023-11-19 14:27:35,310][__main__][INFO] - Training accuracy: 0.9796222222222222
[2023-11-19 14:27:35,310][__main__][INFO] - Testing accuracy: 0.9192
[2023-11-19 14:27:35,310][__main__][INFO] - feat_thresh: 0.1
[2023-11-19 14:27:35,310][__main__][INFO] - epoch: 0
[2023-11-19 14:27:35,799][__main__][INFO] - alignment: tensor([0., 0., 0., 0., 0., 0., 0., 0., 0., 0., 0., 0., 0., 0., 0.])
[2023-11-19 14:27:35,799][__main__][INFO] - epoch: 10
[2023-11-19 14:27:36,283][__main__][INFO] - alignment: tensor([0., 0., 0., 0., 0., 0., 0., 0., 0., 0., 0., 0., 0., 0., 0.])
[2023-11-19 14:27:36,283][__main__][INFO] - epoch: 20
[2023-11-19 14:27:36,783][__main__][INFO] - alignment: tensor([0., 0., 0., 0., 0., 0., 0., 0., 0., 0., 0., 0., 0., 0., 0.])
[2023-11-19 14:27:36,783][__main__][INFO] - epoch: 30
[2023-11-19 14:27:37,285][__main__][INFO] - alignment: tensor([0., 0., 0., 0., 0., 0., 0., 0., 0., 0., 0., 0., 0., 0., 0.])
[2023-11-19 14:27:37,285][__main__][INFO] - epoch: 40
[2023-11-19 14:27:37,787][__main__][INFO] - alignment: tensor([0., 0., 0., 0., 0., 0., 0., 0., 0., 0., 0., 0., 0., 0., 0.])
[2023-11-19 14:27:37,787][__main__][INFO] - epoch: 50
[2023-11-19 14:27:38,283][__main__][INFO] - alignment: tensor([0., 0., 0., 0., 0., 0., 0., 0., 0., 0., 0., 0., 0., 0., 0.])
[2023-11-19 14:27:38,283][__main__][INFO] - epoch: 60
[2023-11-19 14:27:38,788][__main__][INFO] - alignment: tensor([0., 0., 0., 0., 0., 0., 0., 0., 0., 0., 0., 0., 0., 0., 0.])
[2023-11-19 14:27:38,789][__main__][INFO] - epoch: 70
[2023-11-19 14:27:39,289][__main__][INFO] - alignment: tensor([0., 0., 0., 0., 0., 0., 0., 0., 0., 0., 0., 0., 0., 0., 0.])
[2023-11-19 14:27:39,289][__main__][INFO] - epoch: 80
[2023-11-19 14:27:39,791][__main__][INFO] - alignment: tensor([0., 0., 0., 0., 0., 0., 0., 0., 0., 0., 0., 0., 0., 0., 0.])
[2023-11-19 14:27:39,791][__main__][INFO] - epoch: 90
[2023-11-19 14:27:40,292][__main__][INFO] - alignment: tensor([0., 0., 0., 0., 0., 0., 0., 0., 0., 0., 0., 0., 0., 0., 0.])
[2023-11-19 14:27:40,292][__main__][INFO] - epoch: 100
[2023-11-19 14:27:40,789][__main__][INFO] - alignment: tensor([0., 0., 0., 0., 0., 0., 0., 0., 0., 0., 0., 0., 0., 0., 0.])
[2023-11-19 14:27:40,789][__main__][INFO] - epoch: 110
[2023-11-19 14:27:41,286][__main__][INFO] - alignment: tensor([0., 0., 0., 0., 0., 0., 0., 0., 0., 0., 0., 0., 0., 0., 0.])
[2023-11-19 14:27:41,286][__main__][INFO] - epoch: 120
[2023-11-19 14:27:41,767][__main__][INFO] - alignment: tensor([0., 0., 0., 0., 0., 0., 0., 0., 0., 0., 0., 0., 0., 0., 0.])
[2023-11-19 14:27:41,767][__main__][INFO] - epoch: 130
[2023-11-19 14:27:42,249][__main__][INFO] - alignment: tensor([0., 0., 0., 0., 0., 0., 0., 0., 0., 0., 0., 0., 0., 0., 0.])
[2023-11-19 14:27:42,249][__main__][INFO] - epoch: 140
[2023-11-19 14:27:42,725][__main__][INFO] - alignment: tensor([0., 0., 0., 0., 0., 0., 0., 0., 0., 0., 0., 0., 0., 0., 0.])
[2023-11-19 14:27:42,725][__main__][INFO] - epoch: 150
[2023-11-19 14:27:43,205][__main__][INFO] - alignment: tensor([0., 0., 0., 0., 0., 0., 0., 0., 0., 0., 0., 0., 0., 0., 0.])
[2023-11-19 14:27:43,206][__main__][INFO] - epoch: 160
[2023-11-19 14:27:43,686][__main__][INFO] - alignment: tensor([0., 0., 0., 0., 0., 0., 0., 0., 0., 0., 0., 0., 0., 0., 0.])
[2023-11-19 14:27:43,686][__main__][INFO] - epoch: 170
[2023-11-19 14:27:44,168][__main__][INFO] - alignment: tensor([0., 0., 0., 0., 0., 0., 0., 0., 0., 0., 0., 0., 0., 0., 0.])
[2023-11-19 14:27:44,168][__main__][INFO] - epoch: 180
[2023-11-19 14:27:44,646][__main__][INFO] - alignment: tensor([0., 0., 0., 0., 0., 0., 0., 0., 0., 0., 0., 0., 0., 0., 0.])
[2023-11-19 14:27:44,646][__main__][INFO] - epoch: 190
[2023-11-19 14:27:45,125][__main__][INFO] - alignment: tensor([0., 0., 0., 0., 0., 0., 0., 0., 0., 0., 0., 0., 0., 0., 0.])
[2023-11-19 14:27:45,125][__main__][INFO] - epoch: 200
[2023-11-19 14:27:45,610][__main__][INFO] - alignment: tensor([0., 0., 0., 0., 0., 0., 0., 0., 0., 0., 0., 0., 0., 0., 0.])
[2023-11-19 14:27:45,611][__main__][INFO] - epoch: 210
[2023-11-19 14:27:46,084][__main__][INFO] - alignment: tensor([0., 0., 0., 0., 0., 0., 0., 0., 0., 0., 0., 0., 0., 0., 0.])
[2023-11-19 14:27:46,084][__main__][INFO] - epoch: 220
[2023-11-19 14:27:46,562][__main__][INFO] - alignment: tensor([0., 0., 0., 0., 0., 0., 0., 0., 0., 0., 0., 0., 0., 0., 0.])
[2023-11-19 14:27:46,562][__main__][INFO] - epoch: 230
[2023-11-19 14:27:47,049][__main__][INFO] - alignment: tensor([0., 0., 0., 0., 0., 0., 0., 0., 0., 0., 0., 0., 0., 0., 0.])
[2023-11-19 14:27:47,049][__main__][INFO] - epoch: 240
[2023-11-19 14:27:47,522][__main__][INFO] - alignment: tensor([0., 0., 0., 0., 0., 0., 0., 0., 0., 0., 0., 0., 0., 0., 0.])
[2023-11-19 14:27:47,522][__main__][INFO] - epoch: 250
[2023-11-19 14:27:47,995][__main__][INFO] - alignment: tensor([0., 0., 0., 0., 0., 0., 0., 0., 0., 0., 0., 0., 0., 0., 0.])
[2023-11-19 14:27:47,995][__main__][INFO] - epoch: 260
[2023-11-19 14:27:48,473][__main__][INFO] - alignment: tensor([0., 0., 0., 0., 0., 0., 0., 0., 0., 0., 0., 0., 0., 0., 0.])
[2023-11-19 14:27:48,473][__main__][INFO] - epoch: 270
[2023-11-19 14:27:48,952][__main__][INFO] - alignment: tensor([0., 0., 0., 0., 0., 0., 0., 0., 0., 0., 0., 0., 0., 0., 0.])
[2023-11-19 14:27:48,952][__main__][INFO] - epoch: 280
[2023-11-19 14:27:49,439][__main__][INFO] - alignment: tensor([0., 0., 0., 0., 0., 0., 0., 0., 0., 0., 0., 0., 0., 0., 0.])
[2023-11-19 14:27:49,439][__main__][INFO] - epoch: 290
[2023-11-19 14:27:49,914][__main__][INFO] - alignment: tensor([0., 0., 0., 0., 0., 0., 0., 0., 0., 0., 0., 0., 0., 0., 0.])
[2023-11-19 14:27:49,914][__main__][INFO] - epoch: 300
[2023-11-19 14:27:50,390][__main__][INFO] - alignment: tensor([0., 0., 0., 0., 0., 0., 0., 0., 0., 0., 0., 0., 0., 0., 0.])
[2023-11-19 14:27:50,390][__main__][INFO] - epoch: 310
[2023-11-19 14:27:50,870][__main__][INFO] - alignment: tensor([0., 0., 0., 0., 0., 0., 0., 0., 0., 0., 0., 0., 0., 0., 0.])
[2023-11-19 14:27:50,870][__main__][INFO] - epoch: 320
[2023-11-19 14:27:51,348][__main__][INFO] - alignment: tensor([0., 0., 0., 0., 0., 0., 0., 0., 0., 0., 0., 0., 0., 0., 0.])
[2023-11-19 14:27:51,349][__main__][INFO] - epoch: 330
[2023-11-19 14:27:51,836][__main__][INFO] - alignment: tensor([1., 0., 0., 0., 0., 0., 0., 0., 0., 0., 0., 0., 0., 0., 0.])
[2023-11-19 14:27:51,836][__main__][INFO] - epoch: 340
[2023-11-19 14:27:52,313][__main__][INFO] - alignment: tensor([1., 0., 0., 0., 0., 0., 0., 0., 0., 0., 0., 0., 0., 0., 0.])
[2023-11-19 14:27:52,313][__main__][INFO] - epoch: 350
[2023-11-19 14:27:52,790][__main__][INFO] - alignment: tensor([1., 0., 0., 0., 0., 0., 0., 0., 0., 0., 0., 0., 0., 0., 0.])
[2023-11-19 14:27:52,790][__main__][INFO] - epoch: 360
[2023-11-19 14:27:53,266][__main__][INFO] - alignment: tensor([1., 0., 0., 0., 0., 0., 0., 0., 0., 0., 0., 0., 0., 0., 0.])
[2023-11-19 14:27:53,266][__main__][INFO] - epoch: 370
[2023-11-19 14:27:53,752][__main__][INFO] - alignment: tensor([1., 0., 0., 0., 0., 0., 0., 0., 0., 0., 0., 0., 0., 0., 0.])
[2023-11-19 14:27:53,752][__main__][INFO] - epoch: 380
[2023-11-19 14:27:54,232][__main__][INFO] - alignment: tensor([1., 0., 0., 0., 0., 0., 0., 0., 0., 0., 0., 0., 0., 0., 0.])
[2023-11-19 14:27:54,233][__main__][INFO] - epoch: 390
[2023-11-19 14:27:54,709][__main__][INFO] - alignment: tensor([1., 0., 0., 0., 0., 0., 0., 0., 0., 0., 0., 0., 0., 0., 0.])
[2023-11-19 14:27:54,709][__main__][INFO] - epoch: 400
[2023-11-19 14:27:55,186][__main__][INFO] - alignment: tensor([1., 0., 0., 0., 0., 0., 0., 0., 0., 0., 0., 0., 0., 0., 0.])
[2023-11-19 14:27:55,186][__main__][INFO] - epoch: 410
[2023-11-19 14:27:55,662][__main__][INFO] - alignment: tensor([3., 0., 0., 0., 0., 0., 0., 0., 0., 0., 0., 0., 0., 0., 0.])
[2023-11-19 14:27:55,662][__main__][INFO] - epoch: 420
[2023-11-19 14:27:56,137][__main__][INFO] - alignment: tensor([2., 0., 0., 0., 0., 0., 0., 0., 0., 0., 0., 0., 0., 0., 0.])
[2023-11-19 14:27:56,137][__main__][INFO] - epoch: 430
[2023-11-19 14:27:56,614][__main__][INFO] - alignment: tensor([5., 0., 0., 0., 0., 0., 0., 0., 0., 0., 0., 0., 0., 0., 0.])
[2023-11-19 14:27:56,614][__main__][INFO] - epoch: 440
[2023-11-19 14:27:57,102][__main__][INFO] - alignment: tensor([9., 0., 0., 0., 0., 0., 0., 0., 0., 0., 0., 0., 0., 0., 0.])
[2023-11-19 14:27:57,102][__main__][INFO] - epoch: 450
[2023-11-19 14:27:57,578][__main__][INFO] - alignment: tensor([13.,  0.,  0.,  0.,  0.,  0.,  0.,  0.,  0.,  0.,  0.,  0.,  0.,  0.,
         0.])
[2023-11-19 14:27:57,578][__main__][INFO] - epoch: 460
[2023-11-19 14:27:58,056][__main__][INFO] - alignment: tensor([17.,  0.,  0.,  0.,  0.,  0.,  0.,  0.,  0.,  0.,  0.,  0.,  0.,  0.,
         0.])
[2023-11-19 14:27:58,056][__main__][INFO] - epoch: 470
[2023-11-19 14:27:58,536][__main__][INFO] - alignment: tensor([18.,  0.,  0.,  0.,  0.,  0.,  0.,  0.,  0.,  0.,  0.,  0.,  0.,  0.,
         0.])
[2023-11-19 14:27:58,536][__main__][INFO] - epoch: 480
[2023-11-19 14:27:59,009][__main__][INFO] - alignment: tensor([22.,  0.,  0.,  0.,  0.,  0.,  0.,  0.,  0.,  0.,  0.,  0.,  0.,  0.,
         0.])
[2023-11-19 14:27:59,010][__main__][INFO] - epoch: 490
[2023-11-19 14:27:59,482][__main__][INFO] - alignment: tensor([19.,  0.,  0.,  0.,  0.,  0.,  0.,  0.,  0.,  0.,  0.,  0.,  0.,  0.,
         0.])
[2023-11-19 14:27:59,482][__main__][INFO] - epoch: 500
[2023-11-19 14:27:59,958][__main__][INFO] - alignment: tensor([19.,  0.,  1.,  0.,  0.,  0.,  0.,  0.,  0.,  0.,  0.,  0.,  0.,  0.,
         0.])
[2023-11-19 14:27:59,958][__main__][INFO] - epoch: 510
[2023-11-19 14:28:00,433][__main__][INFO] - alignment: tensor([17.,  0.,  1.,  0.,  0.,  0.,  0.,  0.,  0.,  0.,  0.,  0.,  0.,  0.,
         0.])
[2023-11-19 14:28:00,433][__main__][INFO] - epoch: 520
[2023-11-19 14:28:00,906][__main__][INFO] - alignment: tensor([14.,  0.,  1.,  0.,  0.,  0.,  0.,  0.,  0.,  0.,  0.,  0.,  0.,  0.,
         0.])
[2023-11-19 14:28:00,906][__main__][INFO] - epoch: 530
[2023-11-19 14:28:01,382][__main__][INFO] - alignment: tensor([18.,  0.,  1.,  0.,  0.,  0.,  0.,  0.,  0.,  0.,  0.,  0.,  0.,  0.,
         0.])
[2023-11-19 14:28:01,382][__main__][INFO] - epoch: 540
[2023-11-19 14:28:01,855][__main__][INFO] - alignment: tensor([15.,  0.,  1.,  0.,  0.,  0.,  0.,  0.,  0.,  0.,  0.,  0.,  0.,  0.,
         0.])
[2023-11-19 14:28:01,855][__main__][INFO] - epoch: 550
[2023-11-19 14:28:02,334][__main__][INFO] - alignment: tensor([15.,  0.,  1.,  0.,  0.,  0.,  0.,  0.,  0.,  0.,  0.,  0.,  0.,  0.,
         0.])
[2023-11-19 14:28:02,335][__main__][INFO] - epoch: 560
[2023-11-19 14:28:02,809][__main__][INFO] - alignment: tensor([13.,  0.,  1.,  0.,  0.,  0.,  0.,  0.,  0.,  0.,  0.,  0.,  0.,  0.,
         0.])
[2023-11-19 14:28:02,809][__main__][INFO] - epoch: 570
[2023-11-19 14:28:03,287][__main__][INFO] - alignment: tensor([19.,  0.,  1.,  0.,  0.,  0.,  0.,  0.,  0.,  0.,  0.,  0.,  0.,  0.,
         0.])
[2023-11-19 14:28:03,288][__main__][INFO] - epoch: 580
[2023-11-19 14:28:03,770][__main__][INFO] - alignment: tensor([20.,  0.,  1.,  0.,  0.,  0.,  0.,  0.,  0.,  0.,  0.,  0.,  0.,  0.,
         0.])
[2023-11-19 14:28:03,771][__main__][INFO] - epoch: 590
[2023-11-19 14:28:04,249][__main__][INFO] - alignment: tensor([18.,  0.,  1.,  0.,  0.,  0.,  0.,  0.,  0.,  0.,  0.,  0.,  0.,  0.,
         0.])
[2023-11-19 14:28:04,249][__main__][INFO] - epoch: 600
[2023-11-19 14:28:04,732][__main__][INFO] - alignment: tensor([18.,  2.,  1.,  0.,  0.,  0.,  0.,  0.,  0.,  0.,  0.,  0.,  0.,  0.,
         0.])
[2023-11-19 14:28:04,732][__main__][INFO] - epoch: 610
[2023-11-19 14:28:05,214][__main__][INFO] - alignment: tensor([18.,  2.,  1.,  1.,  0.,  0.,  0.,  0.,  0.,  0.,  0.,  0.,  0.,  0.,
         0.])
[2023-11-19 14:28:05,215][__main__][INFO] - epoch: 620
[2023-11-19 14:28:05,691][__main__][INFO] - alignment: tensor([15.,  2.,  1.,  1.,  0.,  0.,  0.,  0.,  0.,  0.,  0.,  0.,  0.,  0.,
         0.])
[2023-11-19 14:28:05,691][__main__][INFO] - epoch: 630
[2023-11-19 14:28:06,172][__main__][INFO] - alignment: tensor([14.,  2.,  1.,  1.,  0.,  0.,  0.,  0.,  0.,  0.,  0.,  0.,  0.,  0.,
         0.])
[2023-11-19 14:28:06,172][__main__][INFO] - epoch: 640
[2023-11-19 14:28:06,660][__main__][INFO] - alignment: tensor([11.,  2.,  1.,  1.,  0.,  0.,  0.,  0.,  0.,  1.,  0.,  0.,  0.,  0.,
         0.])
[2023-11-19 14:28:06,660][__main__][INFO] - epoch: 650
[2023-11-19 14:28:07,137][__main__][INFO] - alignment: tensor([11.,  1.,  1.,  1.,  1.,  0.,  0.,  1.,  0.,  1.,  0.,  0.,  0.,  0.,
         0.])
[2023-11-19 14:28:07,137][__main__][INFO] - epoch: 660
[2023-11-19 14:28:07,618][__main__][INFO] - alignment: tensor([11.,  3.,  1.,  1.,  1.,  0.,  0.,  1.,  0.,  1.,  0.,  0.,  0.,  0.,
         0.])
[2023-11-19 14:28:07,618][__main__][INFO] - epoch: 670
[2023-11-19 14:28:08,093][__main__][INFO] - alignment: tensor([10.,  1.,  1.,  1.,  0.,  0.,  0.,  1.,  0.,  1.,  0.,  0.,  0.,  0.,
         0.])
[2023-11-19 14:28:08,094][__main__][INFO] - epoch: 680
[2023-11-19 14:28:08,573][__main__][INFO] - alignment: tensor([10.,  1.,  1.,  1.,  1.,  0.,  0.,  1.,  0.,  1.,  0.,  0.,  0.,  0.,
         0.])
[2023-11-19 14:28:08,573][__main__][INFO] - epoch: 690
[2023-11-19 14:28:09,050][__main__][INFO] - alignment: tensor([10.,  3.,  2.,  1.,  1.,  0.,  0.,  1.,  0.,  1.,  0.,  0.,  0.,  0.,
         0.])
[2023-11-19 14:28:09,050][__main__][INFO] - feat_thresh: 0.2
[2023-11-19 14:28:09,050][__main__][INFO] - epoch: 0
[2023-11-19 14:28:09,523][__main__][INFO] - alignment: tensor([0., 0., 0., 0., 0., 0., 0., 0., 0., 0., 0., 0., 0., 0., 0.])
[2023-11-19 14:28:09,523][__main__][INFO] - epoch: 10
[2023-11-19 14:28:09,995][__main__][INFO] - alignment: tensor([0., 0., 0., 0., 0., 0., 0., 0., 0., 0., 0., 0., 0., 0., 0.])
[2023-11-19 14:28:09,996][__main__][INFO] - epoch: 20
[2023-11-19 14:28:10,473][__main__][INFO] - alignment: tensor([0., 0., 0., 0., 0., 0., 0., 0., 0., 0., 0., 0., 0., 0., 0.])
[2023-11-19 14:28:10,473][__main__][INFO] - epoch: 30
[2023-11-19 14:28:10,955][__main__][INFO] - alignment: tensor([0., 0., 0., 0., 0., 0., 0., 0., 0., 0., 0., 0., 0., 0., 0.])
[2023-11-19 14:28:10,955][__main__][INFO] - epoch: 40
[2023-11-19 14:28:11,447][__main__][INFO] - alignment: tensor([0., 0., 0., 0., 0., 0., 0., 0., 0., 0., 0., 0., 0., 0., 0.])
[2023-11-19 14:28:11,448][__main__][INFO] - epoch: 50
[2023-11-19 14:28:11,927][__main__][INFO] - alignment: tensor([0., 0., 0., 0., 0., 0., 0., 0., 0., 0., 0., 0., 0., 0., 0.])
[2023-11-19 14:28:11,927][__main__][INFO] - epoch: 60
[2023-11-19 14:28:12,408][__main__][INFO] - alignment: tensor([0., 0., 0., 0., 0., 0., 0., 0., 0., 0., 0., 0., 0., 0., 0.])
[2023-11-19 14:28:12,408][__main__][INFO] - epoch: 70
[2023-11-19 14:28:12,887][__main__][INFO] - alignment: tensor([0., 0., 0., 0., 0., 0., 0., 0., 0., 0., 0., 0., 0., 0., 0.])
[2023-11-19 14:28:12,887][__main__][INFO] - epoch: 80
[2023-11-19 14:28:13,367][__main__][INFO] - alignment: tensor([0., 0., 0., 0., 0., 0., 0., 0., 0., 0., 0., 0., 0., 0., 0.])
[2023-11-19 14:28:13,367][__main__][INFO] - epoch: 90
[2023-11-19 14:28:13,845][__main__][INFO] - alignment: tensor([0., 0., 0., 0., 0., 0., 0., 0., 0., 0., 0., 0., 0., 0., 0.])
[2023-11-19 14:28:13,845][__main__][INFO] - epoch: 100
[2023-11-19 14:28:14,324][__main__][INFO] - alignment: tensor([0., 0., 0., 0., 0., 0., 0., 0., 0., 0., 0., 0., 0., 0., 0.])
[2023-11-19 14:28:14,324][__main__][INFO] - epoch: 110
[2023-11-19 14:28:14,807][__main__][INFO] - alignment: tensor([0., 0., 0., 0., 0., 0., 0., 0., 0., 0., 0., 0., 0., 0., 0.])
[2023-11-19 14:28:14,807][__main__][INFO] - epoch: 120
[2023-11-19 14:28:15,286][__main__][INFO] - alignment: tensor([0., 0., 0., 0., 0., 0., 0., 0., 0., 0., 0., 0., 0., 0., 0.])
[2023-11-19 14:28:15,286][__main__][INFO] - epoch: 130
[2023-11-19 14:28:15,766][__main__][INFO] - alignment: tensor([0., 0., 0., 0., 0., 0., 0., 0., 0., 0., 0., 0., 0., 0., 0.])
[2023-11-19 14:28:15,766][__main__][INFO] - epoch: 140
[2023-11-19 14:28:16,243][__main__][INFO] - alignment: tensor([0., 0., 0., 0., 0., 0., 0., 0., 0., 0., 0., 0., 0., 0., 0.])
[2023-11-19 14:28:16,243][__main__][INFO] - epoch: 150
[2023-11-19 14:28:16,723][__main__][INFO] - alignment: tensor([0., 0., 0., 0., 0., 0., 0., 0., 0., 0., 0., 0., 0., 0., 0.])
[2023-11-19 14:28:16,723][__main__][INFO] - epoch: 160
[2023-11-19 14:28:17,202][__main__][INFO] - alignment: tensor([0., 0., 0., 0., 0., 0., 0., 0., 0., 0., 0., 0., 0., 0., 0.])
[2023-11-19 14:28:17,202][__main__][INFO] - epoch: 170
[2023-11-19 14:28:17,688][__main__][INFO] - alignment: tensor([0., 0., 0., 0., 0., 0., 0., 0., 0., 0., 0., 0., 0., 0., 0.])
[2023-11-19 14:28:17,688][__main__][INFO] - epoch: 180
[2023-11-19 14:28:18,164][__main__][INFO] - alignment: tensor([0., 0., 0., 0., 0., 0., 0., 0., 0., 0., 0., 0., 0., 0., 0.])
[2023-11-19 14:28:18,164][__main__][INFO] - epoch: 190
[2023-11-19 14:28:18,640][__main__][INFO] - alignment: tensor([0., 0., 0., 0., 0., 0., 0., 0., 0., 0., 0., 0., 0., 0., 0.])
[2023-11-19 14:28:18,641][__main__][INFO] - epoch: 200
[2023-11-19 14:28:19,128][__main__][INFO] - alignment: tensor([0., 0., 0., 0., 0., 0., 0., 0., 0., 0., 0., 0., 0., 0., 0.])
[2023-11-19 14:28:19,128][__main__][INFO] - epoch: 210
[2023-11-19 14:28:19,609][__main__][INFO] - alignment: tensor([0., 0., 0., 0., 0., 0., 0., 0., 0., 0., 0., 0., 0., 0., 0.])
[2023-11-19 14:28:19,609][__main__][INFO] - epoch: 220
[2023-11-19 14:28:20,087][__main__][INFO] - alignment: tensor([0., 0., 0., 0., 0., 0., 0., 0., 0., 0., 0., 0., 0., 0., 0.])
[2023-11-19 14:28:20,088][__main__][INFO] - epoch: 230
[2023-11-19 14:28:20,566][__main__][INFO] - alignment: tensor([0., 0., 0., 0., 0., 0., 0., 0., 0., 0., 0., 0., 0., 0., 0.])
[2023-11-19 14:28:20,566][__main__][INFO] - epoch: 240
[2023-11-19 14:28:21,046][__main__][INFO] - alignment: tensor([0., 0., 0., 0., 0., 0., 0., 0., 0., 0., 0., 0., 0., 0., 0.])
[2023-11-19 14:28:21,046][__main__][INFO] - epoch: 250
[2023-11-19 14:28:21,529][__main__][INFO] - alignment: tensor([0., 0., 0., 0., 0., 0., 0., 0., 0., 0., 0., 0., 0., 0., 0.])
[2023-11-19 14:28:21,529][__main__][INFO] - epoch: 260
[2023-11-19 14:28:22,009][__main__][INFO] - alignment: tensor([2., 0., 0., 0., 0., 0., 0., 0., 0., 0., 0., 0., 0., 0., 0.])
[2023-11-19 14:28:22,009][__main__][INFO] - epoch: 270
[2023-11-19 14:28:22,493][__main__][INFO] - alignment: tensor([2., 0., 0., 0., 0., 0., 0., 0., 0., 0., 0., 0., 0., 0., 0.])
[2023-11-19 14:28:22,493][__main__][INFO] - epoch: 280
[2023-11-19 14:28:22,968][__main__][INFO] - alignment: tensor([4., 0., 0., 0., 0., 0., 0., 0., 0., 0., 0., 0., 0., 0., 0.])
[2023-11-19 14:28:22,968][__main__][INFO] - epoch: 290
[2023-11-19 14:28:23,455][__main__][INFO] - alignment: tensor([9., 0., 0., 0., 0., 0., 0., 0., 0., 0., 0., 0., 0., 0., 0.])
[2023-11-19 14:28:23,455][__main__][INFO] - epoch: 300
[2023-11-19 14:28:23,938][__main__][INFO] - alignment: tensor([20.,  0.,  0.,  0.,  0.,  0.,  0.,  0.,  0.,  0.,  0.,  0.,  0.,  0.,
         0.])
[2023-11-19 14:28:23,938][__main__][INFO] - epoch: 310
[2023-11-19 14:28:24,421][__main__][INFO] - alignment: tensor([29.,  0.,  0.,  0.,  0.,  0.,  0.,  0.,  0.,  0.,  0.,  0.,  0.,  0.,
         0.])
[2023-11-19 14:28:24,421][__main__][INFO] - epoch: 320
[2023-11-19 14:28:24,898][__main__][INFO] - alignment: tensor([33.,  0.,  0.,  0.,  0.,  0.,  0.,  0.,  0.,  0.,  0.,  0.,  0.,  0.,
         0.])
[2023-11-19 14:28:24,898][__main__][INFO] - epoch: 330
[2023-11-19 14:28:25,363][__main__][INFO] - alignment: tensor([37.,  0.,  0.,  0.,  0.,  0.,  0.,  0.,  0.,  0.,  0.,  0.,  0.,  0.,
         0.])
[2023-11-19 14:28:25,363][__main__][INFO] - epoch: 340
[2023-11-19 14:28:25,835][__main__][INFO] - alignment: tensor([40.,  0.,  0.,  0.,  0.,  0.,  0.,  0.,  0.,  0.,  0.,  0.,  0.,  0.,
         0.])
[2023-11-19 14:28:25,835][__main__][INFO] - epoch: 350
[2023-11-19 14:28:26,305][__main__][INFO] - alignment: tensor([45.,  0.,  0.,  0.,  0.,  0.,  0.,  0.,  0.,  0.,  0.,  0.,  0.,  0.,
         0.])
[2023-11-19 14:28:26,306][__main__][INFO] - epoch: 360
[2023-11-19 14:28:26,773][__main__][INFO] - alignment: tensor([50.,  0.,  0.,  0.,  0.,  0.,  0.,  0.,  0.,  0.,  0.,  0.,  0.,  0.,
         0.])
[2023-11-19 14:28:26,774][__main__][INFO] - epoch: 370
[2023-11-19 14:28:27,251][__main__][INFO] - alignment: tensor([53.,  0.,  0.,  0.,  0.,  0.,  0.,  0.,  0.,  0.,  0.,  0.,  0.,  0.,
         0.])
[2023-11-19 14:28:27,251][__main__][INFO] - epoch: 380
[2023-11-19 14:28:27,725][__main__][INFO] - alignment: tensor([58.,  0.,  0.,  0.,  0.,  0.,  0.,  0.,  0.,  0.,  0.,  0.,  0.,  0.,
         0.])
[2023-11-19 14:28:27,725][__main__][INFO] - epoch: 390
[2023-11-19 14:28:28,201][__main__][INFO] - alignment: tensor([62.,  0.,  0.,  0.,  0.,  0.,  0.,  0.,  0.,  0.,  0.,  0.,  0.,  0.,
         0.])
[2023-11-19 14:28:28,201][__main__][INFO] - epoch: 400
[2023-11-19 14:28:28,670][__main__][INFO] - alignment: tensor([64.,  0.,  0.,  0.,  0.,  0.,  0.,  0.,  0.,  0.,  0.,  0.,  0.,  0.,
         0.])
[2023-11-19 14:28:28,670][__main__][INFO] - epoch: 410
[2023-11-19 14:28:29,138][__main__][INFO] - alignment: tensor([71.,  0.,  0.,  0.,  0.,  0.,  0.,  0.,  0.,  0.,  0.,  0.,  0.,  0.,
         0.])
[2023-11-19 14:28:29,138][__main__][INFO] - epoch: 420
[2023-11-19 14:28:29,615][__main__][INFO] - alignment: tensor([77.,  0.,  0.,  0.,  0.,  0.,  0.,  0.,  0.,  0.,  0.,  0.,  0.,  0.,
         0.])
[2023-11-19 14:28:29,615][__main__][INFO] - epoch: 430
[2023-11-19 14:28:30,084][__main__][INFO] - alignment: tensor([82.,  0.,  0.,  0.,  0.,  0.,  0.,  0.,  0.,  0.,  0.,  0.,  0.,  0.,
         0.])
[2023-11-19 14:28:30,084][__main__][INFO] - epoch: 440
[2023-11-19 14:28:30,555][__main__][INFO] - alignment: tensor([96.,  0.,  0.,  0.,  0.,  0.,  0.,  0.,  0.,  0.,  0.,  0.,  0.,  0.,
         0.])
[2023-11-19 14:28:30,555][__main__][INFO] - epoch: 450
[2023-11-19 14:28:31,028][__main__][INFO] - alignment: tensor([93.,  0.,  0.,  0.,  0.,  0.,  0.,  0.,  0.,  0.,  0.,  0.,  0.,  0.,
         0.])
[2023-11-19 14:28:31,029][__main__][INFO] - epoch: 460
[2023-11-19 14:28:31,507][__main__][INFO] - alignment: tensor([92.,  0.,  0.,  0.,  0.,  0.,  0.,  0.,  0.,  0.,  0.,  0.,  0.,  0.,
         0.])
[2023-11-19 14:28:31,507][__main__][INFO] - epoch: 470
[2023-11-19 14:28:31,978][__main__][INFO] - alignment: tensor([89.,  0.,  0.,  0.,  0.,  0.,  0.,  0.,  0.,  0.,  0.,  0.,  0.,  0.,
         0.])
[2023-11-19 14:28:31,978][__main__][INFO] - epoch: 480
[2023-11-19 14:28:32,454][__main__][INFO] - alignment: tensor([88.,  0.,  0.,  0.,  0.,  0.,  0.,  0.,  0.,  0.,  0.,  0.,  0.,  0.,
         0.])
[2023-11-19 14:28:32,454][__main__][INFO] - epoch: 490
[2023-11-19 14:28:32,926][__main__][INFO] - alignment: tensor([74.,  0.,  2.,  0.,  0.,  0.,  0.,  0.,  0.,  0.,  0.,  0.,  0.,  0.,
         0.])
[2023-11-19 14:28:32,926][__main__][INFO] - epoch: 500
[2023-11-19 14:28:33,394][__main__][INFO] - alignment: tensor([63.,  0.,  1.,  0.,  0.,  0.,  0.,  0.,  0.,  0.,  0.,  0.,  0.,  0.,
         0.])
[2023-11-19 14:28:33,394][__main__][INFO] - epoch: 510
[2023-11-19 14:28:33,868][__main__][INFO] - alignment: tensor([55.,  0.,  2.,  0.,  0.,  0.,  0.,  0.,  0.,  0.,  0.,  0.,  0.,  0.,
         0.])
[2023-11-19 14:28:33,868][__main__][INFO] - epoch: 520
[2023-11-19 14:28:34,340][__main__][INFO] - alignment: tensor([52.,  0.,  2.,  0.,  0.,  0.,  0.,  0.,  0.,  0.,  0.,  0.,  0.,  0.,
         0.])
[2023-11-19 14:28:34,340][__main__][INFO] - epoch: 530
[2023-11-19 14:28:34,814][__main__][INFO] - alignment: tensor([55.,  0.,  2.,  0.,  0.,  0.,  0.,  0.,  0.,  0.,  0.,  0.,  0.,  0.,
         0.])
[2023-11-19 14:28:34,814][__main__][INFO] - epoch: 540
[2023-11-19 14:28:35,284][__main__][INFO] - alignment: tensor([58.,  0.,  2.,  0.,  0.,  0.,  0.,  0.,  0.,  0.,  0.,  0.,  0.,  0.,
         0.])
[2023-11-19 14:28:35,284][__main__][INFO] - epoch: 550
[2023-11-19 14:28:35,762][__main__][INFO] - alignment: tensor([54.,  0.,  1.,  0.,  0.,  0.,  0.,  0.,  0.,  0.,  0.,  0.,  0.,  0.,
         0.])
[2023-11-19 14:28:35,762][__main__][INFO] - epoch: 560
[2023-11-19 14:28:36,234][__main__][INFO] - alignment: tensor([48.,  0.,  1.,  0.,  0.,  0.,  0.,  0.,  0.,  0.,  0.,  0.,  1.,  0.,
         0.])
[2023-11-19 14:28:36,234][__main__][INFO] - epoch: 570
[2023-11-19 14:28:36,706][__main__][INFO] - alignment: tensor([43.,  0.,  1.,  0.,  0.,  0.,  0.,  0.,  0.,  0.,  0.,  0.,  1.,  0.,
         0.])
[2023-11-19 14:28:36,706][__main__][INFO] - epoch: 580
[2023-11-19 14:28:37,182][__main__][INFO] - alignment: tensor([42.,  0.,  1.,  0.,  0.,  0.,  0.,  0.,  0.,  0.,  0.,  0.,  1.,  0.,
         0.])
[2023-11-19 14:28:37,182][__main__][INFO] - epoch: 590
[2023-11-19 14:28:37,668][__main__][INFO] - alignment: tensor([37.,  0.,  1.,  1.,  0.,  0.,  0.,  0.,  0.,  0.,  0.,  0.,  1.,  0.,
         0.])
[2023-11-19 14:28:37,668][__main__][INFO] - epoch: 600
[2023-11-19 14:28:38,149][__main__][INFO] - alignment: tensor([38.,  2.,  1.,  1.,  0.,  0.,  0.,  0.,  0.,  0.,  0.,  0.,  1.,  0.,
         0.])
[2023-11-19 14:28:38,149][__main__][INFO] - epoch: 610
[2023-11-19 14:28:38,627][__main__][INFO] - alignment: tensor([34.,  3.,  1.,  1.,  0.,  0.,  0.,  0.,  0.,  0.,  0.,  0.,  1.,  0.,
         0.])
[2023-11-19 14:28:38,627][__main__][INFO] - epoch: 620
[2023-11-19 14:28:39,099][__main__][INFO] - alignment: tensor([35.,  4.,  1.,  1.,  0.,  0.,  0.,  1.,  0.,  0.,  0.,  0.,  1.,  0.,
         0.])
[2023-11-19 14:28:39,099][__main__][INFO] - epoch: 630
[2023-11-19 14:28:39,571][__main__][INFO] - alignment: tensor([33.,  4.,  1.,  1.,  1.,  0.,  0.,  1.,  0.,  1.,  0.,  0.,  1.,  0.,
         0.])
[2023-11-19 14:28:39,571][__main__][INFO] - epoch: 640
[2023-11-19 14:28:40,048][__main__][INFO] - alignment: tensor([26.,  4.,  1.,  1.,  1.,  0.,  0.,  1.,  0.,  1.,  0.,  0.,  1.,  0.,
         0.])
[2023-11-19 14:28:40,048][__main__][INFO] - epoch: 650
[2023-11-19 14:28:40,523][__main__][INFO] - alignment: tensor([25.,  4.,  1.,  1.,  1.,  0.,  0.,  1.,  0.,  1.,  0.,  0.,  1.,  0.,
         0.])
[2023-11-19 14:28:40,523][__main__][INFO] - epoch: 660
[2023-11-19 14:28:40,998][__main__][INFO] - alignment: tensor([23.,  4.,  1.,  1.,  1.,  0.,  0.,  1.,  0.,  1.,  0.,  0.,  1.,  1.,
         0.])
[2023-11-19 14:28:40,998][__main__][INFO] - epoch: 670
[2023-11-19 14:28:41,469][__main__][INFO] - alignment: tensor([20.,  4.,  3.,  1.,  1.,  0.,  0.,  1.,  0.,  1.,  0.,  0.,  1.,  1.,
         1.])
[2023-11-19 14:28:41,469][__main__][INFO] - epoch: 680
[2023-11-19 14:28:41,941][__main__][INFO] - alignment: tensor([19.,  4.,  3.,  1.,  1.,  0.,  0.,  1.,  0.,  1.,  0.,  0.,  1.,  1.,
         1.])
[2023-11-19 14:28:41,941][__main__][INFO] - epoch: 690
[2023-11-19 14:28:42,415][__main__][INFO] - alignment: tensor([18.,  4.,  4.,  1.,  1.,  0.,  0.,  1.,  0.,  1.,  0.,  0.,  1.,  1.,
         1.])
[2023-11-19 14:28:42,415][__main__][INFO] - feat_thresh: 0.3
[2023-11-19 14:28:42,415][__main__][INFO] - epoch: 0
[2023-11-19 14:28:42,893][__main__][INFO] - alignment: tensor([0., 0., 0., 0., 0., 0., 0., 0., 0., 0., 0., 0., 0., 0., 0.])
[2023-11-19 14:28:42,893][__main__][INFO] - epoch: 10
[2023-11-19 14:28:43,365][__main__][INFO] - alignment: tensor([0., 0., 0., 0., 0., 0., 0., 0., 0., 0., 0., 0., 0., 0., 0.])
[2023-11-19 14:28:43,365][__main__][INFO] - epoch: 20
[2023-11-19 14:28:43,836][__main__][INFO] - alignment: tensor([0., 0., 0., 0., 0., 0., 0., 0., 0., 0., 0., 0., 0., 0., 0.])
[2023-11-19 14:28:43,836][__main__][INFO] - epoch: 30
[2023-11-19 14:28:44,306][__main__][INFO] - alignment: tensor([0., 0., 0., 0., 0., 0., 0., 0., 0., 0., 0., 0., 0., 0., 0.])
[2023-11-19 14:28:44,306][__main__][INFO] - epoch: 40
[2023-11-19 14:28:44,786][__main__][INFO] - alignment: tensor([0., 0., 0., 0., 0., 0., 0., 0., 0., 0., 0., 0., 0., 0., 0.])
[2023-11-19 14:28:44,787][__main__][INFO] - epoch: 50
[2023-11-19 14:28:45,255][__main__][INFO] - alignment: tensor([0., 0., 0., 0., 0., 0., 0., 0., 0., 0., 0., 0., 0., 0., 0.])
[2023-11-19 14:28:45,255][__main__][INFO] - epoch: 60
[2023-11-19 14:28:45,720][__main__][INFO] - alignment: tensor([0., 0., 0., 0., 0., 0., 0., 0., 0., 0., 0., 0., 0., 0., 0.])
[2023-11-19 14:28:45,720][__main__][INFO] - epoch: 70
[2023-11-19 14:28:46,185][__main__][INFO] - alignment: tensor([0., 0., 0., 0., 0., 0., 0., 0., 0., 0., 0., 0., 0., 0., 0.])
[2023-11-19 14:28:46,185][__main__][INFO] - epoch: 80
[2023-11-19 14:28:46,655][__main__][INFO] - alignment: tensor([0., 0., 0., 0., 0., 0., 0., 0., 0., 0., 0., 0., 0., 0., 0.])
[2023-11-19 14:28:46,655][__main__][INFO] - epoch: 90
[2023-11-19 14:28:47,127][__main__][INFO] - alignment: tensor([0., 0., 0., 0., 0., 0., 0., 0., 0., 0., 0., 0., 0., 0., 0.])
[2023-11-19 14:28:47,127][__main__][INFO] - epoch: 100
[2023-11-19 14:28:47,599][__main__][INFO] - alignment: tensor([0., 0., 0., 0., 0., 0., 0., 0., 0., 0., 0., 0., 0., 0., 0.])
[2023-11-19 14:28:47,599][__main__][INFO] - epoch: 110
[2023-11-19 14:28:48,077][__main__][INFO] - alignment: tensor([0., 0., 0., 0., 0., 0., 0., 0., 0., 0., 0., 0., 0., 0., 0.])
[2023-11-19 14:28:48,077][__main__][INFO] - epoch: 120
[2023-11-19 14:28:48,554][__main__][INFO] - alignment: tensor([0., 0., 0., 0., 0., 0., 0., 0., 0., 0., 0., 0., 0., 0., 0.])
[2023-11-19 14:28:48,554][__main__][INFO] - epoch: 130
[2023-11-19 14:28:49,028][__main__][INFO] - alignment: tensor([0., 0., 0., 0., 0., 0., 0., 0., 0., 0., 0., 0., 0., 0., 0.])
[2023-11-19 14:28:49,028][__main__][INFO] - epoch: 140
[2023-11-19 14:28:49,498][__main__][INFO] - alignment: tensor([0., 0., 0., 0., 0., 0., 0., 0., 0., 0., 0., 0., 0., 0., 0.])
[2023-11-19 14:28:49,498][__main__][INFO] - epoch: 150
[2023-11-19 14:28:49,968][__main__][INFO] - alignment: tensor([0., 0., 0., 0., 0., 0., 0., 0., 0., 0., 0., 0., 0., 0., 0.])
[2023-11-19 14:28:49,968][__main__][INFO] - epoch: 160
[2023-11-19 14:28:50,438][__main__][INFO] - alignment: tensor([0., 0., 0., 0., 0., 0., 0., 0., 0., 0., 0., 0., 0., 0., 0.])
[2023-11-19 14:28:50,438][__main__][INFO] - epoch: 170
[2023-11-19 14:28:50,910][__main__][INFO] - alignment: tensor([0., 0., 0., 0., 0., 0., 0., 0., 0., 0., 0., 0., 0., 0., 0.])
[2023-11-19 14:28:50,910][__main__][INFO] - epoch: 180
[2023-11-19 14:28:51,380][__main__][INFO] - alignment: tensor([0., 0., 0., 0., 0., 0., 0., 0., 0., 0., 0., 0., 0., 0., 0.])
[2023-11-19 14:28:51,380][__main__][INFO] - epoch: 190
[2023-11-19 14:28:51,850][__main__][INFO] - alignment: tensor([0., 0., 0., 0., 0., 0., 0., 0., 0., 0., 0., 0., 0., 0., 0.])
[2023-11-19 14:28:51,850][__main__][INFO] - epoch: 200
[2023-11-19 14:28:52,323][__main__][INFO] - alignment: tensor([0., 0., 0., 0., 0., 0., 0., 0., 0., 0., 0., 0., 0., 0., 0.])
[2023-11-19 14:28:52,323][__main__][INFO] - epoch: 210
[2023-11-19 14:28:52,795][__main__][INFO] - alignment: tensor([0., 0., 0., 0., 0., 0., 0., 0., 0., 0., 0., 0., 0., 0., 0.])
[2023-11-19 14:28:52,796][__main__][INFO] - epoch: 220
[2023-11-19 14:28:53,271][__main__][INFO] - alignment: tensor([0., 0., 0., 0., 0., 0., 0., 0., 0., 0., 0., 0., 0., 0., 0.])
[2023-11-19 14:28:53,271][__main__][INFO] - epoch: 230
[2023-11-19 14:28:53,739][__main__][INFO] - alignment: tensor([0., 0., 0., 0., 0., 0., 0., 0., 0., 0., 0., 0., 0., 0., 0.])
[2023-11-19 14:28:53,739][__main__][INFO] - epoch: 240
[2023-11-19 14:28:54,207][__main__][INFO] - alignment: tensor([0., 0., 0., 0., 0., 0., 0., 0., 0., 0., 0., 0., 0., 0., 0.])
[2023-11-19 14:28:54,207][__main__][INFO] - epoch: 250
[2023-11-19 14:28:54,674][__main__][INFO] - alignment: tensor([2., 0., 0., 0., 0., 0., 0., 0., 0., 0., 0., 0., 0., 0., 0.])
[2023-11-19 14:28:54,675][__main__][INFO] - epoch: 260
[2023-11-19 14:28:55,139][__main__][INFO] - alignment: tensor([9., 0., 0., 0., 0., 0., 0., 0., 0., 0., 0., 0., 0., 0., 0.])
[2023-11-19 14:28:55,140][__main__][INFO] - epoch: 270
[2023-11-19 14:28:55,613][__main__][INFO] - alignment: tensor([29.,  0.,  0.,  0.,  0.,  0.,  0.,  0.,  0.,  0.,  0.,  0.,  0.,  0.,
         0.])
[2023-11-19 14:28:55,613][__main__][INFO] - epoch: 280
[2023-11-19 14:28:56,080][__main__][INFO] - alignment: tensor([50.,  0.,  0.,  0.,  0.,  0.,  0.,  0.,  0.,  0.,  0.,  0.,  0.,  0.,
         0.])
[2023-11-19 14:28:56,080][__main__][INFO] - epoch: 290
[2023-11-19 14:28:56,560][__main__][INFO] - alignment: tensor([78.,  0.,  0.,  0.,  0.,  0.,  0.,  0.,  0.,  0.,  0.,  0.,  0.,  0.,
         0.])
[2023-11-19 14:28:56,560][__main__][INFO] - epoch: 300
[2023-11-19 14:28:57,028][__main__][INFO] - alignment: tensor([105.,   0.,   0.,   0.,   0.,   0.,   0.,   0.,   0.,   0.,   0.,   0.,
          0.,   0.,   0.])
[2023-11-19 14:28:57,028][__main__][INFO] - epoch: 310
[2023-11-19 14:28:57,498][__main__][INFO] - alignment: tensor([120.,   0.,   0.,   0.,   0.,   0.,   0.,   0.,   0.,   0.,   0.,   0.,
          0.,   0.,   0.])
[2023-11-19 14:28:57,499][__main__][INFO] - epoch: 320
[2023-11-19 14:28:57,971][__main__][INFO] - alignment: tensor([133.,   0.,   0.,   0.,   0.,   0.,   0.,   0.,   0.,   0.,   0.,   0.,
          0.,   0.,   0.])
[2023-11-19 14:28:57,971][__main__][INFO] - epoch: 330
[2023-11-19 14:28:58,447][__main__][INFO] - alignment: tensor([141.,   0.,   0.,   0.,   0.,   0.,   0.,   0.,   0.,   0.,   0.,   0.,
          0.,   0.,   0.])
[2023-11-19 14:28:58,447][__main__][INFO] - epoch: 340
[2023-11-19 14:28:58,914][__main__][INFO] - alignment: tensor([145.,   0.,   0.,   0.,   0.,   0.,   0.,   0.,   0.,   0.,   0.,   0.,
          0.,   0.,   0.])
[2023-11-19 14:28:58,914][__main__][INFO] - epoch: 350
[2023-11-19 14:28:59,386][__main__][INFO] - alignment: tensor([148.,   0.,   0.,   0.,   0.,   0.,   0.,   0.,   0.,   0.,   0.,   0.,
          0.,   0.,   0.])
[2023-11-19 14:28:59,386][__main__][INFO] - epoch: 360
[2023-11-19 14:28:59,853][__main__][INFO] - alignment: tensor([157.,   0.,   0.,   0.,   0.,   0.,   0.,   0.,   0.,   0.,   0.,   0.,
          0.,   0.,   0.])
[2023-11-19 14:28:59,853][__main__][INFO] - epoch: 370
[2023-11-19 14:29:00,326][__main__][INFO] - alignment: tensor([157.,   0.,   0.,   0.,   0.,   0.,   0.,   0.,   0.,   0.,   0.,   0.,
          0.,   0.,   0.])
[2023-11-19 14:29:00,326][__main__][INFO] - epoch: 380
[2023-11-19 14:29:00,803][__main__][INFO] - alignment: tensor([160.,   0.,   0.,   0.,   0.,   0.,   0.,   0.,   0.,   0.,   0.,   0.,
          0.,   0.,   0.])
[2023-11-19 14:29:00,803][__main__][INFO] - epoch: 390
[2023-11-19 14:29:01,271][__main__][INFO] - alignment: tensor([160.,   0.,   0.,   0.,   0.,   0.,   0.,   0.,   0.,   0.,   0.,   0.,
          0.,   0.,   0.])
[2023-11-19 14:29:01,271][__main__][INFO] - epoch: 400
[2023-11-19 14:29:01,737][__main__][INFO] - alignment: tensor([159.,   0.,   0.,   0.,   0.,   0.,   0.,   0.,   0.,   0.,   0.,   0.,
          0.,   0.,   0.])
[2023-11-19 14:29:01,737][__main__][INFO] - epoch: 410
[2023-11-19 14:29:02,211][__main__][INFO] - alignment: tensor([165.,   0.,   0.,   0.,   0.,   0.,   0.,   0.,   0.,   0.,   0.,   0.,
          0.,   0.,   0.])
[2023-11-19 14:29:02,211][__main__][INFO] - epoch: 420
[2023-11-19 14:29:02,687][__main__][INFO] - alignment: tensor([166.,   0.,   0.,   0.,   0.,   0.,   0.,   0.,   0.,   0.,   0.,   0.,
          0.,   0.,   0.])
[2023-11-19 14:29:02,687][__main__][INFO] - epoch: 430
[2023-11-19 14:29:03,157][__main__][INFO] - alignment: tensor([159.,   0.,   0.,   0.,   0.,   0.,   0.,   0.,   0.,   0.,   0.,   0.,
          0.,   0.,   0.])
[2023-11-19 14:29:03,158][__main__][INFO] - epoch: 440
[2023-11-19 14:29:03,630][__main__][INFO] - alignment: tensor([167.,   0.,   0.,   0.,   0.,   0.,   0.,   0.,   0.,   0.,   0.,   0.,
          0.,   0.,   0.])
[2023-11-19 14:29:03,630][__main__][INFO] - epoch: 450
[2023-11-19 14:29:04,100][__main__][INFO] - alignment: tensor([165.,   0.,   0.,   0.,   0.,   0.,   0.,   0.,   0.,   0.,   0.,   0.,
          0.,   0.,   0.])
[2023-11-19 14:29:04,100][__main__][INFO] - epoch: 460
[2023-11-19 14:29:04,580][__main__][INFO] - alignment: tensor([167.,   0.,   0.,   0.,   0.,   0.,   0.,   0.,   0.,   0.,   0.,   0.,
          0.,   0.,   0.])
[2023-11-19 14:29:04,580][__main__][INFO] - epoch: 470
[2023-11-19 14:29:05,059][__main__][INFO] - alignment: tensor([155.,   0.,   0.,   0.,   0.,   0.,   0.,   0.,   0.,   0.,   0.,   0.,
          0.,   0.,   0.])
[2023-11-19 14:29:05,059][__main__][INFO] - epoch: 480
[2023-11-19 14:29:05,540][__main__][INFO] - alignment: tensor([152.,   0.,   1.,   0.,   0.,   0.,   0.,   0.,   0.,   0.,   0.,   0.,
          0.,   0.,   0.])
[2023-11-19 14:29:05,540][__main__][INFO] - epoch: 490
[2023-11-19 14:29:06,020][__main__][INFO] - alignment: tensor([137.,   0.,   4.,   0.,   0.,   0.,   0.,   0.,   0.,   0.,   0.,   0.,
          0.,   0.,   0.])
[2023-11-19 14:29:06,020][__main__][INFO] - epoch: 500
[2023-11-19 14:29:06,506][__main__][INFO] - alignment: tensor([123.,   0.,   5.,   0.,   0.,   0.,   0.,   0.,   0.,   0.,   0.,   0.,
          0.,   0.,   0.])
[2023-11-19 14:29:06,506][__main__][INFO] - epoch: 510
[2023-11-19 14:29:06,990][__main__][INFO] - alignment: tensor([110.,   0.,   5.,   0.,   0.,   0.,   0.,   0.,   0.,   0.,   0.,   0.,
          0.,   0.,   0.])
[2023-11-19 14:29:06,990][__main__][INFO] - epoch: 520
[2023-11-19 14:29:07,474][__main__][INFO] - alignment: tensor([102.,   0.,   7.,   0.,   0.,   0.,   0.,   0.,   0.,   0.,   0.,   0.,
          0.,   0.,   0.])
[2023-11-19 14:29:07,475][__main__][INFO] - epoch: 530
[2023-11-19 14:29:07,960][__main__][INFO] - alignment: tensor([109.,   0.,   7.,   0.,   0.,   0.,   0.,   0.,   0.,   0.,   0.,   0.,
          0.,   0.,   0.])
[2023-11-19 14:29:07,960][__main__][INFO] - epoch: 540
[2023-11-19 14:29:08,455][__main__][INFO] - alignment: tensor([104.,   0.,  11.,   0.,   0.,   0.,   0.,   0.,   0.,   0.,   0.,   0.,
          0.,   0.,   0.])
[2023-11-19 14:29:08,455][__main__][INFO] - epoch: 550
[2023-11-19 14:29:08,941][__main__][INFO] - alignment: tensor([99.,  0.,  6.,  0.,  0.,  0.,  0.,  0.,  0.,  0.,  0.,  0.,  1.,  0.,
         0.])
[2023-11-19 14:29:08,941][__main__][INFO] - epoch: 560
[2023-11-19 14:29:09,421][__main__][INFO] - alignment: tensor([92.,  0.,  4.,  0.,  0.,  0.,  0.,  0.,  0.,  0.,  0.,  0.,  1.,  0.,
         0.])
[2023-11-19 14:29:09,421][__main__][INFO] - epoch: 570
[2023-11-19 14:29:09,899][__main__][INFO] - alignment: tensor([85.,  0.,  3.,  0.,  0.,  0.,  0.,  0.,  0.,  0.,  0.,  0.,  1.,  0.,
         0.])
[2023-11-19 14:29:09,902][__main__][INFO] - epoch: 580
[2023-11-19 14:29:10,381][__main__][INFO] - alignment: tensor([81.,  0.,  4.,  0.,  0.,  1.,  0.,  0.,  0.,  0.,  0.,  0.,  1.,  0.,
         0.])
[2023-11-19 14:29:10,382][__main__][INFO] - epoch: 590
[2023-11-19 14:29:10,863][__main__][INFO] - alignment: tensor([79.,  2.,  3.,  1.,  0.,  1.,  0.,  0.,  0.,  0.,  0.,  0.,  1.,  0.,
         0.])
[2023-11-19 14:29:10,863][__main__][INFO] - epoch: 600
[2023-11-19 14:29:11,347][__main__][INFO] - alignment: tensor([68.,  5.,  3.,  1.,  0.,  1.,  0.,  0.,  0.,  0.,  0.,  0.,  1.,  0.,
         0.])
[2023-11-19 14:29:11,347][__main__][INFO] - epoch: 610
[2023-11-19 14:29:11,822][__main__][INFO] - alignment: tensor([60.,  5.,  3.,  1.,  0.,  1.,  0.,  1.,  0.,  0.,  0.,  0.,  1.,  0.,
         0.])
[2023-11-19 14:29:11,822][__main__][INFO] - epoch: 620
[2023-11-19 14:29:12,300][__main__][INFO] - alignment: tensor([55.,  5.,  2.,  1.,  0.,  1.,  0.,  1.,  0.,  0.,  0.,  0.,  1.,  0.,
         0.])
[2023-11-19 14:29:12,300][__main__][INFO] - epoch: 630
[2023-11-19 14:29:12,782][__main__][INFO] - alignment: tensor([51.,  6.,  3.,  1.,  1.,  1.,  0.,  1.,  0.,  1.,  0.,  0.,  1.,  0.,
         0.])
[2023-11-19 14:29:12,782][__main__][INFO] - epoch: 640
[2023-11-19 14:29:13,259][__main__][INFO] - alignment: tensor([50.,  6.,  3.,  1.,  1.,  1.,  0.,  1.,  0.,  1.,  0.,  0.,  1.,  1.,
         0.])
[2023-11-19 14:29:13,259][__main__][INFO] - epoch: 650
[2023-11-19 14:29:13,740][__main__][INFO] - alignment: tensor([41.,  5.,  3.,  1.,  1.,  1.,  0.,  1.,  0.,  1.,  0.,  0.,  1.,  1.,
         1.])
[2023-11-19 14:29:13,740][__main__][INFO] - epoch: 660
[2023-11-19 14:29:14,220][__main__][INFO] - alignment: tensor([37.,  5.,  3.,  1.,  1.,  1.,  0.,  1.,  0.,  1.,  0.,  0.,  1.,  1.,
         1.])
[2023-11-19 14:29:14,220][__main__][INFO] - epoch: 670
[2023-11-19 14:29:14,696][__main__][INFO] - alignment: tensor([37.,  6.,  4.,  1.,  1.,  1.,  0.,  1.,  0.,  1.,  1.,  0.,  1.,  1.,
         1.])
[2023-11-19 14:29:14,696][__main__][INFO] - epoch: 680
[2023-11-19 14:29:15,175][__main__][INFO] - alignment: tensor([35.,  6.,  5.,  1.,  1.,  1.,  1.,  1.,  0.,  1.,  1.,  0.,  1.,  1.,
         1.])
[2023-11-19 14:29:15,175][__main__][INFO] - epoch: 690
[2023-11-19 14:29:15,653][__main__][INFO] - alignment: tensor([32.,  6.,  4.,  1.,  1.,  1.,  1.,  1.,  0.,  1.,  1.,  0.,  1.,  1.,
         1.])
[2023-11-19 14:29:15,738][__main__][INFO] - Training losses plot: train_losses.png
[2023-11-19 14:29:15,827][__main__][INFO] - Accuracies plot: accuracies.png
