[2023-11-19 15:07:38,236][hydra.utils][INFO] - Logging from main
[2023-11-19 15:54:57,740][__main__][INFO] - Model weights saved at: model.pt
[2023-11-19 15:54:57,767][__main__][INFO] - Training accuracy: 1.0
[2023-11-19 15:54:57,767][__main__][INFO] - Testing accuracy: 0.9378
[2023-11-19 15:54:57,767][__main__][INFO] - feat_thresh: 0.1
[2023-11-19 15:54:57,767][__main__][INFO] - epoch: 0
[2023-11-19 15:54:58,214][__main__][INFO] - alignment: tensor([0., 0., 0., 0., 0., 0., 0., 0., 0., 0., 0., 0., 0., 0., 0.])
[2023-11-19 15:54:58,214][__main__][INFO] - epoch: 10
[2023-11-19 15:54:58,668][__main__][INFO] - alignment: tensor([0., 0., 0., 0., 0., 0., 0., 0., 0., 0., 0., 0., 0., 0., 0.])
[2023-11-19 15:54:58,668][__main__][INFO] - epoch: 20
[2023-11-19 15:54:59,131][__main__][INFO] - alignment: tensor([0., 0., 0., 0., 0., 0., 0., 0., 0., 0., 0., 0., 0., 0., 0.])
[2023-11-19 15:54:59,131][__main__][INFO] - epoch: 30
[2023-11-19 15:54:59,599][__main__][INFO] - alignment: tensor([0., 0., 0., 0., 0., 0., 0., 0., 0., 0., 0., 0., 0., 0., 0.])
[2023-11-19 15:54:59,599][__main__][INFO] - epoch: 40
[2023-11-19 15:55:00,080][__main__][INFO] - alignment: tensor([0., 0., 0., 0., 0., 0., 0., 0., 0., 0., 0., 0., 0., 0., 0.])
[2023-11-19 15:55:00,080][__main__][INFO] - epoch: 50
[2023-11-19 15:55:00,571][__main__][INFO] - alignment: tensor([0., 0., 0., 0., 0., 0., 0., 0., 0., 0., 0., 0., 0., 0., 0.])
[2023-11-19 15:55:00,572][__main__][INFO] - epoch: 60
[2023-11-19 15:55:01,016][__main__][INFO] - alignment: tensor([0., 0., 0., 0., 0., 0., 0., 0., 0., 0., 0., 0., 0., 0., 0.])
[2023-11-19 15:55:01,016][__main__][INFO] - epoch: 70
[2023-11-19 15:55:01,458][__main__][INFO] - alignment: tensor([0., 0., 0., 0., 0., 0., 0., 0., 0., 0., 0., 0., 0., 0., 0.])
[2023-11-19 15:55:01,458][__main__][INFO] - epoch: 80
[2023-11-19 15:55:01,908][__main__][INFO] - alignment: tensor([0., 0., 0., 0., 0., 0., 0., 0., 0., 0., 0., 0., 0., 0., 0.])
[2023-11-19 15:55:01,908][__main__][INFO] - epoch: 90
[2023-11-19 15:55:02,357][__main__][INFO] - alignment: tensor([0., 0., 0., 0., 0., 0., 0., 0., 0., 0., 0., 0., 0., 0., 0.])
[2023-11-19 15:55:02,358][__main__][INFO] - epoch: 100
[2023-11-19 15:55:02,805][__main__][INFO] - alignment: tensor([0., 0., 0., 0., 0., 0., 0., 0., 0., 0., 0., 0., 0., 0., 0.])
[2023-11-19 15:55:02,805][__main__][INFO] - epoch: 110
[2023-11-19 15:55:03,257][__main__][INFO] - alignment: tensor([0., 0., 0., 0., 0., 0., 0., 0., 0., 0., 0., 0., 0., 0., 0.])
[2023-11-19 15:55:03,257][__main__][INFO] - epoch: 120
[2023-11-19 15:55:03,710][__main__][INFO] - alignment: tensor([0., 0., 0., 0., 0., 0., 0., 0., 0., 0., 0., 0., 0., 0., 0.])
[2023-11-19 15:55:03,710][__main__][INFO] - epoch: 130
[2023-11-19 15:55:04,185][__main__][INFO] - alignment: tensor([0., 0., 0., 0., 0., 0., 0., 0., 0., 0., 0., 0., 0., 0., 0.])
[2023-11-19 15:55:04,185][__main__][INFO] - epoch: 140
[2023-11-19 15:55:04,665][__main__][INFO] - alignment: tensor([0., 0., 0., 0., 0., 0., 0., 0., 0., 0., 0., 0., 0., 0., 0.])
[2023-11-19 15:55:04,665][__main__][INFO] - epoch: 150
[2023-11-19 15:55:05,199][__main__][INFO] - alignment: tensor([0., 0., 0., 0., 0., 0., 0., 0., 0., 0., 0., 0., 0., 0., 0.])
[2023-11-19 15:55:05,199][__main__][INFO] - epoch: 160
[2023-11-19 15:55:05,671][__main__][INFO] - alignment: tensor([0., 0., 0., 0., 0., 0., 0., 0., 0., 0., 0., 0., 0., 0., 0.])
[2023-11-19 15:55:05,671][__main__][INFO] - epoch: 170
[2023-11-19 15:55:06,117][__main__][INFO] - alignment: tensor([0., 0., 0., 0., 0., 0., 0., 0., 0., 0., 0., 0., 0., 0., 0.])
[2023-11-19 15:55:06,117][__main__][INFO] - epoch: 180
[2023-11-19 15:55:06,571][__main__][INFO] - alignment: tensor([0., 0., 0., 0., 0., 0., 0., 0., 0., 0., 0., 0., 0., 0., 0.])
[2023-11-19 15:55:06,571][__main__][INFO] - epoch: 190
[2023-11-19 15:55:07,050][__main__][INFO] - alignment: tensor([1., 0., 0., 0., 0., 0., 0., 0., 0., 0., 0., 0., 0., 0., 0.])
[2023-11-19 15:55:07,051][__main__][INFO] - epoch: 200
[2023-11-19 15:55:07,570][__main__][INFO] - alignment: tensor([2., 0., 0., 0., 0., 0., 0., 0., 0., 0., 0., 0., 0., 0., 0.])
[2023-11-19 15:55:07,570][__main__][INFO] - epoch: 210
[2023-11-19 15:55:08,073][__main__][INFO] - alignment: tensor([3., 0., 0., 0., 0., 0., 0., 0., 0., 0., 0., 0., 0., 0., 0.])
[2023-11-19 15:55:08,073][__main__][INFO] - epoch: 220
[2023-11-19 15:55:08,528][__main__][INFO] - alignment: tensor([2., 0., 0., 0., 0., 0., 0., 0., 0., 0., 0., 0., 0., 0., 0.])
[2023-11-19 15:55:08,528][__main__][INFO] - epoch: 230
[2023-11-19 15:55:09,006][__main__][INFO] - alignment: tensor([5., 0., 0., 0., 0., 0., 0., 0., 0., 0., 0., 0., 0., 0., 0.])
[2023-11-19 15:55:09,006][__main__][INFO] - epoch: 240
[2023-11-19 15:55:09,523][__main__][INFO] - alignment: tensor([10.,  0.,  0.,  0.,  0.,  0.,  0.,  0.,  0.,  0.,  0.,  0.,  0.,  0.,
         0.])
[2023-11-19 15:55:09,523][__main__][INFO] - epoch: 250
[2023-11-19 15:55:09,993][__main__][INFO] - alignment: tensor([11.,  0.,  0.,  0.,  0.,  0.,  0.,  0.,  0.,  0.,  0.,  0.,  0.,  0.,
         0.])
[2023-11-19 15:55:09,994][__main__][INFO] - epoch: 260
[2023-11-19 15:55:10,442][__main__][INFO] - alignment: tensor([10.,  0.,  0.,  0.,  0.,  0.,  0.,  0.,  0.,  0.,  0.,  0.,  0.,  0.,
         0.])
[2023-11-19 15:55:10,443][__main__][INFO] - epoch: 270
[2023-11-19 15:55:10,888][__main__][INFO] - alignment: tensor([7., 0., 0., 0., 0., 0., 0., 0., 0., 0., 0., 0., 0., 0., 0.])
[2023-11-19 15:55:10,889][__main__][INFO] - epoch: 280
[2023-11-19 15:55:11,337][__main__][INFO] - alignment: tensor([8., 0., 0., 0., 0., 0., 0., 1., 0., 0., 0., 0., 0., 0., 0.])
[2023-11-19 15:55:11,337][__main__][INFO] - epoch: 290
[2023-11-19 15:55:11,784][__main__][INFO] - alignment: tensor([8., 1., 0., 0., 0., 0., 0., 1., 0., 0., 0., 0., 0., 0., 0.])
[2023-11-19 15:55:11,784][__main__][INFO] - epoch: 300
[2023-11-19 15:55:12,234][__main__][INFO] - alignment: tensor([6., 1., 1., 0., 0., 0., 0., 1., 0., 0., 0., 0., 0., 0., 0.])
[2023-11-19 15:55:12,234][__main__][INFO] - epoch: 310
[2023-11-19 15:55:12,683][__main__][INFO] - alignment: tensor([7., 1., 1., 0., 0., 0., 0., 1., 0., 0., 0., 0., 0., 0., 0.])
[2023-11-19 15:55:12,683][__main__][INFO] - epoch: 320
[2023-11-19 15:55:13,134][__main__][INFO] - alignment: tensor([7., 1., 1., 0., 0., 0., 0., 1., 0., 1., 0., 0., 0., 0., 0.])
[2023-11-19 15:55:13,134][__main__][INFO] - epoch: 330
[2023-11-19 15:55:13,581][__main__][INFO] - alignment: tensor([7., 1., 1., 0., 0., 0., 1., 1., 0., 1., 0., 1., 0., 0., 0.])
[2023-11-19 15:55:13,581][__main__][INFO] - epoch: 340
[2023-11-19 15:55:14,062][__main__][INFO] - alignment: tensor([7., 1., 2., 0., 0., 1., 1., 1., 0., 1., 0., 1., 0., 0., 0.])
[2023-11-19 15:55:14,062][__main__][INFO] - epoch: 350
[2023-11-19 15:55:14,521][__main__][INFO] - alignment: tensor([7., 1., 2., 1., 0., 1., 1., 1., 0., 1., 0., 1., 0., 0., 0.])
[2023-11-19 15:55:14,521][__main__][INFO] - epoch: 360
[2023-11-19 15:55:14,975][__main__][INFO] - alignment: tensor([7., 1., 3., 1., 0., 1., 1., 1., 0., 1., 0., 1., 0., 0., 0.])
[2023-11-19 15:55:14,975][__main__][INFO] - epoch: 370
[2023-11-19 15:55:15,431][__main__][INFO] - alignment: tensor([6., 1., 3., 1., 0., 1., 2., 1., 0., 1., 0., 1., 0., 0., 0.])
[2023-11-19 15:55:15,431][__main__][INFO] - epoch: 380
[2023-11-19 15:55:15,891][__main__][INFO] - alignment: tensor([6., 1., 3., 1., 0., 1., 2., 1., 0., 1., 0., 1., 0., 0., 0.])
[2023-11-19 15:55:15,891][__main__][INFO] - epoch: 390
[2023-11-19 15:55:16,348][__main__][INFO] - alignment: tensor([6., 1., 3., 1., 0., 1., 2., 1., 0., 1., 0., 1., 0., 0., 0.])
[2023-11-19 15:55:16,348][__main__][INFO] - epoch: 400
[2023-11-19 15:55:16,802][__main__][INFO] - alignment: tensor([6., 1., 3., 1., 0., 1., 2., 1., 0., 1., 0., 1., 0., 0., 0.])
[2023-11-19 15:55:16,802][__main__][INFO] - epoch: 410
[2023-11-19 15:55:17,260][__main__][INFO] - alignment: tensor([6., 1., 3., 1., 0., 1., 2., 1., 0., 1., 0., 1., 0., 0., 0.])
[2023-11-19 15:55:17,260][__main__][INFO] - epoch: 420
[2023-11-19 15:55:17,734][__main__][INFO] - alignment: tensor([5., 1., 3., 1., 0., 1., 2., 1., 0., 1., 0., 1., 0., 0., 0.])
[2023-11-19 15:55:17,735][__main__][INFO] - epoch: 430
[2023-11-19 15:55:18,215][__main__][INFO] - alignment: tensor([5., 1., 2., 1., 0., 1., 2., 1., 0., 1., 0., 1., 0., 0., 0.])
[2023-11-19 15:55:18,215][__main__][INFO] - epoch: 440
[2023-11-19 15:55:18,681][__main__][INFO] - alignment: tensor([5., 1., 2., 1., 0., 1., 2., 1., 0., 1., 0., 1., 0., 0., 0.])
[2023-11-19 15:55:18,681][__main__][INFO] - epoch: 450
[2023-11-19 15:55:19,147][__main__][INFO] - alignment: tensor([6., 1., 2., 1., 0., 1., 1., 1., 0., 1., 0., 1., 0., 0., 0.])
[2023-11-19 15:55:19,147][__main__][INFO] - epoch: 460
[2023-11-19 15:55:19,629][__main__][INFO] - alignment: tensor([5., 1., 2., 1., 0., 1., 2., 1., 0., 1., 0., 1., 0., 0., 0.])
[2023-11-19 15:55:19,629][__main__][INFO] - epoch: 470
[2023-11-19 15:55:20,129][__main__][INFO] - alignment: tensor([5., 1., 3., 1., 0., 1., 2., 1., 0., 1., 0., 1., 0., 0., 0.])
[2023-11-19 15:55:20,130][__main__][INFO] - epoch: 480
[2023-11-19 15:55:20,589][__main__][INFO] - alignment: tensor([5., 1., 3., 1., 0., 1., 2., 1., 0., 1., 0., 1., 0., 0., 0.])
[2023-11-19 15:55:20,589][__main__][INFO] - feat_thresh: 0.2
[2023-11-19 15:55:20,589][__main__][INFO] - epoch: 0
[2023-11-19 15:55:21,034][__main__][INFO] - alignment: tensor([0., 0., 0., 0., 0., 0., 0., 0., 0., 0., 0., 0., 0., 0., 0.])
[2023-11-19 15:55:21,034][__main__][INFO] - epoch: 10
[2023-11-19 15:55:21,478][__main__][INFO] - alignment: tensor([0., 0., 0., 0., 0., 0., 0., 0., 0., 0., 0., 0., 0., 0., 0.])
[2023-11-19 15:55:21,478][__main__][INFO] - epoch: 20
[2023-11-19 15:55:21,922][__main__][INFO] - alignment: tensor([0., 0., 0., 0., 0., 0., 0., 0., 0., 0., 0., 0., 0., 0., 0.])
[2023-11-19 15:55:21,922][__main__][INFO] - epoch: 30
[2023-11-19 15:55:22,364][__main__][INFO] - alignment: tensor([0., 0., 0., 0., 0., 0., 0., 0., 0., 0., 0., 0., 0., 0., 0.])
[2023-11-19 15:55:22,365][__main__][INFO] - epoch: 40
[2023-11-19 15:55:22,848][__main__][INFO] - alignment: tensor([0., 0., 0., 0., 0., 0., 0., 0., 0., 0., 0., 0., 0., 0., 0.])
[2023-11-19 15:55:22,849][__main__][INFO] - epoch: 50
[2023-11-19 15:55:23,369][__main__][INFO] - alignment: tensor([0., 0., 0., 0., 0., 0., 0., 0., 0., 0., 0., 0., 0., 0., 0.])
[2023-11-19 15:55:23,369][__main__][INFO] - epoch: 60
[2023-11-19 15:55:23,872][__main__][INFO] - alignment: tensor([0., 0., 0., 0., 0., 0., 0., 0., 0., 0., 0., 0., 0., 0., 0.])
[2023-11-19 15:55:23,872][__main__][INFO] - epoch: 70
[2023-11-19 15:55:24,320][__main__][INFO] - alignment: tensor([0., 0., 0., 0., 0., 0., 0., 0., 0., 0., 0., 0., 0., 0., 0.])
[2023-11-19 15:55:24,320][__main__][INFO] - epoch: 80
[2023-11-19 15:55:24,764][__main__][INFO] - alignment: tensor([0., 0., 0., 0., 0., 0., 0., 0., 0., 0., 0., 0., 0., 0., 0.])
[2023-11-19 15:55:24,765][__main__][INFO] - epoch: 90
[2023-11-19 15:55:25,207][__main__][INFO] - alignment: tensor([0., 0., 0., 0., 0., 0., 0., 0., 0., 0., 0., 0., 0., 0., 0.])
[2023-11-19 15:55:25,207][__main__][INFO] - epoch: 100
[2023-11-19 15:55:25,654][__main__][INFO] - alignment: tensor([0., 0., 0., 0., 0., 0., 0., 0., 0., 0., 0., 0., 0., 0., 0.])
[2023-11-19 15:55:25,654][__main__][INFO] - epoch: 110
[2023-11-19 15:55:26,118][__main__][INFO] - alignment: tensor([0., 0., 0., 0., 0., 0., 0., 0., 0., 0., 0., 0., 0., 0., 0.])
[2023-11-19 15:55:26,118][__main__][INFO] - epoch: 120
[2023-11-19 15:55:26,608][__main__][INFO] - alignment: tensor([0., 0., 0., 0., 0., 0., 0., 0., 0., 0., 0., 0., 0., 0., 0.])
[2023-11-19 15:55:26,608][__main__][INFO] - epoch: 130
[2023-11-19 15:55:27,052][__main__][INFO] - alignment: tensor([0., 0., 0., 0., 0., 0., 0., 0., 0., 0., 0., 0., 0., 0., 0.])
[2023-11-19 15:55:27,053][__main__][INFO] - epoch: 140
[2023-11-19 15:55:27,496][__main__][INFO] - alignment: tensor([0., 0., 0., 0., 0., 0., 0., 0., 0., 0., 0., 0., 0., 0., 0.])
[2023-11-19 15:55:27,497][__main__][INFO] - epoch: 150
[2023-11-19 15:55:27,943][__main__][INFO] - alignment: tensor([0., 0., 0., 0., 0., 0., 0., 0., 0., 0., 0., 0., 0., 0., 0.])
[2023-11-19 15:55:27,944][__main__][INFO] - epoch: 160
[2023-11-19 15:55:28,389][__main__][INFO] - alignment: tensor([0., 0., 0., 0., 0., 0., 0., 0., 0., 0., 0., 0., 0., 0., 0.])
[2023-11-19 15:55:28,389][__main__][INFO] - epoch: 170
[2023-11-19 15:55:28,834][__main__][INFO] - alignment: tensor([0., 0., 0., 0., 0., 0., 0., 0., 0., 0., 0., 0., 0., 0., 0.])
[2023-11-19 15:55:28,834][__main__][INFO] - epoch: 180
[2023-11-19 15:55:29,284][__main__][INFO] - alignment: tensor([5., 0., 0., 0., 0., 0., 0., 0., 0., 0., 0., 0., 0., 0., 0.])
[2023-11-19 15:55:29,284][__main__][INFO] - epoch: 190
[2023-11-19 15:55:29,735][__main__][INFO] - alignment: tensor([19.,  0.,  0.,  0.,  0.,  0.,  0.,  0.,  0.,  0.,  0.,  0.,  0.,  0.,
         0.])
[2023-11-19 15:55:29,735][__main__][INFO] - epoch: 200
[2023-11-19 15:55:30,185][__main__][INFO] - alignment: tensor([32.,  0.,  0.,  0.,  0.,  0.,  0.,  0.,  0.,  0.,  0.,  0.,  0.,  0.,
         0.])
[2023-11-19 15:55:30,186][__main__][INFO] - epoch: 210
[2023-11-19 15:55:30,634][__main__][INFO] - alignment: tensor([39.,  0.,  0.,  0.,  0.,  0.,  0.,  0.,  0.,  0.,  0.,  0.,  0.,  0.,
         0.])
[2023-11-19 15:55:30,634][__main__][INFO] - epoch: 220
[2023-11-19 15:55:31,084][__main__][INFO] - alignment: tensor([45.,  0.,  0.,  0.,  0.,  0.,  0.,  0.,  0.,  0.,  0.,  0.,  0.,  0.,
         0.])
[2023-11-19 15:55:31,085][__main__][INFO] - epoch: 230
[2023-11-19 15:55:31,545][__main__][INFO] - alignment: tensor([47.,  0.,  0.,  0.,  0.,  0.,  0.,  0.,  0.,  0.,  0.,  0.,  0.,  0.,
         0.])
[2023-11-19 15:55:31,545][__main__][INFO] - epoch: 240
[2023-11-19 15:55:32,041][__main__][INFO] - alignment: tensor([53.,  0.,  0.,  0.,  0.,  0.,  0.,  0.,  0.,  0.,  0.,  0.,  0.,  0.,
         0.])
[2023-11-19 15:55:32,041][__main__][INFO] - epoch: 250
[2023-11-19 15:55:32,489][__main__][INFO] - alignment: tensor([55.,  0.,  0.,  0.,  0.,  0.,  0.,  0.,  0.,  0.,  0.,  0.,  0.,  0.,
         0.])
[2023-11-19 15:55:32,490][__main__][INFO] - epoch: 260
[2023-11-19 15:55:32,942][__main__][INFO] - alignment: tensor([52.,  0.,  0.,  0.,  0.,  0.,  0.,  0.,  0.,  0.,  0.,  0.,  0.,  0.,
         0.])
[2023-11-19 15:55:32,942][__main__][INFO] - epoch: 270
[2023-11-19 15:55:33,395][__main__][INFO] - alignment: tensor([45.,  0.,  0.,  0.,  0.,  0.,  0.,  1.,  0.,  0.,  0.,  0.,  0.,  0.,
         0.])
[2023-11-19 15:55:33,395][__main__][INFO] - epoch: 280
[2023-11-19 15:55:33,853][__main__][INFO] - alignment: tensor([39.,  0.,  0.,  0.,  0.,  0.,  0.,  1.,  0.,  0.,  0.,  0.,  0.,  0.,
         0.])
[2023-11-19 15:55:33,853][__main__][INFO] - epoch: 290
[2023-11-19 15:55:34,312][__main__][INFO] - alignment: tensor([33.,  2.,  1.,  0.,  0.,  0.,  0.,  1.,  0.,  0.,  0.,  0.,  0.,  0.,
         0.])
[2023-11-19 15:55:34,312][__main__][INFO] - epoch: 300
[2023-11-19 15:55:34,787][__main__][INFO] - alignment: tensor([25.,  2.,  2.,  0.,  0.,  0.,  0.,  1.,  0.,  0.,  0.,  1.,  0.,  0.,
         0.])
[2023-11-19 15:55:34,788][__main__][INFO] - epoch: 310
[2023-11-19 15:55:35,375][__main__][INFO] - alignment: tensor([21.,  3.,  2.,  0.,  0.,  0.,  0.,  1.,  0.,  0.,  0.,  1.,  0.,  0.,
         0.])
[2023-11-19 15:55:35,376][__main__][INFO] - epoch: 320
[2023-11-19 15:55:35,829][__main__][INFO] - alignment: tensor([18.,  3.,  2.,  0.,  0.,  1.,  0.,  1.,  0.,  1.,  0.,  1.,  0.,  0.,
         0.])
[2023-11-19 15:55:35,829][__main__][INFO] - epoch: 330
[2023-11-19 15:55:36,307][__main__][INFO] - alignment: tensor([14.,  3.,  2.,  1.,  0.,  1.,  1.,  1.,  0.,  1.,  0.,  1.,  0.,  0.,
         0.])
[2023-11-19 15:55:36,308][__main__][INFO] - epoch: 340
[2023-11-19 15:55:36,755][__main__][INFO] - alignment: tensor([10.,  2.,  5.,  1.,  0.,  1.,  2.,  1.,  0.,  1.,  0.,  1.,  0.,  0.,
         0.])
[2023-11-19 15:55:36,755][__main__][INFO] - epoch: 350
[2023-11-19 15:55:37,202][__main__][INFO] - alignment: tensor([10.,  2.,  6.,  1.,  1.,  1.,  2.,  1.,  0.,  1.,  0.,  1.,  0.,  0.,
         0.])
[2023-11-19 15:55:37,202][__main__][INFO] - epoch: 360
[2023-11-19 15:55:37,655][__main__][INFO] - alignment: tensor([9., 2., 7., 1., 1., 1., 2., 1., 0., 1., 0., 1., 0., 0., 0.])
[2023-11-19 15:55:37,655][__main__][INFO] - epoch: 370
[2023-11-19 15:55:38,119][__main__][INFO] - alignment: tensor([10.,  2.,  6.,  1.,  1.,  1.,  2.,  1.,  0.,  1.,  0.,  1.,  0.,  0.,
         0.])
[2023-11-19 15:55:38,119][__main__][INFO] - epoch: 380
[2023-11-19 15:55:38,581][__main__][INFO] - alignment: tensor([10.,  2.,  5.,  1.,  1.,  1.,  2.,  1.,  0.,  1.,  0.,  1.,  0.,  0.,
         0.])
[2023-11-19 15:55:38,581][__main__][INFO] - epoch: 390
[2023-11-19 15:55:39,049][__main__][INFO] - alignment: tensor([8., 2., 6., 1., 1., 1., 2., 1., 0., 1., 0., 1., 0., 0., 0.])
[2023-11-19 15:55:39,049][__main__][INFO] - epoch: 400
[2023-11-19 15:55:39,504][__main__][INFO] - alignment: tensor([9., 2., 5., 1., 1., 1., 2., 1., 0., 1., 0., 1., 0., 0., 0.])
[2023-11-19 15:55:39,505][__main__][INFO] - epoch: 410
[2023-11-19 15:55:39,962][__main__][INFO] - alignment: tensor([10.,  2.,  5.,  1.,  1.,  1.,  2.,  1.,  0.,  1.,  0.,  1.,  0.,  0.,
         0.])
[2023-11-19 15:55:39,962][__main__][INFO] - epoch: 420
[2023-11-19 15:55:40,414][__main__][INFO] - alignment: tensor([9., 3., 4., 1., 1., 1., 2., 1., 0., 1., 0., 1., 0., 0., 0.])
[2023-11-19 15:55:40,414][__main__][INFO] - epoch: 430
[2023-11-19 15:55:40,862][__main__][INFO] - alignment: tensor([9., 3., 4., 1., 1., 1., 2., 1., 0., 1., 0., 1., 0., 0., 0.])
[2023-11-19 15:55:40,863][__main__][INFO] - epoch: 440
[2023-11-19 15:55:41,339][__main__][INFO] - alignment: tensor([9., 3., 4., 1., 1., 1., 2., 1., 0., 1., 0., 1., 0., 0., 0.])
[2023-11-19 15:55:41,339][__main__][INFO] - epoch: 450
[2023-11-19 15:55:41,787][__main__][INFO] - alignment: tensor([8., 3., 5., 1., 1., 1., 2., 1., 0., 1., 0., 1., 0., 0., 0.])
[2023-11-19 15:55:41,787][__main__][INFO] - epoch: 460
[2023-11-19 15:55:42,239][__main__][INFO] - alignment: tensor([9., 3., 5., 1., 1., 1., 2., 1., 0., 1., 0., 1., 0., 0., 0.])
[2023-11-19 15:55:42,239][__main__][INFO] - epoch: 470
[2023-11-19 15:55:42,687][__main__][INFO] - alignment: tensor([9., 3., 5., 1., 1., 1., 2., 1., 0., 1., 0., 1., 0., 0., 0.])
[2023-11-19 15:55:42,688][__main__][INFO] - epoch: 480
[2023-11-19 15:55:43,135][__main__][INFO] - alignment: tensor([9., 3., 5., 1., 1., 1., 2., 1., 0., 1., 0., 1., 0., 0., 0.])
[2023-11-19 15:55:43,135][__main__][INFO] - feat_thresh: 0.3
[2023-11-19 15:55:43,135][__main__][INFO] - epoch: 0
[2023-11-19 15:55:43,587][__main__][INFO] - alignment: tensor([0., 0., 0., 0., 0., 0., 0., 0., 0., 0., 0., 0., 0., 0., 0.])
[2023-11-19 15:55:43,587][__main__][INFO] - epoch: 10
[2023-11-19 15:55:44,048][__main__][INFO] - alignment: tensor([0., 0., 0., 0., 0., 0., 0., 0., 0., 0., 0., 0., 0., 0., 0.])
[2023-11-19 15:55:44,048][__main__][INFO] - epoch: 20
[2023-11-19 15:55:44,495][__main__][INFO] - alignment: tensor([0., 0., 0., 0., 0., 0., 0., 0., 0., 0., 0., 0., 0., 0., 0.])
[2023-11-19 15:55:44,495][__main__][INFO] - epoch: 30
[2023-11-19 15:55:44,941][__main__][INFO] - alignment: tensor([0., 0., 0., 0., 0., 0., 0., 0., 0., 0., 0., 0., 0., 0., 0.])
[2023-11-19 15:55:44,941][__main__][INFO] - epoch: 40
[2023-11-19 15:55:45,384][__main__][INFO] - alignment: tensor([0., 0., 0., 0., 0., 0., 0., 0., 0., 0., 0., 0., 0., 0., 0.])
[2023-11-19 15:55:45,407][__main__][INFO] - epoch: 50
[2023-11-19 15:55:45,849][__main__][INFO] - alignment: tensor([0., 0., 0., 0., 0., 0., 0., 0., 0., 0., 0., 0., 0., 0., 0.])
[2023-11-19 15:55:45,849][__main__][INFO] - epoch: 60
[2023-11-19 15:55:46,300][__main__][INFO] - alignment: tensor([0., 0., 0., 0., 0., 0., 0., 0., 0., 0., 0., 0., 0., 0., 0.])
[2023-11-19 15:55:46,301][__main__][INFO] - epoch: 70
[2023-11-19 15:55:46,779][__main__][INFO] - alignment: tensor([0., 0., 0., 0., 0., 0., 0., 0., 0., 0., 0., 0., 0., 0., 0.])
[2023-11-19 15:55:46,779][__main__][INFO] - epoch: 80
[2023-11-19 15:55:47,228][__main__][INFO] - alignment: tensor([0., 0., 0., 0., 0., 0., 0., 0., 0., 0., 0., 0., 0., 0., 0.])
[2023-11-19 15:55:47,228][__main__][INFO] - epoch: 90
[2023-11-19 15:55:47,676][__main__][INFO] - alignment: tensor([0., 0., 0., 0., 0., 0., 0., 0., 0., 0., 0., 0., 0., 0., 0.])
[2023-11-19 15:55:47,676][__main__][INFO] - epoch: 100
[2023-11-19 15:55:48,124][__main__][INFO] - alignment: tensor([0., 0., 0., 0., 0., 0., 0., 0., 0., 0., 0., 0., 0., 0., 0.])
[2023-11-19 15:55:48,124][__main__][INFO] - epoch: 110
[2023-11-19 15:55:48,575][__main__][INFO] - alignment: tensor([0., 0., 0., 0., 0., 0., 0., 0., 0., 0., 0., 0., 0., 0., 0.])
[2023-11-19 15:55:48,575][__main__][INFO] - epoch: 120
[2023-11-19 15:55:49,018][__main__][INFO] - alignment: tensor([0., 0., 0., 0., 0., 0., 0., 0., 0., 0., 0., 0., 0., 0., 0.])
[2023-11-19 15:55:49,019][__main__][INFO] - epoch: 130
[2023-11-19 15:55:49,466][__main__][INFO] - alignment: tensor([0., 0., 0., 0., 0., 0., 0., 0., 0., 0., 0., 0., 0., 0., 0.])
[2023-11-19 15:55:49,467][__main__][INFO] - epoch: 140
[2023-11-19 15:55:49,915][__main__][INFO] - alignment: tensor([0., 0., 0., 0., 0., 0., 0., 0., 0., 0., 0., 0., 0., 0., 0.])
[2023-11-19 15:55:49,915][__main__][INFO] - epoch: 150
[2023-11-19 15:55:50,362][__main__][INFO] - alignment: tensor([0., 0., 0., 0., 0., 0., 0., 0., 0., 0., 0., 0., 0., 0., 0.])
[2023-11-19 15:55:50,362][__main__][INFO] - epoch: 160
[2023-11-19 15:55:50,806][__main__][INFO] - alignment: tensor([0., 0., 0., 0., 0., 0., 0., 0., 0., 0., 0., 0., 0., 0., 0.])
[2023-11-19 15:55:50,806][__main__][INFO] - epoch: 170
[2023-11-19 15:55:51,254][__main__][INFO] - alignment: tensor([6., 0., 0., 0., 0., 0., 0., 0., 0., 0., 0., 0., 0., 0., 0.])
[2023-11-19 15:55:51,255][__main__][INFO] - epoch: 180
[2023-11-19 15:55:51,702][__main__][INFO] - alignment: tensor([37.,  0.,  0.,  0.,  0.,  0.,  0.,  0.,  0.,  0.,  0.,  0.,  0.,  0.,
         0.])
[2023-11-19 15:55:51,703][__main__][INFO] - epoch: 190
[2023-11-19 15:55:52,151][__main__][INFO] - alignment: tensor([68.,  0.,  0.,  0.,  0.,  0.,  0.,  0.,  0.,  0.,  0.,  0.,  0.,  0.,
         0.])
[2023-11-19 15:55:52,152][__main__][INFO] - epoch: 200
[2023-11-19 15:55:52,678][__main__][INFO] - alignment: tensor([84.,  0.,  0.,  0.,  0.,  0.,  0.,  0.,  0.,  0.,  0.,  0.,  0.,  0.,
         0.])
[2023-11-19 15:55:52,678][__main__][INFO] - epoch: 210
[2023-11-19 15:55:53,164][__main__][INFO] - alignment: tensor([93.,  0.,  0.,  0.,  0.,  0.,  0.,  0.,  0.,  0.,  0.,  0.,  0.,  0.,
         0.])
[2023-11-19 15:55:53,164][__main__][INFO] - epoch: 220
[2023-11-19 15:55:53,613][__main__][INFO] - alignment: tensor([94.,  0.,  0.,  0.,  0.,  0.,  0.,  0.,  0.,  0.,  0.,  0.,  0.,  0.,
         0.])
[2023-11-19 15:55:53,613][__main__][INFO] - epoch: 230
[2023-11-19 15:55:54,064][__main__][INFO] - alignment: tensor([91.,  0.,  0.,  0.,  0.,  0.,  0.,  0.,  0.,  0.,  0.,  0.,  0.,  0.,
         0.])
[2023-11-19 15:55:54,064][__main__][INFO] - epoch: 240
[2023-11-19 15:55:54,516][__main__][INFO] - alignment: tensor([96.,  0.,  0.,  0.,  0.,  0.,  0.,  0.,  0.,  0.,  0.,  0.,  0.,  0.,
         0.])
[2023-11-19 15:55:54,516][__main__][INFO] - epoch: 250
[2023-11-19 15:55:54,972][__main__][INFO] - alignment: tensor([95.,  0.,  0.,  0.,  0.,  0.,  0.,  0.,  0.,  0.,  0.,  0.,  0.,  0.,
         0.])
[2023-11-19 15:55:54,972][__main__][INFO] - epoch: 260
[2023-11-19 15:55:55,422][__main__][INFO] - alignment: tensor([91.,  1.,  0.,  0.,  0.,  0.,  0.,  1.,  0.,  0.,  0.,  0.,  0.,  0.,
         0.])
[2023-11-19 15:55:55,422][__main__][INFO] - epoch: 270
[2023-11-19 15:55:55,872][__main__][INFO] - alignment: tensor([84.,  1.,  0.,  0.,  0.,  0.,  0.,  1.,  0.,  0.,  0.,  0.,  0.,  0.,
         0.])
[2023-11-19 15:55:55,872][__main__][INFO] - epoch: 280
[2023-11-19 15:55:56,336][__main__][INFO] - alignment: tensor([77.,  1.,  2.,  0.,  0.,  0.,  0.,  1.,  0.,  0.,  0.,  0.,  0.,  0.,
         0.])
[2023-11-19 15:55:56,337][__main__][INFO] - epoch: 290
[2023-11-19 15:55:56,803][__main__][INFO] - alignment: tensor([71.,  4.,  2.,  0.,  0.,  0.,  0.,  1.,  0.,  0.,  0.,  1.,  0.,  0.,
         0.])
[2023-11-19 15:55:56,803][__main__][INFO] - epoch: 300
[2023-11-19 15:55:57,254][__main__][INFO] - alignment: tensor([51.,  4.,  2.,  0.,  0.,  0.,  0.,  1.,  0.,  0.,  0.,  1.,  0.,  0.,
         0.])
[2023-11-19 15:55:57,255][__main__][INFO] - epoch: 310
[2023-11-19 15:55:57,706][__main__][INFO] - alignment: tensor([42.,  4.,  3.,  0.,  0.,  1.,  0.,  1.,  0.,  1.,  0.,  1.,  0.,  0.,
         0.])
[2023-11-19 15:55:57,706][__main__][INFO] - epoch: 320
[2023-11-19 15:55:58,163][__main__][INFO] - alignment: tensor([32.,  5.,  3.,  1.,  1.,  1.,  0.,  1.,  0.,  1.,  0.,  1.,  0.,  0.,
         0.])
[2023-11-19 15:55:58,164][__main__][INFO] - epoch: 330
[2023-11-19 15:55:58,637][__main__][INFO] - alignment: tensor([23.,  4.,  7.,  1.,  2.,  1.,  2.,  1.,  0.,  1.,  0.,  1.,  1.,  0.,
         0.])
[2023-11-19 15:55:58,637][__main__][INFO] - epoch: 340
[2023-11-19 15:55:59,088][__main__][INFO] - alignment: tensor([22.,  5.,  7.,  1.,  2.,  1.,  2.,  1.,  0.,  1.,  0.,  1.,  1.,  0.,
         0.])
[2023-11-19 15:55:59,088][__main__][INFO] - epoch: 350
[2023-11-19 15:55:59,544][__main__][INFO] - alignment: tensor([20.,  3.,  9.,  1.,  2.,  1.,  2.,  1.,  0.,  1.,  0.,  1.,  1.,  0.,
         0.])
[2023-11-19 15:55:59,545][__main__][INFO] - epoch: 360
[2023-11-19 15:56:00,000][__main__][INFO] - alignment: tensor([20.,  4.,  9.,  1.,  2.,  1.,  2.,  1.,  0.,  1.,  0.,  1.,  1.,  0.,
         1.])
[2023-11-19 15:56:00,000][__main__][INFO] - epoch: 370
[2023-11-19 15:56:00,454][__main__][INFO] - alignment: tensor([19.,  3.,  8.,  1.,  2.,  1.,  2.,  1.,  1.,  1.,  0.,  1.,  1.,  0.,
         1.])
[2023-11-19 15:56:00,454][__main__][INFO] - epoch: 380
[2023-11-19 15:56:00,906][__main__][INFO] - alignment: tensor([18.,  3.,  8.,  1.,  2.,  1.,  2.,  1.,  1.,  1.,  0.,  1.,  1.,  0.,
         1.])
[2023-11-19 15:56:00,907][__main__][INFO] - epoch: 390
[2023-11-19 15:56:01,358][__main__][INFO] - alignment: tensor([18.,  4.,  8.,  1.,  2.,  1.,  2.,  1.,  1.,  1.,  0.,  1.,  1.,  0.,
         1.])
[2023-11-19 15:56:01,358][__main__][INFO] - epoch: 400
[2023-11-19 15:56:01,807][__main__][INFO] - alignment: tensor([18.,  4.,  8.,  1.,  2.,  2.,  2.,  1.,  1.,  1.,  0.,  1.,  1.,  0.,
         1.])
[2023-11-19 15:56:01,807][__main__][INFO] - epoch: 410
[2023-11-19 15:56:02,365][__main__][INFO] - alignment: tensor([18.,  3.,  8.,  1.,  2.,  1.,  2.,  1.,  1.,  1.,  0.,  1.,  1.,  0.,
         1.])
[2023-11-19 15:56:02,365][__main__][INFO] - epoch: 420
[2023-11-19 15:56:02,833][__main__][INFO] - alignment: tensor([16.,  3.,  8.,  2.,  2.,  1.,  2.,  1.,  1.,  1.,  0.,  1.,  1.,  0.,
         1.])
[2023-11-19 15:56:02,833][__main__][INFO] - epoch: 430
[2023-11-19 15:56:03,283][__main__][INFO] - alignment: tensor([15.,  4.,  8.,  2.,  2.,  1.,  2.,  1.,  1.,  1.,  0.,  1.,  1.,  0.,
         1.])
[2023-11-19 15:56:03,283][__main__][INFO] - epoch: 440
[2023-11-19 15:56:03,735][__main__][INFO] - alignment: tensor([16.,  4.,  7.,  2.,  2.,  1.,  2.,  1.,  1.,  1.,  0.,  1.,  1.,  0.,
         1.])
[2023-11-19 15:56:03,735][__main__][INFO] - epoch: 450
[2023-11-19 15:56:04,187][__main__][INFO] - alignment: tensor([17.,  4.,  8.,  2.,  2.,  2.,  2.,  1.,  2.,  1.,  0.,  1.,  1.,  0.,
         1.])
[2023-11-19 15:56:04,187][__main__][INFO] - epoch: 460
[2023-11-19 15:56:04,646][__main__][INFO] - alignment: tensor([15.,  4.,  8.,  1.,  2.,  1.,  2.,  1.,  2.,  1.,  0.,  1.,  1.,  0.,
         1.])
[2023-11-19 15:56:04,646][__main__][INFO] - epoch: 470
[2023-11-19 15:56:05,101][__main__][INFO] - alignment: tensor([16.,  3.,  8.,  2.,  2.,  1.,  2.,  1.,  2.,  1.,  0.,  1.,  1.,  0.,
         1.])
[2023-11-19 15:56:05,101][__main__][INFO] - epoch: 480
[2023-11-19 15:56:05,569][__main__][INFO] - alignment: tensor([16.,  3.,  8.,  2.,  2.,  1.,  2.,  1.,  2.,  1.,  0.,  1.,  1.,  0.,
         1.])
[2023-11-19 15:56:05,649][__main__][INFO] - Training losses plot: train_losses.png
[2023-11-19 15:56:05,731][__main__][INFO] - Accuracies plot: accuracies.png
