[2023-11-19 15:17:20,755][hydra.utils][INFO] - Logging from main
[2023-11-19 15:56:05,463][__main__][INFO] - Model weights saved at: model.pt
[2023-11-19 15:56:05,497][__main__][INFO] - Training accuracy: 1.0
[2023-11-19 15:56:05,497][__main__][INFO] - Testing accuracy: 0.9516666666666667
[2023-11-19 15:56:05,497][__main__][INFO] - feat_thresh: 0.1
[2023-11-19 15:56:05,497][__main__][INFO] - epoch: 0
[2023-11-19 15:56:06,740][__main__][INFO] - alignment: tensor([0., 0., 0., 0., 0., 0., 0., 0., 0., 0., 0., 0., 0., 0., 0.])
[2023-11-19 15:56:06,741][__main__][INFO] - epoch: 10
[2023-11-19 15:56:07,912][__main__][INFO] - alignment: tensor([0., 0., 0., 0., 0., 0., 0., 0., 0., 0., 0., 0., 0., 0., 0.])
[2023-11-19 15:56:07,912][__main__][INFO] - epoch: 20
[2023-11-19 15:56:09,115][__main__][INFO] - alignment: tensor([0., 0., 0., 0., 0., 0., 0., 0., 0., 0., 0., 0., 0., 0., 0.])
[2023-11-19 15:56:09,115][__main__][INFO] - epoch: 30
[2023-11-19 15:56:10,289][__main__][INFO] - alignment: tensor([0., 0., 0., 0., 0., 0., 0., 0., 0., 0., 0., 0., 0., 0., 0.])
[2023-11-19 15:56:10,290][__main__][INFO] - epoch: 40
[2023-11-19 15:56:11,556][__main__][INFO] - alignment: tensor([0., 0., 0., 0., 0., 0., 0., 0., 0., 0., 0., 0., 0., 0., 0.])
[2023-11-19 15:56:11,557][__main__][INFO] - epoch: 50
[2023-11-19 15:56:13,357][__main__][INFO] - alignment: tensor([0., 0., 0., 0., 0., 0., 0., 0., 0., 0., 0., 0., 0., 0., 0.])
[2023-11-19 15:56:13,357][__main__][INFO] - epoch: 60
[2023-11-19 15:56:14,975][__main__][INFO] - alignment: tensor([0., 0., 0., 0., 0., 0., 0., 0., 0., 0., 0., 0., 0., 0., 0.])
[2023-11-19 15:56:14,975][__main__][INFO] - epoch: 70
[2023-11-19 15:56:16,703][__main__][INFO] - alignment: tensor([0., 0., 0., 0., 0., 0., 0., 0., 0., 0., 0., 0., 0., 0., 0.])
[2023-11-19 15:56:16,703][__main__][INFO] - epoch: 80
[2023-11-19 15:56:18,447][__main__][INFO] - alignment: tensor([0., 0., 0., 0., 0., 0., 0., 0., 0., 0., 0., 0., 0., 0., 0.])
[2023-11-19 15:56:18,447][__main__][INFO] - epoch: 90
[2023-11-19 15:56:20,294][__main__][INFO] - alignment: tensor([0., 0., 0., 0., 0., 0., 0., 0., 0., 0., 0., 0., 0., 0., 0.])
[2023-11-19 15:56:20,294][__main__][INFO] - epoch: 100
[2023-11-19 15:56:21,643][__main__][INFO] - alignment: tensor([0., 0., 0., 0., 0., 0., 0., 0., 0., 0., 0., 0., 0., 0., 0.])
[2023-11-19 15:56:21,643][__main__][INFO] - epoch: 110
[2023-11-19 15:56:23,300][__main__][INFO] - alignment: tensor([1., 0., 0., 0., 0., 0., 0., 0., 0., 0., 0., 0., 0., 0., 0.])
[2023-11-19 15:56:23,301][__main__][INFO] - epoch: 120
[2023-11-19 15:56:24,916][__main__][INFO] - alignment: tensor([1., 0., 0., 0., 0., 0., 0., 0., 0., 0., 0., 0., 0., 0., 0.])
[2023-11-19 15:56:24,916][__main__][INFO] - epoch: 130
[2023-11-19 15:56:26,742][__main__][INFO] - alignment: tensor([25.,  0.,  1.,  0.,  0.,  0.,  0.,  0.,  0.,  0.,  0.,  1.,  0.,  0.,
         0.])
[2023-11-19 15:56:26,742][__main__][INFO] - epoch: 140
[2023-11-19 15:56:28,802][__main__][INFO] - alignment: tensor([37.,  1.,  1.,  0.,  0.,  0.,  1.,  1.,  0.,  0.,  0.,  1.,  0.,  0.,
         0.])
[2023-11-19 15:56:28,802][__main__][INFO] - epoch: 150
[2023-11-19 15:56:30,636][__main__][INFO] - alignment: tensor([30.,  1.,  1.,  0.,  0.,  0.,  1.,  1.,  0.,  0.,  0.,  1.,  0.,  0.,
         0.])
[2023-11-19 15:56:30,636][__main__][INFO] - epoch: 160
[2023-11-19 15:56:31,928][__main__][INFO] - alignment: tensor([35.,  1.,  1.,  0.,  0.,  0.,  1.,  1.,  1.,  1.,  0.,  1.,  0.,  0.,
         0.])
[2023-11-19 15:56:31,928][__main__][INFO] - epoch: 170
[2023-11-19 15:56:33,471][__main__][INFO] - alignment: tensor([34.,  1.,  1.,  0.,  0.,  0.,  1.,  1.,  1.,  1.,  0.,  1.,  0.,  0.,
         0.])
[2023-11-19 15:56:33,471][__main__][INFO] - epoch: 180
[2023-11-19 15:56:35,288][__main__][INFO] - alignment: tensor([32.,  1.,  1.,  0.,  0.,  0.,  1.,  1.,  1.,  1.,  0.,  1.,  0.,  0.,
         1.])
[2023-11-19 15:56:35,288][__main__][INFO] - epoch: 190
[2023-11-19 15:56:36,961][__main__][INFO] - alignment: tensor([31.,  1.,  2.,  0.,  0.,  0.,  1.,  1.,  1.,  1.,  0.,  1.,  0.,  0.,
         1.])
[2023-11-19 15:56:36,988][__main__][INFO] - epoch: 200
[2023-11-19 15:56:38,703][__main__][INFO] - alignment: tensor([23.,  1.,  3.,  0.,  0.,  0.,  1.,  1.,  1.,  1.,  0.,  1.,  0.,  0.,
         1.])
[2023-11-19 15:56:38,703][__main__][INFO] - epoch: 210
[2023-11-19 15:56:40,388][__main__][INFO] - alignment: tensor([22.,  1.,  3.,  0.,  0.,  2.,  1.,  1.,  1.,  1.,  0.,  1.,  0.,  0.,
         1.])
[2023-11-19 15:56:40,388][__main__][INFO] - epoch: 220
[2023-11-19 15:56:42,106][__main__][INFO] - alignment: tensor([21.,  2.,  4.,  0.,  0.,  2.,  1.,  1.,  1.,  1.,  0.,  1.,  0.,  0.,
         1.])
[2023-11-19 15:56:42,106][__main__][INFO] - epoch: 230
[2023-11-19 15:56:43,340][__main__][INFO] - alignment: tensor([18.,  2.,  2.,  0.,  0.,  2.,  1.,  1.,  1.,  1.,  0.,  1.,  0.,  0.,
         1.])
[2023-11-19 15:56:43,340][__main__][INFO] - epoch: 240
[2023-11-19 15:56:44,558][__main__][INFO] - alignment: tensor([18.,  2.,  3.,  0.,  0.,  1.,  1.,  1.,  1.,  1.,  0.,  1.,  0.,  0.,
         1.])
[2023-11-19 15:56:44,558][__main__][INFO] - epoch: 250
[2023-11-19 15:56:45,797][__main__][INFO] - alignment: tensor([12.,  2.,  1.,  0.,  0.,  1.,  1.,  1.,  1.,  1.,  0.,  1.,  0.,  0.,
         1.])
[2023-11-19 15:56:45,797][__main__][INFO] - epoch: 260
[2023-11-19 15:56:47,057][__main__][INFO] - alignment: tensor([14.,  2.,  4.,  0.,  0.,  1.,  1.,  1.,  1.,  1.,  0.,  1.,  0.,  1.,
         1.])
[2023-11-19 15:56:47,057][__main__][INFO] - epoch: 270
[2023-11-19 15:56:48,227][__main__][INFO] - alignment: tensor([12.,  2.,  4.,  0.,  0.,  1.,  1.,  1.,  1.,  1.,  0.,  1.,  0.,  1.,
         1.])
[2023-11-19 15:56:48,227][__main__][INFO] - epoch: 280
[2023-11-19 15:56:49,428][__main__][INFO] - alignment: tensor([13.,  2.,  3.,  0.,  0.,  1.,  1.,  1.,  1.,  1.,  0.,  1.,  0.,  1.,
         1.])
[2023-11-19 15:56:49,428][__main__][INFO] - epoch: 290
[2023-11-19 15:56:50,588][__main__][INFO] - alignment: tensor([11.,  2.,  1.,  0.,  0.,  1.,  1.,  1.,  1.,  1.,  0.,  1.,  0.,  1.,
         1.])
[2023-11-19 15:56:50,588][__main__][INFO] - epoch: 300
[2023-11-19 15:56:51,714][__main__][INFO] - alignment: tensor([13.,  2.,  3.,  0.,  0.,  1.,  1.,  1.,  1.,  1.,  0.,  1.,  0.,  1.,
         1.])
[2023-11-19 15:56:51,714][__main__][INFO] - epoch: 310
[2023-11-19 15:56:52,882][__main__][INFO] - alignment: tensor([13.,  2.,  3.,  0.,  0.,  1.,  1.,  1.,  1.,  1.,  0.,  1.,  0.,  1.,
         1.])
[2023-11-19 15:56:52,882][__main__][INFO] - feat_thresh: 0.2
[2023-11-19 15:56:52,882][__main__][INFO] - epoch: 0
[2023-11-19 15:56:54,070][__main__][INFO] - alignment: tensor([0., 0., 0., 0., 0., 0., 0., 0., 0., 0., 0., 0., 0., 0., 0.])
[2023-11-19 15:56:54,070][__main__][INFO] - epoch: 10
[2023-11-19 15:56:55,350][__main__][INFO] - alignment: tensor([0., 0., 0., 0., 0., 0., 0., 0., 0., 0., 0., 0., 0., 0., 0.])
[2023-11-19 15:56:55,350][__main__][INFO] - epoch: 20
[2023-11-19 15:56:56,507][__main__][INFO] - alignment: tensor([0., 0., 0., 0., 0., 0., 0., 0., 0., 0., 0., 0., 0., 0., 0.])
[2023-11-19 15:56:56,507][__main__][INFO] - epoch: 30
[2023-11-19 15:56:57,655][__main__][INFO] - alignment: tensor([0., 0., 0., 0., 0., 0., 0., 0., 0., 0., 0., 0., 0., 0., 0.])
[2023-11-19 15:56:57,656][__main__][INFO] - epoch: 40
[2023-11-19 15:56:58,805][__main__][INFO] - alignment: tensor([0., 0., 0., 0., 0., 0., 0., 0., 0., 0., 0., 0., 0., 0., 0.])
[2023-11-19 15:56:58,805][__main__][INFO] - epoch: 50
[2023-11-19 15:56:59,952][__main__][INFO] - alignment: tensor([0., 0., 0., 0., 0., 0., 0., 0., 0., 0., 0., 0., 0., 0., 0.])
[2023-11-19 15:56:59,953][__main__][INFO] - epoch: 60
[2023-11-19 15:57:01,143][__main__][INFO] - alignment: tensor([0., 0., 0., 0., 0., 0., 0., 0., 0., 0., 0., 0., 0., 0., 0.])
[2023-11-19 15:57:01,143][__main__][INFO] - epoch: 70
[2023-11-19 15:57:02,369][__main__][INFO] - alignment: tensor([0., 0., 0., 0., 0., 0., 0., 0., 0., 0., 0., 0., 0., 0., 0.])
[2023-11-19 15:57:02,370][__main__][INFO] - epoch: 80
[2023-11-19 15:57:03,516][__main__][INFO] - alignment: tensor([0., 0., 0., 0., 0., 0., 0., 0., 0., 0., 0., 0., 0., 0., 0.])
[2023-11-19 15:57:03,517][__main__][INFO] - epoch: 90
[2023-11-19 15:57:04,671][__main__][INFO] - alignment: tensor([0., 0., 0., 0., 0., 0., 0., 0., 0., 0., 0., 0., 0., 0., 0.])
[2023-11-19 15:57:04,672][__main__][INFO] - epoch: 100
[2023-11-19 15:57:05,833][__main__][INFO] - alignment: tensor([4., 0., 0., 0., 0., 0., 0., 0., 0., 0., 0., 0., 0., 0., 0.])
[2023-11-19 15:57:05,833][__main__][INFO] - epoch: 110
[2023-11-19 15:57:07,013][__main__][INFO] - alignment: tensor([9., 0., 0., 0., 0., 0., 0., 0., 0., 0., 0., 0., 0., 0., 0.])
[2023-11-19 15:57:07,014][__main__][INFO] - epoch: 120
[2023-11-19 15:57:08,222][__main__][INFO] - alignment: tensor([32.,  0.,  1.,  0.,  0.,  0.,  0.,  0.,  0.,  0.,  0.,  1.,  0.,  0.,
         0.])
[2023-11-19 15:57:08,222][__main__][INFO] - epoch: 130
[2023-11-19 15:57:09,444][__main__][INFO] - alignment: tensor([81.,  1.,  1.,  0.,  0.,  0.,  0.,  1.,  0.,  0.,  0.,  1.,  0.,  0.,
         0.])
[2023-11-19 15:57:09,444][__main__][INFO] - epoch: 140
[2023-11-19 15:57:10,620][__main__][INFO] - alignment: tensor([77.,  1.,  1.,  0.,  0.,  0.,  1.,  1.,  0.,  0.,  0.,  1.,  0.,  0.,
         0.])
[2023-11-19 15:57:10,621][__main__][INFO] - epoch: 150
[2023-11-19 15:57:11,787][__main__][INFO] - alignment: tensor([70.,  1.,  1.,  0.,  0.,  0.,  1.,  1.,  1.,  1.,  0.,  1.,  0.,  0.,
         0.])
[2023-11-19 15:57:11,787][__main__][INFO] - epoch: 160
[2023-11-19 15:57:12,971][__main__][INFO] - alignment: tensor([65.,  2.,  2.,  0.,  0.,  0.,  1.,  1.,  1.,  1.,  0.,  1.,  0.,  0.,
         0.])
[2023-11-19 15:57:12,971][__main__][INFO] - epoch: 170
[2023-11-19 15:57:14,157][__main__][INFO] - alignment: tensor([59.,  3.,  2.,  0.,  1.,  0.,  1.,  1.,  1.,  1.,  0.,  1.,  0.,  0.,
         1.])
[2023-11-19 15:57:14,157][__main__][INFO] - epoch: 180
[2023-11-19 15:57:15,318][__main__][INFO] - alignment: tensor([52.,  2.,  3.,  0.,  2.,  0.,  1.,  1.,  1.,  1.,  0.,  1.,  0.,  0.,
         1.])
[2023-11-19 15:57:15,319][__main__][INFO] - epoch: 190
[2023-11-19 15:57:16,599][__main__][INFO] - alignment: tensor([51.,  2.,  6.,  0.,  2.,  2.,  1.,  1.,  1.,  1.,  0.,  1.,  0.,  0.,
         1.])
[2023-11-19 15:57:16,600][__main__][INFO] - epoch: 200
[2023-11-19 15:57:17,791][__main__][INFO] - alignment: tensor([47.,  2.,  8.,  0.,  3.,  2.,  1.,  1.,  1.,  1.,  0.,  1.,  0.,  1.,
         1.])
[2023-11-19 15:57:17,791][__main__][INFO] - epoch: 210
[2023-11-19 15:57:18,968][__main__][INFO] - alignment: tensor([45.,  2.,  8.,  0.,  3.,  2.,  1.,  1.,  1.,  1.,  0.,  1.,  0.,  1.,
         1.])
[2023-11-19 15:57:18,968][__main__][INFO] - epoch: 220
[2023-11-19 15:57:20,129][__main__][INFO] - alignment: tensor([42.,  3.,  6.,  0.,  3.,  2.,  1.,  1.,  1.,  1.,  0.,  1.,  0.,  1.,
         1.])
[2023-11-19 15:57:20,130][__main__][INFO] - epoch: 230
[2023-11-19 15:57:21,322][__main__][INFO] - alignment: tensor([39.,  2.,  6.,  0.,  3.,  2.,  1.,  1.,  1.,  1.,  0.,  1.,  0.,  1.,
         1.])
[2023-11-19 15:57:21,323][__main__][INFO] - epoch: 240
[2023-11-19 15:57:22,495][__main__][INFO] - alignment: tensor([38.,  2.,  6.,  0.,  3.,  2.,  1.,  1.,  1.,  1.,  0.,  1.,  0.,  1.,
         1.])
[2023-11-19 15:57:22,495][__main__][INFO] - epoch: 250
[2023-11-19 15:57:23,712][__main__][INFO] - alignment: tensor([37.,  4.,  5.,  0.,  3.,  2.,  1.,  1.,  1.,  1.,  0.,  1.,  0.,  1.,
         1.])
[2023-11-19 15:57:23,712][__main__][INFO] - epoch: 260
[2023-11-19 15:57:24,894][__main__][INFO] - alignment: tensor([37.,  2.,  5.,  0.,  3.,  2.,  1.,  1.,  1.,  1.,  0.,  1.,  0.,  1.,
         1.])
[2023-11-19 15:57:24,894][__main__][INFO] - epoch: 270
[2023-11-19 15:57:26,112][__main__][INFO] - alignment: tensor([36.,  2.,  5.,  0.,  3.,  2.,  1.,  1.,  1.,  1.,  0.,  1.,  0.,  1.,
         1.])
[2023-11-19 15:57:26,112][__main__][INFO] - epoch: 280
[2023-11-19 15:57:27,267][__main__][INFO] - alignment: tensor([33.,  3.,  4.,  0.,  3.,  2.,  1.,  1.,  1.,  1.,  0.,  1.,  0.,  1.,
         1.])
[2023-11-19 15:57:27,268][__main__][INFO] - epoch: 290
[2023-11-19 15:57:28,494][__main__][INFO] - alignment: tensor([32.,  2.,  5.,  0.,  3.,  2.,  1.,  1.,  1.,  1.,  0.,  1.,  0.,  1.,
         1.])
[2023-11-19 15:57:28,494][__main__][INFO] - epoch: 300
[2023-11-19 15:57:29,761][__main__][INFO] - alignment: tensor([34.,  3.,  5.,  0.,  3.,  2.,  1.,  1.,  1.,  1.,  0.,  1.,  0.,  1.,
         1.])
[2023-11-19 15:57:29,762][__main__][INFO] - epoch: 310
[2023-11-19 15:57:31,033][__main__][INFO] - alignment: tensor([34.,  3.,  5.,  0.,  3.,  2.,  1.,  1.,  1.,  1.,  0.,  1.,  0.,  1.,
         1.])
[2023-11-19 15:57:31,033][__main__][INFO] - feat_thresh: 0.3
[2023-11-19 15:57:31,033][__main__][INFO] - epoch: 0
[2023-11-19 15:57:32,267][__main__][INFO] - alignment: tensor([0., 0., 0., 0., 0., 0., 0., 0., 0., 0., 0., 0., 0., 0., 0.])
[2023-11-19 15:57:32,267][__main__][INFO] - epoch: 10
[2023-11-19 15:57:33,466][__main__][INFO] - alignment: tensor([0., 0., 0., 0., 0., 0., 0., 0., 0., 0., 0., 0., 0., 0., 0.])
[2023-11-19 15:57:33,466][__main__][INFO] - epoch: 20
[2023-11-19 15:57:34,636][__main__][INFO] - alignment: tensor([0., 0., 0., 0., 0., 0., 0., 0., 0., 0., 0., 0., 0., 0., 0.])
[2023-11-19 15:57:34,637][__main__][INFO] - epoch: 30
[2023-11-19 15:57:35,813][__main__][INFO] - alignment: tensor([0., 0., 0., 0., 0., 0., 0., 0., 0., 0., 0., 0., 0., 0., 0.])
[2023-11-19 15:57:35,814][__main__][INFO] - epoch: 40
[2023-11-19 15:57:36,969][__main__][INFO] - alignment: tensor([0., 0., 0., 0., 0., 0., 0., 0., 0., 0., 0., 0., 0., 0., 0.])
[2023-11-19 15:57:36,969][__main__][INFO] - epoch: 50
[2023-11-19 15:57:38,112][__main__][INFO] - alignment: tensor([0., 0., 0., 0., 0., 0., 0., 0., 0., 0., 0., 0., 0., 0., 0.])
[2023-11-19 15:57:38,112][__main__][INFO] - epoch: 60
[2023-11-19 15:57:39,335][__main__][INFO] - alignment: tensor([0., 0., 0., 0., 0., 0., 0., 0., 0., 0., 0., 0., 0., 0., 0.])
[2023-11-19 15:57:39,336][__main__][INFO] - epoch: 70
[2023-11-19 15:57:40,550][__main__][INFO] - alignment: tensor([0., 0., 0., 0., 0., 0., 0., 0., 0., 0., 0., 0., 0., 0., 0.])
[2023-11-19 15:57:40,550][__main__][INFO] - epoch: 80
[2023-11-19 15:57:41,762][__main__][INFO] - alignment: tensor([0., 0., 0., 0., 0., 0., 0., 0., 0., 0., 0., 0., 0., 0., 0.])
[2023-11-19 15:57:41,762][__main__][INFO] - epoch: 90
[2023-11-19 15:57:42,938][__main__][INFO] - alignment: tensor([0., 0., 0., 0., 0., 0., 0., 0., 0., 0., 0., 0., 0., 0., 0.])
[2023-11-19 15:57:42,939][__main__][INFO] - epoch: 100
[2023-11-19 15:57:44,187][__main__][INFO] - alignment: tensor([25.,  0.,  0.,  0.,  0.,  0.,  0.,  0.,  0.,  0.,  0.,  0.,  0.,  0.,
         0.])
[2023-11-19 15:57:44,187][__main__][INFO] - epoch: 110
[2023-11-19 15:57:45,363][__main__][INFO] - alignment: tensor([46.,  0.,  0.,  0.,  0.,  0.,  0.,  0.,  0.,  0.,  0.,  1.,  0.,  0.,
         0.])
[2023-11-19 15:57:45,364][__main__][INFO] - epoch: 120
[2023-11-19 15:57:46,549][__main__][INFO] - alignment: tensor([92.,  0.,  1.,  0.,  0.,  0.,  0.,  0.,  0.,  0.,  0.,  1.,  0.,  0.,
         0.])
[2023-11-19 15:57:46,549][__main__][INFO] - epoch: 130
[2023-11-19 15:57:47,723][__main__][INFO] - alignment: tensor([153.,   2.,   1.,   0.,   0.,   0.,   1.,   1.,   0.,   0.,   0.,   1.,
          0.,   0.,   0.])
[2023-11-19 15:57:47,723][__main__][INFO] - epoch: 140
[2023-11-19 15:57:48,903][__main__][INFO] - alignment: tensor([142.,   2.,   1.,   0.,   0.,   0.,   1.,   1.,   1.,   0.,   0.,   1.,
          0.,   0.,   0.])
[2023-11-19 15:57:48,903][__main__][INFO] - epoch: 150
[2023-11-19 15:57:50,080][__main__][INFO] - alignment: tensor([110.,   3.,   1.,   0.,   0.,   0.,   1.,   1.,   1.,   1.,   0.,   1.,
          0.,   0.,   0.])
[2023-11-19 15:57:50,081][__main__][INFO] - epoch: 160
[2023-11-19 15:57:51,265][__main__][INFO] - alignment: tensor([99.,  3.,  3.,  0.,  1.,  1.,  1.,  1.,  1.,  1.,  0.,  1.,  0.,  0.,
         0.])
[2023-11-19 15:57:51,265][__main__][INFO] - epoch: 170
[2023-11-19 15:57:52,432][__main__][INFO] - alignment: tensor([89.,  6.,  9.,  0.,  2.,  2.,  1.,  1.,  1.,  1.,  0.,  1.,  0.,  0.,
         1.])
[2023-11-19 15:57:52,432][__main__][INFO] - epoch: 180
[2023-11-19 15:57:53,617][__main__][INFO] - alignment: tensor([80.,  9., 10.,  0.,  2.,  2.,  1.,  1.,  1.,  1.,  0.,  1.,  0.,  0.,
         1.])
[2023-11-19 15:57:53,618][__main__][INFO] - epoch: 190
[2023-11-19 15:57:54,788][__main__][INFO] - alignment: tensor([71., 10., 11.,  0.,  3.,  2.,  1.,  1.,  1.,  1.,  0.,  1.,  0.,  1.,
         1.])
[2023-11-19 15:57:54,789][__main__][INFO] - epoch: 200
[2023-11-19 15:57:55,950][__main__][INFO] - alignment: tensor([69.,  8., 12.,  0.,  3.,  2.,  1.,  1.,  1.,  1.,  0.,  1.,  0.,  1.,
         1.])
[2023-11-19 15:57:55,950][__main__][INFO] - epoch: 210
[2023-11-19 15:57:57,169][__main__][INFO] - alignment: tensor([66.,  6., 12.,  0.,  3.,  2.,  1.,  1.,  1.,  1.,  0.,  1.,  0.,  1.,
         1.])
[2023-11-19 15:57:57,169][__main__][INFO] - epoch: 220
[2023-11-19 15:57:58,438][__main__][INFO] - alignment: tensor([62.,  9., 13.,  0.,  3.,  2.,  1.,  1.,  1.,  1.,  1.,  1.,  0.,  1.,
         1.])
[2023-11-19 15:57:58,438][__main__][INFO] - epoch: 230
[2023-11-19 15:57:59,623][__main__][INFO] - alignment: tensor([61.,  6., 13.,  0.,  3.,  2.,  1.,  1.,  1.,  1.,  1.,  1.,  0.,  1.,
         1.])
[2023-11-19 15:57:59,624][__main__][INFO] - epoch: 240
[2023-11-19 15:58:00,810][__main__][INFO] - alignment: tensor([58.,  7., 14.,  0.,  3.,  2.,  2.,  1.,  1.,  1.,  1.,  1.,  0.,  1.,
         1.])
[2023-11-19 15:58:00,810][__main__][INFO] - epoch: 250
[2023-11-19 15:58:01,982][__main__][INFO] - alignment: tensor([54.,  7., 12.,  0.,  3.,  2.,  1.,  1.,  1.,  1.,  1.,  1.,  0.,  1.,
         1.])
[2023-11-19 15:58:01,982][__main__][INFO] - epoch: 260
[2023-11-19 15:58:03,174][__main__][INFO] - alignment: tensor([55.,  7., 10.,  0.,  3.,  2.,  2.,  1.,  1.,  1.,  1.,  1.,  0.,  1.,
         1.])
[2023-11-19 15:58:03,174][__main__][INFO] - epoch: 270
[2023-11-19 15:58:04,331][__main__][INFO] - alignment: tensor([52.,  6., 12.,  0.,  3.,  2.,  1.,  1.,  1.,  1.,  1.,  1.,  0.,  1.,
         1.])
[2023-11-19 15:58:04,332][__main__][INFO] - epoch: 280
[2023-11-19 15:58:05,493][__main__][INFO] - alignment: tensor([54.,  5., 12.,  0.,  3.,  2.,  3.,  1.,  1.,  1.,  1.,  1.,  0.,  1.,
         1.])
[2023-11-19 15:58:05,494][__main__][INFO] - epoch: 290
[2023-11-19 15:58:06,741][__main__][INFO] - alignment: tensor([47.,  5., 14.,  0.,  3.,  2.,  1.,  1.,  1.,  1.,  1.,  1.,  0.,  1.,
         1.])
[2023-11-19 15:58:06,742][__main__][INFO] - epoch: 300
[2023-11-19 15:58:08,043][__main__][INFO] - alignment: tensor([50.,  6., 13.,  0.,  3.,  2.,  1.,  1.,  1.,  1.,  1.,  1.,  0.,  1.,
         1.])
[2023-11-19 15:58:08,044][__main__][INFO] - epoch: 310
[2023-11-19 15:58:09,229][__main__][INFO] - alignment: tensor([50.,  6., 13.,  0.,  3.,  2.,  1.,  1.,  1.,  1.,  1.,  1.,  0.,  1.,
         1.])
[2023-11-19 15:58:09,313][__main__][INFO] - Training losses plot: train_losses.png
[2023-11-19 15:58:09,397][__main__][INFO] - Accuracies plot: accuracies.png
