[2023-11-19 18:27:52,795][hydra.utils][INFO] - Logging from main
[2023-11-19 19:21:18,724][__main__][INFO] - Model weights saved at: model.pt
[2023-11-19 19:21:18,788][__main__][INFO] - Training accuracy: 1.0
[2023-11-19 19:21:18,789][__main__][INFO] - Testing accuracy: 0.9321666666666667
[2023-11-19 19:21:18,789][__main__][INFO] - feat_thresh: 0.1
[2023-11-19 19:21:18,789][__main__][INFO] - epoch: 0
[2023-11-19 19:21:21,496][__main__][INFO] - alignment: tensor([0., 0., 0., 0., 0., 0., 0., 0., 0., 0., 0., 0., 0., 0., 0.])
[2023-11-19 19:21:21,497][__main__][INFO] - epoch: 10
[2023-11-19 19:21:24,296][__main__][INFO] - alignment: tensor([0., 0., 0., 0., 0., 0., 0., 0., 0., 0., 0., 0., 0., 0., 0.])
[2023-11-19 19:21:24,297][__main__][INFO] - epoch: 20
[2023-11-19 19:21:27,220][__main__][INFO] - alignment: tensor([0., 0., 0., 0., 0., 0., 0., 0., 0., 0., 0., 0., 0., 0., 0.])
[2023-11-19 19:21:27,220][__main__][INFO] - epoch: 30
[2023-11-19 19:21:30,047][__main__][INFO] - alignment: tensor([0., 0., 0., 0., 0., 0., 0., 0., 0., 0., 0., 0., 0., 0., 0.])
[2023-11-19 19:21:30,047][__main__][INFO] - epoch: 40
[2023-11-19 19:21:32,989][__main__][INFO] - alignment: tensor([0., 0., 0., 0., 0., 0., 0., 0., 0., 0., 0., 0., 0., 0., 0.])
[2023-11-19 19:21:32,989][__main__][INFO] - epoch: 50
[2023-11-19 19:21:35,832][__main__][INFO] - alignment: tensor([0., 0., 0., 0., 0., 0., 0., 0., 0., 0., 0., 0., 0., 0., 0.])
[2023-11-19 19:21:35,832][__main__][INFO] - epoch: 60
[2023-11-19 19:21:38,628][__main__][INFO] - alignment: tensor([0., 0., 0., 0., 0., 0., 0., 0., 0., 0., 0., 0., 0., 0., 0.])
[2023-11-19 19:21:38,629][__main__][INFO] - epoch: 70
[2023-11-19 19:21:41,482][__main__][INFO] - alignment: tensor([0., 0., 0., 0., 0., 0., 0., 0., 0., 0., 0., 0., 0., 0., 0.])
[2023-11-19 19:21:41,483][__main__][INFO] - epoch: 80
[2023-11-19 19:21:44,373][__main__][INFO] - alignment: tensor([0., 0., 0., 0., 0., 0., 0., 0., 0., 0., 0., 0., 0., 0., 0.])
[2023-11-19 19:21:44,373][__main__][INFO] - epoch: 90
[2023-11-19 19:21:47,358][__main__][INFO] - alignment: tensor([0., 0., 0., 0., 0., 0., 0., 0., 0., 0., 0., 0., 0., 0., 0.])
[2023-11-19 19:21:47,359][__main__][INFO] - epoch: 100
[2023-11-19 19:21:50,145][__main__][INFO] - alignment: tensor([0., 0., 0., 0., 0., 0., 0., 0., 0., 0., 0., 0., 0., 0., 0.])
[2023-11-19 19:21:50,145][__main__][INFO] - epoch: 110
[2023-11-19 19:21:53,070][__main__][INFO] - alignment: tensor([0., 0., 0., 0., 0., 0., 0., 0., 0., 0., 0., 0., 0., 0., 0.])
[2023-11-19 19:21:53,070][__main__][INFO] - epoch: 120
[2023-11-19 19:21:56,211][__main__][INFO] - alignment: tensor([0., 0., 0., 0., 0., 0., 0., 0., 0., 0., 0., 0., 0., 0., 0.])
[2023-11-19 19:21:56,211][__main__][INFO] - epoch: 130
[2023-11-19 19:21:59,303][__main__][INFO] - alignment: tensor([0., 0., 0., 0., 0., 0., 0., 0., 0., 0., 0., 0., 0., 0., 0.])
[2023-11-19 19:21:59,303][__main__][INFO] - epoch: 140
[2023-11-19 19:22:02,375][__main__][INFO] - alignment: tensor([0., 0., 0., 0., 0., 0., 0., 0., 0., 0., 0., 0., 0., 0., 0.])
[2023-11-19 19:22:02,376][__main__][INFO] - epoch: 150
[2023-11-19 19:22:05,799][__main__][INFO] - alignment: tensor([0., 0., 0., 0., 0., 0., 0., 0., 0., 0., 0., 0., 0., 0., 0.])
[2023-11-19 19:22:05,800][__main__][INFO] - epoch: 160
[2023-11-19 19:22:09,127][__main__][INFO] - alignment: tensor([0., 0., 0., 0., 0., 0., 0., 0., 0., 0., 0., 0., 0., 0., 0.])
[2023-11-19 19:22:09,127][__main__][INFO] - epoch: 170
[2023-11-19 19:22:12,508][__main__][INFO] - alignment: tensor([0., 0., 0., 0., 0., 0., 0., 0., 0., 0., 0., 0., 0., 0., 0.])
[2023-11-19 19:22:12,508][__main__][INFO] - epoch: 180
[2023-11-19 19:22:15,652][__main__][INFO] - alignment: tensor([0., 0., 0., 0., 0., 0., 0., 0., 0., 0., 0., 0., 0., 0., 0.])
[2023-11-19 19:22:15,652][__main__][INFO] - epoch: 190
[2023-11-19 19:22:18,961][__main__][INFO] - alignment: tensor([0., 0., 0., 0., 0., 0., 0., 0., 0., 0., 0., 0., 0., 0., 0.])
[2023-11-19 19:22:18,961][__main__][INFO] - epoch: 200
[2023-11-19 19:22:22,211][__main__][INFO] - alignment: tensor([0., 0., 0., 0., 0., 0., 0., 0., 0., 0., 0., 0., 0., 0., 0.])
[2023-11-19 19:22:22,211][__main__][INFO] - epoch: 210
[2023-11-19 19:22:25,269][__main__][INFO] - alignment: tensor([0., 0., 0., 0., 0., 0., 0., 0., 0., 0., 0., 0., 0., 0., 0.])
[2023-11-19 19:22:25,270][__main__][INFO] - epoch: 220
[2023-11-19 19:22:28,406][__main__][INFO] - alignment: tensor([0., 0., 0., 0., 0., 0., 0., 0., 0., 0., 0., 0., 0., 0., 0.])
[2023-11-19 19:22:28,406][__main__][INFO] - epoch: 230
[2023-11-19 19:22:31,436][__main__][INFO] - alignment: tensor([0., 0., 0., 0., 0., 0., 0., 0., 0., 0., 0., 0., 0., 0., 0.])
[2023-11-19 19:22:31,436][__main__][INFO] - epoch: 240
[2023-11-19 19:22:34,400][__main__][INFO] - alignment: tensor([1., 0., 0., 0., 0., 0., 0., 0., 0., 0., 0., 0., 0., 0., 0.])
[2023-11-19 19:22:34,400][__main__][INFO] - epoch: 250
[2023-11-19 19:22:37,605][__main__][INFO] - alignment: tensor([1., 0., 0., 0., 0., 0., 0., 0., 0., 0., 0., 0., 0., 0., 0.])
[2023-11-19 19:22:37,605][__main__][INFO] - epoch: 260
[2023-11-19 19:22:40,767][__main__][INFO] - alignment: tensor([1., 0., 0., 0., 0., 0., 0., 0., 0., 0., 0., 0., 0., 0., 0.])
[2023-11-19 19:22:40,768][__main__][INFO] - epoch: 270
[2023-11-19 19:22:43,951][__main__][INFO] - alignment: tensor([1., 0., 0., 0., 0., 0., 0., 0., 0., 0., 0., 0., 0., 0., 0.])
[2023-11-19 19:22:43,951][__main__][INFO] - epoch: 280
[2023-11-19 19:22:47,250][__main__][INFO] - alignment: tensor([6., 0., 0., 0., 0., 0., 0., 0., 0., 0., 0., 0., 0., 0., 0.])
[2023-11-19 19:22:47,250][__main__][INFO] - epoch: 290
[2023-11-19 19:22:50,309][__main__][INFO] - alignment: tensor([7., 1., 0., 0., 0., 0., 0., 0., 0., 0., 0., 0., 0., 0., 0.])
[2023-11-19 19:22:50,309][__main__][INFO] - epoch: 300
[2023-11-19 19:22:53,130][__main__][INFO] - alignment: tensor([4., 1., 0., 0., 0., 0., 0., 0., 0., 0., 0., 0., 0., 0., 0.])
[2023-11-19 19:22:53,130][__main__][INFO] - epoch: 310
[2023-11-19 19:22:56,431][__main__][INFO] - alignment: tensor([3., 1., 0., 0., 0., 0., 0., 0., 0., 0., 0., 0., 0., 0., 0.])
[2023-11-19 19:22:56,432][__main__][INFO] - epoch: 320
[2023-11-19 19:22:59,506][__main__][INFO] - alignment: tensor([3., 1., 0., 0., 0., 0., 0., 0., 0., 0., 0., 0., 0., 0., 0.])
[2023-11-19 19:22:59,506][__main__][INFO] - epoch: 330
[2023-11-19 19:23:02,568][__main__][INFO] - alignment: tensor([2., 1., 0., 0., 0., 0., 0., 1., 0., 0., 0., 0., 0., 0., 0.])
[2023-11-19 19:23:02,568][__main__][INFO] - epoch: 340
[2023-11-19 19:23:05,506][__main__][INFO] - alignment: tensor([2., 1., 0., 0., 0., 0., 0., 1., 0., 1., 1., 0., 0., 0., 0.])
[2023-11-19 19:23:05,507][__main__][INFO] - epoch: 350
[2023-11-19 19:23:08,382][__main__][INFO] - alignment: tensor([2., 1., 1., 0., 0., 0., 0., 1., 0., 1., 1., 0., 0., 0., 0.])
[2023-11-19 19:23:08,382][__main__][INFO] - epoch: 360
[2023-11-19 19:23:11,424][__main__][INFO] - alignment: tensor([2., 1., 2., 1., 0., 0., 0., 1., 1., 1., 1., 0., 0., 0., 0.])
[2023-11-19 19:23:11,424][__main__][INFO] - epoch: 370
[2023-11-19 19:23:14,389][__main__][INFO] - alignment: tensor([3., 1., 2., 1., 0., 0., 0., 1., 1., 1., 1., 0., 0., 0., 0.])
[2023-11-19 19:23:14,390][__main__][INFO] - epoch: 380
[2023-11-19 19:23:17,862][__main__][INFO] - alignment: tensor([3., 1., 2., 1., 0., 0., 0., 1., 1., 1., 1., 0., 0., 1., 0.])
[2023-11-19 19:23:17,862][__main__][INFO] - epoch: 390
[2023-11-19 19:23:20,879][__main__][INFO] - alignment: tensor([3., 1., 2., 1., 0., 0., 0., 1., 1., 1., 1., 0., 0., 1., 0.])
[2023-11-19 19:23:20,879][__main__][INFO] - epoch: 400
[2023-11-19 19:23:24,167][__main__][INFO] - alignment: tensor([3., 1., 2., 1., 0., 0., 0., 1., 1., 1., 1., 0., 0., 1., 0.])
[2023-11-19 19:23:24,168][__main__][INFO] - epoch: 410
[2023-11-19 19:23:27,321][__main__][INFO] - alignment: tensor([3., 1., 2., 1., 0., 0., 0., 1., 1., 1., 1., 0., 0., 1., 0.])
[2023-11-19 19:23:27,321][__main__][INFO] - epoch: 420
[2023-11-19 19:23:30,208][__main__][INFO] - alignment: tensor([3., 1., 4., 1., 0., 0., 0., 1., 1., 1., 1., 0., 0., 1., 1.])
[2023-11-19 19:23:30,208][__main__][INFO] - epoch: 430
[2023-11-19 19:23:33,443][__main__][INFO] - alignment: tensor([3., 1., 3., 1., 0., 0., 0., 1., 1., 1., 1., 1., 0., 1., 1.])
[2023-11-19 19:23:33,444][__main__][INFO] - epoch: 440
[2023-11-19 19:23:36,474][__main__][INFO] - alignment: tensor([3., 1., 3., 1., 0., 0., 0., 1., 1., 1., 1., 1., 0., 1., 1.])
[2023-11-19 19:23:36,475][__main__][INFO] - epoch: 450
[2023-11-19 19:23:39,249][__main__][INFO] - alignment: tensor([3., 1., 3., 1., 0., 1., 1., 1., 1., 1., 1., 1., 0., 1., 1.])
[2023-11-19 19:23:39,249][__main__][INFO] - epoch: 460
[2023-11-19 19:23:42,407][__main__][INFO] - alignment: tensor([3., 1., 2., 1., 1., 0., 1., 1., 1., 1., 1., 1., 0., 1., 1.])
[2023-11-19 19:23:42,408][__main__][INFO] - epoch: 470
[2023-11-19 19:23:45,318][__main__][INFO] - alignment: tensor([3., 1., 2., 1., 0., 0., 1., 1., 1., 1., 1., 1., 1., 1., 1.])
[2023-11-19 19:23:45,318][__main__][INFO] - epoch: 480
[2023-11-19 19:23:48,083][__main__][INFO] - alignment: tensor([2., 1., 3., 1., 1., 0., 1., 1., 1., 1., 1., 1., 1., 1., 1.])
[2023-11-19 19:23:48,083][__main__][INFO] - epoch: 490
[2023-11-19 19:23:51,038][__main__][INFO] - alignment: tensor([3., 1., 2., 1., 1., 0., 1., 1., 1., 1., 1., 1., 1., 1., 1.])
[2023-11-19 19:23:51,038][__main__][INFO] - epoch: 500
[2023-11-19 19:23:53,826][__main__][INFO] - alignment: tensor([3., 1., 2., 1., 1., 0., 1., 1., 1., 1., 1., 1., 1., 1., 1.])
[2023-11-19 19:23:53,826][__main__][INFO] - epoch: 510
[2023-11-19 19:23:56,705][__main__][INFO] - alignment: tensor([3., 1., 3., 1., 1., 0., 0., 1., 1., 1., 1., 1., 1., 1., 1.])
[2023-11-19 19:23:56,705][__main__][INFO] - epoch: 520
[2023-11-19 19:23:59,622][__main__][INFO] - alignment: tensor([3., 1., 3., 1., 0., 0., 0., 1., 1., 1., 1., 1., 1., 1., 1.])
[2023-11-19 19:23:59,622][__main__][INFO] - epoch: 530
[2023-11-19 19:24:02,630][__main__][INFO] - alignment: tensor([3., 1., 4., 1., 1., 0., 1., 1., 1., 1., 1., 1., 1., 1., 1.])
[2023-11-19 19:24:02,630][__main__][INFO] - epoch: 540
[2023-11-19 19:24:05,413][__main__][INFO] - alignment: tensor([3., 1., 2., 1., 1., 0., 1., 1., 1., 1., 1., 1., 1., 1., 1.])
[2023-11-19 19:24:05,413][__main__][INFO] - epoch: 550
[2023-11-19 19:24:08,700][__main__][INFO] - alignment: tensor([3., 1., 2., 1., 0., 0., 1., 1., 1., 1., 1., 1., 1., 1., 1.])
[2023-11-19 19:24:08,700][__main__][INFO] - epoch: 560
[2023-11-19 19:24:11,393][__main__][INFO] - alignment: tensor([3., 1., 4., 1., 1., 0., 1., 1., 1., 1., 1., 1., 1., 1., 1.])
[2023-11-19 19:24:11,394][__main__][INFO] - epoch: 570
[2023-11-19 19:24:15,099][__main__][INFO] - alignment: tensor([3., 1., 4., 1., 1., 0., 1., 1., 1., 1., 1., 1., 1., 1., 1.])
[2023-11-19 19:24:15,100][__main__][INFO] - feat_thresh: 0.2
[2023-11-19 19:24:15,100][__main__][INFO] - epoch: 0
[2023-11-19 19:24:18,666][__main__][INFO] - alignment: tensor([0., 0., 0., 0., 0., 0., 0., 0., 0., 0., 0., 0., 0., 0., 0.])
[2023-11-19 19:24:18,666][__main__][INFO] - epoch: 10
[2023-11-19 19:24:21,875][__main__][INFO] - alignment: tensor([0., 0., 0., 0., 0., 0., 0., 0., 0., 0., 0., 0., 0., 0., 0.])
[2023-11-19 19:24:21,875][__main__][INFO] - epoch: 20
[2023-11-19 19:24:25,048][__main__][INFO] - alignment: tensor([0., 0., 0., 0., 0., 0., 0., 0., 0., 0., 0., 0., 0., 0., 0.])
[2023-11-19 19:24:25,048][__main__][INFO] - epoch: 30
[2023-11-19 19:24:27,818][__main__][INFO] - alignment: tensor([0., 0., 0., 0., 0., 0., 0., 0., 0., 0., 0., 0., 0., 0., 0.])
[2023-11-19 19:24:27,818][__main__][INFO] - epoch: 40
[2023-11-19 19:24:30,781][__main__][INFO] - alignment: tensor([0., 0., 0., 0., 0., 0., 0., 0., 0., 0., 0., 0., 0., 0., 0.])
[2023-11-19 19:24:30,781][__main__][INFO] - epoch: 50
[2023-11-19 19:24:33,819][__main__][INFO] - alignment: tensor([0., 0., 0., 0., 0., 0., 0., 0., 0., 0., 0., 0., 0., 0., 0.])
[2023-11-19 19:24:33,819][__main__][INFO] - epoch: 60
[2023-11-19 19:24:37,086][__main__][INFO] - alignment: tensor([0., 0., 0., 0., 0., 0., 0., 0., 0., 0., 0., 0., 0., 0., 0.])
[2023-11-19 19:24:37,087][__main__][INFO] - epoch: 70
[2023-11-19 19:24:40,270][__main__][INFO] - alignment: tensor([0., 0., 0., 0., 0., 0., 0., 0., 0., 0., 0., 0., 0., 0., 0.])
[2023-11-19 19:24:40,270][__main__][INFO] - epoch: 80
[2023-11-19 19:24:43,095][__main__][INFO] - alignment: tensor([0., 0., 0., 0., 0., 0., 0., 0., 0., 0., 0., 0., 0., 0., 0.])
[2023-11-19 19:24:43,095][__main__][INFO] - epoch: 90
[2023-11-19 19:24:46,309][__main__][INFO] - alignment: tensor([0., 0., 0., 0., 0., 0., 0., 0., 0., 0., 0., 0., 0., 0., 0.])
[2023-11-19 19:24:46,309][__main__][INFO] - epoch: 100
[2023-11-19 19:24:49,525][__main__][INFO] - alignment: tensor([0., 0., 0., 0., 0., 0., 0., 0., 0., 0., 0., 0., 0., 0., 0.])
[2023-11-19 19:24:49,526][__main__][INFO] - epoch: 110
[2023-11-19 19:24:52,623][__main__][INFO] - alignment: tensor([0., 0., 0., 0., 0., 0., 0., 0., 0., 0., 0., 0., 0., 0., 0.])
[2023-11-19 19:24:52,623][__main__][INFO] - epoch: 120
[2023-11-19 19:24:55,930][__main__][INFO] - alignment: tensor([0., 0., 0., 0., 0., 0., 0., 0., 0., 0., 0., 0., 0., 0., 0.])
[2023-11-19 19:24:55,930][__main__][INFO] - epoch: 130
[2023-11-19 19:24:58,929][__main__][INFO] - alignment: tensor([0., 0., 0., 0., 0., 0., 0., 0., 0., 0., 0., 0., 0., 0., 0.])
[2023-11-19 19:24:58,930][__main__][INFO] - epoch: 140
[2023-11-19 19:25:01,995][__main__][INFO] - alignment: tensor([0., 0., 0., 0., 0., 0., 0., 0., 0., 0., 0., 0., 0., 0., 0.])
[2023-11-19 19:25:01,996][__main__][INFO] - epoch: 150
[2023-11-19 19:25:05,155][__main__][INFO] - alignment: tensor([0., 0., 0., 0., 0., 0., 0., 0., 0., 0., 0., 0., 0., 0., 0.])
[2023-11-19 19:25:05,156][__main__][INFO] - epoch: 160
[2023-11-19 19:25:08,248][__main__][INFO] - alignment: tensor([0., 0., 0., 0., 0., 0., 0., 0., 0., 0., 0., 0., 0., 0., 0.])
[2023-11-19 19:25:08,248][__main__][INFO] - epoch: 170
[2023-11-19 19:25:11,125][__main__][INFO] - alignment: tensor([0., 0., 0., 0., 0., 0., 0., 0., 0., 0., 0., 0., 0., 0., 0.])
[2023-11-19 19:25:11,125][__main__][INFO] - epoch: 180
[2023-11-19 19:25:14,647][__main__][INFO] - alignment: tensor([0., 0., 0., 0., 0., 0., 0., 0., 0., 0., 0., 0., 0., 0., 0.])
[2023-11-19 19:25:14,647][__main__][INFO] - epoch: 190
[2023-11-19 19:25:18,463][__main__][INFO] - alignment: tensor([0., 0., 0., 0., 0., 0., 0., 0., 0., 0., 0., 0., 0., 0., 0.])
[2023-11-19 19:25:18,463][__main__][INFO] - epoch: 200
[2023-11-19 19:25:21,479][__main__][INFO] - alignment: tensor([0., 0., 0., 0., 0., 0., 0., 0., 0., 0., 0., 0., 0., 0., 0.])
[2023-11-19 19:25:21,479][__main__][INFO] - epoch: 210
[2023-11-19 19:25:24,218][__main__][INFO] - alignment: tensor([0., 0., 0., 0., 0., 0., 0., 0., 0., 0., 0., 0., 0., 0., 0.])
[2023-11-19 19:25:24,219][__main__][INFO] - epoch: 220
[2023-11-19 19:25:27,016][__main__][INFO] - alignment: tensor([1., 0., 0., 0., 0., 0., 0., 0., 0., 0., 0., 0., 0., 0., 0.])
[2023-11-19 19:25:27,017][__main__][INFO] - epoch: 230
[2023-11-19 19:25:29,977][__main__][INFO] - alignment: tensor([6., 0., 0., 0., 0., 0., 0., 0., 0., 0., 0., 0., 0., 0., 0.])
[2023-11-19 19:25:29,978][__main__][INFO] - epoch: 240
[2023-11-19 19:25:32,731][__main__][INFO] - alignment: tensor([10.,  0.,  0.,  0.,  0.,  0.,  0.,  0.,  0.,  0.,  0.,  0.,  0.,  0.,
         0.])
[2023-11-19 19:25:32,731][__main__][INFO] - epoch: 250
[2023-11-19 19:25:35,731][__main__][INFO] - alignment: tensor([19.,  0.,  0.,  0.,  0.,  0.,  0.,  0.,  0.,  0.,  0.,  0.,  0.,  0.,
         0.])
[2023-11-19 19:25:35,732][__main__][INFO] - epoch: 260
[2023-11-19 19:25:38,742][__main__][INFO] - alignment: tensor([22.,  0.,  0.,  0.,  0.,  0.,  0.,  0.,  0.,  0.,  0.,  0.,  0.,  0.,
         0.])
[2023-11-19 19:25:38,743][__main__][INFO] - epoch: 270
[2023-11-19 19:25:41,712][__main__][INFO] - alignment: tensor([31.,  0.,  0.,  0.,  0.,  0.,  0.,  0.,  0.,  0.,  0.,  0.,  0.,  0.,
         0.])
[2023-11-19 19:25:41,712][__main__][INFO] - epoch: 280
[2023-11-19 19:25:44,602][__main__][INFO] - alignment: tensor([46.,  1.,  0.,  0.,  0.,  0.,  0.,  0.,  0.,  0.,  0.,  0.,  0.,  0.,
         0.])
[2023-11-19 19:25:44,602][__main__][INFO] - epoch: 290
[2023-11-19 19:25:48,188][__main__][INFO] - alignment: tensor([39.,  1.,  0.,  0.,  0.,  0.,  0.,  0.,  0.,  0.,  0.,  0.,  0.,  0.,
         0.])
[2023-11-19 19:25:48,188][__main__][INFO] - epoch: 300
[2023-11-19 19:25:51,484][__main__][INFO] - alignment: tensor([33.,  1.,  0.,  0.,  0.,  0.,  0.,  0.,  0.,  0.,  1.,  0.,  0.,  0.,
         0.])
[2023-11-19 19:25:51,485][__main__][INFO] - epoch: 310
[2023-11-19 19:25:54,569][__main__][INFO] - alignment: tensor([28.,  1.,  1.,  0.,  0.,  0.,  0.,  1.,  0.,  0.,  1.,  0.,  0.,  0.,
         0.])
[2023-11-19 19:25:54,569][__main__][INFO] - epoch: 320
[2023-11-19 19:25:57,703][__main__][INFO] - alignment: tensor([19.,  1.,  1.,  0.,  0.,  0.,  0.,  1.,  0.,  0.,  1.,  0.,  0.,  0.,
         0.])
[2023-11-19 19:25:57,703][__main__][INFO] - epoch: 330
[2023-11-19 19:26:00,885][__main__][INFO] - alignment: tensor([13.,  1.,  2.,  0.,  0.,  0.,  0.,  1.,  0.,  1.,  1.,  0.,  0.,  0.,
         0.])
[2023-11-19 19:26:00,885][__main__][INFO] - epoch: 340
[2023-11-19 19:26:03,889][__main__][INFO] - alignment: tensor([5., 1., 2., 1., 0., 0., 0., 1., 1., 1., 1., 0., 0., 0., 0.])
[2023-11-19 19:26:03,890][__main__][INFO] - epoch: 350
[2023-11-19 19:26:06,943][__main__][INFO] - alignment: tensor([5., 2., 4., 1., 0., 0., 0., 1., 1., 1., 1., 0., 0., 0., 0.])
[2023-11-19 19:26:06,943][__main__][INFO] - epoch: 360
[2023-11-19 19:26:09,996][__main__][INFO] - alignment: tensor([4., 2., 5., 1., 0., 0., 0., 1., 1., 1., 1., 0., 0., 0., 1.])
[2023-11-19 19:26:09,997][__main__][INFO] - epoch: 370
[2023-11-19 19:26:13,066][__main__][INFO] - alignment: tensor([6., 1., 4., 1., 0., 0., 0., 1., 1., 1., 1., 0., 0., 1., 1.])
[2023-11-19 19:26:13,066][__main__][INFO] - epoch: 380
[2023-11-19 19:26:16,037][__main__][INFO] - alignment: tensor([8., 1., 4., 1., 0., 0., 0., 1., 1., 1., 1., 0., 0., 1., 1.])
[2023-11-19 19:26:16,038][__main__][INFO] - epoch: 390
[2023-11-19 19:26:18,938][__main__][INFO] - alignment: tensor([8., 2., 4., 1., 1., 0., 0., 1., 1., 1., 1., 0., 0., 1., 1.])
[2023-11-19 19:26:18,938][__main__][INFO] - epoch: 400
[2023-11-19 19:26:22,124][__main__][INFO] - alignment: tensor([5., 2., 4., 1., 1., 0., 0., 1., 1., 1., 1., 0., 0., 1., 1.])
[2023-11-19 19:26:22,124][__main__][INFO] - epoch: 410
[2023-11-19 19:26:25,010][__main__][INFO] - alignment: tensor([4., 1., 4., 1., 1., 0., 1., 1., 1., 1., 1., 0., 0., 1., 1.])
[2023-11-19 19:26:25,010][__main__][INFO] - epoch: 420
[2023-11-19 19:26:28,648][__main__][INFO] - alignment: tensor([4., 2., 4., 1., 1., 1., 1., 1., 1., 1., 1., 1., 1., 1., 1.])
[2023-11-19 19:26:28,648][__main__][INFO] - epoch: 430
[2023-11-19 19:26:31,495][__main__][INFO] - alignment: tensor([4., 1., 4., 1., 1., 1., 1., 1., 1., 1., 1., 1., 1., 1., 1.])
[2023-11-19 19:26:31,495][__main__][INFO] - epoch: 440
[2023-11-19 19:26:34,549][__main__][INFO] - alignment: tensor([4., 1., 4., 1., 1., 1., 1., 1., 1., 1., 1., 1., 1., 1., 1.])
[2023-11-19 19:26:34,549][__main__][INFO] - epoch: 450
[2023-11-19 19:26:37,480][__main__][INFO] - alignment: tensor([4., 1., 4., 1., 1., 1., 1., 1., 1., 1., 1., 1., 1., 1., 1.])
[2023-11-19 19:26:37,480][__main__][INFO] - epoch: 460
[2023-11-19 19:26:40,588][__main__][INFO] - alignment: tensor([4., 1., 4., 1., 1., 1., 1., 1., 1., 1., 1., 1., 1., 1., 1.])
[2023-11-19 19:26:40,589][__main__][INFO] - epoch: 470
[2023-11-19 19:26:43,598][__main__][INFO] - alignment: tensor([4., 1., 4., 1., 1., 1., 1., 1., 1., 1., 1., 1., 1., 1., 1.])
[2023-11-19 19:26:43,598][__main__][INFO] - epoch: 480
[2023-11-19 19:26:46,460][__main__][INFO] - alignment: tensor([4., 1., 4., 1., 1., 1., 1., 1., 1., 1., 1., 1., 1., 1., 1.])
[2023-11-19 19:26:46,460][__main__][INFO] - epoch: 490
[2023-11-19 19:26:49,451][__main__][INFO] - alignment: tensor([4., 1., 4., 1., 1., 1., 1., 1., 1., 1., 1., 1., 1., 1., 1.])
[2023-11-19 19:26:49,451][__main__][INFO] - epoch: 500
[2023-11-19 19:26:52,623][__main__][INFO] - alignment: tensor([4., 1., 4., 1., 1., 1., 1., 1., 1., 1., 1., 1., 1., 1., 1.])
[2023-11-19 19:26:52,623][__main__][INFO] - epoch: 510
[2023-11-19 19:26:55,989][__main__][INFO] - alignment: tensor([4., 1., 4., 1., 1., 1., 1., 1., 1., 1., 1., 1., 1., 1., 1.])
[2023-11-19 19:26:55,989][__main__][INFO] - epoch: 520
[2023-11-19 19:26:59,174][__main__][INFO] - alignment: tensor([4., 1., 4., 1., 1., 1., 1., 1., 1., 1., 1., 1., 1., 1., 1.])
[2023-11-19 19:26:59,174][__main__][INFO] - epoch: 530
[2023-11-19 19:27:02,245][__main__][INFO] - alignment: tensor([4., 1., 4., 1., 1., 1., 1., 1., 1., 1., 1., 1., 1., 1., 1.])
[2023-11-19 19:27:02,246][__main__][INFO] - epoch: 540
[2023-11-19 19:27:05,252][__main__][INFO] - alignment: tensor([4., 1., 4., 1., 1., 1., 1., 1., 1., 1., 1., 1., 1., 1., 1.])
[2023-11-19 19:27:05,253][__main__][INFO] - epoch: 550
[2023-11-19 19:27:08,280][__main__][INFO] - alignment: tensor([4., 1., 4., 1., 1., 1., 1., 1., 1., 1., 1., 1., 1., 1., 1.])
[2023-11-19 19:27:08,280][__main__][INFO] - epoch: 560
[2023-11-19 19:27:11,506][__main__][INFO] - alignment: tensor([4., 1., 4., 1., 1., 1., 1., 1., 1., 1., 1., 1., 1., 1., 1.])
[2023-11-19 19:27:11,506][__main__][INFO] - epoch: 570
[2023-11-19 19:27:14,691][__main__][INFO] - alignment: tensor([4., 1., 4., 1., 1., 1., 1., 1., 1., 1., 1., 1., 1., 1., 1.])
[2023-11-19 19:27:14,691][__main__][INFO] - feat_thresh: 0.3
[2023-11-19 19:27:14,692][__main__][INFO] - epoch: 0
[2023-11-19 19:27:17,532][__main__][INFO] - alignment: tensor([0., 0., 0., 0., 0., 0., 0., 0., 0., 0., 0., 0., 0., 0., 0.])
[2023-11-19 19:27:17,532][__main__][INFO] - epoch: 10
[2023-11-19 19:27:20,487][__main__][INFO] - alignment: tensor([0., 0., 0., 0., 0., 0., 0., 0., 0., 0., 0., 0., 0., 0., 0.])
[2023-11-19 19:27:20,488][__main__][INFO] - epoch: 20
[2023-11-19 19:27:23,668][__main__][INFO] - alignment: tensor([0., 0., 0., 0., 0., 0., 0., 0., 0., 0., 0., 0., 0., 0., 0.])
[2023-11-19 19:27:23,668][__main__][INFO] - epoch: 30
[2023-11-19 19:27:26,728][__main__][INFO] - alignment: tensor([0., 0., 0., 0., 0., 0., 0., 0., 0., 0., 0., 0., 0., 0., 0.])
[2023-11-19 19:27:26,728][__main__][INFO] - epoch: 40
[2023-11-19 19:27:29,703][__main__][INFO] - alignment: tensor([0., 0., 0., 0., 0., 0., 0., 0., 0., 0., 0., 0., 0., 0., 0.])
[2023-11-19 19:27:29,703][__main__][INFO] - epoch: 50
[2023-11-19 19:27:32,779][__main__][INFO] - alignment: tensor([0., 0., 0., 0., 0., 0., 0., 0., 0., 0., 0., 0., 0., 0., 0.])
[2023-11-19 19:27:32,779][__main__][INFO] - epoch: 60
[2023-11-19 19:27:35,697][__main__][INFO] - alignment: tensor([0., 0., 0., 0., 0., 0., 0., 0., 0., 0., 0., 0., 0., 0., 0.])
[2023-11-19 19:27:35,697][__main__][INFO] - epoch: 70
[2023-11-19 19:27:38,655][__main__][INFO] - alignment: tensor([0., 0., 0., 0., 0., 0., 0., 0., 0., 0., 0., 0., 0., 0., 0.])
[2023-11-19 19:27:38,656][__main__][INFO] - epoch: 80
[2023-11-19 19:27:41,567][__main__][INFO] - alignment: tensor([0., 0., 0., 0., 0., 0., 0., 0., 0., 0., 0., 0., 0., 0., 0.])
[2023-11-19 19:27:41,568][__main__][INFO] - epoch: 90
[2023-11-19 19:27:44,790][__main__][INFO] - alignment: tensor([0., 0., 0., 0., 0., 0., 0., 0., 0., 0., 0., 0., 0., 0., 0.])
[2023-11-19 19:27:44,790][__main__][INFO] - epoch: 100
[2023-11-19 19:27:47,761][__main__][INFO] - alignment: tensor([0., 0., 0., 0., 0., 0., 0., 0., 0., 0., 0., 0., 0., 0., 0.])
[2023-11-19 19:27:47,761][__main__][INFO] - epoch: 110
[2023-11-19 19:27:51,431][__main__][INFO] - alignment: tensor([0., 0., 0., 0., 0., 0., 0., 0., 0., 0., 0., 0., 0., 0., 0.])
[2023-11-19 19:27:51,432][__main__][INFO] - epoch: 120
[2023-11-19 19:27:54,671][__main__][INFO] - alignment: tensor([0., 0., 0., 0., 0., 0., 0., 0., 0., 0., 0., 0., 0., 0., 0.])
[2023-11-19 19:27:54,672][__main__][INFO] - epoch: 130
[2023-11-19 19:27:57,820][__main__][INFO] - alignment: tensor([0., 0., 0., 0., 0., 0., 0., 0., 0., 0., 0., 0., 0., 0., 0.])
[2023-11-19 19:27:57,820][__main__][INFO] - epoch: 140
[2023-11-19 19:28:00,752][__main__][INFO] - alignment: tensor([0., 0., 0., 0., 0., 0., 0., 0., 0., 0., 0., 0., 0., 0., 0.])
[2023-11-19 19:28:00,752][__main__][INFO] - epoch: 150
[2023-11-19 19:28:03,831][__main__][INFO] - alignment: tensor([0., 0., 0., 0., 0., 0., 0., 0., 0., 0., 0., 0., 0., 0., 0.])
[2023-11-19 19:28:03,831][__main__][INFO] - epoch: 160
[2023-11-19 19:28:07,102][__main__][INFO] - alignment: tensor([0., 0., 0., 0., 0., 0., 0., 0., 0., 0., 0., 0., 0., 0., 0.])
[2023-11-19 19:28:07,102][__main__][INFO] - epoch: 170
[2023-11-19 19:28:10,198][__main__][INFO] - alignment: tensor([0., 0., 0., 0., 0., 0., 0., 0., 0., 0., 0., 0., 0., 0., 0.])
[2023-11-19 19:28:10,198][__main__][INFO] - epoch: 180
[2023-11-19 19:28:13,117][__main__][INFO] - alignment: tensor([0., 0., 0., 0., 0., 0., 0., 0., 0., 0., 0., 0., 0., 0., 0.])
[2023-11-19 19:28:13,117][__main__][INFO] - epoch: 190
[2023-11-19 19:28:16,115][__main__][INFO] - alignment: tensor([2., 0., 0., 0., 0., 0., 0., 0., 0., 0., 0., 0., 0., 0., 0.])
[2023-11-19 19:28:16,115][__main__][INFO] - epoch: 200
[2023-11-19 19:28:19,505][__main__][INFO] - alignment: tensor([6., 0., 0., 0., 0., 0., 0., 0., 0., 0., 0., 0., 0., 0., 0.])
[2023-11-19 19:28:19,505][__main__][INFO] - epoch: 210
[2023-11-19 19:28:22,438][__main__][INFO] - alignment: tensor([28.,  0.,  0.,  0.,  0.,  0.,  0.,  0.,  0.,  0.,  0.,  0.,  0.,  0.,
         0.])
[2023-11-19 19:28:22,439][__main__][INFO] - epoch: 220
[2023-11-19 19:28:25,594][__main__][INFO] - alignment: tensor([47.,  0.,  0.,  0.,  0.,  0.,  0.,  0.,  0.,  0.,  0.,  0.,  0.,  0.,
         0.])
[2023-11-19 19:28:25,594][__main__][INFO] - epoch: 230
[2023-11-19 19:28:28,607][__main__][INFO] - alignment: tensor([70.,  0.,  0.,  0.,  0.,  0.,  0.,  0.,  0.,  0.,  0.,  0.,  0.,  0.,
         0.])
[2023-11-19 19:28:28,607][__main__][INFO] - epoch: 240
[2023-11-19 19:28:31,520][__main__][INFO] - alignment: tensor([104.,   0.,   0.,   0.,   0.,   0.,   0.,   0.,   0.,   0.,   0.,   0.,
          0.,   0.,   0.])
[2023-11-19 19:28:31,521][__main__][INFO] - epoch: 250
[2023-11-19 19:28:34,621][__main__][INFO] - alignment: tensor([122.,   0.,   0.,   0.,   0.,   0.,   0.,   0.,   0.,   0.,   0.,   0.,
          0.,   0.,   0.])
[2023-11-19 19:28:34,622][__main__][INFO] - epoch: 260
[2023-11-19 19:28:37,493][__main__][INFO] - alignment: tensor([134.,   0.,   0.,   0.,   0.,   0.,   0.,   0.,   0.,   0.,   0.,   0.,
          0.,   0.,   0.])
[2023-11-19 19:28:37,493][__main__][INFO] - epoch: 270
[2023-11-19 19:28:40,615][__main__][INFO] - alignment: tensor([143.,   0.,   0.,   0.,   0.,   0.,   0.,   0.,   0.,   0.,   0.,   0.,
          0.,   0.,   0.])
[2023-11-19 19:28:40,615][__main__][INFO] - epoch: 280
[2023-11-19 19:28:43,774][__main__][INFO] - alignment: tensor([162.,   1.,   0.,   0.,   0.,   0.,   0.,   0.,   0.,   0.,   0.,   0.,
          0.,   0.,   0.])
[2023-11-19 19:28:43,774][__main__][INFO] - epoch: 290
[2023-11-19 19:28:47,077][__main__][INFO] - alignment: tensor([131.,   2.,   1.,   0.,   0.,   0.,   0.,   0.,   0.,   0.,   0.,   0.,
          0.,   0.,   0.])
[2023-11-19 19:28:47,078][__main__][INFO] - epoch: 300
[2023-11-19 19:28:50,151][__main__][INFO] - alignment: tensor([99.,  2.,  2.,  0.,  0.,  0.,  0.,  1.,  0.,  0.,  1.,  0.,  0.,  0.,
         0.])
[2023-11-19 19:28:50,152][__main__][INFO] - epoch: 310
[2023-11-19 19:28:53,193][__main__][INFO] - alignment: tensor([72.,  3.,  2.,  0.,  0.,  0.,  0.,  1.,  0.,  0.,  1.,  0.,  0.,  0.,
         0.])
[2023-11-19 19:28:53,193][__main__][INFO] - epoch: 320
[2023-11-19 19:28:56,142][__main__][INFO] - alignment: tensor([50.,  4.,  2.,  0.,  0.,  0.,  0.,  1.,  0.,  1.,  1.,  0.,  0.,  0.,
         0.])
[2023-11-19 19:28:56,143][__main__][INFO] - epoch: 330
[2023-11-19 19:28:59,154][__main__][INFO] - alignment: tensor([40.,  5.,  2.,  0.,  0.,  0.,  0.,  1.,  0.,  1.,  1.,  0.,  0.,  0.,
         0.])
[2023-11-19 19:28:59,155][__main__][INFO] - epoch: 340
[2023-11-19 19:29:02,080][__main__][INFO] - alignment: tensor([22.,  5.,  5.,  1.,  0.,  0.,  0.,  1.,  1.,  1.,  1.,  0.,  0.,  0.,
         0.])
[2023-11-19 19:29:02,080][__main__][INFO] - epoch: 350
[2023-11-19 19:29:05,090][__main__][INFO] - alignment: tensor([21.,  4., 10.,  1.,  0.,  0.,  0.,  1.,  1.,  1.,  1.,  0.,  0.,  0.,
         1.])
[2023-11-19 19:29:05,090][__main__][INFO] - epoch: 360
[2023-11-19 19:29:08,409][__main__][INFO] - alignment: tensor([18.,  6.,  7.,  1.,  0.,  0.,  0.,  1.,  1.,  1.,  1.,  0.,  0.,  1.,
         1.])
[2023-11-19 19:29:08,410][__main__][INFO] - epoch: 370
[2023-11-19 19:29:11,654][__main__][INFO] - alignment: tensor([16.,  6.,  7.,  1.,  0.,  0.,  0.,  1.,  1.,  1.,  1.,  0.,  0.,  1.,
         1.])
[2023-11-19 19:29:11,654][__main__][INFO] - epoch: 380
[2023-11-19 19:29:14,794][__main__][INFO] - alignment: tensor([16.,  5.,  4.,  1.,  1.,  0.,  0.,  1.,  1.,  1.,  1.,  0.,  0.,  1.,
         1.])
[2023-11-19 19:29:14,794][__main__][INFO] - epoch: 390
[2023-11-19 19:29:18,127][__main__][INFO] - alignment: tensor([12.,  4.,  4.,  1.,  1.,  0.,  0.,  1.,  1.,  1.,  1.,  0.,  0.,  1.,
         1.])
[2023-11-19 19:29:18,128][__main__][INFO] - epoch: 400
[2023-11-19 19:29:21,305][__main__][INFO] - alignment: tensor([10.,  4.,  5.,  1.,  1.,  0.,  1.,  1.,  1.,  1.,  1.,  0.,  0.,  1.,
         1.])
[2023-11-19 19:29:21,306][__main__][INFO] - epoch: 410
[2023-11-19 19:29:24,222][__main__][INFO] - alignment: tensor([9., 4., 4., 1., 1., 1., 1., 1., 1., 1., 1., 1., 0., 1., 1.])
[2023-11-19 19:29:24,222][__main__][INFO] - epoch: 420
[2023-11-19 19:29:26,907][__main__][INFO] - alignment: tensor([7., 4., 4., 1., 1., 1., 1., 1., 1., 1., 1., 1., 1., 1., 1.])
[2023-11-19 19:29:26,908][__main__][INFO] - epoch: 430
[2023-11-19 19:29:29,738][__main__][INFO] - alignment: tensor([6., 4., 4., 1., 1., 1., 1., 1., 1., 1., 1., 1., 1., 1., 1.])
[2023-11-19 19:29:29,739][__main__][INFO] - epoch: 440
[2023-11-19 19:29:32,484][__main__][INFO] - alignment: tensor([5., 4., 4., 1., 1., 1., 1., 1., 1., 1., 1., 1., 1., 1., 1.])
[2023-11-19 19:29:32,485][__main__][INFO] - epoch: 450
[2023-11-19 19:29:35,194][__main__][INFO] - alignment: tensor([5., 4., 4., 1., 1., 1., 1., 1., 1., 1., 1., 1., 1., 1., 1.])
[2023-11-19 19:29:35,194][__main__][INFO] - epoch: 460
[2023-11-19 19:29:38,051][__main__][INFO] - alignment: tensor([5., 5., 4., 1., 1., 1., 1., 1., 1., 1., 1., 1., 1., 1., 1.])
[2023-11-19 19:29:38,054][__main__][INFO] - epoch: 470
[2023-11-19 19:29:40,823][__main__][INFO] - alignment: tensor([6., 4., 4., 1., 1., 1., 1., 1., 1., 1., 1., 1., 1., 1., 1.])
[2023-11-19 19:29:40,823][__main__][INFO] - epoch: 480
[2023-11-19 19:29:43,740][__main__][INFO] - alignment: tensor([7., 5., 4., 1., 1., 1., 1., 1., 1., 1., 1., 1., 1., 1., 1.])
[2023-11-19 19:29:43,740][__main__][INFO] - epoch: 490
[2023-11-19 19:29:46,668][__main__][INFO] - alignment: tensor([6., 4., 4., 1., 1., 1., 1., 1., 1., 1., 1., 1., 1., 1., 1.])
[2023-11-19 19:29:46,668][__main__][INFO] - epoch: 500
[2023-11-19 19:29:49,856][__main__][INFO] - alignment: tensor([6., 4., 4., 1., 1., 1., 1., 1., 1., 1., 1., 1., 1., 1., 1.])
[2023-11-19 19:29:49,857][__main__][INFO] - epoch: 510
[2023-11-19 19:29:52,667][__main__][INFO] - alignment: tensor([7., 4., 4., 1., 1., 1., 1., 1., 1., 1., 1., 1., 1., 1., 1.])
[2023-11-19 19:29:52,667][__main__][INFO] - epoch: 520
[2023-11-19 19:29:55,510][__main__][INFO] - alignment: tensor([6., 3., 4., 1., 1., 1., 1., 1., 1., 1., 1., 1., 1., 1., 1.])
[2023-11-19 19:29:55,511][__main__][INFO] - epoch: 530
[2023-11-19 19:29:58,370][__main__][INFO] - alignment: tensor([5., 4., 4., 1., 1., 1., 1., 1., 1., 1., 1., 1., 1., 1., 1.])
[2023-11-19 19:29:58,370][__main__][INFO] - epoch: 540
[2023-11-19 19:30:01,621][__main__][INFO] - alignment: tensor([5., 3., 4., 1., 1., 2., 1., 1., 1., 1., 1., 1., 1., 1., 1.])
[2023-11-19 19:30:01,622][__main__][INFO] - epoch: 550
[2023-11-19 19:30:04,812][__main__][INFO] - alignment: tensor([6., 4., 4., 1., 1., 1., 1., 1., 1., 1., 1., 1., 1., 1., 1.])
[2023-11-19 19:30:04,812][__main__][INFO] - epoch: 560
[2023-11-19 19:30:07,851][__main__][INFO] - alignment: tensor([5., 4., 4., 1., 1., 2., 1., 1., 1., 1., 1., 1., 1., 1., 1.])
[2023-11-19 19:30:07,852][__main__][INFO] - epoch: 570
[2023-11-19 19:30:10,869][__main__][INFO] - alignment: tensor([5., 4., 4., 1., 1., 2., 1., 1., 1., 1., 1., 1., 1., 1., 1.])
[2023-11-19 19:30:10,969][__main__][INFO] - Training losses plot: train_losses.png
[2023-11-19 19:30:11,059][__main__][INFO] - Accuracies plot: accuracies.png
