[2023-11-19 14:41:05,954][hydra.utils][INFO] - Logging from main
[2023-11-19 15:16:25,075][__main__][INFO] - Model weights saved at: model.pt
[2023-11-19 15:16:25,088][__main__][INFO] - Training accuracy: 0.9999074074074074
[2023-11-19 15:16:25,089][__main__][INFO] - Testing accuracy: 0.9398333333333333
[2023-11-19 15:16:25,089][__main__][INFO] - feat_thresh: 0.1
[2023-11-19 15:16:25,089][__main__][INFO] - epoch: 0
[2023-11-19 15:16:25,623][__main__][INFO] - alignment: tensor([0., 0., 0., 0., 0., 0., 0., 0., 0., 0., 0., 0., 0., 0., 0.])
[2023-11-19 15:16:25,623][__main__][INFO] - epoch: 10
[2023-11-19 15:16:26,116][__main__][INFO] - alignment: tensor([0., 0., 0., 0., 0., 0., 0., 0., 0., 0., 0., 0., 0., 0., 0.])
[2023-11-19 15:16:26,116][__main__][INFO] - epoch: 20
[2023-11-19 15:16:26,606][__main__][INFO] - alignment: tensor([0., 0., 0., 0., 0., 0., 0., 0., 0., 0., 0., 0., 0., 0., 0.])
[2023-11-19 15:16:26,606][__main__][INFO] - epoch: 30
[2023-11-19 15:16:27,104][__main__][INFO] - alignment: tensor([0., 0., 0., 0., 0., 0., 0., 0., 0., 0., 0., 0., 0., 0., 0.])
[2023-11-19 15:16:27,105][__main__][INFO] - epoch: 40
[2023-11-19 15:16:27,618][__main__][INFO] - alignment: tensor([0., 0., 0., 0., 0., 0., 0., 0., 0., 0., 0., 0., 0., 0., 0.])
[2023-11-19 15:16:27,619][__main__][INFO] - epoch: 50
[2023-11-19 15:16:28,113][__main__][INFO] - alignment: tensor([0., 0., 0., 0., 0., 0., 0., 0., 0., 0., 0., 0., 0., 0., 0.])
[2023-11-19 15:16:28,113][__main__][INFO] - epoch: 60
[2023-11-19 15:16:28,617][__main__][INFO] - alignment: tensor([0., 0., 0., 0., 0., 0., 0., 0., 0., 0., 0., 0., 0., 0., 0.])
[2023-11-19 15:16:28,617][__main__][INFO] - epoch: 70
[2023-11-19 15:16:29,131][__main__][INFO] - alignment: tensor([0., 0., 0., 0., 0., 0., 0., 0., 0., 0., 0., 0., 0., 0., 0.])
[2023-11-19 15:16:29,131][__main__][INFO] - epoch: 80
[2023-11-19 15:16:29,649][__main__][INFO] - alignment: tensor([0., 0., 0., 0., 0., 0., 0., 0., 0., 0., 0., 0., 0., 0., 0.])
[2023-11-19 15:16:29,649][__main__][INFO] - epoch: 90
[2023-11-19 15:16:30,156][__main__][INFO] - alignment: tensor([0., 0., 0., 0., 0., 0., 0., 0., 0., 0., 0., 0., 0., 0., 0.])
[2023-11-19 15:16:30,156][__main__][INFO] - epoch: 100
[2023-11-19 15:16:30,668][__main__][INFO] - alignment: tensor([0., 0., 0., 0., 0., 0., 0., 0., 0., 0., 0., 0., 0., 0., 0.])
[2023-11-19 15:16:30,668][__main__][INFO] - epoch: 110
[2023-11-19 15:16:31,197][__main__][INFO] - alignment: tensor([0., 0., 0., 0., 0., 0., 0., 0., 0., 0., 0., 0., 0., 0., 0.])
[2023-11-19 15:16:31,198][__main__][INFO] - epoch: 120
[2023-11-19 15:16:31,691][__main__][INFO] - alignment: tensor([0., 0., 0., 0., 0., 0., 0., 0., 0., 0., 0., 0., 0., 0., 0.])
[2023-11-19 15:16:31,691][__main__][INFO] - epoch: 130
[2023-11-19 15:16:32,181][__main__][INFO] - alignment: tensor([0., 0., 0., 0., 0., 0., 0., 0., 0., 0., 0., 0., 0., 0., 0.])
[2023-11-19 15:16:32,181][__main__][INFO] - epoch: 140
[2023-11-19 15:16:32,677][__main__][INFO] - alignment: tensor([1., 0., 0., 0., 0., 0., 0., 0., 0., 0., 0., 0., 0., 0., 0.])
[2023-11-19 15:16:32,677][__main__][INFO] - epoch: 150
[2023-11-19 15:16:33,217][__main__][INFO] - alignment: tensor([1., 0., 0., 0., 0., 0., 0., 0., 0., 0., 0., 0., 0., 0., 0.])
[2023-11-19 15:16:33,217][__main__][INFO] - epoch: 160
[2023-11-19 15:16:33,728][__main__][INFO] - alignment: tensor([2., 0., 0., 0., 0., 0., 0., 0., 0., 0., 0., 0., 0., 0., 0.])
[2023-11-19 15:16:33,728][__main__][INFO] - epoch: 170
[2023-11-19 15:16:34,264][__main__][INFO] - alignment: tensor([2., 1., 0., 0., 0., 0., 0., 0., 0., 0., 0., 0., 0., 0., 0.])
[2023-11-19 15:16:34,264][__main__][INFO] - epoch: 180
[2023-11-19 15:16:34,758][__main__][INFO] - alignment: tensor([12.,  1.,  1.,  0.,  0.,  0.,  0.,  0.,  0.,  0.,  0.,  0.,  0.,  0.,
         0.])
[2023-11-19 15:16:34,758][__main__][INFO] - epoch: 190
[2023-11-19 15:16:35,267][__main__][INFO] - alignment: tensor([15.,  1.,  2.,  0.,  0.,  0.,  0.,  0.,  0.,  1.,  0.,  0.,  0.,  0.,
         0.])
[2023-11-19 15:16:35,268][__main__][INFO] - epoch: 200
[2023-11-19 15:16:35,941][__main__][INFO] - alignment: tensor([15.,  1.,  2.,  1.,  0.,  0.,  0.,  0.,  0.,  1.,  0.,  0.,  0.,  0.,
         0.])
[2023-11-19 15:16:35,941][__main__][INFO] - epoch: 210
[2023-11-19 15:16:36,518][__main__][INFO] - alignment: tensor([15.,  1.,  2.,  1.,  0.,  0.,  0.,  0.,  0.,  1.,  0.,  0.,  0.,  0.,
         0.])
[2023-11-19 15:16:36,519][__main__][INFO] - epoch: 220
[2023-11-19 15:16:37,044][__main__][INFO] - alignment: tensor([14.,  2.,  1.,  1.,  0.,  0.,  0.,  0.,  0.,  1.,  0.,  0.,  0.,  0.,
         0.])
[2023-11-19 15:16:37,045][__main__][INFO] - epoch: 230
[2023-11-19 15:16:37,561][__main__][INFO] - alignment: tensor([13.,  2.,  1.,  1.,  0.,  0.,  0.,  0.,  0.,  1.,  0.,  0.,  0.,  0.,
         1.])
[2023-11-19 15:16:37,561][__main__][INFO] - epoch: 240
[2023-11-19 15:16:38,098][__main__][INFO] - alignment: tensor([12.,  2.,  1.,  1.,  1.,  1.,  0.,  0.,  0.,  1.,  0.,  0.,  1.,  0.,
         1.])
[2023-11-19 15:16:38,098][__main__][INFO] - epoch: 250
[2023-11-19 15:16:38,625][__main__][INFO] - alignment: tensor([11.,  2.,  2.,  1.,  0.,  1.,  0.,  0.,  0.,  1.,  0.,  0.,  1.,  0.,
         1.])
[2023-11-19 15:16:38,625][__main__][INFO] - epoch: 260
[2023-11-19 15:16:39,154][__main__][INFO] - alignment: tensor([9., 2., 2., 2., 0., 1., 0., 0., 0., 1., 0., 0., 2., 0., 1.])
[2023-11-19 15:16:39,155][__main__][INFO] - epoch: 270
[2023-11-19 15:16:39,692][__main__][INFO] - alignment: tensor([10.,  1.,  2.,  2.,  0.,  1.,  0.,  0.,  0.,  1.,  0.,  1.,  2.,  0.,
         1.])
[2023-11-19 15:16:39,692][__main__][INFO] - epoch: 280
[2023-11-19 15:16:40,237][__main__][INFO] - alignment: tensor([8., 1., 2., 2., 0., 1., 0., 0., 0., 1., 0., 1., 2., 0., 1.])
[2023-11-19 15:16:40,238][__main__][INFO] - epoch: 290
[2023-11-19 15:16:40,785][__main__][INFO] - alignment: tensor([9., 3., 2., 2., 0., 1., 0., 0., 0., 1., 0., 1., 2., 0., 1.])
[2023-11-19 15:16:40,785][__main__][INFO] - epoch: 300
[2023-11-19 15:16:41,348][__main__][INFO] - alignment: tensor([7., 3., 2., 2., 0., 1., 0., 0., 0., 1., 0., 1., 2., 0., 1.])
[2023-11-19 15:16:41,348][__main__][INFO] - epoch: 310
[2023-11-19 15:16:41,891][__main__][INFO] - alignment: tensor([8., 2., 2., 2., 0., 1., 0., 0., 0., 1., 0., 1., 2., 0., 1.])
[2023-11-19 15:16:41,891][__main__][INFO] - epoch: 320
[2023-11-19 15:16:42,456][__main__][INFO] - alignment: tensor([6., 0., 2., 2., 0., 1., 0., 0., 0., 1., 0., 1., 2., 0., 1.])
[2023-11-19 15:16:42,456][__main__][INFO] - epoch: 330
[2023-11-19 15:16:42,988][__main__][INFO] - alignment: tensor([10.,  5.,  2.,  2.,  0.,  1.,  0.,  0.,  0.,  1.,  0.,  1.,  2.,  0.,
         1.])
[2023-11-19 15:16:42,988][__main__][INFO] - epoch: 340
[2023-11-19 15:16:43,475][__main__][INFO] - alignment: tensor([10.,  5.,  2.,  2.,  0.,  1.,  0.,  0.,  0.,  1.,  0.,  1.,  2.,  0.,
         1.])
[2023-11-19 15:16:43,475][__main__][INFO] - feat_thresh: 0.2
[2023-11-19 15:16:43,475][__main__][INFO] - epoch: 0
[2023-11-19 15:16:43,966][__main__][INFO] - alignment: tensor([0., 0., 0., 0., 0., 0., 0., 0., 0., 0., 0., 0., 0., 0., 0.])
[2023-11-19 15:16:43,966][__main__][INFO] - epoch: 10
[2023-11-19 15:16:44,470][__main__][INFO] - alignment: tensor([0., 0., 0., 0., 0., 0., 0., 0., 0., 0., 0., 0., 0., 0., 0.])
[2023-11-19 15:16:44,470][__main__][INFO] - epoch: 20
[2023-11-19 15:16:44,992][__main__][INFO] - alignment: tensor([0., 0., 0., 0., 0., 0., 0., 0., 0., 0., 0., 0., 0., 0., 0.])
[2023-11-19 15:16:44,992][__main__][INFO] - epoch: 30
[2023-11-19 15:16:45,498][__main__][INFO] - alignment: tensor([0., 0., 0., 0., 0., 0., 0., 0., 0., 0., 0., 0., 0., 0., 0.])
[2023-11-19 15:16:45,499][__main__][INFO] - epoch: 40
[2023-11-19 15:16:46,004][__main__][INFO] - alignment: tensor([0., 0., 0., 0., 0., 0., 0., 0., 0., 0., 0., 0., 0., 0., 0.])
[2023-11-19 15:16:46,005][__main__][INFO] - epoch: 50
[2023-11-19 15:16:46,496][__main__][INFO] - alignment: tensor([0., 0., 0., 0., 0., 0., 0., 0., 0., 0., 0., 0., 0., 0., 0.])
[2023-11-19 15:16:46,496][__main__][INFO] - epoch: 60
[2023-11-19 15:16:47,027][__main__][INFO] - alignment: tensor([0., 0., 0., 0., 0., 0., 0., 0., 0., 0., 0., 0., 0., 0., 0.])
[2023-11-19 15:16:47,027][__main__][INFO] - epoch: 70
[2023-11-19 15:16:47,528][__main__][INFO] - alignment: tensor([0., 0., 0., 0., 0., 0., 0., 0., 0., 0., 0., 0., 0., 0., 0.])
[2023-11-19 15:16:47,529][__main__][INFO] - epoch: 80
[2023-11-19 15:16:48,037][__main__][INFO] - alignment: tensor([0., 0., 0., 0., 0., 0., 0., 0., 0., 0., 0., 0., 0., 0., 0.])
[2023-11-19 15:16:48,037][__main__][INFO] - epoch: 90
[2023-11-19 15:16:48,533][__main__][INFO] - alignment: tensor([0., 0., 0., 0., 0., 0., 0., 0., 0., 0., 0., 0., 0., 0., 0.])
[2023-11-19 15:16:48,534][__main__][INFO] - epoch: 100
[2023-11-19 15:16:49,047][__main__][INFO] - alignment: tensor([0., 0., 0., 0., 0., 0., 0., 0., 0., 0., 0., 0., 0., 0., 0.])
[2023-11-19 15:16:49,048][__main__][INFO] - epoch: 110
[2023-11-19 15:16:49,523][__main__][INFO] - alignment: tensor([0., 0., 0., 0., 0., 0., 0., 0., 0., 0., 0., 0., 0., 0., 0.])
[2023-11-19 15:16:49,523][__main__][INFO] - epoch: 120
[2023-11-19 15:16:50,013][__main__][INFO] - alignment: tensor([0., 0., 0., 0., 0., 0., 0., 0., 0., 0., 0., 0., 0., 0., 0.])
[2023-11-19 15:16:50,013][__main__][INFO] - epoch: 130
[2023-11-19 15:16:50,540][__main__][INFO] - alignment: tensor([1., 0., 0., 0., 0., 0., 0., 0., 0., 0., 0., 0., 0., 0., 0.])
[2023-11-19 15:16:50,540][__main__][INFO] - epoch: 140
[2023-11-19 15:16:51,052][__main__][INFO] - alignment: tensor([3., 0., 0., 0., 0., 0., 0., 0., 0., 0., 0., 0., 0., 0., 0.])
[2023-11-19 15:16:51,053][__main__][INFO] - epoch: 150
[2023-11-19 15:16:51,538][__main__][INFO] - alignment: tensor([7., 0., 0., 0., 0., 0., 0., 0., 0., 0., 0., 0., 0., 0., 0.])
[2023-11-19 15:16:51,538][__main__][INFO] - epoch: 160
[2023-11-19 15:16:52,026][__main__][INFO] - alignment: tensor([13.,  0.,  1.,  0.,  0.,  0.,  0.,  0.,  0.,  0.,  0.,  0.,  0.,  0.,
         0.])
[2023-11-19 15:16:52,026][__main__][INFO] - epoch: 170
[2023-11-19 15:16:52,505][__main__][INFO] - alignment: tensor([24.,  1.,  1.,  0.,  0.,  0.,  0.,  0.,  0.,  0.,  0.,  0.,  0.,  0.,
         0.])
[2023-11-19 15:16:52,505][__main__][INFO] - epoch: 180
[2023-11-19 15:16:53,003][__main__][INFO] - alignment: tensor([45.,  1.,  1.,  0.,  0.,  0.,  0.,  0.,  0.,  1.,  0.,  0.,  0.,  0.,
         0.])
[2023-11-19 15:16:53,004][__main__][INFO] - epoch: 190
[2023-11-19 15:16:53,506][__main__][INFO] - alignment: tensor([52.,  1.,  2.,  0.,  0.,  0.,  0.,  0.,  0.,  1.,  0.,  0.,  0.,  0.,
         0.])
[2023-11-19 15:16:53,506][__main__][INFO] - epoch: 200
[2023-11-19 15:16:54,009][__main__][INFO] - alignment: tensor([36.,  2.,  2.,  1.,  0.,  0.,  0.,  0.,  0.,  1.,  0.,  0.,  0.,  0.,
         1.])
[2023-11-19 15:16:54,009][__main__][INFO] - epoch: 210
[2023-11-19 15:16:54,459][__main__][INFO] - alignment: tensor([29.,  2.,  2.,  1.,  0.,  0.,  1.,  0.,  0.,  1.,  0.,  0.,  0.,  0.,
         1.])
[2023-11-19 15:16:54,459][__main__][INFO] - epoch: 220
[2023-11-19 15:16:54,910][__main__][INFO] - alignment: tensor([25.,  2.,  2.,  1.,  1.,  0.,  1.,  0.,  0.,  1.,  0.,  0.,  0.,  0.,
         1.])
[2023-11-19 15:16:54,911][__main__][INFO] - epoch: 230
[2023-11-19 15:16:55,358][__main__][INFO] - alignment: tensor([23.,  3.,  2.,  1.,  2.,  1.,  1.,  0.,  0.,  1.,  0.,  0.,  2.,  0.,
         1.])
[2023-11-19 15:16:55,359][__main__][INFO] - epoch: 240
[2023-11-19 15:16:55,803][__main__][INFO] - alignment: tensor([22.,  3.,  2.,  1.,  2.,  1.,  1.,  0.,  0.,  1.,  0.,  1.,  2.,  0.,
         1.])
[2023-11-19 15:16:55,803][__main__][INFO] - epoch: 250
[2023-11-19 15:16:56,247][__main__][INFO] - alignment: tensor([22.,  4.,  2.,  2.,  2.,  1.,  1.,  0.,  1.,  1.,  0.,  1.,  2.,  0.,
         1.])
[2023-11-19 15:16:56,248][__main__][INFO] - epoch: 260
[2023-11-19 15:16:56,698][__main__][INFO] - alignment: tensor([19.,  6.,  2.,  2.,  2.,  1.,  1.,  0.,  1.,  1.,  0.,  1.,  2.,  0.,
         1.])
[2023-11-19 15:16:56,698][__main__][INFO] - epoch: 270
[2023-11-19 15:16:57,167][__main__][INFO] - alignment: tensor([19.,  6.,  2.,  2.,  2.,  1.,  1.,  0.,  1.,  1.,  0.,  1.,  2.,  0.,
         1.])
[2023-11-19 15:16:57,167][__main__][INFO] - epoch: 280
[2023-11-19 15:16:57,703][__main__][INFO] - alignment: tensor([18.,  6.,  2.,  2.,  2.,  1.,  1.,  0.,  1.,  1.,  0.,  1.,  2.,  0.,
         1.])
[2023-11-19 15:16:57,703][__main__][INFO] - epoch: 290
[2023-11-19 15:16:58,179][__main__][INFO] - alignment: tensor([18.,  6.,  2.,  2.,  2.,  1.,  1.,  0.,  1.,  1.,  0.,  1.,  2.,  0.,
         1.])
[2023-11-19 15:16:58,180][__main__][INFO] - epoch: 300
[2023-11-19 15:16:58,628][__main__][INFO] - alignment: tensor([16.,  8.,  3.,  2.,  2.,  1.,  1.,  0.,  1.,  1.,  0.,  1.,  2.,  0.,
         1.])
[2023-11-19 15:16:58,628][__main__][INFO] - epoch: 310
[2023-11-19 15:16:59,120][__main__][INFO] - alignment: tensor([19.,  8.,  3.,  2.,  2.,  1.,  1.,  0.,  1.,  1.,  0.,  1.,  2.,  0.,
         1.])
[2023-11-19 15:16:59,120][__main__][INFO] - epoch: 320
[2023-11-19 15:16:59,605][__main__][INFO] - alignment: tensor([17.,  8.,  3.,  2.,  2.,  1.,  1.,  0.,  1.,  1.,  0.,  1.,  2.,  0.,
         1.])
[2023-11-19 15:16:59,606][__main__][INFO] - epoch: 330
[2023-11-19 15:17:00,089][__main__][INFO] - alignment: tensor([17.,  8.,  3.,  2.,  2.,  1.,  1.,  0.,  1.,  1.,  0.,  1.,  2.,  0.,
         1.])
[2023-11-19 15:17:00,089][__main__][INFO] - epoch: 340
[2023-11-19 15:17:00,579][__main__][INFO] - alignment: tensor([17.,  8.,  3.,  2.,  2.,  1.,  1.,  0.,  1.,  1.,  0.,  1.,  2.,  0.,
         1.])
[2023-11-19 15:17:00,579][__main__][INFO] - feat_thresh: 0.3
[2023-11-19 15:17:00,579][__main__][INFO] - epoch: 0
[2023-11-19 15:17:01,122][__main__][INFO] - alignment: tensor([0., 0., 0., 0., 0., 0., 0., 0., 0., 0., 0., 0., 0., 0., 0.])
[2023-11-19 15:17:01,123][__main__][INFO] - epoch: 10
[2023-11-19 15:17:01,589][__main__][INFO] - alignment: tensor([0., 0., 0., 0., 0., 0., 0., 0., 0., 0., 0., 0., 0., 0., 0.])
[2023-11-19 15:17:01,589][__main__][INFO] - epoch: 20
[2023-11-19 15:17:02,057][__main__][INFO] - alignment: tensor([0., 0., 0., 0., 0., 0., 0., 0., 0., 0., 0., 0., 0., 0., 0.])
[2023-11-19 15:17:02,058][__main__][INFO] - epoch: 30
[2023-11-19 15:17:02,542][__main__][INFO] - alignment: tensor([0., 0., 0., 0., 0., 0., 0., 0., 0., 0., 0., 0., 0., 0., 0.])
[2023-11-19 15:17:02,543][__main__][INFO] - epoch: 40
[2023-11-19 15:17:02,996][__main__][INFO] - alignment: tensor([0., 0., 0., 0., 0., 0., 0., 0., 0., 0., 0., 0., 0., 0., 0.])
[2023-11-19 15:17:02,996][__main__][INFO] - epoch: 50
[2023-11-19 15:17:03,450][__main__][INFO] - alignment: tensor([0., 0., 0., 0., 0., 0., 0., 0., 0., 0., 0., 0., 0., 0., 0.])
[2023-11-19 15:17:03,450][__main__][INFO] - epoch: 60
[2023-11-19 15:17:03,937][__main__][INFO] - alignment: tensor([0., 0., 0., 0., 0., 0., 0., 0., 0., 0., 0., 0., 0., 0., 0.])
[2023-11-19 15:17:03,937][__main__][INFO] - epoch: 70
[2023-11-19 15:17:04,384][__main__][INFO] - alignment: tensor([0., 0., 0., 0., 0., 0., 0., 0., 0., 0., 0., 0., 0., 0., 0.])
[2023-11-19 15:17:04,384][__main__][INFO] - epoch: 80
[2023-11-19 15:17:04,831][__main__][INFO] - alignment: tensor([0., 0., 0., 0., 0., 0., 0., 0., 0., 0., 0., 0., 0., 0., 0.])
[2023-11-19 15:17:04,831][__main__][INFO] - epoch: 90
[2023-11-19 15:17:05,302][__main__][INFO] - alignment: tensor([0., 0., 0., 0., 0., 0., 0., 0., 0., 0., 0., 0., 0., 0., 0.])
[2023-11-19 15:17:05,302][__main__][INFO] - epoch: 100
[2023-11-19 15:17:05,788][__main__][INFO] - alignment: tensor([0., 0., 0., 0., 0., 0., 0., 0., 0., 0., 0., 0., 0., 0., 0.])
[2023-11-19 15:17:05,788][__main__][INFO] - epoch: 110
[2023-11-19 15:17:06,236][__main__][INFO] - alignment: tensor([0., 0., 0., 0., 0., 0., 0., 0., 0., 0., 0., 0., 0., 0., 0.])
[2023-11-19 15:17:06,237][__main__][INFO] - epoch: 120
[2023-11-19 15:17:06,685][__main__][INFO] - alignment: tensor([1., 0., 0., 0., 0., 0., 0., 0., 0., 0., 0., 0., 0., 0., 0.])
[2023-11-19 15:17:06,685][__main__][INFO] - epoch: 130
[2023-11-19 15:17:07,133][__main__][INFO] - alignment: tensor([4., 0., 0., 0., 0., 0., 0., 0., 0., 0., 0., 0., 0., 0., 0.])
[2023-11-19 15:17:07,133][__main__][INFO] - epoch: 140
[2023-11-19 15:17:07,625][__main__][INFO] - alignment: tensor([20.,  0.,  0.,  0.,  0.,  0.,  0.,  0.,  0.,  0.,  0.,  0.,  0.,  0.,
         0.])
[2023-11-19 15:17:07,625][__main__][INFO] - epoch: 150
[2023-11-19 15:17:08,096][__main__][INFO] - alignment: tensor([43.,  0.,  1.,  0.,  0.,  0.,  0.,  0.,  0.,  0.,  0.,  0.,  0.,  0.,
         0.])
[2023-11-19 15:17:08,096][__main__][INFO] - epoch: 160
[2023-11-19 15:17:08,599][__main__][INFO] - alignment: tensor([39.,  0.,  1.,  0.,  0.,  0.,  0.,  0.,  0.,  0.,  0.,  0.,  0.,  0.,
         0.])
[2023-11-19 15:17:08,599][__main__][INFO] - epoch: 170
[2023-11-19 15:17:09,050][__main__][INFO] - alignment: tensor([64.,  2.,  3.,  0.,  0.,  0.,  0.,  0.,  0.,  1.,  0.,  0.,  0.,  0.,
         0.])
[2023-11-19 15:17:09,050][__main__][INFO] - epoch: 180
[2023-11-19 15:17:09,505][__main__][INFO] - alignment: tensor([82.,  3.,  2.,  0.,  0.,  0.,  0.,  0.,  0.,  1.,  0.,  0.,  0.,  0.,
         0.])
[2023-11-19 15:17:09,505][__main__][INFO] - epoch: 190
[2023-11-19 15:17:09,955][__main__][INFO] - alignment: tensor([75.,  2.,  4.,  1.,  1.,  0.,  0.,  0.,  0.,  1.,  0.,  0.,  0.,  0.,
         1.])
[2023-11-19 15:17:09,955][__main__][INFO] - epoch: 200
[2023-11-19 15:17:10,404][__main__][INFO] - alignment: tensor([61.,  4.,  4.,  1.,  2.,  0.,  0.,  0.,  0.,  1.,  0.,  0.,  0.,  0.,
         1.])
[2023-11-19 15:17:10,404][__main__][INFO] - epoch: 210
[2023-11-19 15:17:10,890][__main__][INFO] - alignment: tensor([49.,  6.,  4.,  1.,  2.,  0.,  1.,  0.,  1.,  1.,  0.,  0.,  0.,  0.,
         1.])
[2023-11-19 15:17:10,891][__main__][INFO] - epoch: 220
[2023-11-19 15:17:11,345][__main__][INFO] - alignment: tensor([41.,  8.,  3.,  1.,  2.,  1.,  1.,  0.,  1.,  1.,  0.,  0.,  1.,  0.,
         1.])
[2023-11-19 15:17:11,346][__main__][INFO] - epoch: 230
[2023-11-19 15:17:11,804][__main__][INFO] - alignment: tensor([34., 10.,  4.,  1.,  2.,  1.,  1.,  0.,  1.,  1.,  0.,  1.,  2.,  0.,
         1.])
[2023-11-19 15:17:11,804][__main__][INFO] - epoch: 240
[2023-11-19 15:17:12,288][__main__][INFO] - alignment: tensor([32., 11.,  3.,  2.,  2.,  1.,  1.,  0.,  1.,  1.,  0.,  1.,  2.,  0.,
         1.])
[2023-11-19 15:17:12,288][__main__][INFO] - epoch: 250
[2023-11-19 15:17:12,769][__main__][INFO] - alignment: tensor([31., 13.,  3.,  2.,  2.,  1.,  1.,  0.,  1.,  1.,  0.,  1.,  2.,  0.,
         1.])
[2023-11-19 15:17:12,769][__main__][INFO] - epoch: 260
[2023-11-19 15:17:13,283][__main__][INFO] - alignment: tensor([30., 13.,  3.,  2.,  2.,  1.,  1.,  0.,  1.,  1.,  0.,  1.,  2.,  0.,
         1.])
[2023-11-19 15:17:13,283][__main__][INFO] - epoch: 270
[2023-11-19 15:17:13,761][__main__][INFO] - alignment: tensor([29., 12.,  3.,  2.,  2.,  1.,  1.,  0.,  1.,  1.,  0.,  1.,  2.,  0.,
         1.])
[2023-11-19 15:17:13,761][__main__][INFO] - epoch: 280
[2023-11-19 15:17:14,229][__main__][INFO] - alignment: tensor([29., 14.,  3.,  2.,  2.,  1.,  1.,  0.,  1.,  1.,  0.,  1.,  2.,  0.,
         1.])
[2023-11-19 15:17:14,229][__main__][INFO] - epoch: 290
[2023-11-19 15:17:14,703][__main__][INFO] - alignment: tensor([30., 13.,  3.,  2.,  2.,  1.,  1.,  0.,  1.,  1.,  0.,  1.,  2.,  0.,
         1.])
[2023-11-19 15:17:14,704][__main__][INFO] - epoch: 300
[2023-11-19 15:17:15,173][__main__][INFO] - alignment: tensor([29., 13.,  3.,  2.,  2.,  1.,  1.,  0.,  1.,  1.,  0.,  1.,  2.,  0.,
         1.])
[2023-11-19 15:17:15,173][__main__][INFO] - epoch: 310
[2023-11-19 15:17:15,640][__main__][INFO] - alignment: tensor([28., 13.,  4.,  2.,  2.,  1.,  1.,  1.,  1.,  1.,  1.,  1.,  2.,  0.,
         1.])
[2023-11-19 15:17:15,640][__main__][INFO] - epoch: 320
[2023-11-19 15:17:16,143][__main__][INFO] - alignment: tensor([29., 12.,  4.,  2.,  2.,  1.,  1.,  1.,  1.,  1.,  1.,  1.,  2.,  0.,
         1.])
[2023-11-19 15:17:16,143][__main__][INFO] - epoch: 330
[2023-11-19 15:17:16,640][__main__][INFO] - alignment: tensor([28., 12.,  4.,  2.,  2.,  1.,  1.,  1.,  1.,  1.,  1.,  1.,  2.,  0.,
         1.])
[2023-11-19 15:17:16,640][__main__][INFO] - epoch: 340
[2023-11-19 15:17:17,125][__main__][INFO] - alignment: tensor([28., 12.,  4.,  2.,  2.,  1.,  1.,  1.,  1.,  1.,  1.,  1.,  2.,  0.,
         1.])
[2023-11-19 15:17:17,217][__main__][INFO] - Training losses plot: train_losses.png
[2023-11-19 15:17:17,305][__main__][INFO] - Accuracies plot: accuracies.png
