[2023-11-18 19:38:47,526][hydra.utils][INFO] - Logging from main
[2023-11-18 20:21:18,174][__main__][INFO] - Model weights saved at: model.pt
[2023-11-18 20:21:18,198][__main__][INFO] - Training accuracy: 0.9847407407407407
[2023-11-18 20:21:18,198][__main__][INFO] - Testing accuracy: 0.8986666666666666
[2023-11-18 20:21:18,198][__main__][INFO] - feat_thresh: 0.1
[2023-11-18 20:21:18,198][__main__][INFO] - epoch: 0
[2023-11-18 20:21:18,697][__main__][INFO] - alignment: tensor([0., 0., 0., 0., 0., 0., 0., 0., 0., 0., 0., 0., 0., 0., 0.])
[2023-11-18 20:21:18,698][__main__][INFO] - epoch: 10
[2023-11-18 20:21:19,258][__main__][INFO] - alignment: tensor([0., 0., 0., 0., 0., 0., 0., 0., 0., 0., 0., 0., 0., 0., 0.])
[2023-11-18 20:21:19,258][__main__][INFO] - epoch: 20
[2023-11-18 20:21:19,805][__main__][INFO] - alignment: tensor([0., 0., 0., 0., 0., 0., 0., 0., 0., 0., 0., 0., 0., 0., 0.])
[2023-11-18 20:21:19,805][__main__][INFO] - epoch: 30
[2023-11-18 20:21:20,356][__main__][INFO] - alignment: tensor([0., 0., 0., 0., 0., 0., 0., 0., 0., 0., 0., 0., 0., 0., 0.])
[2023-11-18 20:21:20,357][__main__][INFO] - epoch: 40
[2023-11-18 20:21:20,868][__main__][INFO] - alignment: tensor([0., 0., 0., 0., 0., 0., 0., 0., 0., 0., 0., 0., 0., 0., 0.])
[2023-11-18 20:21:20,868][__main__][INFO] - epoch: 50
[2023-11-18 20:21:21,450][__main__][INFO] - alignment: tensor([0., 0., 0., 0., 0., 0., 0., 0., 0., 0., 0., 0., 0., 0., 0.])
[2023-11-18 20:21:21,450][__main__][INFO] - epoch: 60
[2023-11-18 20:21:21,987][__main__][INFO] - alignment: tensor([0., 0., 0., 0., 0., 0., 0., 0., 0., 0., 0., 0., 0., 0., 0.])
[2023-11-18 20:21:21,987][__main__][INFO] - epoch: 70
[2023-11-18 20:21:22,623][__main__][INFO] - alignment: tensor([0., 0., 0., 0., 0., 0., 0., 0., 0., 0., 0., 0., 0., 0., 0.])
[2023-11-18 20:21:22,623][__main__][INFO] - epoch: 80
[2023-11-18 20:21:23,201][__main__][INFO] - alignment: tensor([0., 0., 0., 0., 0., 0., 0., 0., 0., 0., 0., 0., 0., 0., 0.])
[2023-11-18 20:21:23,201][__main__][INFO] - epoch: 90
[2023-11-18 20:21:23,882][__main__][INFO] - alignment: tensor([0., 0., 0., 0., 0., 0., 0., 0., 0., 0., 0., 0., 0., 0., 0.])
[2023-11-18 20:21:23,882][__main__][INFO] - epoch: 100
[2023-11-18 20:21:24,441][__main__][INFO] - alignment: tensor([0., 0., 0., 0., 0., 0., 0., 0., 0., 0., 0., 0., 0., 0., 0.])
[2023-11-18 20:21:24,441][__main__][INFO] - epoch: 110
[2023-11-18 20:21:24,939][__main__][INFO] - alignment: tensor([0., 0., 0., 0., 0., 0., 0., 0., 0., 0., 0., 0., 0., 0., 0.])
[2023-11-18 20:21:24,939][__main__][INFO] - epoch: 120
[2023-11-18 20:21:25,471][__main__][INFO] - alignment: tensor([0., 0., 0., 0., 0., 0., 0., 0., 0., 0., 0., 0., 0., 0., 0.])
[2023-11-18 20:21:25,471][__main__][INFO] - epoch: 130
[2023-11-18 20:21:26,015][__main__][INFO] - alignment: tensor([0., 0., 0., 0., 0., 0., 0., 0., 0., 0., 0., 0., 0., 0., 0.])
[2023-11-18 20:21:26,015][__main__][INFO] - epoch: 140
[2023-11-18 20:21:26,567][__main__][INFO] - alignment: tensor([0., 0., 0., 0., 0., 0., 0., 0., 0., 0., 0., 0., 0., 0., 0.])
[2023-11-18 20:21:26,567][__main__][INFO] - epoch: 150
[2023-11-18 20:21:27,093][__main__][INFO] - alignment: tensor([0., 0., 0., 0., 0., 0., 0., 0., 0., 0., 0., 0., 0., 0., 0.])
[2023-11-18 20:21:27,093][__main__][INFO] - epoch: 160
[2023-11-18 20:21:27,607][__main__][INFO] - alignment: tensor([0., 0., 0., 0., 0., 0., 0., 0., 0., 0., 0., 0., 0., 0., 0.])
[2023-11-18 20:21:27,607][__main__][INFO] - epoch: 170
[2023-11-18 20:21:28,171][__main__][INFO] - alignment: tensor([0., 0., 0., 0., 0., 0., 0., 0., 0., 0., 0., 0., 0., 0., 0.])
[2023-11-18 20:21:28,171][__main__][INFO] - epoch: 180
[2023-11-18 20:21:28,754][__main__][INFO] - alignment: tensor([0., 0., 0., 0., 0., 0., 0., 0., 0., 0., 0., 0., 0., 0., 0.])
[2023-11-18 20:21:28,754][__main__][INFO] - epoch: 190
[2023-11-18 20:21:29,390][__main__][INFO] - alignment: tensor([0., 0., 0., 0., 0., 0., 0., 0., 0., 0., 0., 0., 0., 0., 0.])
[2023-11-18 20:21:29,390][__main__][INFO] - epoch: 200
[2023-11-18 20:21:29,987][__main__][INFO] - alignment: tensor([0., 0., 0., 0., 0., 0., 0., 0., 0., 0., 0., 0., 0., 0., 0.])
[2023-11-18 20:21:29,988][__main__][INFO] - epoch: 210
[2023-11-18 20:21:30,562][__main__][INFO] - alignment: tensor([0., 0., 0., 0., 0., 0., 0., 0., 0., 0., 0., 0., 0., 0., 0.])
[2023-11-18 20:21:30,562][__main__][INFO] - epoch: 220
[2023-11-18 20:21:31,201][__main__][INFO] - alignment: tensor([0., 0., 0., 0., 0., 0., 0., 0., 0., 0., 0., 0., 0., 0., 0.])
[2023-11-18 20:21:31,201][__main__][INFO] - epoch: 230
[2023-11-18 20:21:31,784][__main__][INFO] - alignment: tensor([0., 0., 0., 0., 0., 0., 0., 0., 0., 0., 0., 0., 0., 0., 0.])
[2023-11-18 20:21:31,784][__main__][INFO] - epoch: 240
[2023-11-18 20:21:32,403][__main__][INFO] - alignment: tensor([0., 0., 0., 0., 0., 0., 0., 0., 0., 0., 0., 0., 0., 0., 0.])
[2023-11-18 20:21:32,404][__main__][INFO] - epoch: 250
[2023-11-18 20:21:32,970][__main__][INFO] - alignment: tensor([0., 0., 0., 0., 0., 0., 0., 0., 0., 0., 0., 0., 0., 0., 0.])
[2023-11-18 20:21:32,970][__main__][INFO] - epoch: 260
[2023-11-18 20:21:33,519][__main__][INFO] - alignment: tensor([0., 0., 0., 0., 0., 0., 0., 0., 0., 0., 0., 0., 0., 0., 0.])
[2023-11-18 20:21:33,519][__main__][INFO] - epoch: 270
[2023-11-18 20:21:34,173][__main__][INFO] - alignment: tensor([0., 0., 0., 0., 0., 0., 0., 0., 0., 0., 0., 0., 0., 0., 0.])
[2023-11-18 20:21:34,173][__main__][INFO] - epoch: 280
[2023-11-18 20:21:34,687][__main__][INFO] - alignment: tensor([0., 0., 0., 0., 0., 0., 0., 0., 0., 0., 0., 0., 0., 0., 0.])
[2023-11-18 20:21:34,688][__main__][INFO] - epoch: 290
[2023-11-18 20:21:35,340][__main__][INFO] - alignment: tensor([0., 0., 0., 0., 0., 0., 0., 0., 0., 0., 0., 0., 0., 0., 0.])
[2023-11-18 20:21:35,340][__main__][INFO] - epoch: 300
[2023-11-18 20:21:35,861][__main__][INFO] - alignment: tensor([0., 0., 0., 0., 0., 0., 0., 0., 0., 0., 0., 0., 0., 0., 0.])
[2023-11-18 20:21:35,861][__main__][INFO] - epoch: 310
[2023-11-18 20:21:36,459][__main__][INFO] - alignment: tensor([0., 0., 0., 0., 0., 0., 0., 0., 0., 0., 0., 0., 0., 0., 0.])
[2023-11-18 20:21:36,460][__main__][INFO] - epoch: 320
[2023-11-18 20:21:37,015][__main__][INFO] - alignment: tensor([0., 0., 0., 0., 0., 0., 0., 0., 0., 0., 0., 0., 0., 0., 0.])
[2023-11-18 20:21:37,015][__main__][INFO] - epoch: 330
[2023-11-18 20:21:37,544][__main__][INFO] - alignment: tensor([0., 0., 0., 0., 0., 0., 0., 0., 0., 0., 0., 0., 0., 0., 0.])
[2023-11-18 20:21:37,545][__main__][INFO] - epoch: 340
[2023-11-18 20:21:38,125][__main__][INFO] - alignment: tensor([1., 0., 0., 0., 0., 0., 0., 0., 0., 0., 0., 0., 0., 0., 0.])
[2023-11-18 20:21:38,126][__main__][INFO] - epoch: 350
[2023-11-18 20:21:38,656][__main__][INFO] - alignment: tensor([1., 0., 0., 0., 0., 0., 0., 0., 0., 0., 0., 0., 0., 0., 0.])
[2023-11-18 20:21:38,656][__main__][INFO] - epoch: 360
[2023-11-18 20:21:39,248][__main__][INFO] - alignment: tensor([2., 0., 0., 0., 0., 0., 0., 0., 0., 0., 0., 0., 0., 0., 0.])
[2023-11-18 20:21:39,248][__main__][INFO] - epoch: 370
[2023-11-18 20:21:39,770][__main__][INFO] - alignment: tensor([5., 0., 0., 0., 0., 0., 0., 0., 0., 0., 0., 0., 0., 0., 0.])
[2023-11-18 20:21:39,770][__main__][INFO] - epoch: 380
[2023-11-18 20:21:40,263][__main__][INFO] - alignment: tensor([7., 0., 1., 0., 0., 0., 0., 0., 0., 0., 0., 0., 0., 0., 0.])
[2023-11-18 20:21:40,263][__main__][INFO] - epoch: 390
[2023-11-18 20:21:40,795][__main__][INFO] - alignment: tensor([11.,  0.,  1.,  0.,  0.,  0.,  0.,  0.,  0.,  0.,  0.,  0.,  0.,  0.,
         0.])
[2023-11-18 20:21:40,795][__main__][INFO] - epoch: 400
[2023-11-18 20:21:41,318][__main__][INFO] - alignment: tensor([8., 0., 1., 0., 0., 0., 0., 0., 0., 0., 0., 0., 0., 0., 0.])
[2023-11-18 20:21:41,318][__main__][INFO] - epoch: 410
[2023-11-18 20:21:41,820][__main__][INFO] - alignment: tensor([9., 0., 1., 0., 0., 0., 0., 0., 0., 0., 0., 0., 0., 0., 0.])
[2023-11-18 20:21:41,820][__main__][INFO] - epoch: 420
[2023-11-18 20:21:42,345][__main__][INFO] - alignment: tensor([8., 0., 1., 0., 0., 0., 0., 0., 0., 0., 0., 0., 0., 0., 0.])
[2023-11-18 20:21:42,345][__main__][INFO] - epoch: 430
[2023-11-18 20:21:42,936][__main__][INFO] - alignment: tensor([8., 0., 1., 0., 0., 0., 0., 0., 0., 0., 0., 0., 0., 0., 0.])
[2023-11-18 20:21:42,936][__main__][INFO] - epoch: 440
[2023-11-18 20:21:43,496][__main__][INFO] - alignment: tensor([9., 0., 1., 0., 0., 0., 0., 0., 0., 0., 0., 0., 0., 0., 0.])
[2023-11-18 20:21:43,496][__main__][INFO] - epoch: 450
[2023-11-18 20:21:44,066][__main__][INFO] - alignment: tensor([8., 0., 1., 0., 0., 0., 0., 0., 0., 0., 0., 0., 0., 0., 0.])
[2023-11-18 20:21:44,066][__main__][INFO] - epoch: 460
[2023-11-18 20:21:44,600][__main__][INFO] - alignment: tensor([9., 0., 1., 0., 0., 0., 0., 0., 0., 0., 0., 0., 0., 0., 0.])
[2023-11-18 20:21:44,600][__main__][INFO] - epoch: 470
[2023-11-18 20:21:45,093][__main__][INFO] - alignment: tensor([9., 2., 1., 0., 0., 0., 0., 0., 0., 0., 0., 0., 0., 0., 0.])
[2023-11-18 20:21:45,093][__main__][INFO] - epoch: 480
[2023-11-18 20:21:45,645][__main__][INFO] - alignment: tensor([9., 3., 1., 0., 0., 0., 0., 0., 0., 0., 0., 0., 0., 0., 0.])
[2023-11-18 20:21:45,645][__main__][INFO] - epoch: 490
[2023-11-18 20:21:46,148][__main__][INFO] - alignment: tensor([9., 3., 1., 0., 0., 0., 0., 0., 0., 0., 0., 0., 0., 0., 0.])
[2023-11-18 20:21:46,148][__main__][INFO] - epoch: 500
[2023-11-18 20:21:46,689][__main__][INFO] - alignment: tensor([10.,  3.,  1.,  0.,  0.,  0.,  0.,  0.,  0.,  0.,  0.,  0.,  0.,  0.,
         0.])
[2023-11-18 20:21:46,690][__main__][INFO] - epoch: 510
[2023-11-18 20:21:47,253][__main__][INFO] - alignment: tensor([9., 3., 2., 0., 0., 0., 0., 0., 0., 0., 0., 0., 0., 0., 0.])
[2023-11-18 20:21:47,253][__main__][INFO] - epoch: 520
[2023-11-18 20:21:47,811][__main__][INFO] - alignment: tensor([11.,  2.,  2.,  0.,  0.,  0.,  0.,  0.,  0.,  0.,  0.,  0.,  0.,  0.,
         0.])
[2023-11-18 20:21:47,811][__main__][INFO] - epoch: 530
[2023-11-18 20:21:48,332][__main__][INFO] - alignment: tensor([10.,  2.,  2.,  0.,  0.,  0.,  0.,  0.,  0.,  0.,  0.,  0.,  0.,  0.,
         0.])
[2023-11-18 20:21:48,332][__main__][INFO] - epoch: 540
[2023-11-18 20:21:48,864][__main__][INFO] - alignment: tensor([10.,  1.,  2.,  0.,  0.,  0.,  0.,  0.,  0.,  0.,  0.,  0.,  0.,  0.,
         0.])
[2023-11-18 20:21:48,865][__main__][INFO] - feat_thresh: 0.2
[2023-11-18 20:21:48,865][__main__][INFO] - epoch: 0
[2023-11-18 20:21:49,403][__main__][INFO] - alignment: tensor([0., 0., 0., 0., 0., 0., 0., 0., 0., 0., 0., 0., 0., 0., 0.])
[2023-11-18 20:21:49,404][__main__][INFO] - epoch: 10
[2023-11-18 20:21:49,958][__main__][INFO] - alignment: tensor([0., 0., 0., 0., 0., 0., 0., 0., 0., 0., 0., 0., 0., 0., 0.])
[2023-11-18 20:21:49,958][__main__][INFO] - epoch: 20
[2023-11-18 20:21:50,543][__main__][INFO] - alignment: tensor([0., 0., 0., 0., 0., 0., 0., 0., 0., 0., 0., 0., 0., 0., 0.])
[2023-11-18 20:21:50,543][__main__][INFO] - epoch: 30
[2023-11-18 20:21:51,164][__main__][INFO] - alignment: tensor([0., 0., 0., 0., 0., 0., 0., 0., 0., 0., 0., 0., 0., 0., 0.])
[2023-11-18 20:21:51,164][__main__][INFO] - epoch: 40
[2023-11-18 20:21:51,684][__main__][INFO] - alignment: tensor([0., 0., 0., 0., 0., 0., 0., 0., 0., 0., 0., 0., 0., 0., 0.])
[2023-11-18 20:21:51,684][__main__][INFO] - epoch: 50
[2023-11-18 20:21:52,198][__main__][INFO] - alignment: tensor([0., 0., 0., 0., 0., 0., 0., 0., 0., 0., 0., 0., 0., 0., 0.])
[2023-11-18 20:21:52,199][__main__][INFO] - epoch: 60
[2023-11-18 20:21:52,772][__main__][INFO] - alignment: tensor([0., 0., 0., 0., 0., 0., 0., 0., 0., 0., 0., 0., 0., 0., 0.])
[2023-11-18 20:21:52,772][__main__][INFO] - epoch: 70
[2023-11-18 20:21:53,288][__main__][INFO] - alignment: tensor([0., 0., 0., 0., 0., 0., 0., 0., 0., 0., 0., 0., 0., 0., 0.])
[2023-11-18 20:21:53,288][__main__][INFO] - epoch: 80
[2023-11-18 20:21:53,818][__main__][INFO] - alignment: tensor([0., 0., 0., 0., 0., 0., 0., 0., 0., 0., 0., 0., 0., 0., 0.])
[2023-11-18 20:21:53,819][__main__][INFO] - epoch: 90
[2023-11-18 20:21:54,473][__main__][INFO] - alignment: tensor([0., 0., 0., 0., 0., 0., 0., 0., 0., 0., 0., 0., 0., 0., 0.])
[2023-11-18 20:21:54,474][__main__][INFO] - epoch: 100
[2023-11-18 20:21:55,016][__main__][INFO] - alignment: tensor([0., 0., 0., 0., 0., 0., 0., 0., 0., 0., 0., 0., 0., 0., 0.])
[2023-11-18 20:21:55,017][__main__][INFO] - epoch: 110
[2023-11-18 20:21:55,538][__main__][INFO] - alignment: tensor([0., 0., 0., 0., 0., 0., 0., 0., 0., 0., 0., 0., 0., 0., 0.])
[2023-11-18 20:21:55,538][__main__][INFO] - epoch: 120
[2023-11-18 20:21:56,064][__main__][INFO] - alignment: tensor([0., 0., 0., 0., 0., 0., 0., 0., 0., 0., 0., 0., 0., 0., 0.])
[2023-11-18 20:21:56,065][__main__][INFO] - epoch: 130
[2023-11-18 20:21:56,586][__main__][INFO] - alignment: tensor([0., 0., 0., 0., 0., 0., 0., 0., 0., 0., 0., 0., 0., 0., 0.])
[2023-11-18 20:21:56,602][__main__][INFO] - epoch: 140
[2023-11-18 20:21:57,135][__main__][INFO] - alignment: tensor([0., 0., 0., 0., 0., 0., 0., 0., 0., 0., 0., 0., 0., 0., 0.])
[2023-11-18 20:21:57,135][__main__][INFO] - epoch: 150
[2023-11-18 20:21:57,711][__main__][INFO] - alignment: tensor([0., 0., 0., 0., 0., 0., 0., 0., 0., 0., 0., 0., 0., 0., 0.])
[2023-11-18 20:21:57,711][__main__][INFO] - epoch: 160
[2023-11-18 20:21:58,271][__main__][INFO] - alignment: tensor([0., 0., 0., 0., 0., 0., 0., 0., 0., 0., 0., 0., 0., 0., 0.])
[2023-11-18 20:21:58,271][__main__][INFO] - epoch: 170
[2023-11-18 20:21:58,800][__main__][INFO] - alignment: tensor([0., 0., 0., 0., 0., 0., 0., 0., 0., 0., 0., 0., 0., 0., 0.])
[2023-11-18 20:21:58,800][__main__][INFO] - epoch: 180
[2023-11-18 20:21:59,357][__main__][INFO] - alignment: tensor([0., 0., 0., 0., 0., 0., 0., 0., 0., 0., 0., 0., 0., 0., 0.])
[2023-11-18 20:21:59,357][__main__][INFO] - epoch: 190
[2023-11-18 20:21:59,884][__main__][INFO] - alignment: tensor([0., 0., 0., 0., 0., 0., 0., 0., 0., 0., 0., 0., 0., 0., 0.])
[2023-11-18 20:21:59,885][__main__][INFO] - epoch: 200
[2023-11-18 20:22:00,517][__main__][INFO] - alignment: tensor([0., 0., 0., 0., 0., 0., 0., 0., 0., 0., 0., 0., 0., 0., 0.])
[2023-11-18 20:22:00,518][__main__][INFO] - epoch: 210
[2023-11-18 20:22:01,171][__main__][INFO] - alignment: tensor([0., 0., 0., 0., 0., 0., 0., 0., 0., 0., 0., 0., 0., 0., 0.])
[2023-11-18 20:22:01,172][__main__][INFO] - epoch: 220
[2023-11-18 20:22:01,696][__main__][INFO] - alignment: tensor([0., 0., 0., 0., 0., 0., 0., 0., 0., 0., 0., 0., 0., 0., 0.])
[2023-11-18 20:22:01,697][__main__][INFO] - epoch: 230
[2023-11-18 20:22:02,221][__main__][INFO] - alignment: tensor([0., 0., 0., 0., 0., 0., 0., 0., 0., 0., 0., 0., 0., 0., 0.])
[2023-11-18 20:22:02,221][__main__][INFO] - epoch: 240
[2023-11-18 20:22:02,749][__main__][INFO] - alignment: tensor([0., 0., 0., 0., 0., 0., 0., 0., 0., 0., 0., 0., 0., 0., 0.])
[2023-11-18 20:22:02,749][__main__][INFO] - epoch: 250
[2023-11-18 20:22:03,301][__main__][INFO] - alignment: tensor([0., 0., 0., 0., 0., 0., 0., 0., 0., 0., 0., 0., 0., 0., 0.])
[2023-11-18 20:22:03,301][__main__][INFO] - epoch: 260
[2023-11-18 20:22:03,791][__main__][INFO] - alignment: tensor([0., 0., 0., 0., 0., 0., 0., 0., 0., 0., 0., 0., 0., 0., 0.])
[2023-11-18 20:22:03,792][__main__][INFO] - epoch: 270
[2023-11-18 20:22:04,365][__main__][INFO] - alignment: tensor([0., 0., 0., 0., 0., 0., 0., 0., 0., 0., 0., 0., 0., 0., 0.])
[2023-11-18 20:22:04,365][__main__][INFO] - epoch: 280
[2023-11-18 20:22:04,925][__main__][INFO] - alignment: tensor([0., 0., 0., 0., 0., 0., 0., 0., 0., 0., 0., 0., 0., 0., 0.])
[2023-11-18 20:22:04,925][__main__][INFO] - epoch: 290
[2023-11-18 20:22:05,432][__main__][INFO] - alignment: tensor([0., 0., 0., 0., 0., 0., 0., 0., 0., 0., 0., 0., 0., 0., 0.])
[2023-11-18 20:22:05,433][__main__][INFO] - epoch: 300
[2023-11-18 20:22:05,992][__main__][INFO] - alignment: tensor([0., 0., 0., 0., 0., 0., 0., 0., 0., 0., 0., 0., 0., 0., 0.])
[2023-11-18 20:22:05,992][__main__][INFO] - epoch: 310
[2023-11-18 20:22:06,542][__main__][INFO] - alignment: tensor([1., 0., 0., 0., 0., 0., 0., 0., 0., 0., 0., 0., 0., 0., 0.])
[2023-11-18 20:22:06,542][__main__][INFO] - epoch: 320
[2023-11-18 20:22:07,125][__main__][INFO] - alignment: tensor([4., 0., 0., 0., 0., 0., 0., 0., 0., 0., 0., 0., 0., 0., 0.])
[2023-11-18 20:22:07,125][__main__][INFO] - epoch: 330
[2023-11-18 20:22:07,672][__main__][INFO] - alignment: tensor([9., 0., 0., 0., 0., 0., 0., 0., 0., 0., 0., 0., 0., 0., 0.])
[2023-11-18 20:22:07,672][__main__][INFO] - epoch: 340
[2023-11-18 20:22:08,192][__main__][INFO] - alignment: tensor([17.,  0.,  0.,  0.,  0.,  0.,  0.,  0.,  0.,  0.,  0.,  0.,  0.,  0.,
         0.])
[2023-11-18 20:22:08,192][__main__][INFO] - epoch: 350
[2023-11-18 20:22:08,758][__main__][INFO] - alignment: tensor([24.,  0.,  0.,  0.,  0.,  0.,  0.,  0.,  0.,  0.,  0.,  0.,  0.,  0.,
         0.])
[2023-11-18 20:22:08,758][__main__][INFO] - epoch: 360
[2023-11-18 20:22:09,344][__main__][INFO] - alignment: tensor([32.,  0.,  0.,  0.,  0.,  0.,  0.,  0.,  0.,  0.,  0.,  0.,  0.,  0.,
         0.])
[2023-11-18 20:22:09,344][__main__][INFO] - epoch: 370
[2023-11-18 20:22:09,895][__main__][INFO] - alignment: tensor([34.,  0.,  0.,  0.,  0.,  0.,  0.,  0.,  0.,  0.,  0.,  0.,  0.,  0.,
         0.])
[2023-11-18 20:22:09,895][__main__][INFO] - epoch: 380
[2023-11-18 20:22:10,427][__main__][INFO] - alignment: tensor([40.,  0.,  1.,  0.,  0.,  0.,  0.,  0.,  0.,  0.,  0.,  0.,  0.,  0.,
         0.])
[2023-11-18 20:22:10,428][__main__][INFO] - epoch: 390
[2023-11-18 20:22:10,959][__main__][INFO] - alignment: tensor([36.,  0.,  1.,  0.,  0.,  0.,  0.,  0.,  0.,  0.,  0.,  0.,  0.,  0.,
         0.])
[2023-11-18 20:22:10,959][__main__][INFO] - epoch: 400
[2023-11-18 20:22:11,524][__main__][INFO] - alignment: tensor([34.,  0.,  1.,  0.,  0.,  0.,  0.,  0.,  0.,  0.,  0.,  0.,  0.,  0.,
         0.])
[2023-11-18 20:22:11,524][__main__][INFO] - epoch: 410
[2023-11-18 20:22:12,057][__main__][INFO] - alignment: tensor([30.,  0.,  1.,  0.,  0.,  0.,  0.,  0.,  0.,  0.,  0.,  0.,  0.,  0.,
         0.])
[2023-11-18 20:22:12,057][__main__][INFO] - epoch: 420
[2023-11-18 20:22:12,638][__main__][INFO] - alignment: tensor([28.,  0.,  1.,  0.,  0.,  0.,  0.,  0.,  0.,  0.,  0.,  0.,  0.,  0.,
         0.])
[2023-11-18 20:22:12,639][__main__][INFO] - epoch: 430
[2023-11-18 20:22:13,140][__main__][INFO] - alignment: tensor([25.,  3.,  1.,  0.,  0.,  0.,  0.,  0.,  0.,  0.,  0.,  0.,  0.,  0.,
         0.])
[2023-11-18 20:22:13,140][__main__][INFO] - epoch: 440
[2023-11-18 20:22:13,640][__main__][INFO] - alignment: tensor([21.,  4.,  1.,  0.,  0.,  0.,  0.,  0.,  0.,  0.,  0.,  0.,  0.,  0.,
         0.])
[2023-11-18 20:22:13,640][__main__][INFO] - epoch: 450
[2023-11-18 20:22:14,173][__main__][INFO] - alignment: tensor([21.,  5.,  2.,  0.,  0.,  0.,  0.,  0.,  0.,  0.,  0.,  0.,  0.,  0.,
         0.])
[2023-11-18 20:22:14,173][__main__][INFO] - epoch: 460
[2023-11-18 20:22:14,694][__main__][INFO] - alignment: tensor([22.,  5.,  2.,  0.,  0.,  0.,  0.,  0.,  0.,  0.,  0.,  0.,  0.,  0.,
         0.])
[2023-11-18 20:22:14,694][__main__][INFO] - epoch: 470
[2023-11-18 20:22:15,237][__main__][INFO] - alignment: tensor([23.,  7.,  1.,  0.,  0.,  0.,  0.,  0.,  0.,  0.,  0.,  0.,  0.,  0.,
         0.])
[2023-11-18 20:22:15,237][__main__][INFO] - epoch: 480
[2023-11-18 20:22:15,773][__main__][INFO] - alignment: tensor([22.,  7.,  2.,  0.,  0.,  0.,  0.,  0.,  0.,  0.,  0.,  0.,  0.,  0.,
         0.])
[2023-11-18 20:22:15,774][__main__][INFO] - epoch: 490
[2023-11-18 20:22:16,319][__main__][INFO] - alignment: tensor([18.,  5.,  3.,  0.,  0.,  0.,  0.,  0.,  0.,  0.,  0.,  0.,  0.,  0.,
         0.])
[2023-11-18 20:22:16,320][__main__][INFO] - epoch: 500
[2023-11-18 20:22:16,843][__main__][INFO] - alignment: tensor([18.,  5.,  3.,  0.,  1.,  0.,  0.,  0.,  0.,  0.,  0.,  1.,  0.,  0.,
         0.])
[2023-11-18 20:22:16,844][__main__][INFO] - epoch: 510
[2023-11-18 20:22:17,369][__main__][INFO] - alignment: tensor([21.,  5.,  2.,  0.,  0.,  0.,  0.,  0.,  0.,  0.,  0.,  1.,  0.,  0.,
         0.])
[2023-11-18 20:22:17,370][__main__][INFO] - epoch: 520
[2023-11-18 20:22:17,864][__main__][INFO] - alignment: tensor([20.,  6.,  2.,  0.,  0.,  0.,  0.,  0.,  0.,  0.,  0.,  1.,  0.,  0.,
         0.])
[2023-11-18 20:22:17,864][__main__][INFO] - epoch: 530
[2023-11-18 20:22:18,412][__main__][INFO] - alignment: tensor([20.,  7.,  2.,  0.,  0.,  0.,  0.,  0.,  0.,  0.,  0.,  1.,  0.,  0.,
         0.])
[2023-11-18 20:22:18,413][__main__][INFO] - epoch: 540
[2023-11-18 20:22:18,935][__main__][INFO] - alignment: tensor([17.,  6.,  2.,  0.,  0.,  0.,  0.,  0.,  0.,  0.,  0.,  1.,  0.,  0.,
         0.])
[2023-11-18 20:22:18,936][__main__][INFO] - feat_thresh: 0.3
[2023-11-18 20:22:18,936][__main__][INFO] - epoch: 0
[2023-11-18 20:22:19,440][__main__][INFO] - alignment: tensor([0., 0., 0., 0., 0., 0., 0., 0., 0., 0., 0., 0., 0., 0., 0.])
[2023-11-18 20:22:19,440][__main__][INFO] - epoch: 10
[2023-11-18 20:22:19,996][__main__][INFO] - alignment: tensor([0., 0., 0., 0., 0., 0., 0., 0., 0., 0., 0., 0., 0., 0., 0.])
[2023-11-18 20:22:19,996][__main__][INFO] - epoch: 20
[2023-11-18 20:22:20,539][__main__][INFO] - alignment: tensor([0., 0., 0., 0., 0., 0., 0., 0., 0., 0., 0., 0., 0., 0., 0.])
[2023-11-18 20:22:20,540][__main__][INFO] - epoch: 30
[2023-11-18 20:22:21,075][__main__][INFO] - alignment: tensor([0., 0., 0., 0., 0., 0., 0., 0., 0., 0., 0., 0., 0., 0., 0.])
[2023-11-18 20:22:21,076][__main__][INFO] - epoch: 40
[2023-11-18 20:22:21,600][__main__][INFO] - alignment: tensor([0., 0., 0., 0., 0., 0., 0., 0., 0., 0., 0., 0., 0., 0., 0.])
[2023-11-18 20:22:21,601][__main__][INFO] - epoch: 50
[2023-11-18 20:22:22,189][__main__][INFO] - alignment: tensor([0., 0., 0., 0., 0., 0., 0., 0., 0., 0., 0., 0., 0., 0., 0.])
[2023-11-18 20:22:22,190][__main__][INFO] - epoch: 60
[2023-11-18 20:22:22,730][__main__][INFO] - alignment: tensor([0., 0., 0., 0., 0., 0., 0., 0., 0., 0., 0., 0., 0., 0., 0.])
[2023-11-18 20:22:22,731][__main__][INFO] - epoch: 70
[2023-11-18 20:22:23,274][__main__][INFO] - alignment: tensor([0., 0., 0., 0., 0., 0., 0., 0., 0., 0., 0., 0., 0., 0., 0.])
[2023-11-18 20:22:23,274][__main__][INFO] - epoch: 80
[2023-11-18 20:22:23,800][__main__][INFO] - alignment: tensor([0., 0., 0., 0., 0., 0., 0., 0., 0., 0., 0., 0., 0., 0., 0.])
[2023-11-18 20:22:23,801][__main__][INFO] - epoch: 90
[2023-11-18 20:22:24,351][__main__][INFO] - alignment: tensor([0., 0., 0., 0., 0., 0., 0., 0., 0., 0., 0., 0., 0., 0., 0.])
[2023-11-18 20:22:24,351][__main__][INFO] - epoch: 100
[2023-11-18 20:22:24,841][__main__][INFO] - alignment: tensor([0., 0., 0., 0., 0., 0., 0., 0., 0., 0., 0., 0., 0., 0., 0.])
[2023-11-18 20:22:24,842][__main__][INFO] - epoch: 110
[2023-11-18 20:22:25,437][__main__][INFO] - alignment: tensor([0., 0., 0., 0., 0., 0., 0., 0., 0., 0., 0., 0., 0., 0., 0.])
[2023-11-18 20:22:25,437][__main__][INFO] - epoch: 120
[2023-11-18 20:22:25,952][__main__][INFO] - alignment: tensor([0., 0., 0., 0., 0., 0., 0., 0., 0., 0., 0., 0., 0., 0., 0.])
[2023-11-18 20:22:25,952][__main__][INFO] - epoch: 130
[2023-11-18 20:22:26,535][__main__][INFO] - alignment: tensor([0., 0., 0., 0., 0., 0., 0., 0., 0., 0., 0., 0., 0., 0., 0.])
[2023-11-18 20:22:26,535][__main__][INFO] - epoch: 140
[2023-11-18 20:22:27,115][__main__][INFO] - alignment: tensor([0., 0., 0., 0., 0., 0., 0., 0., 0., 0., 0., 0., 0., 0., 0.])
[2023-11-18 20:22:27,115][__main__][INFO] - epoch: 150
[2023-11-18 20:22:27,674][__main__][INFO] - alignment: tensor([0., 0., 0., 0., 0., 0., 0., 0., 0., 0., 0., 0., 0., 0., 0.])
[2023-11-18 20:22:27,675][__main__][INFO] - epoch: 160
[2023-11-18 20:22:28,367][__main__][INFO] - alignment: tensor([0., 0., 0., 0., 0., 0., 0., 0., 0., 0., 0., 0., 0., 0., 0.])
[2023-11-18 20:22:28,367][__main__][INFO] - epoch: 170
[2023-11-18 20:22:28,851][__main__][INFO] - alignment: tensor([0., 0., 0., 0., 0., 0., 0., 0., 0., 0., 0., 0., 0., 0., 0.])
[2023-11-18 20:22:28,851][__main__][INFO] - epoch: 180
[2023-11-18 20:22:29,378][__main__][INFO] - alignment: tensor([0., 0., 0., 0., 0., 0., 0., 0., 0., 0., 0., 0., 0., 0., 0.])
[2023-11-18 20:22:29,378][__main__][INFO] - epoch: 190
[2023-11-18 20:22:29,971][__main__][INFO] - alignment: tensor([0., 0., 0., 0., 0., 0., 0., 0., 0., 0., 0., 0., 0., 0., 0.])
[2023-11-18 20:22:29,972][__main__][INFO] - epoch: 200
[2023-11-18 20:22:30,579][__main__][INFO] - alignment: tensor([0., 0., 0., 0., 0., 0., 0., 0., 0., 0., 0., 0., 0., 0., 0.])
[2023-11-18 20:22:30,579][__main__][INFO] - epoch: 210
[2023-11-18 20:22:31,131][__main__][INFO] - alignment: tensor([0., 0., 0., 0., 0., 0., 0., 0., 0., 0., 0., 0., 0., 0., 0.])
[2023-11-18 20:22:31,131][__main__][INFO] - epoch: 220
[2023-11-18 20:22:31,655][__main__][INFO] - alignment: tensor([0., 0., 0., 0., 0., 0., 0., 0., 0., 0., 0., 0., 0., 0., 0.])
[2023-11-18 20:22:31,655][__main__][INFO] - epoch: 230
[2023-11-18 20:22:32,138][__main__][INFO] - alignment: tensor([0., 0., 0., 0., 0., 0., 0., 0., 0., 0., 0., 0., 0., 0., 0.])
[2023-11-18 20:22:32,138][__main__][INFO] - epoch: 240
[2023-11-18 20:22:32,631][__main__][INFO] - alignment: tensor([2., 0., 0., 0., 0., 0., 0., 0., 0., 0., 0., 0., 0., 0., 0.])
[2023-11-18 20:22:32,632][__main__][INFO] - epoch: 250
[2023-11-18 20:22:33,141][__main__][INFO] - alignment: tensor([5., 0., 0., 0., 0., 0., 0., 0., 0., 0., 0., 0., 0., 0., 0.])
[2023-11-18 20:22:33,141][__main__][INFO] - epoch: 260
[2023-11-18 20:22:33,633][__main__][INFO] - alignment: tensor([4., 0., 0., 0., 0., 0., 0., 0., 0., 0., 0., 0., 0., 0., 0.])
[2023-11-18 20:22:33,633][__main__][INFO] - epoch: 270
[2023-11-18 20:22:34,247][__main__][INFO] - alignment: tensor([5., 0., 0., 0., 0., 0., 0., 0., 0., 0., 0., 0., 0., 0., 0.])
[2023-11-18 20:22:34,248][__main__][INFO] - epoch: 280
[2023-11-18 20:22:34,812][__main__][INFO] - alignment: tensor([6., 0., 0., 0., 0., 0., 0., 0., 0., 0., 0., 0., 0., 0., 0.])
[2023-11-18 20:22:34,812][__main__][INFO] - epoch: 290
[2023-11-18 20:22:35,297][__main__][INFO] - alignment: tensor([11.,  0.,  0.,  0.,  0.,  0.,  0.,  0.,  0.,  0.,  0.,  0.,  0.,  0.,
         0.])
[2023-11-18 20:22:35,297][__main__][INFO] - epoch: 300
[2023-11-18 20:22:35,775][__main__][INFO] - alignment: tensor([17.,  0.,  0.,  0.,  0.,  0.,  0.,  0.,  0.,  0.,  0.,  0.,  0.,  0.,
         0.])
[2023-11-18 20:22:35,775][__main__][INFO] - epoch: 310
[2023-11-18 20:22:36,260][__main__][INFO] - alignment: tensor([21.,  0.,  0.,  0.,  0.,  0.,  0.,  0.,  0.,  0.,  0.,  0.,  0.,  0.,
         0.])
[2023-11-18 20:22:36,261][__main__][INFO] - epoch: 320
[2023-11-18 20:22:36,796][__main__][INFO] - alignment: tensor([29.,  0.,  0.,  0.,  0.,  0.,  0.,  0.,  0.,  0.,  0.,  0.,  0.,  0.,
         0.])
[2023-11-18 20:22:36,796][__main__][INFO] - epoch: 330
[2023-11-18 20:22:37,303][__main__][INFO] - alignment: tensor([37.,  0.,  0.,  0.,  0.,  0.,  0.,  0.,  0.,  0.,  0.,  0.,  0.,  0.,
         0.])
[2023-11-18 20:22:37,303][__main__][INFO] - epoch: 340
[2023-11-18 20:22:37,820][__main__][INFO] - alignment: tensor([48.,  0.,  0.,  0.,  0.,  0.,  0.,  0.,  0.,  0.,  0.,  0.,  0.,  0.,
         0.])
[2023-11-18 20:22:37,820][__main__][INFO] - epoch: 350
[2023-11-18 20:22:38,345][__main__][INFO] - alignment: tensor([60.,  0.,  0.,  0.,  0.,  0.,  0.,  0.,  0.,  0.,  0.,  0.,  0.,  0.,
         0.])
[2023-11-18 20:22:38,345][__main__][INFO] - epoch: 360
[2023-11-18 20:22:38,900][__main__][INFO] - alignment: tensor([63.,  0.,  0.,  0.,  0.,  0.,  0.,  0.,  0.,  0.,  0.,  0.,  0.,  0.,
         0.])
[2023-11-18 20:22:38,901][__main__][INFO] - epoch: 370
[2023-11-18 20:22:39,467][__main__][INFO] - alignment: tensor([69.,  1.,  1.,  0.,  0.,  0.,  0.,  0.,  0.,  0.,  0.,  0.,  0.,  0.,
         0.])
[2023-11-18 20:22:39,467][__main__][INFO] - epoch: 380
[2023-11-18 20:22:39,983][__main__][INFO] - alignment: tensor([73.,  2.,  1.,  0.,  0.,  0.,  0.,  0.,  0.,  0.,  0.,  0.,  0.,  0.,
         0.])
[2023-11-18 20:22:39,983][__main__][INFO] - epoch: 390
[2023-11-18 20:22:40,505][__main__][INFO] - alignment: tensor([65.,  2.,  3.,  0.,  0.,  0.,  0.,  0.,  0.,  0.,  0.,  0.,  0.,  0.,
         0.])
[2023-11-18 20:22:40,505][__main__][INFO] - epoch: 400
[2023-11-18 20:22:41,054][__main__][INFO] - alignment: tensor([60.,  2.,  3.,  0.,  0.,  0.,  0.,  0.,  0.,  0.,  0.,  0.,  0.,  0.,
         0.])
[2023-11-18 20:22:41,055][__main__][INFO] - epoch: 410
[2023-11-18 20:22:41,564][__main__][INFO] - alignment: tensor([52.,  3.,  3.,  0.,  0.,  0.,  0.,  0.,  0.,  0.,  0.,  0.,  0.,  0.,
         0.])
[2023-11-18 20:22:41,565][__main__][INFO] - epoch: 420
[2023-11-18 20:22:42,106][__main__][INFO] - alignment: tensor([49.,  3.,  5.,  0.,  0.,  0.,  0.,  0.,  0.,  0.,  0.,  0.,  0.,  0.,
         0.])
[2023-11-18 20:22:42,107][__main__][INFO] - epoch: 430
[2023-11-18 20:22:42,649][__main__][INFO] - alignment: tensor([46.,  7.,  4.,  0.,  0.,  0.,  0.,  0.,  0.,  0.,  0.,  0.,  0.,  0.,
         0.])
[2023-11-18 20:22:42,649][__main__][INFO] - epoch: 440
[2023-11-18 20:22:43,184][__main__][INFO] - alignment: tensor([45.,  9.,  3.,  0.,  0.,  0.,  0.,  0.,  0.,  0.,  0.,  0.,  0.,  0.,
         0.])
[2023-11-18 20:22:43,184][__main__][INFO] - epoch: 450
[2023-11-18 20:22:43,800][__main__][INFO] - alignment: tensor([40.,  9.,  3.,  0.,  0.,  2.,  0.,  0.,  0.,  0.,  0.,  0.,  0.,  0.,
         0.])
[2023-11-18 20:22:43,800][__main__][INFO] - epoch: 460
[2023-11-18 20:22:44,413][__main__][INFO] - alignment: tensor([39., 10.,  6.,  0.,  0.,  2.,  0.,  0.,  0.,  0.,  0.,  0.,  0.,  0.,
         0.])
[2023-11-18 20:22:44,413][__main__][INFO] - epoch: 470
[2023-11-18 20:22:44,981][__main__][INFO] - alignment: tensor([37.,  9.,  7.,  0.,  0.,  2.,  0.,  0.,  0.,  0.,  0.,  1.,  0.,  0.,
         0.])
[2023-11-18 20:22:44,981][__main__][INFO] - epoch: 480
[2023-11-18 20:22:45,537][__main__][INFO] - alignment: tensor([34.,  9.,  8.,  0.,  1.,  2.,  0.,  0.,  0.,  0.,  0.,  1.,  0.,  0.,
         0.])
[2023-11-18 20:22:45,538][__main__][INFO] - epoch: 490
[2023-11-18 20:22:46,010][__main__][INFO] - alignment: tensor([33.,  9.,  7.,  0.,  1.,  2.,  0.,  0.,  0.,  0.,  0.,  1.,  0.,  0.,
         0.])
[2023-11-18 20:22:46,010][__main__][INFO] - epoch: 500
[2023-11-18 20:22:46,491][__main__][INFO] - alignment: tensor([32.,  9.,  7.,  0.,  2.,  2.,  1.,  0.,  0.,  0.,  0.,  1.,  0.,  0.,
         0.])
[2023-11-18 20:22:46,491][__main__][INFO] - epoch: 510
[2023-11-18 20:22:46,987][__main__][INFO] - alignment: tensor([33.,  8.,  7.,  0.,  2.,  2.,  1.,  0.,  0.,  0.,  0.,  1.,  0.,  0.,
         0.])
[2023-11-18 20:22:46,987][__main__][INFO] - epoch: 520
[2023-11-18 20:22:47,612][__main__][INFO] - alignment: tensor([31.,  8.,  7.,  0.,  2.,  2.,  1.,  0.,  0.,  0.,  0.,  1.,  0.,  0.,
         0.])
[2023-11-18 20:22:47,613][__main__][INFO] - epoch: 530
[2023-11-18 20:22:48,177][__main__][INFO] - alignment: tensor([29.,  7.,  5.,  0.,  2.,  2.,  1.,  0.,  0.,  0.,  0.,  1.,  0.,  0.,
         0.])
[2023-11-18 20:22:48,177][__main__][INFO] - epoch: 540
[2023-11-18 20:22:48,651][__main__][INFO] - alignment: tensor([30.,  7.,  5.,  0.,  2.,  2.,  1.,  0.,  0.,  0.,  0.,  1.,  0.,  0.,
         0.])
[2023-11-18 20:22:48,755][__main__][INFO] - Training losses plot: train_losses.png
[2023-11-18 20:22:48,851][__main__][INFO] - Accuracies plot: accuracies.png
