[2023-11-18 17:25:36,387][hydra.utils][INFO] - Logging from main
[2023-11-18 17:50:09,564][__main__][INFO] - Model weights saved at: model.pt
[2023-11-18 17:50:09,573][__main__][INFO] - Training accuracy: 0.9975555555555555
[2023-11-18 17:50:09,573][__main__][INFO] - Testing accuracy: 0.937
[2023-11-18 17:50:09,574][__main__][INFO] - feat_thresh: 0.1
[2023-11-18 17:50:09,574][__main__][INFO] - epoch: 0
[2023-11-18 17:50:10,157][__main__][INFO] - alignment: tensor([0., 0., 0., 0., 0., 0., 0., 0., 0., 0., 0., 0., 0., 0., 0.])
[2023-11-18 17:50:10,157][__main__][INFO] - epoch: 10
[2023-11-18 17:50:10,669][__main__][INFO] - alignment: tensor([0., 0., 0., 0., 0., 0., 0., 0., 0., 0., 0., 0., 0., 0., 0.])
[2023-11-18 17:50:10,670][__main__][INFO] - epoch: 20
[2023-11-18 17:50:11,283][__main__][INFO] - alignment: tensor([0., 0., 0., 0., 0., 0., 0., 0., 0., 0., 0., 0., 0., 0., 0.])
[2023-11-18 17:50:11,284][__main__][INFO] - epoch: 30
[2023-11-18 17:50:11,905][__main__][INFO] - alignment: tensor([0., 0., 0., 0., 0., 0., 0., 0., 0., 0., 0., 0., 0., 0., 0.])
[2023-11-18 17:50:11,906][__main__][INFO] - epoch: 40
[2023-11-18 17:50:12,479][__main__][INFO] - alignment: tensor([0., 0., 0., 0., 0., 0., 0., 0., 0., 0., 0., 0., 0., 0., 0.])
[2023-11-18 17:50:12,480][__main__][INFO] - epoch: 50
[2023-11-18 17:50:12,989][__main__][INFO] - alignment: tensor([0., 0., 0., 0., 0., 0., 0., 0., 0., 0., 0., 0., 0., 0., 0.])
[2023-11-18 17:50:12,989][__main__][INFO] - epoch: 60
[2023-11-18 17:50:13,573][__main__][INFO] - alignment: tensor([0., 0., 0., 0., 0., 0., 0., 0., 0., 0., 0., 0., 0., 0., 0.])
[2023-11-18 17:50:13,573][__main__][INFO] - epoch: 70
[2023-11-18 17:50:14,213][__main__][INFO] - alignment: tensor([0., 0., 0., 0., 0., 0., 0., 0., 0., 0., 0., 0., 0., 0., 0.])
[2023-11-18 17:50:14,214][__main__][INFO] - epoch: 80
[2023-11-18 17:50:14,782][__main__][INFO] - alignment: tensor([0., 0., 0., 0., 0., 0., 0., 0., 0., 0., 0., 0., 0., 0., 0.])
[2023-11-18 17:50:14,782][__main__][INFO] - epoch: 90
[2023-11-18 17:50:15,343][__main__][INFO] - alignment: tensor([0., 0., 0., 0., 0., 0., 0., 0., 0., 0., 0., 0., 0., 0., 0.])
[2023-11-18 17:50:15,344][__main__][INFO] - epoch: 100
[2023-11-18 17:50:15,969][__main__][INFO] - alignment: tensor([0., 0., 0., 0., 0., 0., 0., 0., 0., 0., 0., 0., 0., 0., 0.])
[2023-11-18 17:50:15,969][__main__][INFO] - epoch: 110
[2023-11-18 17:50:16,504][__main__][INFO] - alignment: tensor([0., 0., 0., 0., 0., 0., 0., 0., 0., 0., 0., 0., 0., 0., 0.])
[2023-11-18 17:50:16,505][__main__][INFO] - epoch: 120
[2023-11-18 17:50:17,049][__main__][INFO] - alignment: tensor([0., 0., 0., 0., 0., 0., 0., 0., 0., 0., 0., 0., 0., 0., 0.])
[2023-11-18 17:50:17,049][__main__][INFO] - epoch: 130
[2023-11-18 17:50:17,626][__main__][INFO] - alignment: tensor([0., 0., 0., 0., 0., 0., 0., 0., 0., 0., 0., 0., 0., 0., 0.])
[2023-11-18 17:50:17,626][__main__][INFO] - epoch: 140
[2023-11-18 17:50:18,307][__main__][INFO] - alignment: tensor([0., 0., 0., 0., 0., 0., 0., 0., 0., 0., 0., 0., 0., 0., 0.])
[2023-11-18 17:50:18,307][__main__][INFO] - epoch: 150
[2023-11-18 17:50:18,922][__main__][INFO] - alignment: tensor([1., 0., 0., 0., 0., 0., 0., 0., 0., 0., 0., 0., 0., 0., 0.])
[2023-11-18 17:50:18,922][__main__][INFO] - epoch: 160
[2023-11-18 17:50:19,503][__main__][INFO] - alignment: tensor([1., 0., 0., 0., 0., 0., 0., 0., 0., 0., 0., 0., 0., 0., 0.])
[2023-11-18 17:50:19,503][__main__][INFO] - epoch: 170
[2023-11-18 17:50:20,046][__main__][INFO] - alignment: tensor([3., 0., 0., 0., 0., 0., 0., 0., 0., 0., 0., 0., 0., 0., 0.])
[2023-11-18 17:50:20,046][__main__][INFO] - epoch: 180
[2023-11-18 17:50:20,640][__main__][INFO] - alignment: tensor([8., 0., 0., 0., 0., 0., 0., 0., 0., 0., 0., 0., 0., 0., 0.])
[2023-11-18 17:50:20,640][__main__][INFO] - epoch: 190
[2023-11-18 17:50:21,169][__main__][INFO] - alignment: tensor([12.,  0.,  1.,  0.,  0.,  0.,  0.,  0.,  0.,  0.,  1.,  0.,  0.,  0.,
         0.])
[2023-11-18 17:50:21,170][__main__][INFO] - epoch: 200
[2023-11-18 17:50:21,945][__main__][INFO] - alignment: tensor([12.,  1.,  1.,  0.,  0.,  0.,  0.,  0.,  0.,  0.,  1.,  0.,  0.,  0.,
         0.])
[2023-11-18 17:50:21,945][__main__][INFO] - epoch: 210
[2023-11-18 17:50:22,621][__main__][INFO] - alignment: tensor([12.,  1.,  1.,  0.,  0.,  0.,  0.,  1.,  0.,  0.,  1.,  0.,  0.,  0.,
         0.])
[2023-11-18 17:50:22,621][__main__][INFO] - epoch: 220
[2023-11-18 17:50:23,266][__main__][INFO] - alignment: tensor([11.,  2.,  1.,  1.,  0.,  0.,  0.,  1.,  0.,  0.,  1.,  0.,  0.,  0.,
         0.])
[2023-11-18 17:50:23,267][__main__][INFO] - epoch: 230
[2023-11-18 17:50:23,879][__main__][INFO] - alignment: tensor([12.,  1.,  1.,  1.,  0.,  0.,  0.,  1.,  0.,  0.,  1.,  0.,  0.,  0.,
         0.])
[2023-11-18 17:50:23,879][__main__][INFO] - epoch: 240
[2023-11-18 17:50:24,497][__main__][INFO] - alignment: tensor([12.,  2.,  1.,  1.,  1.,  0.,  0.,  1.,  0.,  0.,  1.,  0.,  0.,  0.,
         0.])
[2023-11-18 17:50:24,497][__main__][INFO] - epoch: 250
[2023-11-18 17:50:25,007][__main__][INFO] - alignment: tensor([12.,  3.,  1.,  1.,  1.,  0.,  0.,  1.,  0.,  0.,  1.,  0.,  0.,  0.,
         1.])
[2023-11-18 17:50:25,007][__main__][INFO] - epoch: 260
[2023-11-18 17:50:25,544][__main__][INFO] - alignment: tensor([12.,  3.,  1.,  1.,  1.,  0.,  0.,  1.,  0.,  0.,  1.,  0.,  0.,  0.,
         1.])
[2023-11-18 17:50:25,545][__main__][INFO] - epoch: 270
[2023-11-18 17:50:26,084][__main__][INFO] - alignment: tensor([10.,  3.,  1.,  1.,  1.,  0.,  0.,  1.,  0.,  0.,  1.,  0.,  0.,  0.,
         1.])
[2023-11-18 17:50:26,085][__main__][INFO] - epoch: 280
[2023-11-18 17:50:26,622][__main__][INFO] - alignment: tensor([9., 3., 1., 1., 1., 0., 0., 1., 0., 0., 1., 0., 0., 0., 1.])
[2023-11-18 17:50:26,622][__main__][INFO] - epoch: 290
[2023-11-18 17:50:27,171][__main__][INFO] - alignment: tensor([8., 3., 1., 1., 1., 0., 0., 1., 0., 0., 1., 0., 0., 0., 1.])
[2023-11-18 17:50:27,171][__main__][INFO] - epoch: 300
[2023-11-18 17:50:27,779][__main__][INFO] - alignment: tensor([8., 3., 1., 1., 1., 0., 0., 1., 0., 0., 1., 0., 0., 0., 1.])
[2023-11-18 17:50:27,780][__main__][INFO] - epoch: 310
[2023-11-18 17:50:28,359][__main__][INFO] - alignment: tensor([8., 3., 1., 1., 1., 0., 0., 1., 0., 0., 1., 0., 0., 1., 1.])
[2023-11-18 17:50:28,359][__main__][INFO] - epoch: 320
[2023-11-18 17:50:28,941][__main__][INFO] - alignment: tensor([8., 3., 1., 1., 1., 0., 0., 1., 0., 1., 1., 0., 0., 0., 1.])
[2023-11-18 17:50:28,941][__main__][INFO] - epoch: 330
[2023-11-18 17:50:29,495][__main__][INFO] - alignment: tensor([8., 3., 1., 1., 1., 0., 0., 1., 0., 1., 1., 0., 0., 1., 1.])
[2023-11-18 17:50:29,496][__main__][INFO] - epoch: 340
[2023-11-18 17:50:30,011][__main__][INFO] - alignment: tensor([8., 3., 1., 1., 1., 0., 0., 1., 0., 1., 1., 0., 0., 1., 1.])
[2023-11-18 17:50:30,012][__main__][INFO] - feat_thresh: 0.2
[2023-11-18 17:50:30,012][__main__][INFO] - epoch: 0
[2023-11-18 17:50:30,530][__main__][INFO] - alignment: tensor([0., 0., 0., 0., 0., 0., 0., 0., 0., 0., 0., 0., 0., 0., 0.])
[2023-11-18 17:50:30,530][__main__][INFO] - epoch: 10
[2023-11-18 17:50:31,064][__main__][INFO] - alignment: tensor([0., 0., 0., 0., 0., 0., 0., 0., 0., 0., 0., 0., 0., 0., 0.])
[2023-11-18 17:50:31,064][__main__][INFO] - epoch: 20
[2023-11-18 17:50:31,590][__main__][INFO] - alignment: tensor([0., 0., 0., 0., 0., 0., 0., 0., 0., 0., 0., 0., 0., 0., 0.])
[2023-11-18 17:50:31,590][__main__][INFO] - epoch: 30
[2023-11-18 17:50:32,094][__main__][INFO] - alignment: tensor([0., 0., 0., 0., 0., 0., 0., 0., 0., 0., 0., 0., 0., 0., 0.])
[2023-11-18 17:50:32,094][__main__][INFO] - epoch: 40
[2023-11-18 17:50:32,624][__main__][INFO] - alignment: tensor([0., 0., 0., 0., 0., 0., 0., 0., 0., 0., 0., 0., 0., 0., 0.])
[2023-11-18 17:50:32,624][__main__][INFO] - epoch: 50
[2023-11-18 17:50:33,177][__main__][INFO] - alignment: tensor([0., 0., 0., 0., 0., 0., 0., 0., 0., 0., 0., 0., 0., 0., 0.])
[2023-11-18 17:50:33,178][__main__][INFO] - epoch: 60
[2023-11-18 17:50:33,808][__main__][INFO] - alignment: tensor([0., 0., 0., 0., 0., 0., 0., 0., 0., 0., 0., 0., 0., 0., 0.])
[2023-11-18 17:50:33,808][__main__][INFO] - epoch: 70
[2023-11-18 17:50:34,379][__main__][INFO] - alignment: tensor([0., 0., 0., 0., 0., 0., 0., 0., 0., 0., 0., 0., 0., 0., 0.])
[2023-11-18 17:50:34,379][__main__][INFO] - epoch: 80
[2023-11-18 17:50:34,900][__main__][INFO] - alignment: tensor([0., 0., 0., 0., 0., 0., 0., 0., 0., 0., 0., 0., 0., 0., 0.])
[2023-11-18 17:50:34,901][__main__][INFO] - epoch: 90
[2023-11-18 17:50:35,459][__main__][INFO] - alignment: tensor([0., 0., 0., 0., 0., 0., 0., 0., 0., 0., 0., 0., 0., 0., 0.])
[2023-11-18 17:50:35,459][__main__][INFO] - epoch: 100
[2023-11-18 17:50:36,021][__main__][INFO] - alignment: tensor([0., 0., 0., 0., 0., 0., 0., 0., 0., 0., 0., 0., 0., 0., 0.])
[2023-11-18 17:50:36,021][__main__][INFO] - epoch: 110
[2023-11-18 17:50:36,575][__main__][INFO] - alignment: tensor([0., 0., 0., 0., 0., 0., 0., 0., 0., 0., 0., 0., 0., 0., 0.])
[2023-11-18 17:50:36,575][__main__][INFO] - epoch: 120
[2023-11-18 17:50:37,130][__main__][INFO] - alignment: tensor([0., 0., 0., 0., 0., 0., 0., 0., 0., 0., 0., 0., 0., 0., 0.])
[2023-11-18 17:50:37,130][__main__][INFO] - epoch: 130
[2023-11-18 17:50:37,649][__main__][INFO] - alignment: tensor([1., 0., 0., 0., 0., 0., 0., 0., 0., 0., 0., 0., 0., 0., 0.])
[2023-11-18 17:50:37,649][__main__][INFO] - epoch: 140
[2023-11-18 17:50:38,158][__main__][INFO] - alignment: tensor([3., 0., 0., 0., 0., 0., 0., 0., 0., 0., 0., 0., 0., 0., 0.])
[2023-11-18 17:50:38,159][__main__][INFO] - epoch: 150
[2023-11-18 17:50:38,715][__main__][INFO] - alignment: tensor([4., 0., 0., 0., 0., 0., 0., 0., 0., 0., 0., 0., 0., 0., 0.])
[2023-11-18 17:50:38,715][__main__][INFO] - epoch: 160
[2023-11-18 17:50:39,267][__main__][INFO] - alignment: tensor([6., 0., 0., 0., 0., 0., 0., 0., 0., 0., 0., 0., 0., 0., 0.])
[2023-11-18 17:50:39,268][__main__][INFO] - epoch: 170
[2023-11-18 17:50:39,813][__main__][INFO] - alignment: tensor([14.,  0.,  0.,  0.,  0.,  0.,  0.,  0.,  0.,  0.,  1.,  0.,  0.,  0.,
         0.])
[2023-11-18 17:50:39,813][__main__][INFO] - epoch: 180
[2023-11-18 17:50:40,362][__main__][INFO] - alignment: tensor([21.,  0.,  1.,  0.,  0.,  0.,  0.,  0.,  0.,  0.,  1.,  0.,  0.,  0.,
         0.])
[2023-11-18 17:50:40,363][__main__][INFO] - epoch: 190
[2023-11-18 17:50:40,930][__main__][INFO] - alignment: tensor([23.,  3.,  2.,  0.,  0.,  0.,  0.,  0.,  0.,  0.,  1.,  0.,  0.,  0.,
         0.])
[2023-11-18 17:50:40,930][__main__][INFO] - epoch: 200
[2023-11-18 17:50:41,529][__main__][INFO] - alignment: tensor([20.,  3.,  2.,  1.,  0.,  0.,  0.,  1.,  0.,  0.,  1.,  0.,  0.,  0.,
         0.])
[2023-11-18 17:50:41,529][__main__][INFO] - epoch: 210
[2023-11-18 17:50:42,117][__main__][INFO] - alignment: tensor([19.,  3.,  2.,  1.,  1.,  0.,  0.,  1.,  0.,  0.,  1.,  0.,  0.,  0.,
         0.])
[2023-11-18 17:50:42,117][__main__][INFO] - epoch: 220
[2023-11-18 17:50:42,680][__main__][INFO] - alignment: tensor([18.,  3.,  2.,  1.,  1.,  1.,  0.,  1.,  0.,  0.,  1.,  0.,  0.,  0.,
         0.])
[2023-11-18 17:50:42,681][__main__][INFO] - epoch: 230
[2023-11-18 17:50:43,192][__main__][INFO] - alignment: tensor([17.,  3.,  2.,  1.,  1.,  1.,  1.,  1.,  0.,  0.,  1.,  0.,  0.,  0.,
         1.])
[2023-11-18 17:50:43,193][__main__][INFO] - epoch: 240
[2023-11-18 17:50:43,754][__main__][INFO] - alignment: tensor([17.,  3.,  2.,  1.,  1.,  1.,  1.,  1.,  0.,  0.,  1.,  0.,  0.,  0.,
         1.])
[2023-11-18 17:50:43,754][__main__][INFO] - epoch: 250
[2023-11-18 17:50:44,271][__main__][INFO] - alignment: tensor([16.,  3.,  2.,  1.,  1.,  1.,  1.,  1.,  0.,  1.,  1.,  0.,  0.,  0.,
         1.])
[2023-11-18 17:50:44,271][__main__][INFO] - epoch: 260
[2023-11-18 17:50:44,804][__main__][INFO] - alignment: tensor([15.,  3.,  2.,  1.,  1.,  1.,  1.,  1.,  0.,  1.,  1.,  0.,  0.,  1.,
         1.])
[2023-11-18 17:50:44,804][__main__][INFO] - epoch: 270
[2023-11-18 17:50:45,368][__main__][INFO] - alignment: tensor([14.,  3.,  2.,  1.,  1.,  1.,  1.,  1.,  0.,  1.,  1.,  0.,  0.,  1.,
         1.])
[2023-11-18 17:50:45,368][__main__][INFO] - epoch: 280
[2023-11-18 17:50:45,897][__main__][INFO] - alignment: tensor([14.,  3.,  2.,  1.,  1.,  1.,  1.,  1.,  0.,  1.,  1.,  0.,  0.,  1.,
         1.])
[2023-11-18 17:50:45,897][__main__][INFO] - epoch: 290
[2023-11-18 17:50:46,492][__main__][INFO] - alignment: tensor([13.,  3.,  2.,  1.,  1.,  1.,  1.,  1.,  0.,  1.,  1.,  0.,  0.,  1.,
         1.])
[2023-11-18 17:50:46,492][__main__][INFO] - epoch: 300
[2023-11-18 17:50:47,019][__main__][INFO] - alignment: tensor([14.,  3.,  2.,  1.,  1.,  1.,  1.,  1.,  0.,  1.,  1.,  0.,  0.,  1.,
         1.])
[2023-11-18 17:50:47,019][__main__][INFO] - epoch: 310
[2023-11-18 17:50:47,564][__main__][INFO] - alignment: tensor([13.,  3.,  2.,  1.,  1.,  1.,  1.,  1.,  0.,  1.,  1.,  0.,  0.,  1.,
         1.])
[2023-11-18 17:50:47,564][__main__][INFO] - epoch: 320
[2023-11-18 17:50:48,130][__main__][INFO] - alignment: tensor([13.,  3.,  2.,  1.,  1.,  1.,  1.,  1.,  0.,  1.,  1.,  0.,  0.,  1.,
         1.])
[2023-11-18 17:50:48,130][__main__][INFO] - epoch: 330
[2023-11-18 17:50:48,663][__main__][INFO] - alignment: tensor([13.,  3.,  2.,  1.,  1.,  1.,  1.,  1.,  0.,  1.,  1.,  0.,  0.,  1.,
         1.])
[2023-11-18 17:50:48,663][__main__][INFO] - epoch: 340
[2023-11-18 17:50:49,184][__main__][INFO] - alignment: tensor([13.,  3.,  2.,  1.,  1.,  1.,  1.,  1.,  0.,  1.,  1.,  0.,  0.,  1.,
         1.])
[2023-11-18 17:50:49,185][__main__][INFO] - feat_thresh: 0.3
[2023-11-18 17:50:49,185][__main__][INFO] - epoch: 0
[2023-11-18 17:50:49,699][__main__][INFO] - alignment: tensor([0., 0., 0., 0., 0., 0., 0., 0., 0., 0., 0., 0., 0., 0., 0.])
[2023-11-18 17:50:49,700][__main__][INFO] - epoch: 10
[2023-11-18 17:50:50,237][__main__][INFO] - alignment: tensor([0., 0., 0., 0., 0., 0., 0., 0., 0., 0., 0., 0., 0., 0., 0.])
[2023-11-18 17:50:50,237][__main__][INFO] - epoch: 20
[2023-11-18 17:50:50,811][__main__][INFO] - alignment: tensor([0., 0., 0., 0., 0., 0., 0., 0., 0., 0., 0., 0., 0., 0., 0.])
[2023-11-18 17:50:50,811][__main__][INFO] - epoch: 30
[2023-11-18 17:50:51,331][__main__][INFO] - alignment: tensor([0., 0., 0., 0., 0., 0., 0., 0., 0., 0., 0., 0., 0., 0., 0.])
[2023-11-18 17:50:51,331][__main__][INFO] - epoch: 40
[2023-11-18 17:50:51,854][__main__][INFO] - alignment: tensor([0., 0., 0., 0., 0., 0., 0., 0., 0., 0., 0., 0., 0., 0., 0.])
[2023-11-18 17:50:51,854][__main__][INFO] - epoch: 50
[2023-11-18 17:50:52,439][__main__][INFO] - alignment: tensor([0., 0., 0., 0., 0., 0., 0., 0., 0., 0., 0., 0., 0., 0., 0.])
[2023-11-18 17:50:52,439][__main__][INFO] - epoch: 60
[2023-11-18 17:50:52,958][__main__][INFO] - alignment: tensor([0., 0., 0., 0., 0., 0., 0., 0., 0., 0., 0., 0., 0., 0., 0.])
[2023-11-18 17:50:52,958][__main__][INFO] - epoch: 70
[2023-11-18 17:50:53,464][__main__][INFO] - alignment: tensor([0., 0., 0., 0., 0., 0., 0., 0., 0., 0., 0., 0., 0., 0., 0.])
[2023-11-18 17:50:53,464][__main__][INFO] - epoch: 80
[2023-11-18 17:50:53,973][__main__][INFO] - alignment: tensor([0., 0., 0., 0., 0., 0., 0., 0., 0., 0., 0., 0., 0., 0., 0.])
[2023-11-18 17:50:53,973][__main__][INFO] - epoch: 90
[2023-11-18 17:50:54,500][__main__][INFO] - alignment: tensor([0., 0., 0., 0., 0., 0., 0., 0., 0., 0., 0., 0., 0., 0., 0.])
[2023-11-18 17:50:54,500][__main__][INFO] - epoch: 100
[2023-11-18 17:50:55,024][__main__][INFO] - alignment: tensor([0., 0., 0., 0., 0., 0., 0., 0., 0., 0., 0., 0., 0., 0., 0.])
[2023-11-18 17:50:55,024][__main__][INFO] - epoch: 110
[2023-11-18 17:50:55,559][__main__][INFO] - alignment: tensor([0., 0., 0., 0., 0., 0., 0., 0., 0., 0., 0., 0., 0., 0., 0.])
[2023-11-18 17:50:55,559][__main__][INFO] - epoch: 120
[2023-11-18 17:50:56,192][__main__][INFO] - alignment: tensor([0., 0., 0., 0., 0., 0., 0., 0., 0., 0., 0., 0., 0., 0., 0.])
[2023-11-18 17:50:56,193][__main__][INFO] - epoch: 130
[2023-11-18 17:50:56,749][__main__][INFO] - alignment: tensor([6., 0., 0., 0., 0., 0., 0., 0., 0., 0., 0., 0., 0., 0., 0.])
[2023-11-18 17:50:56,750][__main__][INFO] - epoch: 140
[2023-11-18 17:50:57,322][__main__][INFO] - alignment: tensor([12.,  0.,  0.,  0.,  0.,  0.,  0.,  0.,  0.,  0.,  0.,  0.,  0.,  0.,
         0.])
[2023-11-18 17:50:57,322][__main__][INFO] - epoch: 150
[2023-11-18 17:50:57,908][__main__][INFO] - alignment: tensor([13.,  0.,  0.,  0.,  0.,  0.,  0.,  0.,  0.,  0.,  0.,  0.,  0.,  0.,
         0.])
[2023-11-18 17:50:57,908][__main__][INFO] - epoch: 160
[2023-11-18 17:50:58,470][__main__][INFO] - alignment: tensor([28.,  0.,  0.,  0.,  0.,  0.,  0.,  0.,  0.,  0.,  1.,  0.,  0.,  0.,
         0.])
[2023-11-18 17:50:58,470][__main__][INFO] - epoch: 170
[2023-11-18 17:50:59,007][__main__][INFO] - alignment: tensor([37.,  1.,  2.,  0.,  0.,  0.,  0.,  0.,  0.,  0.,  1.,  0.,  0.,  0.,
         0.])
[2023-11-18 17:50:59,007][__main__][INFO] - epoch: 180
[2023-11-18 17:50:59,643][__main__][INFO] - alignment: tensor([43.,  1.,  2.,  0.,  0.,  0.,  0.,  0.,  0.,  0.,  1.,  0.,  0.,  0.,
         0.])
[2023-11-18 17:50:59,643][__main__][INFO] - epoch: 190
[2023-11-18 17:51:00,380][__main__][INFO] - alignment: tensor([37.,  3.,  2.,  1.,  0.,  0.,  0.,  1.,  0.,  0.,  1.,  0.,  0.,  0.,
         0.])
[2023-11-18 17:51:00,380][__main__][INFO] - epoch: 200
[2023-11-18 17:51:00,899][__main__][INFO] - alignment: tensor([31.,  3.,  2.,  1.,  0.,  0.,  0.,  1.,  0.,  0.,  1.,  0.,  0.,  0.,
         0.])
[2023-11-18 17:51:00,899][__main__][INFO] - epoch: 210
[2023-11-18 17:51:01,408][__main__][INFO] - alignment: tensor([28.,  3.,  2.,  1.,  1.,  1.,  0.,  1.,  0.,  0.,  1.,  0.,  0.,  0.,
         0.])
[2023-11-18 17:51:01,408][__main__][INFO] - epoch: 220
[2023-11-18 17:51:02,034][__main__][INFO] - alignment: tensor([28.,  3.,  2.,  1.,  1.,  2.,  1.,  1.,  0.,  0.,  1.,  0.,  0.,  0.,
         1.])
[2023-11-18 17:51:02,035][__main__][INFO] - epoch: 230
[2023-11-18 17:51:02,557][__main__][INFO] - alignment: tensor([26.,  3.,  2.,  1.,  1.,  2.,  1.,  1.,  0.,  1.,  1.,  0.,  0.,  0.,
         1.])
[2023-11-18 17:51:02,557][__main__][INFO] - epoch: 240
[2023-11-18 17:51:03,076][__main__][INFO] - alignment: tensor([26.,  3.,  2.,  1.,  1.,  2.,  1.,  1.,  0.,  1.,  1.,  0.,  0.,  0.,
         1.])
[2023-11-18 17:51:03,076][__main__][INFO] - epoch: 250
[2023-11-18 17:51:03,602][__main__][INFO] - alignment: tensor([25.,  4.,  2.,  1.,  1.,  2.,  1.,  1.,  0.,  1.,  1.,  0.,  1.,  0.,
         1.])
[2023-11-18 17:51:03,602][__main__][INFO] - epoch: 260
[2023-11-18 17:51:04,120][__main__][INFO] - alignment: tensor([23.,  5.,  2.,  1.,  1.,  2.,  1.,  1.,  0.,  1.,  1.,  0.,  1.,  1.,
         1.])
[2023-11-18 17:51:04,121][__main__][INFO] - epoch: 270
[2023-11-18 17:51:04,667][__main__][INFO] - alignment: tensor([22.,  5.,  3.,  1.,  1.,  2.,  1.,  1.,  0.,  1.,  1.,  0.,  1.,  1.,
         1.])
[2023-11-18 17:51:04,668][__main__][INFO] - epoch: 280
[2023-11-18 17:51:05,279][__main__][INFO] - alignment: tensor([22.,  4.,  3.,  1.,  1.,  2.,  2.,  1.,  0.,  1.,  1.,  1.,  1.,  1.,
         1.])
[2023-11-18 17:51:05,280][__main__][INFO] - epoch: 290
[2023-11-18 17:51:05,872][__main__][INFO] - alignment: tensor([21.,  5.,  3.,  1.,  1.,  2.,  2.,  1.,  0.,  1.,  1.,  1.,  1.,  1.,
         1.])
[2023-11-18 17:51:05,872][__main__][INFO] - epoch: 300
[2023-11-18 17:51:06,527][__main__][INFO] - alignment: tensor([22.,  5.,  3.,  1.,  1.,  2.,  2.,  1.,  0.,  1.,  1.,  1.,  1.,  1.,
         1.])
[2023-11-18 17:51:06,527][__main__][INFO] - epoch: 310
[2023-11-18 17:51:07,121][__main__][INFO] - alignment: tensor([21.,  5.,  3.,  1.,  1.,  2.,  2.,  1.,  0.,  1.,  1.,  1.,  1.,  1.,
         1.])
[2023-11-18 17:51:07,122][__main__][INFO] - epoch: 320
[2023-11-18 17:51:07,745][__main__][INFO] - alignment: tensor([20.,  5.,  3.,  1.,  1.,  2.,  2.,  1.,  0.,  1.,  1.,  1.,  1.,  1.,
         1.])
[2023-11-18 17:51:07,746][__main__][INFO] - epoch: 330
[2023-11-18 17:51:08,383][__main__][INFO] - alignment: tensor([20.,  5.,  3.,  1.,  1.,  2.,  2.,  1.,  0.,  1.,  1.,  1.,  1.,  1.,
         1.])
[2023-11-18 17:51:08,383][__main__][INFO] - epoch: 340
[2023-11-18 17:51:09,231][__main__][INFO] - alignment: tensor([20.,  5.,  3.,  1.,  1.,  2.,  2.,  1.,  0.,  1.,  1.,  1.,  1.,  1.,
         1.])
[2023-11-18 17:51:09,326][__main__][INFO] - Training losses plot: train_losses.png
[2023-11-18 17:51:09,457][__main__][INFO] - Accuracies plot: accuracies.png
