[2023-11-18 14:16:24,508][hydra.utils][INFO] - Logging from main
[2023-11-18 14:31:15,208][__main__][INFO] - Model weights saved at: model.pt
[2023-11-18 14:31:15,215][__main__][INFO] - Training accuracy: 0.9889259259259259
[2023-11-18 14:31:15,215][__main__][INFO] - Testing accuracy: 0.9753333333333334
[2023-11-18 14:31:15,215][__main__][INFO] - feat_thresh: 0.1
[2023-11-18 14:31:15,215][__main__][INFO] - epoch: 0
[2023-11-18 14:31:15,429][__main__][INFO] - alignment: tensor([0., 0., 0., 0., 0., 0., 0.])
[2023-11-18 14:31:15,429][__main__][INFO] - epoch: 10
[2023-11-18 14:31:15,641][__main__][INFO] - alignment: tensor([0., 0., 0., 0., 0., 0., 0.])
[2023-11-18 14:31:15,642][__main__][INFO] - epoch: 20
[2023-11-18 14:31:15,854][__main__][INFO] - alignment: tensor([0., 0., 0., 0., 0., 0., 0.])
[2023-11-18 14:31:15,854][__main__][INFO] - epoch: 30
[2023-11-18 14:31:16,069][__main__][INFO] - alignment: tensor([0., 0., 0., 0., 0., 0., 0.])
[2023-11-18 14:31:16,069][__main__][INFO] - epoch: 40
[2023-11-18 14:31:16,285][__main__][INFO] - alignment: tensor([0., 0., 0., 0., 0., 0., 0.])
[2023-11-18 14:31:16,285][__main__][INFO] - epoch: 50
[2023-11-18 14:31:16,499][__main__][INFO] - alignment: tensor([0., 0., 0., 0., 0., 0., 0.])
[2023-11-18 14:31:16,499][__main__][INFO] - epoch: 60
[2023-11-18 14:31:16,713][__main__][INFO] - alignment: tensor([0., 0., 0., 0., 0., 0., 0.])
[2023-11-18 14:31:16,713][__main__][INFO] - epoch: 70
[2023-11-18 14:31:16,926][__main__][INFO] - alignment: tensor([0., 0., 0., 0., 0., 0., 0.])
[2023-11-18 14:31:16,926][__main__][INFO] - epoch: 80
[2023-11-18 14:31:17,138][__main__][INFO] - alignment: tensor([0., 0., 0., 0., 0., 0., 0.])
[2023-11-18 14:31:17,138][__main__][INFO] - epoch: 90
[2023-11-18 14:31:17,351][__main__][INFO] - alignment: tensor([0., 0., 0., 0., 0., 0., 0.])
[2023-11-18 14:31:17,351][__main__][INFO] - epoch: 100
[2023-11-18 14:31:17,562][__main__][INFO] - alignment: tensor([0., 0., 0., 0., 0., 0., 0.])
[2023-11-18 14:31:17,562][__main__][INFO] - epoch: 110
[2023-11-18 14:31:17,773][__main__][INFO] - alignment: tensor([0., 0., 0., 0., 0., 0., 0.])
[2023-11-18 14:31:17,774][__main__][INFO] - epoch: 120
[2023-11-18 14:31:17,987][__main__][INFO] - alignment: tensor([0., 0., 0., 0., 0., 0., 0.])
[2023-11-18 14:31:17,987][__main__][INFO] - epoch: 130
[2023-11-18 14:31:18,200][__main__][INFO] - alignment: tensor([0., 0., 0., 0., 0., 0., 0.])
[2023-11-18 14:31:18,201][__main__][INFO] - epoch: 140
[2023-11-18 14:31:18,413][__main__][INFO] - alignment: tensor([0., 0., 0., 0., 0., 0., 0.])
[2023-11-18 14:31:18,413][__main__][INFO] - epoch: 150
[2023-11-18 14:31:18,626][__main__][INFO] - alignment: tensor([0., 0., 0., 0., 0., 0., 0.])
[2023-11-18 14:31:18,626][__main__][INFO] - epoch: 160
[2023-11-18 14:31:18,838][__main__][INFO] - alignment: tensor([0., 0., 0., 0., 0., 0., 0.])
[2023-11-18 14:31:18,838][__main__][INFO] - epoch: 170
[2023-11-18 14:31:19,052][__main__][INFO] - alignment: tensor([0., 0., 0., 0., 0., 0., 0.])
[2023-11-18 14:31:19,052][__main__][INFO] - epoch: 180
[2023-11-18 14:31:19,265][__main__][INFO] - alignment: tensor([0., 0., 0., 0., 0., 0., 0.])
[2023-11-18 14:31:19,266][__main__][INFO] - epoch: 190
[2023-11-18 14:31:19,480][__main__][INFO] - alignment: tensor([0., 0., 0., 0., 0., 0., 0.])
[2023-11-18 14:31:19,480][__main__][INFO] - epoch: 200
[2023-11-18 14:31:19,693][__main__][INFO] - alignment: tensor([1., 0., 0., 0., 0., 0., 0.])
[2023-11-18 14:31:19,693][__main__][INFO] - epoch: 210
[2023-11-18 14:31:19,907][__main__][INFO] - alignment: tensor([3., 0., 0., 0., 0., 0., 0.])
[2023-11-18 14:31:19,907][__main__][INFO] - epoch: 220
[2023-11-18 14:31:20,121][__main__][INFO] - alignment: tensor([5., 0., 0., 1., 0., 0., 0.])
[2023-11-18 14:31:20,121][__main__][INFO] - epoch: 230
[2023-11-18 14:31:20,334][__main__][INFO] - alignment: tensor([6., 0., 0., 1., 0., 0., 0.])
[2023-11-18 14:31:20,334][__main__][INFO] - epoch: 240
[2023-11-18 14:31:20,547][__main__][INFO] - alignment: tensor([7., 0., 0., 1., 0., 0., 0.])
[2023-11-18 14:31:20,547][__main__][INFO] - epoch: 250
[2023-11-18 14:31:20,761][__main__][INFO] - alignment: tensor([7., 0., 0., 1., 0., 0., 0.])
[2023-11-18 14:31:20,761][__main__][INFO] - epoch: 260
[2023-11-18 14:31:20,975][__main__][INFO] - alignment: tensor([7., 0., 0., 1., 0., 0., 0.])
[2023-11-18 14:31:20,975][__main__][INFO] - epoch: 270
[2023-11-18 14:31:21,190][__main__][INFO] - alignment: tensor([6., 0., 0., 1., 0., 0., 0.])
[2023-11-18 14:31:21,190][__main__][INFO] - epoch: 280
[2023-11-18 14:31:21,404][__main__][INFO] - alignment: tensor([7., 1., 0., 1., 0., 1., 0.])
[2023-11-18 14:31:21,404][__main__][INFO] - epoch: 290
[2023-11-18 14:31:21,619][__main__][INFO] - alignment: tensor([5., 1., 0., 1., 1., 1., 0.])
[2023-11-18 14:31:21,619][__main__][INFO] - epoch: 300
[2023-11-18 14:31:21,832][__main__][INFO] - alignment: tensor([6., 1., 0., 1., 1., 1., 0.])
[2023-11-18 14:31:21,833][__main__][INFO] - epoch: 310
[2023-11-18 14:31:22,047][__main__][INFO] - alignment: tensor([5., 1., 0., 1., 1., 1., 1.])
[2023-11-18 14:31:22,047][__main__][INFO] - epoch: 320
[2023-11-18 14:31:22,260][__main__][INFO] - alignment: tensor([5., 1., 0., 1., 1., 1., 1.])
[2023-11-18 14:31:22,260][__main__][INFO] - epoch: 330
[2023-11-18 14:31:22,475][__main__][INFO] - alignment: tensor([5., 1., 0., 1., 1., 1., 0.])
[2023-11-18 14:31:22,475][__main__][INFO] - epoch: 340
[2023-11-18 14:31:22,688][__main__][INFO] - alignment: tensor([5., 1., 0., 1., 1., 1., 1.])
[2023-11-18 14:31:22,689][__main__][INFO] - feat_thresh: 0.2
[2023-11-18 14:31:22,689][__main__][INFO] - epoch: 350
[2023-11-18 14:31:22,903][__main__][INFO] - alignment: tensor([0., 0., 0., 0., 0., 0., 0.])
[2023-11-18 14:31:22,903][__main__][INFO] - epoch: 360
[2023-11-18 14:31:23,117][__main__][INFO] - alignment: tensor([0., 0., 0., 0., 0., 0., 0.])
[2023-11-18 14:31:23,117][__main__][INFO] - epoch: 370
[2023-11-18 14:31:23,329][__main__][INFO] - alignment: tensor([0., 0., 0., 0., 0., 0., 0.])
[2023-11-18 14:31:23,329][__main__][INFO] - epoch: 380
[2023-11-18 14:31:23,541][__main__][INFO] - alignment: tensor([0., 0., 0., 0., 0., 0., 0.])
[2023-11-18 14:31:23,541][__main__][INFO] - epoch: 390
[2023-11-18 14:31:23,755][__main__][INFO] - alignment: tensor([0., 0., 0., 0., 0., 0., 0.])
[2023-11-18 14:31:23,755][__main__][INFO] - epoch: 400
[2023-11-18 14:31:23,969][__main__][INFO] - alignment: tensor([0., 0., 0., 0., 0., 0., 0.])
[2023-11-18 14:31:23,969][__main__][INFO] - epoch: 410
[2023-11-18 14:31:24,183][__main__][INFO] - alignment: tensor([0., 0., 0., 0., 0., 0., 0.])
[2023-11-18 14:31:24,184][__main__][INFO] - epoch: 420
[2023-11-18 14:31:24,398][__main__][INFO] - alignment: tensor([0., 0., 0., 0., 0., 0., 0.])
[2023-11-18 14:31:24,398][__main__][INFO] - epoch: 430
[2023-11-18 14:31:24,612][__main__][INFO] - alignment: tensor([0., 0., 0., 0., 0., 0., 0.])
[2023-11-18 14:31:24,612][__main__][INFO] - epoch: 440
[2023-11-18 14:31:24,826][__main__][INFO] - alignment: tensor([0., 0., 0., 0., 0., 0., 0.])
[2023-11-18 14:31:24,826][__main__][INFO] - epoch: 450
[2023-11-18 14:31:25,041][__main__][INFO] - alignment: tensor([0., 0., 0., 0., 0., 0., 0.])
[2023-11-18 14:31:25,041][__main__][INFO] - epoch: 460
[2023-11-18 14:31:25,255][__main__][INFO] - alignment: tensor([0., 0., 0., 0., 0., 0., 0.])
[2023-11-18 14:31:25,256][__main__][INFO] - epoch: 470
[2023-11-18 14:31:25,468][__main__][INFO] - alignment: tensor([0., 0., 0., 0., 0., 0., 0.])
[2023-11-18 14:31:25,468][__main__][INFO] - epoch: 480
[2023-11-18 14:31:25,682][__main__][INFO] - alignment: tensor([1., 0., 0., 0., 0., 0., 0.])
[2023-11-18 14:31:25,682][__main__][INFO] - epoch: 490
[2023-11-18 14:31:25,893][__main__][INFO] - alignment: tensor([1., 0., 0., 0., 0., 0., 0.])
[2023-11-18 14:31:25,893][__main__][INFO] - epoch: 500
[2023-11-18 14:31:26,106][__main__][INFO] - alignment: tensor([1., 0., 0., 0., 0., 0., 0.])
[2023-11-18 14:31:26,106][__main__][INFO] - epoch: 510
[2023-11-18 14:31:26,319][__main__][INFO] - alignment: tensor([3., 0., 0., 0., 0., 0., 0.])
[2023-11-18 14:31:26,320][__main__][INFO] - epoch: 520
[2023-11-18 14:31:26,534][__main__][INFO] - alignment: tensor([4., 0., 0., 0., 0., 0., 0.])
[2023-11-18 14:31:26,534][__main__][INFO] - epoch: 530
[2023-11-18 14:31:26,748][__main__][INFO] - alignment: tensor([8., 0., 0., 0., 0., 0., 0.])
[2023-11-18 14:31:26,748][__main__][INFO] - epoch: 540
[2023-11-18 14:31:26,962][__main__][INFO] - alignment: tensor([15.,  0.,  0.,  0.,  0.,  0.,  0.])
[2023-11-18 14:31:26,962][__main__][INFO] - epoch: 550
[2023-11-18 14:31:27,176][__main__][INFO] - alignment: tensor([26.,  0.,  0.,  1.,  0.,  0.,  0.])
[2023-11-18 14:31:27,176][__main__][INFO] - epoch: 560
[2023-11-18 14:31:27,390][__main__][INFO] - alignment: tensor([27.,  0.,  0.,  1.,  0.,  0.,  0.])
[2023-11-18 14:31:27,390][__main__][INFO] - epoch: 570
[2023-11-18 14:31:27,605][__main__][INFO] - alignment: tensor([29.,  1.,  0.,  1.,  0.,  0.,  0.])
[2023-11-18 14:31:27,605][__main__][INFO] - epoch: 580
[2023-11-18 14:31:27,820][__main__][INFO] - alignment: tensor([24.,  1.,  0.,  1.,  0.,  0.,  0.])
[2023-11-18 14:31:27,820][__main__][INFO] - epoch: 590
[2023-11-18 14:31:28,032][__main__][INFO] - alignment: tensor([25.,  1.,  0.,  1.,  1.,  1.,  0.])
[2023-11-18 14:31:28,032][__main__][INFO] - epoch: 600
[2023-11-18 14:31:28,246][__main__][INFO] - alignment: tensor([25.,  1.,  0.,  1.,  1.,  1.,  1.])
[2023-11-18 14:31:28,246][__main__][INFO] - epoch: 610
[2023-11-18 14:31:28,460][__main__][INFO] - alignment: tensor([25.,  1.,  0.,  1.,  1.,  1.,  1.])
[2023-11-18 14:31:28,460][__main__][INFO] - epoch: 620
[2023-11-18 14:31:28,674][__main__][INFO] - alignment: tensor([23.,  1.,  0.,  1.,  1.,  1.,  1.])
[2023-11-18 14:31:28,674][__main__][INFO] - epoch: 630
[2023-11-18 14:31:28,889][__main__][INFO] - alignment: tensor([23.,  2.,  0.,  1.,  1.,  1.,  1.])
[2023-11-18 14:31:28,889][__main__][INFO] - epoch: 640
[2023-11-18 14:31:29,105][__main__][INFO] - alignment: tensor([21.,  2.,  0.,  1.,  1.,  1.,  1.])
[2023-11-18 14:31:29,105][__main__][INFO] - epoch: 650
[2023-11-18 14:31:29,318][__main__][INFO] - alignment: tensor([20.,  2.,  0.,  1.,  1.,  1.,  1.])
[2023-11-18 14:31:29,318][__main__][INFO] - epoch: 660
[2023-11-18 14:31:29,533][__main__][INFO] - alignment: tensor([20.,  2.,  0.,  1.,  1.,  1.,  1.])
[2023-11-18 14:31:29,533][__main__][INFO] - epoch: 670
[2023-11-18 14:31:29,748][__main__][INFO] - alignment: tensor([19.,  2.,  0.,  1.,  1.,  1.,  1.])
[2023-11-18 14:31:29,748][__main__][INFO] - epoch: 680
[2023-11-18 14:31:29,963][__main__][INFO] - alignment: tensor([18.,  2.,  0.,  1.,  1.,  1.,  1.])
[2023-11-18 14:31:29,963][__main__][INFO] - epoch: 690
[2023-11-18 14:31:30,179][__main__][INFO] - alignment: tensor([18.,  2.,  0.,  1.,  1.,  1.,  1.])
[2023-11-18 14:31:30,179][__main__][INFO] - feat_thresh: 0.3
[2023-11-18 14:31:30,179][__main__][INFO] - epoch: 700
[2023-11-18 14:31:30,393][__main__][INFO] - alignment: tensor([0., 0., 0., 0., 0., 0., 0.])
[2023-11-18 14:31:30,393][__main__][INFO] - epoch: 710
[2023-11-18 14:31:30,607][__main__][INFO] - alignment: tensor([0., 0., 0., 0., 0., 0., 0.])
[2023-11-18 14:31:30,607][__main__][INFO] - epoch: 720
[2023-11-18 14:31:30,820][__main__][INFO] - alignment: tensor([0., 0., 0., 0., 0., 0., 0.])
[2023-11-18 14:31:30,820][__main__][INFO] - epoch: 730
[2023-11-18 14:31:31,033][__main__][INFO] - alignment: tensor([0., 0., 0., 0., 0., 0., 0.])
[2023-11-18 14:31:31,033][__main__][INFO] - epoch: 740
[2023-11-18 14:31:31,246][__main__][INFO] - alignment: tensor([0., 0., 0., 0., 0., 0., 0.])
[2023-11-18 14:31:31,246][__main__][INFO] - epoch: 750
[2023-11-18 14:31:31,458][__main__][INFO] - alignment: tensor([0., 0., 0., 0., 0., 0., 0.])
[2023-11-18 14:31:31,458][__main__][INFO] - epoch: 760
[2023-11-18 14:31:31,670][__main__][INFO] - alignment: tensor([0., 0., 0., 0., 0., 0., 0.])
[2023-11-18 14:31:31,670][__main__][INFO] - epoch: 770
[2023-11-18 14:31:31,884][__main__][INFO] - alignment: tensor([0., 0., 0., 0., 0., 0., 0.])
[2023-11-18 14:31:31,884][__main__][INFO] - epoch: 780
[2023-11-18 14:31:32,098][__main__][INFO] - alignment: tensor([0., 0., 0., 0., 0., 0., 0.])
[2023-11-18 14:31:32,098][__main__][INFO] - epoch: 790
[2023-11-18 14:31:32,311][__main__][INFO] - alignment: tensor([0., 0., 0., 0., 0., 0., 0.])
[2023-11-18 14:31:32,311][__main__][INFO] - epoch: 800
[2023-11-18 14:31:32,525][__main__][INFO] - alignment: tensor([0., 0., 0., 0., 0., 0., 0.])
[2023-11-18 14:31:32,525][__main__][INFO] - epoch: 810
[2023-11-18 14:31:32,738][__main__][INFO] - alignment: tensor([0., 0., 0., 0., 0., 0., 0.])
[2023-11-18 14:31:32,738][__main__][INFO] - epoch: 820
[2023-11-18 14:31:32,953][__main__][INFO] - alignment: tensor([2., 0., 0., 0., 0., 0., 0.])
[2023-11-18 14:31:32,953][__main__][INFO] - epoch: 830
[2023-11-18 14:31:33,168][__main__][INFO] - alignment: tensor([4., 0., 0., 0., 0., 0., 0.])
[2023-11-18 14:31:33,168][__main__][INFO] - epoch: 840
[2023-11-18 14:31:33,382][__main__][INFO] - alignment: tensor([7., 0., 0., 0., 0., 0., 0.])
[2023-11-18 14:31:33,382][__main__][INFO] - epoch: 850
[2023-11-18 14:31:33,598][__main__][INFO] - alignment: tensor([5., 0., 0., 0., 0., 0., 0.])
[2023-11-18 14:31:33,598][__main__][INFO] - epoch: 860
[2023-11-18 14:31:33,813][__main__][INFO] - alignment: tensor([16.,  0.,  0.,  0.,  0.,  0.,  0.])
[2023-11-18 14:31:33,813][__main__][INFO] - epoch: 870
[2023-11-18 14:31:34,027][__main__][INFO] - alignment: tensor([31.,  0.,  0.,  0.,  0.,  0.,  0.])
[2023-11-18 14:31:34,027][__main__][INFO] - epoch: 880
[2023-11-18 14:31:34,241][__main__][INFO] - alignment: tensor([42.,  0.,  0.,  0.,  0.,  0.,  0.])
[2023-11-18 14:31:34,241][__main__][INFO] - epoch: 890
[2023-11-18 14:31:34,459][__main__][INFO] - alignment: tensor([60.,  0.,  0.,  0.,  0.,  0.,  0.])
[2023-11-18 14:31:34,459][__main__][INFO] - epoch: 900
[2023-11-18 14:31:34,674][__main__][INFO] - alignment: tensor([74.,  1.,  0.,  1.,  0.,  0.,  0.])
[2023-11-18 14:31:34,674][__main__][INFO] - epoch: 910
[2023-11-18 14:31:34,888][__main__][INFO] - alignment: tensor([75.,  1.,  0.,  1.,  0.,  0.,  0.])
[2023-11-18 14:31:34,888][__main__][INFO] - epoch: 920
[2023-11-18 14:31:35,103][__main__][INFO] - alignment: tensor([66.,  1.,  0.,  1.,  1.,  0.,  1.])
[2023-11-18 14:31:35,103][__main__][INFO] - epoch: 930
[2023-11-18 14:31:35,318][__main__][INFO] - alignment: tensor([53.,  1.,  0.,  1.,  1.,  1.,  1.])
[2023-11-18 14:31:35,318][__main__][INFO] - epoch: 940
[2023-11-18 14:31:35,532][__main__][INFO] - alignment: tensor([49.,  3.,  0.,  1.,  1.,  1.,  1.])
[2023-11-18 14:31:35,532][__main__][INFO] - epoch: 950
[2023-11-18 14:31:35,747][__main__][INFO] - alignment: tensor([46.,  4.,  0.,  1.,  1.,  1.,  1.])
[2023-11-18 14:31:35,747][__main__][INFO] - epoch: 960
[2023-11-18 14:31:35,962][__main__][INFO] - alignment: tensor([43.,  5.,  0.,  1.,  1.,  1.,  2.])
[2023-11-18 14:31:35,962][__main__][INFO] - epoch: 970
[2023-11-18 14:31:36,178][__main__][INFO] - alignment: tensor([42.,  5.,  1.,  1.,  1.,  1.,  2.])
[2023-11-18 14:31:36,178][__main__][INFO] - epoch: 980
[2023-11-18 14:31:36,393][__main__][INFO] - alignment: tensor([41.,  6.,  1.,  1.,  1.,  1.,  2.])
[2023-11-18 14:31:36,393][__main__][INFO] - epoch: 990
[2023-11-18 14:31:36,607][__main__][INFO] - alignment: tensor([40.,  5.,  1.,  1.,  1.,  1.,  2.])
[2023-11-18 14:31:36,607][__main__][INFO] - epoch: 1000
[2023-11-18 14:31:36,821][__main__][INFO] - alignment: tensor([40.,  5.,  1.,  1.,  1.,  1.,  2.])
[2023-11-18 14:31:36,821][__main__][INFO] - epoch: 1010
[2023-11-18 14:31:37,037][__main__][INFO] - alignment: tensor([40.,  5.,  1.,  1.,  1.,  1.,  2.])
[2023-11-18 14:31:37,037][__main__][INFO] - epoch: 1020
[2023-11-18 14:31:37,252][__main__][INFO] - alignment: tensor([41.,  5.,  1.,  1.,  1.,  1.,  2.])
[2023-11-18 14:31:37,252][__main__][INFO] - epoch: 1030
[2023-11-18 14:31:37,466][__main__][INFO] - alignment: tensor([40.,  5.,  2.,  1.,  1.,  1.,  2.])
[2023-11-18 14:31:37,466][__main__][INFO] - epoch: 1040
[2023-11-18 14:31:37,680][__main__][INFO] - alignment: tensor([39.,  4.,  2.,  1.,  1.,  1.,  2.])
[2023-11-18 14:31:37,768][__main__][INFO] - Training losses plot: train_losses.png
[2023-11-18 14:31:37,856][__main__][INFO] - Accuracies plot: accuracies.png
