[2023-11-19 14:10:09,107][hydra.utils][INFO] - Logging from main
[2023-11-19 14:34:28,933][__main__][INFO] - Model weights saved at: model.pt
[2023-11-19 14:34:28,943][__main__][INFO] - Training accuracy: 0.9989333333333333
[2023-11-19 14:34:28,943][__main__][INFO] - Testing accuracy: 0.9464
[2023-11-19 14:34:28,943][__main__][INFO] - feat_thresh: 0.1
[2023-11-19 14:34:28,944][__main__][INFO] - epoch: 0
[2023-11-19 14:34:29,568][__main__][INFO] - alignment: tensor([0., 0., 0., 0., 0., 0., 0., 0., 0., 0., 0., 0., 0., 0., 0.])
[2023-11-19 14:34:29,569][__main__][INFO] - epoch: 10
[2023-11-19 14:34:30,094][__main__][INFO] - alignment: tensor([0., 0., 0., 0., 0., 0., 0., 0., 0., 0., 0., 0., 0., 0., 0.])
[2023-11-19 14:34:30,095][__main__][INFO] - epoch: 20
[2023-11-19 14:34:30,601][__main__][INFO] - alignment: tensor([0., 0., 0., 0., 0., 0., 0., 0., 0., 0., 0., 0., 0., 0., 0.])
[2023-11-19 14:34:30,602][__main__][INFO] - epoch: 30
[2023-11-19 14:34:31,209][__main__][INFO] - alignment: tensor([0., 0., 0., 0., 0., 0., 0., 0., 0., 0., 0., 0., 0., 0., 0.])
[2023-11-19 14:34:31,209][__main__][INFO] - epoch: 40
[2023-11-19 14:34:31,719][__main__][INFO] - alignment: tensor([0., 0., 0., 0., 0., 0., 0., 0., 0., 0., 0., 0., 0., 0., 0.])
[2023-11-19 14:34:31,719][__main__][INFO] - epoch: 50
[2023-11-19 14:34:32,279][__main__][INFO] - alignment: tensor([0., 0., 0., 0., 0., 0., 0., 0., 0., 0., 0., 0., 0., 0., 0.])
[2023-11-19 14:34:32,280][__main__][INFO] - epoch: 60
[2023-11-19 14:34:32,804][__main__][INFO] - alignment: tensor([0., 0., 0., 0., 0., 0., 0., 0., 0., 0., 0., 0., 0., 0., 0.])
[2023-11-19 14:34:32,805][__main__][INFO] - epoch: 70
[2023-11-19 14:34:33,305][__main__][INFO] - alignment: tensor([0., 0., 0., 0., 0., 0., 0., 0., 0., 0., 0., 0., 0., 0., 0.])
[2023-11-19 14:34:33,306][__main__][INFO] - epoch: 80
[2023-11-19 14:34:33,847][__main__][INFO] - alignment: tensor([0., 0., 0., 0., 0., 0., 0., 0., 0., 0., 0., 0., 0., 0., 0.])
[2023-11-19 14:34:33,847][__main__][INFO] - epoch: 90
[2023-11-19 14:34:34,349][__main__][INFO] - alignment: tensor([0., 0., 0., 0., 0., 0., 0., 0., 0., 0., 0., 0., 0., 0., 0.])
[2023-11-19 14:34:34,349][__main__][INFO] - epoch: 100
[2023-11-19 14:34:34,902][__main__][INFO] - alignment: tensor([0., 0., 0., 0., 0., 0., 0., 0., 0., 0., 0., 0., 0., 0., 0.])
[2023-11-19 14:34:34,903][__main__][INFO] - epoch: 110
[2023-11-19 14:34:35,417][__main__][INFO] - alignment: tensor([0., 0., 0., 0., 0., 0., 0., 0., 0., 0., 0., 0., 0., 0., 0.])
[2023-11-19 14:34:35,418][__main__][INFO] - epoch: 120
[2023-11-19 14:34:35,934][__main__][INFO] - alignment: tensor([0., 0., 0., 0., 0., 0., 0., 0., 0., 0., 0., 0., 0., 0., 0.])
[2023-11-19 14:34:35,935][__main__][INFO] - epoch: 130
[2023-11-19 14:34:36,440][__main__][INFO] - alignment: tensor([0., 0., 0., 0., 0., 0., 0., 0., 0., 0., 0., 0., 0., 0., 0.])
[2023-11-19 14:34:36,441][__main__][INFO] - epoch: 140
[2023-11-19 14:34:36,958][__main__][INFO] - alignment: tensor([0., 0., 0., 0., 0., 0., 0., 0., 0., 0., 0., 0., 0., 0., 0.])
[2023-11-19 14:34:36,958][__main__][INFO] - epoch: 150
[2023-11-19 14:34:37,547][__main__][INFO] - alignment: tensor([3., 0., 0., 0., 0., 0., 0., 0., 0., 0., 0., 0., 0., 0., 0.])
[2023-11-19 14:34:37,547][__main__][INFO] - epoch: 160
[2023-11-19 14:34:38,069][__main__][INFO] - alignment: tensor([8., 0., 0., 0., 0., 0., 0., 0., 0., 0., 0., 0., 0., 0., 0.])
[2023-11-19 14:34:38,070][__main__][INFO] - epoch: 170
[2023-11-19 14:34:38,582][__main__][INFO] - alignment: tensor([7., 0., 0., 0., 0., 0., 0., 0., 0., 0., 0., 0., 0., 0., 0.])
[2023-11-19 14:34:38,583][__main__][INFO] - epoch: 180
[2023-11-19 14:34:39,105][__main__][INFO] - alignment: tensor([7., 0., 0., 0., 0., 0., 0., 0., 0., 0., 0., 0., 0., 0., 0.])
[2023-11-19 14:34:39,105][__main__][INFO] - epoch: 190
[2023-11-19 14:34:39,612][__main__][INFO] - alignment: tensor([8., 0., 0., 0., 0., 0., 0., 0., 0., 0., 0., 0., 0., 0., 0.])
[2023-11-19 14:34:39,612][__main__][INFO] - epoch: 200
[2023-11-19 14:34:40,167][__main__][INFO] - alignment: tensor([12.,  1.,  0.,  0.,  0.,  0.,  0.,  0.,  0.,  0.,  0.,  0.,  0.,  0.,
         0.])
[2023-11-19 14:34:40,168][__main__][INFO] - epoch: 210
[2023-11-19 14:34:40,719][__main__][INFO] - alignment: tensor([12.,  1.,  1.,  0.,  0.,  0.,  0.,  0.,  0.,  0.,  0.,  0.,  0.,  0.,
         0.])
[2023-11-19 14:34:40,719][__main__][INFO] - epoch: 220
[2023-11-19 14:34:41,318][__main__][INFO] - alignment: tensor([14.,  1.,  1.,  0.,  0.,  0.,  0.,  0.,  0.,  0.,  0.,  0.,  0.,  0.,
         0.])
[2023-11-19 14:34:41,318][__main__][INFO] - epoch: 230
[2023-11-19 14:34:41,855][__main__][INFO] - alignment: tensor([14.,  1.,  1.,  1.,  0.,  0.,  0.,  0.,  0.,  0.,  0.,  0.,  1.,  0.,
         0.])
[2023-11-19 14:34:41,855][__main__][INFO] - epoch: 240
[2023-11-19 14:34:42,368][__main__][INFO] - alignment: tensor([13.,  1.,  1.,  1.,  0.,  0.,  0.,  0.,  1.,  0.,  1.,  0.,  1.,  0.,
         0.])
[2023-11-19 14:34:42,369][__main__][INFO] - epoch: 250
[2023-11-19 14:34:42,985][__main__][INFO] - alignment: tensor([11.,  1.,  1.,  1.,  0.,  0.,  0.,  0.,  1.,  0.,  1.,  0.,  1.,  0.,
         0.])
[2023-11-19 14:34:42,985][__main__][INFO] - epoch: 260
[2023-11-19 14:34:43,575][__main__][INFO] - alignment: tensor([10.,  1.,  1.,  1.,  0.,  0.,  0.,  0.,  1.,  0.,  1.,  0.,  1.,  0.,
         0.])
[2023-11-19 14:34:43,575][__main__][INFO] - epoch: 270
[2023-11-19 14:34:44,089][__main__][INFO] - alignment: tensor([9., 1., 1., 1., 0., 0., 0., 0., 1., 0., 1., 0., 1., 0., 0.])
[2023-11-19 14:34:44,089][__main__][INFO] - epoch: 280
[2023-11-19 14:34:44,587][__main__][INFO] - alignment: tensor([7., 1., 1., 1., 0., 0., 0., 0., 1., 1., 1., 0., 1., 0., 0.])
[2023-11-19 14:34:44,588][__main__][INFO] - epoch: 290
[2023-11-19 14:34:45,097][__main__][INFO] - alignment: tensor([6., 2., 1., 1., 0., 0., 0., 0., 1., 1., 1., 0., 1., 0., 0.])
[2023-11-19 14:34:45,097][__main__][INFO] - epoch: 300
[2023-11-19 14:34:45,624][__main__][INFO] - alignment: tensor([6., 2., 2., 1., 0., 0., 0., 0., 1., 1., 1., 0., 1., 0., 1.])
[2023-11-19 14:34:45,624][__main__][INFO] - epoch: 310
[2023-11-19 14:34:46,149][__main__][INFO] - alignment: tensor([7., 2., 2., 1., 0., 0., 0., 0., 1., 1., 1., 0., 1., 0., 1.])
[2023-11-19 14:34:46,150][__main__][INFO] - epoch: 320
[2023-11-19 14:34:46,736][__main__][INFO] - alignment: tensor([5., 2., 2., 1., 0., 0., 0., 0., 1., 1., 1., 0., 1., 0., 1.])
[2023-11-19 14:34:46,736][__main__][INFO] - epoch: 330
[2023-11-19 14:34:47,237][__main__][INFO] - alignment: tensor([7., 2., 1., 1., 0., 0., 0., 0., 1., 1., 1., 0., 1., 0., 1.])
[2023-11-19 14:34:47,237][__main__][INFO] - epoch: 340
[2023-11-19 14:34:47,742][__main__][INFO] - alignment: tensor([7., 2., 1., 1., 0., 0., 0., 0., 1., 1., 1., 0., 1., 0., 1.])
[2023-11-19 14:34:47,742][__main__][INFO] - feat_thresh: 0.2
[2023-11-19 14:34:47,742][__main__][INFO] - epoch: 0
[2023-11-19 14:34:48,262][__main__][INFO] - alignment: tensor([0., 0., 0., 0., 0., 0., 0., 0., 0., 0., 0., 0., 0., 0., 0.])
[2023-11-19 14:34:48,262][__main__][INFO] - epoch: 10
[2023-11-19 14:34:48,766][__main__][INFO] - alignment: tensor([0., 0., 0., 0., 0., 0., 0., 0., 0., 0., 0., 0., 0., 0., 0.])
[2023-11-19 14:34:48,766][__main__][INFO] - epoch: 20
[2023-11-19 14:34:49,274][__main__][INFO] - alignment: tensor([0., 0., 0., 0., 0., 0., 0., 0., 0., 0., 0., 0., 0., 0., 0.])
[2023-11-19 14:34:49,274][__main__][INFO] - epoch: 30
[2023-11-19 14:34:49,779][__main__][INFO] - alignment: tensor([0., 0., 0., 0., 0., 0., 0., 0., 0., 0., 0., 0., 0., 0., 0.])
[2023-11-19 14:34:49,780][__main__][INFO] - epoch: 40
[2023-11-19 14:34:50,330][__main__][INFO] - alignment: tensor([0., 0., 0., 0., 0., 0., 0., 0., 0., 0., 0., 0., 0., 0., 0.])
[2023-11-19 14:34:50,330][__main__][INFO] - epoch: 50
[2023-11-19 14:34:50,875][__main__][INFO] - alignment: tensor([0., 0., 0., 0., 0., 0., 0., 0., 0., 0., 0., 0., 0., 0., 0.])
[2023-11-19 14:34:50,875][__main__][INFO] - epoch: 60
[2023-11-19 14:34:51,382][__main__][INFO] - alignment: tensor([0., 0., 0., 0., 0., 0., 0., 0., 0., 0., 0., 0., 0., 0., 0.])
[2023-11-19 14:34:51,382][__main__][INFO] - epoch: 70
[2023-11-19 14:34:51,890][__main__][INFO] - alignment: tensor([0., 0., 0., 0., 0., 0., 0., 0., 0., 0., 0., 0., 0., 0., 0.])
[2023-11-19 14:34:51,891][__main__][INFO] - epoch: 80
[2023-11-19 14:34:52,401][__main__][INFO] - alignment: tensor([0., 0., 0., 0., 0., 0., 0., 0., 0., 0., 0., 0., 0., 0., 0.])
[2023-11-19 14:34:52,401][__main__][INFO] - epoch: 90
[2023-11-19 14:34:52,910][__main__][INFO] - alignment: tensor([0., 0., 0., 0., 0., 0., 0., 0., 0., 0., 0., 0., 0., 0., 0.])
[2023-11-19 14:34:52,910][__main__][INFO] - epoch: 100
[2023-11-19 14:34:53,438][__main__][INFO] - alignment: tensor([0., 0., 0., 0., 0., 0., 0., 0., 0., 0., 0., 0., 0., 0., 0.])
[2023-11-19 14:34:53,438][__main__][INFO] - epoch: 110
[2023-11-19 14:34:53,947][__main__][INFO] - alignment: tensor([0., 0., 0., 0., 0., 0., 0., 0., 0., 0., 0., 0., 0., 0., 0.])
[2023-11-19 14:34:53,948][__main__][INFO] - epoch: 120
[2023-11-19 14:34:54,452][__main__][INFO] - alignment: tensor([3., 0., 0., 0., 0., 0., 0., 0., 0., 0., 0., 0., 0., 0., 0.])
[2023-11-19 14:34:54,453][__main__][INFO] - epoch: 130
[2023-11-19 14:34:55,020][__main__][INFO] - alignment: tensor([11.,  0.,  0.,  0.,  0.,  0.,  0.,  0.,  0.,  0.,  0.,  0.,  0.,  0.,
         0.])
[2023-11-19 14:34:55,020][__main__][INFO] - epoch: 140
[2023-11-19 14:34:55,693][__main__][INFO] - alignment: tensor([29.,  0.,  0.,  0.,  0.,  0.,  0.,  0.,  0.,  0.,  0.,  0.,  0.,  0.,
         0.])
[2023-11-19 14:34:55,694][__main__][INFO] - epoch: 150
[2023-11-19 14:34:56,221][__main__][INFO] - alignment: tensor([41.,  0.,  0.,  0.,  0.,  0.,  0.,  0.,  0.,  0.,  0.,  0.,  0.,  0.,
         0.])
[2023-11-19 14:34:56,222][__main__][INFO] - epoch: 160
[2023-11-19 14:34:56,760][__main__][INFO] - alignment: tensor([43.,  0.,  0.,  0.,  0.,  0.,  0.,  0.,  0.,  0.,  0.,  0.,  0.,  0.,
         0.])
[2023-11-19 14:34:56,760][__main__][INFO] - epoch: 170
[2023-11-19 14:34:57,338][__main__][INFO] - alignment: tensor([41.,  0.,  0.,  0.,  0.,  0.,  0.,  0.,  0.,  0.,  0.,  0.,  0.,  0.,
         0.])
[2023-11-19 14:34:57,338][__main__][INFO] - epoch: 180
[2023-11-19 14:34:57,846][__main__][INFO] - alignment: tensor([42.,  0.,  0.,  0.,  0.,  0.,  0.,  0.,  0.,  0.,  0.,  0.,  0.,  0.,
         0.])
[2023-11-19 14:34:57,846][__main__][INFO] - epoch: 190
[2023-11-19 14:34:58,365][__main__][INFO] - alignment: tensor([36.,  0.,  0.,  0.,  0.,  0.,  0.,  0.,  0.,  0.,  0.,  0.,  0.,  0.,
         0.])
[2023-11-19 14:34:58,365][__main__][INFO] - epoch: 200
[2023-11-19 14:34:58,942][__main__][INFO] - alignment: tensor([36.,  1.,  3.,  0.,  0.,  0.,  0.,  0.,  0.,  0.,  0.,  0.,  0.,  0.,
         0.])
[2023-11-19 14:34:58,942][__main__][INFO] - epoch: 210
[2023-11-19 14:34:59,601][__main__][INFO] - alignment: tensor([44.,  1.,  2.,  0.,  0.,  0.,  0.,  0.,  0.,  0.,  0.,  0.,  1.,  0.,
         0.])
[2023-11-19 14:34:59,601][__main__][INFO] - epoch: 220
[2023-11-19 14:35:00,201][__main__][INFO] - alignment: tensor([39.,  1.,  2.,  1.,  0.,  0.,  0.,  0.,  0.,  0.,  1.,  0.,  1.,  0.,
         0.])
[2023-11-19 14:35:00,202][__main__][INFO] - epoch: 230
[2023-11-19 14:35:00,756][__main__][INFO] - alignment: tensor([35.,  2.,  2.,  1.,  0.,  0.,  0.,  0.,  1.,  0.,  1.,  0.,  1.,  0.,
         0.])
[2023-11-19 14:35:00,756][__main__][INFO] - epoch: 240
[2023-11-19 14:35:01,317][__main__][INFO] - alignment: tensor([28.,  2.,  2.,  1.,  0.,  0.,  0.,  0.,  1.,  0.,  1.,  0.,  1.,  0.,
         1.])
[2023-11-19 14:35:01,317][__main__][INFO] - epoch: 250
[2023-11-19 14:35:01,830][__main__][INFO] - alignment: tensor([26.,  2.,  2.,  1.,  0.,  0.,  0.,  0.,  1.,  0.,  1.,  0.,  1.,  0.,
         1.])
[2023-11-19 14:35:01,830][__main__][INFO] - epoch: 260
[2023-11-19 14:35:02,342][__main__][INFO] - alignment: tensor([26.,  2.,  3.,  1.,  0.,  1.,  0.,  0.,  1.,  1.,  1.,  0.,  1.,  0.,
         1.])
[2023-11-19 14:35:02,343][__main__][INFO] - epoch: 270
[2023-11-19 14:35:02,892][__main__][INFO] - alignment: tensor([25.,  4.,  4.,  1.,  0.,  1.,  0.,  0.,  1.,  1.,  1.,  0.,  1.,  0.,
         1.])
[2023-11-19 14:35:02,892][__main__][INFO] - epoch: 280
[2023-11-19 14:35:03,435][__main__][INFO] - alignment: tensor([22.,  4.,  4.,  1.,  0.,  1.,  0.,  0.,  1.,  1.,  1.,  0.,  1.,  0.,
         1.])
[2023-11-19 14:35:03,436][__main__][INFO] - epoch: 290
[2023-11-19 14:35:03,947][__main__][INFO] - alignment: tensor([20.,  4.,  3.,  1.,  1.,  1.,  0.,  0.,  1.,  1.,  1.,  0.,  1.,  0.,
         1.])
[2023-11-19 14:35:03,948][__main__][INFO] - epoch: 300
[2023-11-19 14:35:04,467][__main__][INFO] - alignment: tensor([20.,  4.,  4.,  1.,  1.,  1.,  0.,  0.,  1.,  1.,  1.,  0.,  1.,  0.,
         1.])
[2023-11-19 14:35:04,467][__main__][INFO] - epoch: 310
[2023-11-19 14:35:05,011][__main__][INFO] - alignment: tensor([19.,  4.,  4.,  1.,  1.,  1.,  0.,  0.,  1.,  1.,  1.,  0.,  1.,  0.,
         1.])
[2023-11-19 14:35:05,011][__main__][INFO] - epoch: 320
[2023-11-19 14:35:05,577][__main__][INFO] - alignment: tensor([19.,  4.,  3.,  1.,  1.,  1.,  0.,  0.,  1.,  1.,  1.,  0.,  1.,  0.,
         1.])
[2023-11-19 14:35:05,577][__main__][INFO] - epoch: 330
[2023-11-19 14:35:06,087][__main__][INFO] - alignment: tensor([21.,  4.,  4.,  1.,  1.,  1.,  0.,  0.,  1.,  1.,  1.,  0.,  1.,  0.,
         1.])
[2023-11-19 14:35:06,087][__main__][INFO] - epoch: 340
[2023-11-19 14:35:06,598][__main__][INFO] - alignment: tensor([21.,  4.,  4.,  1.,  1.,  1.,  0.,  0.,  1.,  1.,  1.,  0.,  1.,  0.,
         1.])
[2023-11-19 14:35:06,598][__main__][INFO] - feat_thresh: 0.3
[2023-11-19 14:35:06,598][__main__][INFO] - epoch: 0
[2023-11-19 14:35:07,246][__main__][INFO] - alignment: tensor([0., 0., 0., 0., 0., 0., 0., 0., 0., 0., 0., 0., 0., 0., 0.])
[2023-11-19 14:35:07,246][__main__][INFO] - epoch: 10
[2023-11-19 14:35:07,763][__main__][INFO] - alignment: tensor([0., 0., 0., 0., 0., 0., 0., 0., 0., 0., 0., 0., 0., 0., 0.])
[2023-11-19 14:35:07,764][__main__][INFO] - epoch: 20
[2023-11-19 14:35:08,298][__main__][INFO] - alignment: tensor([0., 0., 0., 0., 0., 0., 0., 0., 0., 0., 0., 0., 0., 0., 0.])
[2023-11-19 14:35:08,299][__main__][INFO] - epoch: 30
[2023-11-19 14:35:08,809][__main__][INFO] - alignment: tensor([0., 0., 0., 0., 0., 0., 0., 0., 0., 0., 0., 0., 0., 0., 0.])
[2023-11-19 14:35:08,809][__main__][INFO] - epoch: 40
[2023-11-19 14:35:09,321][__main__][INFO] - alignment: tensor([0., 0., 0., 0., 0., 0., 0., 0., 0., 0., 0., 0., 0., 0., 0.])
[2023-11-19 14:35:09,321][__main__][INFO] - epoch: 50
[2023-11-19 14:35:09,827][__main__][INFO] - alignment: tensor([0., 0., 0., 0., 0., 0., 0., 0., 0., 0., 0., 0., 0., 0., 0.])
[2023-11-19 14:35:09,827][__main__][INFO] - epoch: 60
[2023-11-19 14:35:10,435][__main__][INFO] - alignment: tensor([0., 0., 0., 0., 0., 0., 0., 0., 0., 0., 0., 0., 0., 0., 0.])
[2023-11-19 14:35:10,435][__main__][INFO] - epoch: 70
[2023-11-19 14:35:10,975][__main__][INFO] - alignment: tensor([0., 0., 0., 0., 0., 0., 0., 0., 0., 0., 0., 0., 0., 0., 0.])
[2023-11-19 14:35:10,975][__main__][INFO] - epoch: 80
[2023-11-19 14:35:11,603][__main__][INFO] - alignment: tensor([0., 0., 0., 0., 0., 0., 0., 0., 0., 0., 0., 0., 0., 0., 0.])
[2023-11-19 14:35:11,603][__main__][INFO] - epoch: 90
[2023-11-19 14:35:12,207][__main__][INFO] - alignment: tensor([1., 0., 0., 0., 0., 0., 0., 0., 0., 0., 0., 0., 0., 0., 0.])
[2023-11-19 14:35:12,207][__main__][INFO] - epoch: 100
[2023-11-19 14:35:12,702][__main__][INFO] - alignment: tensor([2., 0., 0., 0., 0., 0., 0., 0., 0., 0., 0., 0., 0., 0., 0.])
[2023-11-19 14:35:12,702][__main__][INFO] - epoch: 110
[2023-11-19 14:35:13,211][__main__][INFO] - alignment: tensor([5., 0., 0., 0., 0., 0., 0., 0., 0., 0., 0., 0., 0., 0., 0.])
[2023-11-19 14:35:13,211][__main__][INFO] - epoch: 120
[2023-11-19 14:35:13,734][__main__][INFO] - alignment: tensor([24.,  0.,  0.,  0.,  0.,  0.,  0.,  0.,  0.,  0.,  0.,  0.,  0.,  0.,
         0.])
[2023-11-19 14:35:13,734][__main__][INFO] - epoch: 130
[2023-11-19 14:35:14,306][__main__][INFO] - alignment: tensor([44.,  0.,  0.,  0.,  0.,  0.,  0.,  0.,  0.,  0.,  0.,  0.,  0.,  0.,
         0.])
[2023-11-19 14:35:14,306][__main__][INFO] - epoch: 140
[2023-11-19 14:35:14,821][__main__][INFO] - alignment: tensor([65.,  0.,  0.,  0.,  0.,  0.,  0.,  0.,  0.,  0.,  0.,  0.,  0.,  0.,
         0.])
[2023-11-19 14:35:14,821][__main__][INFO] - epoch: 150
[2023-11-19 14:35:15,428][__main__][INFO] - alignment: tensor([83.,  0.,  0.,  0.,  0.,  0.,  0.,  0.,  0.,  0.,  0.,  0.,  0.,  0.,
         0.])
[2023-11-19 14:35:15,428][__main__][INFO] - epoch: 160
[2023-11-19 14:35:16,006][__main__][INFO] - alignment: tensor([91.,  0.,  0.,  0.,  0.,  0.,  0.,  0.,  0.,  0.,  0.,  0.,  0.,  0.,
         0.])
[2023-11-19 14:35:16,006][__main__][INFO] - epoch: 170
[2023-11-19 14:35:16,615][__main__][INFO] - alignment: tensor([86.,  0.,  1.,  0.,  0.,  0.,  0.,  0.,  0.,  0.,  0.,  0.,  0.,  0.,
         0.])
[2023-11-19 14:35:16,615][__main__][INFO] - epoch: 180
[2023-11-19 14:35:17,172][__main__][INFO] - alignment: tensor([80.,  0.,  2.,  0.,  0.,  0.,  0.,  0.,  0.,  0.,  0.,  0.,  0.,  0.,
         0.])
[2023-11-19 14:35:17,172][__main__][INFO] - epoch: 190
[2023-11-19 14:35:17,902][__main__][INFO] - alignment: tensor([70.,  0.,  6.,  0.,  0.,  0.,  0.,  0.,  0.,  0.,  0.,  0.,  0.,  0.,
         0.])
[2023-11-19 14:35:17,902][__main__][INFO] - epoch: 200
[2023-11-19 14:35:18,625][__main__][INFO] - alignment: tensor([73.,  3.,  4.,  0.,  0.,  0.,  0.,  0.,  0.,  0.,  0.,  0.,  0.,  0.,
         0.])
[2023-11-19 14:35:18,625][__main__][INFO] - epoch: 210
[2023-11-19 14:35:19,184][__main__][INFO] - alignment: tensor([73.,  3.,  3.,  0.,  0.,  0.,  0.,  0.,  0.,  0.,  1.,  0.,  1.,  0.,
         0.])
[2023-11-19 14:35:19,184][__main__][INFO] - epoch: 220
[2023-11-19 14:35:19,707][__main__][INFO] - alignment: tensor([65.,  4.,  5.,  1.,  0.,  0.,  0.,  0.,  1.,  0.,  1.,  0.,  1.,  0.,
         0.])
[2023-11-19 14:35:19,707][__main__][INFO] - epoch: 230
[2023-11-19 14:35:20,220][__main__][INFO] - alignment: tensor([56.,  4.,  6.,  1.,  0.,  0.,  0.,  0.,  1.,  0.,  1.,  0.,  1.,  0.,
         1.])
[2023-11-19 14:35:20,220][__main__][INFO] - epoch: 240
[2023-11-19 14:35:20,747][__main__][INFO] - alignment: tensor([49.,  4.,  6.,  1.,  0.,  0.,  0.,  0.,  1.,  0.,  1.,  0.,  1.,  0.,
         1.])
[2023-11-19 14:35:20,747][__main__][INFO] - epoch: 250
[2023-11-19 14:35:21,404][__main__][INFO] - alignment: tensor([45.,  4.,  7.,  1.,  0.,  1.,  0.,  0.,  1.,  1.,  1.,  0.,  1.,  0.,
         1.])
[2023-11-19 14:35:21,405][__main__][INFO] - epoch: 260
[2023-11-19 14:35:21,984][__main__][INFO] - alignment: tensor([40.,  4.,  9.,  1.,  0.,  1.,  0.,  0.,  1.,  1.,  1.,  0.,  1.,  0.,
         1.])
[2023-11-19 14:35:21,984][__main__][INFO] - epoch: 270
[2023-11-19 14:35:22,490][__main__][INFO] - alignment: tensor([37.,  4.,  9.,  1.,  0.,  1.,  0.,  1.,  1.,  1.,  1.,  0.,  1.,  0.,
         1.])
[2023-11-19 14:35:22,490][__main__][INFO] - epoch: 280
[2023-11-19 14:35:23,038][__main__][INFO] - alignment: tensor([35.,  6.,  9.,  1.,  1.,  1.,  0.,  1.,  1.,  1.,  1.,  0.,  1.,  0.,
         1.])
[2023-11-19 14:35:23,039][__main__][INFO] - epoch: 290
[2023-11-19 14:35:23,597][__main__][INFO] - alignment: tensor([33.,  6.,  9.,  1.,  1.,  1.,  0.,  1.,  1.,  1.,  1.,  0.,  1.,  0.,
         1.])
[2023-11-19 14:35:23,597][__main__][INFO] - epoch: 300
[2023-11-19 14:35:24,134][__main__][INFO] - alignment: tensor([32.,  5.,  9.,  1.,  1.,  1.,  0.,  1.,  1.,  1.,  1.,  0.,  1.,  0.,
         1.])
[2023-11-19 14:35:24,134][__main__][INFO] - epoch: 310
[2023-11-19 14:35:24,627][__main__][INFO] - alignment: tensor([30.,  5.,  9.,  1.,  1.,  1.,  2.,  1.,  1.,  1.,  1.,  0.,  1.,  0.,
         1.])
[2023-11-19 14:35:24,628][__main__][INFO] - epoch: 320
[2023-11-19 14:35:25,178][__main__][INFO] - alignment: tensor([30.,  5.,  8.,  1.,  1.,  1.,  2.,  1.,  1.,  1.,  1.,  0.,  1.,  0.,
         1.])
[2023-11-19 14:35:25,178][__main__][INFO] - epoch: 330
[2023-11-19 14:35:25,716][__main__][INFO] - alignment: tensor([30.,  5.,  6.,  1.,  1.,  1.,  2.,  1.,  1.,  1.,  1.,  0.,  1.,  0.,
         1.])
[2023-11-19 14:35:25,716][__main__][INFO] - epoch: 340
[2023-11-19 14:35:26,247][__main__][INFO] - alignment: tensor([30.,  5.,  6.,  1.,  1.,  1.,  2.,  1.,  1.,  1.,  1.,  0.,  1.,  0.,
         1.])
[2023-11-19 14:35:26,338][__main__][INFO] - Training losses plot: train_losses.png
[2023-11-19 14:35:26,434][__main__][INFO] - Accuracies plot: accuracies.png
