[2023-11-19 18:10:38,518][hydra.utils][INFO] - Logging from main
[2023-11-19 18:53:57,234][__main__][INFO] - Model weights saved at: model.pt
[2023-11-19 18:53:57,244][__main__][INFO] - Training accuracy: 0.8813333333333333
[2023-11-19 18:53:57,244][__main__][INFO] - Testing accuracy: 0.826
[2023-11-19 18:53:57,244][__main__][INFO] - feat_thresh: 0.1
[2023-11-19 18:53:57,244][__main__][INFO] - epoch: 0
[2023-11-19 18:53:57,877][__main__][INFO] - alignment: tensor([0., 0., 0., 0., 0., 0., 0., 0., 0., 0., 0., 0., 0., 0., 0.])
[2023-11-19 18:53:57,878][__main__][INFO] - epoch: 10
[2023-11-19 18:53:58,623][__main__][INFO] - alignment: tensor([0., 0., 0., 0., 0., 0., 0., 0., 0., 0., 0., 0., 0., 0., 0.])
[2023-11-19 18:53:58,623][__main__][INFO] - epoch: 20
[2023-11-19 18:53:59,238][__main__][INFO] - alignment: tensor([0., 0., 0., 0., 0., 0., 0., 0., 0., 0., 0., 0., 0., 0., 0.])
[2023-11-19 18:53:59,239][__main__][INFO] - epoch: 30
[2023-11-19 18:53:59,785][__main__][INFO] - alignment: tensor([0., 0., 0., 0., 0., 0., 0., 0., 0., 0., 0., 0., 0., 0., 0.])
[2023-11-19 18:53:59,786][__main__][INFO] - epoch: 40
[2023-11-19 18:54:00,417][__main__][INFO] - alignment: tensor([0., 0., 0., 0., 0., 0., 0., 0., 0., 0., 0., 0., 0., 0., 0.])
[2023-11-19 18:54:00,417][__main__][INFO] - epoch: 50
[2023-11-19 18:54:00,991][__main__][INFO] - alignment: tensor([0., 0., 0., 0., 0., 0., 0., 0., 0., 0., 0., 0., 0., 0., 0.])
[2023-11-19 18:54:00,991][__main__][INFO] - epoch: 60
[2023-11-19 18:54:01,522][__main__][INFO] - alignment: tensor([0., 0., 0., 0., 0., 0., 0., 0., 0., 0., 0., 0., 0., 0., 0.])
[2023-11-19 18:54:01,523][__main__][INFO] - epoch: 70
[2023-11-19 18:54:02,044][__main__][INFO] - alignment: tensor([0., 0., 0., 0., 0., 0., 0., 0., 0., 0., 0., 0., 0., 0., 0.])
[2023-11-19 18:54:02,044][__main__][INFO] - epoch: 80
[2023-11-19 18:54:02,590][__main__][INFO] - alignment: tensor([0., 0., 0., 0., 0., 0., 0., 0., 0., 0., 0., 0., 0., 0., 0.])
[2023-11-19 18:54:02,590][__main__][INFO] - epoch: 90
[2023-11-19 18:54:03,132][__main__][INFO] - alignment: tensor([0., 0., 0., 0., 0., 0., 0., 0., 0., 0., 0., 0., 0., 0., 0.])
[2023-11-19 18:54:03,132][__main__][INFO] - epoch: 100
[2023-11-19 18:54:03,708][__main__][INFO] - alignment: tensor([0., 0., 0., 0., 0., 0., 0., 0., 0., 0., 0., 0., 0., 0., 0.])
[2023-11-19 18:54:03,708][__main__][INFO] - epoch: 110
[2023-11-19 18:54:04,272][__main__][INFO] - alignment: tensor([0., 0., 0., 0., 0., 0., 0., 0., 0., 0., 0., 0., 0., 0., 0.])
[2023-11-19 18:54:04,272][__main__][INFO] - epoch: 120
[2023-11-19 18:54:04,824][__main__][INFO] - alignment: tensor([0., 0., 0., 0., 0., 0., 0., 0., 0., 0., 0., 0., 0., 0., 0.])
[2023-11-19 18:54:04,825][__main__][INFO] - epoch: 130
[2023-11-19 18:54:05,382][__main__][INFO] - alignment: tensor([0., 0., 0., 0., 0., 0., 0., 0., 0., 0., 0., 0., 0., 0., 0.])
[2023-11-19 18:54:05,383][__main__][INFO] - epoch: 140
[2023-11-19 18:54:05,920][__main__][INFO] - alignment: tensor([0., 0., 0., 0., 0., 0., 0., 0., 0., 0., 0., 0., 0., 0., 0.])
[2023-11-19 18:54:05,920][__main__][INFO] - epoch: 150
[2023-11-19 18:54:06,447][__main__][INFO] - alignment: tensor([0., 0., 0., 0., 0., 0., 0., 0., 0., 0., 0., 0., 0., 0., 0.])
[2023-11-19 18:54:06,447][__main__][INFO] - epoch: 160
[2023-11-19 18:54:07,087][__main__][INFO] - alignment: tensor([0., 0., 0., 0., 0., 0., 0., 0., 0., 0., 0., 0., 0., 0., 0.])
[2023-11-19 18:54:07,087][__main__][INFO] - epoch: 170
[2023-11-19 18:54:07,658][__main__][INFO] - alignment: tensor([0., 0., 0., 0., 0., 0., 0., 0., 0., 0., 0., 0., 0., 0., 0.])
[2023-11-19 18:54:07,659][__main__][INFO] - epoch: 180
[2023-11-19 18:54:08,248][__main__][INFO] - alignment: tensor([0., 0., 0., 0., 0., 0., 0., 0., 0., 0., 0., 0., 0., 0., 0.])
[2023-11-19 18:54:08,248][__main__][INFO] - epoch: 190
[2023-11-19 18:54:08,836][__main__][INFO] - alignment: tensor([0., 0., 0., 0., 0., 0., 0., 0., 0., 0., 0., 0., 0., 0., 0.])
[2023-11-19 18:54:08,836][__main__][INFO] - epoch: 200
[2023-11-19 18:54:09,437][__main__][INFO] - alignment: tensor([0., 0., 0., 0., 0., 0., 0., 0., 0., 0., 0., 0., 0., 0., 0.])
[2023-11-19 18:54:09,437][__main__][INFO] - epoch: 210
[2023-11-19 18:54:09,971][__main__][INFO] - alignment: tensor([0., 0., 0., 0., 0., 0., 0., 0., 0., 0., 0., 0., 0., 0., 0.])
[2023-11-19 18:54:09,971][__main__][INFO] - epoch: 220
[2023-11-19 18:54:10,524][__main__][INFO] - alignment: tensor([0., 0., 0., 0., 0., 0., 0., 0., 0., 0., 0., 0., 0., 0., 0.])
[2023-11-19 18:54:10,524][__main__][INFO] - epoch: 230
[2023-11-19 18:54:11,139][__main__][INFO] - alignment: tensor([0., 0., 0., 0., 0., 0., 0., 0., 0., 0., 0., 0., 0., 0., 0.])
[2023-11-19 18:54:11,139][__main__][INFO] - epoch: 240
[2023-11-19 18:54:11,733][__main__][INFO] - alignment: tensor([0., 0., 0., 0., 0., 0., 0., 0., 0., 0., 0., 0., 0., 0., 0.])
[2023-11-19 18:54:11,734][__main__][INFO] - epoch: 250
[2023-11-19 18:54:12,278][__main__][INFO] - alignment: tensor([0., 0., 0., 0., 0., 0., 0., 0., 0., 0., 0., 0., 0., 0., 0.])
[2023-11-19 18:54:12,278][__main__][INFO] - epoch: 260
[2023-11-19 18:54:12,939][__main__][INFO] - alignment: tensor([0., 0., 0., 0., 0., 0., 0., 0., 0., 0., 0., 0., 0., 0., 0.])
[2023-11-19 18:54:12,940][__main__][INFO] - epoch: 270
[2023-11-19 18:54:13,525][__main__][INFO] - alignment: tensor([0., 0., 0., 0., 0., 0., 0., 0., 0., 0., 0., 0., 0., 0., 0.])
[2023-11-19 18:54:13,526][__main__][INFO] - epoch: 280
[2023-11-19 18:54:14,089][__main__][INFO] - alignment: tensor([0., 0., 0., 0., 0., 0., 0., 0., 0., 0., 0., 0., 0., 0., 0.])
[2023-11-19 18:54:14,089][__main__][INFO] - epoch: 290
[2023-11-19 18:54:14,657][__main__][INFO] - alignment: tensor([0., 0., 0., 0., 0., 0., 0., 0., 0., 0., 0., 0., 0., 0., 0.])
[2023-11-19 18:54:14,658][__main__][INFO] - epoch: 300
[2023-11-19 18:54:15,292][__main__][INFO] - alignment: tensor([0., 0., 0., 0., 0., 0., 0., 0., 0., 0., 0., 0., 0., 0., 0.])
[2023-11-19 18:54:15,292][__main__][INFO] - epoch: 310
[2023-11-19 18:54:15,825][__main__][INFO] - alignment: tensor([0., 0., 0., 0., 0., 0., 0., 0., 0., 0., 0., 0., 0., 0., 0.])
[2023-11-19 18:54:15,825][__main__][INFO] - epoch: 320
[2023-11-19 18:54:16,451][__main__][INFO] - alignment: tensor([0., 0., 0., 0., 0., 0., 0., 0., 0., 0., 0., 0., 0., 0., 0.])
[2023-11-19 18:54:16,451][__main__][INFO] - epoch: 330
[2023-11-19 18:54:17,019][__main__][INFO] - alignment: tensor([0., 0., 0., 0., 0., 0., 0., 0., 0., 0., 0., 0., 0., 0., 0.])
[2023-11-19 18:54:17,019][__main__][INFO] - epoch: 340
[2023-11-19 18:54:17,535][__main__][INFO] - alignment: tensor([0., 0., 0., 0., 0., 0., 0., 0., 0., 0., 0., 0., 0., 0., 0.])
[2023-11-19 18:54:17,535][__main__][INFO] - epoch: 350
[2023-11-19 18:54:18,185][__main__][INFO] - alignment: tensor([0., 0., 0., 0., 0., 0., 0., 0., 0., 0., 0., 0., 0., 0., 0.])
[2023-11-19 18:54:18,186][__main__][INFO] - epoch: 360
[2023-11-19 18:54:18,770][__main__][INFO] - alignment: tensor([0., 0., 0., 0., 0., 0., 0., 0., 0., 0., 0., 0., 0., 0., 0.])
[2023-11-19 18:54:18,770][__main__][INFO] - epoch: 370
[2023-11-19 18:54:19,307][__main__][INFO] - alignment: tensor([0., 0., 0., 0., 0., 0., 0., 0., 0., 0., 0., 0., 0., 0., 0.])
[2023-11-19 18:54:19,308][__main__][INFO] - epoch: 380
[2023-11-19 18:54:19,827][__main__][INFO] - alignment: tensor([0., 0., 0., 0., 0., 0., 0., 0., 0., 0., 0., 0., 0., 0., 0.])
[2023-11-19 18:54:19,827][__main__][INFO] - epoch: 390
[2023-11-19 18:54:20,324][__main__][INFO] - alignment: tensor([0., 0., 0., 0., 0., 0., 0., 0., 0., 0., 0., 0., 0., 0., 0.])
[2023-11-19 18:54:20,324][__main__][INFO] - epoch: 400
[2023-11-19 18:54:20,847][__main__][INFO] - alignment: tensor([0., 0., 0., 0., 0., 0., 0., 0., 0., 0., 0., 0., 0., 0., 0.])
[2023-11-19 18:54:20,847][__main__][INFO] - epoch: 410
[2023-11-19 18:54:21,368][__main__][INFO] - alignment: tensor([0., 0., 0., 0., 0., 0., 0., 0., 0., 0., 0., 0., 0., 0., 0.])
[2023-11-19 18:54:21,369][__main__][INFO] - epoch: 420
[2023-11-19 18:54:21,930][__main__][INFO] - alignment: tensor([0., 0., 0., 0., 0., 0., 0., 0., 0., 0., 0., 0., 0., 0., 0.])
[2023-11-19 18:54:21,930][__main__][INFO] - epoch: 430
[2023-11-19 18:54:22,500][__main__][INFO] - alignment: tensor([0., 0., 0., 0., 0., 0., 0., 0., 0., 0., 0., 0., 0., 0., 0.])
[2023-11-19 18:54:22,500][__main__][INFO] - epoch: 440
[2023-11-19 18:54:23,111][__main__][INFO] - alignment: tensor([0., 0., 0., 0., 0., 0., 0., 0., 0., 0., 0., 0., 0., 0., 0.])
[2023-11-19 18:54:23,112][__main__][INFO] - epoch: 450
[2023-11-19 18:54:23,673][__main__][INFO] - alignment: tensor([0., 0., 0., 0., 0., 0., 0., 0., 0., 0., 0., 0., 0., 0., 0.])
[2023-11-19 18:54:23,674][__main__][INFO] - epoch: 460
[2023-11-19 18:54:24,204][__main__][INFO] - alignment: tensor([0., 0., 0., 0., 0., 0., 0., 0., 0., 0., 0., 0., 0., 0., 0.])
[2023-11-19 18:54:24,204][__main__][INFO] - epoch: 470
[2023-11-19 18:54:24,775][__main__][INFO] - alignment: tensor([0., 0., 0., 0., 0., 0., 0., 0., 0., 0., 0., 0., 0., 0., 0.])
[2023-11-19 18:54:24,775][__main__][INFO] - epoch: 480
[2023-11-19 18:54:25,308][__main__][INFO] - alignment: tensor([0., 0., 0., 0., 0., 0., 0., 0., 0., 0., 0., 0., 0., 0., 0.])
[2023-11-19 18:54:25,308][__main__][INFO] - epoch: 490
[2023-11-19 18:54:25,892][__main__][INFO] - alignment: tensor([0., 0., 0., 0., 0., 0., 0., 0., 0., 0., 0., 0., 0., 0., 0.])
[2023-11-19 18:54:25,892][__main__][INFO] - epoch: 500
[2023-11-19 18:54:26,461][__main__][INFO] - alignment: tensor([0., 0., 0., 0., 0., 0., 0., 0., 0., 0., 0., 0., 0., 0., 0.])
[2023-11-19 18:54:26,461][__main__][INFO] - epoch: 510
[2023-11-19 18:54:27,012][__main__][INFO] - alignment: tensor([0., 0., 0., 0., 0., 0., 0., 0., 0., 0., 0., 0., 0., 0., 0.])
[2023-11-19 18:54:27,012][__main__][INFO] - epoch: 520
[2023-11-19 18:54:27,562][__main__][INFO] - alignment: tensor([0., 0., 0., 0., 0., 0., 0., 0., 0., 0., 0., 0., 0., 0., 0.])
[2023-11-19 18:54:27,562][__main__][INFO] - epoch: 530
[2023-11-19 18:54:28,116][__main__][INFO] - alignment: tensor([1., 0., 0., 0., 0., 0., 0., 0., 0., 0., 0., 0., 0., 0., 0.])
[2023-11-19 18:54:28,116][__main__][INFO] - epoch: 540
[2023-11-19 18:54:28,679][__main__][INFO] - alignment: tensor([1., 0., 0., 0., 0., 0., 0., 0., 0., 0., 0., 0., 0., 0., 0.])
[2023-11-19 18:54:28,680][__main__][INFO] - epoch: 550
[2023-11-19 18:54:29,244][__main__][INFO] - alignment: tensor([1., 0., 0., 0., 0., 0., 0., 0., 0., 0., 0., 0., 0., 0., 0.])
[2023-11-19 18:54:29,244][__main__][INFO] - epoch: 560
[2023-11-19 18:54:29,767][__main__][INFO] - alignment: tensor([2., 0., 0., 0., 0., 0., 0., 0., 0., 0., 0., 0., 0., 0., 0.])
[2023-11-19 18:54:29,767][__main__][INFO] - epoch: 570
[2023-11-19 18:54:30,324][__main__][INFO] - alignment: tensor([4., 0., 0., 0., 0., 0., 0., 0., 0., 0., 0., 0., 0., 0., 0.])
[2023-11-19 18:54:30,324][__main__][INFO] - epoch: 580
[2023-11-19 18:54:30,915][__main__][INFO] - alignment: tensor([6., 0., 0., 0., 0., 0., 0., 0., 0., 0., 0., 0., 0., 0., 0.])
[2023-11-19 18:54:30,915][__main__][INFO] - epoch: 590
[2023-11-19 18:54:31,533][__main__][INFO] - alignment: tensor([7., 0., 0., 0., 0., 0., 0., 0., 0., 0., 0., 0., 0., 0., 0.])
[2023-11-19 18:54:31,533][__main__][INFO] - epoch: 600
[2023-11-19 18:54:32,076][__main__][INFO] - alignment: tensor([7., 0., 0., 0., 0., 0., 0., 0., 0., 0., 0., 0., 0., 0., 0.])
[2023-11-19 18:54:32,076][__main__][INFO] - epoch: 610
[2023-11-19 18:54:32,596][__main__][INFO] - alignment: tensor([9., 0., 0., 0., 0., 0., 0., 0., 0., 0., 0., 0., 0., 0., 0.])
[2023-11-19 18:54:32,596][__main__][INFO] - epoch: 620
[2023-11-19 18:54:33,119][__main__][INFO] - alignment: tensor([8., 0., 0., 0., 0., 0., 0., 0., 0., 0., 0., 0., 0., 0., 0.])
[2023-11-19 18:54:33,120][__main__][INFO] - epoch: 630
[2023-11-19 18:54:33,638][__main__][INFO] - alignment: tensor([8., 0., 0., 0., 0., 0., 0., 0., 0., 0., 0., 0., 0., 0., 0.])
[2023-11-19 18:54:33,639][__main__][INFO] - epoch: 640
[2023-11-19 18:54:34,165][__main__][INFO] - alignment: tensor([8., 0., 0., 0., 0., 0., 0., 0., 0., 0., 0., 0., 0., 0., 0.])
[2023-11-19 18:54:34,166][__main__][INFO] - epoch: 650
[2023-11-19 18:54:34,699][__main__][INFO] - alignment: tensor([8., 0., 0., 0., 0., 0., 0., 0., 0., 0., 0., 0., 0., 0., 0.])
[2023-11-19 18:54:34,699][__main__][INFO] - epoch: 660
[2023-11-19 18:54:35,215][__main__][INFO] - alignment: tensor([8., 0., 0., 0., 0., 0., 0., 0., 0., 0., 0., 0., 0., 0., 0.])
[2023-11-19 18:54:35,215][__main__][INFO] - epoch: 670
[2023-11-19 18:54:35,776][__main__][INFO] - alignment: tensor([10.,  0.,  0.,  0.,  0.,  0.,  0.,  0.,  0.,  0.,  0.,  0.,  0.,  0.,
         0.])
[2023-11-19 18:54:35,777][__main__][INFO] - epoch: 680
[2023-11-19 18:54:36,332][__main__][INFO] - alignment: tensor([9., 0., 0., 0., 0., 0., 0., 0., 0., 0., 0., 0., 0., 0., 0.])
[2023-11-19 18:54:36,332][__main__][INFO] - epoch: 690
[2023-11-19 18:54:36,887][__main__][INFO] - alignment: tensor([9., 0., 0., 0., 0., 0., 0., 0., 0., 0., 0., 0., 0., 0., 0.])
[2023-11-19 18:54:36,887][__main__][INFO] - feat_thresh: 0.2
[2023-11-19 18:54:36,887][__main__][INFO] - epoch: 0
[2023-11-19 18:54:37,406][__main__][INFO] - alignment: tensor([0., 0., 0., 0., 0., 0., 0., 0., 0., 0., 0., 0., 0., 0., 0.])
[2023-11-19 18:54:37,406][__main__][INFO] - epoch: 10
[2023-11-19 18:54:37,990][__main__][INFO] - alignment: tensor([0., 0., 0., 0., 0., 0., 0., 0., 0., 0., 0., 0., 0., 0., 0.])
[2023-11-19 18:54:37,990][__main__][INFO] - epoch: 20
[2023-11-19 18:54:38,577][__main__][INFO] - alignment: tensor([0., 0., 0., 0., 0., 0., 0., 0., 0., 0., 0., 0., 0., 0., 0.])
[2023-11-19 18:54:38,577][__main__][INFO] - epoch: 30
[2023-11-19 18:54:39,138][__main__][INFO] - alignment: tensor([0., 0., 0., 0., 0., 0., 0., 0., 0., 0., 0., 0., 0., 0., 0.])
[2023-11-19 18:54:39,138][__main__][INFO] - epoch: 40
[2023-11-19 18:54:39,726][__main__][INFO] - alignment: tensor([0., 0., 0., 0., 0., 0., 0., 0., 0., 0., 0., 0., 0., 0., 0.])
[2023-11-19 18:54:39,726][__main__][INFO] - epoch: 50
[2023-11-19 18:54:40,383][__main__][INFO] - alignment: tensor([0., 0., 0., 0., 0., 0., 0., 0., 0., 0., 0., 0., 0., 0., 0.])
[2023-11-19 18:54:40,383][__main__][INFO] - epoch: 60
[2023-11-19 18:54:40,948][__main__][INFO] - alignment: tensor([0., 0., 0., 0., 0., 0., 0., 0., 0., 0., 0., 0., 0., 0., 0.])
[2023-11-19 18:54:40,948][__main__][INFO] - epoch: 70
[2023-11-19 18:54:41,495][__main__][INFO] - alignment: tensor([0., 0., 0., 0., 0., 0., 0., 0., 0., 0., 0., 0., 0., 0., 0.])
[2023-11-19 18:54:41,495][__main__][INFO] - epoch: 80
[2023-11-19 18:54:42,030][__main__][INFO] - alignment: tensor([0., 0., 0., 0., 0., 0., 0., 0., 0., 0., 0., 0., 0., 0., 0.])
[2023-11-19 18:54:42,031][__main__][INFO] - epoch: 90
[2023-11-19 18:54:42,550][__main__][INFO] - alignment: tensor([0., 0., 0., 0., 0., 0., 0., 0., 0., 0., 0., 0., 0., 0., 0.])
[2023-11-19 18:54:42,551][__main__][INFO] - epoch: 100
[2023-11-19 18:54:43,080][__main__][INFO] - alignment: tensor([0., 0., 0., 0., 0., 0., 0., 0., 0., 0., 0., 0., 0., 0., 0.])
[2023-11-19 18:54:43,080][__main__][INFO] - epoch: 110
[2023-11-19 18:54:43,638][__main__][INFO] - alignment: tensor([0., 0., 0., 0., 0., 0., 0., 0., 0., 0., 0., 0., 0., 0., 0.])
[2023-11-19 18:54:43,638][__main__][INFO] - epoch: 120
[2023-11-19 18:54:44,225][__main__][INFO] - alignment: tensor([0., 0., 0., 0., 0., 0., 0., 0., 0., 0., 0., 0., 0., 0., 0.])
[2023-11-19 18:54:44,226][__main__][INFO] - epoch: 130
[2023-11-19 18:54:44,746][__main__][INFO] - alignment: tensor([0., 0., 0., 0., 0., 0., 0., 0., 0., 0., 0., 0., 0., 0., 0.])
[2023-11-19 18:54:44,747][__main__][INFO] - epoch: 140
[2023-11-19 18:54:45,288][__main__][INFO] - alignment: tensor([0., 0., 0., 0., 0., 0., 0., 0., 0., 0., 0., 0., 0., 0., 0.])
[2023-11-19 18:54:45,289][__main__][INFO] - epoch: 150
[2023-11-19 18:54:45,906][__main__][INFO] - alignment: tensor([0., 0., 0., 0., 0., 0., 0., 0., 0., 0., 0., 0., 0., 0., 0.])
[2023-11-19 18:54:45,907][__main__][INFO] - epoch: 160
[2023-11-19 18:54:46,453][__main__][INFO] - alignment: tensor([0., 0., 0., 0., 0., 0., 0., 0., 0., 0., 0., 0., 0., 0., 0.])
[2023-11-19 18:54:46,453][__main__][INFO] - epoch: 170
[2023-11-19 18:54:47,025][__main__][INFO] - alignment: tensor([0., 0., 0., 0., 0., 0., 0., 0., 0., 0., 0., 0., 0., 0., 0.])
[2023-11-19 18:54:47,025][__main__][INFO] - epoch: 180
[2023-11-19 18:54:47,546][__main__][INFO] - alignment: tensor([0., 0., 0., 0., 0., 0., 0., 0., 0., 0., 0., 0., 0., 0., 0.])
[2023-11-19 18:54:47,547][__main__][INFO] - epoch: 190
[2023-11-19 18:54:48,199][__main__][INFO] - alignment: tensor([0., 0., 0., 0., 0., 0., 0., 0., 0., 0., 0., 0., 0., 0., 0.])
[2023-11-19 18:54:48,200][__main__][INFO] - epoch: 200
[2023-11-19 18:54:48,757][__main__][INFO] - alignment: tensor([0., 0., 0., 0., 0., 0., 0., 0., 0., 0., 0., 0., 0., 0., 0.])
[2023-11-19 18:54:48,757][__main__][INFO] - epoch: 210
[2023-11-19 18:54:49,340][__main__][INFO] - alignment: tensor([0., 0., 0., 0., 0., 0., 0., 0., 0., 0., 0., 0., 0., 0., 0.])
[2023-11-19 18:54:49,341][__main__][INFO] - epoch: 220
[2023-11-19 18:54:49,952][__main__][INFO] - alignment: tensor([0., 0., 0., 0., 0., 0., 0., 0., 0., 0., 0., 0., 0., 0., 0.])
[2023-11-19 18:54:49,952][__main__][INFO] - epoch: 230
[2023-11-19 18:54:50,458][__main__][INFO] - alignment: tensor([0., 0., 0., 0., 0., 0., 0., 0., 0., 0., 0., 0., 0., 0., 0.])
[2023-11-19 18:54:50,459][__main__][INFO] - epoch: 240
[2023-11-19 18:54:51,123][__main__][INFO] - alignment: tensor([0., 0., 0., 0., 0., 0., 0., 0., 0., 0., 0., 0., 0., 0., 0.])
[2023-11-19 18:54:51,123][__main__][INFO] - epoch: 250
[2023-11-19 18:54:51,656][__main__][INFO] - alignment: tensor([0., 0., 0., 0., 0., 0., 0., 0., 0., 0., 0., 0., 0., 0., 0.])
[2023-11-19 18:54:51,656][__main__][INFO] - epoch: 260
[2023-11-19 18:54:52,179][__main__][INFO] - alignment: tensor([0., 0., 0., 0., 0., 0., 0., 0., 0., 0., 0., 0., 0., 0., 0.])
[2023-11-19 18:54:52,179][__main__][INFO] - epoch: 270
[2023-11-19 18:54:52,772][__main__][INFO] - alignment: tensor([0., 0., 0., 0., 0., 0., 0., 0., 0., 0., 0., 0., 0., 0., 0.])
[2023-11-19 18:54:52,773][__main__][INFO] - epoch: 280
[2023-11-19 18:54:53,314][__main__][INFO] - alignment: tensor([0., 0., 0., 0., 0., 0., 0., 0., 0., 0., 0., 0., 0., 0., 0.])
[2023-11-19 18:54:53,314][__main__][INFO] - epoch: 290
[2023-11-19 18:54:53,867][__main__][INFO] - alignment: tensor([0., 0., 0., 0., 0., 0., 0., 0., 0., 0., 0., 0., 0., 0., 0.])
[2023-11-19 18:54:53,867][__main__][INFO] - epoch: 300
[2023-11-19 18:54:54,406][__main__][INFO] - alignment: tensor([0., 0., 0., 0., 0., 0., 0., 0., 0., 0., 0., 0., 0., 0., 0.])
[2023-11-19 18:54:54,406][__main__][INFO] - epoch: 310
[2023-11-19 18:54:54,948][__main__][INFO] - alignment: tensor([0., 0., 0., 0., 0., 0., 0., 0., 0., 0., 0., 0., 0., 0., 0.])
[2023-11-19 18:54:54,948][__main__][INFO] - epoch: 320
[2023-11-19 18:54:55,493][__main__][INFO] - alignment: tensor([0., 0., 0., 0., 0., 0., 0., 0., 0., 0., 0., 0., 0., 0., 0.])
[2023-11-19 18:54:55,493][__main__][INFO] - epoch: 330
[2023-11-19 18:54:56,063][__main__][INFO] - alignment: tensor([0., 0., 0., 0., 0., 0., 0., 0., 0., 0., 0., 0., 0., 0., 0.])
[2023-11-19 18:54:56,063][__main__][INFO] - epoch: 340
[2023-11-19 18:54:56,634][__main__][INFO] - alignment: tensor([0., 0., 0., 0., 0., 0., 0., 0., 0., 0., 0., 0., 0., 0., 0.])
[2023-11-19 18:54:56,634][__main__][INFO] - epoch: 350
[2023-11-19 18:54:57,157][__main__][INFO] - alignment: tensor([0., 0., 0., 0., 0., 0., 0., 0., 0., 0., 0., 0., 0., 0., 0.])
[2023-11-19 18:54:57,157][__main__][INFO] - epoch: 360
[2023-11-19 18:54:57,676][__main__][INFO] - alignment: tensor([0., 0., 0., 0., 0., 0., 0., 0., 0., 0., 0., 0., 0., 0., 0.])
[2023-11-19 18:54:57,676][__main__][INFO] - epoch: 370
[2023-11-19 18:54:58,279][__main__][INFO] - alignment: tensor([0., 0., 0., 0., 0., 0., 0., 0., 0., 0., 0., 0., 0., 0., 0.])
[2023-11-19 18:54:58,280][__main__][INFO] - epoch: 380
[2023-11-19 18:54:58,829][__main__][INFO] - alignment: tensor([0., 0., 0., 0., 0., 0., 0., 0., 0., 0., 0., 0., 0., 0., 0.])
[2023-11-19 18:54:58,829][__main__][INFO] - epoch: 390
[2023-11-19 18:54:59,401][__main__][INFO] - alignment: tensor([0., 0., 0., 0., 0., 0., 0., 0., 0., 0., 0., 0., 0., 0., 0.])
[2023-11-19 18:54:59,401][__main__][INFO] - epoch: 400
[2023-11-19 18:54:59,931][__main__][INFO] - alignment: tensor([0., 0., 0., 0., 0., 0., 0., 0., 0., 0., 0., 0., 0., 0., 0.])
[2023-11-19 18:54:59,931][__main__][INFO] - epoch: 410
[2023-11-19 18:55:00,457][__main__][INFO] - alignment: tensor([0., 0., 0., 0., 0., 0., 0., 0., 0., 0., 0., 0., 0., 0., 0.])
[2023-11-19 18:55:00,457][__main__][INFO] - epoch: 420
[2023-11-19 18:55:01,010][__main__][INFO] - alignment: tensor([0., 0., 0., 0., 0., 0., 0., 0., 0., 0., 0., 0., 0., 0., 0.])
[2023-11-19 18:55:01,010][__main__][INFO] - epoch: 430
[2023-11-19 18:55:01,565][__main__][INFO] - alignment: tensor([1., 0., 0., 0., 0., 0., 0., 0., 0., 0., 0., 0., 0., 0., 0.])
[2023-11-19 18:55:01,565][__main__][INFO] - epoch: 440
[2023-11-19 18:55:02,146][__main__][INFO] - alignment: tensor([6., 0., 0., 0., 0., 0., 0., 0., 0., 0., 0., 0., 0., 0., 0.])
[2023-11-19 18:55:02,146][__main__][INFO] - epoch: 450
[2023-11-19 18:55:02,725][__main__][INFO] - alignment: tensor([7., 0., 0., 0., 0., 0., 0., 0., 0., 0., 0., 0., 0., 0., 0.])
[2023-11-19 18:55:02,725][__main__][INFO] - epoch: 460
[2023-11-19 18:55:03,265][__main__][INFO] - alignment: tensor([8., 0., 0., 0., 0., 0., 0., 0., 0., 0., 0., 0., 0., 0., 0.])
[2023-11-19 18:55:03,265][__main__][INFO] - epoch: 470
[2023-11-19 18:55:03,800][__main__][INFO] - alignment: tensor([4., 0., 0., 0., 0., 0., 0., 0., 0., 0., 0., 0., 0., 0., 0.])
[2023-11-19 18:55:03,800][__main__][INFO] - epoch: 480
[2023-11-19 18:55:04,309][__main__][INFO] - alignment: tensor([6., 0., 0., 0., 0., 0., 0., 0., 0., 0., 0., 0., 0., 0., 0.])
[2023-11-19 18:55:04,309][__main__][INFO] - epoch: 490
[2023-11-19 18:55:04,821][__main__][INFO] - alignment: tensor([8., 0., 0., 0., 0., 0., 0., 0., 0., 0., 0., 0., 0., 0., 0.])
[2023-11-19 18:55:04,821][__main__][INFO] - epoch: 500
[2023-11-19 18:55:05,385][__main__][INFO] - alignment: tensor([11.,  0.,  0.,  0.,  0.,  0.,  0.,  0.,  0.,  0.,  0.,  0.,  0.,  0.,
         0.])
[2023-11-19 18:55:05,385][__main__][INFO] - epoch: 510
[2023-11-19 18:55:05,962][__main__][INFO] - alignment: tensor([11.,  0.,  0.,  0.,  0.,  0.,  0.,  0.,  0.,  0.,  0.,  0.,  0.,  0.,
         0.])
[2023-11-19 18:55:05,962][__main__][INFO] - epoch: 520
[2023-11-19 18:55:06,483][__main__][INFO] - alignment: tensor([13.,  0.,  0.,  0.,  0.,  0.,  0.,  0.,  0.,  0.,  0.,  0.,  0.,  0.,
         0.])
[2023-11-19 18:55:06,484][__main__][INFO] - epoch: 530
[2023-11-19 18:55:07,015][__main__][INFO] - alignment: tensor([18.,  0.,  0.,  0.,  0.,  0.,  0.,  0.,  0.,  0.,  0.,  0.,  0.,  0.,
         0.])
[2023-11-19 18:55:07,015][__main__][INFO] - epoch: 540
[2023-11-19 18:55:07,532][__main__][INFO] - alignment: tensor([25.,  0.,  0.,  0.,  0.,  0.,  0.,  0.,  0.,  0.,  0.,  0.,  0.,  0.,
         0.])
[2023-11-19 18:55:07,532][__main__][INFO] - epoch: 550
[2023-11-19 18:55:08,102][__main__][INFO] - alignment: tensor([33.,  0.,  0.,  0.,  0.,  0.,  0.,  0.,  0.,  0.,  0.,  0.,  0.,  0.,
         0.])
[2023-11-19 18:55:08,102][__main__][INFO] - epoch: 560
[2023-11-19 18:55:08,647][__main__][INFO] - alignment: tensor([34.,  0.,  0.,  0.,  0.,  0.,  0.,  0.,  0.,  0.,  0.,  0.,  0.,  0.,
         0.])
[2023-11-19 18:55:08,647][__main__][INFO] - epoch: 570
[2023-11-19 18:55:09,181][__main__][INFO] - alignment: tensor([37.,  0.,  0.,  0.,  0.,  0.,  0.,  0.,  0.,  0.,  0.,  0.,  0.,  0.,
         0.])
[2023-11-19 18:55:09,181][__main__][INFO] - epoch: 580
[2023-11-19 18:55:09,766][__main__][INFO] - alignment: tensor([42.,  0.,  0.,  0.,  0.,  0.,  0.,  0.,  0.,  0.,  0.,  0.,  0.,  0.,
         0.])
[2023-11-19 18:55:09,766][__main__][INFO] - epoch: 590
[2023-11-19 18:55:10,362][__main__][INFO] - alignment: tensor([45.,  0.,  0.,  0.,  0.,  0.,  0.,  0.,  0.,  0.,  0.,  0.,  0.,  0.,
         0.])
[2023-11-19 18:55:10,362][__main__][INFO] - epoch: 600
[2023-11-19 18:55:10,955][__main__][INFO] - alignment: tensor([49.,  0.,  0.,  0.,  0.,  0.,  0.,  0.,  0.,  0.,  0.,  0.,  0.,  0.,
         0.])
[2023-11-19 18:55:10,956][__main__][INFO] - epoch: 610
[2023-11-19 18:55:11,562][__main__][INFO] - alignment: tensor([52.,  0.,  0.,  0.,  0.,  0.,  0.,  0.,  0.,  0.,  0.,  0.,  0.,  0.,
         0.])
[2023-11-19 18:55:11,563][__main__][INFO] - epoch: 620
[2023-11-19 18:55:12,124][__main__][INFO] - alignment: tensor([49.,  0.,  0.,  0.,  0.,  0.,  0.,  0.,  0.,  0.,  0.,  0.,  0.,  0.,
         0.])
[2023-11-19 18:55:12,124][__main__][INFO] - epoch: 630
[2023-11-19 18:55:12,729][__main__][INFO] - alignment: tensor([45.,  0.,  0.,  0.,  0.,  0.,  0.,  0.,  0.,  0.,  0.,  0.,  0.,  0.,
         0.])
[2023-11-19 18:55:12,729][__main__][INFO] - epoch: 640
[2023-11-19 18:55:13,252][__main__][INFO] - alignment: tensor([44.,  0.,  0.,  0.,  0.,  0.,  0.,  0.,  0.,  0.,  0.,  0.,  0.,  0.,
         0.])
[2023-11-19 18:55:13,252][__main__][INFO] - epoch: 650
[2023-11-19 18:55:13,795][__main__][INFO] - alignment: tensor([43.,  0.,  0.,  0.,  0.,  0.,  0.,  0.,  0.,  0.,  0.,  0.,  0.,  0.,
         0.])
[2023-11-19 18:55:13,795][__main__][INFO] - epoch: 660
[2023-11-19 18:55:14,322][__main__][INFO] - alignment: tensor([42.,  1.,  0.,  0.,  0.,  0.,  0.,  0.,  0.,  0.,  0.,  0.,  0.,  0.,
         0.])
[2023-11-19 18:55:14,322][__main__][INFO] - epoch: 670
[2023-11-19 18:55:14,885][__main__][INFO] - alignment: tensor([40.,  1.,  0.,  0.,  0.,  0.,  0.,  0.,  0.,  0.,  0.,  0.,  0.,  0.,
         0.])
[2023-11-19 18:55:14,885][__main__][INFO] - epoch: 680
[2023-11-19 18:55:15,420][__main__][INFO] - alignment: tensor([34.,  1.,  0.,  0.,  0.,  0.,  0.,  0.,  0.,  0.,  0.,  0.,  0.,  0.,
         0.])
[2023-11-19 18:55:15,421][__main__][INFO] - epoch: 690
[2023-11-19 18:55:16,016][__main__][INFO] - alignment: tensor([28.,  1.,  0.,  0.,  0.,  0.,  0.,  0.,  0.,  0.,  0.,  0.,  0.,  0.,
         0.])
[2023-11-19 18:55:16,016][__main__][INFO] - feat_thresh: 0.3
[2023-11-19 18:55:16,016][__main__][INFO] - epoch: 0
[2023-11-19 18:55:16,601][__main__][INFO] - alignment: tensor([0., 0., 0., 0., 0., 0., 0., 0., 0., 0., 0., 0., 0., 0., 0.])
[2023-11-19 18:55:16,602][__main__][INFO] - epoch: 10
[2023-11-19 18:55:17,169][__main__][INFO] - alignment: tensor([0., 0., 0., 0., 0., 0., 0., 0., 0., 0., 0., 0., 0., 0., 0.])
[2023-11-19 18:55:17,169][__main__][INFO] - epoch: 20
[2023-11-19 18:55:17,739][__main__][INFO] - alignment: tensor([0., 0., 0., 0., 0., 0., 0., 0., 0., 0., 0., 0., 0., 0., 0.])
[2023-11-19 18:55:17,739][__main__][INFO] - epoch: 30
[2023-11-19 18:55:18,268][__main__][INFO] - alignment: tensor([0., 0., 0., 0., 0., 0., 0., 0., 0., 0., 0., 0., 0., 0., 0.])
[2023-11-19 18:55:18,269][__main__][INFO] - epoch: 40
[2023-11-19 18:55:18,787][__main__][INFO] - alignment: tensor([0., 0., 0., 0., 0., 0., 0., 0., 0., 0., 0., 0., 0., 0., 0.])
[2023-11-19 18:55:18,787][__main__][INFO] - epoch: 50
[2023-11-19 18:55:19,312][__main__][INFO] - alignment: tensor([0., 0., 0., 0., 0., 0., 0., 0., 0., 0., 0., 0., 0., 0., 0.])
[2023-11-19 18:55:19,312][__main__][INFO] - epoch: 60
[2023-11-19 18:55:19,811][__main__][INFO] - alignment: tensor([0., 0., 0., 0., 0., 0., 0., 0., 0., 0., 0., 0., 0., 0., 0.])
[2023-11-19 18:55:19,811][__main__][INFO] - epoch: 70
[2023-11-19 18:55:20,341][__main__][INFO] - alignment: tensor([0., 0., 0., 0., 0., 0., 0., 0., 0., 0., 0., 0., 0., 0., 0.])
[2023-11-19 18:55:20,341][__main__][INFO] - epoch: 80
[2023-11-19 18:55:20,893][__main__][INFO] - alignment: tensor([0., 0., 0., 0., 0., 0., 0., 0., 0., 0., 0., 0., 0., 0., 0.])
[2023-11-19 18:55:20,893][__main__][INFO] - epoch: 90
[2023-11-19 18:55:21,441][__main__][INFO] - alignment: tensor([0., 0., 0., 0., 0., 0., 0., 0., 0., 0., 0., 0., 0., 0., 0.])
[2023-11-19 18:55:21,441][__main__][INFO] - epoch: 100
[2023-11-19 18:55:22,009][__main__][INFO] - alignment: tensor([0., 0., 0., 0., 0., 0., 0., 0., 0., 0., 0., 0., 0., 0., 0.])
[2023-11-19 18:55:22,009][__main__][INFO] - epoch: 110
[2023-11-19 18:55:22,563][__main__][INFO] - alignment: tensor([0., 0., 0., 0., 0., 0., 0., 0., 0., 0., 0., 0., 0., 0., 0.])
[2023-11-19 18:55:22,563][__main__][INFO] - epoch: 120
[2023-11-19 18:55:23,181][__main__][INFO] - alignment: tensor([0., 0., 0., 0., 0., 0., 0., 0., 0., 0., 0., 0., 0., 0., 0.])
[2023-11-19 18:55:23,181][__main__][INFO] - epoch: 130
[2023-11-19 18:55:23,785][__main__][INFO] - alignment: tensor([0., 0., 0., 0., 0., 0., 0., 0., 0., 0., 0., 0., 0., 0., 0.])
[2023-11-19 18:55:23,785][__main__][INFO] - epoch: 140
[2023-11-19 18:55:24,483][__main__][INFO] - alignment: tensor([0., 0., 0., 0., 0., 0., 0., 0., 0., 0., 0., 0., 0., 0., 0.])
[2023-11-19 18:55:24,484][__main__][INFO] - epoch: 150
[2023-11-19 18:55:25,086][__main__][INFO] - alignment: tensor([0., 0., 0., 0., 0., 0., 0., 0., 0., 0., 0., 0., 0., 0., 0.])
[2023-11-19 18:55:25,086][__main__][INFO] - epoch: 160
[2023-11-19 18:55:25,739][__main__][INFO] - alignment: tensor([0., 0., 0., 0., 0., 0., 0., 0., 0., 0., 0., 0., 0., 0., 0.])
[2023-11-19 18:55:25,739][__main__][INFO] - epoch: 170
[2023-11-19 18:55:26,382][__main__][INFO] - alignment: tensor([0., 0., 0., 0., 0., 0., 0., 0., 0., 0., 0., 0., 0., 0., 0.])
[2023-11-19 18:55:26,382][__main__][INFO] - epoch: 180
[2023-11-19 18:55:26,986][__main__][INFO] - alignment: tensor([0., 0., 0., 0., 0., 0., 0., 0., 0., 0., 0., 0., 0., 0., 0.])
[2023-11-19 18:55:26,987][__main__][INFO] - epoch: 190
[2023-11-19 18:55:27,670][__main__][INFO] - alignment: tensor([0., 0., 0., 0., 0., 0., 0., 0., 0., 0., 0., 0., 0., 0., 0.])
[2023-11-19 18:55:27,670][__main__][INFO] - epoch: 200
[2023-11-19 18:55:28,205][__main__][INFO] - alignment: tensor([0., 0., 0., 0., 0., 0., 0., 0., 0., 0., 0., 0., 0., 0., 0.])
[2023-11-19 18:55:28,205][__main__][INFO] - epoch: 210
[2023-11-19 18:55:28,805][__main__][INFO] - alignment: tensor([0., 0., 0., 0., 0., 0., 0., 0., 0., 0., 0., 0., 0., 0., 0.])
[2023-11-19 18:55:28,806][__main__][INFO] - epoch: 220
[2023-11-19 18:55:29,569][__main__][INFO] - alignment: tensor([0., 0., 0., 0., 0., 0., 0., 0., 0., 0., 0., 0., 0., 0., 0.])
[2023-11-19 18:55:29,570][__main__][INFO] - epoch: 230
[2023-11-19 18:55:30,108][__main__][INFO] - alignment: tensor([0., 0., 0., 0., 0., 0., 0., 0., 0., 0., 0., 0., 0., 0., 0.])
[2023-11-19 18:55:30,109][__main__][INFO] - epoch: 240
[2023-11-19 18:55:30,637][__main__][INFO] - alignment: tensor([0., 0., 0., 0., 0., 0., 0., 0., 0., 0., 0., 0., 0., 0., 0.])
[2023-11-19 18:55:30,637][__main__][INFO] - epoch: 250
[2023-11-19 18:55:31,170][__main__][INFO] - alignment: tensor([0., 0., 0., 0., 0., 0., 0., 0., 0., 0., 0., 0., 0., 0., 0.])
[2023-11-19 18:55:31,170][__main__][INFO] - epoch: 260
[2023-11-19 18:55:31,731][__main__][INFO] - alignment: tensor([0., 0., 0., 0., 0., 0., 0., 0., 0., 0., 0., 0., 0., 0., 0.])
[2023-11-19 18:55:31,731][__main__][INFO] - epoch: 270
[2023-11-19 18:55:32,262][__main__][INFO] - alignment: tensor([0., 0., 0., 0., 0., 0., 0., 0., 0., 0., 0., 0., 0., 0., 0.])
[2023-11-19 18:55:32,263][__main__][INFO] - epoch: 280
[2023-11-19 18:55:32,803][__main__][INFO] - alignment: tensor([0., 0., 0., 0., 0., 0., 0., 0., 0., 0., 0., 0., 0., 0., 0.])
[2023-11-19 18:55:32,804][__main__][INFO] - epoch: 290
[2023-11-19 18:55:33,438][__main__][INFO] - alignment: tensor([0., 0., 0., 0., 0., 0., 0., 0., 0., 0., 0., 0., 0., 0., 0.])
[2023-11-19 18:55:33,438][__main__][INFO] - epoch: 300
[2023-11-19 18:55:34,000][__main__][INFO] - alignment: tensor([0., 0., 0., 0., 0., 0., 0., 0., 0., 0., 0., 0., 0., 0., 0.])
[2023-11-19 18:55:34,001][__main__][INFO] - epoch: 310
[2023-11-19 18:55:34,520][__main__][INFO] - alignment: tensor([0., 0., 0., 0., 0., 0., 0., 0., 0., 0., 0., 0., 0., 0., 0.])
[2023-11-19 18:55:34,520][__main__][INFO] - epoch: 320
[2023-11-19 18:55:35,049][__main__][INFO] - alignment: tensor([0., 0., 0., 0., 0., 0., 0., 0., 0., 0., 0., 0., 0., 0., 0.])
[2023-11-19 18:55:35,050][__main__][INFO] - epoch: 330
[2023-11-19 18:55:35,644][__main__][INFO] - alignment: tensor([0., 0., 0., 0., 0., 0., 0., 0., 0., 0., 0., 0., 0., 0., 0.])
[2023-11-19 18:55:35,645][__main__][INFO] - epoch: 340
[2023-11-19 18:55:36,254][__main__][INFO] - alignment: tensor([0., 0., 0., 0., 0., 0., 0., 0., 0., 0., 0., 0., 0., 0., 0.])
[2023-11-19 18:55:36,255][__main__][INFO] - epoch: 350
[2023-11-19 18:55:36,806][__main__][INFO] - alignment: tensor([0., 0., 0., 0., 0., 0., 0., 0., 0., 0., 0., 0., 0., 0., 0.])
[2023-11-19 18:55:36,806][__main__][INFO] - epoch: 360
[2023-11-19 18:55:37,543][__main__][INFO] - alignment: tensor([0., 0., 0., 0., 0., 0., 0., 0., 0., 0., 0., 0., 0., 0., 0.])
[2023-11-19 18:55:37,544][__main__][INFO] - epoch: 370
[2023-11-19 18:55:38,196][__main__][INFO] - alignment: tensor([0., 0., 0., 0., 0., 0., 0., 0., 0., 0., 0., 0., 0., 0., 0.])
[2023-11-19 18:55:38,196][__main__][INFO] - epoch: 380
[2023-11-19 18:55:38,837][__main__][INFO] - alignment: tensor([0., 0., 0., 0., 0., 0., 0., 0., 0., 0., 0., 0., 0., 0., 0.])
[2023-11-19 18:55:38,837][__main__][INFO] - epoch: 390
[2023-11-19 18:55:39,407][__main__][INFO] - alignment: tensor([1., 0., 0., 0., 0., 0., 0., 0., 0., 0., 0., 0., 0., 0., 0.])
[2023-11-19 18:55:39,407][__main__][INFO] - epoch: 400
[2023-11-19 18:55:39,975][__main__][INFO] - alignment: tensor([3., 0., 0., 0., 0., 0., 0., 0., 0., 0., 0., 0., 0., 0., 0.])
[2023-11-19 18:55:39,975][__main__][INFO] - epoch: 410
[2023-11-19 18:55:40,679][__main__][INFO] - alignment: tensor([6., 0., 0., 0., 0., 0., 0., 0., 0., 0., 0., 0., 0., 0., 0.])
[2023-11-19 18:55:40,680][__main__][INFO] - epoch: 420
[2023-11-19 18:55:41,368][__main__][INFO] - alignment: tensor([18.,  0.,  0.,  0.,  0.,  0.,  0.,  0.,  0.,  0.,  0.,  0.,  0.,  0.,
         0.])
[2023-11-19 18:55:41,368][__main__][INFO] - epoch: 430
[2023-11-19 18:55:42,002][__main__][INFO] - alignment: tensor([36.,  0.,  0.,  0.,  0.,  0.,  0.,  0.,  0.,  0.,  0.,  0.,  0.,  0.,
         0.])
[2023-11-19 18:55:42,003][__main__][INFO] - epoch: 440
[2023-11-19 18:55:42,575][__main__][INFO] - alignment: tensor([54.,  0.,  0.,  0.,  0.,  0.,  0.,  0.,  0.,  0.,  0.,  0.,  0.,  0.,
         0.])
[2023-11-19 18:55:42,576][__main__][INFO] - epoch: 450
[2023-11-19 18:55:43,103][__main__][INFO] - alignment: tensor([64.,  0.,  0.,  0.,  0.,  0.,  0.,  0.,  0.,  0.,  0.,  0.,  0.,  0.,
         0.])
[2023-11-19 18:55:43,104][__main__][INFO] - epoch: 460
[2023-11-19 18:55:43,636][__main__][INFO] - alignment: tensor([63.,  0.,  0.,  0.,  0.,  0.,  0.,  0.,  0.,  0.,  0.,  0.,  0.,  0.,
         0.])
[2023-11-19 18:55:43,637][__main__][INFO] - epoch: 470
[2023-11-19 18:55:44,190][__main__][INFO] - alignment: tensor([58.,  0.,  0.,  0.,  0.,  0.,  0.,  0.,  0.,  0.,  0.,  0.,  0.,  0.,
         0.])
[2023-11-19 18:55:44,190][__main__][INFO] - epoch: 480
[2023-11-19 18:55:44,788][__main__][INFO] - alignment: tensor([54.,  0.,  0.,  0.,  0.,  0.,  0.,  0.,  0.,  0.,  0.,  0.,  0.,  0.,
         0.])
[2023-11-19 18:55:44,788][__main__][INFO] - epoch: 490
[2023-11-19 18:55:45,412][__main__][INFO] - alignment: tensor([53.,  0.,  0.,  0.,  0.,  0.,  0.,  0.,  0.,  0.,  0.,  0.,  0.,  0.,
         0.])
[2023-11-19 18:55:45,412][__main__][INFO] - epoch: 500
[2023-11-19 18:55:45,984][__main__][INFO] - alignment: tensor([54.,  0.,  0.,  0.,  0.,  0.,  0.,  0.,  0.,  0.,  0.,  0.,  0.,  0.,
         0.])
[2023-11-19 18:55:45,984][__main__][INFO] - epoch: 510
[2023-11-19 18:55:46,559][__main__][INFO] - alignment: tensor([59.,  0.,  0.,  0.,  0.,  0.,  0.,  0.,  0.,  0.,  0.,  0.,  0.,  0.,
         0.])
[2023-11-19 18:55:46,559][__main__][INFO] - epoch: 520
[2023-11-19 18:55:47,138][__main__][INFO] - alignment: tensor([69.,  0.,  0.,  0.,  0.,  0.,  0.,  0.,  0.,  0.,  0.,  0.,  0.,  0.,
         0.])
[2023-11-19 18:55:47,138][__main__][INFO] - epoch: 530
[2023-11-19 18:55:47,769][__main__][INFO] - alignment: tensor([81.,  0.,  0.,  0.,  0.,  0.,  0.,  0.,  0.,  0.,  0.,  0.,  0.,  0.,
         0.])
[2023-11-19 18:55:47,769][__main__][INFO] - epoch: 540
[2023-11-19 18:55:48,298][__main__][INFO] - alignment: tensor([90.,  0.,  0.,  0.,  0.,  0.,  0.,  0.,  0.,  0.,  0.,  0.,  0.,  0.,
         0.])
[2023-11-19 18:55:48,298][__main__][INFO] - epoch: 550
[2023-11-19 18:55:48,826][__main__][INFO] - alignment: tensor([96.,  0.,  0.,  0.,  0.,  0.,  0.,  0.,  0.,  0.,  0.,  0.,  0.,  0.,
         0.])
[2023-11-19 18:55:48,826][__main__][INFO] - epoch: 560
[2023-11-19 18:55:49,433][__main__][INFO] - alignment: tensor([91.,  0.,  0.,  0.,  0.,  0.,  0.,  0.,  0.,  0.,  0.,  0.,  0.,  0.,
         0.])
[2023-11-19 18:55:49,433][__main__][INFO] - epoch: 570
[2023-11-19 18:55:49,997][__main__][INFO] - alignment: tensor([95.,  0.,  0.,  0.,  0.,  0.,  0.,  0.,  0.,  0.,  0.,  0.,  0.,  0.,
         0.])
[2023-11-19 18:55:49,997][__main__][INFO] - epoch: 580
[2023-11-19 18:55:50,569][__main__][INFO] - alignment: tensor([109.,   0.,   0.,   0.,   0.,   0.,   0.,   0.,   0.,   0.,   0.,   0.,
          0.,   0.,   0.])
[2023-11-19 18:55:50,570][__main__][INFO] - epoch: 590
[2023-11-19 18:55:51,088][__main__][INFO] - alignment: tensor([116.,   1.,   0.,   0.,   0.,   0.,   0.,   0.,   0.,   0.,   0.,   0.,
          0.,   0.,   0.])
[2023-11-19 18:55:51,088][__main__][INFO] - epoch: 600
[2023-11-19 18:55:51,678][__main__][INFO] - alignment: tensor([117.,   1.,   0.,   0.,   0.,   0.,   0.,   0.,   0.,   0.,   0.,   0.,
          0.,   0.,   0.])
[2023-11-19 18:55:51,678][__main__][INFO] - epoch: 610
[2023-11-19 18:55:52,263][__main__][INFO] - alignment: tensor([115.,   1.,   0.,   0.,   0.,   0.,   0.,   0.,   0.,   0.,   0.,   0.,
          0.,   0.,   0.])
[2023-11-19 18:55:52,263][__main__][INFO] - epoch: 620
[2023-11-19 18:55:52,805][__main__][INFO] - alignment: tensor([111.,   1.,   0.,   0.,   0.,   0.,   0.,   0.,   0.,   0.,   0.,   0.,
          0.,   0.,   0.])
[2023-11-19 18:55:52,805][__main__][INFO] - epoch: 630
[2023-11-19 18:55:53,456][__main__][INFO] - alignment: tensor([106.,   1.,   0.,   0.,   0.,   0.,   0.,   0.,   0.,   0.,   0.,   0.,
          0.,   0.,   0.])
[2023-11-19 18:55:53,457][__main__][INFO] - epoch: 640
[2023-11-19 18:55:54,048][__main__][INFO] - alignment: tensor([102.,   1.,   0.,   0.,   0.,   0.,   0.,   0.,   0.,   0.,   0.,   0.,
          0.,   0.,   0.])
[2023-11-19 18:55:54,048][__main__][INFO] - epoch: 650
[2023-11-19 18:55:54,611][__main__][INFO] - alignment: tensor([95.,  1.,  0.,  0.,  0.,  0.,  0.,  0.,  0.,  0.,  0.,  0.,  0.,  0.,
         0.])
[2023-11-19 18:55:54,611][__main__][INFO] - epoch: 660
[2023-11-19 18:55:55,161][__main__][INFO] - alignment: tensor([92.,  1.,  0.,  0.,  0.,  0.,  0.,  0.,  0.,  0.,  0.,  0.,  0.,  0.,
         0.])
[2023-11-19 18:55:55,162][__main__][INFO] - epoch: 670
[2023-11-19 18:55:55,769][__main__][INFO] - alignment: tensor([84.,  1.,  1.,  0.,  0.,  0.,  0.,  0.,  0.,  0.,  0.,  0.,  0.,  0.,
         0.])
[2023-11-19 18:55:55,770][__main__][INFO] - epoch: 680
[2023-11-19 18:55:56,338][__main__][INFO] - alignment: tensor([73.,  1.,  1.,  0.,  0.,  0.,  0.,  0.,  0.,  0.,  0.,  0.,  0.,  0.,
         0.])
[2023-11-19 18:55:56,338][__main__][INFO] - epoch: 690
[2023-11-19 18:55:56,867][__main__][INFO] - alignment: tensor([66.,  3.,  2.,  0.,  0.,  0.,  0.,  0.,  0.,  0.,  0.,  0.,  0.,  1.,
         0.])
[2023-11-19 18:55:56,975][__main__][INFO] - Training losses plot: train_losses.png
[2023-11-19 18:55:57,095][__main__][INFO] - Accuracies plot: accuracies.png
