[2023-11-19 13:27:16,217][hydra.utils][INFO] - Logging from main
[2023-11-19 13:48:29,912][__main__][INFO] - Model weights saved at: model.pt
[2023-11-19 13:48:29,920][__main__][INFO] - Training accuracy: 1.0
[2023-11-19 13:48:29,920][__main__][INFO] - Testing accuracy: 0.956
[2023-11-19 13:48:29,920][__main__][INFO] - feat_thresh: 0.1
[2023-11-19 13:48:29,920][__main__][INFO] - epoch: 0
[2023-11-19 13:48:30,397][__main__][INFO] - alignment: tensor([0., 0., 0., 0., 0., 0., 0., 0., 0., 0., 0., 0., 0., 0., 0.])
[2023-11-19 13:48:30,397][__main__][INFO] - epoch: 10
[2023-11-19 13:48:30,888][__main__][INFO] - alignment: tensor([0., 0., 0., 0., 0., 0., 0., 0., 0., 0., 0., 0., 0., 0., 0.])
[2023-11-19 13:48:30,888][__main__][INFO] - epoch: 20
[2023-11-19 13:48:31,379][__main__][INFO] - alignment: tensor([0., 0., 0., 0., 0., 0., 0., 0., 0., 0., 0., 0., 0., 0., 0.])
[2023-11-19 13:48:31,379][__main__][INFO] - epoch: 30
[2023-11-19 13:48:31,871][__main__][INFO] - alignment: tensor([0., 0., 0., 0., 0., 0., 0., 0., 0., 0., 0., 0., 0., 0., 0.])
[2023-11-19 13:48:31,872][__main__][INFO] - epoch: 40
[2023-11-19 13:48:32,380][__main__][INFO] - alignment: tensor([0., 0., 0., 0., 0., 0., 0., 0., 0., 0., 0., 0., 0., 0., 0.])
[2023-11-19 13:48:32,380][__main__][INFO] - epoch: 50
[2023-11-19 13:48:32,854][__main__][INFO] - alignment: tensor([0., 0., 0., 0., 0., 0., 0., 0., 0., 0., 0., 0., 0., 0., 0.])
[2023-11-19 13:48:32,854][__main__][INFO] - epoch: 60
[2023-11-19 13:48:33,326][__main__][INFO] - alignment: tensor([0., 0., 0., 0., 0., 0., 0., 0., 0., 0., 0., 0., 0., 0., 0.])
[2023-11-19 13:48:33,326][__main__][INFO] - epoch: 70
[2023-11-19 13:48:33,798][__main__][INFO] - alignment: tensor([0., 0., 0., 0., 0., 0., 0., 0., 0., 0., 0., 0., 0., 0., 0.])
[2023-11-19 13:48:33,798][__main__][INFO] - epoch: 80
[2023-11-19 13:48:34,285][__main__][INFO] - alignment: tensor([0., 0., 0., 0., 0., 0., 0., 0., 0., 0., 0., 0., 0., 0., 0.])
[2023-11-19 13:48:34,286][__main__][INFO] - epoch: 90
[2023-11-19 13:48:34,757][__main__][INFO] - alignment: tensor([0., 0., 0., 0., 0., 0., 0., 0., 0., 0., 0., 0., 0., 0., 0.])
[2023-11-19 13:48:34,757][__main__][INFO] - epoch: 100
[2023-11-19 13:48:35,230][__main__][INFO] - alignment: tensor([0., 0., 0., 0., 0., 0., 0., 0., 0., 0., 0., 0., 0., 0., 0.])
[2023-11-19 13:48:35,230][__main__][INFO] - epoch: 110
[2023-11-19 13:48:35,702][__main__][INFO] - alignment: tensor([0., 0., 0., 0., 0., 0., 0., 0., 0., 0., 0., 0., 0., 0., 0.])
[2023-11-19 13:48:35,702][__main__][INFO] - epoch: 120
[2023-11-19 13:48:36,175][__main__][INFO] - alignment: tensor([0., 0., 0., 0., 0., 0., 0., 0., 0., 0., 0., 0., 0., 0., 0.])
[2023-11-19 13:48:36,175][__main__][INFO] - epoch: 130
[2023-11-19 13:48:36,650][__main__][INFO] - alignment: tensor([2., 0., 0., 0., 0., 0., 0., 0., 0., 0., 0., 0., 0., 0., 0.])
[2023-11-19 13:48:36,650][__main__][INFO] - epoch: 140
[2023-11-19 13:48:37,125][__main__][INFO] - alignment: tensor([2., 0., 0., 0., 0., 0., 0., 0., 0., 0., 0., 0., 0., 0., 0.])
[2023-11-19 13:48:37,125][__main__][INFO] - epoch: 150
[2023-11-19 13:48:37,594][__main__][INFO] - alignment: tensor([6., 0., 1., 0., 0., 0., 0., 0., 0., 0., 0., 0., 0., 0., 0.])
[2023-11-19 13:48:37,594][__main__][INFO] - epoch: 160
[2023-11-19 13:48:38,070][__main__][INFO] - alignment: tensor([12.,  0.,  1.,  0.,  0.,  0.,  0.,  0.,  0.,  0.,  0.,  1.,  0.,  0.,
         0.])
[2023-11-19 13:48:38,071][__main__][INFO] - epoch: 170
[2023-11-19 13:48:38,547][__main__][INFO] - alignment: tensor([13.,  0.,  1.,  0.,  0.,  0.,  0.,  0.,  0.,  0.,  0.,  1.,  0.,  0.,
         0.])
[2023-11-19 13:48:38,547][__main__][INFO] - epoch: 180
[2023-11-19 13:48:39,026][__main__][INFO] - alignment: tensor([14.,  1.,  1.,  0.,  0.,  0.,  0.,  1.,  0.,  0.,  0.,  1.,  0.,  0.,
         1.])
[2023-11-19 13:48:39,026][__main__][INFO] - epoch: 190
[2023-11-19 13:48:39,497][__main__][INFO] - alignment: tensor([15.,  1.,  1.,  0.,  0.,  0.,  1.,  1.,  0.,  0.,  1.,  1.,  0.,  0.,
         1.])
[2023-11-19 13:48:39,497][__main__][INFO] - epoch: 200
[2023-11-19 13:48:39,972][__main__][INFO] - alignment: tensor([14.,  1.,  1.,  0.,  0.,  0.,  1.,  1.,  1.,  0.,  1.,  1.,  0.,  1.,
         1.])
[2023-11-19 13:48:39,972][__main__][INFO] - epoch: 210
[2023-11-19 13:48:40,446][__main__][INFO] - alignment: tensor([14.,  1.,  1.,  0.,  0.,  0.,  1.,  1.,  1.,  0.,  1.,  1.,  0.,  1.,
         1.])
[2023-11-19 13:48:40,447][__main__][INFO] - epoch: 220
[2023-11-19 13:48:40,916][__main__][INFO] - alignment: tensor([14.,  1.,  1.,  0.,  0.,  0.,  1.,  1.,  1.,  0.,  1.,  1.,  1.,  1.,
         1.])
[2023-11-19 13:48:40,916][__main__][INFO] - epoch: 230
[2023-11-19 13:48:41,414][__main__][INFO] - alignment: tensor([14.,  1.,  1.,  0.,  1.,  0.,  1.,  1.,  1.,  0.,  1.,  1.,  1.,  1.,
         1.])
[2023-11-19 13:48:41,415][__main__][INFO] - epoch: 240
[2023-11-19 13:48:41,887][__main__][INFO] - alignment: tensor([14.,  1.,  1.,  0.,  1.,  0.,  1.,  1.,  1.,  0.,  1.,  1.,  1.,  1.,
         1.])
[2023-11-19 13:48:41,887][__main__][INFO] - epoch: 250
[2023-11-19 13:48:42,360][__main__][INFO] - alignment: tensor([13.,  1.,  1.,  0.,  1.,  0.,  1.,  1.,  1.,  0.,  1.,  1.,  1.,  1.,
         1.])
[2023-11-19 13:48:42,360][__main__][INFO] - epoch: 260
[2023-11-19 13:48:42,835][__main__][INFO] - alignment: tensor([12.,  1.,  2.,  0.,  1.,  0.,  1.,  1.,  1.,  0.,  1.,  1.,  1.,  1.,
         1.])
[2023-11-19 13:48:42,835][__main__][INFO] - epoch: 270
[2023-11-19 13:48:43,307][__main__][INFO] - alignment: tensor([13.,  1.,  2.,  0.,  1.,  0.,  1.,  1.,  1.,  0.,  1.,  1.,  1.,  1.,
         1.])
[2023-11-19 13:48:43,307][__main__][INFO] - epoch: 280
[2023-11-19 13:48:43,776][__main__][INFO] - alignment: tensor([12.,  1.,  2.,  0.,  1.,  0.,  1.,  1.,  1.,  0.,  1.,  1.,  1.,  1.,
         1.])
[2023-11-19 13:48:43,776][__main__][INFO] - epoch: 290
[2023-11-19 13:48:44,251][__main__][INFO] - alignment: tensor([13.,  1.,  2.,  0.,  1.,  0.,  1.,  1.,  1.,  0.,  1.,  1.,  1.,  1.,
         1.])
[2023-11-19 13:48:44,251][__main__][INFO] - epoch: 300
[2023-11-19 13:48:44,732][__main__][INFO] - alignment: tensor([12.,  1.,  2.,  0.,  1.,  0.,  1.,  1.,  1.,  0.,  1.,  1.,  1.,  1.,
         1.])
[2023-11-19 13:48:44,733][__main__][INFO] - epoch: 310
[2023-11-19 13:48:45,209][__main__][INFO] - alignment: tensor([12.,  1.,  2.,  0.,  1.,  0.,  1.,  1.,  1.,  0.,  1.,  1.,  1.,  1.,
         1.])
[2023-11-19 13:48:45,210][__main__][INFO] - feat_thresh: 0.2
[2023-11-19 13:48:45,210][__main__][INFO] - epoch: 0
[2023-11-19 13:48:45,683][__main__][INFO] - alignment: tensor([0., 0., 0., 0., 0., 0., 0., 0., 0., 0., 0., 0., 0., 0., 0.])
[2023-11-19 13:48:45,683][__main__][INFO] - epoch: 10
[2023-11-19 13:48:46,150][__main__][INFO] - alignment: tensor([0., 0., 0., 0., 0., 0., 0., 0., 0., 0., 0., 0., 0., 0., 0.])
[2023-11-19 13:48:46,151][__main__][INFO] - epoch: 20
[2023-11-19 13:48:46,625][__main__][INFO] - alignment: tensor([0., 0., 0., 0., 0., 0., 0., 0., 0., 0., 0., 0., 0., 0., 0.])
[2023-11-19 13:48:46,625][__main__][INFO] - epoch: 30
[2023-11-19 13:48:47,093][__main__][INFO] - alignment: tensor([0., 0., 0., 0., 0., 0., 0., 0., 0., 0., 0., 0., 0., 0., 0.])
[2023-11-19 13:48:47,093][__main__][INFO] - epoch: 40
[2023-11-19 13:48:47,571][__main__][INFO] - alignment: tensor([0., 0., 0., 0., 0., 0., 0., 0., 0., 0., 0., 0., 0., 0., 0.])
[2023-11-19 13:48:47,572][__main__][INFO] - epoch: 50
[2023-11-19 13:48:48,041][__main__][INFO] - alignment: tensor([0., 0., 0., 0., 0., 0., 0., 0., 0., 0., 0., 0., 0., 0., 0.])
[2023-11-19 13:48:48,041][__main__][INFO] - epoch: 60
[2023-11-19 13:48:48,520][__main__][INFO] - alignment: tensor([0., 0., 0., 0., 0., 0., 0., 0., 0., 0., 0., 0., 0., 0., 0.])
[2023-11-19 13:48:48,520][__main__][INFO] - epoch: 70
[2023-11-19 13:48:48,992][__main__][INFO] - alignment: tensor([0., 0., 0., 0., 0., 0., 0., 0., 0., 0., 0., 0., 0., 0., 0.])
[2023-11-19 13:48:48,992][__main__][INFO] - epoch: 80
[2023-11-19 13:48:49,463][__main__][INFO] - alignment: tensor([0., 0., 0., 0., 0., 0., 0., 0., 0., 0., 0., 0., 0., 0., 0.])
[2023-11-19 13:48:49,463][__main__][INFO] - epoch: 90
[2023-11-19 13:48:49,936][__main__][INFO] - alignment: tensor([0., 0., 0., 0., 0., 0., 0., 0., 0., 0., 0., 0., 0., 0., 0.])
[2023-11-19 13:48:49,936][__main__][INFO] - epoch: 100
[2023-11-19 13:48:50,413][__main__][INFO] - alignment: tensor([0., 0., 0., 0., 0., 0., 0., 0., 0., 0., 0., 0., 0., 0., 0.])
[2023-11-19 13:48:50,413][__main__][INFO] - epoch: 110
[2023-11-19 13:48:50,885][__main__][INFO] - alignment: tensor([0., 0., 0., 0., 0., 0., 0., 0., 0., 0., 0., 0., 0., 0., 0.])
[2023-11-19 13:48:50,885][__main__][INFO] - epoch: 120
[2023-11-19 13:48:51,361][__main__][INFO] - alignment: tensor([3., 0., 0., 0., 0., 0., 0., 0., 0., 0., 0., 0., 0., 0., 0.])
[2023-11-19 13:48:51,361][__main__][INFO] - epoch: 130
[2023-11-19 13:48:51,843][__main__][INFO] - alignment: tensor([11.,  0.,  0.,  0.,  0.,  0.,  0.,  0.,  0.,  0.,  0.,  0.,  0.,  0.,
         0.])
[2023-11-19 13:48:51,843][__main__][INFO] - epoch: 140
[2023-11-19 13:48:52,323][__main__][INFO] - alignment: tensor([14.,  0.,  0.,  0.,  0.,  0.,  0.,  0.,  0.,  0.,  0.,  0.,  0.,  0.,
         0.])
[2023-11-19 13:48:52,323][__main__][INFO] - epoch: 150
[2023-11-19 13:48:52,798][__main__][INFO] - alignment: tensor([31.,  0.,  1.,  0.,  0.,  0.,  0.,  0.,  0.,  0.,  0.,  1.,  0.,  0.,
         0.])
[2023-11-19 13:48:52,798][__main__][INFO] - epoch: 160
[2023-11-19 13:48:53,273][__main__][INFO] - alignment: tensor([35.,  0.,  1.,  0.,  0.,  0.,  0.,  0.,  0.,  0.,  0.,  1.,  0.,  0.,
         0.])
[2023-11-19 13:48:53,273][__main__][INFO] - epoch: 170
[2023-11-19 13:48:53,756][__main__][INFO] - alignment: tensor([37.,  1.,  1.,  0.,  0.,  0.,  1.,  1.,  0.,  0.,  1.,  1.,  0.,  0.,
         1.])
[2023-11-19 13:48:53,756][__main__][INFO] - epoch: 180
[2023-11-19 13:48:54,227][__main__][INFO] - alignment: tensor([37.,  1.,  1.,  0.,  0.,  0.,  1.,  1.,  1.,  0.,  1.,  1.,  0.,  0.,
         1.])
[2023-11-19 13:48:54,227][__main__][INFO] - epoch: 190
[2023-11-19 13:48:54,704][__main__][INFO] - alignment: tensor([34.,  1.,  1.,  0.,  0.,  0.,  1.,  1.,  1.,  0.,  1.,  1.,  0.,  1.,
         1.])
[2023-11-19 13:48:54,704][__main__][INFO] - epoch: 200
[2023-11-19 13:48:55,184][__main__][INFO] - alignment: tensor([28.,  1.,  1.,  0.,  0.,  0.,  1.,  1.,  1.,  0.,  1.,  1.,  1.,  1.,
         1.])
[2023-11-19 13:48:55,185][__main__][INFO] - epoch: 210
[2023-11-19 13:48:55,667][__main__][INFO] - alignment: tensor([23.,  1.,  1.,  0.,  0.,  0.,  1.,  1.,  1.,  0.,  1.,  1.,  1.,  1.,
         1.])
[2023-11-19 13:48:55,667][__main__][INFO] - epoch: 220
[2023-11-19 13:48:56,144][__main__][INFO] - alignment: tensor([21.,  2.,  1.,  0.,  1.,  0.,  1.,  1.,  1.,  0.,  1.,  1.,  1.,  1.,
         1.])
[2023-11-19 13:48:56,145][__main__][INFO] - epoch: 230
[2023-11-19 13:48:56,626][__main__][INFO] - alignment: tensor([21.,  2.,  2.,  0.,  1.,  0.,  1.,  1.,  1.,  1.,  1.,  1.,  1.,  1.,
         1.])
[2023-11-19 13:48:56,626][__main__][INFO] - epoch: 240
[2023-11-19 13:48:57,117][__main__][INFO] - alignment: tensor([19.,  1.,  2.,  0.,  1.,  0.,  1.,  1.,  1.,  1.,  1.,  1.,  1.,  1.,
         1.])
[2023-11-19 13:48:57,117][__main__][INFO] - epoch: 250
[2023-11-19 13:48:57,585][__main__][INFO] - alignment: tensor([19.,  2.,  2.,  0.,  1.,  0.,  1.,  1.,  1.,  1.,  1.,  1.,  1.,  1.,
         1.])
[2023-11-19 13:48:57,585][__main__][INFO] - epoch: 260
[2023-11-19 13:48:58,061][__main__][INFO] - alignment: tensor([17.,  2.,  2.,  0.,  1.,  0.,  1.,  1.,  1.,  1.,  1.,  1.,  1.,  1.,
         1.])
[2023-11-19 13:48:58,062][__main__][INFO] - epoch: 270
[2023-11-19 13:48:58,538][__main__][INFO] - alignment: tensor([17.,  2.,  2.,  0.,  1.,  0.,  1.,  1.,  1.,  1.,  1.,  1.,  1.,  1.,
         1.])
[2023-11-19 13:48:58,538][__main__][INFO] - epoch: 280
[2023-11-19 13:48:59,018][__main__][INFO] - alignment: tensor([18.,  2.,  2.,  0.,  1.,  0.,  1.,  1.,  1.,  1.,  1.,  1.,  1.,  1.,
         1.])
[2023-11-19 13:48:59,018][__main__][INFO] - epoch: 290
[2023-11-19 13:48:59,507][__main__][INFO] - alignment: tensor([18.,  2.,  2.,  0.,  1.,  0.,  1.,  1.,  1.,  1.,  1.,  1.,  1.,  1.,
         1.])
[2023-11-19 13:48:59,507][__main__][INFO] - epoch: 300
[2023-11-19 13:48:59,983][__main__][INFO] - alignment: tensor([17.,  3.,  2.,  0.,  1.,  0.,  1.,  1.,  1.,  1.,  1.,  1.,  1.,  1.,
         1.])
[2023-11-19 13:48:59,983][__main__][INFO] - epoch: 310
[2023-11-19 13:49:00,455][__main__][INFO] - alignment: tensor([17.,  3.,  2.,  0.,  1.,  0.,  1.,  1.,  1.,  1.,  1.,  1.,  1.,  1.,
         1.])
[2023-11-19 13:49:00,455][__main__][INFO] - feat_thresh: 0.3
[2023-11-19 13:49:00,455][__main__][INFO] - epoch: 0
[2023-11-19 13:49:00,929][__main__][INFO] - alignment: tensor([0., 0., 0., 0., 0., 0., 0., 0., 0., 0., 0., 0., 0., 0., 0.])
[2023-11-19 13:49:00,929][__main__][INFO] - epoch: 10
[2023-11-19 13:49:01,402][__main__][INFO] - alignment: tensor([0., 0., 0., 0., 0., 0., 0., 0., 0., 0., 0., 0., 0., 0., 0.])
[2023-11-19 13:49:01,402][__main__][INFO] - epoch: 20
[2023-11-19 13:49:01,873][__main__][INFO] - alignment: tensor([0., 0., 0., 0., 0., 0., 0., 0., 0., 0., 0., 0., 0., 0., 0.])
[2023-11-19 13:49:01,873][__main__][INFO] - epoch: 30
[2023-11-19 13:49:02,367][__main__][INFO] - alignment: tensor([0., 0., 0., 0., 0., 0., 0., 0., 0., 0., 0., 0., 0., 0., 0.])
[2023-11-19 13:49:02,367][__main__][INFO] - epoch: 40
[2023-11-19 13:49:02,845][__main__][INFO] - alignment: tensor([0., 0., 0., 0., 0., 0., 0., 0., 0., 0., 0., 0., 0., 0., 0.])
[2023-11-19 13:49:02,845][__main__][INFO] - epoch: 50
[2023-11-19 13:49:03,315][__main__][INFO] - alignment: tensor([0., 0., 0., 0., 0., 0., 0., 0., 0., 0., 0., 0., 0., 0., 0.])
[2023-11-19 13:49:03,315][__main__][INFO] - epoch: 60
[2023-11-19 13:49:03,786][__main__][INFO] - alignment: tensor([0., 0., 0., 0., 0., 0., 0., 0., 0., 0., 0., 0., 0., 0., 0.])
[2023-11-19 13:49:03,786][__main__][INFO] - epoch: 70
[2023-11-19 13:49:04,255][__main__][INFO] - alignment: tensor([0., 0., 0., 0., 0., 0., 0., 0., 0., 0., 0., 0., 0., 0., 0.])
[2023-11-19 13:49:04,255][__main__][INFO] - epoch: 80
[2023-11-19 13:49:04,730][__main__][INFO] - alignment: tensor([1., 0., 0., 0., 0., 0., 0., 0., 0., 0., 0., 0., 0., 0., 0.])
[2023-11-19 13:49:04,730][__main__][INFO] - epoch: 90
[2023-11-19 13:49:05,204][__main__][INFO] - alignment: tensor([1., 0., 0., 0., 0., 0., 0., 0., 0., 0., 0., 0., 0., 0., 0.])
[2023-11-19 13:49:05,204][__main__][INFO] - epoch: 100
[2023-11-19 13:49:05,676][__main__][INFO] - alignment: tensor([1., 0., 0., 0., 0., 0., 0., 0., 0., 0., 0., 0., 0., 0., 0.])
[2023-11-19 13:49:05,676][__main__][INFO] - epoch: 110
[2023-11-19 13:49:06,156][__main__][INFO] - alignment: tensor([7., 0., 0., 0., 0., 0., 0., 0., 0., 0., 0., 0., 0., 0., 0.])
[2023-11-19 13:49:06,156][__main__][INFO] - epoch: 120
[2023-11-19 13:49:06,629][__main__][INFO] - alignment: tensor([15.,  0.,  0.,  0.,  0.,  0.,  0.,  0.,  0.,  0.,  0.,  0.,  0.,  0.,
         0.])
[2023-11-19 13:49:06,630][__main__][INFO] - epoch: 130
[2023-11-19 13:49:07,103][__main__][INFO] - alignment: tensor([28.,  0.,  0.,  0.,  0.,  0.,  0.,  0.,  0.,  0.,  0.,  0.,  0.,  0.,
         0.])
[2023-11-19 13:49:07,103][__main__][INFO] - epoch: 140
[2023-11-19 13:49:07,578][__main__][INFO] - alignment: tensor([37.,  0.,  1.,  0.,  0.,  0.,  0.,  0.,  0.,  0.,  0.,  1.,  0.,  0.,
         0.])
[2023-11-19 13:49:07,578][__main__][INFO] - epoch: 150
[2023-11-19 13:49:08,057][__main__][INFO] - alignment: tensor([59.,  0.,  1.,  0.,  0.,  0.,  0.,  0.,  0.,  0.,  0.,  1.,  0.,  0.,
         0.])
[2023-11-19 13:49:08,057][__main__][INFO] - epoch: 160
[2023-11-19 13:49:08,525][__main__][INFO] - alignment: tensor([65.,  0.,  1.,  0.,  0.,  0.,  1.,  1.,  0.,  0.,  1.,  1.,  0.,  0.,
         1.])
[2023-11-19 13:49:08,525][__main__][INFO] - epoch: 170
[2023-11-19 13:49:09,002][__main__][INFO] - alignment: tensor([66.,  1.,  1.,  0.,  0.,  0.,  1.,  1.,  0.,  0.,  1.,  1.,  0.,  0.,
         1.])
[2023-11-19 13:49:09,002][__main__][INFO] - epoch: 180
[2023-11-19 13:49:09,473][__main__][INFO] - alignment: tensor([61.,  1.,  1.,  0.,  0.,  0.,  1.,  1.,  1.,  0.,  1.,  1.,  0.,  1.,
         1.])
[2023-11-19 13:49:09,473][__main__][INFO] - epoch: 190
[2023-11-19 13:49:09,951][__main__][INFO] - alignment: tensor([55.,  1.,  1.,  0.,  0.,  0.,  1.,  1.,  1.,  0.,  1.,  1.,  1.,  1.,
         1.])
[2023-11-19 13:49:09,951][__main__][INFO] - epoch: 200
[2023-11-19 13:49:10,425][__main__][INFO] - alignment: tensor([47.,  1.,  2.,  0.,  0.,  0.,  1.,  1.,  1.,  0.,  1.,  1.,  1.,  1.,
         1.])
[2023-11-19 13:49:10,426][__main__][INFO] - epoch: 210
[2023-11-19 13:49:10,905][__main__][INFO] - alignment: tensor([42.,  2.,  4.,  0.,  0.,  0.,  1.,  1.,  1.,  1.,  1.,  1.,  1.,  1.,
         1.])
[2023-11-19 13:49:10,905][__main__][INFO] - epoch: 220
[2023-11-19 13:49:11,376][__main__][INFO] - alignment: tensor([36.,  2.,  3.,  0.,  1.,  0.,  1.,  1.,  1.,  1.,  1.,  1.,  1.,  1.,
         1.])
[2023-11-19 13:49:11,376][__main__][INFO] - epoch: 230
[2023-11-19 13:49:11,847][__main__][INFO] - alignment: tensor([32.,  3.,  4.,  0.,  2.,  0.,  1.,  1.,  1.,  1.,  1.,  1.,  1.,  1.,
         1.])
[2023-11-19 13:49:11,847][__main__][INFO] - epoch: 240
[2023-11-19 13:49:12,319][__main__][INFO] - alignment: tensor([32.,  3.,  3.,  0.,  2.,  0.,  2.,  1.,  1.,  1.,  1.,  1.,  1.,  1.,
         1.])
[2023-11-19 13:49:12,320][__main__][INFO] - epoch: 250
[2023-11-19 13:49:12,791][__main__][INFO] - alignment: tensor([30.,  3.,  3.,  0.,  2.,  0.,  2.,  1.,  1.,  1.,  1.,  1.,  1.,  1.,
         1.])
[2023-11-19 13:49:12,791][__main__][INFO] - epoch: 260
[2023-11-19 13:49:13,268][__main__][INFO] - alignment: tensor([28.,  3.,  4.,  0.,  2.,  0.,  2.,  1.,  1.,  1.,  1.,  1.,  1.,  1.,
         1.])
[2023-11-19 13:49:13,268][__main__][INFO] - epoch: 270
[2023-11-19 13:49:13,757][__main__][INFO] - alignment: tensor([27.,  3.,  4.,  0.,  2.,  0.,  2.,  1.,  1.,  1.,  1.,  1.,  1.,  1.,
         1.])
[2023-11-19 13:49:13,757][__main__][INFO] - epoch: 280
[2023-11-19 13:49:14,226][__main__][INFO] - alignment: tensor([26.,  3.,  4.,  0.,  2.,  0.,  2.,  1.,  1.,  1.,  1.,  1.,  1.,  1.,
         1.])
[2023-11-19 13:49:14,226][__main__][INFO] - epoch: 290
[2023-11-19 13:49:14,701][__main__][INFO] - alignment: tensor([26.,  3.,  3.,  0.,  2.,  0.,  2.,  1.,  1.,  1.,  1.,  1.,  1.,  1.,
         1.])
[2023-11-19 13:49:14,701][__main__][INFO] - epoch: 300
[2023-11-19 13:49:15,169][__main__][INFO] - alignment: tensor([27.,  3.,  3.,  0.,  2.,  0.,  2.,  1.,  1.,  1.,  1.,  1.,  1.,  1.,
         1.])
[2023-11-19 13:49:15,169][__main__][INFO] - epoch: 310
[2023-11-19 13:49:15,640][__main__][INFO] - alignment: tensor([27.,  3.,  3.,  0.,  2.,  0.,  2.,  1.,  1.,  1.,  1.,  1.,  1.,  1.,
         1.])
[2023-11-19 13:49:15,725][__main__][INFO] - Training losses plot: train_losses.png
[2023-11-19 13:49:15,811][__main__][INFO] - Accuracies plot: accuracies.png
