[2023-11-18 15:28:38,988][hydra.utils][INFO] - Logging from main
[2023-11-18 15:41:43,704][__main__][INFO] - Model weights saved at: model.pt
[2023-11-18 15:41:43,712][__main__][INFO] - Training accuracy: 1.0
[2023-11-18 15:41:43,712][__main__][INFO] - Testing accuracy: 0.9505
[2023-11-18 15:41:43,712][__main__][INFO] - feat_thresh: 0.1
[2023-11-18 15:41:43,712][__main__][INFO] - epoch: 0
[2023-11-18 15:41:44,189][__main__][INFO] - alignment: tensor([0., 0., 0., 0., 0., 0., 0., 0., 0., 0., 0., 0., 0., 0., 0.])
[2023-11-18 15:41:44,190][__main__][INFO] - epoch: 10
[2023-11-18 15:41:44,669][__main__][INFO] - alignment: tensor([0., 0., 0., 0., 0., 0., 0., 0., 0., 0., 0., 0., 0., 0., 0.])
[2023-11-18 15:41:44,669][__main__][INFO] - epoch: 20
[2023-11-18 15:41:45,140][__main__][INFO] - alignment: tensor([0., 0., 0., 0., 0., 0., 0., 0., 0., 0., 0., 0., 0., 0., 0.])
[2023-11-18 15:41:45,141][__main__][INFO] - epoch: 30
[2023-11-18 15:41:45,611][__main__][INFO] - alignment: tensor([0., 0., 0., 0., 0., 0., 0., 0., 0., 0., 0., 0., 0., 0., 0.])
[2023-11-18 15:41:45,611][__main__][INFO] - epoch: 40
[2023-11-18 15:41:46,082][__main__][INFO] - alignment: tensor([0., 0., 0., 0., 0., 0., 0., 0., 0., 0., 0., 0., 0., 0., 0.])
[2023-11-18 15:41:46,082][__main__][INFO] - epoch: 50
[2023-11-18 15:41:46,555][__main__][INFO] - alignment: tensor([0., 0., 0., 0., 0., 0., 0., 0., 0., 0., 0., 0., 0., 0., 0.])
[2023-11-18 15:41:46,555][__main__][INFO] - epoch: 60
[2023-11-18 15:41:47,023][__main__][INFO] - alignment: tensor([0., 0., 0., 0., 0., 0., 0., 0., 0., 0., 0., 0., 0., 0., 0.])
[2023-11-18 15:41:47,024][__main__][INFO] - epoch: 70
[2023-11-18 15:41:47,504][__main__][INFO] - alignment: tensor([0., 0., 0., 0., 0., 0., 0., 0., 0., 0., 0., 0., 0., 0., 0.])
[2023-11-18 15:41:47,505][__main__][INFO] - epoch: 80
[2023-11-18 15:41:48,019][__main__][INFO] - alignment: tensor([0., 0., 0., 0., 0., 0., 0., 0., 0., 0., 0., 0., 0., 0., 0.])
[2023-11-18 15:41:48,020][__main__][INFO] - epoch: 90
[2023-11-18 15:41:48,515][__main__][INFO] - alignment: tensor([1., 0., 0., 0., 0., 0., 0., 0., 0., 0., 0., 0., 0., 0., 0.])
[2023-11-18 15:41:48,515][__main__][INFO] - epoch: 100
[2023-11-18 15:41:49,030][__main__][INFO] - alignment: tensor([1., 0., 0., 0., 0., 0., 0., 0., 0., 0., 0., 0., 0., 0., 0.])
[2023-11-18 15:41:49,031][__main__][INFO] - epoch: 110
[2023-11-18 15:41:49,531][__main__][INFO] - alignment: tensor([6., 0., 0., 0., 0., 0., 0., 0., 0., 0., 0., 1., 0., 0., 0.])
[2023-11-18 15:41:49,532][__main__][INFO] - epoch: 120
[2023-11-18 15:41:50,040][__main__][INFO] - alignment: tensor([10.,  1.,  2.,  0.,  0.,  0.,  0.,  0.,  0.,  0.,  0.,  1.,  0.,  0.,
         0.])
[2023-11-18 15:41:50,041][__main__][INFO] - epoch: 130
[2023-11-18 15:41:50,550][__main__][INFO] - alignment: tensor([12.,  1.,  2.,  0.,  0.,  0.,  0.,  0.,  0.,  1.,  0.,  1.,  0.,  0.,
         0.])
[2023-11-18 15:41:50,551][__main__][INFO] - epoch: 140
[2023-11-18 15:41:51,028][__main__][INFO] - alignment: tensor([13.,  1.,  2.,  0.,  0.,  0.,  0.,  0.,  0.,  1.,  0.,  1.,  0.,  1.,
         1.])
[2023-11-18 15:41:51,029][__main__][INFO] - epoch: 150
[2023-11-18 15:41:51,512][__main__][INFO] - alignment: tensor([13.,  1.,  2.,  0.,  0.,  0.,  0.,  0.,  0.,  1.,  0.,  1.,  0.,  1.,
         1.])
[2023-11-18 15:41:51,513][__main__][INFO] - epoch: 160
[2023-11-18 15:41:52,026][__main__][INFO] - alignment: tensor([12.,  1.,  2.,  0.,  0.,  0.,  0.,  0.,  0.,  1.,  0.,  1.,  0.,  1.,
         1.])
[2023-11-18 15:41:52,026][__main__][INFO] - epoch: 170
[2023-11-18 15:41:52,536][__main__][INFO] - alignment: tensor([11.,  1.,  2.,  1.,  0.,  0.,  0.,  0.,  0.,  1.,  0.,  1.,  0.,  1.,
         1.])
[2023-11-18 15:41:52,536][__main__][INFO] - epoch: 180
[2023-11-18 15:41:53,047][__main__][INFO] - alignment: tensor([9., 2., 2., 1., 0., 0., 0., 0., 0., 1., 0., 1., 0., 1., 1.])
[2023-11-18 15:41:53,047][__main__][INFO] - epoch: 190
[2023-11-18 15:41:53,518][__main__][INFO] - alignment: tensor([9., 2., 2., 1., 1., 0., 0., 0., 0., 1., 0., 1., 0., 1., 1.])
[2023-11-18 15:41:53,518][__main__][INFO] - epoch: 200
[2023-11-18 15:41:54,015][__main__][INFO] - alignment: tensor([8., 2., 2., 1., 0., 1., 0., 0., 0., 1., 0., 1., 0., 1., 1.])
[2023-11-18 15:41:54,015][__main__][INFO] - epoch: 210
[2023-11-18 15:41:54,519][__main__][INFO] - alignment: tensor([7., 2., 2., 1., 1., 1., 0., 0., 0., 1., 0., 1., 0., 1., 1.])
[2023-11-18 15:41:54,519][__main__][INFO] - epoch: 220
[2023-11-18 15:41:55,005][__main__][INFO] - alignment: tensor([6., 2., 2., 1., 1., 1., 0., 0., 0., 1., 0., 1., 0., 1., 1.])
[2023-11-18 15:41:55,005][__main__][INFO] - epoch: 230
[2023-11-18 15:41:55,492][__main__][INFO] - alignment: tensor([7., 2., 2., 1., 1., 1., 0., 0., 0., 1., 0., 1., 0., 1., 1.])
[2023-11-18 15:41:55,492][__main__][INFO] - epoch: 240
[2023-11-18 15:41:55,985][__main__][INFO] - alignment: tensor([7., 2., 2., 1., 1., 1., 0., 0., 0., 1., 0., 1., 0., 1., 1.])
[2023-11-18 15:41:55,985][__main__][INFO] - feat_thresh: 0.2
[2023-11-18 15:41:55,985][__main__][INFO] - epoch: 0
[2023-11-18 15:41:56,471][__main__][INFO] - alignment: tensor([0., 0., 0., 0., 0., 0., 0., 0., 0., 0., 0., 0., 0., 0., 0.])
[2023-11-18 15:41:56,471][__main__][INFO] - epoch: 10
[2023-11-18 15:41:56,980][__main__][INFO] - alignment: tensor([0., 0., 0., 0., 0., 0., 0., 0., 0., 0., 0., 0., 0., 0., 0.])
[2023-11-18 15:41:56,980][__main__][INFO] - epoch: 20
[2023-11-18 15:41:57,490][__main__][INFO] - alignment: tensor([0., 0., 0., 0., 0., 0., 0., 0., 0., 0., 0., 0., 0., 0., 0.])
[2023-11-18 15:41:57,490][__main__][INFO] - epoch: 30
[2023-11-18 15:41:58,001][__main__][INFO] - alignment: tensor([0., 0., 0., 0., 0., 0., 0., 0., 0., 0., 0., 0., 0., 0., 0.])
[2023-11-18 15:41:58,001][__main__][INFO] - epoch: 40
[2023-11-18 15:41:58,515][__main__][INFO] - alignment: tensor([0., 0., 0., 0., 0., 0., 0., 0., 0., 0., 0., 0., 0., 0., 0.])
[2023-11-18 15:41:58,516][__main__][INFO] - epoch: 50
[2023-11-18 15:41:59,027][__main__][INFO] - alignment: tensor([0., 0., 0., 0., 0., 0., 0., 0., 0., 0., 0., 0., 0., 0., 0.])
[2023-11-18 15:41:59,028][__main__][INFO] - epoch: 60
[2023-11-18 15:41:59,540][__main__][INFO] - alignment: tensor([0., 0., 0., 0., 0., 0., 0., 0., 0., 0., 0., 0., 0., 0., 0.])
[2023-11-18 15:41:59,541][__main__][INFO] - epoch: 70
[2023-11-18 15:42:00,050][__main__][INFO] - alignment: tensor([0., 0., 0., 0., 0., 0., 0., 0., 0., 0., 0., 0., 0., 0., 0.])
[2023-11-18 15:42:00,051][__main__][INFO] - epoch: 80
[2023-11-18 15:42:00,562][__main__][INFO] - alignment: tensor([0., 0., 0., 0., 0., 0., 0., 0., 0., 0., 0., 0., 0., 0., 0.])
[2023-11-18 15:42:00,563][__main__][INFO] - epoch: 90
[2023-11-18 15:42:01,070][__main__][INFO] - alignment: tensor([4., 0., 0., 0., 0., 0., 0., 0., 0., 0., 0., 0., 0., 0., 0.])
[2023-11-18 15:42:01,071][__main__][INFO] - epoch: 100
[2023-11-18 15:42:01,581][__main__][INFO] - alignment: tensor([9., 0., 0., 0., 0., 0., 0., 0., 0., 0., 0., 1., 0., 0., 0.])
[2023-11-18 15:42:01,581][__main__][INFO] - epoch: 110
[2023-11-18 15:42:02,094][__main__][INFO] - alignment: tensor([14.,  1.,  2.,  0.,  0.,  0.,  0.,  0.,  0.,  0.,  0.,  1.,  0.,  0.,
         0.])
[2023-11-18 15:42:02,094][__main__][INFO] - epoch: 120
[2023-11-18 15:42:02,606][__main__][INFO] - alignment: tensor([19.,  3.,  2.,  0.,  0.,  0.,  0.,  0.,  0.,  1.,  0.,  1.,  0.,  0.,
         0.])
[2023-11-18 15:42:02,607][__main__][INFO] - epoch: 130
[2023-11-18 15:42:03,116][__main__][INFO] - alignment: tensor([22.,  3.,  2.,  0.,  0.,  0.,  0.,  0.,  0.,  1.,  0.,  1.,  0.,  1.,
         1.])
[2023-11-18 15:42:03,116][__main__][INFO] - epoch: 140
[2023-11-18 15:42:03,644][__main__][INFO] - alignment: tensor([20.,  3.,  2.,  1.,  1.,  1.,  0.,  0.,  0.,  1.,  0.,  1.,  0.,  1.,
         1.])
[2023-11-18 15:42:03,644][__main__][INFO] - epoch: 150
[2023-11-18 15:42:04,127][__main__][INFO] - alignment: tensor([19.,  3.,  2.,  1.,  1.,  1.,  0.,  0.,  0.,  1.,  0.,  1.,  0.,  1.,
         1.])
[2023-11-18 15:42:04,127][__main__][INFO] - epoch: 160
[2023-11-18 15:42:04,626][__main__][INFO] - alignment: tensor([19.,  3.,  3.,  2.,  1.,  1.,  1.,  0.,  0.,  1.,  0.,  1.,  0.,  1.,
         1.])
[2023-11-18 15:42:04,626][__main__][INFO] - epoch: 170
[2023-11-18 15:42:05,139][__main__][INFO] - alignment: tensor([18.,  3.,  3.,  1.,  1.,  1.,  1.,  0.,  0.,  1.,  0.,  1.,  0.,  1.,
         1.])
[2023-11-18 15:42:05,139][__main__][INFO] - epoch: 180
[2023-11-18 15:42:05,648][__main__][INFO] - alignment: tensor([18.,  3.,  2.,  1.,  1.,  2.,  1.,  0.,  0.,  1.,  0.,  1.,  0.,  1.,
         1.])
[2023-11-18 15:42:05,649][__main__][INFO] - epoch: 190
[2023-11-18 15:42:06,154][__main__][INFO] - alignment: tensor([18.,  3.,  3.,  1.,  1.,  3.,  1.,  0.,  0.,  1.,  0.,  1.,  0.,  1.,
         1.])
[2023-11-18 15:42:06,154][__main__][INFO] - epoch: 200
[2023-11-18 15:42:06,661][__main__][INFO] - alignment: tensor([18.,  3.,  3.,  1.,  1.,  3.,  1.,  0.,  0.,  1.,  0.,  1.,  0.,  1.,
         1.])
[2023-11-18 15:42:06,662][__main__][INFO] - epoch: 210
[2023-11-18 15:42:07,170][__main__][INFO] - alignment: tensor([17.,  3.,  3.,  1.,  1.,  3.,  1.,  0.,  0.,  1.,  0.,  1.,  0.,  1.,
         1.])
[2023-11-18 15:42:07,170][__main__][INFO] - epoch: 220
[2023-11-18 15:42:07,679][__main__][INFO] - alignment: tensor([17.,  3.,  3.,  1.,  1.,  3.,  1.,  0.,  0.,  1.,  0.,  1.,  0.,  1.,
         1.])
[2023-11-18 15:42:07,679][__main__][INFO] - epoch: 230
[2023-11-18 15:42:08,186][__main__][INFO] - alignment: tensor([17.,  4.,  3.,  1.,  1.,  3.,  2.,  0.,  0.,  1.,  0.,  1.,  0.,  1.,
         1.])
[2023-11-18 15:42:08,187][__main__][INFO] - epoch: 240
[2023-11-18 15:42:08,708][__main__][INFO] - alignment: tensor([17.,  4.,  3.,  1.,  1.,  3.,  2.,  0.,  0.,  1.,  0.,  1.,  0.,  1.,
         1.])
[2023-11-18 15:42:08,709][__main__][INFO] - feat_thresh: 0.3
[2023-11-18 15:42:08,709][__main__][INFO] - epoch: 0
[2023-11-18 15:42:09,218][__main__][INFO] - alignment: tensor([0., 0., 0., 0., 0., 0., 0., 0., 0., 0., 0., 0., 0., 0., 0.])
[2023-11-18 15:42:09,219][__main__][INFO] - epoch: 10
[2023-11-18 15:42:09,734][__main__][INFO] - alignment: tensor([0., 0., 0., 0., 0., 0., 0., 0., 0., 0., 0., 0., 0., 0., 0.])
[2023-11-18 15:42:09,735][__main__][INFO] - epoch: 20
[2023-11-18 15:42:10,248][__main__][INFO] - alignment: tensor([0., 0., 0., 0., 0., 0., 0., 0., 0., 0., 0., 0., 0., 0., 0.])
[2023-11-18 15:42:10,249][__main__][INFO] - epoch: 30
[2023-11-18 15:42:10,761][__main__][INFO] - alignment: tensor([0., 0., 0., 0., 0., 0., 0., 0., 0., 0., 0., 0., 0., 0., 0.])
[2023-11-18 15:42:10,761][__main__][INFO] - epoch: 40
[2023-11-18 15:42:11,271][__main__][INFO] - alignment: tensor([0., 0., 0., 0., 0., 0., 0., 0., 0., 0., 0., 0., 0., 0., 0.])
[2023-11-18 15:42:11,272][__main__][INFO] - epoch: 50
[2023-11-18 15:42:11,787][__main__][INFO] - alignment: tensor([0., 0., 0., 0., 0., 0., 0., 0., 0., 0., 0., 0., 0., 0., 0.])
[2023-11-18 15:42:11,787][__main__][INFO] - epoch: 60
[2023-11-18 15:42:12,300][__main__][INFO] - alignment: tensor([0., 0., 0., 0., 0., 0., 0., 0., 0., 0., 0., 0., 0., 0., 0.])
[2023-11-18 15:42:12,301][__main__][INFO] - epoch: 70
[2023-11-18 15:42:12,812][__main__][INFO] - alignment: tensor([0., 0., 0., 0., 0., 0., 0., 0., 0., 0., 0., 0., 0., 0., 0.])
[2023-11-18 15:42:12,812][__main__][INFO] - epoch: 80
[2023-11-18 15:42:13,325][__main__][INFO] - alignment: tensor([4., 0., 0., 0., 0., 0., 0., 0., 0., 0., 0., 0., 0., 0., 0.])
[2023-11-18 15:42:13,325][__main__][INFO] - epoch: 90
[2023-11-18 15:42:13,841][__main__][INFO] - alignment: tensor([14.,  0.,  0.,  0.,  0.,  0.,  0.,  0.,  0.,  0.,  0.,  1.,  0.,  0.,
         0.])
[2023-11-18 15:42:13,841][__main__][INFO] - epoch: 100
[2023-11-18 15:42:14,354][__main__][INFO] - alignment: tensor([23.,  0.,  0.,  0.,  0.,  0.,  0.,  0.,  0.,  0.,  0.,  1.,  0.,  0.,
         0.])
[2023-11-18 15:42:14,355][__main__][INFO] - epoch: 110
[2023-11-18 15:42:14,866][__main__][INFO] - alignment: tensor([32.,  3.,  2.,  0.,  0.,  0.,  0.,  0.,  0.,  1.,  0.,  1.,  0.,  0.,
         0.])
[2023-11-18 15:42:14,867][__main__][INFO] - epoch: 120
[2023-11-18 15:42:15,378][__main__][INFO] - alignment: tensor([38.,  3.,  5.,  0.,  0.,  0.,  0.,  0.,  0.,  1.,  0.,  1.,  0.,  1.,
         1.])
[2023-11-18 15:42:15,379][__main__][INFO] - epoch: 130
[2023-11-18 15:42:15,892][__main__][INFO] - alignment: tensor([36.,  4.,  4.,  1.,  1.,  1.,  0.,  0.,  0.,  1.,  0.,  1.,  0.,  1.,
         1.])
[2023-11-18 15:42:15,893][__main__][INFO] - epoch: 140
[2023-11-18 15:42:16,401][__main__][INFO] - alignment: tensor([34.,  3.,  4.,  2.,  1.,  1.,  2.,  0.,  0.,  1.,  0.,  1.,  0.,  1.,
         1.])
[2023-11-18 15:42:16,401][__main__][INFO] - epoch: 150
[2023-11-18 15:42:16,915][__main__][INFO] - alignment: tensor([29.,  4.,  5.,  2.,  1.,  2.,  2.,  0.,  0.,  1.,  0.,  1.,  0.,  1.,
         1.])
[2023-11-18 15:42:16,916][__main__][INFO] - epoch: 160
[2023-11-18 15:42:17,413][__main__][INFO] - alignment: tensor([29.,  5.,  5.,  2.,  1.,  3.,  2.,  0.,  0.,  1.,  0.,  1.,  0.,  1.,
         1.])
[2023-11-18 15:42:17,414][__main__][INFO] - epoch: 170
[2023-11-18 15:42:17,924][__main__][INFO] - alignment: tensor([27.,  5.,  4.,  2.,  1.,  3.,  2.,  0.,  0.,  1.,  0.,  1.,  0.,  1.,
         1.])
[2023-11-18 15:42:17,925][__main__][INFO] - epoch: 180
[2023-11-18 15:42:18,435][__main__][INFO] - alignment: tensor([26.,  5.,  4.,  2.,  1.,  3.,  2.,  0.,  0.,  1.,  0.,  1.,  0.,  1.,
         1.])
[2023-11-18 15:42:18,436][__main__][INFO] - epoch: 190
[2023-11-18 15:42:18,946][__main__][INFO] - alignment: tensor([26.,  5.,  4.,  2.,  1.,  3.,  2.,  0.,  0.,  1.,  0.,  1.,  0.,  1.,
         1.])
[2023-11-18 15:42:18,946][__main__][INFO] - epoch: 200
[2023-11-18 15:42:19,460][__main__][INFO] - alignment: tensor([25.,  5.,  5.,  2.,  1.,  3.,  2.,  0.,  0.,  1.,  0.,  1.,  0.,  1.,
         1.])
[2023-11-18 15:42:19,461][__main__][INFO] - epoch: 210
[2023-11-18 15:42:19,969][__main__][INFO] - alignment: tensor([27.,  4.,  4.,  2.,  1.,  3.,  2.,  0.,  0.,  1.,  0.,  1.,  0.,  1.,
         1.])
[2023-11-18 15:42:19,969][__main__][INFO] - epoch: 220
[2023-11-18 15:42:20,477][__main__][INFO] - alignment: tensor([26.,  4.,  4.,  2.,  1.,  3.,  2.,  0.,  0.,  1.,  0.,  1.,  0.,  1.,
         1.])
[2023-11-18 15:42:20,478][__main__][INFO] - epoch: 230
[2023-11-18 15:42:20,990][__main__][INFO] - alignment: tensor([25.,  4.,  4.,  2.,  1.,  3.,  2.,  1.,  0.,  1.,  1.,  1.,  0.,  1.,
         1.])
[2023-11-18 15:42:20,990][__main__][INFO] - epoch: 240
[2023-11-18 15:42:21,498][__main__][INFO] - alignment: tensor([25.,  4.,  4.,  2.,  1.,  3.,  2.,  1.,  0.,  1.,  1.,  1.,  0.,  1.,
         1.])
[2023-11-18 15:42:21,583][__main__][INFO] - Training losses plot: train_losses.png
[2023-11-18 15:42:21,667][__main__][INFO] - Accuracies plot: accuracies.png
