[2023-11-18 14:16:55,672][hydra.utils][INFO] - Logging from main
[2023-11-18 14:36:08,533][__main__][INFO] - Model weights saved at: model.pt
[2023-11-18 14:36:08,538][__main__][INFO] - Training accuracy: 0.9877777777777778
[2023-11-18 14:36:08,538][__main__][INFO] - Testing accuracy: 0.9626666666666667
[2023-11-18 14:36:08,538][__main__][INFO] - feat_thresh: 0.1
[2023-11-18 14:36:08,538][__main__][INFO] - epoch: 0
[2023-11-18 14:36:08,766][__main__][INFO] - alignment: tensor([0., 0., 0., 0., 0., 0., 0.])
[2023-11-18 14:36:08,766][__main__][INFO] - epoch: 10
[2023-11-18 14:36:08,990][__main__][INFO] - alignment: tensor([0., 0., 0., 0., 0., 0., 0.])
[2023-11-18 14:36:08,991][__main__][INFO] - epoch: 20
[2023-11-18 14:36:09,216][__main__][INFO] - alignment: tensor([0., 0., 0., 0., 0., 0., 0.])
[2023-11-18 14:36:09,216][__main__][INFO] - epoch: 30
[2023-11-18 14:36:09,442][__main__][INFO] - alignment: tensor([0., 0., 0., 0., 0., 0., 0.])
[2023-11-18 14:36:09,442][__main__][INFO] - epoch: 40
[2023-11-18 14:36:09,666][__main__][INFO] - alignment: tensor([0., 0., 0., 0., 0., 0., 0.])
[2023-11-18 14:36:09,666][__main__][INFO] - epoch: 50
[2023-11-18 14:36:09,894][__main__][INFO] - alignment: tensor([0., 0., 0., 0., 0., 0., 0.])
[2023-11-18 14:36:09,894][__main__][INFO] - epoch: 60
[2023-11-18 14:36:10,121][__main__][INFO] - alignment: tensor([0., 0., 0., 0., 0., 0., 0.])
[2023-11-18 14:36:10,121][__main__][INFO] - epoch: 70
[2023-11-18 14:36:10,349][__main__][INFO] - alignment: tensor([0., 0., 0., 0., 0., 0., 0.])
[2023-11-18 14:36:10,349][__main__][INFO] - epoch: 80
[2023-11-18 14:36:10,577][__main__][INFO] - alignment: tensor([0., 0., 0., 0., 0., 0., 0.])
[2023-11-18 14:36:10,577][__main__][INFO] - epoch: 90
[2023-11-18 14:36:10,801][__main__][INFO] - alignment: tensor([0., 0., 0., 0., 0., 0., 0.])
[2023-11-18 14:36:10,801][__main__][INFO] - epoch: 100
[2023-11-18 14:36:11,024][__main__][INFO] - alignment: tensor([0., 0., 0., 0., 0., 0., 0.])
[2023-11-18 14:36:11,024][__main__][INFO] - epoch: 110
[2023-11-18 14:36:11,250][__main__][INFO] - alignment: tensor([0., 0., 0., 0., 0., 0., 0.])
[2023-11-18 14:36:11,250][__main__][INFO] - epoch: 120
[2023-11-18 14:36:11,476][__main__][INFO] - alignment: tensor([0., 0., 0., 0., 0., 0., 0.])
[2023-11-18 14:36:11,476][__main__][INFO] - epoch: 130
[2023-11-18 14:36:11,701][__main__][INFO] - alignment: tensor([0., 0., 0., 0., 0., 0., 0.])
[2023-11-18 14:36:11,701][__main__][INFO] - epoch: 140
[2023-11-18 14:36:11,927][__main__][INFO] - alignment: tensor([0., 0., 0., 0., 0., 0., 0.])
[2023-11-18 14:36:11,927][__main__][INFO] - epoch: 150
[2023-11-18 14:36:12,152][__main__][INFO] - alignment: tensor([0., 0., 0., 0., 0., 0., 0.])
[2023-11-18 14:36:12,152][__main__][INFO] - epoch: 160
[2023-11-18 14:36:12,376][__main__][INFO] - alignment: tensor([0., 0., 0., 0., 0., 0., 0.])
[2023-11-18 14:36:12,376][__main__][INFO] - epoch: 170
[2023-11-18 14:36:12,599][__main__][INFO] - alignment: tensor([0., 0., 0., 0., 0., 0., 0.])
[2023-11-18 14:36:12,599][__main__][INFO] - epoch: 180
[2023-11-18 14:36:12,824][__main__][INFO] - alignment: tensor([0., 0., 0., 0., 0., 0., 0.])
[2023-11-18 14:36:12,824][__main__][INFO] - epoch: 190
[2023-11-18 14:36:13,051][__main__][INFO] - alignment: tensor([0., 0., 0., 0., 0., 0., 0.])
[2023-11-18 14:36:13,051][__main__][INFO] - epoch: 200
[2023-11-18 14:36:13,275][__main__][INFO] - alignment: tensor([0., 0., 0., 0., 0., 0., 0.])
[2023-11-18 14:36:13,275][__main__][INFO] - epoch: 210
[2023-11-18 14:36:13,498][__main__][INFO] - alignment: tensor([0., 0., 0., 0., 0., 0., 0.])
[2023-11-18 14:36:13,498][__main__][INFO] - epoch: 220
[2023-11-18 14:36:13,724][__main__][INFO] - alignment: tensor([0., 0., 0., 0., 0., 0., 0.])
[2023-11-18 14:36:13,724][__main__][INFO] - epoch: 230
[2023-11-18 14:36:13,950][__main__][INFO] - alignment: tensor([0., 0., 0., 0., 0., 0., 0.])
[2023-11-18 14:36:13,950][__main__][INFO] - epoch: 240
[2023-11-18 14:36:14,177][__main__][INFO] - alignment: tensor([0., 0., 0., 0., 0., 0., 0.])
[2023-11-18 14:36:14,177][__main__][INFO] - epoch: 250
[2023-11-18 14:36:14,403][__main__][INFO] - alignment: tensor([0., 0., 0., 0., 0., 0., 0.])
[2023-11-18 14:36:14,403][__main__][INFO] - epoch: 260
[2023-11-18 14:36:14,628][__main__][INFO] - alignment: tensor([0., 0., 0., 0., 0., 0., 0.])
[2023-11-18 14:36:14,628][__main__][INFO] - epoch: 270
[2023-11-18 14:36:14,851][__main__][INFO] - alignment: tensor([0., 0., 0., 0., 0., 0., 0.])
[2023-11-18 14:36:14,851][__main__][INFO] - epoch: 280
[2023-11-18 14:36:15,075][__main__][INFO] - alignment: tensor([0., 0., 0., 0., 0., 0., 0.])
[2023-11-18 14:36:15,075][__main__][INFO] - epoch: 290
[2023-11-18 14:36:15,298][__main__][INFO] - alignment: tensor([0., 0., 0., 0., 0., 0., 0.])
[2023-11-18 14:36:15,298][__main__][INFO] - epoch: 300
[2023-11-18 14:36:15,524][__main__][INFO] - alignment: tensor([0., 0., 0., 0., 0., 0., 0.])
[2023-11-18 14:36:15,524][__main__][INFO] - epoch: 310
[2023-11-18 14:36:15,751][__main__][INFO] - alignment: tensor([0., 0., 0., 0., 0., 0., 0.])
[2023-11-18 14:36:15,751][__main__][INFO] - epoch: 320
[2023-11-18 14:36:15,977][__main__][INFO] - alignment: tensor([0., 0., 0., 0., 0., 0., 0.])
[2023-11-18 14:36:15,977][__main__][INFO] - epoch: 330
[2023-11-18 14:36:16,203][__main__][INFO] - alignment: tensor([2., 0., 0., 0., 0., 0., 0.])
[2023-11-18 14:36:16,203][__main__][INFO] - epoch: 340
[2023-11-18 14:36:16,430][__main__][INFO] - alignment: tensor([3., 0., 0., 0., 0., 0., 0.])
[2023-11-18 14:36:16,430][__main__][INFO] - epoch: 350
[2023-11-18 14:36:16,654][__main__][INFO] - alignment: tensor([3., 0., 0., 0., 0., 0., 0.])
[2023-11-18 14:36:16,654][__main__][INFO] - epoch: 360
[2023-11-18 14:36:16,881][__main__][INFO] - alignment: tensor([2., 0., 0., 0., 0., 0., 0.])
[2023-11-18 14:36:16,881][__main__][INFO] - epoch: 370
[2023-11-18 14:36:17,106][__main__][INFO] - alignment: tensor([2., 0., 0., 0., 0., 0., 0.])
[2023-11-18 14:36:17,106][__main__][INFO] - epoch: 380
[2023-11-18 14:36:17,331][__main__][INFO] - alignment: tensor([5., 0., 0., 0., 0., 0., 0.])
[2023-11-18 14:36:17,331][__main__][INFO] - epoch: 390
[2023-11-18 14:36:17,559][__main__][INFO] - alignment: tensor([4., 0., 0., 0., 0., 1., 1.])
[2023-11-18 14:36:17,559][__main__][INFO] - epoch: 400
[2023-11-18 14:36:17,786][__main__][INFO] - alignment: tensor([3., 0., 0., 0., 0., 1., 1.])
[2023-11-18 14:36:17,786][__main__][INFO] - epoch: 410
[2023-11-18 14:36:18,014][__main__][INFO] - alignment: tensor([4., 0., 0., 0., 0., 1., 1.])
[2023-11-18 14:36:18,014][__main__][INFO] - epoch: 420
[2023-11-18 14:36:18,239][__main__][INFO] - alignment: tensor([4., 0., 0., 0., 0., 1., 1.])
[2023-11-18 14:36:18,239][__main__][INFO] - epoch: 430
[2023-11-18 14:36:18,466][__main__][INFO] - alignment: tensor([5., 0., 0., 0., 0., 1., 1.])
[2023-11-18 14:36:18,466][__main__][INFO] - epoch: 440
[2023-11-18 14:36:18,693][__main__][INFO] - alignment: tensor([6., 0., 0., 0., 0., 1., 1.])
[2023-11-18 14:36:18,693][__main__][INFO] - epoch: 450
[2023-11-18 14:36:18,918][__main__][INFO] - alignment: tensor([7., 0., 0., 0., 0., 1., 1.])
[2023-11-18 14:36:18,918][__main__][INFO] - epoch: 460
[2023-11-18 14:36:19,144][__main__][INFO] - alignment: tensor([8., 0., 0., 0., 0., 1., 1.])
[2023-11-18 14:36:19,145][__main__][INFO] - epoch: 470
[2023-11-18 14:36:19,372][__main__][INFO] - alignment: tensor([8., 0., 0., 0., 0., 1., 1.])
[2023-11-18 14:36:19,372][__main__][INFO] - epoch: 480
[2023-11-18 14:36:19,600][__main__][INFO] - alignment: tensor([9., 0., 0., 0., 0., 1., 1.])
[2023-11-18 14:36:19,600][__main__][INFO] - epoch: 490
[2023-11-18 14:36:19,827][__main__][INFO] - alignment: tensor([8., 0., 0., 0., 0., 1., 1.])
[2023-11-18 14:36:19,827][__main__][INFO] - feat_thresh: 0.2
[2023-11-18 14:36:19,827][__main__][INFO] - epoch: 500
[2023-11-18 14:36:20,052][__main__][INFO] - alignment: tensor([0., 0., 0., 0., 0., 0., 0.])
[2023-11-18 14:36:20,052][__main__][INFO] - epoch: 510
[2023-11-18 14:36:20,280][__main__][INFO] - alignment: tensor([0., 0., 0., 0., 0., 0., 0.])
[2023-11-18 14:36:20,287][__main__][INFO] - epoch: 520
[2023-11-18 14:36:20,511][__main__][INFO] - alignment: tensor([0., 0., 0., 0., 0., 0., 0.])
[2023-11-18 14:36:20,511][__main__][INFO] - epoch: 530
[2023-11-18 14:36:20,739][__main__][INFO] - alignment: tensor([0., 0., 0., 0., 0., 0., 0.])
[2023-11-18 14:36:20,739][__main__][INFO] - epoch: 540
[2023-11-18 14:36:20,964][__main__][INFO] - alignment: tensor([0., 0., 0., 0., 0., 0., 0.])
[2023-11-18 14:36:20,964][__main__][INFO] - epoch: 550
[2023-11-18 14:36:21,191][__main__][INFO] - alignment: tensor([0., 0., 0., 0., 0., 0., 0.])
[2023-11-18 14:36:21,191][__main__][INFO] - epoch: 560
[2023-11-18 14:36:21,416][__main__][INFO] - alignment: tensor([0., 0., 0., 0., 0., 0., 0.])
[2023-11-18 14:36:21,417][__main__][INFO] - epoch: 570
[2023-11-18 14:36:21,643][__main__][INFO] - alignment: tensor([0., 0., 0., 0., 0., 0., 0.])
[2023-11-18 14:36:21,643][__main__][INFO] - epoch: 580
[2023-11-18 14:36:21,867][__main__][INFO] - alignment: tensor([0., 0., 0., 0., 0., 0., 0.])
[2023-11-18 14:36:21,867][__main__][INFO] - epoch: 590
[2023-11-18 14:36:22,094][__main__][INFO] - alignment: tensor([0., 0., 0., 0., 0., 0., 0.])
[2023-11-18 14:36:22,094][__main__][INFO] - epoch: 600
[2023-11-18 14:36:22,318][__main__][INFO] - alignment: tensor([0., 0., 0., 0., 0., 0., 0.])
[2023-11-18 14:36:22,318][__main__][INFO] - epoch: 610
[2023-11-18 14:36:22,544][__main__][INFO] - alignment: tensor([0., 0., 0., 0., 0., 0., 0.])
[2023-11-18 14:36:22,544][__main__][INFO] - epoch: 620
[2023-11-18 14:36:22,772][__main__][INFO] - alignment: tensor([0., 0., 0., 0., 0., 0., 0.])
[2023-11-18 14:36:22,773][__main__][INFO] - epoch: 630
[2023-11-18 14:36:22,997][__main__][INFO] - alignment: tensor([0., 0., 0., 0., 0., 0., 0.])
[2023-11-18 14:36:22,997][__main__][INFO] - epoch: 640
[2023-11-18 14:36:23,224][__main__][INFO] - alignment: tensor([0., 0., 0., 0., 0., 0., 0.])
[2023-11-18 14:36:23,224][__main__][INFO] - epoch: 650
[2023-11-18 14:36:23,450][__main__][INFO] - alignment: tensor([0., 0., 0., 0., 0., 0., 0.])
[2023-11-18 14:36:23,450][__main__][INFO] - epoch: 660
[2023-11-18 14:36:23,675][__main__][INFO] - alignment: tensor([0., 0., 0., 0., 0., 0., 0.])
[2023-11-18 14:36:23,675][__main__][INFO] - epoch: 670
[2023-11-18 14:36:23,900][__main__][INFO] - alignment: tensor([0., 0., 0., 0., 0., 0., 0.])
[2023-11-18 14:36:23,900][__main__][INFO] - epoch: 680
[2023-11-18 14:36:24,125][__main__][INFO] - alignment: tensor([0., 0., 0., 0., 0., 0., 0.])
[2023-11-18 14:36:24,125][__main__][INFO] - epoch: 690
[2023-11-18 14:36:24,346][__main__][INFO] - alignment: tensor([0., 0., 0., 0., 0., 0., 0.])
[2023-11-18 14:36:24,347][__main__][INFO] - epoch: 700
[2023-11-18 14:36:24,574][__main__][INFO] - alignment: tensor([0., 0., 0., 0., 0., 0., 0.])
[2023-11-18 14:36:24,575][__main__][INFO] - epoch: 710
[2023-11-18 14:36:24,797][__main__][INFO] - alignment: tensor([0., 0., 0., 0., 0., 0., 0.])
[2023-11-18 14:36:24,797][__main__][INFO] - epoch: 720
[2023-11-18 14:36:25,021][__main__][INFO] - alignment: tensor([0., 0., 0., 0., 0., 0., 0.])
[2023-11-18 14:36:25,021][__main__][INFO] - epoch: 730
[2023-11-18 14:36:25,243][__main__][INFO] - alignment: tensor([0., 0., 0., 0., 0., 0., 0.])
[2023-11-18 14:36:25,243][__main__][INFO] - epoch: 740
[2023-11-18 14:36:25,466][__main__][INFO] - alignment: tensor([0., 0., 0., 0., 0., 0., 0.])
[2023-11-18 14:36:25,466][__main__][INFO] - epoch: 750
[2023-11-18 14:36:25,694][__main__][INFO] - alignment: tensor([0., 0., 0., 0., 0., 0., 0.])
[2023-11-18 14:36:25,694][__main__][INFO] - epoch: 760
[2023-11-18 14:36:25,919][__main__][INFO] - alignment: tensor([0., 0., 0., 0., 0., 0., 0.])
[2023-11-18 14:36:25,919][__main__][INFO] - epoch: 770
[2023-11-18 14:36:26,145][__main__][INFO] - alignment: tensor([0., 0., 0., 0., 0., 0., 0.])
[2023-11-18 14:36:26,146][__main__][INFO] - epoch: 780
[2023-11-18 14:36:26,372][__main__][INFO] - alignment: tensor([0., 0., 0., 0., 0., 0., 0.])
[2023-11-18 14:36:26,372][__main__][INFO] - epoch: 790
[2023-11-18 14:36:26,598][__main__][INFO] - alignment: tensor([0., 0., 0., 0., 0., 0., 0.])
[2023-11-18 14:36:26,598][__main__][INFO] - epoch: 800
[2023-11-18 14:36:26,824][__main__][INFO] - alignment: tensor([0., 0., 0., 0., 0., 0., 0.])
[2023-11-18 14:36:26,824][__main__][INFO] - epoch: 810
[2023-11-18 14:36:27,049][__main__][INFO] - alignment: tensor([0., 0., 0., 0., 0., 0., 0.])
[2023-11-18 14:36:27,049][__main__][INFO] - epoch: 820
[2023-11-18 14:36:27,273][__main__][INFO] - alignment: tensor([7., 0., 0., 0., 0., 0., 0.])
[2023-11-18 14:36:27,273][__main__][INFO] - epoch: 830
[2023-11-18 14:36:27,499][__main__][INFO] - alignment: tensor([22.,  0.,  0.,  0.,  0.,  0.,  0.])
[2023-11-18 14:36:27,499][__main__][INFO] - epoch: 840
[2023-11-18 14:36:27,725][__main__][INFO] - alignment: tensor([24.,  0.,  0.,  0.,  0.,  0.,  0.])
[2023-11-18 14:36:27,725][__main__][INFO] - epoch: 850
[2023-11-18 14:36:27,952][__main__][INFO] - alignment: tensor([33.,  0.,  0.,  0.,  0.,  0.,  0.])
[2023-11-18 14:36:27,952][__main__][INFO] - epoch: 860
[2023-11-18 14:36:28,179][__main__][INFO] - alignment: tensor([26.,  0.,  0.,  0.,  0.,  0.,  0.])
[2023-11-18 14:36:28,179][__main__][INFO] - epoch: 870
[2023-11-18 14:36:28,406][__main__][INFO] - alignment: tensor([26.,  0.,  0.,  0.,  0.,  0.,  0.])
[2023-11-18 14:36:28,407][__main__][INFO] - epoch: 880
[2023-11-18 14:36:28,632][__main__][INFO] - alignment: tensor([28.,  0.,  0.,  0.,  0.,  1.,  0.])
[2023-11-18 14:36:28,632][__main__][INFO] - epoch: 890
[2023-11-18 14:36:28,857][__main__][INFO] - alignment: tensor([27.,  0.,  0.,  0.,  0.,  1.,  1.])
[2023-11-18 14:36:28,857][__main__][INFO] - epoch: 900
[2023-11-18 14:36:29,084][__main__][INFO] - alignment: tensor([25.,  1.,  1.,  0.,  0.,  1.,  1.])
[2023-11-18 14:36:29,084][__main__][INFO] - epoch: 910
[2023-11-18 14:36:29,312][__main__][INFO] - alignment: tensor([23.,  1.,  1.,  0.,  0.,  1.,  1.])
[2023-11-18 14:36:29,312][__main__][INFO] - epoch: 920
[2023-11-18 14:36:29,540][__main__][INFO] - alignment: tensor([24.,  1.,  1.,  0.,  0.,  1.,  1.])
[2023-11-18 14:36:29,540][__main__][INFO] - epoch: 930
[2023-11-18 14:36:29,768][__main__][INFO] - alignment: tensor([22.,  1.,  1.,  0.,  1.,  1.,  1.])
[2023-11-18 14:36:29,768][__main__][INFO] - epoch: 940
[2023-11-18 14:36:29,996][__main__][INFO] - alignment: tensor([21.,  1.,  1.,  0.,  1.,  1.,  1.])
[2023-11-18 14:36:29,996][__main__][INFO] - epoch: 950
[2023-11-18 14:36:30,223][__main__][INFO] - alignment: tensor([22.,  1.,  1.,  0.,  1.,  1.,  1.])
[2023-11-18 14:36:30,223][__main__][INFO] - epoch: 960
[2023-11-18 14:36:30,448][__main__][INFO] - alignment: tensor([21.,  1.,  1.,  0.,  1.,  1.,  1.])
[2023-11-18 14:36:30,448][__main__][INFO] - epoch: 970
[2023-11-18 14:36:30,673][__main__][INFO] - alignment: tensor([20.,  1.,  1.,  0.,  1.,  1.,  1.])
[2023-11-18 14:36:30,673][__main__][INFO] - epoch: 980
[2023-11-18 14:36:30,900][__main__][INFO] - alignment: tensor([22.,  1.,  1.,  0.,  1.,  1.,  1.])
[2023-11-18 14:36:30,900][__main__][INFO] - epoch: 990
[2023-11-18 14:36:31,124][__main__][INFO] - alignment: tensor([21.,  1.,  1.,  0.,  1.,  1.,  1.])
[2023-11-18 14:36:31,124][__main__][INFO] - feat_thresh: 0.3
[2023-11-18 14:36:31,124][__main__][INFO] - epoch: 1000
[2023-11-18 14:36:31,348][__main__][INFO] - alignment: tensor([0., 0., 0., 0., 0., 0., 0.])
[2023-11-18 14:36:31,348][__main__][INFO] - epoch: 1010
[2023-11-18 14:36:31,573][__main__][INFO] - alignment: tensor([0., 0., 0., 0., 0., 0., 0.])
[2023-11-18 14:36:31,573][__main__][INFO] - epoch: 1020
[2023-11-18 14:36:31,798][__main__][INFO] - alignment: tensor([0., 0., 0., 0., 0., 0., 0.])
[2023-11-18 14:36:31,798][__main__][INFO] - epoch: 1030
[2023-11-18 14:36:32,021][__main__][INFO] - alignment: tensor([0., 0., 0., 0., 0., 0., 0.])
[2023-11-18 14:36:32,021][__main__][INFO] - epoch: 1040
[2023-11-18 14:36:32,249][__main__][INFO] - alignment: tensor([0., 0., 0., 0., 0., 0., 0.])
[2023-11-18 14:36:32,249][__main__][INFO] - epoch: 1050
[2023-11-18 14:36:32,476][__main__][INFO] - alignment: tensor([0., 0., 0., 0., 0., 0., 0.])
[2023-11-18 14:36:32,476][__main__][INFO] - epoch: 1060
[2023-11-18 14:36:32,701][__main__][INFO] - alignment: tensor([0., 0., 0., 0., 0., 0., 0.])
[2023-11-18 14:36:32,701][__main__][INFO] - epoch: 1070
[2023-11-18 14:36:32,926][__main__][INFO] - alignment: tensor([0., 0., 0., 0., 0., 0., 0.])
[2023-11-18 14:36:32,927][__main__][INFO] - epoch: 1080
[2023-11-18 14:36:33,151][__main__][INFO] - alignment: tensor([0., 0., 0., 0., 0., 0., 0.])
[2023-11-18 14:36:33,152][__main__][INFO] - epoch: 1090
[2023-11-18 14:36:33,378][__main__][INFO] - alignment: tensor([0., 0., 0., 0., 0., 0., 0.])
[2023-11-18 14:36:33,378][__main__][INFO] - epoch: 1100
[2023-11-18 14:36:33,603][__main__][INFO] - alignment: tensor([0., 0., 0., 0., 0., 0., 0.])
[2023-11-18 14:36:33,603][__main__][INFO] - epoch: 1110
[2023-11-18 14:36:33,830][__main__][INFO] - alignment: tensor([0., 0., 0., 0., 0., 0., 0.])
[2023-11-18 14:36:33,830][__main__][INFO] - epoch: 1120
[2023-11-18 14:36:34,056][__main__][INFO] - alignment: tensor([0., 0., 0., 0., 0., 0., 0.])
[2023-11-18 14:36:34,056][__main__][INFO] - epoch: 1130
[2023-11-18 14:36:34,284][__main__][INFO] - alignment: tensor([0., 0., 0., 0., 0., 0., 0.])
[2023-11-18 14:36:34,284][__main__][INFO] - epoch: 1140
[2023-11-18 14:36:34,509][__main__][INFO] - alignment: tensor([0., 0., 0., 0., 0., 0., 0.])
[2023-11-18 14:36:34,509][__main__][INFO] - epoch: 1150
[2023-11-18 14:36:34,735][__main__][INFO] - alignment: tensor([0., 0., 0., 0., 0., 0., 0.])
[2023-11-18 14:36:34,735][__main__][INFO] - epoch: 1160
[2023-11-18 14:36:34,961][__main__][INFO] - alignment: tensor([0., 0., 0., 0., 0., 0., 0.])
[2023-11-18 14:36:34,961][__main__][INFO] - epoch: 1170
[2023-11-18 14:36:35,184][__main__][INFO] - alignment: tensor([0., 0., 0., 0., 0., 0., 0.])
[2023-11-18 14:36:35,184][__main__][INFO] - epoch: 1180
[2023-11-18 14:36:35,412][__main__][INFO] - alignment: tensor([0., 0., 0., 0., 0., 0., 0.])
[2023-11-18 14:36:35,412][__main__][INFO] - epoch: 1190
[2023-11-18 14:36:35,635][__main__][INFO] - alignment: tensor([0., 0., 0., 0., 0., 0., 0.])
[2023-11-18 14:36:35,635][__main__][INFO] - epoch: 1200
[2023-11-18 14:36:35,862][__main__][INFO] - alignment: tensor([0., 0., 0., 0., 0., 0., 0.])
[2023-11-18 14:36:35,862][__main__][INFO] - epoch: 1210
[2023-11-18 14:36:36,087][__main__][INFO] - alignment: tensor([0., 0., 0., 0., 0., 0., 0.])
[2023-11-18 14:36:36,087][__main__][INFO] - epoch: 1220
[2023-11-18 14:36:36,316][__main__][INFO] - alignment: tensor([0., 0., 0., 0., 0., 0., 0.])
[2023-11-18 14:36:36,316][__main__][INFO] - epoch: 1230
[2023-11-18 14:36:36,542][__main__][INFO] - alignment: tensor([0., 0., 0., 0., 0., 0., 0.])
[2023-11-18 14:36:36,542][__main__][INFO] - epoch: 1240
[2023-11-18 14:36:36,766][__main__][INFO] - alignment: tensor([0., 0., 0., 0., 0., 0., 0.])
[2023-11-18 14:36:36,766][__main__][INFO] - epoch: 1250
[2023-11-18 14:36:36,992][__main__][INFO] - alignment: tensor([0., 0., 0., 0., 0., 0., 0.])
[2023-11-18 14:36:36,992][__main__][INFO] - epoch: 1260
[2023-11-18 14:36:37,219][__main__][INFO] - alignment: tensor([0., 0., 0., 0., 0., 0., 0.])
[2023-11-18 14:36:37,219][__main__][INFO] - epoch: 1270
[2023-11-18 14:36:37,442][__main__][INFO] - alignment: tensor([0., 0., 0., 0., 0., 0., 0.])
[2023-11-18 14:36:37,442][__main__][INFO] - epoch: 1280
[2023-11-18 14:36:37,665][__main__][INFO] - alignment: tensor([1., 0., 0., 0., 0., 0., 0.])
[2023-11-18 14:36:37,665][__main__][INFO] - epoch: 1290
[2023-11-18 14:36:37,892][__main__][INFO] - alignment: tensor([3., 0., 0., 0., 0., 0., 0.])
[2023-11-18 14:36:37,892][__main__][INFO] - epoch: 1300
[2023-11-18 14:36:38,120][__main__][INFO] - alignment: tensor([4., 0., 0., 0., 0., 0., 0.])
[2023-11-18 14:36:38,120][__main__][INFO] - epoch: 1310
[2023-11-18 14:36:38,347][__main__][INFO] - alignment: tensor([8., 0., 0., 0., 0., 0., 0.])
[2023-11-18 14:36:38,347][__main__][INFO] - epoch: 1320
[2023-11-18 14:36:38,577][__main__][INFO] - alignment: tensor([35.,  0.,  0.,  0.,  0.,  0.,  0.])
[2023-11-18 14:36:38,577][__main__][INFO] - epoch: 1330
[2023-11-18 14:36:38,805][__main__][INFO] - alignment: tensor([63.,  0.,  0.,  0.,  0.,  0.,  0.])
[2023-11-18 14:36:38,805][__main__][INFO] - epoch: 1340
[2023-11-18 14:36:39,032][__main__][INFO] - alignment: tensor([67.,  0.,  0.,  0.,  0.,  0.,  0.])
[2023-11-18 14:36:39,032][__main__][INFO] - epoch: 1350
[2023-11-18 14:36:39,260][__main__][INFO] - alignment: tensor([72.,  0.,  0.,  0.,  0.,  0.,  0.])
[2023-11-18 14:36:39,260][__main__][INFO] - epoch: 1360
[2023-11-18 14:36:39,486][__main__][INFO] - alignment: tensor([64.,  2.,  0.,  0.,  0.,  0.,  0.])
[2023-11-18 14:36:39,486][__main__][INFO] - epoch: 1370
[2023-11-18 14:36:39,714][__main__][INFO] - alignment: tensor([57.,  3.,  1.,  0.,  1.,  0.,  0.])
[2023-11-18 14:36:39,714][__main__][INFO] - epoch: 1380
[2023-11-18 14:36:39,942][__main__][INFO] - alignment: tensor([56.,  3.,  1.,  0.,  0.,  1.,  1.])
[2023-11-18 14:36:39,942][__main__][INFO] - epoch: 1390
[2023-11-18 14:36:40,169][__main__][INFO] - alignment: tensor([57.,  3.,  1.,  0.,  0.,  1.,  1.])
[2023-11-18 14:36:40,169][__main__][INFO] - epoch: 1400
[2023-11-18 14:36:40,396][__main__][INFO] - alignment: tensor([53.,  4.,  1.,  0.,  1.,  1.,  1.])
[2023-11-18 14:36:40,396][__main__][INFO] - epoch: 1410
[2023-11-18 14:36:40,624][__main__][INFO] - alignment: tensor([52.,  3.,  1.,  0.,  1.,  1.,  1.])
[2023-11-18 14:36:40,625][__main__][INFO] - epoch: 1420
[2023-11-18 14:36:40,855][__main__][INFO] - alignment: tensor([55.,  3.,  1.,  0.,  1.,  1.,  1.])
[2023-11-18 14:36:40,855][__main__][INFO] - epoch: 1430
[2023-11-18 14:36:41,082][__main__][INFO] - alignment: tensor([57.,  3.,  1.,  0.,  1.,  1.,  1.])
[2023-11-18 14:36:41,082][__main__][INFO] - epoch: 1440
[2023-11-18 14:36:41,313][__main__][INFO] - alignment: tensor([53.,  3.,  1.,  0.,  1.,  1.,  1.])
[2023-11-18 14:36:41,313][__main__][INFO] - epoch: 1450
[2023-11-18 14:36:41,539][__main__][INFO] - alignment: tensor([52.,  3.,  1.,  0.,  1.,  3.,  1.])
[2023-11-18 14:36:41,539][__main__][INFO] - epoch: 1460
[2023-11-18 14:36:41,770][__main__][INFO] - alignment: tensor([53.,  2.,  1.,  0.,  1.,  3.,  1.])
[2023-11-18 14:36:41,770][__main__][INFO] - epoch: 1470
[2023-11-18 14:36:41,997][__main__][INFO] - alignment: tensor([52.,  2.,  1.,  0.,  1.,  3.,  1.])
[2023-11-18 14:36:41,997][__main__][INFO] - epoch: 1480
[2023-11-18 14:36:42,227][__main__][INFO] - alignment: tensor([52.,  2.,  1.,  0.,  1.,  3.,  1.])
[2023-11-18 14:36:42,227][__main__][INFO] - epoch: 1490
[2023-11-18 14:36:42,457][__main__][INFO] - alignment: tensor([51.,  3.,  1.,  0.,  1.,  2.,  1.])
[2023-11-18 14:36:42,538][__main__][INFO] - Training losses plot: train_losses.png
[2023-11-18 14:36:42,625][__main__][INFO] - Accuracies plot: accuracies.png
