[2023-11-19 19:44:20,494][hydra.utils][INFO] - Logging from main
[2023-11-19 20:26:12,556][__main__][INFO] - Model weights saved at: model.pt
[2023-11-19 20:26:12,609][__main__][INFO] - Training accuracy: 0.9996388888888889
[2023-11-19 20:26:12,609][__main__][INFO] - Testing accuracy: 0.877
[2023-11-19 20:26:12,609][__main__][INFO] - feat_thresh: 0.1
[2023-11-19 20:26:12,609][__main__][INFO] - epoch: 0
[2023-11-19 20:26:15,467][__main__][INFO] - alignment: tensor([0., 0., 0., 0., 0., 0., 0., 0., 0., 0., 0., 0., 0., 0., 0.])
[2023-11-19 20:26:15,467][__main__][INFO] - epoch: 10
[2023-11-19 20:26:18,349][__main__][INFO] - alignment: tensor([0., 0., 0., 0., 0., 0., 0., 0., 0., 0., 0., 0., 0., 0., 0.])
[2023-11-19 20:26:18,349][__main__][INFO] - epoch: 20
[2023-11-19 20:26:21,237][__main__][INFO] - alignment: tensor([0., 0., 0., 0., 0., 0., 0., 0., 0., 0., 0., 0., 0., 0., 0.])
[2023-11-19 20:26:21,237][__main__][INFO] - epoch: 30
[2023-11-19 20:26:23,884][__main__][INFO] - alignment: tensor([0., 0., 0., 0., 0., 0., 0., 0., 0., 0., 0., 0., 0., 0., 0.])
[2023-11-19 20:26:23,884][__main__][INFO] - epoch: 40
[2023-11-19 20:26:26,711][__main__][INFO] - alignment: tensor([0., 0., 0., 0., 0., 0., 0., 0., 0., 0., 0., 0., 0., 0., 0.])
[2023-11-19 20:26:26,711][__main__][INFO] - epoch: 50
[2023-11-19 20:26:29,500][__main__][INFO] - alignment: tensor([0., 0., 0., 0., 0., 0., 0., 0., 0., 0., 0., 0., 0., 0., 0.])
[2023-11-19 20:26:29,500][__main__][INFO] - epoch: 60
[2023-11-19 20:26:32,210][__main__][INFO] - alignment: tensor([0., 0., 0., 0., 0., 0., 0., 0., 0., 0., 0., 0., 0., 0., 0.])
[2023-11-19 20:26:32,211][__main__][INFO] - epoch: 70
[2023-11-19 20:26:34,943][__main__][INFO] - alignment: tensor([0., 0., 0., 0., 0., 0., 0., 0., 0., 0., 0., 0., 0., 0., 0.])
[2023-11-19 20:26:34,943][__main__][INFO] - epoch: 80
[2023-11-19 20:26:37,703][__main__][INFO] - alignment: tensor([0., 0., 0., 0., 0., 0., 0., 0., 0., 0., 0., 0., 0., 0., 0.])
[2023-11-19 20:26:37,703][__main__][INFO] - epoch: 90
[2023-11-19 20:26:40,367][__main__][INFO] - alignment: tensor([0., 0., 0., 0., 0., 0., 0., 0., 0., 0., 0., 0., 0., 0., 0.])
[2023-11-19 20:26:40,367][__main__][INFO] - epoch: 100
[2023-11-19 20:26:42,966][__main__][INFO] - alignment: tensor([0., 0., 0., 0., 0., 0., 0., 0., 0., 0., 0., 0., 0., 0., 0.])
[2023-11-19 20:26:42,966][__main__][INFO] - epoch: 110
[2023-11-19 20:26:45,652][__main__][INFO] - alignment: tensor([0., 0., 0., 0., 0., 0., 0., 0., 0., 0., 0., 0., 0., 0., 0.])
[2023-11-19 20:26:45,653][__main__][INFO] - epoch: 120
[2023-11-19 20:26:48,333][__main__][INFO] - alignment: tensor([0., 0., 0., 0., 0., 0., 0., 0., 0., 0., 0., 0., 0., 0., 0.])
[2023-11-19 20:26:48,333][__main__][INFO] - epoch: 130
[2023-11-19 20:26:50,974][__main__][INFO] - alignment: tensor([0., 0., 0., 0., 0., 0., 0., 0., 0., 0., 0., 0., 0., 0., 0.])
[2023-11-19 20:26:50,974][__main__][INFO] - epoch: 140
[2023-11-19 20:26:53,780][__main__][INFO] - alignment: tensor([0., 0., 0., 0., 0., 0., 0., 0., 0., 0., 0., 0., 0., 0., 0.])
[2023-11-19 20:26:53,781][__main__][INFO] - epoch: 150
[2023-11-19 20:26:56,472][__main__][INFO] - alignment: tensor([0., 0., 0., 0., 0., 0., 0., 0., 0., 0., 0., 0., 0., 0., 0.])
[2023-11-19 20:26:56,473][__main__][INFO] - epoch: 160
[2023-11-19 20:26:59,157][__main__][INFO] - alignment: tensor([0., 0., 0., 0., 0., 0., 0., 0., 0., 0., 0., 0., 0., 0., 0.])
[2023-11-19 20:26:59,157][__main__][INFO] - epoch: 170
[2023-11-19 20:27:01,760][__main__][INFO] - alignment: tensor([0., 0., 0., 0., 0., 0., 0., 0., 0., 0., 0., 0., 0., 0., 0.])
[2023-11-19 20:27:01,761][__main__][INFO] - epoch: 180
[2023-11-19 20:27:04,331][__main__][INFO] - alignment: tensor([0., 0., 0., 0., 0., 0., 0., 0., 0., 0., 0., 0., 0., 0., 0.])
[2023-11-19 20:27:04,332][__main__][INFO] - epoch: 190
[2023-11-19 20:27:06,910][__main__][INFO] - alignment: tensor([0., 0., 0., 0., 0., 0., 0., 0., 0., 0., 0., 0., 0., 0., 0.])
[2023-11-19 20:27:06,910][__main__][INFO] - epoch: 200
[2023-11-19 20:27:09,497][__main__][INFO] - alignment: tensor([0., 0., 0., 0., 0., 0., 0., 0., 0., 0., 0., 0., 0., 0., 0.])
[2023-11-19 20:27:09,497][__main__][INFO] - epoch: 210
[2023-11-19 20:27:12,164][__main__][INFO] - alignment: tensor([0., 0., 0., 0., 0., 0., 0., 0., 0., 0., 0., 0., 0., 0., 0.])
[2023-11-19 20:27:12,164][__main__][INFO] - epoch: 220
[2023-11-19 20:27:14,830][__main__][INFO] - alignment: tensor([0., 0., 0., 0., 0., 0., 0., 0., 0., 0., 0., 0., 0., 0., 0.])
[2023-11-19 20:27:14,830][__main__][INFO] - epoch: 230
[2023-11-19 20:27:17,563][__main__][INFO] - alignment: tensor([0., 0., 0., 0., 0., 0., 0., 0., 0., 0., 0., 0., 0., 0., 0.])
[2023-11-19 20:27:17,563][__main__][INFO] - epoch: 240
[2023-11-19 20:27:20,201][__main__][INFO] - alignment: tensor([1., 0., 0., 0., 0., 0., 0., 0., 0., 0., 0., 0., 0., 0., 0.])
[2023-11-19 20:27:20,201][__main__][INFO] - epoch: 250
[2023-11-19 20:27:22,843][__main__][INFO] - alignment: tensor([1., 0., 0., 0., 0., 0., 0., 0., 0., 0., 0., 0., 0., 0., 0.])
[2023-11-19 20:27:22,844][__main__][INFO] - epoch: 260
[2023-11-19 20:27:25,415][__main__][INFO] - alignment: tensor([1., 0., 0., 0., 0., 0., 0., 0., 0., 0., 0., 0., 0., 0., 0.])
[2023-11-19 20:27:25,415][__main__][INFO] - epoch: 270
[2023-11-19 20:27:28,029][__main__][INFO] - alignment: tensor([1., 0., 0., 0., 0., 0., 0., 0., 0., 0., 0., 0., 0., 0., 0.])
[2023-11-19 20:27:28,029][__main__][INFO] - epoch: 280
[2023-11-19 20:27:30,784][__main__][INFO] - alignment: tensor([1., 0., 0., 0., 0., 0., 0., 0., 0., 0., 0., 0., 0., 0., 0.])
[2023-11-19 20:27:30,784][__main__][INFO] - epoch: 290
[2023-11-19 20:27:33,451][__main__][INFO] - alignment: tensor([2., 0., 0., 0., 0., 0., 0., 0., 0., 0., 0., 0., 0., 0., 0.])
[2023-11-19 20:27:33,451][__main__][INFO] - epoch: 300
[2023-11-19 20:27:36,104][__main__][INFO] - alignment: tensor([1., 0., 0., 0., 0., 0., 0., 0., 0., 0., 0., 0., 0., 0., 0.])
[2023-11-19 20:27:36,104][__main__][INFO] - epoch: 310
[2023-11-19 20:27:38,833][__main__][INFO] - alignment: tensor([2., 0., 0., 0., 0., 0., 0., 0., 0., 0., 0., 0., 0., 0., 0.])
[2023-11-19 20:27:38,833][__main__][INFO] - epoch: 320
[2023-11-19 20:27:41,413][__main__][INFO] - alignment: tensor([3., 0., 0., 0., 0., 0., 0., 0., 0., 0., 0., 0., 0., 0., 0.])
[2023-11-19 20:27:41,413][__main__][INFO] - epoch: 330
[2023-11-19 20:27:44,189][__main__][INFO] - alignment: tensor([3., 0., 0., 0., 0., 0., 0., 0., 0., 0., 0., 0., 0., 0., 0.])
[2023-11-19 20:27:44,189][__main__][INFO] - epoch: 340
[2023-11-19 20:27:46,815][__main__][INFO] - alignment: tensor([2., 0., 0., 0., 0., 0., 0., 0., 0., 0., 0., 0., 0., 0., 0.])
[2023-11-19 20:27:46,815][__main__][INFO] - epoch: 350
[2023-11-19 20:27:49,374][__main__][INFO] - alignment: tensor([5., 0., 0., 0., 0., 0., 0., 0., 0., 0., 0., 0., 0., 0., 0.])
[2023-11-19 20:27:49,374][__main__][INFO] - epoch: 360
[2023-11-19 20:27:51,993][__main__][INFO] - alignment: tensor([6., 0., 0., 0., 0., 0., 0., 0., 0., 0., 0., 0., 0., 0., 0.])
[2023-11-19 20:27:51,993][__main__][INFO] - epoch: 370
[2023-11-19 20:27:54,608][__main__][INFO] - alignment: tensor([6., 0., 0., 0., 0., 0., 0., 0., 0., 0., 0., 0., 0., 0., 0.])
[2023-11-19 20:27:54,608][__main__][INFO] - epoch: 380
[2023-11-19 20:27:57,316][__main__][INFO] - alignment: tensor([10.,  0.,  0.,  0.,  0.,  0.,  0.,  0.,  0.,  0.,  0.,  0.,  0.,  0.,
         0.])
[2023-11-19 20:27:57,317][__main__][INFO] - epoch: 390
[2023-11-19 20:28:00,076][__main__][INFO] - alignment: tensor([12.,  0.,  0.,  0.,  0.,  0.,  0.,  0.,  0.,  0.,  0.,  0.,  0.,  0.,
         0.])
[2023-11-19 20:28:00,076][__main__][INFO] - epoch: 400
[2023-11-19 20:28:02,744][__main__][INFO] - alignment: tensor([13.,  0.,  0.,  0.,  0.,  0.,  0.,  0.,  0.,  0.,  0.,  0.,  0.,  0.,
         0.])
[2023-11-19 20:28:02,744][__main__][INFO] - epoch: 410
[2023-11-19 20:28:05,328][__main__][INFO] - alignment: tensor([12.,  0.,  1.,  0.,  0.,  0.,  0.,  0.,  0.,  0.,  0.,  0.,  0.,  1.,
         0.])
[2023-11-19 20:28:05,329][__main__][INFO] - epoch: 420
[2023-11-19 20:28:08,112][__main__][INFO] - alignment: tensor([13.,  0.,  1.,  0.,  0.,  0.,  0.,  0.,  0.,  0.,  0.,  0.,  0.,  1.,
         0.])
[2023-11-19 20:28:08,112][__main__][INFO] - epoch: 430
[2023-11-19 20:28:10,768][__main__][INFO] - alignment: tensor([12.,  1.,  1.,  0.,  0.,  0.,  0.,  0.,  0.,  0.,  0.,  0.,  0.,  1.,
         0.])
[2023-11-19 20:28:10,768][__main__][INFO] - epoch: 440
[2023-11-19 20:28:13,533][__main__][INFO] - alignment: tensor([6., 1., 1., 0., 0., 0., 0., 0., 0., 0., 0., 0., 0., 1., 0.])
[2023-11-19 20:28:13,533][__main__][INFO] - epoch: 450
[2023-11-19 20:28:16,123][__main__][INFO] - alignment: tensor([5., 1., 1., 0., 0., 0., 0., 0., 0., 0., 0., 0., 0., 1., 0.])
[2023-11-19 20:28:16,123][__main__][INFO] - epoch: 460
[2023-11-19 20:28:18,785][__main__][INFO] - alignment: tensor([4., 1., 1., 0., 0., 0., 0., 0., 0., 0., 0., 0., 0., 1., 0.])
[2023-11-19 20:28:18,785][__main__][INFO] - epoch: 470
[2023-11-19 20:28:21,517][__main__][INFO] - alignment: tensor([3., 1., 1., 0., 0., 0., 0., 0., 0., 0., 0., 0., 0., 1., 0.])
[2023-11-19 20:28:21,517][__main__][INFO] - epoch: 480
[2023-11-19 20:28:24,149][__main__][INFO] - alignment: tensor([2., 1., 1., 0., 0., 0., 0., 0., 0., 0., 0., 0., 0., 1., 0.])
[2023-11-19 20:28:24,149][__main__][INFO] - epoch: 490
[2023-11-19 20:28:26,849][__main__][INFO] - alignment: tensor([2., 1., 1., 0., 0., 0., 0., 0., 0., 0., 1., 0., 0., 1., 0.])
[2023-11-19 20:28:26,849][__main__][INFO] - epoch: 500
[2023-11-19 20:28:29,573][__main__][INFO] - alignment: tensor([2., 1., 1., 0., 0., 0., 0., 0., 0., 0., 1., 0., 0., 1., 0.])
[2023-11-19 20:28:29,573][__main__][INFO] - epoch: 510
[2023-11-19 20:28:32,220][__main__][INFO] - alignment: tensor([2., 1., 1., 0., 0., 0., 0., 0., 0., 0., 1., 0., 0., 1., 0.])
[2023-11-19 20:28:32,220][__main__][INFO] - epoch: 520
[2023-11-19 20:28:35,084][__main__][INFO] - alignment: tensor([3., 1., 1., 0., 0., 0., 0., 0., 0., 0., 1., 0., 0., 1., 0.])
[2023-11-19 20:28:35,084][__main__][INFO] - epoch: 530
[2023-11-19 20:28:37,723][__main__][INFO] - alignment: tensor([2., 1., 1., 0., 0., 0., 0., 0., 0., 0., 1., 0., 0., 1., 0.])
[2023-11-19 20:28:37,723][__main__][INFO] - epoch: 540
[2023-11-19 20:28:40,483][__main__][INFO] - alignment: tensor([2., 1., 1., 0., 0., 0., 0., 0., 0., 0., 1., 0., 0., 0., 0.])
[2023-11-19 20:28:40,483][__main__][INFO] - epoch: 550
[2023-11-19 20:28:43,188][__main__][INFO] - alignment: tensor([2., 1., 1., 0., 0., 0., 0., 0., 0., 0., 1., 0., 0., 1., 0.])
[2023-11-19 20:28:43,188][__main__][INFO] - epoch: 560
[2023-11-19 20:28:45,943][__main__][INFO] - alignment: tensor([2., 1., 1., 0., 0., 0., 0., 0., 0., 0., 1., 0., 0., 1., 0.])
[2023-11-19 20:28:45,943][__main__][INFO] - epoch: 570
[2023-11-19 20:28:48,810][__main__][INFO] - alignment: tensor([2., 1., 1., 0., 0., 0., 0., 0., 0., 0., 1., 0., 0., 1., 0.])
[2023-11-19 20:28:48,810][__main__][INFO] - epoch: 580
[2023-11-19 20:28:51,484][__main__][INFO] - alignment: tensor([2., 1., 1., 0., 0., 0., 0., 0., 0., 0., 1., 0., 0., 1., 0.])
[2023-11-19 20:28:51,484][__main__][INFO] - feat_thresh: 0.2
[2023-11-19 20:28:51,484][__main__][INFO] - epoch: 0
[2023-11-19 20:28:54,220][__main__][INFO] - alignment: tensor([0., 0., 0., 0., 0., 0., 0., 0., 0., 0., 0., 0., 0., 0., 0.])
[2023-11-19 20:28:54,220][__main__][INFO] - epoch: 10
[2023-11-19 20:28:56,994][__main__][INFO] - alignment: tensor([0., 0., 0., 0., 0., 0., 0., 0., 0., 0., 0., 0., 0., 0., 0.])
[2023-11-19 20:28:56,994][__main__][INFO] - epoch: 20
[2023-11-19 20:28:59,759][__main__][INFO] - alignment: tensor([0., 0., 0., 0., 0., 0., 0., 0., 0., 0., 0., 0., 0., 0., 0.])
[2023-11-19 20:28:59,760][__main__][INFO] - epoch: 30
[2023-11-19 20:29:02,665][__main__][INFO] - alignment: tensor([0., 0., 0., 0., 0., 0., 0., 0., 0., 0., 0., 0., 0., 0., 0.])
[2023-11-19 20:29:02,666][__main__][INFO] - epoch: 40
[2023-11-19 20:29:05,397][__main__][INFO] - alignment: tensor([0., 0., 0., 0., 0., 0., 0., 0., 0., 0., 0., 0., 0., 0., 0.])
[2023-11-19 20:29:05,398][__main__][INFO] - epoch: 50
[2023-11-19 20:29:08,193][__main__][INFO] - alignment: tensor([0., 0., 0., 0., 0., 0., 0., 0., 0., 0., 0., 0., 0., 0., 0.])
[2023-11-19 20:29:08,193][__main__][INFO] - epoch: 60
[2023-11-19 20:29:10,945][__main__][INFO] - alignment: tensor([0., 0., 0., 0., 0., 0., 0., 0., 0., 0., 0., 0., 0., 0., 0.])
[2023-11-19 20:29:10,945][__main__][INFO] - epoch: 70
[2023-11-19 20:29:13,738][__main__][INFO] - alignment: tensor([0., 0., 0., 0., 0., 0., 0., 0., 0., 0., 0., 0., 0., 0., 0.])
[2023-11-19 20:29:13,738][__main__][INFO] - epoch: 80
[2023-11-19 20:29:16,781][__main__][INFO] - alignment: tensor([0., 0., 0., 0., 0., 0., 0., 0., 0., 0., 0., 0., 0., 0., 0.])
[2023-11-19 20:29:16,781][__main__][INFO] - epoch: 90
[2023-11-19 20:29:19,855][__main__][INFO] - alignment: tensor([0., 0., 0., 0., 0., 0., 0., 0., 0., 0., 0., 0., 0., 0., 0.])
[2023-11-19 20:29:19,855][__main__][INFO] - epoch: 100
[2023-11-19 20:29:22,639][__main__][INFO] - alignment: tensor([0., 0., 0., 0., 0., 0., 0., 0., 0., 0., 0., 0., 0., 0., 0.])
[2023-11-19 20:29:22,639][__main__][INFO] - epoch: 110
[2023-11-19 20:29:25,411][__main__][INFO] - alignment: tensor([0., 0., 0., 0., 0., 0., 0., 0., 0., 0., 0., 0., 0., 0., 0.])
[2023-11-19 20:29:25,411][__main__][INFO] - epoch: 120
[2023-11-19 20:29:28,198][__main__][INFO] - alignment: tensor([0., 0., 0., 0., 0., 0., 0., 0., 0., 0., 0., 0., 0., 0., 0.])
[2023-11-19 20:29:28,198][__main__][INFO] - epoch: 130
[2023-11-19 20:29:30,971][__main__][INFO] - alignment: tensor([0., 0., 0., 0., 0., 0., 0., 0., 0., 0., 0., 0., 0., 0., 0.])
[2023-11-19 20:29:30,971][__main__][INFO] - epoch: 140
[2023-11-19 20:29:33,634][__main__][INFO] - alignment: tensor([0., 0., 0., 0., 0., 0., 0., 0., 0., 0., 0., 0., 0., 0., 0.])
[2023-11-19 20:29:33,634][__main__][INFO] - epoch: 150
[2023-11-19 20:29:36,390][__main__][INFO] - alignment: tensor([0., 0., 0., 0., 0., 0., 0., 0., 0., 0., 0., 0., 0., 0., 0.])
[2023-11-19 20:29:36,391][__main__][INFO] - epoch: 160
[2023-11-19 20:29:39,227][__main__][INFO] - alignment: tensor([0., 0., 0., 0., 0., 0., 0., 0., 0., 0., 0., 0., 0., 0., 0.])
[2023-11-19 20:29:39,228][__main__][INFO] - epoch: 170
[2023-11-19 20:29:41,973][__main__][INFO] - alignment: tensor([0., 0., 0., 0., 0., 0., 0., 0., 0., 0., 0., 0., 0., 0., 0.])
[2023-11-19 20:29:41,973][__main__][INFO] - epoch: 180
[2023-11-19 20:29:44,649][__main__][INFO] - alignment: tensor([0., 0., 0., 0., 0., 0., 0., 0., 0., 0., 0., 0., 0., 0., 0.])
[2023-11-19 20:29:44,649][__main__][INFO] - epoch: 190
[2023-11-19 20:29:47,439][__main__][INFO] - alignment: tensor([0., 0., 0., 0., 0., 0., 0., 0., 0., 0., 0., 0., 0., 0., 0.])
[2023-11-19 20:29:47,440][__main__][INFO] - epoch: 200
[2023-11-19 20:29:50,158][__main__][INFO] - alignment: tensor([0., 0., 0., 0., 0., 0., 0., 0., 0., 0., 0., 0., 0., 0., 0.])
[2023-11-19 20:29:50,158][__main__][INFO] - epoch: 210
[2023-11-19 20:29:52,997][__main__][INFO] - alignment: tensor([0., 0., 0., 0., 0., 0., 0., 0., 0., 0., 0., 0., 0., 0., 0.])
[2023-11-19 20:29:52,997][__main__][INFO] - epoch: 220
[2023-11-19 20:29:55,612][__main__][INFO] - alignment: tensor([0., 0., 0., 0., 0., 0., 0., 0., 0., 0., 0., 0., 0., 0., 0.])
[2023-11-19 20:29:55,612][__main__][INFO] - epoch: 230
[2023-11-19 20:29:58,356][__main__][INFO] - alignment: tensor([2., 0., 0., 0., 0., 0., 0., 0., 0., 0., 0., 0., 0., 0., 0.])
[2023-11-19 20:29:58,356][__main__][INFO] - epoch: 240
[2023-11-19 20:30:01,111][__main__][INFO] - alignment: tensor([3., 0., 0., 0., 0., 0., 0., 0., 0., 0., 0., 0., 0., 0., 0.])
[2023-11-19 20:30:01,112][__main__][INFO] - epoch: 250
[2023-11-19 20:30:03,884][__main__][INFO] - alignment: tensor([7., 0., 0., 0., 0., 0., 0., 0., 0., 0., 0., 0., 0., 0., 0.])
[2023-11-19 20:30:03,884][__main__][INFO] - epoch: 260
[2023-11-19 20:30:06,539][__main__][INFO] - alignment: tensor([24.,  0.,  0.,  0.,  0.,  0.,  0.,  0.,  0.,  0.,  0.,  0.,  0.,  0.,
         0.])
[2023-11-19 20:30:06,539][__main__][INFO] - epoch: 270
[2023-11-19 20:30:09,252][__main__][INFO] - alignment: tensor([35.,  0.,  0.,  0.,  0.,  0.,  0.,  0.,  0.,  0.,  0.,  0.,  0.,  0.,
         0.])
[2023-11-19 20:30:09,253][__main__][INFO] - epoch: 280
[2023-11-19 20:30:11,917][__main__][INFO] - alignment: tensor([42.,  0.,  0.,  0.,  0.,  0.,  0.,  0.,  0.,  0.,  0.,  0.,  0.,  0.,
         0.])
[2023-11-19 20:30:11,917][__main__][INFO] - epoch: 290
[2023-11-19 20:30:14,539][__main__][INFO] - alignment: tensor([48.,  0.,  0.,  0.,  0.,  0.,  0.,  0.,  0.,  0.,  0.,  0.,  0.,  0.,
         0.])
[2023-11-19 20:30:14,539][__main__][INFO] - epoch: 300
[2023-11-19 20:30:17,578][__main__][INFO] - alignment: tensor([58.,  0.,  0.,  0.,  0.,  0.,  0.,  0.,  0.,  0.,  0.,  0.,  0.,  0.,
         0.])
[2023-11-19 20:30:17,578][__main__][INFO] - epoch: 310
[2023-11-19 20:30:20,357][__main__][INFO] - alignment: tensor([65.,  0.,  0.,  0.,  0.,  0.,  0.,  0.,  0.,  0.,  0.,  0.,  0.,  0.,
         0.])
[2023-11-19 20:30:20,357][__main__][INFO] - epoch: 320
[2023-11-19 20:30:23,090][__main__][INFO] - alignment: tensor([75.,  0.,  0.,  0.,  0.,  0.,  0.,  0.,  0.,  0.,  0.,  0.,  0.,  0.,
         0.])
[2023-11-19 20:30:23,091][__main__][INFO] - epoch: 330
[2023-11-19 20:30:25,981][__main__][INFO] - alignment: tensor([72.,  0.,  0.,  0.,  0.,  0.,  0.,  0.,  0.,  0.,  0.,  0.,  0.,  0.,
         0.])
[2023-11-19 20:30:25,982][__main__][INFO] - epoch: 340
[2023-11-19 20:30:28,578][__main__][INFO] - alignment: tensor([92.,  0.,  0.,  0.,  0.,  0.,  0.,  0.,  0.,  0.,  0.,  0.,  0.,  0.,
         0.])
[2023-11-19 20:30:28,578][__main__][INFO] - epoch: 350
[2023-11-19 20:30:31,216][__main__][INFO] - alignment: tensor([96.,  0.,  0.,  0.,  0.,  0.,  0.,  0.,  0.,  0.,  0.,  0.,  0.,  0.,
         0.])
[2023-11-19 20:30:31,216][__main__][INFO] - epoch: 360
[2023-11-19 20:30:33,856][__main__][INFO] - alignment: tensor([105.,   0.,   0.,   0.,   0.,   0.,   0.,   0.,   0.,   0.,   0.,   0.,
          0.,   0.,   0.])
[2023-11-19 20:30:33,857][__main__][INFO] - epoch: 370
[2023-11-19 20:30:36,557][__main__][INFO] - alignment: tensor([112.,   0.,   0.,   0.,   0.,   0.,   0.,   0.,   0.,   0.,   0.,   0.,
          0.,   0.,   0.])
[2023-11-19 20:30:36,558][__main__][INFO] - epoch: 380
[2023-11-19 20:30:39,354][__main__][INFO] - alignment: tensor([101.,   0.,   0.,   0.,   0.,   0.,   0.,   0.,   0.,   0.,   0.,   0.,
          0.,   0.,   0.])
[2023-11-19 20:30:39,354][__main__][INFO] - epoch: 390
[2023-11-19 20:30:42,533][__main__][INFO] - alignment: tensor([88.,  0.,  0.,  0.,  0.,  0.,  0.,  0.,  0.,  0.,  0.,  0.,  0.,  1.,
         0.])
[2023-11-19 20:30:42,533][__main__][INFO] - epoch: 400
[2023-11-19 20:30:45,141][__main__][INFO] - alignment: tensor([79.,  1.,  1.,  0.,  0.,  0.,  0.,  0.,  0.,  0.,  0.,  0.,  0.,  1.,
         0.])
[2023-11-19 20:30:45,142][__main__][INFO] - epoch: 410
[2023-11-19 20:30:47,861][__main__][INFO] - alignment: tensor([66.,  1.,  1.,  0.,  0.,  0.,  0.,  0.,  0.,  0.,  0.,  0.,  0.,  1.,
         0.])
[2023-11-19 20:30:47,861][__main__][INFO] - epoch: 420
[2023-11-19 20:30:50,562][__main__][INFO] - alignment: tensor([59.,  1.,  1.,  0.,  0.,  0.,  0.,  0.,  0.,  0.,  0.,  0.,  0.,  1.,
         0.])
[2023-11-19 20:30:50,562][__main__][INFO] - epoch: 430
[2023-11-19 20:30:53,250][__main__][INFO] - alignment: tensor([50.,  1.,  1.,  1.,  0.,  0.,  0.,  0.,  0.,  0.,  0.,  0.,  0.,  1.,
         0.])
[2023-11-19 20:30:53,250][__main__][INFO] - epoch: 440
[2023-11-19 20:30:55,849][__main__][INFO] - alignment: tensor([37.,  1.,  1.,  1.,  0.,  0.,  0.,  0.,  0.,  0.,  0.,  0.,  0.,  1.,
         0.])
[2023-11-19 20:30:55,849][__main__][INFO] - epoch: 450
[2023-11-19 20:30:58,643][__main__][INFO] - alignment: tensor([24.,  1.,  1.,  1.,  0.,  0.,  0.,  0.,  0.,  0.,  0.,  0.,  0.,  1.,
         0.])
[2023-11-19 20:30:58,643][__main__][INFO] - epoch: 460
[2023-11-19 20:31:01,634][__main__][INFO] - alignment: tensor([21.,  1.,  1.,  1.,  0.,  0.,  0.,  0.,  0.,  0.,  1.,  0.,  0.,  1.,
         0.])
[2023-11-19 20:31:01,634][__main__][INFO] - epoch: 470
[2023-11-19 20:31:04,489][__main__][INFO] - alignment: tensor([15.,  1.,  1.,  1.,  0.,  0.,  0.,  0.,  0.,  0.,  1.,  0.,  0.,  1.,
         0.])
[2023-11-19 20:31:04,489][__main__][INFO] - epoch: 480
[2023-11-19 20:31:07,272][__main__][INFO] - alignment: tensor([10.,  1.,  1.,  1.,  0.,  0.,  0.,  0.,  0.,  0.,  1.,  0.,  1.,  1.,
         0.])
[2023-11-19 20:31:07,272][__main__][INFO] - epoch: 490
[2023-11-19 20:31:10,115][__main__][INFO] - alignment: tensor([11.,  1.,  1.,  1.,  0.,  0.,  0.,  0.,  1.,  0.,  1.,  0.,  1.,  1.,
         0.])
[2023-11-19 20:31:10,115][__main__][INFO] - epoch: 500
[2023-11-19 20:31:12,856][__main__][INFO] - alignment: tensor([9., 1., 1., 1., 0., 0., 0., 0., 1., 0., 1., 0., 1., 1., 0.])
[2023-11-19 20:31:12,856][__main__][INFO] - epoch: 510
[2023-11-19 20:31:15,655][__main__][INFO] - alignment: tensor([8., 1., 1., 1., 0., 0., 0., 0., 1., 0., 1., 0., 1., 1., 0.])
[2023-11-19 20:31:15,655][__main__][INFO] - epoch: 520
[2023-11-19 20:31:18,457][__main__][INFO] - alignment: tensor([8., 1., 1., 1., 0., 0., 0., 0., 1., 0., 1., 0., 1., 1., 0.])
[2023-11-19 20:31:18,457][__main__][INFO] - epoch: 530
[2023-11-19 20:31:21,182][__main__][INFO] - alignment: tensor([9., 1., 2., 1., 0., 0., 0., 0., 1., 0., 1., 0., 1., 1., 0.])
[2023-11-19 20:31:21,182][__main__][INFO] - epoch: 540
[2023-11-19 20:31:23,870][__main__][INFO] - alignment: tensor([9., 1., 2., 1., 0., 0., 0., 0., 1., 0., 1., 0., 1., 1., 0.])
[2023-11-19 20:31:23,871][__main__][INFO] - epoch: 550
[2023-11-19 20:31:26,829][__main__][INFO] - alignment: tensor([9., 1., 2., 1., 0., 0., 0., 0., 1., 0., 1., 0., 1., 1., 0.])
[2023-11-19 20:31:26,829][__main__][INFO] - epoch: 560
[2023-11-19 20:31:29,851][__main__][INFO] - alignment: tensor([9., 1., 2., 1., 0., 0., 0., 0., 1., 0., 1., 0., 1., 1., 0.])
[2023-11-19 20:31:29,851][__main__][INFO] - epoch: 570
[2023-11-19 20:31:32,549][__main__][INFO] - alignment: tensor([9., 1., 2., 1., 0., 0., 0., 0., 1., 0., 1., 0., 1., 1., 0.])
[2023-11-19 20:31:32,549][__main__][INFO] - epoch: 580
[2023-11-19 20:31:35,549][__main__][INFO] - alignment: tensor([9., 1., 2., 1., 0., 0., 0., 0., 1., 0., 1., 0., 1., 1., 0.])
[2023-11-19 20:31:35,549][__main__][INFO] - feat_thresh: 0.3
[2023-11-19 20:31:35,549][__main__][INFO] - epoch: 0
[2023-11-19 20:31:38,214][__main__][INFO] - alignment: tensor([0., 0., 0., 0., 0., 0., 0., 0., 0., 0., 0., 0., 0., 0., 0.])
[2023-11-19 20:31:38,214][__main__][INFO] - epoch: 10
[2023-11-19 20:31:41,115][__main__][INFO] - alignment: tensor([0., 0., 0., 0., 0., 0., 0., 0., 0., 0., 0., 0., 0., 0., 0.])
[2023-11-19 20:31:41,115][__main__][INFO] - epoch: 20
[2023-11-19 20:31:43,783][__main__][INFO] - alignment: tensor([0., 0., 0., 0., 0., 0., 0., 0., 0., 0., 0., 0., 0., 0., 0.])
[2023-11-19 20:31:43,783][__main__][INFO] - epoch: 30
[2023-11-19 20:31:46,430][__main__][INFO] - alignment: tensor([0., 0., 0., 0., 0., 0., 0., 0., 0., 0., 0., 0., 0., 0., 0.])
[2023-11-19 20:31:46,431][__main__][INFO] - epoch: 40
[2023-11-19 20:31:49,008][__main__][INFO] - alignment: tensor([0., 0., 0., 0., 0., 0., 0., 0., 0., 0., 0., 0., 0., 0., 0.])
[2023-11-19 20:31:49,008][__main__][INFO] - epoch: 50
[2023-11-19 20:31:51,668][__main__][INFO] - alignment: tensor([0., 0., 0., 0., 0., 0., 0., 0., 0., 0., 0., 0., 0., 0., 0.])
[2023-11-19 20:31:51,669][__main__][INFO] - epoch: 60
[2023-11-19 20:31:54,242][__main__][INFO] - alignment: tensor([0., 0., 0., 0., 0., 0., 0., 0., 0., 0., 0., 0., 0., 0., 0.])
[2023-11-19 20:31:54,242][__main__][INFO] - epoch: 70
[2023-11-19 20:31:56,844][__main__][INFO] - alignment: tensor([0., 0., 0., 0., 0., 0., 0., 0., 0., 0., 0., 0., 0., 0., 0.])
[2023-11-19 20:31:56,844][__main__][INFO] - epoch: 80
[2023-11-19 20:31:59,565][__main__][INFO] - alignment: tensor([0., 0., 0., 0., 0., 0., 0., 0., 0., 0., 0., 0., 0., 0., 0.])
[2023-11-19 20:31:59,565][__main__][INFO] - epoch: 90
[2023-11-19 20:32:02,241][__main__][INFO] - alignment: tensor([0., 0., 0., 0., 0., 0., 0., 0., 0., 0., 0., 0., 0., 0., 0.])
[2023-11-19 20:32:02,241][__main__][INFO] - epoch: 100
[2023-11-19 20:32:05,052][__main__][INFO] - alignment: tensor([0., 0., 0., 0., 0., 0., 0., 0., 0., 0., 0., 0., 0., 0., 0.])
[2023-11-19 20:32:05,053][__main__][INFO] - epoch: 110
[2023-11-19 20:32:08,238][__main__][INFO] - alignment: tensor([0., 0., 0., 0., 0., 0., 0., 0., 0., 0., 0., 0., 0., 0., 0.])
[2023-11-19 20:32:08,239][__main__][INFO] - epoch: 120
[2023-11-19 20:32:11,113][__main__][INFO] - alignment: tensor([0., 0., 0., 0., 0., 0., 0., 0., 0., 0., 0., 0., 0., 0., 0.])
[2023-11-19 20:32:11,114][__main__][INFO] - epoch: 130
[2023-11-19 20:32:13,999][__main__][INFO] - alignment: tensor([0., 0., 0., 0., 0., 0., 0., 0., 0., 0., 0., 0., 0., 0., 0.])
[2023-11-19 20:32:13,999][__main__][INFO] - epoch: 140
[2023-11-19 20:32:16,891][__main__][INFO] - alignment: tensor([0., 0., 0., 0., 0., 0., 0., 0., 0., 0., 0., 0., 0., 0., 0.])
[2023-11-19 20:32:16,891][__main__][INFO] - epoch: 150
[2023-11-19 20:32:19,702][__main__][INFO] - alignment: tensor([0., 0., 0., 0., 0., 0., 0., 0., 0., 0., 0., 0., 0., 0., 0.])
[2023-11-19 20:32:19,702][__main__][INFO] - epoch: 160
[2023-11-19 20:32:22,506][__main__][INFO] - alignment: tensor([0., 0., 0., 0., 0., 0., 0., 0., 0., 0., 0., 0., 0., 0., 0.])
[2023-11-19 20:32:22,506][__main__][INFO] - epoch: 170
[2023-11-19 20:32:25,190][__main__][INFO] - alignment: tensor([0., 0., 0., 0., 0., 0., 0., 0., 0., 0., 0., 0., 0., 0., 0.])
[2023-11-19 20:32:25,191][__main__][INFO] - epoch: 180
[2023-11-19 20:32:28,120][__main__][INFO] - alignment: tensor([0., 0., 0., 0., 0., 0., 0., 0., 0., 0., 0., 0., 0., 0., 0.])
[2023-11-19 20:32:28,120][__main__][INFO] - epoch: 190
[2023-11-19 20:32:30,851][__main__][INFO] - alignment: tensor([0., 0., 0., 0., 0., 0., 0., 0., 0., 0., 0., 0., 0., 0., 0.])
[2023-11-19 20:32:30,851][__main__][INFO] - epoch: 200
[2023-11-19 20:32:33,554][__main__][INFO] - alignment: tensor([0., 0., 0., 0., 0., 0., 0., 0., 0., 0., 0., 0., 0., 0., 0.])
[2023-11-19 20:32:33,554][__main__][INFO] - epoch: 210
[2023-11-19 20:32:36,241][__main__][INFO] - alignment: tensor([1., 0., 0., 0., 0., 0., 0., 0., 0., 0., 0., 0., 0., 0., 0.])
[2023-11-19 20:32:36,242][__main__][INFO] - epoch: 220
[2023-11-19 20:32:39,231][__main__][INFO] - alignment: tensor([5., 0., 0., 0., 0., 0., 0., 0., 0., 0., 0., 0., 0., 0., 0.])
[2023-11-19 20:32:39,231][__main__][INFO] - epoch: 230
[2023-11-19 20:32:41,932][__main__][INFO] - alignment: tensor([25.,  0.,  0.,  0.,  0.,  0.,  0.,  0.,  0.,  0.,  0.,  0.,  0.,  0.,
         0.])
[2023-11-19 20:32:41,932][__main__][INFO] - epoch: 240
[2023-11-19 20:32:44,702][__main__][INFO] - alignment: tensor([53.,  0.,  0.,  0.,  0.,  0.,  0.,  0.,  0.,  0.,  0.,  0.,  0.,  0.,
         0.])
[2023-11-19 20:32:44,702][__main__][INFO] - epoch: 250
[2023-11-19 20:32:47,374][__main__][INFO] - alignment: tensor([103.,   0.,   0.,   0.,   0.,   0.,   0.,   0.,   0.,   0.,   0.,   0.,
          0.,   0.,   0.])
[2023-11-19 20:32:47,374][__main__][INFO] - epoch: 260
[2023-11-19 20:32:50,109][__main__][INFO] - alignment: tensor([148.,   0.,   0.,   0.,   0.,   0.,   0.,   0.,   0.,   0.,   0.,   0.,
          0.,   0.,   0.])
[2023-11-19 20:32:50,110][__main__][INFO] - epoch: 270
[2023-11-19 20:32:52,839][__main__][INFO] - alignment: tensor([184.,   0.,   0.,   0.,   0.,   0.,   0.,   0.,   0.,   0.,   0.,   0.,
          0.,   0.,   0.])
[2023-11-19 20:32:52,839][__main__][INFO] - epoch: 280
[2023-11-19 20:32:55,739][__main__][INFO] - alignment: tensor([207.,   0.,   0.,   0.,   0.,   0.,   0.,   0.,   0.,   0.,   0.,   0.,
          0.,   0.,   0.])
[2023-11-19 20:32:55,739][__main__][INFO] - epoch: 290
[2023-11-19 20:32:58,614][__main__][INFO] - alignment: tensor([231.,   0.,   0.,   0.,   0.,   0.,   0.,   0.,   0.,   0.,   0.,   0.,
          0.,   0.,   0.])
[2023-11-19 20:32:58,615][__main__][INFO] - epoch: 300
[2023-11-19 20:33:01,316][__main__][INFO] - alignment: tensor([255.,   0.,   0.,   0.,   0.,   0.,   0.,   0.,   0.,   0.,   0.,   0.,
          0.,   0.,   0.])
[2023-11-19 20:33:01,316][__main__][INFO] - epoch: 310
[2023-11-19 20:33:03,941][__main__][INFO] - alignment: tensor([268.,   0.,   0.,   0.,   0.,   0.,   0.,   0.,   0.,   0.,   0.,   0.,
          0.,   0.,   0.])
[2023-11-19 20:33:03,941][__main__][INFO] - epoch: 320
[2023-11-19 20:33:06,877][__main__][INFO] - alignment: tensor([281.,   0.,   0.,   0.,   0.,   0.,   0.,   0.,   0.,   0.,   0.,   0.,
          0.,   0.,   0.])
[2023-11-19 20:33:06,877][__main__][INFO] - epoch: 330
[2023-11-19 20:33:09,826][__main__][INFO] - alignment: tensor([285.,   0.,   0.,   0.,   0.,   0.,   0.,   0.,   0.,   0.,   0.,   0.,
          0.,   0.,   0.])
[2023-11-19 20:33:09,826][__main__][INFO] - epoch: 340
[2023-11-19 20:33:12,500][__main__][INFO] - alignment: tensor([300.,   0.,   0.,   0.,   0.,   0.,   0.,   0.,   0.,   0.,   0.,   0.,
          0.,   0.,   0.])
[2023-11-19 20:33:12,500][__main__][INFO] - epoch: 350
[2023-11-19 20:33:15,208][__main__][INFO] - alignment: tensor([300.,   0.,   0.,   0.,   0.,   0.,   0.,   0.,   0.,   0.,   0.,   0.,
          0.,   0.,   0.])
[2023-11-19 20:33:15,208][__main__][INFO] - epoch: 360
[2023-11-19 20:33:18,200][__main__][INFO] - alignment: tensor([321.,   0.,   0.,   0.,   0.,   0.,   0.,   0.,   0.,   0.,   0.,   0.,
          0.,   0.,   0.])
[2023-11-19 20:33:18,200][__main__][INFO] - epoch: 370
[2023-11-19 20:33:20,914][__main__][INFO] - alignment: tensor([317.,   0.,   0.,   0.,   0.,   0.,   0.,   0.,   0.,   0.,   0.,   0.,
          0.,   0.,   0.])
[2023-11-19 20:33:20,914][__main__][INFO] - epoch: 380
[2023-11-19 20:33:23,668][__main__][INFO] - alignment: tensor([279.,   0.,   0.,   0.,   0.,   0.,   0.,   0.,   0.,   0.,   0.,   0.,
          0.,   1.,   0.])
[2023-11-19 20:33:23,668][__main__][INFO] - epoch: 390
[2023-11-19 20:33:26,498][__main__][INFO] - alignment: tensor([249.,   1.,   2.,   0.,   0.,   0.,   0.,   0.,   0.,   0.,   0.,   0.,
          0.,   1.,   0.])
[2023-11-19 20:33:26,498][__main__][INFO] - epoch: 400
[2023-11-19 20:33:29,494][__main__][INFO] - alignment: tensor([209.,   2.,   6.,   0.,   0.,   0.,   0.,   0.,   0.,   0.,   0.,   0.,
          0.,   1.,   0.])
[2023-11-19 20:33:29,494][__main__][INFO] - epoch: 410
[2023-11-19 20:33:32,482][__main__][INFO] - alignment: tensor([181.,   2.,   6.,   0.,   0.,   0.,   0.,   0.,   0.,   0.,   0.,   0.,
          0.,   1.,   0.])
[2023-11-19 20:33:32,482][__main__][INFO] - epoch: 420
[2023-11-19 20:33:35,283][__main__][INFO] - alignment: tensor([153.,   2.,   5.,   1.,   0.,   0.,   0.,   0.,   0.,   0.,   0.,   0.,
          0.,   1.,   0.])
[2023-11-19 20:33:35,283][__main__][INFO] - epoch: 430
[2023-11-19 20:33:38,166][__main__][INFO] - alignment: tensor([131.,   2.,   7.,   1.,   0.,   0.,   0.,   0.,   0.,   0.,   0.,   0.,
          0.,   1.,   0.])
[2023-11-19 20:33:38,166][__main__][INFO] - epoch: 440
[2023-11-19 20:33:41,097][__main__][INFO] - alignment: tensor([97.,  3.,  7.,  1.,  0.,  0.,  0.,  0.,  0.,  0.,  0.,  0.,  0.,  1.,
         0.])
[2023-11-19 20:33:41,098][__main__][INFO] - epoch: 450
[2023-11-19 20:33:44,013][__main__][INFO] - alignment: tensor([86.,  3.,  8.,  1.,  0.,  0.,  0.,  0.,  1.,  0.,  1.,  0.,  0.,  1.,
         0.])
[2023-11-19 20:33:44,013][__main__][INFO] - epoch: 460
[2023-11-19 20:33:46,828][__main__][INFO] - alignment: tensor([68.,  3.,  8.,  1.,  0.,  0.,  0.,  0.,  1.,  0.,  1.,  0.,  1.,  1.,
         0.])
[2023-11-19 20:33:46,828][__main__][INFO] - epoch: 470
[2023-11-19 20:33:49,614][__main__][INFO] - alignment: tensor([60.,  3., 12.,  1.,  0.,  0.,  0.,  0.,  1.,  0.,  1.,  0.,  1.,  1.,
         0.])
[2023-11-19 20:33:49,614][__main__][INFO] - epoch: 480
[2023-11-19 20:33:52,467][__main__][INFO] - alignment: tensor([51.,  3., 15.,  1.,  0.,  0.,  0.,  0.,  1.,  0.,  1.,  0.,  1.,  1.,
         0.])
[2023-11-19 20:33:52,468][__main__][INFO] - epoch: 490
[2023-11-19 20:33:55,367][__main__][INFO] - alignment: tensor([39.,  3., 17.,  1.,  0.,  0.,  0.,  0.,  1.,  0.,  1.,  0.,  1.,  1.,
         0.])
[2023-11-19 20:33:55,367][__main__][INFO] - epoch: 500
[2023-11-19 20:33:58,176][__main__][INFO] - alignment: tensor([38.,  2., 19.,  1.,  0.,  0.,  0.,  0.,  1.,  0.,  1.,  0.,  1.,  1.,
         0.])
[2023-11-19 20:33:58,176][__main__][INFO] - epoch: 510
[2023-11-19 20:34:01,021][__main__][INFO] - alignment: tensor([28.,  2., 18.,  1.,  0.,  0.,  0.,  0.,  1.,  0.,  1.,  0.,  1.,  1.,
         0.])
[2023-11-19 20:34:01,021][__main__][INFO] - epoch: 520
[2023-11-19 20:34:03,947][__main__][INFO] - alignment: tensor([26.,  2., 17.,  1.,  0.,  0.,  0.,  0.,  1.,  0.,  1.,  0.,  1.,  1.,
         0.])
[2023-11-19 20:34:03,947][__main__][INFO] - epoch: 530
[2023-11-19 20:34:06,764][__main__][INFO] - alignment: tensor([25.,  2., 15.,  1.,  0.,  0.,  0.,  0.,  1.,  0.,  1.,  0.,  1.,  1.,
         0.])
[2023-11-19 20:34:06,765][__main__][INFO] - epoch: 540
[2023-11-19 20:34:09,712][__main__][INFO] - alignment: tensor([21.,  2., 12.,  1.,  0.,  0.,  0.,  0.,  1.,  0.,  1.,  0.,  1.,  1.,
         0.])
[2023-11-19 20:34:09,712][__main__][INFO] - epoch: 550
[2023-11-19 20:34:12,662][__main__][INFO] - alignment: tensor([20.,  2., 11.,  1.,  0.,  0.,  0.,  0.,  1.,  0.,  1.,  0.,  1.,  1.,
         0.])
[2023-11-19 20:34:12,663][__main__][INFO] - epoch: 560
[2023-11-19 20:34:15,573][__main__][INFO] - alignment: tensor([20.,  2., 11.,  1.,  0.,  0.,  0.,  0.,  1.,  0.,  1.,  0.,  1.,  1.,
         0.])
[2023-11-19 20:34:15,573][__main__][INFO] - epoch: 570
[2023-11-19 20:34:18,539][__main__][INFO] - alignment: tensor([20.,  2.,  9.,  1.,  0.,  0.,  0.,  0.,  1.,  0.,  1.,  0.,  1.,  1.,
         0.])
[2023-11-19 20:34:18,540][__main__][INFO] - epoch: 580
[2023-11-19 20:34:21,404][__main__][INFO] - alignment: tensor([20.,  2.,  9.,  1.,  0.,  0.,  0.,  0.,  1.,  0.,  1.,  0.,  1.,  1.,
         0.])
[2023-11-19 20:34:21,515][__main__][INFO] - Training losses plot: train_losses.png
[2023-11-19 20:34:21,723][__main__][INFO] - Accuracies plot: accuracies.png
