[2023-11-18 20:44:53,139][hydra.utils][INFO] - Logging from main
[2023-11-18 21:22:53,090][__main__][INFO] - Model weights saved at: model.pt
[2023-11-18 21:22:53,109][__main__][INFO] - Training accuracy: 1.0
[2023-11-18 21:22:53,109][__main__][INFO] - Testing accuracy: 0.92325
[2023-11-18 21:22:53,109][__main__][INFO] - feat_thresh: 0.1
[2023-11-18 21:22:53,109][__main__][INFO] - epoch: 0
[2023-11-18 21:22:54,517][__main__][INFO] - alignment: tensor([0., 0., 0., 0., 0., 0., 0., 0., 0., 0., 0., 0., 0., 0., 0.])
[2023-11-18 21:22:54,517][__main__][INFO] - epoch: 10
[2023-11-18 21:22:55,792][__main__][INFO] - alignment: tensor([0., 0., 0., 0., 0., 0., 0., 0., 0., 0., 0., 0., 0., 0., 0.])
[2023-11-18 21:22:55,792][__main__][INFO] - epoch: 20
[2023-11-18 21:22:57,106][__main__][INFO] - alignment: tensor([0., 0., 0., 0., 0., 0., 0., 0., 0., 0., 0., 0., 0., 0., 0.])
[2023-11-18 21:22:57,107][__main__][INFO] - epoch: 30
[2023-11-18 21:22:58,423][__main__][INFO] - alignment: tensor([0., 0., 0., 0., 0., 0., 0., 0., 0., 0., 0., 0., 0., 0., 0.])
[2023-11-18 21:22:58,423][__main__][INFO] - epoch: 40
[2023-11-18 21:22:59,829][__main__][INFO] - alignment: tensor([0., 0., 0., 0., 0., 0., 0., 0., 0., 0., 0., 0., 0., 0., 0.])
[2023-11-18 21:22:59,829][__main__][INFO] - epoch: 50
[2023-11-18 21:23:01,078][__main__][INFO] - alignment: tensor([0., 0., 0., 0., 0., 0., 0., 0., 0., 0., 0., 0., 0., 0., 0.])
[2023-11-18 21:23:01,078][__main__][INFO] - epoch: 60
[2023-11-18 21:23:02,409][__main__][INFO] - alignment: tensor([0., 0., 0., 0., 0., 0., 0., 0., 0., 0., 0., 0., 0., 0., 0.])
[2023-11-18 21:23:02,409][__main__][INFO] - epoch: 70
[2023-11-18 21:23:03,653][__main__][INFO] - alignment: tensor([0., 0., 0., 0., 0., 0., 0., 0., 0., 0., 0., 0., 0., 0., 0.])
[2023-11-18 21:23:03,653][__main__][INFO] - epoch: 80
[2023-11-18 21:23:04,893][__main__][INFO] - alignment: tensor([0., 0., 0., 0., 0., 0., 0., 0., 0., 0., 0., 0., 0., 0., 0.])
[2023-11-18 21:23:04,893][__main__][INFO] - epoch: 90
[2023-11-18 21:23:06,463][__main__][INFO] - alignment: tensor([0., 0., 0., 0., 0., 0., 0., 0., 0., 0., 0., 0., 0., 0., 0.])
[2023-11-18 21:23:06,464][__main__][INFO] - epoch: 100
[2023-11-18 21:23:07,928][__main__][INFO] - alignment: tensor([0., 0., 0., 0., 0., 0., 0., 0., 0., 0., 0., 0., 0., 0., 0.])
[2023-11-18 21:23:07,929][__main__][INFO] - epoch: 110
[2023-11-18 21:23:09,406][__main__][INFO] - alignment: tensor([0., 0., 0., 0., 0., 0., 0., 0., 0., 0., 0., 0., 0., 0., 0.])
[2023-11-18 21:23:09,406][__main__][INFO] - epoch: 120
[2023-11-18 21:23:10,772][__main__][INFO] - alignment: tensor([0., 0., 0., 0., 0., 0., 0., 0., 0., 0., 0., 0., 0., 0., 0.])
[2023-11-18 21:23:10,772][__main__][INFO] - epoch: 130
[2023-11-18 21:23:12,231][__main__][INFO] - alignment: tensor([0., 0., 0., 0., 0., 0., 0., 0., 0., 0., 0., 0., 0., 0., 0.])
[2023-11-18 21:23:12,232][__main__][INFO] - epoch: 140
[2023-11-18 21:23:13,490][__main__][INFO] - alignment: tensor([0., 0., 0., 0., 0., 0., 0., 0., 0., 0., 0., 0., 0., 0., 0.])
[2023-11-18 21:23:13,491][__main__][INFO] - epoch: 150
[2023-11-18 21:23:14,826][__main__][INFO] - alignment: tensor([0., 0., 0., 0., 0., 0., 0., 0., 0., 0., 0., 0., 0., 0., 0.])
[2023-11-18 21:23:14,826][__main__][INFO] - epoch: 160
[2023-11-18 21:23:16,463][__main__][INFO] - alignment: tensor([0., 0., 0., 0., 0., 0., 0., 0., 0., 0., 0., 0., 0., 0., 0.])
[2023-11-18 21:23:16,463][__main__][INFO] - epoch: 170
[2023-11-18 21:23:17,962][__main__][INFO] - alignment: tensor([0., 0., 0., 0., 0., 0., 0., 0., 0., 0., 0., 0., 0., 0., 0.])
[2023-11-18 21:23:17,962][__main__][INFO] - epoch: 180
[2023-11-18 21:23:19,364][__main__][INFO] - alignment: tensor([0., 0., 0., 0., 0., 0., 0., 0., 0., 0., 0., 0., 0., 0., 0.])
[2023-11-18 21:23:19,364][__main__][INFO] - epoch: 190
[2023-11-18 21:23:20,856][__main__][INFO] - alignment: tensor([0., 0., 0., 0., 0., 0., 0., 0., 0., 0., 0., 0., 0., 0., 0.])
[2023-11-18 21:23:20,857][__main__][INFO] - epoch: 200
[2023-11-18 21:23:22,461][__main__][INFO] - alignment: tensor([0., 0., 0., 0., 0., 0., 0., 0., 0., 0., 0., 0., 0., 0., 0.])
[2023-11-18 21:23:22,461][__main__][INFO] - epoch: 210
[2023-11-18 21:23:24,034][__main__][INFO] - alignment: tensor([0., 0., 0., 0., 0., 0., 0., 0., 0., 0., 0., 0., 0., 0., 0.])
[2023-11-18 21:23:24,034][__main__][INFO] - epoch: 220
[2023-11-18 21:23:25,450][__main__][INFO] - alignment: tensor([0., 0., 0., 0., 0., 0., 0., 0., 0., 0., 0., 0., 0., 0., 0.])
[2023-11-18 21:23:25,450][__main__][INFO] - epoch: 230
[2023-11-18 21:23:26,917][__main__][INFO] - alignment: tensor([1., 0., 0., 0., 0., 0., 0., 0., 0., 0., 0., 0., 0., 0., 0.])
[2023-11-18 21:23:26,917][__main__][INFO] - epoch: 240
[2023-11-18 21:23:28,277][__main__][INFO] - alignment: tensor([1., 0., 0., 0., 0., 0., 0., 0., 0., 0., 0., 0., 0., 0., 0.])
[2023-11-18 21:23:28,278][__main__][INFO] - epoch: 250
[2023-11-18 21:23:29,584][__main__][INFO] - alignment: tensor([6., 1., 0., 0., 0., 0., 0., 0., 0., 0., 0., 0., 0., 0., 0.])
[2023-11-18 21:23:29,585][__main__][INFO] - epoch: 260
[2023-11-18 21:23:31,028][__main__][INFO] - alignment: tensor([9., 1., 0., 0., 0., 0., 0., 0., 0., 0., 0., 0., 0., 0., 0.])
[2023-11-18 21:23:31,028][__main__][INFO] - epoch: 270
[2023-11-18 21:23:32,191][__main__][INFO] - alignment: tensor([11.,  1.,  0.,  0.,  0.,  0.,  0.,  0.,  0.,  0.,  0.,  0.,  0.,  0.,
         0.])
[2023-11-18 21:23:32,192][__main__][INFO] - epoch: 280
[2023-11-18 21:23:33,562][__main__][INFO] - alignment: tensor([14.,  1.,  0.,  0.,  0.,  0.,  0.,  0.,  0.,  0.,  0.,  0.,  0.,  0.,
         0.])
[2023-11-18 21:23:33,563][__main__][INFO] - epoch: 290
[2023-11-18 21:23:34,925][__main__][INFO] - alignment: tensor([14.,  1.,  0.,  0.,  0.,  0.,  0.,  0.,  0.,  0.,  0.,  0.,  0.,  0.,
         0.])
[2023-11-18 21:23:34,925][__main__][INFO] - epoch: 300
[2023-11-18 21:23:36,106][__main__][INFO] - alignment: tensor([13.,  1.,  0.,  0.,  0.,  0.,  0.,  0.,  0.,  0.,  0.,  0.,  0.,  0.,
         0.])
[2023-11-18 21:23:36,106][__main__][INFO] - epoch: 310
[2023-11-18 21:23:37,590][__main__][INFO] - alignment: tensor([10.,  1.,  0.,  0.,  0.,  0.,  0.,  0.,  1.,  0.,  0.,  0.,  0.,  0.,
         0.])
[2023-11-18 21:23:37,590][__main__][INFO] - epoch: 320
[2023-11-18 21:23:38,939][__main__][INFO] - alignment: tensor([9., 1., 1., 0., 0., 0., 0., 0., 1., 0., 0., 0., 0., 0., 0.])
[2023-11-18 21:23:38,939][__main__][INFO] - epoch: 330
[2023-11-18 21:23:40,424][__main__][INFO] - alignment: tensor([8., 1., 1., 0., 0., 0., 0., 0., 1., 0., 0., 0., 0., 0., 0.])
[2023-11-18 21:23:40,424][__main__][INFO] - epoch: 340
[2023-11-18 21:23:41,783][__main__][INFO] - alignment: tensor([8., 1., 1., 0., 0., 0., 0., 0., 1., 0., 0., 0., 0., 0., 1.])
[2023-11-18 21:23:41,784][__main__][INFO] - epoch: 350
[2023-11-18 21:23:42,992][__main__][INFO] - alignment: tensor([8., 1., 1., 0., 0., 0., 0., 0., 1., 0., 0., 0., 0., 0., 1.])
[2023-11-18 21:23:42,992][__main__][INFO] - epoch: 360
[2023-11-18 21:23:44,270][__main__][INFO] - alignment: tensor([7., 1., 1., 0., 0., 0., 0., 0., 1., 0., 0., 0., 0., 0., 1.])
[2023-11-18 21:23:44,271][__main__][INFO] - epoch: 370
[2023-11-18 21:23:45,545][__main__][INFO] - alignment: tensor([6., 1., 1., 0., 0., 0., 0., 0., 1., 0., 0., 0., 0., 0., 1.])
[2023-11-18 21:23:45,545][__main__][INFO] - epoch: 380
[2023-11-18 21:23:47,099][__main__][INFO] - alignment: tensor([6., 1., 1., 0., 0., 0., 0., 0., 1., 0., 0., 0., 0., 0., 1.])
[2023-11-18 21:23:47,099][__main__][INFO] - epoch: 390
[2023-11-18 21:23:48,573][__main__][INFO] - alignment: tensor([5., 1., 1., 0., 0., 0., 0., 0., 1., 0., 0., 0., 0., 0., 1.])
[2023-11-18 21:23:48,573][__main__][INFO] - epoch: 400
[2023-11-18 21:23:50,117][__main__][INFO] - alignment: tensor([5., 1., 1., 0., 1., 0., 0., 0., 1., 0., 1., 0., 1., 0., 1.])
[2023-11-18 21:23:50,117][__main__][INFO] - epoch: 410
[2023-11-18 21:23:51,529][__main__][INFO] - alignment: tensor([5., 1., 1., 0., 1., 0., 0., 0., 1., 0., 1., 0., 1., 0., 1.])
[2023-11-18 21:23:51,530][__main__][INFO] - epoch: 420
[2023-11-18 21:23:52,912][__main__][INFO] - alignment: tensor([5., 1., 1., 0., 1., 0., 0., 0., 1., 0., 1., 0., 1., 0., 1.])
[2023-11-18 21:23:52,912][__main__][INFO] - epoch: 430
[2023-11-18 21:23:54,233][__main__][INFO] - alignment: tensor([5., 1., 1., 0., 1., 0., 0., 0., 1., 0., 1., 0., 1., 0., 1.])
[2023-11-18 21:23:54,233][__main__][INFO] - epoch: 440
[2023-11-18 21:23:55,672][__main__][INFO] - alignment: tensor([5., 1., 1., 0., 1., 0., 0., 0., 1., 0., 1., 0., 1., 0., 1.])
[2023-11-18 21:23:55,672][__main__][INFO] - epoch: 450
[2023-11-18 21:23:57,095][__main__][INFO] - alignment: tensor([5., 1., 1., 0., 1., 0., 0., 0., 1., 0., 1., 0., 1., 0., 1.])
[2023-11-18 21:23:57,095][__main__][INFO] - epoch: 460
[2023-11-18 21:23:58,480][__main__][INFO] - alignment: tensor([5., 1., 1., 0., 1., 0., 0., 0., 1., 0., 1., 0., 1., 0., 1.])
[2023-11-18 21:23:58,480][__main__][INFO] - epoch: 470
[2023-11-18 21:23:59,767][__main__][INFO] - alignment: tensor([5., 1., 1., 0., 1., 0., 0., 0., 1., 0., 1., 0., 1., 0., 1.])
[2023-11-18 21:23:59,767][__main__][INFO] - feat_thresh: 0.2
[2023-11-18 21:23:59,767][__main__][INFO] - epoch: 0
[2023-11-18 21:24:01,235][__main__][INFO] - alignment: tensor([0., 0., 0., 0., 0., 0., 0., 0., 0., 0., 0., 0., 0., 0., 0.])
[2023-11-18 21:24:01,235][__main__][INFO] - epoch: 10
[2023-11-18 21:24:02,610][__main__][INFO] - alignment: tensor([0., 0., 0., 0., 0., 0., 0., 0., 0., 0., 0., 0., 0., 0., 0.])
[2023-11-18 21:24:02,610][__main__][INFO] - epoch: 20
[2023-11-18 21:24:04,065][__main__][INFO] - alignment: tensor([0., 0., 0., 0., 0., 0., 0., 0., 0., 0., 0., 0., 0., 0., 0.])
[2023-11-18 21:24:04,065][__main__][INFO] - epoch: 30
[2023-11-18 21:24:05,591][__main__][INFO] - alignment: tensor([0., 0., 0., 0., 0., 0., 0., 0., 0., 0., 0., 0., 0., 0., 0.])
[2023-11-18 21:24:05,591][__main__][INFO] - epoch: 40
[2023-11-18 21:24:06,864][__main__][INFO] - alignment: tensor([0., 0., 0., 0., 0., 0., 0., 0., 0., 0., 0., 0., 0., 0., 0.])
[2023-11-18 21:24:06,864][__main__][INFO] - epoch: 50
[2023-11-18 21:24:08,195][__main__][INFO] - alignment: tensor([0., 0., 0., 0., 0., 0., 0., 0., 0., 0., 0., 0., 0., 0., 0.])
[2023-11-18 21:24:08,196][__main__][INFO] - epoch: 60
[2023-11-18 21:24:09,656][__main__][INFO] - alignment: tensor([0., 0., 0., 0., 0., 0., 0., 0., 0., 0., 0., 0., 0., 0., 0.])
[2023-11-18 21:24:09,656][__main__][INFO] - epoch: 70
[2023-11-18 21:24:11,298][__main__][INFO] - alignment: tensor([0., 0., 0., 0., 0., 0., 0., 0., 0., 0., 0., 0., 0., 0., 0.])
[2023-11-18 21:24:11,299][__main__][INFO] - epoch: 80
[2023-11-18 21:24:12,650][__main__][INFO] - alignment: tensor([0., 0., 0., 0., 0., 0., 0., 0., 0., 0., 0., 0., 0., 0., 0.])
[2023-11-18 21:24:12,650][__main__][INFO] - epoch: 90
[2023-11-18 21:24:13,949][__main__][INFO] - alignment: tensor([0., 0., 0., 0., 0., 0., 0., 0., 0., 0., 0., 0., 0., 0., 0.])
[2023-11-18 21:24:13,949][__main__][INFO] - epoch: 100
[2023-11-18 21:24:15,253][__main__][INFO] - alignment: tensor([0., 0., 0., 0., 0., 0., 0., 0., 0., 0., 0., 0., 0., 0., 0.])
[2023-11-18 21:24:15,253][__main__][INFO] - epoch: 110
[2023-11-18 21:24:16,514][__main__][INFO] - alignment: tensor([0., 0., 0., 0., 0., 0., 0., 0., 0., 0., 0., 0., 0., 0., 0.])
[2023-11-18 21:24:16,514][__main__][INFO] - epoch: 120
[2023-11-18 21:24:17,818][__main__][INFO] - alignment: tensor([0., 0., 0., 0., 0., 0., 0., 0., 0., 0., 0., 0., 0., 0., 0.])
[2023-11-18 21:24:17,819][__main__][INFO] - epoch: 130
[2023-11-18 21:24:19,210][__main__][INFO] - alignment: tensor([0., 0., 0., 0., 0., 0., 0., 0., 0., 0., 0., 0., 0., 0., 0.])
[2023-11-18 21:24:19,211][__main__][INFO] - epoch: 140
[2023-11-18 21:24:20,529][__main__][INFO] - alignment: tensor([0., 0., 0., 0., 0., 0., 0., 0., 0., 0., 0., 0., 0., 0., 0.])
[2023-11-18 21:24:20,529][__main__][INFO] - epoch: 150
[2023-11-18 21:24:21,838][__main__][INFO] - alignment: tensor([0., 0., 0., 0., 0., 0., 0., 0., 0., 0., 0., 0., 0., 0., 0.])
[2023-11-18 21:24:21,838][__main__][INFO] - epoch: 160
[2023-11-18 21:24:23,119][__main__][INFO] - alignment: tensor([0., 0., 0., 0., 0., 0., 0., 0., 0., 0., 0., 0., 0., 0., 0.])
[2023-11-18 21:24:23,120][__main__][INFO] - epoch: 170
[2023-11-18 21:24:24,488][__main__][INFO] - alignment: tensor([0., 0., 0., 0., 0., 0., 0., 0., 0., 0., 0., 0., 0., 0., 0.])
[2023-11-18 21:24:24,489][__main__][INFO] - epoch: 180
[2023-11-18 21:24:25,799][__main__][INFO] - alignment: tensor([0., 0., 0., 0., 0., 0., 0., 0., 0., 0., 0., 0., 0., 0., 0.])
[2023-11-18 21:24:25,799][__main__][INFO] - epoch: 190
[2023-11-18 21:24:27,050][__main__][INFO] - alignment: tensor([0., 0., 0., 0., 0., 0., 0., 0., 0., 0., 0., 0., 0., 0., 0.])
[2023-11-18 21:24:27,050][__main__][INFO] - epoch: 200
[2023-11-18 21:24:28,466][__main__][INFO] - alignment: tensor([0., 0., 0., 0., 0., 0., 0., 0., 0., 0., 0., 0., 0., 0., 0.])
[2023-11-18 21:24:28,466][__main__][INFO] - epoch: 210
[2023-11-18 21:24:29,872][__main__][INFO] - alignment: tensor([0., 0., 0., 0., 0., 0., 0., 0., 0., 0., 0., 0., 0., 0., 0.])
[2023-11-18 21:24:29,872][__main__][INFO] - epoch: 220
[2023-11-18 21:24:31,178][__main__][INFO] - alignment: tensor([1., 0., 0., 0., 0., 0., 0., 0., 0., 0., 0., 0., 0., 0., 0.])
[2023-11-18 21:24:31,179][__main__][INFO] - epoch: 230
[2023-11-18 21:24:32,473][__main__][INFO] - alignment: tensor([1., 0., 0., 0., 0., 0., 0., 0., 0., 0., 0., 0., 0., 0., 0.])
[2023-11-18 21:24:32,473][__main__][INFO] - epoch: 240
[2023-11-18 21:24:33,732][__main__][INFO] - alignment: tensor([16.,  1.,  0.,  0.,  0.,  0.,  0.,  0.,  0.,  0.,  0.,  0.,  0.,  0.,
         0.])
[2023-11-18 21:24:33,732][__main__][INFO] - epoch: 250
[2023-11-18 21:24:35,103][__main__][INFO] - alignment: tensor([34.,  1.,  0.,  0.,  0.,  0.,  0.,  0.,  1.,  0.,  0.,  0.,  0.,  0.,
         0.])
[2023-11-18 21:24:35,103][__main__][INFO] - epoch: 260
[2023-11-18 21:24:36,475][__main__][INFO] - alignment: tensor([33.,  1.,  0.,  0.,  0.,  0.,  0.,  0.,  1.,  0.,  0.,  0.,  0.,  0.,
         0.])
[2023-11-18 21:24:36,475][__main__][INFO] - epoch: 270
[2023-11-18 21:24:38,090][__main__][INFO] - alignment: tensor([33.,  1.,  0.,  0.,  0.,  0.,  0.,  0.,  1.,  0.,  0.,  0.,  0.,  0.,
         0.])
[2023-11-18 21:24:38,090][__main__][INFO] - epoch: 280
[2023-11-18 21:24:39,592][__main__][INFO] - alignment: tensor([34.,  1.,  0.,  0.,  0.,  0.,  0.,  0.,  1.,  0.,  0.,  0.,  0.,  0.,
         0.])
[2023-11-18 21:24:39,592][__main__][INFO] - epoch: 290
[2023-11-18 21:24:41,124][__main__][INFO] - alignment: tensor([34.,  1.,  0.,  0.,  0.,  0.,  0.,  0.,  1.,  0.,  0.,  0.,  0.,  0.,
         0.])
[2023-11-18 21:24:41,124][__main__][INFO] - epoch: 300
[2023-11-18 21:24:42,708][__main__][INFO] - alignment: tensor([33.,  2.,  0.,  0.,  0.,  0.,  0.,  0.,  1.,  0.,  0.,  0.,  0.,  0.,
         0.])
[2023-11-18 21:24:42,708][__main__][INFO] - epoch: 310
[2023-11-18 21:24:44,297][__main__][INFO] - alignment: tensor([26.,  3.,  1.,  0.,  0.,  0.,  0.,  0.,  1.,  0.,  0.,  0.,  0.,  0.,
         1.])
[2023-11-18 21:24:44,297][__main__][INFO] - epoch: 320
[2023-11-18 21:24:45,662][__main__][INFO] - alignment: tensor([26.,  5.,  1.,  0.,  0.,  0.,  0.,  0.,  1.,  0.,  0.,  0.,  0.,  0.,
         1.])
[2023-11-18 21:24:45,662][__main__][INFO] - epoch: 330
[2023-11-18 21:24:47,062][__main__][INFO] - alignment: tensor([22.,  5.,  1.,  0.,  0.,  0.,  0.,  0.,  1.,  0.,  0.,  0.,  0.,  0.,
         1.])
[2023-11-18 21:24:47,062][__main__][INFO] - epoch: 340
[2023-11-18 21:24:48,459][__main__][INFO] - alignment: tensor([24.,  7.,  1.,  0.,  0.,  0.,  0.,  0.,  1.,  0.,  1.,  0.,  0.,  0.,
         1.])
[2023-11-18 21:24:48,460][__main__][INFO] - epoch: 350
[2023-11-18 21:24:49,854][__main__][INFO] - alignment: tensor([20.,  6.,  1.,  0.,  0.,  0.,  0.,  0.,  1.,  0.,  1.,  0.,  0.,  0.,
         1.])
[2023-11-18 21:24:49,854][__main__][INFO] - epoch: 360
[2023-11-18 21:24:51,161][__main__][INFO] - alignment: tensor([17.,  5.,  1.,  0.,  0.,  0.,  0.,  0.,  1.,  0.,  1.,  0.,  0.,  0.,
         1.])
[2023-11-18 21:24:51,161][__main__][INFO] - epoch: 370
[2023-11-18 21:24:52,564][__main__][INFO] - alignment: tensor([17.,  5.,  1.,  0.,  1.,  0.,  0.,  0.,  1.,  0.,  1.,  0.,  1.,  0.,
         1.])
[2023-11-18 21:24:52,564][__main__][INFO] - epoch: 380
[2023-11-18 21:24:53,840][__main__][INFO] - alignment: tensor([17.,  5.,  1.,  0.,  1.,  0.,  0.,  0.,  1.,  0.,  1.,  0.,  1.,  0.,
         1.])
[2023-11-18 21:24:53,840][__main__][INFO] - epoch: 390
[2023-11-18 21:24:55,196][__main__][INFO] - alignment: tensor([15.,  4.,  1.,  0.,  1.,  0.,  0.,  0.,  1.,  0.,  1.,  0.,  1.,  0.,
         1.])
[2023-11-18 21:24:55,197][__main__][INFO] - epoch: 400
[2023-11-18 21:24:56,529][__main__][INFO] - alignment: tensor([16.,  5.,  1.,  0.,  1.,  0.,  0.,  0.,  1.,  0.,  1.,  0.,  1.,  0.,
         1.])
[2023-11-18 21:24:56,529][__main__][INFO] - epoch: 410
[2023-11-18 21:24:57,823][__main__][INFO] - alignment: tensor([14.,  5.,  1.,  0.,  1.,  0.,  0.,  0.,  1.,  0.,  1.,  0.,  1.,  0.,
         1.])
[2023-11-18 21:24:57,823][__main__][INFO] - epoch: 420
[2023-11-18 21:24:59,249][__main__][INFO] - alignment: tensor([11.,  5.,  1.,  0.,  1.,  0.,  0.,  0.,  1.,  0.,  1.,  0.,  1.,  0.,
         1.])
[2023-11-18 21:24:59,249][__main__][INFO] - epoch: 430
[2023-11-18 21:25:00,776][__main__][INFO] - alignment: tensor([11.,  5.,  1.,  0.,  1.,  1.,  0.,  0.,  1.,  0.,  1.,  0.,  1.,  0.,
         1.])
[2023-11-18 21:25:00,777][__main__][INFO] - epoch: 440
[2023-11-18 21:25:02,230][__main__][INFO] - alignment: tensor([11.,  5.,  1.,  0.,  1.,  1.,  0.,  0.,  1.,  0.,  1.,  0.,  1.,  0.,
         1.])
[2023-11-18 21:25:02,230][__main__][INFO] - epoch: 450
[2023-11-18 21:25:03,693][__main__][INFO] - alignment: tensor([13.,  5.,  1.,  0.,  1.,  1.,  0.,  0.,  1.,  0.,  1.,  0.,  1.,  0.,
         1.])
[2023-11-18 21:25:03,693][__main__][INFO] - epoch: 460
[2023-11-18 21:25:05,046][__main__][INFO] - alignment: tensor([12.,  5.,  1.,  0.,  1.,  1.,  0.,  0.,  1.,  0.,  1.,  0.,  1.,  0.,
         1.])
[2023-11-18 21:25:05,047][__main__][INFO] - epoch: 470
[2023-11-18 21:25:06,348][__main__][INFO] - alignment: tensor([12.,  5.,  1.,  0.,  1.,  1.,  0.,  0.,  1.,  0.,  1.,  0.,  1.,  0.,
         1.])
[2023-11-18 21:25:06,348][__main__][INFO] - feat_thresh: 0.3
[2023-11-18 21:25:06,348][__main__][INFO] - epoch: 0
[2023-11-18 21:25:07,763][__main__][INFO] - alignment: tensor([0., 0., 0., 0., 0., 0., 0., 0., 0., 0., 0., 0., 0., 0., 0.])
[2023-11-18 21:25:07,764][__main__][INFO] - epoch: 10
[2023-11-18 21:25:09,173][__main__][INFO] - alignment: tensor([0., 0., 0., 0., 0., 0., 0., 0., 0., 0., 0., 0., 0., 0., 0.])
[2023-11-18 21:25:09,174][__main__][INFO] - epoch: 20
[2023-11-18 21:25:10,447][__main__][INFO] - alignment: tensor([0., 0., 0., 0., 0., 0., 0., 0., 0., 0., 0., 0., 0., 0., 0.])
[2023-11-18 21:25:10,447][__main__][INFO] - epoch: 30
[2023-11-18 21:25:11,816][__main__][INFO] - alignment: tensor([0., 0., 0., 0., 0., 0., 0., 0., 0., 0., 0., 0., 0., 0., 0.])
[2023-11-18 21:25:11,816][__main__][INFO] - epoch: 40
[2023-11-18 21:25:13,325][__main__][INFO] - alignment: tensor([0., 0., 0., 0., 0., 0., 0., 0., 0., 0., 0., 0., 0., 0., 0.])
[2023-11-18 21:25:13,325][__main__][INFO] - epoch: 50
[2023-11-18 21:25:14,907][__main__][INFO] - alignment: tensor([0., 0., 0., 0., 0., 0., 0., 0., 0., 0., 0., 0., 0., 0., 0.])
[2023-11-18 21:25:14,907][__main__][INFO] - epoch: 60
[2023-11-18 21:25:16,485][__main__][INFO] - alignment: tensor([0., 0., 0., 0., 0., 0., 0., 0., 0., 0., 0., 0., 0., 0., 0.])
[2023-11-18 21:25:16,486][__main__][INFO] - epoch: 70
[2023-11-18 21:25:17,868][__main__][INFO] - alignment: tensor([0., 0., 0., 0., 0., 0., 0., 0., 0., 0., 0., 0., 0., 0., 0.])
[2023-11-18 21:25:17,868][__main__][INFO] - epoch: 80
[2023-11-18 21:25:19,141][__main__][INFO] - alignment: tensor([0., 0., 0., 0., 0., 0., 0., 0., 0., 0., 0., 0., 0., 0., 0.])
[2023-11-18 21:25:19,141][__main__][INFO] - epoch: 90
[2023-11-18 21:25:20,670][__main__][INFO] - alignment: tensor([0., 0., 0., 0., 0., 0., 0., 0., 0., 0., 0., 0., 0., 0., 0.])
[2023-11-18 21:25:20,670][__main__][INFO] - epoch: 100
[2023-11-18 21:25:21,987][__main__][INFO] - alignment: tensor([0., 0., 0., 0., 0., 0., 0., 0., 0., 0., 0., 0., 0., 0., 0.])
[2023-11-18 21:25:21,987][__main__][INFO] - epoch: 110
[2023-11-18 21:25:23,492][__main__][INFO] - alignment: tensor([0., 0., 0., 0., 0., 0., 0., 0., 0., 0., 0., 0., 0., 0., 0.])
[2023-11-18 21:25:23,492][__main__][INFO] - epoch: 120
[2023-11-18 21:25:25,022][__main__][INFO] - alignment: tensor([0., 0., 0., 0., 0., 0., 0., 0., 0., 0., 0., 0., 0., 0., 0.])
[2023-11-18 21:25:25,023][__main__][INFO] - epoch: 130
[2023-11-18 21:25:26,453][__main__][INFO] - alignment: tensor([0., 0., 0., 0., 0., 0., 0., 0., 0., 0., 0., 0., 0., 0., 0.])
[2023-11-18 21:25:26,453][__main__][INFO] - epoch: 140
[2023-11-18 21:25:28,068][__main__][INFO] - alignment: tensor([0., 0., 0., 0., 0., 0., 0., 0., 0., 0., 0., 0., 0., 0., 0.])
[2023-11-18 21:25:28,068][__main__][INFO] - epoch: 150
[2023-11-18 21:25:29,553][__main__][INFO] - alignment: tensor([0., 0., 0., 0., 0., 0., 0., 0., 0., 0., 0., 0., 0., 0., 0.])
[2023-11-18 21:25:29,553][__main__][INFO] - epoch: 160
[2023-11-18 21:25:30,963][__main__][INFO] - alignment: tensor([0., 0., 0., 0., 0., 0., 0., 0., 0., 0., 0., 0., 0., 0., 0.])
[2023-11-18 21:25:30,963][__main__][INFO] - epoch: 170
[2023-11-18 21:25:32,403][__main__][INFO] - alignment: tensor([0., 0., 0., 0., 0., 0., 0., 0., 0., 0., 0., 0., 0., 0., 0.])
[2023-11-18 21:25:32,403][__main__][INFO] - epoch: 180
[2023-11-18 21:25:33,605][__main__][INFO] - alignment: tensor([0., 0., 0., 0., 0., 0., 0., 0., 0., 0., 0., 0., 0., 0., 0.])
[2023-11-18 21:25:33,605][__main__][INFO] - epoch: 190
[2023-11-18 21:25:34,981][__main__][INFO] - alignment: tensor([0., 0., 0., 0., 0., 0., 0., 0., 0., 0., 0., 0., 0., 0., 0.])
[2023-11-18 21:25:34,982][__main__][INFO] - epoch: 200
[2023-11-18 21:25:36,293][__main__][INFO] - alignment: tensor([0., 0., 0., 0., 0., 0., 0., 0., 0., 0., 0., 0., 0., 0., 0.])
[2023-11-18 21:25:36,293][__main__][INFO] - epoch: 210
[2023-11-18 21:25:37,791][__main__][INFO] - alignment: tensor([2., 0., 0., 0., 0., 0., 0., 0., 0., 0., 0., 0., 0., 0., 0.])
[2023-11-18 21:25:37,791][__main__][INFO] - epoch: 220
[2023-11-18 21:25:39,293][__main__][INFO] - alignment: tensor([5., 0., 0., 0., 0., 0., 0., 0., 0., 0., 0., 0., 0., 0., 0.])
[2023-11-18 21:25:39,293][__main__][INFO] - epoch: 230
[2023-11-18 21:25:41,031][__main__][INFO] - alignment: tensor([9., 1., 0., 0., 0., 0., 0., 0., 0., 0., 0., 0., 0., 0., 0.])
[2023-11-18 21:25:41,031][__main__][INFO] - epoch: 240
[2023-11-18 21:25:42,475][__main__][INFO] - alignment: tensor([49.,  1.,  0.,  0.,  0.,  0.,  0.,  0.,  1.,  0.,  0.,  0.,  0.,  0.,
         0.])
[2023-11-18 21:25:42,475][__main__][INFO] - epoch: 250
[2023-11-18 21:25:43,807][__main__][INFO] - alignment: tensor([67.,  1.,  0.,  0.,  0.,  0.,  0.,  0.,  1.,  0.,  0.,  0.,  0.,  0.,
         0.])
[2023-11-18 21:25:43,807][__main__][INFO] - epoch: 260
[2023-11-18 21:25:45,315][__main__][INFO] - alignment: tensor([73.,  1.,  0.,  0.,  0.,  0.,  0.,  0.,  1.,  0.,  0.,  0.,  0.,  0.,
         0.])
[2023-11-18 21:25:45,316][__main__][INFO] - epoch: 270
[2023-11-18 21:25:46,617][__main__][INFO] - alignment: tensor([75.,  3.,  0.,  0.,  0.,  0.,  0.,  0.,  1.,  0.,  0.,  0.,  0.,  0.,
         0.])
[2023-11-18 21:25:46,617][__main__][INFO] - epoch: 280
[2023-11-18 21:25:48,163][__main__][INFO] - alignment: tensor([73.,  3.,  0.,  0.,  0.,  0.,  0.,  0.,  1.,  0.,  0.,  0.,  0.,  0.,
         0.])
[2023-11-18 21:25:48,163][__main__][INFO] - epoch: 290
[2023-11-18 21:25:49,667][__main__][INFO] - alignment: tensor([72.,  3.,  0.,  0.,  0.,  0.,  0.,  0.,  1.,  0.,  0.,  0.,  0.,  0.,
         0.])
[2023-11-18 21:25:49,667][__main__][INFO] - epoch: 300
[2023-11-18 21:25:51,254][__main__][INFO] - alignment: tensor([77.,  8.,  2.,  0.,  0.,  0.,  0.,  0.,  1.,  0.,  0.,  0.,  0.,  0.,
         1.])
[2023-11-18 21:25:51,254][__main__][INFO] - epoch: 310
[2023-11-18 21:25:52,629][__main__][INFO] - alignment: tensor([70., 12.,  1.,  1.,  0.,  0.,  0.,  0.,  1.,  0.,  0.,  0.,  0.,  0.,
         1.])
[2023-11-18 21:25:52,629][__main__][INFO] - epoch: 320
[2023-11-18 21:25:53,960][__main__][INFO] - alignment: tensor([64., 13.,  1.,  0.,  0.,  0.,  0.,  0.,  1.,  0.,  1.,  0.,  0.,  0.,
         1.])
[2023-11-18 21:25:53,960][__main__][INFO] - epoch: 330
[2023-11-18 21:25:55,616][__main__][INFO] - alignment: tensor([56., 13.,  1.,  1.,  0.,  0.,  0.,  0.,  1.,  0.,  1.,  0.,  0.,  0.,
         1.])
[2023-11-18 21:25:55,616][__main__][INFO] - epoch: 340
[2023-11-18 21:25:57,333][__main__][INFO] - alignment: tensor([53., 12.,  1.,  1.,  0.,  0.,  0.,  0.,  1.,  0.,  1.,  0.,  0.,  0.,
         1.])
[2023-11-18 21:25:57,333][__main__][INFO] - epoch: 350
[2023-11-18 21:25:58,680][__main__][INFO] - alignment: tensor([48., 12.,  1.,  1.,  1.,  0.,  1.,  0.,  1.,  0.,  1.,  0.,  1.,  0.,
         1.])
[2023-11-18 21:25:58,680][__main__][INFO] - epoch: 360
[2023-11-18 21:26:00,261][__main__][INFO] - alignment: tensor([38., 10.,  1.,  1.,  1.,  0.,  1.,  0.,  1.,  0.,  1.,  0.,  1.,  0.,
         1.])
[2023-11-18 21:26:00,262][__main__][INFO] - epoch: 370
[2023-11-18 21:26:01,769][__main__][INFO] - alignment: tensor([33., 11.,  1.,  1.,  1.,  0.,  1.,  0.,  1.,  0.,  1.,  0.,  1.,  0.,
         1.])
[2023-11-18 21:26:01,769][__main__][INFO] - epoch: 380
[2023-11-18 21:26:02,975][__main__][INFO] - alignment: tensor([30.,  8.,  1.,  1.,  1.,  0.,  1.,  0.,  1.,  0.,  1.,  0.,  1.,  0.,
         1.])
[2023-11-18 21:26:02,976][__main__][INFO] - epoch: 390
[2023-11-18 21:26:04,182][__main__][INFO] - alignment: tensor([27.,  6.,  1.,  1.,  1.,  0.,  1.,  0.,  1.,  0.,  1.,  0.,  1.,  0.,
         1.])
[2023-11-18 21:26:04,182][__main__][INFO] - epoch: 400
[2023-11-18 21:26:05,433][__main__][INFO] - alignment: tensor([26.,  6.,  1.,  1.,  1.,  1.,  1.,  0.,  1.,  0.,  1.,  0.,  1.,  0.,
         1.])
[2023-11-18 21:26:05,433][__main__][INFO] - epoch: 410
[2023-11-18 21:26:06,711][__main__][INFO] - alignment: tensor([23.,  6.,  1.,  1.,  1.,  1.,  1.,  0.,  1.,  0.,  1.,  0.,  1.,  0.,
         1.])
[2023-11-18 21:26:06,712][__main__][INFO] - epoch: 420
[2023-11-18 21:26:08,018][__main__][INFO] - alignment: tensor([24.,  6.,  1.,  1.,  1.,  1.,  1.,  0.,  1.,  0.,  1.,  0.,  1.,  0.,
         1.])
[2023-11-18 21:26:08,018][__main__][INFO] - epoch: 430
[2023-11-18 21:26:09,378][__main__][INFO] - alignment: tensor([22.,  6.,  1.,  1.,  1.,  1.,  1.,  0.,  1.,  0.,  1.,  0.,  1.,  0.,
         1.])
[2023-11-18 21:26:09,379][__main__][INFO] - epoch: 440
[2023-11-18 21:26:10,648][__main__][INFO] - alignment: tensor([20.,  6.,  1.,  1.,  1.,  1.,  1.,  0.,  1.,  0.,  1.,  0.,  1.,  0.,
         1.])
[2023-11-18 21:26:10,648][__main__][INFO] - epoch: 450
[2023-11-18 21:26:11,934][__main__][INFO] - alignment: tensor([20.,  6.,  1.,  1.,  1.,  1.,  1.,  0.,  1.,  0.,  1.,  0.,  1.,  0.,
         1.])
[2023-11-18 21:26:11,934][__main__][INFO] - epoch: 460
[2023-11-18 21:26:13,254][__main__][INFO] - alignment: tensor([20.,  6.,  1.,  1.,  1.,  1.,  1.,  0.,  1.,  1.,  1.,  0.,  1.,  0.,
         1.])
[2023-11-18 21:26:13,255][__main__][INFO] - epoch: 470
[2023-11-18 21:26:14,588][__main__][INFO] - alignment: tensor([20.,  6.,  1.,  1.,  1.,  1.,  1.,  0.,  1.,  1.,  1.,  0.,  1.,  0.,
         1.])
[2023-11-18 21:26:14,676][__main__][INFO] - Training losses plot: train_losses.png
[2023-11-18 21:26:14,764][__main__][INFO] - Accuracies plot: accuracies.png
