[2023-11-19 15:17:32,702][hydra.utils][INFO] - Logging from main
[2023-11-19 16:06:03,586][__main__][INFO] - Model weights saved at: model.pt
[2023-11-19 16:06:03,658][__main__][INFO] - Training accuracy: 1.0
[2023-11-19 16:06:03,658][__main__][INFO] - Testing accuracy: 0.9216
[2023-11-19 16:06:03,659][__main__][INFO] - feat_thresh: 0.1
[2023-11-19 16:06:03,659][__main__][INFO] - epoch: 0
[2023-11-19 16:06:06,141][__main__][INFO] - alignment: tensor([0., 0., 0., 0., 0., 0., 0., 0., 0., 0., 0., 0., 0., 0., 0.])
[2023-11-19 16:06:06,141][__main__][INFO] - epoch: 10
[2023-11-19 16:06:08,765][__main__][INFO] - alignment: tensor([0., 0., 0., 0., 0., 0., 0., 0., 0., 0., 0., 0., 0., 0., 0.])
[2023-11-19 16:06:08,765][__main__][INFO] - epoch: 20
[2023-11-19 16:06:11,233][__main__][INFO] - alignment: tensor([0., 0., 0., 0., 0., 0., 0., 0., 0., 0., 0., 0., 0., 0., 0.])
[2023-11-19 16:06:11,233][__main__][INFO] - epoch: 30
[2023-11-19 16:06:13,612][__main__][INFO] - alignment: tensor([0., 0., 0., 0., 0., 0., 0., 0., 0., 0., 0., 0., 0., 0., 0.])
[2023-11-19 16:06:13,612][__main__][INFO] - epoch: 40
[2023-11-19 16:06:16,041][__main__][INFO] - alignment: tensor([0., 0., 0., 0., 0., 0., 0., 0., 0., 0., 0., 0., 0., 0., 0.])
[2023-11-19 16:06:16,041][__main__][INFO] - epoch: 50
[2023-11-19 16:06:18,468][__main__][INFO] - alignment: tensor([0., 0., 0., 0., 0., 0., 0., 0., 0., 0., 0., 0., 0., 0., 0.])
[2023-11-19 16:06:18,469][__main__][INFO] - epoch: 60
[2023-11-19 16:06:20,852][__main__][INFO] - alignment: tensor([0., 0., 0., 0., 0., 0., 0., 0., 0., 0., 0., 0., 0., 0., 0.])
[2023-11-19 16:06:20,852][__main__][INFO] - epoch: 70
[2023-11-19 16:06:23,276][__main__][INFO] - alignment: tensor([0., 0., 0., 0., 0., 0., 0., 0., 0., 0., 0., 0., 0., 0., 0.])
[2023-11-19 16:06:23,276][__main__][INFO] - epoch: 80
[2023-11-19 16:06:25,767][__main__][INFO] - alignment: tensor([0., 0., 0., 0., 0., 0., 0., 0., 0., 0., 0., 0., 0., 0., 0.])
[2023-11-19 16:06:25,767][__main__][INFO] - epoch: 90
[2023-11-19 16:06:28,237][__main__][INFO] - alignment: tensor([0., 0., 0., 0., 0., 0., 0., 0., 0., 0., 0., 0., 0., 0., 0.])
[2023-11-19 16:06:28,237][__main__][INFO] - epoch: 100
[2023-11-19 16:06:30,628][__main__][INFO] - alignment: tensor([0., 0., 0., 0., 0., 0., 0., 0., 0., 0., 0., 0., 0., 0., 0.])
[2023-11-19 16:06:30,628][__main__][INFO] - epoch: 110
[2023-11-19 16:06:33,087][__main__][INFO] - alignment: tensor([0., 0., 0., 0., 0., 0., 0., 0., 0., 0., 0., 0., 0., 0., 0.])
[2023-11-19 16:06:33,087][__main__][INFO] - epoch: 120
[2023-11-19 16:06:35,562][__main__][INFO] - alignment: tensor([0., 0., 0., 0., 0., 0., 0., 0., 0., 0., 0., 0., 0., 0., 0.])
[2023-11-19 16:06:35,562][__main__][INFO] - epoch: 130
[2023-11-19 16:06:38,014][__main__][INFO] - alignment: tensor([0., 0., 0., 0., 0., 0., 0., 0., 0., 0., 0., 0., 0., 0., 0.])
[2023-11-19 16:06:38,014][__main__][INFO] - epoch: 140
[2023-11-19 16:06:40,462][__main__][INFO] - alignment: tensor([0., 0., 0., 0., 0., 0., 0., 0., 0., 0., 0., 0., 0., 0., 0.])
[2023-11-19 16:06:40,462][__main__][INFO] - epoch: 150
[2023-11-19 16:06:42,909][__main__][INFO] - alignment: tensor([0., 0., 0., 0., 0., 0., 0., 0., 0., 0., 0., 0., 0., 0., 0.])
[2023-11-19 16:06:42,909][__main__][INFO] - epoch: 160
[2023-11-19 16:06:45,333][__main__][INFO] - alignment: tensor([0., 0., 0., 0., 0., 0., 0., 0., 0., 0., 0., 0., 0., 0., 0.])
[2023-11-19 16:06:45,333][__main__][INFO] - epoch: 170
[2023-11-19 16:06:47,793][__main__][INFO] - alignment: tensor([0., 0., 0., 0., 0., 0., 0., 0., 0., 0., 0., 0., 0., 0., 0.])
[2023-11-19 16:06:47,793][__main__][INFO] - epoch: 180
[2023-11-19 16:06:50,302][__main__][INFO] - alignment: tensor([0., 0., 0., 0., 0., 0., 0., 0., 0., 0., 0., 0., 0., 0., 0.])
[2023-11-19 16:06:50,302][__main__][INFO] - epoch: 190
[2023-11-19 16:06:52,767][__main__][INFO] - alignment: tensor([0., 0., 0., 0., 0., 0., 0., 0., 0., 0., 0., 0., 0., 0., 0.])
[2023-11-19 16:06:52,768][__main__][INFO] - epoch: 200
[2023-11-19 16:06:55,196][__main__][INFO] - alignment: tensor([0., 0., 0., 0., 0., 0., 0., 0., 0., 0., 0., 0., 0., 0., 0.])
[2023-11-19 16:06:55,196][__main__][INFO] - epoch: 210
[2023-11-19 16:06:57,632][__main__][INFO] - alignment: tensor([0., 0., 0., 0., 0., 0., 0., 0., 0., 0., 0., 0., 0., 0., 0.])
[2023-11-19 16:06:57,633][__main__][INFO] - epoch: 220
[2023-11-19 16:07:00,072][__main__][INFO] - alignment: tensor([0., 0., 0., 0., 0., 0., 0., 0., 0., 0., 0., 0., 0., 0., 0.])
[2023-11-19 16:07:00,072][__main__][INFO] - epoch: 230
[2023-11-19 16:07:02,683][__main__][INFO] - alignment: tensor([0., 0., 0., 0., 0., 0., 0., 0., 0., 0., 0., 0., 0., 0., 0.])
[2023-11-19 16:07:02,683][__main__][INFO] - epoch: 240
[2023-11-19 16:07:05,221][__main__][INFO] - alignment: tensor([0., 0., 0., 0., 0., 0., 0., 0., 0., 0., 0., 0., 0., 0., 0.])
[2023-11-19 16:07:05,221][__main__][INFO] - epoch: 250
[2023-11-19 16:07:07,726][__main__][INFO] - alignment: tensor([1., 0., 0., 0., 0., 0., 0., 0., 0., 0., 0., 0., 0., 0., 0.])
[2023-11-19 16:07:07,726][__main__][INFO] - epoch: 260
[2023-11-19 16:07:10,182][__main__][INFO] - alignment: tensor([1., 0., 0., 0., 0., 0., 0., 0., 0., 0., 0., 0., 0., 0., 0.])
[2023-11-19 16:07:10,182][__main__][INFO] - epoch: 270
[2023-11-19 16:07:12,676][__main__][INFO] - alignment: tensor([1., 0., 0., 0., 0., 0., 0., 0., 0., 0., 0., 0., 0., 0., 0.])
[2023-11-19 16:07:12,677][__main__][INFO] - epoch: 280
[2023-11-19 16:07:15,158][__main__][INFO] - alignment: tensor([1., 0., 0., 0., 0., 0., 0., 0., 0., 0., 0., 0., 0., 0., 0.])
[2023-11-19 16:07:15,159][__main__][INFO] - epoch: 290
[2023-11-19 16:07:17,732][__main__][INFO] - alignment: tensor([1., 0., 0., 0., 0., 0., 0., 0., 0., 0., 0., 0., 0., 0., 0.])
[2023-11-19 16:07:17,732][__main__][INFO] - epoch: 300
[2023-11-19 16:07:20,188][__main__][INFO] - alignment: tensor([2., 0., 0., 0., 0., 0., 0., 0., 0., 0., 0., 0., 0., 0., 0.])
[2023-11-19 16:07:20,188][__main__][INFO] - epoch: 310
[2023-11-19 16:07:22,672][__main__][INFO] - alignment: tensor([6., 0., 0., 0., 0., 0., 0., 0., 0., 0., 0., 0., 0., 0., 0.])
[2023-11-19 16:07:22,673][__main__][INFO] - epoch: 320
[2023-11-19 16:07:25,112][__main__][INFO] - alignment: tensor([15.,  0.,  0.,  0.,  0.,  0.,  0.,  0.,  0.,  0.,  0.,  0.,  0.,  0.,
         0.])
[2023-11-19 16:07:25,112][__main__][INFO] - epoch: 330
[2023-11-19 16:07:27,594][__main__][INFO] - alignment: tensor([23.,  1.,  0.,  0.,  0.,  0.,  0.,  0.,  0.,  0.,  0.,  0.,  0.,  0.,
         0.])
[2023-11-19 16:07:27,595][__main__][INFO] - epoch: 340
[2023-11-19 16:07:30,076][__main__][INFO] - alignment: tensor([25.,  1.,  0.,  0.,  0.,  0.,  0.,  0.,  0.,  0.,  0.,  0.,  0.,  0.,
         0.])
[2023-11-19 16:07:30,076][__main__][INFO] - epoch: 350
[2023-11-19 16:07:32,524][__main__][INFO] - alignment: tensor([23.,  1.,  0.,  0.,  0.,  0.,  0.,  0.,  0.,  0.,  0.,  0.,  0.,  0.,
         0.])
[2023-11-19 16:07:32,525][__main__][INFO] - epoch: 360
[2023-11-19 16:07:35,071][__main__][INFO] - alignment: tensor([23.,  1.,  0.,  0.,  0.,  0.,  0.,  0.,  0.,  0.,  0.,  0.,  0.,  0.,
         0.])
[2023-11-19 16:07:35,072][__main__][INFO] - epoch: 370
[2023-11-19 16:07:37,543][__main__][INFO] - alignment: tensor([17.,  1.,  0.,  0.,  0.,  0.,  0.,  0.,  0.,  0.,  0.,  0.,  0.,  0.,
         0.])
[2023-11-19 16:07:37,544][__main__][INFO] - epoch: 380
[2023-11-19 16:07:40,048][__main__][INFO] - alignment: tensor([16.,  1.,  0.,  0.,  0.,  0.,  0.,  0.,  0.,  0.,  0.,  0.,  0.,  0.,
         0.])
[2023-11-19 16:07:40,048][__main__][INFO] - epoch: 390
[2023-11-19 16:07:42,500][__main__][INFO] - alignment: tensor([12.,  1.,  0.,  0.,  0.,  0.,  0.,  1.,  0.,  0.,  0.,  0.,  0.,  0.,
         0.])
[2023-11-19 16:07:42,500][__main__][INFO] - epoch: 400
[2023-11-19 16:07:44,958][__main__][INFO] - alignment: tensor([12.,  1.,  0.,  0.,  0.,  0.,  0.,  1.,  0.,  0.,  0.,  0.,  0.,  0.,
         0.])
[2023-11-19 16:07:44,958][__main__][INFO] - epoch: 410
[2023-11-19 16:07:47,451][__main__][INFO] - alignment: tensor([12.,  1.,  0.,  0.,  0.,  0.,  0.,  1.,  0.,  0.,  0.,  0.,  0.,  0.,
         0.])
[2023-11-19 16:07:47,452][__main__][INFO] - epoch: 420
[2023-11-19 16:07:49,937][__main__][INFO] - alignment: tensor([9., 1., 0., 0., 0., 0., 0., 1., 0., 1., 0., 0., 0., 0., 0.])
[2023-11-19 16:07:49,937][__main__][INFO] - epoch: 430
[2023-11-19 16:07:52,396][__main__][INFO] - alignment: tensor([10.,  1.,  0.,  0.,  0.,  0.,  0.,  1.,  0.,  1.,  0.,  0.,  0.,  0.,
         0.])
[2023-11-19 16:07:52,396][__main__][INFO] - epoch: 440
[2023-11-19 16:07:54,864][__main__][INFO] - alignment: tensor([9., 2., 0., 0., 0., 0., 0., 1., 0., 1., 0., 0., 0., 0., 0.])
[2023-11-19 16:07:54,864][__main__][INFO] - epoch: 450
[2023-11-19 16:07:57,314][__main__][INFO] - alignment: tensor([8., 2., 0., 0., 0., 0., 0., 1., 0., 1., 0., 0., 0., 0., 0.])
[2023-11-19 16:07:57,314][__main__][INFO] - epoch: 460
[2023-11-19 16:07:59,750][__main__][INFO] - alignment: tensor([4., 2., 1., 0., 0., 0., 0., 1., 0., 1., 0., 0., 0., 0., 0.])
[2023-11-19 16:07:59,751][__main__][INFO] - epoch: 470
[2023-11-19 16:08:02,293][__main__][INFO] - alignment: tensor([5., 2., 1., 0., 0., 0., 0., 1., 0., 1., 0., 0., 0., 0., 0.])
[2023-11-19 16:08:02,293][__main__][INFO] - epoch: 480
[2023-11-19 16:08:04,717][__main__][INFO] - alignment: tensor([3., 2., 1., 0., 0., 0., 0., 1., 0., 1., 0., 0., 0., 0., 0.])
[2023-11-19 16:08:04,717][__main__][INFO] - epoch: 490
[2023-11-19 16:08:07,212][__main__][INFO] - alignment: tensor([2., 2., 1., 0., 0., 0., 0., 1., 0., 0., 0., 0., 0., 0., 0.])
[2023-11-19 16:08:07,213][__main__][INFO] - epoch: 500
[2023-11-19 16:08:09,684][__main__][INFO] - alignment: tensor([3., 2., 0., 0., 0., 0., 0., 1., 0., 1., 0., 0., 0., 0., 1.])
[2023-11-19 16:08:09,684][__main__][INFO] - epoch: 510
[2023-11-19 16:08:12,136][__main__][INFO] - alignment: tensor([3., 2., 1., 0., 0., 0., 0., 1., 0., 1., 0., 0., 0., 0., 0.])
[2023-11-19 16:08:12,137][__main__][INFO] - epoch: 520
[2023-11-19 16:08:14,592][__main__][INFO] - alignment: tensor([3., 1., 1., 0., 0., 0., 0., 1., 0., 1., 0., 0., 0., 0., 0.])
[2023-11-19 16:08:14,593][__main__][INFO] - epoch: 530
[2023-11-19 16:08:17,037][__main__][INFO] - alignment: tensor([3., 2., 1., 0., 0., 0., 0., 0., 0., 1., 0., 0., 0., 0., 1.])
[2023-11-19 16:08:17,038][__main__][INFO] - epoch: 540
[2023-11-19 16:08:19,548][__main__][INFO] - alignment: tensor([4., 2., 0., 0., 0., 0., 0., 1., 0., 1., 0., 0., 0., 0., 1.])
[2023-11-19 16:08:19,548][__main__][INFO] - epoch: 550
[2023-11-19 16:08:22,052][__main__][INFO] - alignment: tensor([4., 2., 1., 0., 0., 0., 0., 1., 0., 1., 0., 0., 0., 0., 1.])
[2023-11-19 16:08:22,052][__main__][INFO] - epoch: 560
[2023-11-19 16:08:24,515][__main__][INFO] - alignment: tensor([4., 1., 1., 0., 0., 0., 0., 1., 0., 1., 0., 0., 0., 0., 1.])
[2023-11-19 16:08:24,516][__main__][INFO] - epoch: 570
[2023-11-19 16:08:26,971][__main__][INFO] - alignment: tensor([4., 2., 1., 0., 0., 0., 0., 1., 0., 0., 0., 0., 0., 0., 1.])
[2023-11-19 16:08:26,971][__main__][INFO] - epoch: 580
[2023-11-19 16:08:29,486][__main__][INFO] - alignment: tensor([4., 2., 1., 0., 0., 0., 0., 1., 0., 1., 0., 0., 0., 0., 1.])
[2023-11-19 16:08:29,486][__main__][INFO] - epoch: 590
[2023-11-19 16:08:31,938][__main__][INFO] - alignment: tensor([4., 2., 1., 0., 0., 0., 0., 1., 0., 1., 0., 0., 0., 0., 1.])
[2023-11-19 16:08:31,938][__main__][INFO] - feat_thresh: 0.2
[2023-11-19 16:08:31,938][__main__][INFO] - epoch: 0
[2023-11-19 16:08:34,378][__main__][INFO] - alignment: tensor([0., 0., 0., 0., 0., 0., 0., 0., 0., 0., 0., 0., 0., 0., 0.])
[2023-11-19 16:08:34,379][__main__][INFO] - epoch: 10
[2023-11-19 16:08:36,916][__main__][INFO] - alignment: tensor([0., 0., 0., 0., 0., 0., 0., 0., 0., 0., 0., 0., 0., 0., 0.])
[2023-11-19 16:08:36,916][__main__][INFO] - epoch: 20
[2023-11-19 16:08:39,333][__main__][INFO] - alignment: tensor([0., 0., 0., 0., 0., 0., 0., 0., 0., 0., 0., 0., 0., 0., 0.])
[2023-11-19 16:08:39,333][__main__][INFO] - epoch: 30
[2023-11-19 16:08:41,801][__main__][INFO] - alignment: tensor([0., 0., 0., 0., 0., 0., 0., 0., 0., 0., 0., 0., 0., 0., 0.])
[2023-11-19 16:08:41,801][__main__][INFO] - epoch: 40
[2023-11-19 16:08:44,343][__main__][INFO] - alignment: tensor([0., 0., 0., 0., 0., 0., 0., 0., 0., 0., 0., 0., 0., 0., 0.])
[2023-11-19 16:08:44,343][__main__][INFO] - epoch: 50
[2023-11-19 16:08:46,829][__main__][INFO] - alignment: tensor([0., 0., 0., 0., 0., 0., 0., 0., 0., 0., 0., 0., 0., 0., 0.])
[2023-11-19 16:08:46,829][__main__][INFO] - epoch: 60
[2023-11-19 16:08:49,342][__main__][INFO] - alignment: tensor([0., 0., 0., 0., 0., 0., 0., 0., 0., 0., 0., 0., 0., 0., 0.])
[2023-11-19 16:08:49,342][__main__][INFO] - epoch: 70
[2023-11-19 16:08:51,941][__main__][INFO] - alignment: tensor([0., 0., 0., 0., 0., 0., 0., 0., 0., 0., 0., 0., 0., 0., 0.])
[2023-11-19 16:08:51,941][__main__][INFO] - epoch: 80
[2023-11-19 16:08:54,427][__main__][INFO] - alignment: tensor([0., 0., 0., 0., 0., 0., 0., 0., 0., 0., 0., 0., 0., 0., 0.])
[2023-11-19 16:08:54,427][__main__][INFO] - epoch: 90
[2023-11-19 16:08:56,910][__main__][INFO] - alignment: tensor([0., 0., 0., 0., 0., 0., 0., 0., 0., 0., 0., 0., 0., 0., 0.])
[2023-11-19 16:08:56,910][__main__][INFO] - epoch: 100
[2023-11-19 16:08:59,390][__main__][INFO] - alignment: tensor([0., 0., 0., 0., 0., 0., 0., 0., 0., 0., 0., 0., 0., 0., 0.])
[2023-11-19 16:08:59,391][__main__][INFO] - epoch: 110
[2023-11-19 16:09:01,874][__main__][INFO] - alignment: tensor([0., 0., 0., 0., 0., 0., 0., 0., 0., 0., 0., 0., 0., 0., 0.])
[2023-11-19 16:09:01,874][__main__][INFO] - epoch: 120
[2023-11-19 16:09:04,324][__main__][INFO] - alignment: tensor([0., 0., 0., 0., 0., 0., 0., 0., 0., 0., 0., 0., 0., 0., 0.])
[2023-11-19 16:09:04,324][__main__][INFO] - epoch: 130
[2023-11-19 16:09:06,878][__main__][INFO] - alignment: tensor([0., 0., 0., 0., 0., 0., 0., 0., 0., 0., 0., 0., 0., 0., 0.])
[2023-11-19 16:09:06,878][__main__][INFO] - epoch: 140
[2023-11-19 16:09:09,375][__main__][INFO] - alignment: tensor([0., 0., 0., 0., 0., 0., 0., 0., 0., 0., 0., 0., 0., 0., 0.])
[2023-11-19 16:09:09,375][__main__][INFO] - epoch: 150
[2023-11-19 16:09:11,881][__main__][INFO] - alignment: tensor([0., 0., 0., 0., 0., 0., 0., 0., 0., 0., 0., 0., 0., 0., 0.])
[2023-11-19 16:09:11,881][__main__][INFO] - epoch: 160
[2023-11-19 16:09:14,443][__main__][INFO] - alignment: tensor([0., 0., 0., 0., 0., 0., 0., 0., 0., 0., 0., 0., 0., 0., 0.])
[2023-11-19 16:09:14,443][__main__][INFO] - epoch: 170
[2023-11-19 16:09:16,925][__main__][INFO] - alignment: tensor([0., 0., 0., 0., 0., 0., 0., 0., 0., 0., 0., 0., 0., 0., 0.])
[2023-11-19 16:09:16,925][__main__][INFO] - epoch: 180
[2023-11-19 16:09:19,539][__main__][INFO] - alignment: tensor([0., 0., 0., 0., 0., 0., 0., 0., 0., 0., 0., 0., 0., 0., 0.])
[2023-11-19 16:09:19,539][__main__][INFO] - epoch: 190
[2023-11-19 16:09:22,056][__main__][INFO] - alignment: tensor([0., 0., 0., 0., 0., 0., 0., 0., 0., 0., 0., 0., 0., 0., 0.])
[2023-11-19 16:09:22,056][__main__][INFO] - epoch: 200
[2023-11-19 16:09:24,520][__main__][INFO] - alignment: tensor([0., 0., 0., 0., 0., 0., 0., 0., 0., 0., 0., 0., 0., 0., 0.])
[2023-11-19 16:09:24,520][__main__][INFO] - epoch: 210
[2023-11-19 16:09:27,027][__main__][INFO] - alignment: tensor([0., 0., 0., 0., 0., 0., 0., 0., 0., 0., 0., 0., 0., 0., 0.])
[2023-11-19 16:09:27,027][__main__][INFO] - epoch: 220
[2023-11-19 16:09:29,542][__main__][INFO] - alignment: tensor([0., 0., 0., 0., 0., 0., 0., 0., 0., 0., 0., 0., 0., 0., 0.])
[2023-11-19 16:09:29,542][__main__][INFO] - epoch: 230
[2023-11-19 16:09:32,036][__main__][INFO] - alignment: tensor([1., 0., 0., 0., 0., 0., 0., 0., 0., 0., 0., 0., 0., 0., 0.])
[2023-11-19 16:09:32,036][__main__][INFO] - epoch: 240
[2023-11-19 16:09:34,500][__main__][INFO] - alignment: tensor([22.,  0.,  0.,  0.,  0.,  0.,  0.,  0.,  0.,  0.,  0.,  0.,  0.,  0.,
         0.])
[2023-11-19 16:09:34,500][__main__][INFO] - epoch: 250
[2023-11-19 16:09:36,978][__main__][INFO] - alignment: tensor([53.,  0.,  0.,  0.,  0.,  0.,  0.,  0.,  0.,  0.,  0.,  0.,  0.,  0.,
         0.])
[2023-11-19 16:09:36,978][__main__][INFO] - epoch: 260
[2023-11-19 16:09:39,489][__main__][INFO] - alignment: tensor([66.,  0.,  0.,  0.,  0.,  0.,  0.,  0.,  0.,  0.,  0.,  0.,  0.,  0.,
         0.])
[2023-11-19 16:09:39,490][__main__][INFO] - epoch: 270
[2023-11-19 16:09:41,964][__main__][INFO] - alignment: tensor([71.,  0.,  0.,  0.,  0.,  0.,  0.,  0.,  0.,  0.,  0.,  0.,  0.,  0.,
         0.])
[2023-11-19 16:09:41,965][__main__][INFO] - epoch: 280
[2023-11-19 16:09:44,402][__main__][INFO] - alignment: tensor([90.,  0.,  0.,  0.,  0.,  0.,  0.,  0.,  0.,  0.,  0.,  0.,  0.,  0.,
         0.])
[2023-11-19 16:09:44,402][__main__][INFO] - epoch: 290
[2023-11-19 16:09:46,950][__main__][INFO] - alignment: tensor([101.,   0.,   0.,   0.,   0.,   0.,   0.,   0.,   0.,   0.,   0.,   0.,
          0.,   0.,   0.])
[2023-11-19 16:09:46,950][__main__][INFO] - epoch: 300
[2023-11-19 16:09:49,431][__main__][INFO] - alignment: tensor([106.,   0.,   0.,   0.,   0.,   0.,   0.,   0.,   0.,   0.,   0.,   0.,
          0.,   0.,   0.])
[2023-11-19 16:09:49,431][__main__][INFO] - epoch: 310
[2023-11-19 16:09:51,912][__main__][INFO] - alignment: tensor([115.,   0.,   0.,   0.,   0.,   0.,   0.,   0.,   0.,   0.,   0.,   0.,
          0.,   0.,   0.])
[2023-11-19 16:09:51,912][__main__][INFO] - epoch: 320
[2023-11-19 16:09:54,411][__main__][INFO] - alignment: tensor([149.,   1.,   0.,   0.,   0.,   0.,   0.,   0.,   0.,   0.,   0.,   0.,
          0.,   0.,   0.])
[2023-11-19 16:09:54,411][__main__][INFO] - epoch: 330
[2023-11-19 16:09:56,868][__main__][INFO] - alignment: tensor([147.,   1.,   0.,   0.,   0.,   0.,   0.,   0.,   0.,   0.,   0.,   0.,
          0.,   0.,   0.])
[2023-11-19 16:09:56,869][__main__][INFO] - epoch: 340
[2023-11-19 16:09:59,338][__main__][INFO] - alignment: tensor([134.,   3.,   0.,   0.,   0.,   0.,   0.,   0.,   0.,   0.,   0.,   0.,
          0.,   0.,   0.])
[2023-11-19 16:09:59,339][__main__][INFO] - epoch: 350
[2023-11-19 16:10:01,910][__main__][INFO] - alignment: tensor([118.,   3.,   0.,   0.,   0.,   0.,   0.,   0.,   0.,   0.,   0.,   0.,
          0.,   0.,   0.])
[2023-11-19 16:10:01,910][__main__][INFO] - epoch: 360
[2023-11-19 16:10:04,382][__main__][INFO] - alignment: tensor([108.,   2.,   0.,   0.,   0.,   0.,   0.,   0.,   0.,   0.,   0.,   0.,
          0.,   0.,   0.])
[2023-11-19 16:10:04,382][__main__][INFO] - epoch: 370
[2023-11-19 16:10:06,853][__main__][INFO] - alignment: tensor([100.,   3.,   0.,   0.,   0.,   0.,   0.,   0.,   0.,   0.,   0.,   0.,
          0.,   0.,   0.])
[2023-11-19 16:10:06,853][__main__][INFO] - epoch: 380
[2023-11-19 16:10:09,330][__main__][INFO] - alignment: tensor([76.,  3.,  0.,  0.,  0.,  0.,  0.,  1.,  0.,  0.,  0.,  0.,  0.,  0.,
         0.])
[2023-11-19 16:10:09,330][__main__][INFO] - epoch: 390
[2023-11-19 16:10:11,918][__main__][INFO] - alignment: tensor([65.,  4.,  0.,  0.,  0.,  0.,  0.,  1.,  0.,  0.,  0.,  0.,  0.,  0.,
         0.])
[2023-11-19 16:10:11,918][__main__][INFO] - epoch: 400
[2023-11-19 16:10:14,415][__main__][INFO] - alignment: tensor([61.,  3.,  0.,  0.,  0.,  0.,  0.,  1.,  0.,  1.,  0.,  0.,  0.,  0.,
         0.])
[2023-11-19 16:10:14,415][__main__][INFO] - epoch: 410
[2023-11-19 16:10:16,931][__main__][INFO] - alignment: tensor([52.,  3.,  0.,  0.,  0.,  0.,  0.,  1.,  0.,  1.,  0.,  0.,  0.,  0.,
         0.])
[2023-11-19 16:10:16,931][__main__][INFO] - epoch: 420
[2023-11-19 16:10:19,419][__main__][INFO] - alignment: tensor([45.,  3.,  0.,  0.,  0.,  0.,  0.,  1.,  0.,  1.,  0.,  0.,  0.,  0.,
         0.])
[2023-11-19 16:10:19,419][__main__][INFO] - epoch: 430
[2023-11-19 16:10:21,908][__main__][INFO] - alignment: tensor([41.,  4.,  0.,  0.,  0.,  0.,  0.,  1.,  0.,  1.,  0.,  0.,  0.,  0.,
         0.])
[2023-11-19 16:10:21,908][__main__][INFO] - epoch: 440
[2023-11-19 16:10:24,523][__main__][INFO] - alignment: tensor([35.,  4.,  0.,  0.,  0.,  0.,  0.,  1.,  0.,  1.,  0.,  0.,  0.,  0.,
         0.])
[2023-11-19 16:10:24,523][__main__][INFO] - epoch: 450
[2023-11-19 16:10:27,000][__main__][INFO] - alignment: tensor([28.,  4.,  0.,  0.,  0.,  0.,  0.,  1.,  0.,  1.,  0.,  0.,  0.,  0.,
         1.])
[2023-11-19 16:10:27,000][__main__][INFO] - epoch: 460
[2023-11-19 16:10:29,486][__main__][INFO] - alignment: tensor([23.,  4.,  1.,  0.,  0.,  0.,  0.,  1.,  0.,  1.,  0.,  0.,  0.,  0.,
         1.])
[2023-11-19 16:10:29,487][__main__][INFO] - epoch: 470
[2023-11-19 16:10:32,025][__main__][INFO] - alignment: tensor([21.,  4.,  1.,  1.,  0.,  0.,  0.,  1.,  0.,  1.,  0.,  0.,  0.,  0.,
         1.])
[2023-11-19 16:10:32,025][__main__][INFO] - epoch: 480
[2023-11-19 16:10:34,500][__main__][INFO] - alignment: tensor([17.,  4.,  2.,  1.,  0.,  0.,  0.,  1.,  0.,  1.,  0.,  0.,  0.,  0.,
         1.])
[2023-11-19 16:10:34,500][__main__][INFO] - epoch: 490
[2023-11-19 16:10:37,003][__main__][INFO] - alignment: tensor([15.,  4.,  2.,  1.,  0.,  1.,  0.,  1.,  0.,  1.,  0.,  0.,  0.,  0.,
         1.])
[2023-11-19 16:10:37,003][__main__][INFO] - epoch: 500
[2023-11-19 16:10:39,536][__main__][INFO] - alignment: tensor([14.,  4.,  2.,  1.,  0.,  1.,  0.,  1.,  0.,  1.,  0.,  0.,  0.,  0.,
         1.])
[2023-11-19 16:10:39,537][__main__][INFO] - epoch: 510
[2023-11-19 16:10:42,019][__main__][INFO] - alignment: tensor([12.,  4.,  2.,  1.,  0.,  1.,  0.,  1.,  0.,  1.,  0.,  0.,  0.,  1.,
         1.])
[2023-11-19 16:10:42,019][__main__][INFO] - epoch: 520
[2023-11-19 16:10:44,480][__main__][INFO] - alignment: tensor([12.,  4.,  2.,  1.,  0.,  1.,  0.,  1.,  1.,  1.,  0.,  1.,  0.,  1.,
         1.])
[2023-11-19 16:10:44,480][__main__][INFO] - epoch: 530
[2023-11-19 16:10:46,940][__main__][INFO] - alignment: tensor([11.,  4.,  2.,  1.,  0.,  1.,  0.,  1.,  1.,  1.,  0.,  1.,  0.,  1.,
         1.])
[2023-11-19 16:10:46,940][__main__][INFO] - epoch: 540
[2023-11-19 16:10:49,388][__main__][INFO] - alignment: tensor([10.,  4.,  1.,  1.,  0.,  1.,  0.,  1.,  1.,  1.,  0.,  1.,  0.,  1.,
         1.])
[2023-11-19 16:10:49,388][__main__][INFO] - epoch: 550
[2023-11-19 16:10:51,854][__main__][INFO] - alignment: tensor([10.,  4.,  2.,  1.,  0.,  1.,  0.,  1.,  1.,  1.,  0.,  1.,  1.,  1.,
         1.])
[2023-11-19 16:10:51,854][__main__][INFO] - epoch: 560
[2023-11-19 16:10:54,300][__main__][INFO] - alignment: tensor([11.,  4.,  2.,  1.,  0.,  1.,  0.,  1.,  1.,  1.,  0.,  1.,  1.,  1.,
         1.])
[2023-11-19 16:10:54,300][__main__][INFO] - epoch: 570
[2023-11-19 16:10:56,773][__main__][INFO] - alignment: tensor([9., 4., 2., 1., 0., 1., 0., 1., 1., 1., 0., 1., 1., 1., 1.])
[2023-11-19 16:10:56,773][__main__][INFO] - epoch: 580
[2023-11-19 16:10:59,199][__main__][INFO] - alignment: tensor([10.,  4.,  2.,  1.,  0.,  1.,  0.,  1.,  1.,  1.,  0.,  1.,  1.,  1.,
         1.])
[2023-11-19 16:10:59,200][__main__][INFO] - epoch: 590
[2023-11-19 16:11:01,693][__main__][INFO] - alignment: tensor([10.,  4.,  2.,  1.,  0.,  1.,  0.,  1.,  1.,  1.,  0.,  1.,  1.,  1.,
         1.])
[2023-11-19 16:11:01,693][__main__][INFO] - feat_thresh: 0.3
[2023-11-19 16:11:01,694][__main__][INFO] - epoch: 0
[2023-11-19 16:11:04,190][__main__][INFO] - alignment: tensor([0., 0., 0., 0., 0., 0., 0., 0., 0., 0., 0., 0., 0., 0., 0.])
[2023-11-19 16:11:04,190][__main__][INFO] - epoch: 10
[2023-11-19 16:11:06,872][__main__][INFO] - alignment: tensor([0., 0., 0., 0., 0., 0., 0., 0., 0., 0., 0., 0., 0., 0., 0.])
[2023-11-19 16:11:06,872][__main__][INFO] - epoch: 20
[2023-11-19 16:11:09,487][__main__][INFO] - alignment: tensor([0., 0., 0., 0., 0., 0., 0., 0., 0., 0., 0., 0., 0., 0., 0.])
[2023-11-19 16:11:09,487][__main__][INFO] - epoch: 30
[2023-11-19 16:11:12,028][__main__][INFO] - alignment: tensor([0., 0., 0., 0., 0., 0., 0., 0., 0., 0., 0., 0., 0., 0., 0.])
[2023-11-19 16:11:12,028][__main__][INFO] - epoch: 40
[2023-11-19 16:11:14,571][__main__][INFO] - alignment: tensor([0., 0., 0., 0., 0., 0., 0., 0., 0., 0., 0., 0., 0., 0., 0.])
[2023-11-19 16:11:14,571][__main__][INFO] - epoch: 50
[2023-11-19 16:11:17,076][__main__][INFO] - alignment: tensor([0., 0., 0., 0., 0., 0., 0., 0., 0., 0., 0., 0., 0., 0., 0.])
[2023-11-19 16:11:17,076][__main__][INFO] - epoch: 60
[2023-11-19 16:11:19,514][__main__][INFO] - alignment: tensor([0., 0., 0., 0., 0., 0., 0., 0., 0., 0., 0., 0., 0., 0., 0.])
[2023-11-19 16:11:19,514][__main__][INFO] - epoch: 70
[2023-11-19 16:11:21,982][__main__][INFO] - alignment: tensor([0., 0., 0., 0., 0., 0., 0., 0., 0., 0., 0., 0., 0., 0., 0.])
[2023-11-19 16:11:21,982][__main__][INFO] - epoch: 80
[2023-11-19 16:11:24,628][__main__][INFO] - alignment: tensor([0., 0., 0., 0., 0., 0., 0., 0., 0., 0., 0., 0., 0., 0., 0.])
[2023-11-19 16:11:24,629][__main__][INFO] - epoch: 90
[2023-11-19 16:11:27,179][__main__][INFO] - alignment: tensor([0., 0., 0., 0., 0., 0., 0., 0., 0., 0., 0., 0., 0., 0., 0.])
[2023-11-19 16:11:27,180][__main__][INFO] - epoch: 100
[2023-11-19 16:11:29,617][__main__][INFO] - alignment: tensor([0., 0., 0., 0., 0., 0., 0., 0., 0., 0., 0., 0., 0., 0., 0.])
[2023-11-19 16:11:29,617][__main__][INFO] - epoch: 110
[2023-11-19 16:11:32,105][__main__][INFO] - alignment: tensor([0., 0., 0., 0., 0., 0., 0., 0., 0., 0., 0., 0., 0., 0., 0.])
[2023-11-19 16:11:32,105][__main__][INFO] - epoch: 120
[2023-11-19 16:11:34,626][__main__][INFO] - alignment: tensor([0., 0., 0., 0., 0., 0., 0., 0., 0., 0., 0., 0., 0., 0., 0.])
[2023-11-19 16:11:34,627][__main__][INFO] - epoch: 130
[2023-11-19 16:11:37,095][__main__][INFO] - alignment: tensor([0., 0., 0., 0., 0., 0., 0., 0., 0., 0., 0., 0., 0., 0., 0.])
[2023-11-19 16:11:37,095][__main__][INFO] - epoch: 140
[2023-11-19 16:11:39,536][__main__][INFO] - alignment: tensor([0., 0., 0., 0., 0., 0., 0., 0., 0., 0., 0., 0., 0., 0., 0.])
[2023-11-19 16:11:39,536][__main__][INFO] - epoch: 150
[2023-11-19 16:11:41,935][__main__][INFO] - alignment: tensor([0., 0., 0., 0., 0., 0., 0., 0., 0., 0., 0., 0., 0., 0., 0.])
[2023-11-19 16:11:41,935][__main__][INFO] - epoch: 160
[2023-11-19 16:11:44,401][__main__][INFO] - alignment: tensor([0., 0., 0., 0., 0., 0., 0., 0., 0., 0., 0., 0., 0., 0., 0.])
[2023-11-19 16:11:44,401][__main__][INFO] - epoch: 170
[2023-11-19 16:11:46,895][__main__][INFO] - alignment: tensor([0., 0., 0., 0., 0., 0., 0., 0., 0., 0., 0., 0., 0., 0., 0.])
[2023-11-19 16:11:46,895][__main__][INFO] - epoch: 180
[2023-11-19 16:11:49,385][__main__][INFO] - alignment: tensor([1., 0., 0., 0., 0., 0., 0., 0., 0., 0., 0., 0., 0., 0., 0.])
[2023-11-19 16:11:49,386][__main__][INFO] - epoch: 190
[2023-11-19 16:11:51,858][__main__][INFO] - alignment: tensor([3., 0., 0., 0., 0., 0., 0., 0., 0., 0., 0., 0., 0., 0., 0.])
[2023-11-19 16:11:51,859][__main__][INFO] - epoch: 200
[2023-11-19 16:11:54,364][__main__][INFO] - alignment: tensor([5., 0., 0., 0., 0., 0., 0., 0., 0., 0., 0., 0., 0., 0., 0.])
[2023-11-19 16:11:54,364][__main__][INFO] - epoch: 210
[2023-11-19 16:11:56,911][__main__][INFO] - alignment: tensor([6., 0., 0., 0., 0., 0., 0., 0., 0., 0., 0., 0., 0., 0., 0.])
[2023-11-19 16:11:56,911][__main__][INFO] - epoch: 220
[2023-11-19 16:11:59,362][__main__][INFO] - alignment: tensor([27.,  0.,  0.,  0.,  0.,  0.,  0.,  0.,  0.,  0.,  0.,  0.,  0.,  0.,
         0.])
[2023-11-19 16:11:59,362][__main__][INFO] - epoch: 230
[2023-11-19 16:12:01,917][__main__][INFO] - alignment: tensor([75.,  0.,  0.,  0.,  0.,  0.,  0.,  0.,  0.,  0.,  0.,  0.,  0.,  0.,
         0.])
[2023-11-19 16:12:01,917][__main__][INFO] - epoch: 240
[2023-11-19 16:12:04,522][__main__][INFO] - alignment: tensor([147.,   0.,   0.,   0.,   0.,   0.,   0.,   0.,   0.,   0.,   0.,   0.,
          0.,   0.,   0.])
[2023-11-19 16:12:04,522][__main__][INFO] - epoch: 250
[2023-11-19 16:12:07,055][__main__][INFO] - alignment: tensor([198.,   0.,   0.,   0.,   0.,   0.,   0.,   0.,   0.,   0.,   0.,   0.,
          0.,   0.,   0.])
[2023-11-19 16:12:07,055][__main__][INFO] - epoch: 260
[2023-11-19 16:12:09,651][__main__][INFO] - alignment: tensor([213.,   0.,   0.,   0.,   0.,   0.,   0.,   0.,   0.,   0.,   0.,   0.,
          0.,   0.,   0.])
[2023-11-19 16:12:09,651][__main__][INFO] - epoch: 270
[2023-11-19 16:12:12,184][__main__][INFO] - alignment: tensor([225.,   0.,   0.,   0.,   0.,   0.,   0.,   0.,   0.,   0.,   0.,   0.,
          0.,   0.,   0.])
[2023-11-19 16:12:12,184][__main__][INFO] - epoch: 280
[2023-11-19 16:12:14,767][__main__][INFO] - alignment: tensor([249.,   0.,   0.,   0.,   0.,   0.,   0.,   0.,   0.,   0.,   0.,   0.,
          0.,   0.,   0.])
[2023-11-19 16:12:14,768][__main__][INFO] - epoch: 290
[2023-11-19 16:12:17,319][__main__][INFO] - alignment: tensor([267.,   0.,   0.,   0.,   0.,   0.,   0.,   0.,   0.,   0.,   0.,   0.,
          0.,   0.,   0.])
[2023-11-19 16:12:17,320][__main__][INFO] - epoch: 300
[2023-11-19 16:12:19,937][__main__][INFO] - alignment: tensor([260.,   0.,   0.,   0.,   0.,   0.,   0.,   0.,   0.,   0.,   0.,   0.,
          0.,   0.,   0.])
[2023-11-19 16:12:19,938][__main__][INFO] - epoch: 310
[2023-11-19 16:12:22,441][__main__][INFO] - alignment: tensor([266.,   2.,   0.,   0.,   0.,   0.,   0.,   0.,   0.,   0.,   0.,   0.,
          0.,   0.,   0.])
[2023-11-19 16:12:22,441][__main__][INFO] - epoch: 320
[2023-11-19 16:12:25,197][__main__][INFO] - alignment: tensor([301.,   4.,   0.,   0.,   0.,   0.,   0.,   0.,   0.,   0.,   0.,   0.,
          0.,   0.,   0.])
[2023-11-19 16:12:25,197][__main__][INFO] - epoch: 330
[2023-11-19 16:12:27,748][__main__][INFO] - alignment: tensor([278.,  10.,   0.,   0.,   0.,   0.,   0.,   0.,   0.,   0.,   0.,   0.,
          0.,   0.,   0.])
[2023-11-19 16:12:27,749][__main__][INFO] - epoch: 340
[2023-11-19 16:12:30,294][__main__][INFO] - alignment: tensor([246.,  12.,   0.,   0.,   0.,   0.,   0.,   0.,   0.,   0.,   0.,   0.,
          0.,   0.,   0.])
[2023-11-19 16:12:30,295][__main__][INFO] - epoch: 350
[2023-11-19 16:12:32,877][__main__][INFO] - alignment: tensor([228.,  10.,   0.,   0.,   0.,   0.,   0.,   0.,   0.,   0.,   0.,   0.,
          0.,   0.,   0.])
[2023-11-19 16:12:32,877][__main__][INFO] - epoch: 360
[2023-11-19 16:12:35,402][__main__][INFO] - alignment: tensor([209.,  14.,   0.,   0.,   0.,   0.,   0.,   0.,   0.,   0.,   0.,   0.,
          0.,   0.,   0.])
[2023-11-19 16:12:35,402][__main__][INFO] - epoch: 370
[2023-11-19 16:12:37,906][__main__][INFO] - alignment: tensor([187.,  18.,   0.,   0.,   0.,   0.,   0.,   0.,   0.,   0.,   0.,   0.,
          0.,   0.,   0.])
[2023-11-19 16:12:37,906][__main__][INFO] - epoch: 380
[2023-11-19 16:12:40,409][__main__][INFO] - alignment: tensor([169.,  11.,   0.,   0.,   0.,   0.,   0.,   1.,   0.,   0.,   0.,   0.,
          0.,   0.,   0.])
[2023-11-19 16:12:40,410][__main__][INFO] - epoch: 390
[2023-11-19 16:12:42,942][__main__][INFO] - alignment: tensor([156.,   9.,   0.,   0.,   0.,   0.,   0.,   1.,   1.,   1.,   0.,   0.,
          0.,   0.,   0.])
[2023-11-19 16:12:42,942][__main__][INFO] - epoch: 400
[2023-11-19 16:12:45,469][__main__][INFO] - alignment: tensor([137.,   7.,   0.,   1.,   0.,   0.,   0.,   1.,   1.,   1.,   0.,   0.,
          0.,   0.,   0.])
[2023-11-19 16:12:45,470][__main__][INFO] - epoch: 410
[2023-11-19 16:12:47,998][__main__][INFO] - alignment: tensor([115.,   6.,   0.,   1.,   0.,   0.,   0.,   1.,   1.,   1.,   1.,   0.,
          0.,   0.,   0.])
[2023-11-19 16:12:47,999][__main__][INFO] - epoch: 420
[2023-11-19 16:12:50,529][__main__][INFO] - alignment: tensor([106.,   4.,   0.,   1.,   1.,   0.,   0.,   1.,   1.,   1.,   1.,   0.,
          0.,   0.,   0.])
[2023-11-19 16:12:50,529][__main__][INFO] - epoch: 430
[2023-11-19 16:12:53,150][__main__][INFO] - alignment: tensor([94.,  5.,  0.,  1.,  1.,  0.,  0.,  1.,  1.,  1.,  1.,  0.,  0.,  0.,
         0.])
[2023-11-19 16:12:53,150][__main__][INFO] - epoch: 440
[2023-11-19 16:12:55,663][__main__][INFO] - alignment: tensor([83.,  5.,  1.,  1.,  1.,  0.,  0.,  1.,  1.,  1.,  1.,  0.,  0.,  0.,
         0.])
[2023-11-19 16:12:55,663][__main__][INFO] - epoch: 450
[2023-11-19 16:12:58,184][__main__][INFO] - alignment: tensor([76.,  5.,  2.,  1.,  3.,  0.,  0.,  1.,  1.,  1.,  1.,  0.,  0.,  0.,
         1.])
[2023-11-19 16:12:58,184][__main__][INFO] - epoch: 460
[2023-11-19 16:13:00,739][__main__][INFO] - alignment: tensor([64.,  4.,  2.,  1.,  3.,  0.,  0.,  1.,  1.,  1.,  1.,  0.,  0.,  0.,
         1.])
[2023-11-19 16:13:00,739][__main__][INFO] - epoch: 470
[2023-11-19 16:13:03,324][__main__][INFO] - alignment: tensor([59.,  4.,  2.,  1.,  3.,  0.,  0.,  1.,  1.,  1.,  1.,  0.,  0.,  0.,
         1.])
[2023-11-19 16:13:03,324][__main__][INFO] - epoch: 480
[2023-11-19 16:13:05,810][__main__][INFO] - alignment: tensor([49.,  4.,  2.,  1.,  3.,  0.,  0.,  1.,  1.,  1.,  1.,  0.,  0.,  0.,
         1.])
[2023-11-19 16:13:05,810][__main__][INFO] - epoch: 490
[2023-11-19 16:13:08,295][__main__][INFO] - alignment: tensor([43.,  4.,  3.,  1.,  3.,  1.,  0.,  1.,  1.,  1.,  1.,  0.,  0.,  0.,
         1.])
[2023-11-19 16:13:08,295][__main__][INFO] - epoch: 500
[2023-11-19 16:13:10,778][__main__][INFO] - alignment: tensor([37.,  4.,  3.,  1.,  3.,  1.,  0.,  1.,  1.,  1.,  1.,  1.,  1.,  1.,
         1.])
[2023-11-19 16:13:10,778][__main__][INFO] - epoch: 510
[2023-11-19 16:13:13,275][__main__][INFO] - alignment: tensor([31.,  4.,  3.,  1.,  3.,  1.,  0.,  1.,  1.,  1.,  1.,  1.,  1.,  1.,
         1.])
[2023-11-19 16:13:13,275][__main__][INFO] - epoch: 520
[2023-11-19 16:13:15,745][__main__][INFO] - alignment: tensor([30.,  4.,  3.,  1.,  3.,  1.,  0.,  1.,  1.,  1.,  1.,  1.,  1.,  1.,
         1.])
[2023-11-19 16:13:15,745][__main__][INFO] - epoch: 530
[2023-11-19 16:13:18,203][__main__][INFO] - alignment: tensor([28.,  4.,  3.,  1.,  3.,  1.,  0.,  1.,  1.,  1.,  1.,  1.,  1.,  1.,
         1.])
[2023-11-19 16:13:18,203][__main__][INFO] - epoch: 540
[2023-11-19 16:13:20,690][__main__][INFO] - alignment: tensor([26.,  4.,  2.,  1.,  3.,  1.,  0.,  1.,  1.,  1.,  1.,  1.,  1.,  1.,
         1.])
[2023-11-19 16:13:20,691][__main__][INFO] - epoch: 550
[2023-11-19 16:13:23,232][__main__][INFO] - alignment: tensor([25.,  4.,  3.,  1.,  3.,  1.,  1.,  1.,  1.,  1.,  1.,  1.,  1.,  1.,
         1.])
[2023-11-19 16:13:23,232][__main__][INFO] - epoch: 560
[2023-11-19 16:13:25,711][__main__][INFO] - alignment: tensor([25.,  4.,  3.,  1.,  3.,  1.,  1.,  1.,  1.,  1.,  1.,  1.,  1.,  1.,
         1.])
[2023-11-19 16:13:25,711][__main__][INFO] - epoch: 570
[2023-11-19 16:13:28,144][__main__][INFO] - alignment: tensor([24.,  4.,  3.,  1.,  3.,  1.,  0.,  1.,  1.,  1.,  1.,  1.,  1.,  1.,
         1.])
[2023-11-19 16:13:28,145][__main__][INFO] - epoch: 580
[2023-11-19 16:13:30,617][__main__][INFO] - alignment: tensor([24.,  4.,  3.,  1.,  3.,  1.,  1.,  1.,  1.,  1.,  1.,  1.,  1.,  1.,
         1.])
[2023-11-19 16:13:30,618][__main__][INFO] - epoch: 590
[2023-11-19 16:13:33,193][__main__][INFO] - alignment: tensor([24.,  4.,  3.,  1.,  3.,  1.,  1.,  1.,  1.,  1.,  1.,  1.,  1.,  1.,
         1.])
[2023-11-19 16:13:33,308][__main__][INFO] - Training losses plot: train_losses.png
[2023-11-19 16:13:33,417][__main__][INFO] - Accuracies plot: accuracies.png
