[2023-11-18 15:28:07,501][hydra.utils][INFO] - Logging from main
[2023-11-18 15:37:58,091][__main__][INFO] - Model weights saved at: model.pt
[2023-11-18 15:37:58,097][__main__][INFO] - Training accuracy: 0.9882592592592593
[2023-11-18 15:37:58,097][__main__][INFO] - Testing accuracy: 0.936
[2023-11-18 15:37:58,097][__main__][INFO] - feat_thresh: 0.1
[2023-11-18 15:37:58,097][__main__][INFO] - epoch: 0
[2023-11-18 15:37:58,572][__main__][INFO] - alignment: tensor([0., 0., 0., 0., 0., 0., 0., 0., 0., 0., 0., 0., 0., 0., 0.])
[2023-11-18 15:37:58,572][__main__][INFO] - epoch: 10
[2023-11-18 15:37:59,043][__main__][INFO] - alignment: tensor([0., 0., 0., 0., 0., 0., 0., 0., 0., 0., 0., 0., 0., 0., 0.])
[2023-11-18 15:37:59,043][__main__][INFO] - epoch: 20
[2023-11-18 15:37:59,514][__main__][INFO] - alignment: tensor([0., 0., 0., 0., 0., 0., 0., 0., 0., 0., 0., 0., 0., 0., 0.])
[2023-11-18 15:37:59,514][__main__][INFO] - epoch: 30
[2023-11-18 15:37:59,983][__main__][INFO] - alignment: tensor([0., 0., 0., 0., 0., 0., 0., 0., 0., 0., 0., 0., 0., 0., 0.])
[2023-11-18 15:37:59,983][__main__][INFO] - epoch: 40
[2023-11-18 15:38:00,454][__main__][INFO] - alignment: tensor([0., 0., 0., 0., 0., 0., 0., 0., 0., 0., 0., 0., 0., 0., 0.])
[2023-11-18 15:38:00,454][__main__][INFO] - epoch: 50
[2023-11-18 15:38:00,925][__main__][INFO] - alignment: tensor([0., 0., 0., 0., 0., 0., 0., 0., 0., 0., 0., 0., 0., 0., 0.])
[2023-11-18 15:38:00,925][__main__][INFO] - epoch: 60
[2023-11-18 15:38:01,397][__main__][INFO] - alignment: tensor([0., 0., 0., 0., 0., 0., 0., 0., 0., 0., 0., 0., 0., 0., 0.])
[2023-11-18 15:38:01,397][__main__][INFO] - epoch: 70
[2023-11-18 15:38:01,870][__main__][INFO] - alignment: tensor([0., 0., 0., 0., 0., 0., 0., 0., 0., 0., 0., 0., 0., 0., 0.])
[2023-11-18 15:38:01,870][__main__][INFO] - epoch: 80
[2023-11-18 15:38:02,342][__main__][INFO] - alignment: tensor([0., 0., 0., 0., 0., 0., 0., 0., 0., 0., 0., 0., 0., 0., 0.])
[2023-11-18 15:38:02,342][__main__][INFO] - epoch: 90
[2023-11-18 15:38:02,812][__main__][INFO] - alignment: tensor([0., 0., 0., 0., 0., 0., 0., 0., 0., 0., 0., 0., 0., 0., 0.])
[2023-11-18 15:38:02,812][__main__][INFO] - epoch: 100
[2023-11-18 15:38:03,280][__main__][INFO] - alignment: tensor([0., 0., 0., 0., 0., 0., 0., 0., 0., 0., 0., 0., 0., 0., 0.])
[2023-11-18 15:38:03,281][__main__][INFO] - epoch: 110
[2023-11-18 15:38:03,752][__main__][INFO] - alignment: tensor([0., 0., 0., 0., 0., 0., 0., 0., 0., 0., 0., 0., 0., 0., 0.])
[2023-11-18 15:38:03,753][__main__][INFO] - epoch: 120
[2023-11-18 15:38:04,225][__main__][INFO] - alignment: tensor([0., 0., 0., 0., 0., 0., 0., 0., 0., 0., 0., 0., 0., 0., 0.])
[2023-11-18 15:38:04,225][__main__][INFO] - epoch: 130
[2023-11-18 15:38:04,696][__main__][INFO] - alignment: tensor([1., 0., 0., 0., 0., 0., 0., 0., 0., 0., 0., 0., 0., 0., 0.])
[2023-11-18 15:38:04,696][__main__][INFO] - epoch: 140
[2023-11-18 15:38:05,172][__main__][INFO] - alignment: tensor([6., 0., 0., 0., 0., 0., 0., 0., 0., 0., 0., 0., 0., 0., 0.])
[2023-11-18 15:38:05,172][__main__][INFO] - epoch: 150
[2023-11-18 15:38:05,646][__main__][INFO] - alignment: tensor([8., 0., 0., 0., 0., 0., 0., 0., 0., 0., 0., 0., 0., 0., 0.])
[2023-11-18 15:38:05,646][__main__][INFO] - epoch: 160
[2023-11-18 15:38:06,122][__main__][INFO] - alignment: tensor([11.,  1.,  1.,  0.,  0.,  0.,  0.,  0.,  0.,  0.,  0.,  0.,  0.,  0.,
         0.])
[2023-11-18 15:38:06,122][__main__][INFO] - epoch: 170
[2023-11-18 15:38:06,596][__main__][INFO] - alignment: tensor([10.,  1.,  1.,  0.,  0.,  0.,  0.,  0.,  0.,  0.,  0.,  0.,  0.,  0.,
         0.])
[2023-11-18 15:38:06,597][__main__][INFO] - epoch: 180
[2023-11-18 15:38:07,069][__main__][INFO] - alignment: tensor([9., 1., 2., 0., 0., 0., 0., 0., 0., 0., 0., 0., 0., 1., 0.])
[2023-11-18 15:38:07,070][__main__][INFO] - epoch: 190
[2023-11-18 15:38:07,545][__main__][INFO] - alignment: tensor([8., 1., 2., 0., 0., 0., 0., 1., 0., 0., 1., 0., 0., 1., 0.])
[2023-11-18 15:38:07,545][__main__][INFO] - epoch: 200
[2023-11-18 15:38:08,019][__main__][INFO] - alignment: tensor([8., 1., 2., 0., 0., 0., 0., 1., 0., 0., 1., 0., 0., 1., 0.])
[2023-11-18 15:38:08,020][__main__][INFO] - epoch: 210
[2023-11-18 15:38:08,496][__main__][INFO] - alignment: tensor([8., 1., 2., 0., 0., 0., 0., 1., 0., 0., 1., 0., 0., 1., 0.])
[2023-11-18 15:38:08,496][__main__][INFO] - epoch: 220
[2023-11-18 15:38:08,969][__main__][INFO] - alignment: tensor([7., 1., 2., 0., 0., 0., 0., 1., 0., 0., 1., 0., 0., 1., 0.])
[2023-11-18 15:38:08,969][__main__][INFO] - epoch: 230
[2023-11-18 15:38:09,443][__main__][INFO] - alignment: tensor([7., 1., 2., 0., 0., 0., 0., 1., 0., 0., 1., 0., 0., 1., 0.])
[2023-11-18 15:38:09,443][__main__][INFO] - feat_thresh: 0.2
[2023-11-18 15:38:09,443][__main__][INFO] - epoch: 0
[2023-11-18 15:38:09,923][__main__][INFO] - alignment: tensor([0., 0., 0., 0., 0., 0., 0., 0., 0., 0., 0., 0., 0., 0., 0.])
[2023-11-18 15:38:09,923][__main__][INFO] - epoch: 10
[2023-11-18 15:38:10,395][__main__][INFO] - alignment: tensor([0., 0., 0., 0., 0., 0., 0., 0., 0., 0., 0., 0., 0., 0., 0.])
[2023-11-18 15:38:10,395][__main__][INFO] - epoch: 20
[2023-11-18 15:38:10,868][__main__][INFO] - alignment: tensor([0., 0., 0., 0., 0., 0., 0., 0., 0., 0., 0., 0., 0., 0., 0.])
[2023-11-18 15:38:10,869][__main__][INFO] - epoch: 30
[2023-11-18 15:38:11,339][__main__][INFO] - alignment: tensor([0., 0., 0., 0., 0., 0., 0., 0., 0., 0., 0., 0., 0., 0., 0.])
[2023-11-18 15:38:11,340][__main__][INFO] - epoch: 40
[2023-11-18 15:38:11,815][__main__][INFO] - alignment: tensor([0., 0., 0., 0., 0., 0., 0., 0., 0., 0., 0., 0., 0., 0., 0.])
[2023-11-18 15:38:11,815][__main__][INFO] - epoch: 50
[2023-11-18 15:38:12,293][__main__][INFO] - alignment: tensor([0., 0., 0., 0., 0., 0., 0., 0., 0., 0., 0., 0., 0., 0., 0.])
[2023-11-18 15:38:12,294][__main__][INFO] - epoch: 60
[2023-11-18 15:38:12,766][__main__][INFO] - alignment: tensor([0., 0., 0., 0., 0., 0., 0., 0., 0., 0., 0., 0., 0., 0., 0.])
[2023-11-18 15:38:12,767][__main__][INFO] - epoch: 70
[2023-11-18 15:38:13,254][__main__][INFO] - alignment: tensor([0., 0., 0., 0., 0., 0., 0., 0., 0., 0., 0., 0., 0., 0., 0.])
[2023-11-18 15:38:13,254][__main__][INFO] - epoch: 80
[2023-11-18 15:38:13,726][__main__][INFO] - alignment: tensor([0., 0., 0., 0., 0., 0., 0., 0., 0., 0., 0., 0., 0., 0., 0.])
[2023-11-18 15:38:13,726][__main__][INFO] - epoch: 90
[2023-11-18 15:38:14,197][__main__][INFO] - alignment: tensor([0., 0., 0., 0., 0., 0., 0., 0., 0., 0., 0., 0., 0., 0., 0.])
[2023-11-18 15:38:14,197][__main__][INFO] - epoch: 100
[2023-11-18 15:38:14,669][__main__][INFO] - alignment: tensor([2., 0., 0., 0., 0., 0., 0., 0., 0., 0., 0., 0., 0., 0., 0.])
[2023-11-18 15:38:14,669][__main__][INFO] - epoch: 110
[2023-11-18 15:38:15,143][__main__][INFO] - alignment: tensor([2., 0., 0., 0., 0., 0., 0., 0., 0., 0., 0., 0., 0., 0., 0.])
[2023-11-18 15:38:15,143][__main__][INFO] - epoch: 120
[2023-11-18 15:38:15,618][__main__][INFO] - alignment: tensor([4., 0., 0., 0., 0., 0., 0., 0., 0., 0., 0., 0., 0., 0., 0.])
[2023-11-18 15:38:15,618][__main__][INFO] - epoch: 130
[2023-11-18 15:38:16,096][__main__][INFO] - alignment: tensor([11.,  0.,  0.,  0.,  0.,  0.,  0.,  0.,  0.,  0.,  0.,  0.,  0.,  0.,
         0.])
[2023-11-18 15:38:16,096][__main__][INFO] - epoch: 140
[2023-11-18 15:38:16,573][__main__][INFO] - alignment: tensor([19.,  0.,  0.,  0.,  0.,  0.,  0.,  0.,  0.,  0.,  0.,  0.,  0.,  0.,
         0.])
[2023-11-18 15:38:16,573][__main__][INFO] - epoch: 150
[2023-11-18 15:38:17,049][__main__][INFO] - alignment: tensor([24.,  1.,  2.,  0.,  0.,  0.,  0.,  0.,  0.,  0.,  0.,  0.,  0.,  0.,
         0.])
[2023-11-18 15:38:17,049][__main__][INFO] - epoch: 160
[2023-11-18 15:38:17,525][__main__][INFO] - alignment: tensor([22.,  2.,  3.,  0.,  0.,  0.,  0.,  0.,  0.,  0.,  0.,  0.,  0.,  0.,
         0.])
[2023-11-18 15:38:17,525][__main__][INFO] - epoch: 170
[2023-11-18 15:38:18,002][__main__][INFO] - alignment: tensor([21.,  2.,  3.,  0.,  0.,  0.,  0.,  1.,  0.,  0.,  0.,  0.,  0.,  1.,
         0.])
[2023-11-18 15:38:18,002][__main__][INFO] - epoch: 180
[2023-11-18 15:38:18,480][__main__][INFO] - alignment: tensor([22.,  2.,  3.,  0.,  0.,  0.,  0.,  1.,  0.,  0.,  1.,  0.,  0.,  1.,
         0.])
[2023-11-18 15:38:18,480][__main__][INFO] - epoch: 190
[2023-11-18 15:38:18,956][__main__][INFO] - alignment: tensor([20.,  2.,  3.,  0.,  0.,  0.,  0.,  1.,  1.,  0.,  1.,  0.,  0.,  1.,
         1.])
[2023-11-18 15:38:18,956][__main__][INFO] - epoch: 200
[2023-11-18 15:38:19,432][__main__][INFO] - alignment: tensor([21.,  2.,  3.,  0.,  2.,  0.,  0.,  1.,  1.,  1.,  1.,  0.,  0.,  1.,
         1.])
[2023-11-18 15:38:19,432][__main__][INFO] - epoch: 210
[2023-11-18 15:38:19,906][__main__][INFO] - alignment: tensor([19.,  2.,  3.,  0.,  2.,  0.,  0.,  1.,  1.,  1.,  1.,  1.,  0.,  1.,
         1.])
[2023-11-18 15:38:19,906][__main__][INFO] - epoch: 220
[2023-11-18 15:38:20,379][__main__][INFO] - alignment: tensor([16.,  2.,  3.,  0.,  2.,  0.,  0.,  1.,  1.,  1.,  1.,  1.,  0.,  1.,
         1.])
[2023-11-18 15:38:20,379][__main__][INFO] - epoch: 230
[2023-11-18 15:38:20,854][__main__][INFO] - alignment: tensor([14.,  2.,  3.,  0.,  2.,  0.,  1.,  1.,  1.,  1.,  1.,  1.,  0.,  1.,
         1.])
[2023-11-18 15:38:20,854][__main__][INFO] - feat_thresh: 0.3
[2023-11-18 15:38:20,854][__main__][INFO] - epoch: 0
[2023-11-18 15:38:21,330][__main__][INFO] - alignment: tensor([0., 0., 0., 0., 0., 0., 0., 0., 0., 0., 0., 0., 0., 0., 0.])
[2023-11-18 15:38:21,330][__main__][INFO] - epoch: 10
[2023-11-18 15:38:21,803][__main__][INFO] - alignment: tensor([0., 0., 0., 0., 0., 0., 0., 0., 0., 0., 0., 0., 0., 0., 0.])
[2023-11-18 15:38:21,803][__main__][INFO] - epoch: 20
[2023-11-18 15:38:22,283][__main__][INFO] - alignment: tensor([0., 0., 0., 0., 0., 0., 0., 0., 0., 0., 0., 0., 0., 0., 0.])
[2023-11-18 15:38:22,284][__main__][INFO] - epoch: 30
[2023-11-18 15:38:22,756][__main__][INFO] - alignment: tensor([0., 0., 0., 0., 0., 0., 0., 0., 0., 0., 0., 0., 0., 0., 0.])
[2023-11-18 15:38:22,756][__main__][INFO] - epoch: 40
[2023-11-18 15:38:23,231][__main__][INFO] - alignment: tensor([0., 0., 0., 0., 0., 0., 0., 0., 0., 0., 0., 0., 0., 0., 0.])
[2023-11-18 15:38:23,231][__main__][INFO] - epoch: 50
[2023-11-18 15:38:23,704][__main__][INFO] - alignment: tensor([0., 0., 0., 0., 0., 0., 0., 0., 0., 0., 0., 0., 0., 0., 0.])
[2023-11-18 15:38:23,704][__main__][INFO] - epoch: 60
[2023-11-18 15:38:24,179][__main__][INFO] - alignment: tensor([0., 0., 0., 0., 0., 0., 0., 0., 0., 0., 0., 0., 0., 0., 0.])
[2023-11-18 15:38:24,179][__main__][INFO] - epoch: 70
[2023-11-18 15:38:24,661][__main__][INFO] - alignment: tensor([0., 0., 0., 0., 0., 0., 0., 0., 0., 0., 0., 0., 0., 0., 0.])
[2023-11-18 15:38:24,661][__main__][INFO] - epoch: 80
[2023-11-18 15:38:25,134][__main__][INFO] - alignment: tensor([0., 0., 0., 0., 0., 0., 0., 0., 0., 0., 0., 0., 0., 0., 0.])
[2023-11-18 15:38:25,134][__main__][INFO] - epoch: 90
[2023-11-18 15:38:25,607][__main__][INFO] - alignment: tensor([1., 0., 0., 0., 0., 0., 0., 0., 0., 0., 0., 0., 0., 0., 0.])
[2023-11-18 15:38:25,608][__main__][INFO] - epoch: 100
[2023-11-18 15:38:26,084][__main__][INFO] - alignment: tensor([2., 0., 0., 0., 0., 0., 0., 0., 0., 0., 0., 0., 0., 0., 0.])
[2023-11-18 15:38:26,084][__main__][INFO] - epoch: 110
[2023-11-18 15:38:26,556][__main__][INFO] - alignment: tensor([5., 0., 0., 0., 0., 0., 0., 0., 0., 0., 0., 0., 0., 0., 0.])
[2023-11-18 15:38:26,556][__main__][INFO] - epoch: 120
[2023-11-18 15:38:27,036][__main__][INFO] - alignment: tensor([14.,  0.,  0.,  0.,  0.,  0.,  0.,  0.,  0.,  0.,  0.,  0.,  0.,  0.,
         0.])
[2023-11-18 15:38:27,036][__main__][INFO] - epoch: 130
[2023-11-18 15:38:27,513][__main__][INFO] - alignment: tensor([26.,  0.,  0.,  0.,  0.,  0.,  0.,  0.,  0.,  0.,  0.,  0.,  0.,  0.,
         0.])
[2023-11-18 15:38:27,513][__main__][INFO] - epoch: 140
[2023-11-18 15:38:27,990][__main__][INFO] - alignment: tensor([44.,  0.,  2.,  0.,  0.,  0.,  0.,  0.,  0.,  0.,  0.,  0.,  0.,  0.,
         0.])
[2023-11-18 15:38:27,990][__main__][INFO] - epoch: 150
[2023-11-18 15:38:28,460][__main__][INFO] - alignment: tensor([47.,  1.,  2.,  0.,  0.,  0.,  0.,  0.,  0.,  0.,  0.,  0.,  0.,  0.,
         0.])
[2023-11-18 15:38:28,460][__main__][INFO] - epoch: 160
[2023-11-18 15:38:28,929][__main__][INFO] - alignment: tensor([48.,  2.,  5.,  0.,  0.,  0.,  0.,  1.,  0.,  0.,  0.,  0.,  0.,  1.,
         0.])
[2023-11-18 15:38:28,930][__main__][INFO] - epoch: 170
[2023-11-18 15:38:29,404][__main__][INFO] - alignment: tensor([43.,  2.,  6.,  0.,  0.,  0.,  0.,  1.,  0.,  0.,  1.,  0.,  0.,  1.,
         0.])
[2023-11-18 15:38:29,404][__main__][INFO] - epoch: 180
[2023-11-18 15:38:29,880][__main__][INFO] - alignment: tensor([42.,  2.,  6.,  0.,  1.,  0.,  0.,  1.,  1.,  0.,  1.,  0.,  0.,  1.,
         1.])
[2023-11-18 15:38:29,881][__main__][INFO] - epoch: 190
[2023-11-18 15:38:30,353][__main__][INFO] - alignment: tensor([38.,  2.,  5.,  0.,  2.,  0.,  0.,  1.,  1.,  1.,  1.,  0.,  0.,  1.,
         1.])
[2023-11-18 15:38:30,353][__main__][INFO] - epoch: 200
[2023-11-18 15:38:30,826][__main__][INFO] - alignment: tensor([35.,  2.,  4.,  0.,  2.,  0.,  0.,  1.,  1.,  1.,  1.,  1.,  0.,  1.,
         1.])
[2023-11-18 15:38:30,826][__main__][INFO] - epoch: 210
[2023-11-18 15:38:31,297][__main__][INFO] - alignment: tensor([33.,  2.,  5.,  0.,  2.,  0.,  1.,  1.,  1.,  1.,  1.,  1.,  0.,  1.,
         1.])
[2023-11-18 15:38:31,298][__main__][INFO] - epoch: 220
[2023-11-18 15:38:31,768][__main__][INFO] - alignment: tensor([32.,  2.,  5.,  0.,  2.,  0.,  1.,  1.,  1.,  1.,  1.,  1.,  0.,  1.,
         1.])
[2023-11-18 15:38:31,768][__main__][INFO] - epoch: 230
[2023-11-18 15:38:32,242][__main__][INFO] - alignment: tensor([29.,  2.,  5.,  0.,  2.,  0.,  2.,  1.,  1.,  1.,  1.,  1.,  0.,  1.,
         1.])
[2023-11-18 15:38:32,324][__main__][INFO] - Training losses plot: train_losses.png
[2023-11-18 15:38:32,411][__main__][INFO] - Accuracies plot: accuracies.png
