[2023-11-18 17:53:46,789][hydra.utils][INFO] - Logging from main
[2023-11-18 18:18:18,623][__main__][INFO] - Model weights saved at: model.pt
[2023-11-18 18:18:18,639][__main__][INFO] - Training accuracy: 1.0
[2023-11-18 18:18:18,639][__main__][INFO] - Testing accuracy: 0.9093333333333333
[2023-11-18 18:18:18,639][__main__][INFO] - feat_thresh: 0.1
[2023-11-18 18:18:18,639][__main__][INFO] - epoch: 0
[2023-11-18 18:18:19,913][__main__][INFO] - alignment: tensor([0., 0., 0., 0., 0., 0., 0., 0., 0., 0., 0., 0., 0., 0., 0.])
[2023-11-18 18:18:19,913][__main__][INFO] - epoch: 10
[2023-11-18 18:18:21,153][__main__][INFO] - alignment: tensor([0., 0., 0., 0., 0., 0., 0., 0., 0., 0., 0., 0., 0., 0., 0.])
[2023-11-18 18:18:21,154][__main__][INFO] - epoch: 20
[2023-11-18 18:18:22,339][__main__][INFO] - alignment: tensor([0., 0., 0., 0., 0., 0., 0., 0., 0., 0., 0., 0., 0., 0., 0.])
[2023-11-18 18:18:22,340][__main__][INFO] - epoch: 30
[2023-11-18 18:18:23,511][__main__][INFO] - alignment: tensor([0., 0., 0., 0., 0., 0., 0., 0., 0., 0., 0., 0., 0., 0., 0.])
[2023-11-18 18:18:23,512][__main__][INFO] - epoch: 40
[2023-11-18 18:18:24,716][__main__][INFO] - alignment: tensor([0., 0., 0., 0., 0., 0., 0., 0., 0., 0., 0., 0., 0., 0., 0.])
[2023-11-18 18:18:24,716][__main__][INFO] - epoch: 50
[2023-11-18 18:18:25,991][__main__][INFO] - alignment: tensor([0., 0., 0., 0., 0., 0., 0., 0., 0., 0., 0., 0., 0., 0., 0.])
[2023-11-18 18:18:25,991][__main__][INFO] - epoch: 60
[2023-11-18 18:18:27,273][__main__][INFO] - alignment: tensor([0., 0., 0., 0., 0., 0., 0., 0., 0., 0., 0., 0., 0., 0., 0.])
[2023-11-18 18:18:27,273][__main__][INFO] - epoch: 70
[2023-11-18 18:18:28,476][__main__][INFO] - alignment: tensor([0., 0., 0., 0., 0., 0., 0., 0., 0., 0., 0., 0., 0., 0., 0.])
[2023-11-18 18:18:28,476][__main__][INFO] - epoch: 80
[2023-11-18 18:18:29,712][__main__][INFO] - alignment: tensor([0., 0., 0., 0., 0., 0., 0., 0., 0., 0., 0., 0., 0., 0., 0.])
[2023-11-18 18:18:29,712][__main__][INFO] - epoch: 90
[2023-11-18 18:18:31,057][__main__][INFO] - alignment: tensor([0., 0., 0., 0., 0., 0., 0., 0., 0., 0., 0., 0., 0., 0., 0.])
[2023-11-18 18:18:31,058][__main__][INFO] - epoch: 100
[2023-11-18 18:18:32,294][__main__][INFO] - alignment: tensor([0., 0., 0., 0., 0., 0., 0., 0., 0., 0., 0., 0., 0., 0., 0.])
[2023-11-18 18:18:32,295][__main__][INFO] - epoch: 110
[2023-11-18 18:18:33,509][__main__][INFO] - alignment: tensor([0., 0., 0., 0., 0., 0., 0., 0., 0., 0., 0., 0., 0., 0., 0.])
[2023-11-18 18:18:33,509][__main__][INFO] - epoch: 120
[2023-11-18 18:18:34,720][__main__][INFO] - alignment: tensor([0., 0., 0., 0., 0., 0., 0., 0., 0., 0., 0., 0., 0., 0., 0.])
[2023-11-18 18:18:34,720][__main__][INFO] - epoch: 130
[2023-11-18 18:18:35,939][__main__][INFO] - alignment: tensor([0., 0., 0., 0., 0., 0., 0., 0., 0., 0., 0., 0., 0., 0., 0.])
[2023-11-18 18:18:35,939][__main__][INFO] - epoch: 140
[2023-11-18 18:18:37,190][__main__][INFO] - alignment: tensor([1., 0., 0., 0., 0., 0., 0., 0., 0., 0., 0., 0., 0., 0., 0.])
[2023-11-18 18:18:37,190][__main__][INFO] - epoch: 150
[2023-11-18 18:18:38,366][__main__][INFO] - alignment: tensor([1., 0., 0., 0., 0., 0., 0., 0., 0., 0., 0., 0., 0., 0., 0.])
[2023-11-18 18:18:38,366][__main__][INFO] - epoch: 160
[2023-11-18 18:18:39,645][__main__][INFO] - alignment: tensor([1., 0., 0., 0., 0., 0., 0., 0., 0., 0., 0., 0., 0., 0., 0.])
[2023-11-18 18:18:39,645][__main__][INFO] - epoch: 170
[2023-11-18 18:18:40,830][__main__][INFO] - alignment: tensor([2., 0., 0., 0., 0., 0., 0., 0., 0., 0., 0., 0., 0., 0., 0.])
[2023-11-18 18:18:40,831][__main__][INFO] - epoch: 180
[2023-11-18 18:18:42,147][__main__][INFO] - alignment: tensor([14.,  1.,  0.,  0.,  0.,  0.,  0.,  0.,  0.,  0.,  0.,  0.,  0.,  0.,
         0.])
[2023-11-18 18:18:42,147][__main__][INFO] - epoch: 190
[2023-11-18 18:18:43,475][__main__][INFO] - alignment: tensor([13.,  1.,  0.,  0.,  0.,  0.,  0.,  0.,  0.,  0.,  0.,  0.,  0.,  0.,
         0.])
[2023-11-18 18:18:43,476][__main__][INFO] - epoch: 200
[2023-11-18 18:18:44,714][__main__][INFO] - alignment: tensor([14.,  1.,  0.,  0.,  0.,  0.,  0.,  0.,  0.,  0.,  1.,  0.,  0.,  0.,
         0.])
[2023-11-18 18:18:44,715][__main__][INFO] - epoch: 210
[2023-11-18 18:18:45,920][__main__][INFO] - alignment: tensor([14.,  1.,  1.,  0.,  0.,  0.,  0.,  0.,  0.,  0.,  1.,  0.,  0.,  0.,
         0.])
[2023-11-18 18:18:45,921][__main__][INFO] - epoch: 220
[2023-11-18 18:18:47,096][__main__][INFO] - alignment: tensor([9., 1., 1., 0., 0., 0., 0., 0., 0., 0., 1., 0., 0., 0., 0.])
[2023-11-18 18:18:47,097][__main__][INFO] - epoch: 230
[2023-11-18 18:18:48,276][__main__][INFO] - alignment: tensor([9., 1., 1., 0., 0., 0., 0., 0., 1., 0., 1., 1., 0., 0., 0.])
[2023-11-18 18:18:48,276][__main__][INFO] - epoch: 240
[2023-11-18 18:18:49,497][__main__][INFO] - alignment: tensor([9., 1., 2., 0., 0., 0., 0., 0., 1., 0., 1., 1., 0., 0., 0.])
[2023-11-18 18:18:49,498][__main__][INFO] - epoch: 250
[2023-11-18 18:18:50,778][__main__][INFO] - alignment: tensor([7., 1., 2., 0., 0., 0., 0., 0., 1., 0., 1., 1., 0., 0., 0.])
[2023-11-18 18:18:50,778][__main__][INFO] - epoch: 260
[2023-11-18 18:18:52,060][__main__][INFO] - alignment: tensor([6., 1., 2., 0., 0., 0., 0., 0., 1., 0., 1., 1., 0., 0., 0.])
[2023-11-18 18:18:52,061][__main__][INFO] - epoch: 270
[2023-11-18 18:18:53,241][__main__][INFO] - alignment: tensor([5., 1., 1., 0., 0., 0., 0., 0., 1., 0., 1., 1., 0., 0., 0.])
[2023-11-18 18:18:53,241][__main__][INFO] - epoch: 280
[2023-11-18 18:18:54,542][__main__][INFO] - alignment: tensor([6., 1., 1., 0., 1., 0., 0., 0., 1., 0., 1., 1., 0., 0., 0.])
[2023-11-18 18:18:54,542][__main__][INFO] - epoch: 290
[2023-11-18 18:18:55,722][__main__][INFO] - alignment: tensor([5., 1., 2., 0., 1., 0., 0., 0., 1., 0., 1., 1., 0., 0., 0.])
[2023-11-18 18:18:55,722][__main__][INFO] - epoch: 300
[2023-11-18 18:18:57,201][__main__][INFO] - alignment: tensor([3., 1., 2., 0., 1., 0., 0., 0., 1., 0., 1., 1., 0., 0., 0.])
[2023-11-18 18:18:57,201][__main__][INFO] - epoch: 310
[2023-11-18 18:18:58,521][__main__][INFO] - alignment: tensor([5., 1., 1., 0., 1., 0., 0., 0., 1., 0., 1., 1., 0., 0., 0.])
[2023-11-18 18:18:58,521][__main__][INFO] - epoch: 320
[2023-11-18 18:18:59,758][__main__][INFO] - alignment: tensor([5., 1., 2., 0., 1., 0., 0., 0., 1., 0., 1., 1., 0., 0., 0.])
[2023-11-18 18:18:59,758][__main__][INFO] - epoch: 330
[2023-11-18 18:19:01,007][__main__][INFO] - alignment: tensor([3., 1., 2., 0., 1., 0., 0., 0., 1., 0., 1., 1., 0., 0., 0.])
[2023-11-18 18:19:01,008][__main__][INFO] - epoch: 340
[2023-11-18 18:19:02,285][__main__][INFO] - alignment: tensor([4., 1., 2., 0., 1., 0., 0., 0., 1., 0., 1., 1., 0., 0., 0.])
[2023-11-18 18:19:02,285][__main__][INFO] - epoch: 350
[2023-11-18 18:19:03,656][__main__][INFO] - alignment: tensor([4., 1., 2., 0., 1., 0., 0., 0., 1., 0., 1., 1., 0., 0., 0.])
[2023-11-18 18:19:03,657][__main__][INFO] - feat_thresh: 0.2
[2023-11-18 18:19:03,657][__main__][INFO] - epoch: 0
[2023-11-18 18:19:04,992][__main__][INFO] - alignment: tensor([0., 0., 0., 0., 0., 0., 0., 0., 0., 0., 0., 0., 0., 0., 0.])
[2023-11-18 18:19:04,992][__main__][INFO] - epoch: 10
[2023-11-18 18:19:06,267][__main__][INFO] - alignment: tensor([0., 0., 0., 0., 0., 0., 0., 0., 0., 0., 0., 0., 0., 0., 0.])
[2023-11-18 18:19:06,268][__main__][INFO] - epoch: 20
[2023-11-18 18:19:07,514][__main__][INFO] - alignment: tensor([0., 0., 0., 0., 0., 0., 0., 0., 0., 0., 0., 0., 0., 0., 0.])
[2023-11-18 18:19:07,514][__main__][INFO] - epoch: 30
[2023-11-18 18:19:08,715][__main__][INFO] - alignment: tensor([0., 0., 0., 0., 0., 0., 0., 0., 0., 0., 0., 0., 0., 0., 0.])
[2023-11-18 18:19:08,715][__main__][INFO] - epoch: 40
[2023-11-18 18:19:10,124][__main__][INFO] - alignment: tensor([0., 0., 0., 0., 0., 0., 0., 0., 0., 0., 0., 0., 0., 0., 0.])
[2023-11-18 18:19:10,125][__main__][INFO] - epoch: 50
[2023-11-18 18:19:11,538][__main__][INFO] - alignment: tensor([0., 0., 0., 0., 0., 0., 0., 0., 0., 0., 0., 0., 0., 0., 0.])
[2023-11-18 18:19:11,538][__main__][INFO] - epoch: 60
[2023-11-18 18:19:12,765][__main__][INFO] - alignment: tensor([0., 0., 0., 0., 0., 0., 0., 0., 0., 0., 0., 0., 0., 0., 0.])
[2023-11-18 18:19:12,765][__main__][INFO] - epoch: 70
[2023-11-18 18:19:14,256][__main__][INFO] - alignment: tensor([0., 0., 0., 0., 0., 0., 0., 0., 0., 0., 0., 0., 0., 0., 0.])
[2023-11-18 18:19:14,256][__main__][INFO] - epoch: 80
[2023-11-18 18:19:15,504][__main__][INFO] - alignment: tensor([0., 0., 0., 0., 0., 0., 0., 0., 0., 0., 0., 0., 0., 0., 0.])
[2023-11-18 18:19:15,504][__main__][INFO] - epoch: 90
[2023-11-18 18:19:16,884][__main__][INFO] - alignment: tensor([0., 0., 0., 0., 0., 0., 0., 0., 0., 0., 0., 0., 0., 0., 0.])
[2023-11-18 18:19:16,884][__main__][INFO] - epoch: 100
[2023-11-18 18:19:18,447][__main__][INFO] - alignment: tensor([0., 0., 0., 0., 0., 0., 0., 0., 0., 0., 0., 0., 0., 0., 0.])
[2023-11-18 18:19:18,447][__main__][INFO] - epoch: 110
[2023-11-18 18:19:19,957][__main__][INFO] - alignment: tensor([0., 0., 0., 0., 0., 0., 0., 0., 0., 0., 0., 0., 0., 0., 0.])
[2023-11-18 18:19:19,957][__main__][INFO] - epoch: 120
[2023-11-18 18:19:21,538][__main__][INFO] - alignment: tensor([0., 0., 0., 0., 0., 0., 0., 0., 0., 0., 0., 0., 0., 0., 0.])
[2023-11-18 18:19:21,539][__main__][INFO] - epoch: 130
[2023-11-18 18:19:23,039][__main__][INFO] - alignment: tensor([0., 0., 0., 0., 0., 0., 0., 0., 0., 0., 0., 0., 0., 0., 0.])
[2023-11-18 18:19:23,039][__main__][INFO] - epoch: 140
[2023-11-18 18:19:24,402][__main__][INFO] - alignment: tensor([2., 0., 0., 0., 0., 0., 0., 0., 0., 0., 0., 0., 0., 0., 0.])
[2023-11-18 18:19:24,403][__main__][INFO] - epoch: 150
[2023-11-18 18:19:25,751][__main__][INFO] - alignment: tensor([2., 0., 0., 0., 0., 0., 0., 0., 0., 0., 0., 0., 0., 0., 0.])
[2023-11-18 18:19:25,751][__main__][INFO] - epoch: 160
[2023-11-18 18:19:27,095][__main__][INFO] - alignment: tensor([9., 0., 0., 0., 0., 0., 0., 0., 0., 0., 0., 0., 0., 0., 0.])
[2023-11-18 18:19:27,095][__main__][INFO] - epoch: 170
[2023-11-18 18:19:28,321][__main__][INFO] - alignment: tensor([31.,  1.,  0.,  0.,  0.,  0.,  0.,  0.,  0.,  0.,  0.,  0.,  0.,  0.,
         0.])
[2023-11-18 18:19:28,322][__main__][INFO] - epoch: 180
[2023-11-18 18:19:29,585][__main__][INFO] - alignment: tensor([56.,  1.,  0.,  0.,  0.,  0.,  0.,  0.,  0.,  0.,  1.,  0.,  0.,  0.,
         0.])
[2023-11-18 18:19:29,585][__main__][INFO] - epoch: 190
[2023-11-18 18:19:31,052][__main__][INFO] - alignment: tensor([61.,  1.,  0.,  0.,  0.,  0.,  0.,  0.,  0.,  0.,  1.,  1.,  0.,  0.,
         0.])
[2023-11-18 18:19:31,052][__main__][INFO] - epoch: 200
[2023-11-18 18:19:32,484][__main__][INFO] - alignment: tensor([57.,  1.,  1.,  0.,  0.,  0.,  0.,  0.,  0.,  0.,  1.,  1.,  0.,  0.,
         0.])
[2023-11-18 18:19:32,484][__main__][INFO] - epoch: 210
[2023-11-18 18:19:33,784][__main__][INFO] - alignment: tensor([56.,  1.,  1.,  0.,  0.,  0.,  0.,  0.,  0.,  0.,  1.,  1.,  0.,  0.,
         0.])
[2023-11-18 18:19:33,785][__main__][INFO] - epoch: 220
[2023-11-18 18:19:35,069][__main__][INFO] - alignment: tensor([45.,  1.,  2.,  0.,  0.,  0.,  0.,  0.,  1.,  0.,  1.,  1.,  0.,  0.,
         0.])
[2023-11-18 18:19:35,069][__main__][INFO] - epoch: 230
[2023-11-18 18:19:36,316][__main__][INFO] - alignment: tensor([36.,  1.,  3.,  0.,  0.,  0.,  0.,  0.,  1.,  0.,  1.,  1.,  0.,  0.,
         0.])
[2023-11-18 18:19:36,317][__main__][INFO] - epoch: 240
[2023-11-18 18:19:37,570][__main__][INFO] - alignment: tensor([31.,  1.,  3.,  0.,  0.,  0.,  0.,  0.,  1.,  0.,  1.,  1.,  0.,  0.,
         0.])
[2023-11-18 18:19:37,570][__main__][INFO] - epoch: 250
[2023-11-18 18:19:38,901][__main__][INFO] - alignment: tensor([27.,  1.,  3.,  0.,  1.,  0.,  0.,  0.,  1.,  0.,  1.,  1.,  0.,  0.,
         0.])
[2023-11-18 18:19:38,901][__main__][INFO] - epoch: 260
[2023-11-18 18:19:40,235][__main__][INFO] - alignment: tensor([23.,  1.,  3.,  0.,  1.,  0.,  0.,  0.,  1.,  0.,  1.,  1.,  0.,  0.,
         0.])
[2023-11-18 18:19:40,236][__main__][INFO] - epoch: 270
[2023-11-18 18:19:41,416][__main__][INFO] - alignment: tensor([22.,  1.,  3.,  0.,  1.,  0.,  0.,  0.,  1.,  0.,  1.,  1.,  0.,  0.,
         0.])
[2023-11-18 18:19:41,416][__main__][INFO] - epoch: 280
[2023-11-18 18:19:42,601][__main__][INFO] - alignment: tensor([19.,  1.,  3.,  0.,  1.,  0.,  0.,  0.,  1.,  0.,  1.,  1.,  0.,  0.,
         0.])
[2023-11-18 18:19:42,602][__main__][INFO] - epoch: 290
[2023-11-18 18:19:43,968][__main__][INFO] - alignment: tensor([15.,  1.,  3.,  0.,  1.,  0.,  0.,  0.,  1.,  0.,  1.,  1.,  0.,  0.,
         0.])
[2023-11-18 18:19:43,968][__main__][INFO] - epoch: 300
[2023-11-18 18:19:45,450][__main__][INFO] - alignment: tensor([16.,  1.,  2.,  1.,  1.,  0.,  0.,  0.,  1.,  0.,  1.,  1.,  0.,  0.,
         0.])
[2023-11-18 18:19:45,450][__main__][INFO] - epoch: 310
[2023-11-18 18:19:46,777][__main__][INFO] - alignment: tensor([15.,  1.,  2.,  0.,  1.,  0.,  0.,  0.,  1.,  0.,  1.,  1.,  0.,  0.,
         0.])
[2023-11-18 18:19:46,777][__main__][INFO] - epoch: 320
[2023-11-18 18:19:48,006][__main__][INFO] - alignment: tensor([17.,  1.,  2.,  1.,  1.,  0.,  0.,  0.,  1.,  0.,  1.,  1.,  0.,  0.,
         0.])
[2023-11-18 18:19:48,006][__main__][INFO] - epoch: 330
[2023-11-18 18:19:49,390][__main__][INFO] - alignment: tensor([17.,  1.,  2.,  1.,  1.,  0.,  0.,  0.,  1.,  0.,  1.,  1.,  0.,  0.,
         0.])
[2023-11-18 18:19:49,390][__main__][INFO] - epoch: 340
[2023-11-18 18:19:50,600][__main__][INFO] - alignment: tensor([17.,  1.,  2.,  1.,  1.,  0.,  0.,  0.,  1.,  0.,  1.,  1.,  0.,  0.,
         0.])
[2023-11-18 18:19:50,600][__main__][INFO] - epoch: 350
[2023-11-18 18:19:51,929][__main__][INFO] - alignment: tensor([17.,  1.,  2.,  1.,  1.,  0.,  0.,  0.,  1.,  0.,  1.,  1.,  0.,  0.,
         0.])
[2023-11-18 18:19:51,929][__main__][INFO] - feat_thresh: 0.3
[2023-11-18 18:19:51,929][__main__][INFO] - epoch: 0
[2023-11-18 18:19:53,159][__main__][INFO] - alignment: tensor([0., 0., 0., 0., 0., 0., 0., 0., 0., 0., 0., 0., 0., 0., 0.])
[2023-11-18 18:19:53,160][__main__][INFO] - epoch: 10
[2023-11-18 18:19:54,438][__main__][INFO] - alignment: tensor([0., 0., 0., 0., 0., 0., 0., 0., 0., 0., 0., 0., 0., 0., 0.])
[2023-11-18 18:19:54,439][__main__][INFO] - epoch: 20
[2023-11-18 18:19:55,724][__main__][INFO] - alignment: tensor([0., 0., 0., 0., 0., 0., 0., 0., 0., 0., 0., 0., 0., 0., 0.])
[2023-11-18 18:19:55,725][__main__][INFO] - epoch: 30
[2023-11-18 18:19:57,168][__main__][INFO] - alignment: tensor([0., 0., 0., 0., 0., 0., 0., 0., 0., 0., 0., 0., 0., 0., 0.])
[2023-11-18 18:19:57,168][__main__][INFO] - epoch: 40
[2023-11-18 18:19:58,490][__main__][INFO] - alignment: tensor([0., 0., 0., 0., 0., 0., 0., 0., 0., 0., 0., 0., 0., 0., 0.])
[2023-11-18 18:19:58,490][__main__][INFO] - epoch: 50
[2023-11-18 18:19:59,699][__main__][INFO] - alignment: tensor([0., 0., 0., 0., 0., 0., 0., 0., 0., 0., 0., 0., 0., 0., 0.])
[2023-11-18 18:19:59,699][__main__][INFO] - epoch: 60
[2023-11-18 18:20:00,928][__main__][INFO] - alignment: tensor([0., 0., 0., 0., 0., 0., 0., 0., 0., 0., 0., 0., 0., 0., 0.])
[2023-11-18 18:20:00,929][__main__][INFO] - epoch: 70
[2023-11-18 18:20:02,137][__main__][INFO] - alignment: tensor([0., 0., 0., 0., 0., 0., 0., 0., 0., 0., 0., 0., 0., 0., 0.])
[2023-11-18 18:20:02,137][__main__][INFO] - epoch: 80
[2023-11-18 18:20:03,378][__main__][INFO] - alignment: tensor([0., 0., 0., 0., 0., 0., 0., 0., 0., 0., 0., 0., 0., 0., 0.])
[2023-11-18 18:20:03,379][__main__][INFO] - epoch: 90
[2023-11-18 18:20:04,580][__main__][INFO] - alignment: tensor([0., 0., 0., 0., 0., 0., 0., 0., 0., 0., 0., 0., 0., 0., 0.])
[2023-11-18 18:20:04,580][__main__][INFO] - epoch: 100
[2023-11-18 18:20:05,967][__main__][INFO] - alignment: tensor([0., 0., 0., 0., 0., 0., 0., 0., 0., 0., 0., 0., 0., 0., 0.])
[2023-11-18 18:20:05,967][__main__][INFO] - epoch: 110
[2023-11-18 18:20:07,151][__main__][INFO] - alignment: tensor([0., 0., 0., 0., 0., 0., 0., 0., 0., 0., 0., 0., 0., 0., 0.])
[2023-11-18 18:20:07,151][__main__][INFO] - epoch: 120
[2023-11-18 18:20:08,338][__main__][INFO] - alignment: tensor([2., 0., 0., 0., 0., 0., 0., 0., 0., 0., 0., 0., 0., 0., 0.])
[2023-11-18 18:20:08,338][__main__][INFO] - epoch: 130
[2023-11-18 18:20:09,547][__main__][INFO] - alignment: tensor([6., 0., 0., 0., 0., 0., 0., 0., 0., 0., 0., 0., 0., 0., 0.])
[2023-11-18 18:20:09,547][__main__][INFO] - epoch: 140
[2023-11-18 18:20:10,734][__main__][INFO] - alignment: tensor([14.,  0.,  0.,  0.,  0.,  0.,  0.,  0.,  0.,  0.,  0.,  0.,  0.,  0.,
         0.])
[2023-11-18 18:20:10,734][__main__][INFO] - epoch: 150
[2023-11-18 18:20:11,975][__main__][INFO] - alignment: tensor([25.,  0.,  0.,  0.,  0.,  0.,  0.,  0.,  0.,  0.,  0.,  0.,  0.,  0.,
         0.])
[2023-11-18 18:20:11,975][__main__][INFO] - epoch: 160
[2023-11-18 18:20:13,197][__main__][INFO] - alignment: tensor([41.,  0.,  0.,  0.,  0.,  0.,  0.,  0.,  0.,  0.,  0.,  0.,  0.,  0.,
         0.])
[2023-11-18 18:20:13,198][__main__][INFO] - epoch: 170
[2023-11-18 18:20:14,385][__main__][INFO] - alignment: tensor([96.,  1.,  0.,  0.,  0.,  0.,  0.,  0.,  0.,  0.,  1.,  0.,  0.,  0.,
         0.])
[2023-11-18 18:20:14,385][__main__][INFO] - epoch: 180
[2023-11-18 18:20:15,567][__main__][INFO] - alignment: tensor([114.,   1.,   0.,   0.,   0.,   0.,   0.,   0.,   0.,   0.,   1.,   0.,
          0.,   0.,   0.])
[2023-11-18 18:20:15,567][__main__][INFO] - epoch: 190
[2023-11-18 18:20:16,760][__main__][INFO] - alignment: tensor([113.,   1.,   1.,   0.,   0.,   0.,   0.,   0.,   0.,   0.,   1.,   1.,
          0.,   0.,   0.])
[2023-11-18 18:20:16,761][__main__][INFO] - epoch: 200
[2023-11-18 18:20:18,066][__main__][INFO] - alignment: tensor([106.,   1.,   3.,   0.,   0.,   0.,   0.,   0.,   0.,   0.,   1.,   1.,
          0.,   0.,   0.])
[2023-11-18 18:20:18,066][__main__][INFO] - epoch: 210
[2023-11-18 18:20:19,261][__main__][INFO] - alignment: tensor([101.,   2.,   3.,   0.,   0.,   0.,   0.,   0.,   1.,   0.,   1.,   1.,
          0.,   0.,   0.])
[2023-11-18 18:20:19,261][__main__][INFO] - epoch: 220
[2023-11-18 18:20:20,547][__main__][INFO] - alignment: tensor([85.,  2.,  3.,  1.,  0.,  0.,  0.,  0.,  1.,  0.,  1.,  1.,  0.,  0.,
         0.])
[2023-11-18 18:20:20,547][__main__][INFO] - epoch: 230
[2023-11-18 18:20:21,735][__main__][INFO] - alignment: tensor([69.,  2.,  3.,  1.,  0.,  0.,  0.,  0.,  1.,  0.,  1.,  1.,  0.,  0.,
         0.])
[2023-11-18 18:20:21,735][__main__][INFO] - epoch: 240
[2023-11-18 18:20:23,068][__main__][INFO] - alignment: tensor([64.,  2.,  4.,  2.,  1.,  0.,  0.,  0.,  1.,  0.,  1.,  1.,  0.,  0.,
         0.])
[2023-11-18 18:20:23,069][__main__][INFO] - epoch: 250
[2023-11-18 18:20:24,264][__main__][INFO] - alignment: tensor([57.,  2.,  3.,  3.,  1.,  0.,  0.,  0.,  1.,  0.,  1.,  1.,  0.,  0.,
         0.])
[2023-11-18 18:20:24,264][__main__][INFO] - epoch: 260
[2023-11-18 18:20:25,523][__main__][INFO] - alignment: tensor([46.,  1.,  3.,  3.,  1.,  0.,  0.,  0.,  1.,  0.,  1.,  1.,  0.,  0.,
         0.])
[2023-11-18 18:20:25,523][__main__][INFO] - epoch: 270
[2023-11-18 18:20:26,763][__main__][INFO] - alignment: tensor([41.,  2.,  3.,  3.,  1.,  0.,  1.,  0.,  1.,  0.,  1.,  1.,  0.,  0.,
         0.])
[2023-11-18 18:20:26,763][__main__][INFO] - epoch: 280
[2023-11-18 18:20:28,074][__main__][INFO] - alignment: tensor([40.,  2.,  3.,  3.,  1.,  0.,  1.,  0.,  1.,  0.,  1.,  1.,  0.,  0.,
         0.])
[2023-11-18 18:20:28,074][__main__][INFO] - epoch: 290
[2023-11-18 18:20:29,373][__main__][INFO] - alignment: tensor([34.,  2.,  4.,  3.,  1.,  0.,  1.,  0.,  1.,  0.,  1.,  1.,  0.,  0.,
         0.])
[2023-11-18 18:20:29,373][__main__][INFO] - epoch: 300
[2023-11-18 18:20:30,707][__main__][INFO] - alignment: tensor([33.,  2.,  3.,  3.,  1.,  0.,  1.,  0.,  1.,  0.,  1.,  1.,  0.,  0.,
         0.])
[2023-11-18 18:20:30,708][__main__][INFO] - epoch: 310
[2023-11-18 18:20:32,026][__main__][INFO] - alignment: tensor([32.,  2.,  4.,  3.,  1.,  0.,  1.,  0.,  1.,  0.,  1.,  1.,  0.,  0.,
         0.])
[2023-11-18 18:20:32,027][__main__][INFO] - epoch: 320
[2023-11-18 18:20:33,346][__main__][INFO] - alignment: tensor([31.,  2.,  3.,  3.,  1.,  1.,  1.,  0.,  1.,  0.,  1.,  1.,  0.,  0.,
         0.])
[2023-11-18 18:20:33,346][__main__][INFO] - epoch: 330
[2023-11-18 18:20:34,598][__main__][INFO] - alignment: tensor([30.,  2.,  3.,  3.,  1.,  1.,  1.,  0.,  1.,  0.,  1.,  1.,  0.,  0.,
         0.])
[2023-11-18 18:20:34,598][__main__][INFO] - epoch: 340
[2023-11-18 18:20:35,862][__main__][INFO] - alignment: tensor([28.,  3.,  3.,  3.,  1.,  1.,  1.,  0.,  1.,  0.,  1.,  1.,  0.,  0.,
         0.])
[2023-11-18 18:20:35,862][__main__][INFO] - epoch: 350
[2023-11-18 18:20:37,115][__main__][INFO] - alignment: tensor([28.,  3.,  3.,  3.,  1.,  1.,  1.,  0.,  1.,  0.,  1.,  1.,  0.,  0.,
         0.])
[2023-11-18 18:20:37,207][__main__][INFO] - Training losses plot: train_losses.png
[2023-11-18 18:20:37,301][__main__][INFO] - Accuracies plot: accuracies.png
