[2023-11-18 19:26:45,987][hydra.utils][INFO] - Logging from main
[2023-11-18 20:03:24,368][__main__][INFO] - Model weights saved at: model.pt
[2023-11-18 20:03:24,383][__main__][INFO] - Training accuracy: 1.0
[2023-11-18 20:03:24,383][__main__][INFO] - Testing accuracy: 0.925
[2023-11-18 20:03:24,383][__main__][INFO] - feat_thresh: 0.1
[2023-11-18 20:03:24,383][__main__][INFO] - epoch: 0
[2023-11-18 20:03:25,593][__main__][INFO] - alignment: tensor([0., 0., 0., 0., 0., 0., 0., 0., 0., 0., 0., 0., 0., 0., 0.])
[2023-11-18 20:03:25,593][__main__][INFO] - epoch: 10
[2023-11-18 20:03:26,778][__main__][INFO] - alignment: tensor([0., 0., 0., 0., 0., 0., 0., 0., 0., 0., 0., 0., 0., 0., 0.])
[2023-11-18 20:03:26,778][__main__][INFO] - epoch: 20
[2023-11-18 20:03:28,095][__main__][INFO] - alignment: tensor([0., 0., 0., 0., 0., 0., 0., 0., 0., 0., 0., 0., 0., 0., 0.])
[2023-11-18 20:03:28,096][__main__][INFO] - epoch: 30
[2023-11-18 20:03:29,407][__main__][INFO] - alignment: tensor([0., 0., 0., 0., 0., 0., 0., 0., 0., 0., 0., 0., 0., 0., 0.])
[2023-11-18 20:03:29,407][__main__][INFO] - epoch: 40
[2023-11-18 20:03:30,790][__main__][INFO] - alignment: tensor([0., 0., 0., 0., 0., 0., 0., 0., 0., 0., 0., 0., 0., 0., 0.])
[2023-11-18 20:03:30,791][__main__][INFO] - epoch: 50
[2023-11-18 20:03:32,030][__main__][INFO] - alignment: tensor([0., 0., 0., 0., 0., 0., 0., 0., 0., 0., 0., 0., 0., 0., 0.])
[2023-11-18 20:03:32,030][__main__][INFO] - epoch: 60
[2023-11-18 20:03:33,217][__main__][INFO] - alignment: tensor([0., 0., 0., 0., 0., 0., 0., 0., 0., 0., 0., 0., 0., 0., 0.])
[2023-11-18 20:03:33,217][__main__][INFO] - epoch: 70
[2023-11-18 20:03:34,376][__main__][INFO] - alignment: tensor([0., 0., 0., 0., 0., 0., 0., 0., 0., 0., 0., 0., 0., 0., 0.])
[2023-11-18 20:03:34,377][__main__][INFO] - epoch: 80
[2023-11-18 20:03:35,645][__main__][INFO] - alignment: tensor([0., 0., 0., 0., 0., 0., 0., 0., 0., 0., 0., 0., 0., 0., 0.])
[2023-11-18 20:03:35,645][__main__][INFO] - epoch: 90
[2023-11-18 20:03:36,868][__main__][INFO] - alignment: tensor([0., 0., 0., 0., 0., 0., 0., 0., 0., 0., 0., 0., 0., 0., 0.])
[2023-11-18 20:03:36,868][__main__][INFO] - epoch: 100
[2023-11-18 20:03:38,232][__main__][INFO] - alignment: tensor([0., 0., 0., 0., 0., 0., 0., 0., 0., 0., 0., 0., 0., 0., 0.])
[2023-11-18 20:03:38,232][__main__][INFO] - epoch: 110
[2023-11-18 20:03:39,503][__main__][INFO] - alignment: tensor([0., 0., 0., 0., 0., 0., 0., 0., 0., 0., 0., 0., 0., 0., 0.])
[2023-11-18 20:03:39,503][__main__][INFO] - epoch: 120
[2023-11-18 20:03:40,701][__main__][INFO] - alignment: tensor([0., 0., 0., 0., 0., 0., 0., 0., 0., 0., 0., 0., 0., 0., 0.])
[2023-11-18 20:03:40,701][__main__][INFO] - epoch: 130
[2023-11-18 20:03:42,080][__main__][INFO] - alignment: tensor([0., 0., 0., 0., 0., 0., 0., 0., 0., 0., 0., 0., 0., 0., 0.])
[2023-11-18 20:03:42,080][__main__][INFO] - epoch: 140
[2023-11-18 20:03:43,303][__main__][INFO] - alignment: tensor([0., 0., 0., 0., 0., 0., 0., 0., 0., 0., 0., 0., 0., 0., 0.])
[2023-11-18 20:03:43,303][__main__][INFO] - epoch: 150
[2023-11-18 20:03:44,501][__main__][INFO] - alignment: tensor([0., 0., 0., 0., 0., 0., 0., 0., 0., 0., 0., 0., 0., 0., 0.])
[2023-11-18 20:03:44,501][__main__][INFO] - epoch: 160
[2023-11-18 20:03:45,707][__main__][INFO] - alignment: tensor([0., 0., 0., 0., 0., 0., 0., 0., 0., 0., 0., 0., 0., 0., 0.])
[2023-11-18 20:03:45,707][__main__][INFO] - epoch: 170
[2023-11-18 20:03:47,033][__main__][INFO] - alignment: tensor([0., 0., 0., 0., 0., 0., 0., 0., 0., 0., 0., 0., 0., 0., 0.])
[2023-11-18 20:03:47,033][__main__][INFO] - epoch: 180
[2023-11-18 20:03:48,372][__main__][INFO] - alignment: tensor([0., 0., 0., 0., 0., 0., 0., 0., 0., 0., 0., 0., 0., 0., 0.])
[2023-11-18 20:03:48,372][__main__][INFO] - epoch: 190
[2023-11-18 20:03:49,711][__main__][INFO] - alignment: tensor([0., 0., 0., 0., 0., 0., 0., 0., 0., 0., 0., 0., 0., 0., 0.])
[2023-11-18 20:03:49,711][__main__][INFO] - epoch: 200
[2023-11-18 20:03:51,512][__main__][INFO] - alignment: tensor([0., 0., 0., 0., 0., 0., 0., 0., 0., 0., 0., 0., 0., 0., 0.])
[2023-11-18 20:03:51,512][__main__][INFO] - epoch: 210
[2023-11-18 20:03:52,879][__main__][INFO] - alignment: tensor([0., 0., 0., 0., 0., 0., 0., 0., 0., 0., 0., 0., 0., 0., 0.])
[2023-11-18 20:03:52,879][__main__][INFO] - epoch: 220
[2023-11-18 20:03:54,213][__main__][INFO] - alignment: tensor([0., 0., 0., 0., 0., 0., 0., 0., 0., 0., 0., 0., 0., 0., 0.])
[2023-11-18 20:03:54,213][__main__][INFO] - epoch: 230
[2023-11-18 20:03:55,657][__main__][INFO] - alignment: tensor([1., 0., 0., 0., 0., 0., 0., 0., 0., 0., 0., 0., 0., 0., 0.])
[2023-11-18 20:03:55,657][__main__][INFO] - epoch: 240
[2023-11-18 20:03:56,894][__main__][INFO] - alignment: tensor([1., 0., 0., 0., 0., 0., 0., 0., 0., 0., 0., 0., 0., 0., 0.])
[2023-11-18 20:03:56,894][__main__][INFO] - epoch: 250
[2023-11-18 20:03:58,174][__main__][INFO] - alignment: tensor([1., 0., 0., 0., 0., 0., 0., 0., 0., 0., 0., 0., 0., 0., 0.])
[2023-11-18 20:03:58,174][__main__][INFO] - epoch: 260
[2023-11-18 20:03:59,442][__main__][INFO] - alignment: tensor([1., 0., 0., 0., 0., 0., 0., 0., 0., 0., 0., 0., 0., 0., 0.])
[2023-11-18 20:03:59,442][__main__][INFO] - epoch: 270
[2023-11-18 20:04:00,681][__main__][INFO] - alignment: tensor([1., 0., 0., 0., 0., 0., 0., 0., 0., 0., 0., 0., 0., 0., 0.])
[2023-11-18 20:04:00,681][__main__][INFO] - epoch: 280
[2023-11-18 20:04:01,893][__main__][INFO] - alignment: tensor([6., 0., 0., 0., 0., 0., 0., 0., 0., 0., 0., 0., 0., 0., 0.])
[2023-11-18 20:04:01,893][__main__][INFO] - epoch: 290
[2023-11-18 20:04:03,242][__main__][INFO] - alignment: tensor([16.,  0.,  0.,  0.,  0.,  0.,  0.,  0.,  0.,  0.,  0.,  0.,  0.,  0.,
         0.])
[2023-11-18 20:04:03,242][__main__][INFO] - epoch: 300
[2023-11-18 20:04:04,579][__main__][INFO] - alignment: tensor([19.,  0.,  0.,  0.,  0.,  0.,  0.,  0.,  0.,  0.,  0.,  0.,  0.,  0.,
         0.])
[2023-11-18 20:04:04,580][__main__][INFO] - epoch: 310
[2023-11-18 20:04:05,828][__main__][INFO] - alignment: tensor([21.,  0.,  0.,  0.,  0.,  0.,  0.,  0.,  0.,  0.,  0.,  0.,  0.,  0.,
         0.])
[2023-11-18 20:04:05,829][__main__][INFO] - epoch: 320
[2023-11-18 20:04:07,187][__main__][INFO] - alignment: tensor([16.,  1.,  0.,  0.,  0.,  0.,  0.,  0.,  0.,  0.,  0.,  0.,  0.,  0.,
         0.])
[2023-11-18 20:04:07,187][__main__][INFO] - epoch: 330
[2023-11-18 20:04:08,518][__main__][INFO] - alignment: tensor([10.,  1.,  1.,  0.,  0.,  0.,  0.,  0.,  0.,  0.,  0.,  0.,  0.,  0.,
         0.])
[2023-11-18 20:04:08,518][__main__][INFO] - epoch: 340
[2023-11-18 20:04:09,881][__main__][INFO] - alignment: tensor([9., 1., 1., 0., 0., 0., 0., 0., 0., 0., 0., 0., 0., 0., 0.])
[2023-11-18 20:04:09,881][__main__][INFO] - epoch: 350
[2023-11-18 20:04:11,472][__main__][INFO] - alignment: tensor([10.,  1.,  1.,  0.,  0.,  0.,  0.,  0.,  0.,  0.,  0.,  0.,  0.,  0.,
         0.])
[2023-11-18 20:04:11,472][__main__][INFO] - epoch: 360
[2023-11-18 20:04:12,865][__main__][INFO] - alignment: tensor([10.,  1.,  1.,  0.,  0.,  0.,  0.,  0.,  0.,  0.,  0.,  0.,  0.,  0.,
         0.])
[2023-11-18 20:04:12,865][__main__][INFO] - epoch: 370
[2023-11-18 20:04:14,197][__main__][INFO] - alignment: tensor([9., 1., 1., 0., 0., 0., 0., 0., 0., 0., 0., 0., 0., 0., 0.])
[2023-11-18 20:04:14,197][__main__][INFO] - epoch: 380
[2023-11-18 20:04:15,483][__main__][INFO] - alignment: tensor([9., 1., 1., 0., 0., 0., 0., 0., 0., 0., 0., 0., 0., 1., 0.])
[2023-11-18 20:04:15,484][__main__][INFO] - epoch: 390
[2023-11-18 20:04:16,690][__main__][INFO] - alignment: tensor([7., 1., 1., 0., 0., 0., 0., 0., 0., 0., 0., 0., 0., 0., 0.])
[2023-11-18 20:04:16,690][__main__][INFO] - epoch: 400
[2023-11-18 20:04:17,911][__main__][INFO] - alignment: tensor([8., 1., 1., 0., 0., 0., 0., 0., 0., 0., 0., 0., 0., 1., 0.])
[2023-11-18 20:04:17,911][__main__][INFO] - epoch: 410
[2023-11-18 20:04:19,510][__main__][INFO] - alignment: tensor([8., 1., 1., 0., 0., 0., 0., 0., 0., 0., 0., 0., 0., 1., 0.])
[2023-11-18 20:04:19,510][__main__][INFO] - epoch: 420
[2023-11-18 20:04:20,952][__main__][INFO] - alignment: tensor([7., 2., 1., 0., 0., 0., 0., 0., 0., 0., 0., 0., 0., 1., 0.])
[2023-11-18 20:04:20,952][__main__][INFO] - epoch: 430
[2023-11-18 20:04:22,137][__main__][INFO] - alignment: tensor([6., 2., 1., 0., 0., 0., 0., 0., 0., 0., 0., 0., 0., 0., 0.])
[2023-11-18 20:04:22,137][__main__][INFO] - epoch: 440
[2023-11-18 20:04:23,372][__main__][INFO] - alignment: tensor([7., 2., 1., 0., 0., 0., 0., 0., 0., 0., 0., 0., 0., 0., 0.])
[2023-11-18 20:04:23,372][__main__][INFO] - epoch: 450
[2023-11-18 20:04:24,559][__main__][INFO] - alignment: tensor([7., 2., 1., 0., 0., 0., 0., 0., 0., 0., 0., 0., 0., 1., 0.])
[2023-11-18 20:04:24,559][__main__][INFO] - epoch: 460
[2023-11-18 20:04:25,798][__main__][INFO] - alignment: tensor([7., 2., 1., 0., 0., 0., 0., 0., 0., 0., 0., 0., 0., 1., 0.])
[2023-11-18 20:04:25,798][__main__][INFO] - feat_thresh: 0.2
[2023-11-18 20:04:25,798][__main__][INFO] - epoch: 0
[2023-11-18 20:04:27,089][__main__][INFO] - alignment: tensor([0., 0., 0., 0., 0., 0., 0., 0., 0., 0., 0., 0., 0., 0., 0.])
[2023-11-18 20:04:27,089][__main__][INFO] - epoch: 10
[2023-11-18 20:04:28,309][__main__][INFO] - alignment: tensor([0., 0., 0., 0., 0., 0., 0., 0., 0., 0., 0., 0., 0., 0., 0.])
[2023-11-18 20:04:28,309][__main__][INFO] - epoch: 20
[2023-11-18 20:04:29,507][__main__][INFO] - alignment: tensor([0., 0., 0., 0., 0., 0., 0., 0., 0., 0., 0., 0., 0., 0., 0.])
[2023-11-18 20:04:29,508][__main__][INFO] - epoch: 30
[2023-11-18 20:04:30,734][__main__][INFO] - alignment: tensor([0., 0., 0., 0., 0., 0., 0., 0., 0., 0., 0., 0., 0., 0., 0.])
[2023-11-18 20:04:30,734][__main__][INFO] - epoch: 40
[2023-11-18 20:04:31,937][__main__][INFO] - alignment: tensor([0., 0., 0., 0., 0., 0., 0., 0., 0., 0., 0., 0., 0., 0., 0.])
[2023-11-18 20:04:31,938][__main__][INFO] - epoch: 50
[2023-11-18 20:04:33,214][__main__][INFO] - alignment: tensor([0., 0., 0., 0., 0., 0., 0., 0., 0., 0., 0., 0., 0., 0., 0.])
[2023-11-18 20:04:33,214][__main__][INFO] - epoch: 60
[2023-11-18 20:04:34,548][__main__][INFO] - alignment: tensor([0., 0., 0., 0., 0., 0., 0., 0., 0., 0., 0., 0., 0., 0., 0.])
[2023-11-18 20:04:34,548][__main__][INFO] - epoch: 70
[2023-11-18 20:04:35,883][__main__][INFO] - alignment: tensor([0., 0., 0., 0., 0., 0., 0., 0., 0., 0., 0., 0., 0., 0., 0.])
[2023-11-18 20:04:35,883][__main__][INFO] - epoch: 80
[2023-11-18 20:04:37,262][__main__][INFO] - alignment: tensor([0., 0., 0., 0., 0., 0., 0., 0., 0., 0., 0., 0., 0., 0., 0.])
[2023-11-18 20:04:37,262][__main__][INFO] - epoch: 90
[2023-11-18 20:04:38,662][__main__][INFO] - alignment: tensor([0., 0., 0., 0., 0., 0., 0., 0., 0., 0., 0., 0., 0., 0., 0.])
[2023-11-18 20:04:38,663][__main__][INFO] - epoch: 100
[2023-11-18 20:04:40,106][__main__][INFO] - alignment: tensor([0., 0., 0., 0., 0., 0., 0., 0., 0., 0., 0., 0., 0., 0., 0.])
[2023-11-18 20:04:40,107][__main__][INFO] - epoch: 110
[2023-11-18 20:04:41,471][__main__][INFO] - alignment: tensor([0., 0., 0., 0., 0., 0., 0., 0., 0., 0., 0., 0., 0., 0., 0.])
[2023-11-18 20:04:41,471][__main__][INFO] - epoch: 120
[2023-11-18 20:04:42,993][__main__][INFO] - alignment: tensor([0., 0., 0., 0., 0., 0., 0., 0., 0., 0., 0., 0., 0., 0., 0.])
[2023-11-18 20:04:42,993][__main__][INFO] - epoch: 130
[2023-11-18 20:04:44,208][__main__][INFO] - alignment: tensor([0., 0., 0., 0., 0., 0., 0., 0., 0., 0., 0., 0., 0., 0., 0.])
[2023-11-18 20:04:44,209][__main__][INFO] - epoch: 140
[2023-11-18 20:04:45,418][__main__][INFO] - alignment: tensor([0., 0., 0., 0., 0., 0., 0., 0., 0., 0., 0., 0., 0., 0., 0.])
[2023-11-18 20:04:45,418][__main__][INFO] - epoch: 150
[2023-11-18 20:04:46,577][__main__][INFO] - alignment: tensor([0., 0., 0., 0., 0., 0., 0., 0., 0., 0., 0., 0., 0., 0., 0.])
[2023-11-18 20:04:46,577][__main__][INFO] - epoch: 160
[2023-11-18 20:04:47,805][__main__][INFO] - alignment: tensor([0., 0., 0., 0., 0., 0., 0., 0., 0., 0., 0., 0., 0., 0., 0.])
[2023-11-18 20:04:47,805][__main__][INFO] - epoch: 170
[2023-11-18 20:04:49,566][__main__][INFO] - alignment: tensor([0., 0., 0., 0., 0., 0., 0., 0., 0., 0., 0., 0., 0., 0., 0.])
[2023-11-18 20:04:49,566][__main__][INFO] - epoch: 180
[2023-11-18 20:04:50,841][__main__][INFO] - alignment: tensor([0., 0., 0., 0., 0., 0., 0., 0., 0., 0., 0., 0., 0., 0., 0.])
[2023-11-18 20:04:50,842][__main__][INFO] - epoch: 190
[2023-11-18 20:04:52,068][__main__][INFO] - alignment: tensor([0., 0., 0., 0., 0., 0., 0., 0., 0., 0., 0., 0., 0., 0., 0.])
[2023-11-18 20:04:52,068][__main__][INFO] - epoch: 200
[2023-11-18 20:04:53,265][__main__][INFO] - alignment: tensor([0., 0., 0., 0., 0., 0., 0., 0., 0., 0., 0., 0., 0., 0., 0.])
[2023-11-18 20:04:53,265][__main__][INFO] - epoch: 210
[2023-11-18 20:04:54,557][__main__][INFO] - alignment: tensor([0., 0., 0., 0., 0., 0., 0., 0., 0., 0., 0., 0., 0., 0., 0.])
[2023-11-18 20:04:54,558][__main__][INFO] - epoch: 220
[2023-11-18 20:04:55,869][__main__][INFO] - alignment: tensor([0., 0., 0., 0., 0., 0., 0., 0., 0., 0., 0., 0., 0., 0., 0.])
[2023-11-18 20:04:55,869][__main__][INFO] - epoch: 230
[2023-11-18 20:04:57,132][__main__][INFO] - alignment: tensor([2., 0., 0., 0., 0., 0., 0., 0., 0., 0., 0., 0., 0., 0., 0.])
[2023-11-18 20:04:57,132][__main__][INFO] - epoch: 240
[2023-11-18 20:04:58,625][__main__][INFO] - alignment: tensor([6., 0., 0., 0., 0., 0., 0., 0., 0., 0., 0., 0., 0., 0., 0.])
[2023-11-18 20:04:58,626][__main__][INFO] - epoch: 250
[2023-11-18 20:05:00,150][__main__][INFO] - alignment: tensor([7., 0., 0., 0., 0., 0., 0., 0., 0., 0., 0., 0., 0., 0., 0.])
[2023-11-18 20:05:00,150][__main__][INFO] - epoch: 260
[2023-11-18 20:05:01,308][__main__][INFO] - alignment: tensor([12.,  0.,  0.,  0.,  0.,  0.,  0.,  0.,  0.,  0.,  0.,  0.,  0.,  0.,
         0.])
[2023-11-18 20:05:01,309][__main__][INFO] - epoch: 270
[2023-11-18 20:05:02,764][__main__][INFO] - alignment: tensor([21.,  0.,  0.,  0.,  0.,  0.,  0.,  0.,  0.,  0.,  0.,  0.,  0.,  0.,
         0.])
[2023-11-18 20:05:02,764][__main__][INFO] - epoch: 280
[2023-11-18 20:05:04,106][__main__][INFO] - alignment: tensor([46.,  0.,  0.,  0.,  0.,  0.,  0.,  0.,  0.,  0.,  0.,  0.,  0.,  0.,
         0.])
[2023-11-18 20:05:04,106][__main__][INFO] - epoch: 290
[2023-11-18 20:05:05,464][__main__][INFO] - alignment: tensor([65.,  0.,  0.,  0.,  0.,  0.,  0.,  0.,  0.,  0.,  0.,  0.,  0.,  0.,
         0.])
[2023-11-18 20:05:05,464][__main__][INFO] - epoch: 300
[2023-11-18 20:05:06,684][__main__][INFO] - alignment: tensor([69.,  0.,  0.,  0.,  0.,  0.,  0.,  0.,  0.,  0.,  0.,  0.,  0.,  0.,
         0.])
[2023-11-18 20:05:06,685][__main__][INFO] - epoch: 310
[2023-11-18 20:05:08,207][__main__][INFO] - alignment: tensor([62.,  1.,  1.,  0.,  0.,  0.,  0.,  0.,  0.,  0.,  0.,  0.,  0.,  0.,
         0.])
[2023-11-18 20:05:08,207][__main__][INFO] - epoch: 320
[2023-11-18 20:05:09,434][__main__][INFO] - alignment: tensor([51.,  3.,  2.,  0.,  0.,  0.,  0.,  0.,  0.,  0.,  0.,  0.,  0.,  0.,
         0.])
[2023-11-18 20:05:09,434][__main__][INFO] - epoch: 330
[2023-11-18 20:05:10,828][__main__][INFO] - alignment: tensor([44.,  3.,  2.,  0.,  0.,  0.,  0.,  0.,  0.,  0.,  0.,  0.,  0.,  0.,
         0.])
[2023-11-18 20:05:10,828][__main__][INFO] - epoch: 340
[2023-11-18 20:05:12,308][__main__][INFO] - alignment: tensor([39.,  4.,  2.,  0.,  0.,  0.,  0.,  0.,  0.,  0.,  0.,  0.,  0.,  0.,
         0.])
[2023-11-18 20:05:12,308][__main__][INFO] - epoch: 350
[2023-11-18 20:05:13,653][__main__][INFO] - alignment: tensor([29.,  4.,  2.,  0.,  0.,  0.,  0.,  0.,  0.,  0.,  0.,  0.,  0.,  0.,
         0.])
[2023-11-18 20:05:13,653][__main__][INFO] - epoch: 360
[2023-11-18 20:05:15,094][__main__][INFO] - alignment: tensor([26.,  5.,  3.,  0.,  1.,  0.,  0.,  0.,  0.,  0.,  0.,  0.,  0.,  1.,
         0.])
[2023-11-18 20:05:15,095][__main__][INFO] - epoch: 370
[2023-11-18 20:05:16,412][__main__][INFO] - alignment: tensor([23.,  3.,  3.,  0.,  2.,  0.,  0.,  0.,  0.,  0.,  0.,  0.,  0.,  1.,
         0.])
[2023-11-18 20:05:16,412][__main__][INFO] - epoch: 380
[2023-11-18 20:05:17,733][__main__][INFO] - alignment: tensor([25.,  4.,  3.,  0.,  2.,  0.,  0.,  0.,  0.,  0.,  0.,  0.,  0.,  1.,
         0.])
[2023-11-18 20:05:17,733][__main__][INFO] - epoch: 390
[2023-11-18 20:05:19,513][__main__][INFO] - alignment: tensor([21.,  4.,  3.,  0.,  2.,  0.,  0.,  0.,  0.,  0.,  0.,  0.,  0.,  1.,
         0.])
[2023-11-18 20:05:19,514][__main__][INFO] - epoch: 400
[2023-11-18 20:05:20,885][__main__][INFO] - alignment: tensor([22.,  4.,  2.,  0.,  2.,  0.,  0.,  0.,  0.,  0.,  0.,  0.,  0.,  1.,
         0.])
[2023-11-18 20:05:20,885][__main__][INFO] - epoch: 410
[2023-11-18 20:05:22,179][__main__][INFO] - alignment: tensor([17.,  4.,  2.,  0.,  2.,  0.,  0.,  0.,  0.,  0.,  0.,  0.,  0.,  1.,
         0.])
[2023-11-18 20:05:22,180][__main__][INFO] - epoch: 420
[2023-11-18 20:05:23,635][__main__][INFO] - alignment: tensor([18.,  4.,  2.,  0.,  2.,  0.,  0.,  0.,  0.,  0.,  0.,  0.,  0.,  1.,
         0.])
[2023-11-18 20:05:23,636][__main__][INFO] - epoch: 430
[2023-11-18 20:05:25,192][__main__][INFO] - alignment: tensor([16.,  4.,  2.,  0.,  2.,  0.,  0.,  0.,  0.,  0.,  0.,  0.,  0.,  1.,
         0.])
[2023-11-18 20:05:25,192][__main__][INFO] - epoch: 440
[2023-11-18 20:05:26,874][__main__][INFO] - alignment: tensor([18.,  3.,  2.,  0.,  2.,  0.,  0.,  0.,  0.,  0.,  0.,  0.,  0.,  1.,
         0.])
[2023-11-18 20:05:26,874][__main__][INFO] - epoch: 450
[2023-11-18 20:05:28,190][__main__][INFO] - alignment: tensor([18.,  4.,  2.,  0.,  2.,  0.,  0.,  0.,  0.,  0.,  0.,  0.,  0.,  1.,
         0.])
[2023-11-18 20:05:28,190][__main__][INFO] - epoch: 460
[2023-11-18 20:05:29,487][__main__][INFO] - alignment: tensor([18.,  4.,  2.,  0.,  2.,  0.,  0.,  0.,  0.,  0.,  0.,  0.,  0.,  1.,
         0.])
[2023-11-18 20:05:29,488][__main__][INFO] - feat_thresh: 0.3
[2023-11-18 20:05:29,488][__main__][INFO] - epoch: 0
[2023-11-18 20:05:30,816][__main__][INFO] - alignment: tensor([0., 0., 0., 0., 0., 0., 0., 0., 0., 0., 0., 0., 0., 0., 0.])
[2023-11-18 20:05:30,817][__main__][INFO] - epoch: 10
[2023-11-18 20:05:32,098][__main__][INFO] - alignment: tensor([0., 0., 0., 0., 0., 0., 0., 0., 0., 0., 0., 0., 0., 0., 0.])
[2023-11-18 20:05:32,099][__main__][INFO] - epoch: 20
[2023-11-18 20:05:33,390][__main__][INFO] - alignment: tensor([0., 0., 0., 0., 0., 0., 0., 0., 0., 0., 0., 0., 0., 0., 0.])
[2023-11-18 20:05:33,390][__main__][INFO] - epoch: 30
[2023-11-18 20:05:34,732][__main__][INFO] - alignment: tensor([0., 0., 0., 0., 0., 0., 0., 0., 0., 0., 0., 0., 0., 0., 0.])
[2023-11-18 20:05:34,732][__main__][INFO] - epoch: 40
[2023-11-18 20:05:36,467][__main__][INFO] - alignment: tensor([0., 0., 0., 0., 0., 0., 0., 0., 0., 0., 0., 0., 0., 0., 0.])
[2023-11-18 20:05:36,467][__main__][INFO] - epoch: 50
[2023-11-18 20:05:38,110][__main__][INFO] - alignment: tensor([0., 0., 0., 0., 0., 0., 0., 0., 0., 0., 0., 0., 0., 0., 0.])
[2023-11-18 20:05:38,110][__main__][INFO] - epoch: 60
[2023-11-18 20:05:39,683][__main__][INFO] - alignment: tensor([0., 0., 0., 0., 0., 0., 0., 0., 0., 0., 0., 0., 0., 0., 0.])
[2023-11-18 20:05:39,683][__main__][INFO] - epoch: 70
[2023-11-18 20:05:41,270][__main__][INFO] - alignment: tensor([0., 0., 0., 0., 0., 0., 0., 0., 0., 0., 0., 0., 0., 0., 0.])
[2023-11-18 20:05:41,270][__main__][INFO] - epoch: 80
[2023-11-18 20:05:42,607][__main__][INFO] - alignment: tensor([0., 0., 0., 0., 0., 0., 0., 0., 0., 0., 0., 0., 0., 0., 0.])
[2023-11-18 20:05:42,607][__main__][INFO] - epoch: 90
[2023-11-18 20:05:44,023][__main__][INFO] - alignment: tensor([0., 0., 0., 0., 0., 0., 0., 0., 0., 0., 0., 0., 0., 0., 0.])
[2023-11-18 20:05:44,023][__main__][INFO] - epoch: 100
[2023-11-18 20:05:45,323][__main__][INFO] - alignment: tensor([0., 0., 0., 0., 0., 0., 0., 0., 0., 0., 0., 0., 0., 0., 0.])
[2023-11-18 20:05:45,323][__main__][INFO] - epoch: 110
[2023-11-18 20:05:46,569][__main__][INFO] - alignment: tensor([0., 0., 0., 0., 0., 0., 0., 0., 0., 0., 0., 0., 0., 0., 0.])
[2023-11-18 20:05:46,569][__main__][INFO] - epoch: 120
[2023-11-18 20:05:47,863][__main__][INFO] - alignment: tensor([0., 0., 0., 0., 0., 0., 0., 0., 0., 0., 0., 0., 0., 0., 0.])
[2023-11-18 20:05:47,863][__main__][INFO] - epoch: 130
[2023-11-18 20:05:49,222][__main__][INFO] - alignment: tensor([0., 0., 0., 0., 0., 0., 0., 0., 0., 0., 0., 0., 0., 0., 0.])
[2023-11-18 20:05:49,223][__main__][INFO] - epoch: 140
[2023-11-18 20:05:50,530][__main__][INFO] - alignment: tensor([0., 0., 0., 0., 0., 0., 0., 0., 0., 0., 0., 0., 0., 0., 0.])
[2023-11-18 20:05:50,530][__main__][INFO] - epoch: 150
[2023-11-18 20:05:51,800][__main__][INFO] - alignment: tensor([0., 0., 0., 0., 0., 0., 0., 0., 0., 0., 0., 0., 0., 0., 0.])
[2023-11-18 20:05:51,800][__main__][INFO] - epoch: 160
[2023-11-18 20:05:53,089][__main__][INFO] - alignment: tensor([0., 0., 0., 0., 0., 0., 0., 0., 0., 0., 0., 0., 0., 0., 0.])
[2023-11-18 20:05:53,089][__main__][INFO] - epoch: 170
[2023-11-18 20:05:54,379][__main__][INFO] - alignment: tensor([0., 0., 0., 0., 0., 0., 0., 0., 0., 0., 0., 0., 0., 0., 0.])
[2023-11-18 20:05:54,380][__main__][INFO] - epoch: 180
[2023-11-18 20:05:55,891][__main__][INFO] - alignment: tensor([1., 0., 0., 0., 0., 0., 0., 0., 0., 0., 0., 0., 0., 0., 0.])
[2023-11-18 20:05:55,891][__main__][INFO] - epoch: 190
[2023-11-18 20:05:57,215][__main__][INFO] - alignment: tensor([1., 0., 0., 0., 0., 0., 0., 0., 0., 0., 0., 0., 0., 0., 0.])
[2023-11-18 20:05:57,216][__main__][INFO] - epoch: 200
[2023-11-18 20:05:58,454][__main__][INFO] - alignment: tensor([2., 0., 0., 0., 0., 0., 0., 0., 0., 0., 0., 0., 0., 0., 0.])
[2023-11-18 20:05:58,455][__main__][INFO] - epoch: 210
[2023-11-18 20:05:59,783][__main__][INFO] - alignment: tensor([5., 0., 0., 0., 0., 0., 0., 0., 0., 0., 0., 0., 0., 0., 0.])
[2023-11-18 20:05:59,784][__main__][INFO] - epoch: 220
[2023-11-18 20:06:01,233][__main__][INFO] - alignment: tensor([10.,  0.,  0.,  0.,  0.,  0.,  0.,  0.,  0.,  0.,  0.,  0.,  0.,  0.,
         0.])
[2023-11-18 20:06:01,233][__main__][INFO] - epoch: 230
[2023-11-18 20:06:02,550][__main__][INFO] - alignment: tensor([39.,  0.,  0.,  0.,  0.,  0.,  0.,  0.,  0.,  0.,  0.,  0.,  0.,  0.,
         0.])
[2023-11-18 20:06:02,551][__main__][INFO] - epoch: 240
[2023-11-18 20:06:03,982][__main__][INFO] - alignment: tensor([52.,  0.,  0.,  0.,  0.,  0.,  0.,  0.,  0.,  0.,  0.,  0.,  0.,  0.,
         0.])
[2023-11-18 20:06:03,982][__main__][INFO] - epoch: 250
[2023-11-18 20:06:05,397][__main__][INFO] - alignment: tensor([55.,  0.,  0.,  0.,  0.,  0.,  0.,  0.,  0.,  0.,  0.,  0.,  0.,  0.,
         0.])
[2023-11-18 20:06:05,397][__main__][INFO] - epoch: 260
[2023-11-18 20:06:06,847][__main__][INFO] - alignment: tensor([60.,  0.,  0.,  0.,  0.,  0.,  0.,  0.,  0.,  0.,  0.,  0.,  0.,  0.,
         0.])
[2023-11-18 20:06:06,848][__main__][INFO] - epoch: 270
[2023-11-18 20:06:08,342][__main__][INFO] - alignment: tensor([84.,  0.,  0.,  0.,  0.,  0.,  0.,  0.,  0.,  0.,  0.,  0.,  0.,  0.,
         0.])
[2023-11-18 20:06:08,342][__main__][INFO] - epoch: 280
[2023-11-18 20:06:09,804][__main__][INFO] - alignment: tensor([109.,   0.,   0.,   0.,   0.,   0.,   0.,   0.,   0.,   0.,   0.,   0.,
          0.,   0.,   0.])
[2023-11-18 20:06:09,804][__main__][INFO] - epoch: 290
[2023-11-18 20:06:11,497][__main__][INFO] - alignment: tensor([124.,   1.,   1.,   0.,   0.,   0.,   0.,   0.,   0.,   0.,   0.,   0.,
          0.,   0.,   0.])
[2023-11-18 20:06:11,497][__main__][INFO] - epoch: 300
[2023-11-18 20:06:13,333][__main__][INFO] - alignment: tensor([124.,   4.,   3.,   0.,   0.,   0.,   0.,   0.,   0.,   0.,   0.,   0.,
          0.,   0.,   0.])
[2023-11-18 20:06:13,333][__main__][INFO] - epoch: 310
[2023-11-18 20:06:14,797][__main__][INFO] - alignment: tensor([116.,   6.,   3.,   0.,   0.,   0.,   0.,   0.,   0.,   0.,   0.,   0.,
          0.,   0.,   0.])
[2023-11-18 20:06:14,797][__main__][INFO] - epoch: 320
[2023-11-18 20:06:16,217][__main__][INFO] - alignment: tensor([106.,   6.,   3.,   0.,   0.,   0.,   0.,   0.,   0.,   0.,   0.,   0.,
          0.,   0.,   0.])
[2023-11-18 20:06:16,218][__main__][INFO] - epoch: 330
[2023-11-18 20:06:17,463][__main__][INFO] - alignment: tensor([88.,  9.,  3.,  0.,  0.,  0.,  0.,  0.,  0.,  0.,  0.,  0.,  0.,  1.,
         0.])
[2023-11-18 20:06:17,463][__main__][INFO] - epoch: 340
[2023-11-18 20:06:19,286][__main__][INFO] - alignment: tensor([76.,  7.,  3.,  0.,  1.,  0.,  0.,  0.,  0.,  0.,  0.,  0.,  0.,  1.,
         0.])
[2023-11-18 20:06:19,286][__main__][INFO] - epoch: 350
[2023-11-18 20:06:20,835][__main__][INFO] - alignment: tensor([71.,  7.,  3.,  0.,  2.,  1.,  1.,  0.,  0.,  0.,  0.,  0.,  0.,  1.,
         0.])
[2023-11-18 20:06:20,835][__main__][INFO] - epoch: 360
[2023-11-18 20:06:22,129][__main__][INFO] - alignment: tensor([63.,  6.,  3.,  0.,  2.,  1.,  1.,  0.,  0.,  0.,  0.,  0.,  0.,  1.,
         0.])
[2023-11-18 20:06:22,129][__main__][INFO] - epoch: 370
[2023-11-18 20:06:23,528][__main__][INFO] - alignment: tensor([63.,  8.,  3.,  0.,  2.,  1.,  1.,  0.,  0.,  0.,  0.,  0.,  0.,  1.,
         0.])
[2023-11-18 20:06:23,528][__main__][INFO] - epoch: 380
[2023-11-18 20:06:25,098][__main__][INFO] - alignment: tensor([56.,  8.,  5.,  0.,  2.,  1.,  1.,  0.,  0.,  0.,  0.,  1.,  0.,  1.,
         0.])
[2023-11-18 20:06:25,098][__main__][INFO] - epoch: 390
[2023-11-18 20:06:26,648][__main__][INFO] - alignment: tensor([49.,  8.,  5.,  0.,  2.,  1.,  1.,  1.,  0.,  0.,  1.,  0.,  0.,  1.,
         0.])
[2023-11-18 20:06:26,648][__main__][INFO] - epoch: 400
[2023-11-18 20:06:28,424][__main__][INFO] - alignment: tensor([44.,  8.,  5.,  0.,  2.,  1.,  1.,  1.,  0.,  0.,  1.,  1.,  0.,  1.,
         0.])
[2023-11-18 20:06:28,424][__main__][INFO] - epoch: 410
[2023-11-18 20:06:29,747][__main__][INFO] - alignment: tensor([40.,  8.,  6.,  0.,  2.,  1.,  1.,  1.,  0.,  0.,  1.,  1.,  0.,  1.,
         0.])
[2023-11-18 20:06:29,747][__main__][INFO] - epoch: 420
[2023-11-18 20:06:31,346][__main__][INFO] - alignment: tensor([40.,  8.,  4.,  0.,  2.,  1.,  1.,  1.,  0.,  0.,  1.,  1.,  0.,  1.,
         1.])
[2023-11-18 20:06:31,346][__main__][INFO] - epoch: 430
[2023-11-18 20:06:32,937][__main__][INFO] - alignment: tensor([35.,  7.,  4.,  0.,  2.,  1.,  1.,  1.,  0.,  0.,  1.,  1.,  0.,  1.,
         1.])
[2023-11-18 20:06:32,937][__main__][INFO] - epoch: 440
[2023-11-18 20:06:34,374][__main__][INFO] - alignment: tensor([36.,  6.,  5.,  0.,  2.,  1.,  1.,  1.,  0.,  0.,  1.,  1.,  0.,  1.,
         1.])
[2023-11-18 20:06:34,375][__main__][INFO] - epoch: 450
[2023-11-18 20:06:35,611][__main__][INFO] - alignment: tensor([37.,  8.,  5.,  0.,  2.,  1.,  1.,  1.,  0.,  0.,  1.,  1.,  0.,  1.,
         1.])
[2023-11-18 20:06:35,612][__main__][INFO] - epoch: 460
[2023-11-18 20:06:37,146][__main__][INFO] - alignment: tensor([37.,  8.,  5.,  0.,  2.,  1.,  1.,  1.,  0.,  0.,  1.,  1.,  0.,  1.,
         1.])
[2023-11-18 20:06:37,245][__main__][INFO] - Training losses plot: train_losses.png
[2023-11-18 20:06:37,340][__main__][INFO] - Accuracies plot: accuracies.png
