[2023-11-18 20:50:27,393][hydra.utils][INFO] - Logging from main
[2023-11-18 21:23:33,379][__main__][INFO] - Model weights saved at: model.pt
[2023-11-18 21:23:33,388][__main__][INFO] - Training accuracy: 0.9808888888888889
[2023-11-18 21:23:33,389][__main__][INFO] - Testing accuracy: 0.8916666666666667
[2023-11-18 21:23:33,389][__main__][INFO] - feat_thresh: 0.1
[2023-11-18 21:23:33,389][__main__][INFO] - epoch: 0
[2023-11-18 21:23:35,215][__main__][INFO] - alignment: tensor([0., 0., 0., 0., 0., 0., 0., 0., 0., 0., 0., 0., 0., 0., 0.])
[2023-11-18 21:23:35,216][__main__][INFO] - epoch: 10
[2023-11-18 21:23:36,681][__main__][INFO] - alignment: tensor([0., 0., 0., 0., 0., 0., 0., 0., 0., 0., 0., 0., 0., 0., 0.])
[2023-11-18 21:23:36,682][__main__][INFO] - epoch: 20
[2023-11-18 21:23:38,205][__main__][INFO] - alignment: tensor([0., 0., 0., 0., 0., 0., 0., 0., 0., 0., 0., 0., 0., 0., 0.])
[2023-11-18 21:23:38,205][__main__][INFO] - epoch: 30
[2023-11-18 21:23:39,631][__main__][INFO] - alignment: tensor([0., 0., 0., 0., 0., 0., 0., 0., 0., 0., 0., 0., 0., 0., 0.])
[2023-11-18 21:23:39,631][__main__][INFO] - epoch: 40
[2023-11-18 21:23:41,150][__main__][INFO] - alignment: tensor([0., 0., 0., 0., 0., 0., 0., 0., 0., 0., 0., 0., 0., 0., 0.])
[2023-11-18 21:23:41,150][__main__][INFO] - epoch: 50
[2023-11-18 21:23:42,584][__main__][INFO] - alignment: tensor([0., 0., 0., 0., 0., 0., 0., 0., 0., 0., 0., 0., 0., 0., 0.])
[2023-11-18 21:23:42,584][__main__][INFO] - epoch: 60
[2023-11-18 21:23:43,891][__main__][INFO] - alignment: tensor([0., 0., 0., 0., 0., 0., 0., 0., 0., 0., 0., 0., 0., 0., 0.])
[2023-11-18 21:23:43,892][__main__][INFO] - epoch: 70
[2023-11-18 21:23:45,403][__main__][INFO] - alignment: tensor([0., 0., 0., 0., 0., 0., 0., 0., 0., 0., 0., 0., 0., 0., 0.])
[2023-11-18 21:23:45,403][__main__][INFO] - epoch: 80
[2023-11-18 21:23:46,855][__main__][INFO] - alignment: tensor([0., 0., 0., 0., 0., 0., 0., 0., 0., 0., 0., 0., 0., 0., 0.])
[2023-11-18 21:23:46,855][__main__][INFO] - epoch: 90
[2023-11-18 21:23:48,662][__main__][INFO] - alignment: tensor([0., 0., 0., 0., 0., 0., 0., 0., 0., 0., 0., 0., 0., 0., 0.])
[2023-11-18 21:23:48,662][__main__][INFO] - epoch: 100
[2023-11-18 21:23:50,198][__main__][INFO] - alignment: tensor([0., 0., 0., 0., 0., 0., 0., 0., 0., 0., 0., 0., 0., 0., 0.])
[2023-11-18 21:23:50,199][__main__][INFO] - epoch: 110
[2023-11-18 21:23:51,601][__main__][INFO] - alignment: tensor([0., 0., 0., 0., 0., 0., 0., 0., 0., 0., 0., 0., 0., 0., 0.])
[2023-11-18 21:23:51,601][__main__][INFO] - epoch: 120
[2023-11-18 21:23:52,882][__main__][INFO] - alignment: tensor([0., 0., 0., 0., 0., 0., 0., 0., 0., 0., 0., 0., 0., 0., 0.])
[2023-11-18 21:23:52,883][__main__][INFO] - epoch: 130
[2023-11-18 21:23:54,364][__main__][INFO] - alignment: tensor([0., 0., 0., 0., 0., 0., 0., 0., 0., 0., 0., 0., 0., 0., 0.])
[2023-11-18 21:23:54,365][__main__][INFO] - epoch: 140
[2023-11-18 21:23:55,727][__main__][INFO] - alignment: tensor([0., 0., 0., 0., 0., 0., 0., 0., 0., 0., 0., 0., 0., 0., 0.])
[2023-11-18 21:23:55,727][__main__][INFO] - epoch: 150
[2023-11-18 21:23:57,226][__main__][INFO] - alignment: tensor([0., 0., 0., 0., 0., 0., 0., 0., 0., 0., 0., 0., 0., 0., 0.])
[2023-11-18 21:23:57,227][__main__][INFO] - epoch: 160
[2023-11-18 21:23:58,803][__main__][INFO] - alignment: tensor([0., 0., 0., 0., 0., 0., 0., 0., 0., 0., 0., 0., 0., 0., 0.])
[2023-11-18 21:23:58,803][__main__][INFO] - epoch: 170
[2023-11-18 21:24:00,315][__main__][INFO] - alignment: tensor([0., 0., 0., 0., 0., 0., 0., 0., 0., 0., 0., 0., 0., 0., 0.])
[2023-11-18 21:24:00,315][__main__][INFO] - epoch: 180
[2023-11-18 21:24:01,588][__main__][INFO] - alignment: tensor([0., 0., 0., 0., 0., 0., 0., 0., 0., 0., 0., 0., 0., 0., 0.])
[2023-11-18 21:24:01,588][__main__][INFO] - epoch: 190
[2023-11-18 21:24:02,958][__main__][INFO] - alignment: tensor([0., 0., 0., 0., 0., 0., 0., 0., 0., 0., 0., 0., 0., 0., 0.])
[2023-11-18 21:24:02,959][__main__][INFO] - epoch: 200
[2023-11-18 21:24:04,435][__main__][INFO] - alignment: tensor([0., 0., 0., 0., 0., 0., 0., 0., 0., 0., 0., 0., 0., 0., 0.])
[2023-11-18 21:24:04,436][__main__][INFO] - epoch: 210
[2023-11-18 21:24:05,932][__main__][INFO] - alignment: tensor([0., 0., 0., 0., 0., 0., 0., 0., 0., 0., 0., 0., 0., 0., 0.])
[2023-11-18 21:24:05,932][__main__][INFO] - epoch: 220
[2023-11-18 21:24:07,265][__main__][INFO] - alignment: tensor([0., 0., 0., 0., 0., 0., 0., 0., 0., 0., 0., 0., 0., 0., 0.])
[2023-11-18 21:24:07,265][__main__][INFO] - epoch: 230
[2023-11-18 21:24:08,640][__main__][INFO] - alignment: tensor([0., 0., 0., 0., 0., 0., 0., 0., 0., 0., 0., 0., 0., 0., 0.])
[2023-11-18 21:24:08,640][__main__][INFO] - epoch: 240
[2023-11-18 21:24:10,126][__main__][INFO] - alignment: tensor([0., 0., 0., 0., 0., 0., 0., 0., 0., 0., 0., 0., 0., 0., 0.])
[2023-11-18 21:24:10,126][__main__][INFO] - epoch: 250
[2023-11-18 21:24:11,519][__main__][INFO] - alignment: tensor([0., 0., 0., 0., 0., 0., 0., 0., 0., 0., 0., 0., 0., 0., 0.])
[2023-11-18 21:24:11,519][__main__][INFO] - epoch: 260
[2023-11-18 21:24:12,925][__main__][INFO] - alignment: tensor([0., 0., 0., 0., 0., 0., 0., 0., 0., 0., 0., 0., 0., 0., 0.])
[2023-11-18 21:24:12,926][__main__][INFO] - epoch: 270
[2023-11-18 21:24:14,357][__main__][INFO] - alignment: tensor([0., 0., 0., 0., 0., 0., 0., 0., 0., 0., 0., 0., 0., 0., 0.])
[2023-11-18 21:24:14,358][__main__][INFO] - epoch: 280
[2023-11-18 21:24:15,780][__main__][INFO] - alignment: tensor([0., 0., 0., 0., 0., 0., 0., 0., 0., 0., 0., 0., 0., 0., 0.])
[2023-11-18 21:24:15,780][__main__][INFO] - epoch: 290
[2023-11-18 21:24:17,231][__main__][INFO] - alignment: tensor([0., 0., 0., 0., 0., 0., 0., 0., 0., 0., 0., 0., 0., 0., 0.])
[2023-11-18 21:24:17,231][__main__][INFO] - epoch: 300
[2023-11-18 21:24:18,506][__main__][INFO] - alignment: tensor([0., 0., 0., 0., 0., 0., 0., 0., 0., 0., 0., 0., 0., 0., 0.])
[2023-11-18 21:24:18,506][__main__][INFO] - epoch: 310
[2023-11-18 21:24:19,873][__main__][INFO] - alignment: tensor([1., 0., 0., 0., 0., 0., 0., 0., 0., 0., 0., 0., 0., 0., 0.])
[2023-11-18 21:24:19,873][__main__][INFO] - epoch: 320
[2023-11-18 21:24:21,221][__main__][INFO] - alignment: tensor([1., 0., 0., 0., 0., 0., 0., 0., 0., 0., 0., 0., 0., 0., 0.])
[2023-11-18 21:24:21,221][__main__][INFO] - epoch: 330
[2023-11-18 21:24:22,539][__main__][INFO] - alignment: tensor([1., 0., 0., 0., 0., 0., 0., 0., 0., 0., 0., 0., 0., 0., 0.])
[2023-11-18 21:24:22,539][__main__][INFO] - epoch: 340
[2023-11-18 21:24:23,928][__main__][INFO] - alignment: tensor([1., 0., 0., 0., 0., 0., 0., 0., 0., 0., 0., 0., 0., 0., 0.])
[2023-11-18 21:24:23,928][__main__][INFO] - epoch: 350
[2023-11-18 21:24:25,280][__main__][INFO] - alignment: tensor([1., 0., 0., 0., 0., 0., 0., 0., 0., 0., 0., 0., 0., 0., 0.])
[2023-11-18 21:24:25,280][__main__][INFO] - epoch: 360
[2023-11-18 21:24:26,623][__main__][INFO] - alignment: tensor([1., 0., 0., 0., 0., 0., 0., 0., 0., 0., 0., 0., 0., 0., 0.])
[2023-11-18 21:24:26,624][__main__][INFO] - epoch: 370
[2023-11-18 21:24:28,135][__main__][INFO] - alignment: tensor([4., 0., 0., 0., 0., 0., 0., 0., 0., 0., 0., 0., 0., 0., 0.])
[2023-11-18 21:24:28,135][__main__][INFO] - epoch: 380
[2023-11-18 21:24:29,759][__main__][INFO] - alignment: tensor([6., 1., 0., 0., 0., 0., 0., 0., 0., 0., 0., 0., 0., 0., 0.])
[2023-11-18 21:24:29,759][__main__][INFO] - epoch: 390
[2023-11-18 21:24:31,302][__main__][INFO] - alignment: tensor([5., 1., 0., 0., 0., 0., 0., 0., 0., 0., 0., 0., 0., 0., 0.])
[2023-11-18 21:24:31,302][__main__][INFO] - epoch: 400
[2023-11-18 21:24:32,836][__main__][INFO] - alignment: tensor([5., 1., 0., 0., 0., 0., 0., 0., 0., 0., 0., 0., 0., 0., 1.])
[2023-11-18 21:24:32,837][__main__][INFO] - epoch: 410
[2023-11-18 21:24:34,205][__main__][INFO] - alignment: tensor([5., 1., 1., 0., 0., 0., 0., 0., 0., 0., 0., 0., 0., 0., 1.])
[2023-11-18 21:24:34,206][__main__][INFO] - epoch: 420
[2023-11-18 21:24:35,892][__main__][INFO] - alignment: tensor([5., 1., 1., 0., 0., 0., 0., 0., 0., 0., 0., 0., 0., 0., 1.])
[2023-11-18 21:24:35,893][__main__][INFO] - epoch: 430
[2023-11-18 21:24:37,222][__main__][INFO] - alignment: tensor([5., 1., 1., 0., 0., 0., 0., 0., 0., 0., 0., 0., 0., 0., 1.])
[2023-11-18 21:24:37,223][__main__][INFO] - epoch: 440
[2023-11-18 21:24:38,737][__main__][INFO] - alignment: tensor([5., 1., 1., 0., 0., 0., 0., 0., 0., 0., 0., 0., 0., 0., 1.])
[2023-11-18 21:24:38,737][__main__][INFO] - epoch: 450
[2023-11-18 21:24:40,271][__main__][INFO] - alignment: tensor([5., 1., 2., 0., 0., 0., 0., 0., 0., 0., 0., 0., 0., 0., 1.])
[2023-11-18 21:24:40,272][__main__][INFO] - epoch: 460
[2023-11-18 21:24:41,920][__main__][INFO] - alignment: tensor([4., 1., 1., 0., 0., 0., 0., 0., 0., 0., 0., 0., 0., 0., 1.])
[2023-11-18 21:24:41,920][__main__][INFO] - epoch: 470
[2023-11-18 21:24:43,213][__main__][INFO] - alignment: tensor([4., 1., 1., 0., 0., 0., 0., 0., 0., 0., 0., 0., 0., 0., 1.])
[2023-11-18 21:24:43,214][__main__][INFO] - epoch: 480
[2023-11-18 21:24:44,751][__main__][INFO] - alignment: tensor([4., 1., 1., 0., 0., 0., 0., 0., 0., 0., 0., 0., 0., 0., 1.])
[2023-11-18 21:24:44,751][__main__][INFO] - epoch: 490
[2023-11-18 21:24:46,127][__main__][INFO] - alignment: tensor([4., 1., 1., 0., 0., 0., 0., 0., 0., 0., 0., 0., 0., 0., 1.])
[2023-11-18 21:24:46,127][__main__][INFO] - epoch: 500
[2023-11-18 21:24:47,667][__main__][INFO] - alignment: tensor([4., 1., 1., 0., 0., 0., 0., 0., 0., 0., 0., 0., 0., 0., 1.])
[2023-11-18 21:24:47,668][__main__][INFO] - epoch: 510
[2023-11-18 21:24:49,072][__main__][INFO] - alignment: tensor([4., 1., 1., 0., 0., 0., 0., 0., 0., 0., 0., 0., 0., 0., 1.])
[2023-11-18 21:24:49,072][__main__][INFO] - epoch: 520
[2023-11-18 21:24:50,469][__main__][INFO] - alignment: tensor([4., 1., 1., 0., 0., 0., 0., 0., 0., 0., 0., 0., 0., 0., 1.])
[2023-11-18 21:24:50,469][__main__][INFO] - epoch: 530
[2023-11-18 21:24:51,926][__main__][INFO] - alignment: tensor([4., 1., 1., 0., 0., 0., 0., 0., 0., 0., 0., 0., 0., 0., 1.])
[2023-11-18 21:24:51,926][__main__][INFO] - epoch: 540
[2023-11-18 21:24:53,524][__main__][INFO] - alignment: tensor([4., 1., 1., 0., 0., 0., 0., 0., 0., 0., 0., 0., 0., 0., 1.])
[2023-11-18 21:24:53,525][__main__][INFO] - feat_thresh: 0.2
[2023-11-18 21:24:53,525][__main__][INFO] - epoch: 0
[2023-11-18 21:24:54,923][__main__][INFO] - alignment: tensor([0., 0., 0., 0., 0., 0., 0., 0., 0., 0., 0., 0., 0., 0., 0.])
[2023-11-18 21:24:54,924][__main__][INFO] - epoch: 10
[2023-11-18 21:24:56,249][__main__][INFO] - alignment: tensor([0., 0., 0., 0., 0., 0., 0., 0., 0., 0., 0., 0., 0., 0., 0.])
[2023-11-18 21:24:56,249][__main__][INFO] - epoch: 20
[2023-11-18 21:24:57,973][__main__][INFO] - alignment: tensor([0., 0., 0., 0., 0., 0., 0., 0., 0., 0., 0., 0., 0., 0., 0.])
[2023-11-18 21:24:57,973][__main__][INFO] - epoch: 30
[2023-11-18 21:24:59,402][__main__][INFO] - alignment: tensor([0., 0., 0., 0., 0., 0., 0., 0., 0., 0., 0., 0., 0., 0., 0.])
[2023-11-18 21:24:59,403][__main__][INFO] - epoch: 40
[2023-11-18 21:25:00,898][__main__][INFO] - alignment: tensor([0., 0., 0., 0., 0., 0., 0., 0., 0., 0., 0., 0., 0., 0., 0.])
[2023-11-18 21:25:00,898][__main__][INFO] - epoch: 50
[2023-11-18 21:25:02,343][__main__][INFO] - alignment: tensor([0., 0., 0., 0., 0., 0., 0., 0., 0., 0., 0., 0., 0., 0., 0.])
[2023-11-18 21:25:02,343][__main__][INFO] - epoch: 60
[2023-11-18 21:25:03,731][__main__][INFO] - alignment: tensor([0., 0., 0., 0., 0., 0., 0., 0., 0., 0., 0., 0., 0., 0., 0.])
[2023-11-18 21:25:03,732][__main__][INFO] - epoch: 70
[2023-11-18 21:25:05,079][__main__][INFO] - alignment: tensor([0., 0., 0., 0., 0., 0., 0., 0., 0., 0., 0., 0., 0., 0., 0.])
[2023-11-18 21:25:05,079][__main__][INFO] - epoch: 80
[2023-11-18 21:25:06,342][__main__][INFO] - alignment: tensor([0., 0., 0., 0., 0., 0., 0., 0., 0., 0., 0., 0., 0., 0., 0.])
[2023-11-18 21:25:06,342][__main__][INFO] - epoch: 90
[2023-11-18 21:25:07,764][__main__][INFO] - alignment: tensor([0., 0., 0., 0., 0., 0., 0., 0., 0., 0., 0., 0., 0., 0., 0.])
[2023-11-18 21:25:07,764][__main__][INFO] - epoch: 100
[2023-11-18 21:25:09,246][__main__][INFO] - alignment: tensor([0., 0., 0., 0., 0., 0., 0., 0., 0., 0., 0., 0., 0., 0., 0.])
[2023-11-18 21:25:09,247][__main__][INFO] - epoch: 110
[2023-11-18 21:25:10,618][__main__][INFO] - alignment: tensor([0., 0., 0., 0., 0., 0., 0., 0., 0., 0., 0., 0., 0., 0., 0.])
[2023-11-18 21:25:10,619][__main__][INFO] - epoch: 120
[2023-11-18 21:25:12,039][__main__][INFO] - alignment: tensor([0., 0., 0., 0., 0., 0., 0., 0., 0., 0., 0., 0., 0., 0., 0.])
[2023-11-18 21:25:12,039][__main__][INFO] - epoch: 130
[2023-11-18 21:25:13,850][__main__][INFO] - alignment: tensor([0., 0., 0., 0., 0., 0., 0., 0., 0., 0., 0., 0., 0., 0., 0.])
[2023-11-18 21:25:13,850][__main__][INFO] - epoch: 140
[2023-11-18 21:25:15,776][__main__][INFO] - alignment: tensor([0., 0., 0., 0., 0., 0., 0., 0., 0., 0., 0., 0., 0., 0., 0.])
[2023-11-18 21:25:15,776][__main__][INFO] - epoch: 150
[2023-11-18 21:25:17,149][__main__][INFO] - alignment: tensor([0., 0., 0., 0., 0., 0., 0., 0., 0., 0., 0., 0., 0., 0., 0.])
[2023-11-18 21:25:17,149][__main__][INFO] - epoch: 160
[2023-11-18 21:25:18,554][__main__][INFO] - alignment: tensor([0., 0., 0., 0., 0., 0., 0., 0., 0., 0., 0., 0., 0., 0., 0.])
[2023-11-18 21:25:18,554][__main__][INFO] - epoch: 170
[2023-11-18 21:25:20,090][__main__][INFO] - alignment: tensor([0., 0., 0., 0., 0., 0., 0., 0., 0., 0., 0., 0., 0., 0., 0.])
[2023-11-18 21:25:20,091][__main__][INFO] - epoch: 180
[2023-11-18 21:25:21,386][__main__][INFO] - alignment: tensor([0., 0., 0., 0., 0., 0., 0., 0., 0., 0., 0., 0., 0., 0., 0.])
[2023-11-18 21:25:21,386][__main__][INFO] - epoch: 190
[2023-11-18 21:25:23,223][__main__][INFO] - alignment: tensor([0., 0., 0., 0., 0., 0., 0., 0., 0., 0., 0., 0., 0., 0., 0.])
[2023-11-18 21:25:23,223][__main__][INFO] - epoch: 200
[2023-11-18 21:25:24,696][__main__][INFO] - alignment: tensor([0., 0., 0., 0., 0., 0., 0., 0., 0., 0., 0., 0., 0., 0., 0.])
[2023-11-18 21:25:24,696][__main__][INFO] - epoch: 210
[2023-11-18 21:25:26,049][__main__][INFO] - alignment: tensor([0., 0., 0., 0., 0., 0., 0., 0., 0., 0., 0., 0., 0., 0., 0.])
[2023-11-18 21:25:26,050][__main__][INFO] - epoch: 220
[2023-11-18 21:25:27,729][__main__][INFO] - alignment: tensor([0., 0., 0., 0., 0., 0., 0., 0., 0., 0., 0., 0., 0., 0., 0.])
[2023-11-18 21:25:27,729][__main__][INFO] - epoch: 230
[2023-11-18 21:25:29,063][__main__][INFO] - alignment: tensor([0., 0., 0., 0., 0., 0., 0., 0., 0., 0., 0., 0., 0., 0., 0.])
[2023-11-18 21:25:29,063][__main__][INFO] - epoch: 240
[2023-11-18 21:25:30,432][__main__][INFO] - alignment: tensor([0., 0., 0., 0., 0., 0., 0., 0., 0., 0., 0., 0., 0., 0., 0.])
[2023-11-18 21:25:30,433][__main__][INFO] - epoch: 250
[2023-11-18 21:25:31,765][__main__][INFO] - alignment: tensor([0., 0., 0., 0., 0., 0., 0., 0., 0., 0., 0., 0., 0., 0., 0.])
[2023-11-18 21:25:31,765][__main__][INFO] - epoch: 260
[2023-11-18 21:25:33,100][__main__][INFO] - alignment: tensor([0., 0., 0., 0., 0., 0., 0., 0., 0., 0., 0., 0., 0., 0., 0.])
[2023-11-18 21:25:33,100][__main__][INFO] - epoch: 270
[2023-11-18 21:25:34,379][__main__][INFO] - alignment: tensor([0., 0., 0., 0., 0., 0., 0., 0., 0., 0., 0., 0., 0., 0., 0.])
[2023-11-18 21:25:34,379][__main__][INFO] - epoch: 280
[2023-11-18 21:25:35,716][__main__][INFO] - alignment: tensor([0., 0., 0., 0., 0., 0., 0., 0., 0., 0., 0., 0., 0., 0., 0.])
[2023-11-18 21:25:35,716][__main__][INFO] - epoch: 290
[2023-11-18 21:25:37,069][__main__][INFO] - alignment: tensor([0., 0., 0., 0., 0., 0., 0., 0., 0., 0., 0., 0., 0., 0., 0.])
[2023-11-18 21:25:37,069][__main__][INFO] - epoch: 300
[2023-11-18 21:25:38,353][__main__][INFO] - alignment: tensor([1., 0., 0., 0., 0., 0., 0., 0., 0., 0., 0., 0., 0., 0., 0.])
[2023-11-18 21:25:38,354][__main__][INFO] - epoch: 310
[2023-11-18 21:25:39,675][__main__][INFO] - alignment: tensor([1., 0., 0., 0., 0., 0., 0., 0., 0., 0., 0., 0., 0., 0., 0.])
[2023-11-18 21:25:39,676][__main__][INFO] - epoch: 320
[2023-11-18 21:25:41,035][__main__][INFO] - alignment: tensor([3., 0., 0., 0., 0., 0., 0., 0., 0., 0., 0., 0., 0., 0., 0.])
[2023-11-18 21:25:41,035][__main__][INFO] - epoch: 330
[2023-11-18 21:25:42,385][__main__][INFO] - alignment: tensor([8., 0., 0., 0., 0., 0., 0., 0., 0., 0., 0., 0., 0., 0., 0.])
[2023-11-18 21:25:42,385][__main__][INFO] - epoch: 340
[2023-11-18 21:25:43,675][__main__][INFO] - alignment: tensor([10.,  0.,  0.,  0.,  0.,  0.,  0.,  0.,  0.,  0.,  0.,  0.,  0.,  0.,
         0.])
[2023-11-18 21:25:43,676][__main__][INFO] - epoch: 350
[2023-11-18 21:25:45,265][__main__][INFO] - alignment: tensor([12.,  0.,  0.,  0.,  0.,  0.,  0.,  0.,  0.,  0.,  0.,  0.,  0.,  0.,
         0.])
[2023-11-18 21:25:45,265][__main__][INFO] - epoch: 360
[2023-11-18 21:25:46,664][__main__][INFO] - alignment: tensor([15.,  0.,  0.,  0.,  0.,  0.,  0.,  0.,  0.,  0.,  0.,  0.,  0.,  0.,
         0.])
[2023-11-18 21:25:46,665][__main__][INFO] - epoch: 370
[2023-11-18 21:25:48,291][__main__][INFO] - alignment: tensor([18.,  0.,  0.,  0.,  0.,  0.,  0.,  0.,  0.,  0.,  0.,  0.,  0.,  0.,
         0.])
[2023-11-18 21:25:48,292][__main__][INFO] - epoch: 380
[2023-11-18 21:25:49,598][__main__][INFO] - alignment: tensor([22.,  1.,  0.,  0.,  0.,  0.,  0.,  0.,  0.,  0.,  0.,  0.,  0.,  0.,
         0.])
[2023-11-18 21:25:49,599][__main__][INFO] - epoch: 390
[2023-11-18 21:25:50,940][__main__][INFO] - alignment: tensor([21.,  1.,  1.,  0.,  0.,  0.,  0.,  0.,  0.,  0.,  0.,  0.,  0.,  0.,
         1.])
[2023-11-18 21:25:50,940][__main__][INFO] - epoch: 400
[2023-11-18 21:25:52,384][__main__][INFO] - alignment: tensor([21.,  1.,  2.,  0.,  0.,  0.,  0.,  0.,  0.,  0.,  0.,  0.,  0.,  0.,
         1.])
[2023-11-18 21:25:52,385][__main__][INFO] - epoch: 410
[2023-11-18 21:25:53,826][__main__][INFO] - alignment: tensor([23.,  1.,  2.,  0.,  0.,  0.,  0.,  0.,  0.,  0.,  0.,  0.,  0.,  0.,
         1.])
[2023-11-18 21:25:53,826][__main__][INFO] - epoch: 420
[2023-11-18 21:25:55,200][__main__][INFO] - alignment: tensor([25.,  1.,  2.,  0.,  0.,  0.,  0.,  0.,  0.,  0.,  0.,  0.,  0.,  0.,
         1.])
[2023-11-18 21:25:55,200][__main__][INFO] - epoch: 430
[2023-11-18 21:25:56,909][__main__][INFO] - alignment: tensor([21.,  1.,  2.,  0.,  0.,  0.,  0.,  0.,  0.,  0.,  0.,  0.,  0.,  0.,
         1.])
[2023-11-18 21:25:56,910][__main__][INFO] - epoch: 440
[2023-11-18 21:25:58,468][__main__][INFO] - alignment: tensor([18.,  1.,  2.,  0.,  0.,  0.,  0.,  0.,  0.,  0.,  0.,  0.,  0.,  0.,
         1.])
[2023-11-18 21:25:58,468][__main__][INFO] - epoch: 450
[2023-11-18 21:25:59,909][__main__][INFO] - alignment: tensor([15.,  1.,  2.,  0.,  0.,  0.,  0.,  0.,  0.,  0.,  0.,  0.,  0.,  0.,
         1.])
[2023-11-18 21:25:59,909][__main__][INFO] - epoch: 460
[2023-11-18 21:26:01,242][__main__][INFO] - alignment: tensor([14.,  1.,  2.,  0.,  1.,  0.,  0.,  0.,  0.,  0.,  0.,  1.,  0.,  0.,
         1.])
[2023-11-18 21:26:01,242][__main__][INFO] - epoch: 470
[2023-11-18 21:26:02,568][__main__][INFO] - alignment: tensor([12.,  1.,  2.,  0.,  1.,  0.,  0.,  0.,  0.,  0.,  0.,  1.,  0.,  0.,
         1.])
[2023-11-18 21:26:02,569][__main__][INFO] - epoch: 480
[2023-11-18 21:26:03,949][__main__][INFO] - alignment: tensor([12.,  1.,  2.,  0.,  1.,  0.,  0.,  0.,  0.,  0.,  0.,  1.,  0.,  0.,
         1.])
[2023-11-18 21:26:03,949][__main__][INFO] - epoch: 490
[2023-11-18 21:26:05,481][__main__][INFO] - alignment: tensor([10.,  1.,  2.,  0.,  1.,  0.,  0.,  0.,  0.,  0.,  0.,  1.,  0.,  0.,
         1.])
[2023-11-18 21:26:05,481][__main__][INFO] - epoch: 500
[2023-11-18 21:26:06,882][__main__][INFO] - alignment: tensor([10.,  1.,  3.,  0.,  1.,  0.,  0.,  0.,  0.,  0.,  0.,  1.,  0.,  0.,
         1.])
[2023-11-18 21:26:06,882][__main__][INFO] - epoch: 510
[2023-11-18 21:26:08,294][__main__][INFO] - alignment: tensor([10.,  1.,  2.,  0.,  1.,  0.,  0.,  0.,  0.,  1.,  0.,  1.,  0.,  0.,
         1.])
[2023-11-18 21:26:08,294][__main__][INFO] - epoch: 520
[2023-11-18 21:26:09,599][__main__][INFO] - alignment: tensor([10.,  1.,  2.,  0.,  1.,  0.,  0.,  0.,  0.,  1.,  0.,  1.,  0.,  0.,
         1.])
[2023-11-18 21:26:09,600][__main__][INFO] - epoch: 530
[2023-11-18 21:26:10,971][__main__][INFO] - alignment: tensor([10.,  1.,  2.,  0.,  1.,  0.,  0.,  0.,  0.,  1.,  0.,  1.,  0.,  0.,
         1.])
[2023-11-18 21:26:10,972][__main__][INFO] - epoch: 540
[2023-11-18 21:26:12,376][__main__][INFO] - alignment: tensor([9., 1., 2., 1., 1., 0., 0., 0., 0., 1., 0., 1., 0., 0., 1.])
[2023-11-18 21:26:12,376][__main__][INFO] - feat_thresh: 0.3
[2023-11-18 21:26:12,376][__main__][INFO] - epoch: 0
[2023-11-18 21:26:13,719][__main__][INFO] - alignment: tensor([0., 0., 0., 0., 0., 0., 0., 0., 0., 0., 0., 0., 0., 0., 0.])
[2023-11-18 21:26:13,719][__main__][INFO] - epoch: 10
[2023-11-18 21:26:15,049][__main__][INFO] - alignment: tensor([0., 0., 0., 0., 0., 0., 0., 0., 0., 0., 0., 0., 0., 0., 0.])
[2023-11-18 21:26:15,049][__main__][INFO] - epoch: 20
[2023-11-18 21:26:16,468][__main__][INFO] - alignment: tensor([0., 0., 0., 0., 0., 0., 0., 0., 0., 0., 0., 0., 0., 0., 0.])
[2023-11-18 21:26:16,468][__main__][INFO] - epoch: 30
[2023-11-18 21:26:17,808][__main__][INFO] - alignment: tensor([0., 0., 0., 0., 0., 0., 0., 0., 0., 0., 0., 0., 0., 0., 0.])
[2023-11-18 21:26:17,808][__main__][INFO] - epoch: 40
[2023-11-18 21:26:19,154][__main__][INFO] - alignment: tensor([0., 0., 0., 0., 0., 0., 0., 0., 0., 0., 0., 0., 0., 0., 0.])
[2023-11-18 21:26:19,155][__main__][INFO] - epoch: 50
[2023-11-18 21:26:20,425][__main__][INFO] - alignment: tensor([0., 0., 0., 0., 0., 0., 0., 0., 0., 0., 0., 0., 0., 0., 0.])
[2023-11-18 21:26:20,425][__main__][INFO] - epoch: 60
[2023-11-18 21:26:21,643][__main__][INFO] - alignment: tensor([0., 0., 0., 0., 0., 0., 0., 0., 0., 0., 0., 0., 0., 0., 0.])
[2023-11-18 21:26:21,643][__main__][INFO] - epoch: 70
[2023-11-18 21:26:22,957][__main__][INFO] - alignment: tensor([0., 0., 0., 0., 0., 0., 0., 0., 0., 0., 0., 0., 0., 0., 0.])
[2023-11-18 21:26:22,957][__main__][INFO] - epoch: 80
[2023-11-18 21:26:24,453][__main__][INFO] - alignment: tensor([0., 0., 0., 0., 0., 0., 0., 0., 0., 0., 0., 0., 0., 0., 0.])
[2023-11-18 21:26:24,453][__main__][INFO] - epoch: 90
[2023-11-18 21:26:25,927][__main__][INFO] - alignment: tensor([0., 0., 0., 0., 0., 0., 0., 0., 0., 0., 0., 0., 0., 0., 0.])
[2023-11-18 21:26:25,927][__main__][INFO] - epoch: 100
[2023-11-18 21:26:27,322][__main__][INFO] - alignment: tensor([0., 0., 0., 0., 0., 0., 0., 0., 0., 0., 0., 0., 0., 0., 0.])
[2023-11-18 21:26:27,322][__main__][INFO] - epoch: 110
[2023-11-18 21:26:28,673][__main__][INFO] - alignment: tensor([0., 0., 0., 0., 0., 0., 0., 0., 0., 0., 0., 0., 0., 0., 0.])
[2023-11-18 21:26:28,673][__main__][INFO] - epoch: 120
[2023-11-18 21:26:29,926][__main__][INFO] - alignment: tensor([0., 0., 0., 0., 0., 0., 0., 0., 0., 0., 0., 0., 0., 0., 0.])
[2023-11-18 21:26:29,926][__main__][INFO] - epoch: 130
[2023-11-18 21:26:31,116][__main__][INFO] - alignment: tensor([0., 0., 0., 0., 0., 0., 0., 0., 0., 0., 0., 0., 0., 0., 0.])
[2023-11-18 21:26:31,116][__main__][INFO] - epoch: 140
[2023-11-18 21:26:32,443][__main__][INFO] - alignment: tensor([0., 0., 0., 0., 0., 0., 0., 0., 0., 0., 0., 0., 0., 0., 0.])
[2023-11-18 21:26:32,443][__main__][INFO] - epoch: 150
[2023-11-18 21:26:33,765][__main__][INFO] - alignment: tensor([0., 0., 0., 0., 0., 0., 0., 0., 0., 0., 0., 0., 0., 0., 0.])
[2023-11-18 21:26:33,765][__main__][INFO] - epoch: 160
[2023-11-18 21:26:35,075][__main__][INFO] - alignment: tensor([0., 0., 0., 0., 0., 0., 0., 0., 0., 0., 0., 0., 0., 0., 0.])
[2023-11-18 21:26:35,076][__main__][INFO] - epoch: 170
[2023-11-18 21:26:36,380][__main__][INFO] - alignment: tensor([0., 0., 0., 0., 0., 0., 0., 0., 0., 0., 0., 0., 0., 0., 0.])
[2023-11-18 21:26:36,380][__main__][INFO] - epoch: 180
[2023-11-18 21:26:37,767][__main__][INFO] - alignment: tensor([0., 0., 0., 0., 0., 0., 0., 0., 0., 0., 0., 0., 0., 0., 0.])
[2023-11-18 21:26:37,768][__main__][INFO] - epoch: 190
[2023-11-18 21:26:39,051][__main__][INFO] - alignment: tensor([0., 0., 0., 0., 0., 0., 0., 0., 0., 0., 0., 0., 0., 0., 0.])
[2023-11-18 21:26:39,051][__main__][INFO] - epoch: 200
[2023-11-18 21:26:40,294][__main__][INFO] - alignment: tensor([0., 0., 0., 0., 0., 0., 0., 0., 0., 0., 0., 0., 0., 0., 0.])
[2023-11-18 21:26:40,295][__main__][INFO] - epoch: 210
[2023-11-18 21:26:41,642][__main__][INFO] - alignment: tensor([0., 0., 0., 0., 0., 0., 0., 0., 0., 0., 0., 0., 0., 0., 0.])
[2023-11-18 21:26:41,642][__main__][INFO] - epoch: 220
[2023-11-18 21:26:42,963][__main__][INFO] - alignment: tensor([0., 0., 0., 0., 0., 0., 0., 0., 0., 0., 0., 0., 0., 0., 0.])
[2023-11-18 21:26:42,963][__main__][INFO] - epoch: 230
[2023-11-18 21:26:44,496][__main__][INFO] - alignment: tensor([0., 0., 0., 0., 0., 0., 0., 0., 0., 0., 0., 0., 0., 0., 0.])
[2023-11-18 21:26:44,497][__main__][INFO] - epoch: 240
[2023-11-18 21:26:45,897][__main__][INFO] - alignment: tensor([0., 0., 0., 0., 0., 0., 0., 0., 0., 0., 0., 0., 0., 0., 0.])
[2023-11-18 21:26:45,897][__main__][INFO] - epoch: 250
[2023-11-18 21:26:47,292][__main__][INFO] - alignment: tensor([0., 0., 0., 0., 0., 0., 0., 0., 0., 0., 0., 0., 0., 0., 0.])
[2023-11-18 21:26:47,292][__main__][INFO] - epoch: 260
[2023-11-18 21:26:48,790][__main__][INFO] - alignment: tensor([0., 0., 0., 0., 0., 0., 0., 0., 0., 0., 0., 0., 0., 0., 0.])
[2023-11-18 21:26:48,790][__main__][INFO] - epoch: 270
[2023-11-18 21:26:50,187][__main__][INFO] - alignment: tensor([0., 0., 0., 0., 0., 0., 0., 0., 0., 0., 0., 0., 0., 0., 0.])
[2023-11-18 21:26:50,188][__main__][INFO] - epoch: 280
[2023-11-18 21:26:51,517][__main__][INFO] - alignment: tensor([0., 0., 0., 0., 0., 0., 0., 0., 0., 0., 0., 0., 0., 0., 0.])
[2023-11-18 21:26:51,518][__main__][INFO] - epoch: 290
[2023-11-18 21:26:52,839][__main__][INFO] - alignment: tensor([6., 0., 0., 0., 0., 0., 0., 0., 0., 0., 0., 0., 0., 0., 0.])
[2023-11-18 21:26:52,840][__main__][INFO] - epoch: 300
[2023-11-18 21:26:54,368][__main__][INFO] - alignment: tensor([20.,  0.,  0.,  0.,  0.,  0.,  0.,  0.,  0.,  0.,  0.,  0.,  0.,  0.,
         0.])
[2023-11-18 21:26:54,368][__main__][INFO] - epoch: 310
[2023-11-18 21:26:55,901][__main__][INFO] - alignment: tensor([30.,  0.,  0.,  0.,  0.,  0.,  0.,  0.,  0.,  0.,  0.,  0.,  0.,  0.,
         0.])
[2023-11-18 21:26:55,901][__main__][INFO] - epoch: 320
[2023-11-18 21:26:57,363][__main__][INFO] - alignment: tensor([35.,  0.,  0.,  0.,  0.,  0.,  0.,  0.,  0.,  0.,  0.,  0.,  0.,  0.,
         0.])
[2023-11-18 21:26:57,364][__main__][INFO] - epoch: 330
[2023-11-18 21:26:58,824][__main__][INFO] - alignment: tensor([47.,  0.,  0.,  0.,  0.,  0.,  0.,  0.,  0.,  0.,  0.,  0.,  0.,  0.,
         0.])
[2023-11-18 21:26:58,824][__main__][INFO] - epoch: 340
[2023-11-18 21:27:00,204][__main__][INFO] - alignment: tensor([50.,  0.,  0.,  0.,  0.,  0.,  0.,  0.,  0.,  0.,  0.,  0.,  0.,  0.,
         0.])
[2023-11-18 21:27:00,204][__main__][INFO] - epoch: 350
[2023-11-18 21:27:01,740][__main__][INFO] - alignment: tensor([53.,  0.,  0.,  0.,  0.,  0.,  0.,  0.,  0.,  0.,  0.,  0.,  0.,  0.,
         0.])
[2023-11-18 21:27:01,741][__main__][INFO] - epoch: 360
[2023-11-18 21:27:03,289][__main__][INFO] - alignment: tensor([59.,  0.,  0.,  0.,  0.,  0.,  0.,  0.,  0.,  0.,  0.,  0.,  0.,  0.,
         0.])
[2023-11-18 21:27:03,289][__main__][INFO] - epoch: 370
[2023-11-18 21:27:04,662][__main__][INFO] - alignment: tensor([59.,  1.,  0.,  0.,  0.,  0.,  0.,  0.,  0.,  0.,  0.,  0.,  0.,  0.,
         1.])
[2023-11-18 21:27:04,662][__main__][INFO] - epoch: 380
[2023-11-18 21:27:06,106][__main__][INFO] - alignment: tensor([61.,  1.,  1.,  0.,  0.,  0.,  0.,  0.,  0.,  0.,  0.,  0.,  0.,  0.,
         1.])
[2023-11-18 21:27:06,106][__main__][INFO] - epoch: 390
[2023-11-18 21:27:07,452][__main__][INFO] - alignment: tensor([60.,  1.,  1.,  0.,  0.,  0.,  0.,  0.,  0.,  0.,  0.,  0.,  0.,  0.,
         1.])
[2023-11-18 21:27:07,453][__main__][INFO] - epoch: 400
[2023-11-18 21:27:08,737][__main__][INFO] - alignment: tensor([60.,  1.,  2.,  0.,  0.,  0.,  0.,  0.,  0.,  0.,  0.,  0.,  0.,  0.,
         1.])
[2023-11-18 21:27:08,738][__main__][INFO] - epoch: 410
[2023-11-18 21:27:10,028][__main__][INFO] - alignment: tensor([58.,  1.,  2.,  0.,  0.,  0.,  0.,  0.,  0.,  0.,  0.,  0.,  0.,  0.,
         1.])
[2023-11-18 21:27:10,028][__main__][INFO] - epoch: 420
[2023-11-18 21:27:11,322][__main__][INFO] - alignment: tensor([50.,  1.,  4.,  0.,  0.,  0.,  0.,  0.,  0.,  0.,  0.,  0.,  0.,  0.,
         1.])
[2023-11-18 21:27:11,322][__main__][INFO] - epoch: 430
[2023-11-18 21:27:12,569][__main__][INFO] - alignment: tensor([43.,  1.,  6.,  0.,  0.,  0.,  0.,  0.,  0.,  0.,  0.,  0.,  0.,  0.,
         1.])
[2023-11-18 21:27:12,569][__main__][INFO] - epoch: 440
[2023-11-18 21:27:13,872][__main__][INFO] - alignment: tensor([41.,  1.,  6.,  0.,  1.,  0.,  0.,  0.,  0.,  0.,  0.,  0.,  0.,  0.,
         1.])
[2023-11-18 21:27:13,872][__main__][INFO] - epoch: 450
[2023-11-18 21:27:15,213][__main__][INFO] - alignment: tensor([38.,  1.,  7.,  0.,  2.,  0.,  0.,  0.,  0.,  0.,  0.,  1.,  0.,  0.,
         1.])
[2023-11-18 21:27:15,213][__main__][INFO] - epoch: 460
[2023-11-18 21:27:16,568][__main__][INFO] - alignment: tensor([33.,  1.,  6.,  0.,  2.,  0.,  0.,  0.,  0.,  1.,  0.,  1.,  0.,  0.,
         1.])
[2023-11-18 21:27:16,568][__main__][INFO] - epoch: 470
[2023-11-18 21:27:18,148][__main__][INFO] - alignment: tensor([29.,  1.,  6.,  0.,  2.,  0.,  0.,  0.,  0.,  1.,  0.,  1.,  0.,  0.,
         1.])
[2023-11-18 21:27:18,148][__main__][INFO] - epoch: 480
[2023-11-18 21:27:19,505][__main__][INFO] - alignment: tensor([26.,  2.,  5.,  1.,  2.,  0.,  0.,  0.,  0.,  1.,  0.,  1.,  0.,  0.,
         1.])
[2023-11-18 21:27:19,506][__main__][INFO] - epoch: 490
[2023-11-18 21:27:20,731][__main__][INFO] - alignment: tensor([25.,  3.,  5.,  1.,  2.,  0.,  0.,  0.,  0.,  1.,  0.,  1.,  0.,  0.,
         1.])
[2023-11-18 21:27:20,732][__main__][INFO] - epoch: 500
[2023-11-18 21:27:22,224][__main__][INFO] - alignment: tensor([20.,  3.,  5.,  1.,  2.,  0.,  0.,  0.,  0.,  1.,  0.,  1.,  0.,  0.,
         1.])
[2023-11-18 21:27:22,224][__main__][INFO] - epoch: 510
[2023-11-18 21:27:23,548][__main__][INFO] - alignment: tensor([21.,  5.,  5.,  1.,  2.,  0.,  0.,  0.,  0.,  1.,  0.,  1.,  0.,  0.,
         1.])
[2023-11-18 21:27:23,548][__main__][INFO] - epoch: 520
[2023-11-18 21:27:24,966][__main__][INFO] - alignment: tensor([22.,  5.,  3.,  1.,  2.,  0.,  0.,  0.,  0.,  1.,  0.,  1.,  0.,  0.,
         1.])
[2023-11-18 21:27:24,966][__main__][INFO] - epoch: 530
[2023-11-18 21:27:26,285][__main__][INFO] - alignment: tensor([23.,  6.,  3.,  1.,  2.,  0.,  0.,  0.,  0.,  1.,  1.,  1.,  0.,  0.,
         1.])
[2023-11-18 21:27:26,285][__main__][INFO] - epoch: 540
[2023-11-18 21:27:27,698][__main__][INFO] - alignment: tensor([24.,  7.,  3.,  1.,  2.,  0.,  0.,  0.,  0.,  1.,  1.,  1.,  0.,  0.,
         1.])
[2023-11-18 21:27:27,781][__main__][INFO] - Training losses plot: train_losses.png
[2023-11-18 21:27:27,868][__main__][INFO] - Accuracies plot: accuracies.png
