[2023-11-18 18:21:12,776][hydra.utils][INFO] - Logging from main
[2023-11-18 19:04:52,228][__main__][INFO] - Model weights saved at: model.pt
[2023-11-18 19:04:52,241][__main__][INFO] - Training accuracy: 1.0
[2023-11-18 19:04:52,241][__main__][INFO] - Testing accuracy: 0.933
[2023-11-18 19:04:52,241][__main__][INFO] - feat_thresh: 0.1
[2023-11-18 19:04:52,241][__main__][INFO] - epoch: 0
[2023-11-18 19:04:52,794][__main__][INFO] - alignment: tensor([0., 0., 0., 0., 0., 0., 0., 0., 0., 0., 0., 0., 0., 0., 0.])
[2023-11-18 19:04:52,794][__main__][INFO] - epoch: 10
[2023-11-18 19:04:53,341][__main__][INFO] - alignment: tensor([0., 0., 0., 0., 0., 0., 0., 0., 0., 0., 0., 0., 0., 0., 0.])
[2023-11-18 19:04:53,341][__main__][INFO] - epoch: 20
[2023-11-18 19:04:53,852][__main__][INFO] - alignment: tensor([0., 0., 0., 0., 0., 0., 0., 0., 0., 0., 0., 0., 0., 0., 0.])
[2023-11-18 19:04:53,852][__main__][INFO] - epoch: 30
[2023-11-18 19:04:54,346][__main__][INFO] - alignment: tensor([0., 0., 0., 0., 0., 0., 0., 0., 0., 0., 0., 0., 0., 0., 0.])
[2023-11-18 19:04:54,346][__main__][INFO] - epoch: 40
[2023-11-18 19:04:54,841][__main__][INFO] - alignment: tensor([0., 0., 0., 0., 0., 0., 0., 0., 0., 0., 0., 0., 0., 0., 0.])
[2023-11-18 19:04:54,842][__main__][INFO] - epoch: 50
[2023-11-18 19:04:55,353][__main__][INFO] - alignment: tensor([0., 0., 0., 0., 0., 0., 0., 0., 0., 0., 0., 0., 0., 0., 0.])
[2023-11-18 19:04:55,354][__main__][INFO] - epoch: 60
[2023-11-18 19:04:55,857][__main__][INFO] - alignment: tensor([0., 0., 0., 0., 0., 0., 0., 0., 0., 0., 0., 0., 0., 0., 0.])
[2023-11-18 19:04:55,857][__main__][INFO] - epoch: 70
[2023-11-18 19:04:56,437][__main__][INFO] - alignment: tensor([0., 0., 0., 0., 0., 0., 0., 0., 0., 0., 0., 0., 0., 0., 0.])
[2023-11-18 19:04:56,437][__main__][INFO] - epoch: 80
[2023-11-18 19:04:56,996][__main__][INFO] - alignment: tensor([0., 0., 0., 0., 0., 0., 0., 0., 0., 0., 0., 0., 0., 0., 0.])
[2023-11-18 19:04:56,996][__main__][INFO] - epoch: 90
[2023-11-18 19:04:57,526][__main__][INFO] - alignment: tensor([0., 0., 0., 0., 0., 0., 0., 0., 0., 0., 0., 0., 0., 0., 0.])
[2023-11-18 19:04:57,526][__main__][INFO] - epoch: 100
[2023-11-18 19:04:58,034][__main__][INFO] - alignment: tensor([0., 0., 0., 0., 0., 0., 0., 0., 0., 0., 0., 0., 0., 0., 0.])
[2023-11-18 19:04:58,035][__main__][INFO] - epoch: 110
[2023-11-18 19:04:58,591][__main__][INFO] - alignment: tensor([0., 0., 0., 0., 0., 0., 0., 0., 0., 0., 0., 0., 0., 0., 0.])
[2023-11-18 19:04:58,591][__main__][INFO] - epoch: 120
[2023-11-18 19:04:59,141][__main__][INFO] - alignment: tensor([0., 0., 0., 0., 0., 0., 0., 0., 0., 0., 0., 0., 0., 0., 0.])
[2023-11-18 19:04:59,141][__main__][INFO] - epoch: 130
[2023-11-18 19:04:59,791][__main__][INFO] - alignment: tensor([0., 0., 0., 0., 0., 0., 0., 0., 0., 0., 0., 0., 0., 0., 0.])
[2023-11-18 19:04:59,791][__main__][INFO] - epoch: 140
[2023-11-18 19:05:00,377][__main__][INFO] - alignment: tensor([0., 0., 0., 0., 0., 0., 0., 0., 0., 0., 0., 0., 0., 0., 0.])
[2023-11-18 19:05:00,377][__main__][INFO] - epoch: 150
[2023-11-18 19:05:00,911][__main__][INFO] - alignment: tensor([0., 0., 0., 0., 0., 0., 0., 0., 0., 0., 0., 0., 0., 0., 0.])
[2023-11-18 19:05:00,912][__main__][INFO] - epoch: 160
[2023-11-18 19:05:01,568][__main__][INFO] - alignment: tensor([0., 0., 0., 0., 0., 0., 0., 0., 0., 0., 0., 0., 0., 0., 0.])
[2023-11-18 19:05:01,568][__main__][INFO] - epoch: 170
[2023-11-18 19:05:02,126][__main__][INFO] - alignment: tensor([0., 0., 0., 0., 0., 0., 0., 0., 0., 0., 0., 0., 0., 0., 0.])
[2023-11-18 19:05:02,126][__main__][INFO] - epoch: 180
[2023-11-18 19:05:02,711][__main__][INFO] - alignment: tensor([0., 0., 0., 0., 0., 0., 0., 0., 0., 0., 0., 0., 0., 0., 0.])
[2023-11-18 19:05:02,712][__main__][INFO] - epoch: 190
[2023-11-18 19:05:03,211][__main__][INFO] - alignment: tensor([0., 0., 0., 0., 0., 0., 0., 0., 0., 0., 0., 0., 0., 0., 0.])
[2023-11-18 19:05:03,211][__main__][INFO] - epoch: 200
[2023-11-18 19:05:03,729][__main__][INFO] - alignment: tensor([0., 0., 0., 0., 0., 0., 0., 0., 0., 0., 0., 0., 0., 0., 0.])
[2023-11-18 19:05:03,729][__main__][INFO] - epoch: 210
[2023-11-18 19:05:04,314][__main__][INFO] - alignment: tensor([0., 0., 0., 0., 0., 0., 0., 0., 0., 0., 0., 0., 0., 0., 0.])
[2023-11-18 19:05:04,315][__main__][INFO] - epoch: 220
[2023-11-18 19:05:04,965][__main__][INFO] - alignment: tensor([1., 0., 0., 0., 0., 0., 0., 0., 0., 0., 0., 0., 0., 0., 0.])
[2023-11-18 19:05:04,965][__main__][INFO] - epoch: 230
[2023-11-18 19:05:05,646][__main__][INFO] - alignment: tensor([1., 0., 0., 0., 0., 0., 0., 0., 0., 0., 0., 0., 0., 0., 0.])
[2023-11-18 19:05:05,646][__main__][INFO] - epoch: 240
[2023-11-18 19:05:06,231][__main__][INFO] - alignment: tensor([2., 0., 0., 0., 0., 0., 0., 0., 0., 0., 0., 0., 0., 0., 0.])
[2023-11-18 19:05:06,232][__main__][INFO] - epoch: 250
[2023-11-18 19:05:06,731][__main__][INFO] - alignment: tensor([4., 0., 0., 0., 0., 0., 0., 0., 0., 0., 0., 0., 0., 0., 0.])
[2023-11-18 19:05:06,731][__main__][INFO] - epoch: 260
[2023-11-18 19:05:07,232][__main__][INFO] - alignment: tensor([4., 0., 0., 0., 0., 0., 0., 0., 0., 0., 0., 0., 0., 0., 0.])
[2023-11-18 19:05:07,232][__main__][INFO] - epoch: 270
[2023-11-18 19:05:07,756][__main__][INFO] - alignment: tensor([6., 0., 0., 0., 0., 0., 0., 0., 0., 0., 0., 0., 0., 0., 0.])
[2023-11-18 19:05:07,756][__main__][INFO] - epoch: 280
[2023-11-18 19:05:08,381][__main__][INFO] - alignment: tensor([9., 2., 0., 0., 0., 0., 0., 0., 0., 0., 0., 0., 0., 0., 0.])
[2023-11-18 19:05:08,382][__main__][INFO] - epoch: 290
[2023-11-18 19:05:08,879][__main__][INFO] - alignment: tensor([11.,  3.,  1.,  0.,  0.,  0.,  0.,  0.,  0.,  1.,  0.,  0.,  1.,  0.,
         0.])
[2023-11-18 19:05:08,880][__main__][INFO] - epoch: 300
[2023-11-18 19:05:09,380][__main__][INFO] - alignment: tensor([11.,  3.,  1.,  0.,  0.,  0.,  0.,  0.,  0.,  1.,  0.,  0.,  1.,  0.,
         0.])
[2023-11-18 19:05:09,380][__main__][INFO] - epoch: 310
[2023-11-18 19:05:09,887][__main__][INFO] - alignment: tensor([11.,  3.,  1.,  0.,  0.,  0.,  0.,  0.,  0.,  1.,  0.,  0.,  1.,  0.,
         0.])
[2023-11-18 19:05:09,887][__main__][INFO] - epoch: 320
[2023-11-18 19:05:10,408][__main__][INFO] - alignment: tensor([10.,  3.,  1.,  0.,  0.,  0.,  0.,  0.,  0.,  1.,  0.,  0.,  1.,  0.,
         0.])
[2023-11-18 19:05:10,408][__main__][INFO] - epoch: 330
[2023-11-18 19:05:10,923][__main__][INFO] - alignment: tensor([9., 3., 1., 0., 0., 0., 0., 0., 0., 1., 0., 0., 1., 0., 0.])
[2023-11-18 19:05:10,923][__main__][INFO] - epoch: 340
[2023-11-18 19:05:11,459][__main__][INFO] - alignment: tensor([8., 3., 1., 0., 0., 0., 0., 0., 0., 1., 0., 0., 1., 0., 0.])
[2023-11-18 19:05:11,460][__main__][INFO] - epoch: 350
[2023-11-18 19:05:11,978][__main__][INFO] - alignment: tensor([8., 3., 1., 0., 0., 0., 0., 0., 0., 1., 0., 0., 1., 1., 0.])
[2023-11-18 19:05:11,979][__main__][INFO] - epoch: 360
[2023-11-18 19:05:12,582][__main__][INFO] - alignment: tensor([8., 3., 1., 0., 0., 0., 0., 0., 0., 1., 0., 0., 1., 1., 0.])
[2023-11-18 19:05:12,582][__main__][INFO] - epoch: 370
[2023-11-18 19:05:13,183][__main__][INFO] - alignment: tensor([8., 3., 1., 0., 0., 0., 0., 0., 0., 1., 0., 0., 1., 1., 0.])
[2023-11-18 19:05:13,183][__main__][INFO] - epoch: 380
[2023-11-18 19:05:13,770][__main__][INFO] - alignment: tensor([8., 3., 1., 1., 0., 0., 0., 0., 0., 1., 0., 0., 1., 0., 0.])
[2023-11-18 19:05:13,771][__main__][INFO] - epoch: 390
[2023-11-18 19:05:14,489][__main__][INFO] - alignment: tensor([8., 2., 1., 1., 0., 0., 0., 0., 0., 1., 0., 0., 1., 1., 0.])
[2023-11-18 19:05:14,489][__main__][INFO] - epoch: 400
[2023-11-18 19:05:15,158][__main__][INFO] - alignment: tensor([8., 3., 1., 1., 0., 0., 0., 0., 0., 1., 0., 0., 1., 1., 0.])
[2023-11-18 19:05:15,159][__main__][INFO] - epoch: 410
[2023-11-18 19:05:15,750][__main__][INFO] - alignment: tensor([8., 3., 1., 1., 0., 0., 0., 0., 0., 1., 0., 0., 1., 0., 0.])
[2023-11-18 19:05:15,750][__main__][INFO] - epoch: 420
[2023-11-18 19:05:16,243][__main__][INFO] - alignment: tensor([8., 2., 1., 1., 0., 0., 0., 0., 0., 1., 0., 0., 1., 1., 0.])
[2023-11-18 19:05:16,243][__main__][INFO] - epoch: 430
[2023-11-18 19:05:16,800][__main__][INFO] - alignment: tensor([8., 3., 1., 1., 0., 0., 0., 0., 0., 1., 0., 0., 1., 1., 0.])
[2023-11-18 19:05:16,800][__main__][INFO] - epoch: 440
[2023-11-18 19:05:17,359][__main__][INFO] - alignment: tensor([8., 3., 1., 1., 0., 0., 0., 0., 0., 1., 0., 0., 1., 1., 0.])
[2023-11-18 19:05:17,359][__main__][INFO] - epoch: 450
[2023-11-18 19:05:18,078][__main__][INFO] - alignment: tensor([8., 3., 1., 1., 0., 0., 0., 0., 0., 1., 0., 0., 1., 1., 0.])
[2023-11-18 19:05:18,079][__main__][INFO] - feat_thresh: 0.2
[2023-11-18 19:05:18,079][__main__][INFO] - epoch: 0
[2023-11-18 19:05:18,944][__main__][INFO] - alignment: tensor([0., 0., 0., 0., 0., 0., 0., 0., 0., 0., 0., 0., 0., 0., 0.])
[2023-11-18 19:05:18,945][__main__][INFO] - epoch: 10
[2023-11-18 19:05:19,751][__main__][INFO] - alignment: tensor([0., 0., 0., 0., 0., 0., 0., 0., 0., 0., 0., 0., 0., 0., 0.])
[2023-11-18 19:05:19,751][__main__][INFO] - epoch: 20
[2023-11-18 19:05:20,435][__main__][INFO] - alignment: tensor([0., 0., 0., 0., 0., 0., 0., 0., 0., 0., 0., 0., 0., 0., 0.])
[2023-11-18 19:05:20,436][__main__][INFO] - epoch: 30
[2023-11-18 19:05:21,081][__main__][INFO] - alignment: tensor([0., 0., 0., 0., 0., 0., 0., 0., 0., 0., 0., 0., 0., 0., 0.])
[2023-11-18 19:05:21,082][__main__][INFO] - epoch: 40
[2023-11-18 19:05:21,623][__main__][INFO] - alignment: tensor([0., 0., 0., 0., 0., 0., 0., 0., 0., 0., 0., 0., 0., 0., 0.])
[2023-11-18 19:05:21,624][__main__][INFO] - epoch: 50
[2023-11-18 19:05:22,232][__main__][INFO] - alignment: tensor([0., 0., 0., 0., 0., 0., 0., 0., 0., 0., 0., 0., 0., 0., 0.])
[2023-11-18 19:05:22,232][__main__][INFO] - epoch: 60
[2023-11-18 19:05:22,824][__main__][INFO] - alignment: tensor([0., 0., 0., 0., 0., 0., 0., 0., 0., 0., 0., 0., 0., 0., 0.])
[2023-11-18 19:05:22,824][__main__][INFO] - epoch: 70
[2023-11-18 19:05:23,342][__main__][INFO] - alignment: tensor([0., 0., 0., 0., 0., 0., 0., 0., 0., 0., 0., 0., 0., 0., 0.])
[2023-11-18 19:05:23,342][__main__][INFO] - epoch: 80
[2023-11-18 19:05:23,946][__main__][INFO] - alignment: tensor([0., 0., 0., 0., 0., 0., 0., 0., 0., 0., 0., 0., 0., 0., 0.])
[2023-11-18 19:05:23,946][__main__][INFO] - epoch: 90
[2023-11-18 19:05:24,443][__main__][INFO] - alignment: tensor([0., 0., 0., 0., 0., 0., 0., 0., 0., 0., 0., 0., 0., 0., 0.])
[2023-11-18 19:05:24,444][__main__][INFO] - epoch: 100
[2023-11-18 19:05:24,933][__main__][INFO] - alignment: tensor([0., 0., 0., 0., 0., 0., 0., 0., 0., 0., 0., 0., 0., 0., 0.])
[2023-11-18 19:05:24,933][__main__][INFO] - epoch: 110
[2023-11-18 19:05:25,461][__main__][INFO] - alignment: tensor([0., 0., 0., 0., 0., 0., 0., 0., 0., 0., 0., 0., 0., 0., 0.])
[2023-11-18 19:05:25,462][__main__][INFO] - epoch: 120
[2023-11-18 19:05:26,045][__main__][INFO] - alignment: tensor([0., 0., 0., 0., 0., 0., 0., 0., 0., 0., 0., 0., 0., 0., 0.])
[2023-11-18 19:05:26,045][__main__][INFO] - epoch: 130
[2023-11-18 19:05:26,676][__main__][INFO] - alignment: tensor([0., 0., 0., 0., 0., 0., 0., 0., 0., 0., 0., 0., 0., 0., 0.])
[2023-11-18 19:05:26,677][__main__][INFO] - epoch: 140
[2023-11-18 19:05:27,421][__main__][INFO] - alignment: tensor([0., 0., 0., 0., 0., 0., 0., 0., 0., 0., 0., 0., 0., 0., 0.])
[2023-11-18 19:05:27,422][__main__][INFO] - epoch: 150
[2023-11-18 19:05:28,016][__main__][INFO] - alignment: tensor([0., 0., 0., 0., 0., 0., 0., 0., 0., 0., 0., 0., 0., 0., 0.])
[2023-11-18 19:05:28,016][__main__][INFO] - epoch: 160
[2023-11-18 19:05:28,541][__main__][INFO] - alignment: tensor([0., 0., 0., 0., 0., 0., 0., 0., 0., 0., 0., 0., 0., 0., 0.])
[2023-11-18 19:05:28,541][__main__][INFO] - epoch: 170
[2023-11-18 19:05:29,117][__main__][INFO] - alignment: tensor([0., 0., 0., 0., 0., 0., 0., 0., 0., 0., 0., 0., 0., 0., 0.])
[2023-11-18 19:05:29,117][__main__][INFO] - epoch: 180
[2023-11-18 19:05:29,684][__main__][INFO] - alignment: tensor([0., 0., 0., 0., 0., 0., 0., 0., 0., 0., 0., 0., 0., 0., 0.])
[2023-11-18 19:05:29,684][__main__][INFO] - epoch: 190
[2023-11-18 19:05:30,397][__main__][INFO] - alignment: tensor([0., 0., 0., 0., 0., 0., 0., 0., 0., 0., 0., 0., 0., 0., 0.])
[2023-11-18 19:05:30,397][__main__][INFO] - epoch: 200
[2023-11-18 19:05:30,918][__main__][INFO] - alignment: tensor([0., 0., 0., 0., 0., 0., 0., 0., 0., 0., 0., 0., 0., 0., 0.])
[2023-11-18 19:05:30,919][__main__][INFO] - epoch: 210
[2023-11-18 19:05:31,411][__main__][INFO] - alignment: tensor([0., 0., 0., 0., 0., 0., 0., 0., 0., 0., 0., 0., 0., 0., 0.])
[2023-11-18 19:05:31,411][__main__][INFO] - epoch: 220
[2023-11-18 19:05:31,953][__main__][INFO] - alignment: tensor([3., 0., 0., 0., 0., 0., 0., 0., 0., 0., 0., 0., 0., 0., 0.])
[2023-11-18 19:05:31,953][__main__][INFO] - epoch: 230
[2023-11-18 19:05:32,592][__main__][INFO] - alignment: tensor([6., 0., 0., 0., 0., 0., 0., 0., 0., 0., 0., 0., 0., 0., 0.])
[2023-11-18 19:05:32,592][__main__][INFO] - epoch: 240
[2023-11-18 19:05:33,118][__main__][INFO] - alignment: tensor([9., 0., 0., 0., 0., 0., 0., 0., 0., 0., 0., 0., 0., 0., 0.])
[2023-11-18 19:05:33,118][__main__][INFO] - epoch: 250
[2023-11-18 19:05:33,614][__main__][INFO] - alignment: tensor([19.,  0.,  0.,  0.,  0.,  0.,  0.,  0.,  0.,  0.,  0.,  0.,  0.,  0.,
         0.])
[2023-11-18 19:05:33,614][__main__][INFO] - epoch: 260
[2023-11-18 19:05:34,145][__main__][INFO] - alignment: tensor([25.,  1.,  0.,  0.,  0.,  0.,  0.,  0.,  0.,  0.,  0.,  0.,  1.,  0.,
         0.])
[2023-11-18 19:05:34,146][__main__][INFO] - epoch: 270
[2023-11-18 19:05:34,710][__main__][INFO] - alignment: tensor([27.,  2.,  0.,  0.,  0.,  0.,  0.,  0.,  0.,  1.,  0.,  0.,  1.,  0.,
         0.])
[2023-11-18 19:05:34,711][__main__][INFO] - epoch: 280
[2023-11-18 19:05:35,316][__main__][INFO] - alignment: tensor([28.,  3.,  1.,  0.,  0.,  0.,  0.,  0.,  0.,  1.,  0.,  0.,  1.,  0.,
         0.])
[2023-11-18 19:05:35,317][__main__][INFO] - epoch: 290
[2023-11-18 19:05:35,879][__main__][INFO] - alignment: tensor([28.,  3.,  2.,  0.,  0.,  0.,  0.,  0.,  0.,  1.,  0.,  0.,  1.,  0.,
         0.])
[2023-11-18 19:05:35,880][__main__][INFO] - epoch: 300
[2023-11-18 19:05:36,536][__main__][INFO] - alignment: tensor([25.,  3.,  2.,  0.,  0.,  0.,  0.,  0.,  0.,  1.,  0.,  0.,  1.,  0.,
         0.])
[2023-11-18 19:05:36,536][__main__][INFO] - epoch: 310
[2023-11-18 19:05:37,181][__main__][INFO] - alignment: tensor([20.,  3.,  2.,  1.,  0.,  0.,  0.,  0.,  0.,  1.,  0.,  0.,  1.,  0.,
         0.])
[2023-11-18 19:05:37,181][__main__][INFO] - epoch: 320
[2023-11-18 19:05:37,766][__main__][INFO] - alignment: tensor([20.,  3.,  2.,  1.,  0.,  0.,  0.,  0.,  0.,  1.,  0.,  0.,  1.,  0.,
         0.])
[2023-11-18 19:05:37,766][__main__][INFO] - epoch: 330
[2023-11-18 19:05:38,381][__main__][INFO] - alignment: tensor([21.,  3.,  2.,  1.,  0.,  0.,  0.,  0.,  0.,  1.,  0.,  0.,  1.,  1.,
         0.])
[2023-11-18 19:05:38,382][__main__][INFO] - epoch: 340
[2023-11-18 19:05:38,894][__main__][INFO] - alignment: tensor([20.,  3.,  2.,  1.,  0.,  0.,  0.,  0.,  0.,  1.,  0.,  0.,  1.,  1.,
         0.])
[2023-11-18 19:05:38,894][__main__][INFO] - epoch: 350
[2023-11-18 19:05:39,405][__main__][INFO] - alignment: tensor([13.,  4.,  2.,  1.,  0.,  0.,  0.,  0.,  0.,  1.,  0.,  0.,  1.,  1.,
         0.])
[2023-11-18 19:05:39,406][__main__][INFO] - epoch: 360
[2023-11-18 19:05:39,903][__main__][INFO] - alignment: tensor([14.,  4.,  2.,  1.,  0.,  0.,  0.,  0.,  0.,  1.,  0.,  0.,  1.,  1.,
         0.])
[2023-11-18 19:05:39,904][__main__][INFO] - epoch: 370
[2023-11-18 19:05:40,415][__main__][INFO] - alignment: tensor([13.,  4.,  2.,  1.,  0.,  0.,  0.,  0.,  0.,  1.,  0.,  0.,  1.,  1.,
         0.])
[2023-11-18 19:05:40,416][__main__][INFO] - epoch: 380
[2023-11-18 19:05:40,912][__main__][INFO] - alignment: tensor([13.,  4.,  3.,  1.,  0.,  0.,  0.,  0.,  0.,  1.,  0.,  0.,  1.,  1.,
         0.])
[2023-11-18 19:05:40,912][__main__][INFO] - epoch: 390
[2023-11-18 19:05:41,517][__main__][INFO] - alignment: tensor([13.,  4.,  3.,  1.,  0.,  0.,  0.,  0.,  1.,  1.,  0.,  0.,  1.,  1.,
         0.])
[2023-11-18 19:05:41,517][__main__][INFO] - epoch: 400
[2023-11-18 19:05:42,033][__main__][INFO] - alignment: tensor([13.,  4.,  3.,  1.,  0.,  0.,  0.,  0.,  1.,  1.,  0.,  0.,  1.,  1.,
         0.])
[2023-11-18 19:05:42,034][__main__][INFO] - epoch: 410
[2023-11-18 19:05:42,541][__main__][INFO] - alignment: tensor([13.,  4.,  3.,  1.,  0.,  0.,  0.,  0.,  1.,  1.,  0.,  0.,  1.,  1.,
         0.])
[2023-11-18 19:05:42,541][__main__][INFO] - epoch: 420
[2023-11-18 19:05:43,062][__main__][INFO] - alignment: tensor([13.,  4.,  2.,  1.,  0.,  0.,  0.,  0.,  1.,  1.,  0.,  0.,  1.,  1.,
         0.])
[2023-11-18 19:05:43,062][__main__][INFO] - epoch: 430
[2023-11-18 19:05:43,583][__main__][INFO] - alignment: tensor([12.,  3.,  2.,  1.,  0.,  0.,  0.,  0.,  1.,  1.,  0.,  0.,  1.,  1.,
         0.])
[2023-11-18 19:05:43,583][__main__][INFO] - epoch: 440
[2023-11-18 19:05:44,097][__main__][INFO] - alignment: tensor([12.,  4.,  3.,  1.,  0.,  0.,  0.,  0.,  1.,  1.,  0.,  0.,  1.,  1.,
         0.])
[2023-11-18 19:05:44,097][__main__][INFO] - epoch: 450
[2023-11-18 19:05:44,599][__main__][INFO] - alignment: tensor([12.,  4.,  3.,  1.,  0.,  0.,  0.,  0.,  1.,  1.,  0.,  0.,  1.,  1.,
         0.])
[2023-11-18 19:05:44,599][__main__][INFO] - feat_thresh: 0.3
[2023-11-18 19:05:44,599][__main__][INFO] - epoch: 0
[2023-11-18 19:05:45,094][__main__][INFO] - alignment: tensor([0., 0., 0., 0., 0., 0., 0., 0., 0., 0., 0., 0., 0., 0., 0.])
[2023-11-18 19:05:45,094][__main__][INFO] - epoch: 10
[2023-11-18 19:05:45,603][__main__][INFO] - alignment: tensor([0., 0., 0., 0., 0., 0., 0., 0., 0., 0., 0., 0., 0., 0., 0.])
[2023-11-18 19:05:45,603][__main__][INFO] - epoch: 20
[2023-11-18 19:05:46,192][__main__][INFO] - alignment: tensor([0., 0., 0., 0., 0., 0., 0., 0., 0., 0., 0., 0., 0., 0., 0.])
[2023-11-18 19:05:46,192][__main__][INFO] - epoch: 30
[2023-11-18 19:05:46,750][__main__][INFO] - alignment: tensor([0., 0., 0., 0., 0., 0., 0., 0., 0., 0., 0., 0., 0., 0., 0.])
[2023-11-18 19:05:46,751][__main__][INFO] - epoch: 40
[2023-11-18 19:05:47,325][__main__][INFO] - alignment: tensor([0., 0., 0., 0., 0., 0., 0., 0., 0., 0., 0., 0., 0., 0., 0.])
[2023-11-18 19:05:47,325][__main__][INFO] - epoch: 50
[2023-11-18 19:05:47,840][__main__][INFO] - alignment: tensor([0., 0., 0., 0., 0., 0., 0., 0., 0., 0., 0., 0., 0., 0., 0.])
[2023-11-18 19:05:47,840][__main__][INFO] - epoch: 60
[2023-11-18 19:05:48,406][__main__][INFO] - alignment: tensor([0., 0., 0., 0., 0., 0., 0., 0., 0., 0., 0., 0., 0., 0., 0.])
[2023-11-18 19:05:48,407][__main__][INFO] - epoch: 70
[2023-11-18 19:05:49,058][__main__][INFO] - alignment: tensor([0., 0., 0., 0., 0., 0., 0., 0., 0., 0., 0., 0., 0., 0., 0.])
[2023-11-18 19:05:49,059][__main__][INFO] - epoch: 80
[2023-11-18 19:05:49,624][__main__][INFO] - alignment: tensor([0., 0., 0., 0., 0., 0., 0., 0., 0., 0., 0., 0., 0., 0., 0.])
[2023-11-18 19:05:49,624][__main__][INFO] - epoch: 90
[2023-11-18 19:05:50,217][__main__][INFO] - alignment: tensor([0., 0., 0., 0., 0., 0., 0., 0., 0., 0., 0., 0., 0., 0., 0.])
[2023-11-18 19:05:50,217][__main__][INFO] - epoch: 100
[2023-11-18 19:05:50,713][__main__][INFO] - alignment: tensor([0., 0., 0., 0., 0., 0., 0., 0., 0., 0., 0., 0., 0., 0., 0.])
[2023-11-18 19:05:50,714][__main__][INFO] - epoch: 110
[2023-11-18 19:05:51,257][__main__][INFO] - alignment: tensor([0., 0., 0., 0., 0., 0., 0., 0., 0., 0., 0., 0., 0., 0., 0.])
[2023-11-18 19:05:51,258][__main__][INFO] - epoch: 120
[2023-11-18 19:05:51,921][__main__][INFO] - alignment: tensor([0., 0., 0., 0., 0., 0., 0., 0., 0., 0., 0., 0., 0., 0., 0.])
[2023-11-18 19:05:51,921][__main__][INFO] - epoch: 130
[2023-11-18 19:05:52,424][__main__][INFO] - alignment: tensor([0., 0., 0., 0., 0., 0., 0., 0., 0., 0., 0., 0., 0., 0., 0.])
[2023-11-18 19:05:52,424][__main__][INFO] - epoch: 140
[2023-11-18 19:05:52,975][__main__][INFO] - alignment: tensor([0., 0., 0., 0., 0., 0., 0., 0., 0., 0., 0., 0., 0., 0., 0.])
[2023-11-18 19:05:52,975][__main__][INFO] - epoch: 150
[2023-11-18 19:05:53,641][__main__][INFO] - alignment: tensor([0., 0., 0., 0., 0., 0., 0., 0., 0., 0., 0., 0., 0., 0., 0.])
[2023-11-18 19:05:53,642][__main__][INFO] - epoch: 160
[2023-11-18 19:05:54,230][__main__][INFO] - alignment: tensor([0., 0., 0., 0., 0., 0., 0., 0., 0., 0., 0., 0., 0., 0., 0.])
[2023-11-18 19:05:54,231][__main__][INFO] - epoch: 170
[2023-11-18 19:05:54,789][__main__][INFO] - alignment: tensor([0., 0., 0., 0., 0., 0., 0., 0., 0., 0., 0., 0., 0., 0., 0.])
[2023-11-18 19:05:54,790][__main__][INFO] - epoch: 180
[2023-11-18 19:05:55,317][__main__][INFO] - alignment: tensor([0., 0., 0., 0., 0., 0., 0., 0., 0., 0., 0., 0., 0., 0., 0.])
[2023-11-18 19:05:55,317][__main__][INFO] - epoch: 190
[2023-11-18 19:05:55,841][__main__][INFO] - alignment: tensor([0., 0., 0., 0., 0., 0., 0., 0., 0., 0., 0., 0., 0., 0., 0.])
[2023-11-18 19:05:55,841][__main__][INFO] - epoch: 200
[2023-11-18 19:05:56,333][__main__][INFO] - alignment: tensor([1., 0., 0., 0., 0., 0., 0., 0., 0., 0., 0., 0., 0., 0., 0.])
[2023-11-18 19:05:56,334][__main__][INFO] - epoch: 210
[2023-11-18 19:05:56,894][__main__][INFO] - alignment: tensor([6., 0., 0., 0., 0., 0., 0., 0., 0., 0., 0., 0., 0., 0., 0.])
[2023-11-18 19:05:56,894][__main__][INFO] - epoch: 220
[2023-11-18 19:05:57,527][__main__][INFO] - alignment: tensor([15.,  0.,  0.,  0.,  0.,  0.,  0.,  0.,  0.,  0.,  0.,  0.,  0.,  0.,
         0.])
[2023-11-18 19:05:57,527][__main__][INFO] - epoch: 230
[2023-11-18 19:05:58,083][__main__][INFO] - alignment: tensor([25.,  0.,  0.,  0.,  0.,  0.,  0.,  0.,  0.,  0.,  0.,  0.,  0.,  0.,
         0.])
[2023-11-18 19:05:58,083][__main__][INFO] - epoch: 240
[2023-11-18 19:05:58,637][__main__][INFO] - alignment: tensor([39.,  0.,  0.,  0.,  0.,  0.,  0.,  0.,  0.,  0.,  0.,  0.,  1.,  0.,
         0.])
[2023-11-18 19:05:58,638][__main__][INFO] - epoch: 250
[2023-11-18 19:05:59,175][__main__][INFO] - alignment: tensor([42.,  0.,  0.,  0.,  0.,  0.,  0.,  0.,  0.,  0.,  0.,  0.,  1.,  0.,
         0.])
[2023-11-18 19:05:59,175][__main__][INFO] - epoch: 260
[2023-11-18 19:05:59,773][__main__][INFO] - alignment: tensor([48.,  1.,  1.,  0.,  0.,  0.,  0.,  0.,  0.,  1.,  0.,  0.,  1.,  0.,
         0.])
[2023-11-18 19:05:59,774][__main__][INFO] - epoch: 270
[2023-11-18 19:06:00,401][__main__][INFO] - alignment: tensor([49.,  3.,  4.,  0.,  0.,  0.,  0.,  0.,  0.,  1.,  0.,  0.,  1.,  0.,
         0.])
[2023-11-18 19:06:00,401][__main__][INFO] - epoch: 280
[2023-11-18 19:06:01,017][__main__][INFO] - alignment: tensor([51.,  6.,  4.,  0.,  0.,  0.,  0.,  0.,  0.,  1.,  0.,  0.,  1.,  0.,
         0.])
[2023-11-18 19:06:01,017][__main__][INFO] - epoch: 290
[2023-11-18 19:06:01,714][__main__][INFO] - alignment: tensor([48.,  4.,  4.,  0.,  0.,  0.,  0.,  0.,  0.,  1.,  0.,  0.,  1.,  0.,
         0.])
[2023-11-18 19:06:01,714][__main__][INFO] - epoch: 300
[2023-11-18 19:06:02,460][__main__][INFO] - alignment: tensor([47.,  4.,  4.,  1.,  0.,  0.,  0.,  0.,  0.,  1.,  0.,  0.,  1.,  0.,
         0.])
[2023-11-18 19:06:02,460][__main__][INFO] - epoch: 310
[2023-11-18 19:06:03,124][__main__][INFO] - alignment: tensor([40.,  3.,  3.,  1.,  0.,  0.,  0.,  0.,  0.,  1.,  0.,  0.,  1.,  0.,
         1.])
[2023-11-18 19:06:03,125][__main__][INFO] - epoch: 320
[2023-11-18 19:06:03,770][__main__][INFO] - alignment: tensor([38.,  4.,  3.,  1.,  0.,  0.,  0.,  0.,  0.,  1.,  0.,  0.,  1.,  0.,
         1.])
[2023-11-18 19:06:03,770][__main__][INFO] - epoch: 330
[2023-11-18 19:06:04,374][__main__][INFO] - alignment: tensor([36.,  4.,  3.,  1.,  0.,  0.,  2.,  0.,  1.,  1.,  0.,  0.,  1.,  1.,
         1.])
[2023-11-18 19:06:04,375][__main__][INFO] - epoch: 340
[2023-11-18 19:06:04,892][__main__][INFO] - alignment: tensor([33.,  4.,  4.,  1.,  0.,  0.,  2.,  0.,  1.,  1.,  0.,  0.,  1.,  1.,
         1.])
[2023-11-18 19:06:04,892][__main__][INFO] - epoch: 350
[2023-11-18 19:06:05,484][__main__][INFO] - alignment: tensor([33.,  4.,  4.,  1.,  0.,  0.,  2.,  0.,  1.,  1.,  0.,  0.,  1.,  1.,
         1.])
[2023-11-18 19:06:05,484][__main__][INFO] - epoch: 360
[2023-11-18 19:06:06,265][__main__][INFO] - alignment: tensor([31.,  4.,  4.,  1.,  0.,  0.,  2.,  0.,  1.,  1.,  0.,  0.,  1.,  1.,
         1.])
[2023-11-18 19:06:06,265][__main__][INFO] - epoch: 370
[2023-11-18 19:06:06,791][__main__][INFO] - alignment: tensor([30.,  4.,  4.,  1.,  0.,  0.,  2.,  0.,  1.,  1.,  0.,  0.,  1.,  1.,
         1.])
[2023-11-18 19:06:06,791][__main__][INFO] - epoch: 380
[2023-11-18 19:06:07,328][__main__][INFO] - alignment: tensor([27.,  4.,  4.,  1.,  0.,  0.,  2.,  0.,  1.,  1.,  0.,  0.,  1.,  1.,
         1.])
[2023-11-18 19:06:07,329][__main__][INFO] - epoch: 390
[2023-11-18 19:06:07,945][__main__][INFO] - alignment: tensor([23.,  4.,  4.,  1.,  0.,  0.,  2.,  0.,  1.,  1.,  0.,  0.,  1.,  1.,
         1.])
[2023-11-18 19:06:07,946][__main__][INFO] - epoch: 400
[2023-11-18 19:06:08,455][__main__][INFO] - alignment: tensor([22.,  4.,  4.,  1.,  0.,  0.,  2.,  0.,  1.,  1.,  0.,  0.,  1.,  1.,
         1.])
[2023-11-18 19:06:08,455][__main__][INFO] - epoch: 410
[2023-11-18 19:06:09,018][__main__][INFO] - alignment: tensor([23.,  4.,  4.,  1.,  0.,  0.,  2.,  0.,  1.,  1.,  0.,  0.,  1.,  1.,
         1.])
[2023-11-18 19:06:09,018][__main__][INFO] - epoch: 420
[2023-11-18 19:06:09,550][__main__][INFO] - alignment: tensor([21.,  4.,  4.,  1.,  0.,  0.,  2.,  0.,  1.,  1.,  0.,  0.,  1.,  1.,
         1.])
[2023-11-18 19:06:09,550][__main__][INFO] - epoch: 430
[2023-11-18 19:06:10,076][__main__][INFO] - alignment: tensor([21.,  4.,  4.,  1.,  0.,  0.,  2.,  0.,  1.,  1.,  0.,  0.,  1.,  1.,
         1.])
[2023-11-18 19:06:10,077][__main__][INFO] - epoch: 440
[2023-11-18 19:06:10,589][__main__][INFO] - alignment: tensor([18.,  4.,  3.,  1.,  0.,  0.,  2.,  0.,  1.,  1.,  0.,  0.,  1.,  1.,
         1.])
[2023-11-18 19:06:10,589][__main__][INFO] - epoch: 450
[2023-11-18 19:06:11,089][__main__][INFO] - alignment: tensor([18.,  4.,  3.,  1.,  0.,  0.,  2.,  0.,  1.,  1.,  0.,  0.,  1.,  1.,
         1.])
[2023-11-18 19:06:11,177][__main__][INFO] - Training losses plot: train_losses.png
[2023-11-18 19:06:11,310][__main__][INFO] - Accuracies plot: accuracies.png
