[2023-11-18 18:43:11,724][hydra.utils][INFO] - Logging from main
[2023-11-18 19:25:23,664][__main__][INFO] - Model weights saved at: model.pt
[2023-11-18 19:25:23,678][__main__][INFO] - Training accuracy: 0.9940740740740741
[2023-11-18 19:25:23,679][__main__][INFO] - Testing accuracy: 0.889
[2023-11-18 19:25:23,679][__main__][INFO] - feat_thresh: 0.1
[2023-11-18 19:25:23,679][__main__][INFO] - epoch: 0
[2023-11-18 19:25:24,220][__main__][INFO] - alignment: tensor([0., 0., 0., 0., 0., 0., 0., 0., 0., 0., 0., 0., 0., 0., 0.])
[2023-11-18 19:25:24,220][__main__][INFO] - epoch: 10
[2023-11-18 19:25:24,691][__main__][INFO] - alignment: tensor([0., 0., 0., 0., 0., 0., 0., 0., 0., 0., 0., 0., 0., 0., 0.])
[2023-11-18 19:25:24,691][__main__][INFO] - epoch: 20
[2023-11-18 19:25:25,168][__main__][INFO] - alignment: tensor([0., 0., 0., 0., 0., 0., 0., 0., 0., 0., 0., 0., 0., 0., 0.])
[2023-11-18 19:25:25,168][__main__][INFO] - epoch: 30
[2023-11-18 19:25:25,665][__main__][INFO] - alignment: tensor([0., 0., 0., 0., 0., 0., 0., 0., 0., 0., 0., 0., 0., 0., 0.])
[2023-11-18 19:25:25,666][__main__][INFO] - epoch: 40
[2023-11-18 19:25:26,206][__main__][INFO] - alignment: tensor([0., 0., 0., 0., 0., 0., 0., 0., 0., 0., 0., 0., 0., 0., 0.])
[2023-11-18 19:25:26,207][__main__][INFO] - epoch: 50
[2023-11-18 19:25:26,754][__main__][INFO] - alignment: tensor([0., 0., 0., 0., 0., 0., 0., 0., 0., 0., 0., 0., 0., 0., 0.])
[2023-11-18 19:25:26,754][__main__][INFO] - epoch: 60
[2023-11-18 19:25:27,432][__main__][INFO] - alignment: tensor([0., 0., 0., 0., 0., 0., 0., 0., 0., 0., 0., 0., 0., 0., 0.])
[2023-11-18 19:25:27,433][__main__][INFO] - epoch: 70
[2023-11-18 19:25:28,185][__main__][INFO] - alignment: tensor([0., 0., 0., 0., 0., 0., 0., 0., 0., 0., 0., 0., 0., 0., 0.])
[2023-11-18 19:25:28,185][__main__][INFO] - epoch: 80
[2023-11-18 19:25:28,760][__main__][INFO] - alignment: tensor([0., 0., 0., 0., 0., 0., 0., 0., 0., 0., 0., 0., 0., 0., 0.])
[2023-11-18 19:25:28,760][__main__][INFO] - epoch: 90
[2023-11-18 19:25:29,286][__main__][INFO] - alignment: tensor([0., 0., 0., 0., 0., 0., 0., 0., 0., 0., 0., 0., 0., 0., 0.])
[2023-11-18 19:25:29,286][__main__][INFO] - epoch: 100
[2023-11-18 19:25:29,821][__main__][INFO] - alignment: tensor([0., 0., 0., 0., 0., 0., 0., 0., 0., 0., 0., 0., 0., 0., 0.])
[2023-11-18 19:25:29,821][__main__][INFO] - epoch: 110
[2023-11-18 19:25:30,410][__main__][INFO] - alignment: tensor([0., 0., 0., 0., 0., 0., 0., 0., 0., 0., 0., 0., 0., 0., 0.])
[2023-11-18 19:25:30,410][__main__][INFO] - epoch: 120
[2023-11-18 19:25:30,879][__main__][INFO] - alignment: tensor([0., 0., 0., 0., 0., 0., 0., 0., 0., 0., 0., 0., 0., 0., 0.])
[2023-11-18 19:25:30,880][__main__][INFO] - epoch: 130
[2023-11-18 19:25:31,428][__main__][INFO] - alignment: tensor([0., 0., 0., 0., 0., 0., 0., 0., 0., 0., 0., 0., 0., 0., 0.])
[2023-11-18 19:25:31,429][__main__][INFO] - epoch: 140
[2023-11-18 19:25:32,040][__main__][INFO] - alignment: tensor([0., 0., 0., 0., 0., 0., 0., 0., 0., 0., 0., 0., 0., 0., 0.])
[2023-11-18 19:25:32,040][__main__][INFO] - epoch: 150
[2023-11-18 19:25:32,560][__main__][INFO] - alignment: tensor([0., 0., 0., 0., 0., 0., 0., 0., 0., 0., 0., 0., 0., 0., 0.])
[2023-11-18 19:25:32,560][__main__][INFO] - epoch: 160
[2023-11-18 19:25:33,046][__main__][INFO] - alignment: tensor([0., 0., 0., 0., 0., 0., 0., 0., 0., 0., 0., 0., 0., 0., 0.])
[2023-11-18 19:25:33,046][__main__][INFO] - epoch: 170
[2023-11-18 19:25:33,554][__main__][INFO] - alignment: tensor([0., 0., 0., 0., 0., 0., 0., 0., 0., 0., 0., 0., 0., 0., 0.])
[2023-11-18 19:25:33,554][__main__][INFO] - epoch: 180
[2023-11-18 19:25:34,069][__main__][INFO] - alignment: tensor([0., 0., 0., 0., 0., 0., 0., 0., 0., 0., 0., 0., 0., 0., 0.])
[2023-11-18 19:25:34,069][__main__][INFO] - epoch: 190
[2023-11-18 19:25:34,579][__main__][INFO] - alignment: tensor([0., 0., 0., 0., 0., 0., 0., 0., 0., 0., 0., 0., 0., 0., 0.])
[2023-11-18 19:25:34,579][__main__][INFO] - epoch: 200
[2023-11-18 19:25:35,128][__main__][INFO] - alignment: tensor([0., 0., 0., 0., 0., 0., 0., 0., 0., 0., 0., 0., 0., 0., 0.])
[2023-11-18 19:25:35,128][__main__][INFO] - epoch: 210
[2023-11-18 19:25:35,622][__main__][INFO] - alignment: tensor([0., 0., 0., 0., 0., 0., 0., 0., 0., 0., 0., 0., 0., 0., 0.])
[2023-11-18 19:25:35,622][__main__][INFO] - epoch: 220
[2023-11-18 19:25:36,121][__main__][INFO] - alignment: tensor([0., 0., 0., 0., 0., 0., 0., 0., 0., 0., 0., 0., 0., 0., 0.])
[2023-11-18 19:25:36,121][__main__][INFO] - epoch: 230
[2023-11-18 19:25:36,719][__main__][INFO] - alignment: tensor([0., 0., 0., 0., 0., 0., 0., 0., 0., 0., 0., 0., 0., 0., 0.])
[2023-11-18 19:25:36,719][__main__][INFO] - epoch: 240
[2023-11-18 19:25:37,226][__main__][INFO] - alignment: tensor([0., 0., 0., 0., 0., 0., 0., 0., 0., 0., 0., 0., 0., 0., 0.])
[2023-11-18 19:25:37,226][__main__][INFO] - epoch: 250
[2023-11-18 19:25:37,702][__main__][INFO] - alignment: tensor([0., 0., 0., 0., 0., 0., 0., 0., 0., 0., 0., 0., 0., 0., 0.])
[2023-11-18 19:25:37,702][__main__][INFO] - epoch: 260
[2023-11-18 19:25:38,244][__main__][INFO] - alignment: tensor([0., 0., 0., 0., 0., 0., 0., 0., 0., 0., 0., 0., 0., 0., 0.])
[2023-11-18 19:25:38,244][__main__][INFO] - epoch: 270
[2023-11-18 19:25:38,827][__main__][INFO] - alignment: tensor([0., 0., 0., 0., 0., 0., 0., 0., 0., 0., 0., 0., 0., 0., 0.])
[2023-11-18 19:25:38,827][__main__][INFO] - epoch: 280
[2023-11-18 19:25:39,376][__main__][INFO] - alignment: tensor([0., 0., 0., 0., 0., 0., 0., 0., 0., 0., 0., 0., 0., 0., 0.])
[2023-11-18 19:25:39,377][__main__][INFO] - epoch: 290
[2023-11-18 19:25:39,911][__main__][INFO] - alignment: tensor([0., 0., 0., 0., 0., 0., 0., 0., 0., 0., 0., 0., 0., 0., 0.])
[2023-11-18 19:25:39,911][__main__][INFO] - epoch: 300
[2023-11-18 19:25:40,502][__main__][INFO] - alignment: tensor([0., 0., 0., 0., 0., 0., 0., 0., 0., 0., 0., 0., 0., 0., 0.])
[2023-11-18 19:25:40,502][__main__][INFO] - epoch: 310
[2023-11-18 19:25:41,136][__main__][INFO] - alignment: tensor([0., 0., 0., 0., 0., 0., 0., 0., 0., 0., 0., 0., 0., 0., 0.])
[2023-11-18 19:25:41,136][__main__][INFO] - epoch: 320
[2023-11-18 19:25:41,657][__main__][INFO] - alignment: tensor([0., 0., 1., 0., 0., 0., 0., 0., 0., 0., 0., 0., 0., 1., 0.])
[2023-11-18 19:25:41,657][__main__][INFO] - epoch: 330
[2023-11-18 19:25:42,214][__main__][INFO] - alignment: tensor([2., 0., 1., 0., 0., 0., 0., 0., 0., 0., 0., 0., 0., 1., 0.])
[2023-11-18 19:25:42,214][__main__][INFO] - epoch: 340
[2023-11-18 19:25:42,719][__main__][INFO] - alignment: tensor([3., 0., 1., 0., 0., 0., 0., 0., 0., 0., 0., 0., 0., 1., 0.])
[2023-11-18 19:25:42,719][__main__][INFO] - epoch: 350
[2023-11-18 19:25:43,202][__main__][INFO] - alignment: tensor([3., 0., 1., 0., 0., 0., 0., 0., 0., 0., 0., 1., 0., 1., 0.])
[2023-11-18 19:25:43,202][__main__][INFO] - epoch: 360
[2023-11-18 19:25:43,783][__main__][INFO] - alignment: tensor([3., 0., 1., 0., 0., 0., 0., 0., 0., 0., 0., 1., 0., 1., 0.])
[2023-11-18 19:25:43,783][__main__][INFO] - epoch: 370
[2023-11-18 19:25:44,406][__main__][INFO] - alignment: tensor([3., 1., 1., 0., 0., 0., 0., 0., 0., 0., 0., 1., 0., 1., 0.])
[2023-11-18 19:25:44,406][__main__][INFO] - epoch: 380
[2023-11-18 19:25:44,977][__main__][INFO] - alignment: tensor([3., 1., 1., 0., 0., 0., 0., 0., 0., 0., 0., 1., 0., 1., 0.])
[2023-11-18 19:25:44,978][__main__][INFO] - epoch: 390
[2023-11-18 19:25:45,492][__main__][INFO] - alignment: tensor([3., 1., 2., 0., 0., 0., 0., 0., 0., 0., 0., 1., 0., 1., 0.])
[2023-11-18 19:25:45,492][__main__][INFO] - epoch: 400
[2023-11-18 19:25:46,050][__main__][INFO] - alignment: tensor([3., 1., 2., 0., 0., 0., 0., 0., 0., 0., 0., 1., 0., 1., 1.])
[2023-11-18 19:25:46,050][__main__][INFO] - epoch: 410
[2023-11-18 19:25:46,585][__main__][INFO] - alignment: tensor([3., 1., 2., 0., 0., 0., 0., 0., 0., 0., 0., 1., 0., 1., 0.])
[2023-11-18 19:25:46,586][__main__][INFO] - epoch: 420
[2023-11-18 19:25:47,073][__main__][INFO] - alignment: tensor([3., 1., 2., 0., 0., 0., 0., 0., 0., 0., 0., 1., 0., 1., 1.])
[2023-11-18 19:25:47,073][__main__][INFO] - epoch: 430
[2023-11-18 19:25:47,591][__main__][INFO] - alignment: tensor([4., 1., 2., 0., 0., 0., 0., 0., 0., 0., 0., 1., 0., 1., 1.])
[2023-11-18 19:25:47,592][__main__][INFO] - epoch: 440
[2023-11-18 19:25:48,061][__main__][INFO] - alignment: tensor([3., 1., 2., 0., 0., 0., 0., 0., 0., 0., 0., 1., 0., 1., 1.])
[2023-11-18 19:25:48,061][__main__][INFO] - epoch: 450
[2023-11-18 19:25:48,540][__main__][INFO] - alignment: tensor([3., 1., 2., 0., 0., 0., 0., 0., 0., 0., 0., 1., 0., 1., 0.])
[2023-11-18 19:25:48,541][__main__][INFO] - epoch: 460
[2023-11-18 19:25:49,000][__main__][INFO] - alignment: tensor([4., 1., 2., 0., 0., 0., 0., 0., 0., 0., 0., 0., 0., 1., 1.])
[2023-11-18 19:25:49,000][__main__][INFO] - epoch: 470
[2023-11-18 19:25:49,464][__main__][INFO] - alignment: tensor([3., 1., 2., 0., 0., 0., 0., 0., 0., 0., 0., 1., 0., 1., 1.])
[2023-11-18 19:25:49,464][__main__][INFO] - epoch: 480
[2023-11-18 19:25:49,975][__main__][INFO] - alignment: tensor([3., 1., 2., 0., 0., 0., 0., 0., 0., 0., 0., 0., 0., 1., 1.])
[2023-11-18 19:25:49,976][__main__][INFO] - feat_thresh: 0.2
[2023-11-18 19:25:49,976][__main__][INFO] - epoch: 0
[2023-11-18 19:25:50,593][__main__][INFO] - alignment: tensor([0., 0., 0., 0., 0., 0., 0., 0., 0., 0., 0., 0., 0., 0., 0.])
[2023-11-18 19:25:50,593][__main__][INFO] - epoch: 10
[2023-11-18 19:25:51,154][__main__][INFO] - alignment: tensor([0., 0., 0., 0., 0., 0., 0., 0., 0., 0., 0., 0., 0., 0., 0.])
[2023-11-18 19:25:51,154][__main__][INFO] - epoch: 20
[2023-11-18 19:25:51,697][__main__][INFO] - alignment: tensor([0., 0., 0., 0., 0., 0., 0., 0., 0., 0., 0., 0., 0., 0., 0.])
[2023-11-18 19:25:51,697][__main__][INFO] - epoch: 30
[2023-11-18 19:25:52,154][__main__][INFO] - alignment: tensor([0., 0., 0., 0., 0., 0., 0., 0., 0., 0., 0., 0., 0., 0., 0.])
[2023-11-18 19:25:52,155][__main__][INFO] - epoch: 40
[2023-11-18 19:25:52,629][__main__][INFO] - alignment: tensor([0., 0., 0., 0., 0., 0., 0., 0., 0., 0., 0., 0., 0., 0., 0.])
[2023-11-18 19:25:52,630][__main__][INFO] - epoch: 50
[2023-11-18 19:25:53,382][__main__][INFO] - alignment: tensor([0., 0., 0., 0., 0., 0., 0., 0., 0., 0., 0., 0., 0., 0., 0.])
[2023-11-18 19:25:53,382][__main__][INFO] - epoch: 60
[2023-11-18 19:25:53,885][__main__][INFO] - alignment: tensor([0., 0., 0., 0., 0., 0., 0., 0., 0., 0., 0., 0., 0., 0., 0.])
[2023-11-18 19:25:53,885][__main__][INFO] - epoch: 70
[2023-11-18 19:25:54,460][__main__][INFO] - alignment: tensor([0., 0., 0., 0., 0., 0., 0., 0., 0., 0., 0., 0., 0., 0., 0.])
[2023-11-18 19:25:54,460][__main__][INFO] - epoch: 80
[2023-11-18 19:25:54,916][__main__][INFO] - alignment: tensor([0., 0., 0., 0., 0., 0., 0., 0., 0., 0., 0., 0., 0., 0., 0.])
[2023-11-18 19:25:54,916][__main__][INFO] - epoch: 90
[2023-11-18 19:25:55,420][__main__][INFO] - alignment: tensor([0., 0., 0., 0., 0., 0., 0., 0., 0., 0., 0., 0., 0., 0., 0.])
[2023-11-18 19:25:55,421][__main__][INFO] - epoch: 100
[2023-11-18 19:25:55,991][__main__][INFO] - alignment: tensor([0., 0., 0., 0., 0., 0., 0., 0., 0., 0., 0., 0., 0., 0., 0.])
[2023-11-18 19:25:55,991][__main__][INFO] - epoch: 110
[2023-11-18 19:25:56,580][__main__][INFO] - alignment: tensor([0., 0., 0., 0., 0., 0., 0., 0., 0., 0., 0., 0., 0., 0., 0.])
[2023-11-18 19:25:56,581][__main__][INFO] - epoch: 120
[2023-11-18 19:25:57,046][__main__][INFO] - alignment: tensor([0., 0., 0., 0., 0., 0., 0., 0., 0., 0., 0., 0., 0., 0., 0.])
[2023-11-18 19:25:57,046][__main__][INFO] - epoch: 130
[2023-11-18 19:25:57,535][__main__][INFO] - alignment: tensor([0., 0., 0., 0., 0., 0., 0., 0., 0., 0., 0., 0., 0., 0., 0.])
[2023-11-18 19:25:57,535][__main__][INFO] - epoch: 140
[2023-11-18 19:25:58,066][__main__][INFO] - alignment: tensor([0., 0., 0., 0., 0., 0., 0., 0., 0., 0., 0., 0., 0., 0., 0.])
[2023-11-18 19:25:58,066][__main__][INFO] - epoch: 150
[2023-11-18 19:25:58,596][__main__][INFO] - alignment: tensor([0., 0., 0., 0., 0., 0., 0., 0., 0., 0., 0., 0., 0., 0., 0.])
[2023-11-18 19:25:58,596][__main__][INFO] - epoch: 160
[2023-11-18 19:25:59,189][__main__][INFO] - alignment: tensor([0., 0., 0., 0., 0., 0., 0., 0., 0., 0., 0., 0., 0., 0., 0.])
[2023-11-18 19:25:59,190][__main__][INFO] - epoch: 170
[2023-11-18 19:25:59,687][__main__][INFO] - alignment: tensor([0., 0., 0., 0., 0., 0., 0., 0., 0., 0., 0., 0., 0., 0., 0.])
[2023-11-18 19:25:59,687][__main__][INFO] - epoch: 180
[2023-11-18 19:26:00,155][__main__][INFO] - alignment: tensor([0., 0., 0., 0., 0., 0., 0., 0., 0., 0., 0., 0., 0., 0., 0.])
[2023-11-18 19:26:00,155][__main__][INFO] - epoch: 190
[2023-11-18 19:26:00,692][__main__][INFO] - alignment: tensor([0., 0., 0., 0., 0., 0., 0., 0., 0., 0., 0., 0., 0., 0., 0.])
[2023-11-18 19:26:00,692][__main__][INFO] - epoch: 200
[2023-11-18 19:26:01,193][__main__][INFO] - alignment: tensor([0., 0., 0., 0., 0., 0., 0., 0., 0., 0., 0., 0., 0., 0., 0.])
[2023-11-18 19:26:01,194][__main__][INFO] - epoch: 210
[2023-11-18 19:26:01,732][__main__][INFO] - alignment: tensor([0., 0., 0., 0., 0., 0., 0., 0., 0., 0., 0., 0., 0., 0., 0.])
[2023-11-18 19:26:01,732][__main__][INFO] - epoch: 220
[2023-11-18 19:26:02,328][__main__][INFO] - alignment: tensor([0., 0., 0., 0., 0., 0., 0., 0., 0., 0., 0., 0., 0., 0., 0.])
[2023-11-18 19:26:02,329][__main__][INFO] - epoch: 230
[2023-11-18 19:26:02,912][__main__][INFO] - alignment: tensor([0., 0., 0., 0., 0., 0., 0., 0., 0., 0., 0., 0., 0., 0., 0.])
[2023-11-18 19:26:02,912][__main__][INFO] - epoch: 240
[2023-11-18 19:26:03,398][__main__][INFO] - alignment: tensor([0., 0., 0., 0., 0., 0., 0., 0., 0., 0., 0., 0., 0., 0., 0.])
[2023-11-18 19:26:03,398][__main__][INFO] - epoch: 250
[2023-11-18 19:26:03,932][__main__][INFO] - alignment: tensor([0., 0., 0., 0., 0., 0., 0., 0., 0., 0., 0., 0., 0., 0., 0.])
[2023-11-18 19:26:03,933][__main__][INFO] - epoch: 260
[2023-11-18 19:26:04,449][__main__][INFO] - alignment: tensor([0., 0., 0., 0., 0., 0., 0., 0., 0., 0., 0., 0., 0., 0., 0.])
[2023-11-18 19:26:04,449][__main__][INFO] - epoch: 270
[2023-11-18 19:26:04,922][__main__][INFO] - alignment: tensor([0., 0., 0., 0., 0., 0., 0., 0., 0., 0., 0., 0., 0., 0., 0.])
[2023-11-18 19:26:04,922][__main__][INFO] - epoch: 280
[2023-11-18 19:26:05,400][__main__][INFO] - alignment: tensor([0., 0., 0., 0., 0., 0., 0., 0., 0., 0., 0., 0., 0., 0., 0.])
[2023-11-18 19:26:05,400][__main__][INFO] - epoch: 290
[2023-11-18 19:26:05,895][__main__][INFO] - alignment: tensor([1., 0., 1., 0., 0., 0., 0., 0., 0., 0., 0., 0., 0., 1., 0.])
[2023-11-18 19:26:05,895][__main__][INFO] - epoch: 300
[2023-11-18 19:26:06,395][__main__][INFO] - alignment: tensor([1., 0., 1., 0., 0., 0., 0., 0., 0., 0., 0., 0., 0., 1., 0.])
[2023-11-18 19:26:06,395][__main__][INFO] - epoch: 310
[2023-11-18 19:26:06,907][__main__][INFO] - alignment: tensor([3., 0., 2., 0., 0., 0., 0., 0., 0., 0., 0., 0., 0., 1., 0.])
[2023-11-18 19:26:06,907][__main__][INFO] - epoch: 320
[2023-11-18 19:26:07,391][__main__][INFO] - alignment: tensor([7., 0., 2., 0., 0., 0., 0., 0., 0., 0., 0., 0., 0., 1., 0.])
[2023-11-18 19:26:07,391][__main__][INFO] - epoch: 330
[2023-11-18 19:26:07,977][__main__][INFO] - alignment: tensor([8., 0., 2., 0., 0., 0., 0., 0., 0., 0., 0., 0., 0., 1., 0.])
[2023-11-18 19:26:07,977][__main__][INFO] - epoch: 340
[2023-11-18 19:26:08,586][__main__][INFO] - alignment: tensor([8., 0., 2., 0., 0., 0., 0., 0., 0., 0., 0., 1., 0., 1., 0.])
[2023-11-18 19:26:08,586][__main__][INFO] - epoch: 350
[2023-11-18 19:26:09,169][__main__][INFO] - alignment: tensor([8., 0., 2., 0., 0., 0., 0., 0., 0., 0., 0., 1., 0., 1., 0.])
[2023-11-18 19:26:09,169][__main__][INFO] - epoch: 360
[2023-11-18 19:26:09,683][__main__][INFO] - alignment: tensor([7., 1., 2., 0., 0., 0., 0., 0., 0., 0., 0., 1., 0., 1., 0.])
[2023-11-18 19:26:09,683][__main__][INFO] - epoch: 370
[2023-11-18 19:26:10,301][__main__][INFO] - alignment: tensor([6., 1., 2., 0., 0., 0., 0., 0., 0., 0., 0., 1., 0., 1., 0.])
[2023-11-18 19:26:10,301][__main__][INFO] - epoch: 380
[2023-11-18 19:26:11,006][__main__][INFO] - alignment: tensor([5., 1., 2., 0., 0., 0., 0., 0., 0., 0., 0., 1., 0., 1., 0.])
[2023-11-18 19:26:11,006][__main__][INFO] - epoch: 390
[2023-11-18 19:26:11,466][__main__][INFO] - alignment: tensor([5., 1., 2., 0., 0., 0., 1., 0., 0., 0., 0., 1., 0., 1., 1.])
[2023-11-18 19:26:11,467][__main__][INFO] - epoch: 400
[2023-11-18 19:26:11,974][__main__][INFO] - alignment: tensor([4., 1., 2., 0., 0., 0., 1., 0., 0., 0., 0., 1., 0., 1., 1.])
[2023-11-18 19:26:11,974][__main__][INFO] - epoch: 410
[2023-11-18 19:26:12,694][__main__][INFO] - alignment: tensor([4., 1., 2., 0., 0., 0., 1., 0., 0., 0., 0., 1., 0., 1., 1.])
[2023-11-18 19:26:12,694][__main__][INFO] - epoch: 420
[2023-11-18 19:26:13,327][__main__][INFO] - alignment: tensor([5., 1., 2., 0., 0., 0., 1., 0., 0., 0., 0., 1., 0., 1., 1.])
[2023-11-18 19:26:13,327][__main__][INFO] - epoch: 430
[2023-11-18 19:26:13,850][__main__][INFO] - alignment: tensor([5., 1., 2., 1., 0., 0., 1., 0., 0., 0., 0., 1., 1., 1., 1.])
[2023-11-18 19:26:13,851][__main__][INFO] - epoch: 440
[2023-11-18 19:26:14,379][__main__][INFO] - alignment: tensor([5., 1., 2., 1., 0., 0., 1., 0., 0., 0., 0., 1., 1., 1., 1.])
[2023-11-18 19:26:14,380][__main__][INFO] - epoch: 450
[2023-11-18 19:26:15,032][__main__][INFO] - alignment: tensor([5., 1., 2., 1., 0., 0., 1., 0., 0., 0., 0., 1., 1., 1., 1.])
[2023-11-18 19:26:15,032][__main__][INFO] - epoch: 460
[2023-11-18 19:26:15,570][__main__][INFO] - alignment: tensor([5., 1., 2., 1., 0., 0., 1., 0., 0., 0., 0., 1., 1., 1., 1.])
[2023-11-18 19:26:15,570][__main__][INFO] - epoch: 470
[2023-11-18 19:26:16,032][__main__][INFO] - alignment: tensor([4., 2., 2., 1., 0., 1., 1., 0., 0., 0., 0., 1., 1., 1., 1.])
[2023-11-18 19:26:16,032][__main__][INFO] - epoch: 480
[2023-11-18 19:26:16,600][__main__][INFO] - alignment: tensor([5., 2., 2., 1., 0., 1., 1., 0., 0., 0., 0., 1., 1., 1., 1.])
[2023-11-18 19:26:16,600][__main__][INFO] - feat_thresh: 0.3
[2023-11-18 19:26:16,600][__main__][INFO] - epoch: 0
[2023-11-18 19:26:17,089][__main__][INFO] - alignment: tensor([0., 0., 0., 0., 0., 0., 0., 0., 0., 0., 0., 0., 0., 0., 0.])
[2023-11-18 19:26:17,089][__main__][INFO] - epoch: 10
[2023-11-18 19:26:17,561][__main__][INFO] - alignment: tensor([0., 0., 0., 0., 0., 0., 0., 0., 0., 0., 0., 0., 0., 0., 0.])
[2023-11-18 19:26:17,561][__main__][INFO] - epoch: 20
[2023-11-18 19:26:18,043][__main__][INFO] - alignment: tensor([0., 0., 0., 0., 0., 0., 0., 0., 0., 0., 0., 0., 0., 0., 0.])
[2023-11-18 19:26:18,043][__main__][INFO] - epoch: 30
[2023-11-18 19:26:18,511][__main__][INFO] - alignment: tensor([0., 0., 0., 0., 0., 0., 0., 0., 0., 0., 0., 0., 0., 0., 0.])
[2023-11-18 19:26:18,511][__main__][INFO] - epoch: 40
[2023-11-18 19:26:18,994][__main__][INFO] - alignment: tensor([0., 0., 0., 0., 0., 0., 0., 0., 0., 0., 0., 0., 0., 0., 0.])
[2023-11-18 19:26:18,994][__main__][INFO] - epoch: 50
[2023-11-18 19:26:19,482][__main__][INFO] - alignment: tensor([0., 0., 0., 0., 0., 0., 0., 0., 0., 0., 0., 0., 0., 0., 0.])
[2023-11-18 19:26:19,482][__main__][INFO] - epoch: 60
[2023-11-18 19:26:20,035][__main__][INFO] - alignment: tensor([0., 0., 0., 0., 0., 0., 0., 0., 0., 0., 0., 0., 0., 0., 0.])
[2023-11-18 19:26:20,036][__main__][INFO] - epoch: 70
[2023-11-18 19:26:20,514][__main__][INFO] - alignment: tensor([0., 0., 0., 0., 0., 0., 0., 0., 0., 0., 0., 0., 0., 0., 0.])
[2023-11-18 19:26:20,514][__main__][INFO] - epoch: 80
[2023-11-18 19:26:21,068][__main__][INFO] - alignment: tensor([0., 0., 0., 0., 0., 0., 0., 0., 0., 0., 0., 0., 0., 0., 0.])
[2023-11-18 19:26:21,068][__main__][INFO] - epoch: 90
[2023-11-18 19:26:21,581][__main__][INFO] - alignment: tensor([0., 0., 0., 0., 0., 0., 0., 0., 0., 0., 0., 0., 0., 0., 0.])
[2023-11-18 19:26:21,581][__main__][INFO] - epoch: 100
[2023-11-18 19:26:22,128][__main__][INFO] - alignment: tensor([0., 0., 0., 0., 0., 0., 0., 0., 0., 0., 0., 0., 0., 0., 0.])
[2023-11-18 19:26:22,128][__main__][INFO] - epoch: 110
[2023-11-18 19:26:22,730][__main__][INFO] - alignment: tensor([0., 0., 0., 0., 0., 0., 0., 0., 0., 0., 0., 0., 0., 0., 0.])
[2023-11-18 19:26:22,731][__main__][INFO] - epoch: 120
[2023-11-18 19:26:23,334][__main__][INFO] - alignment: tensor([0., 0., 0., 0., 0., 0., 0., 0., 0., 0., 0., 0., 0., 0., 0.])
[2023-11-18 19:26:23,334][__main__][INFO] - epoch: 130
[2023-11-18 19:26:23,821][__main__][INFO] - alignment: tensor([0., 0., 0., 0., 0., 0., 0., 0., 0., 0., 0., 0., 0., 0., 0.])
[2023-11-18 19:26:23,821][__main__][INFO] - epoch: 140
[2023-11-18 19:26:24,318][__main__][INFO] - alignment: tensor([0., 0., 0., 0., 0., 0., 0., 0., 0., 0., 0., 0., 0., 0., 0.])
[2023-11-18 19:26:24,319][__main__][INFO] - epoch: 150
[2023-11-18 19:26:24,996][__main__][INFO] - alignment: tensor([0., 0., 0., 0., 0., 0., 0., 0., 0., 0., 0., 0., 0., 0., 0.])
[2023-11-18 19:26:24,997][__main__][INFO] - epoch: 160
[2023-11-18 19:26:25,582][__main__][INFO] - alignment: tensor([0., 0., 0., 0., 0., 0., 0., 0., 0., 0., 0., 0., 0., 0., 0.])
[2023-11-18 19:26:25,582][__main__][INFO] - epoch: 170
[2023-11-18 19:26:26,064][__main__][INFO] - alignment: tensor([0., 0., 0., 0., 0., 0., 0., 0., 0., 0., 0., 0., 0., 0., 0.])
[2023-11-18 19:26:26,064][__main__][INFO] - epoch: 180
[2023-11-18 19:26:26,525][__main__][INFO] - alignment: tensor([0., 0., 0., 0., 0., 0., 0., 0., 0., 0., 0., 0., 0., 0., 0.])
[2023-11-18 19:26:26,525][__main__][INFO] - epoch: 190
[2023-11-18 19:26:26,992][__main__][INFO] - alignment: tensor([0., 0., 0., 0., 0., 0., 0., 0., 0., 0., 0., 0., 0., 0., 0.])
[2023-11-18 19:26:26,993][__main__][INFO] - epoch: 200
[2023-11-18 19:26:27,455][__main__][INFO] - alignment: tensor([0., 0., 0., 0., 0., 0., 0., 0., 0., 0., 0., 0., 0., 0., 0.])
[2023-11-18 19:26:27,455][__main__][INFO] - epoch: 210
[2023-11-18 19:26:28,059][__main__][INFO] - alignment: tensor([0., 0., 0., 0., 0., 0., 0., 0., 0., 0., 0., 0., 0., 0., 0.])
[2023-11-18 19:26:28,060][__main__][INFO] - epoch: 220
[2023-11-18 19:26:28,621][__main__][INFO] - alignment: tensor([0., 0., 0., 0., 0., 0., 0., 0., 0., 0., 0., 0., 0., 0., 0.])
[2023-11-18 19:26:28,621][__main__][INFO] - epoch: 230
[2023-11-18 19:26:29,153][__main__][INFO] - alignment: tensor([0., 0., 0., 0., 0., 0., 0., 0., 0., 0., 0., 0., 0., 0., 0.])
[2023-11-18 19:26:29,154][__main__][INFO] - epoch: 240
[2023-11-18 19:26:29,730][__main__][INFO] - alignment: tensor([0., 0., 0., 0., 0., 0., 0., 0., 0., 0., 0., 0., 0., 0., 0.])
[2023-11-18 19:26:29,730][__main__][INFO] - epoch: 250
[2023-11-18 19:26:30,199][__main__][INFO] - alignment: tensor([0., 0., 0., 0., 0., 0., 0., 0., 0., 0., 0., 0., 0., 0., 0.])
[2023-11-18 19:26:30,199][__main__][INFO] - epoch: 260
[2023-11-18 19:26:30,680][__main__][INFO] - alignment: tensor([1., 0., 0., 0., 0., 0., 0., 0., 0., 0., 0., 0., 0., 0., 0.])
[2023-11-18 19:26:30,680][__main__][INFO] - epoch: 270
[2023-11-18 19:26:31,152][__main__][INFO] - alignment: tensor([1., 0., 0., 0., 0., 0., 0., 0., 0., 0., 0., 0., 0., 0., 0.])
[2023-11-18 19:26:31,152][__main__][INFO] - epoch: 280
[2023-11-18 19:26:31,629][__main__][INFO] - alignment: tensor([2., 0., 0., 0., 0., 0., 0., 0., 0., 0., 0., 0., 0., 1., 0.])
[2023-11-18 19:26:31,629][__main__][INFO] - epoch: 290
[2023-11-18 19:26:32,162][__main__][INFO] - alignment: tensor([4., 0., 1., 0., 0., 0., 0., 0., 0., 0., 0., 0., 0., 1., 0.])
[2023-11-18 19:26:32,162][__main__][INFO] - epoch: 300
[2023-11-18 19:26:32,646][__main__][INFO] - alignment: tensor([10.,  0.,  3.,  0.,  0.,  0.,  0.,  0.,  0.,  0.,  0.,  0.,  0.,  1.,
         0.])
[2023-11-18 19:26:32,646][__main__][INFO] - epoch: 310
[2023-11-18 19:26:33,188][__main__][INFO] - alignment: tensor([16.,  0.,  3.,  0.,  0.,  0.,  0.,  0.,  0.,  0.,  0.,  0.,  0.,  1.,
         0.])
[2023-11-18 19:26:33,188][__main__][INFO] - epoch: 320
[2023-11-18 19:26:33,693][__main__][INFO] - alignment: tensor([16.,  0.,  4.,  0.,  0.,  0.,  0.,  0.,  0.,  0.,  0.,  1.,  0.,  1.,
         0.])
[2023-11-18 19:26:33,693][__main__][INFO] - epoch: 330
[2023-11-18 19:26:34,222][__main__][INFO] - alignment: tensor([16.,  0.,  5.,  0.,  0.,  0.,  0.,  0.,  0.,  0.,  0.,  1.,  0.,  1.,
         0.])
[2023-11-18 19:26:34,222][__main__][INFO] - epoch: 340
[2023-11-18 19:26:34,782][__main__][INFO] - alignment: tensor([16.,  0.,  4.,  0.,  0.,  0.,  0.,  0.,  0.,  0.,  0.,  1.,  0.,  1.,
         0.])
[2023-11-18 19:26:34,782][__main__][INFO] - epoch: 350
[2023-11-18 19:26:35,252][__main__][INFO] - alignment: tensor([17.,  0.,  4.,  0.,  0.,  0.,  0.,  0.,  0.,  0.,  0.,  1.,  0.,  1.,
         0.])
[2023-11-18 19:26:35,253][__main__][INFO] - epoch: 360
[2023-11-18 19:26:35,816][__main__][INFO] - alignment: tensor([15.,  1.,  4.,  0.,  0.,  0.,  0.,  0.,  0.,  0.,  0.,  1.,  0.,  1.,
         0.])
[2023-11-18 19:26:35,816][__main__][INFO] - epoch: 370
[2023-11-18 19:26:36,328][__main__][INFO] - alignment: tensor([14.,  1.,  4.,  0.,  0.,  0.,  0.,  0.,  0.,  0.,  0.,  1.,  0.,  1.,
         0.])
[2023-11-18 19:26:36,328][__main__][INFO] - epoch: 380
[2023-11-18 19:26:36,829][__main__][INFO] - alignment: tensor([12.,  1.,  3.,  0.,  0.,  0.,  1.,  0.,  0.,  0.,  0.,  1.,  0.,  1.,
         1.])
[2023-11-18 19:26:36,829][__main__][INFO] - epoch: 390
[2023-11-18 19:26:37,347][__main__][INFO] - alignment: tensor([11.,  1.,  3.,  0.,  0.,  0.,  1.,  0.,  0.,  0.,  0.,  1.,  1.,  1.,
         1.])
[2023-11-18 19:26:37,347][__main__][INFO] - epoch: 400
[2023-11-18 19:26:37,944][__main__][INFO] - alignment: tensor([9., 1., 3., 0., 0., 0., 1., 0., 0., 0., 0., 1., 1., 1., 1.])
[2023-11-18 19:26:37,944][__main__][INFO] - epoch: 410
[2023-11-18 19:26:38,591][__main__][INFO] - alignment: tensor([7., 1., 2., 0., 0., 0., 2., 0., 1., 0., 0., 1., 1., 1., 1.])
[2023-11-18 19:26:38,592][__main__][INFO] - epoch: 420
[2023-11-18 19:26:39,172][__main__][INFO] - alignment: tensor([6., 1., 2., 1., 0., 0., 2., 0., 1., 0., 0., 1., 1., 1., 1.])
[2023-11-18 19:26:39,172][__main__][INFO] - epoch: 430
[2023-11-18 19:26:39,655][__main__][INFO] - alignment: tensor([6., 1., 2., 1., 0., 1., 2., 0., 1., 0., 0., 1., 1., 1., 1.])
[2023-11-18 19:26:39,655][__main__][INFO] - epoch: 440
[2023-11-18 19:26:40,185][__main__][INFO] - alignment: tensor([6., 1., 2., 1., 0., 1., 2., 0., 1., 0., 0., 1., 1., 1., 1.])
[2023-11-18 19:26:40,185][__main__][INFO] - epoch: 450
[2023-11-18 19:26:40,715][__main__][INFO] - alignment: tensor([6., 2., 2., 1., 0., 1., 2., 0., 1., 0., 0., 1., 1., 1., 1.])
[2023-11-18 19:26:40,716][__main__][INFO] - epoch: 460
[2023-11-18 19:26:41,238][__main__][INFO] - alignment: tensor([6., 2., 2., 1., 0., 1., 2., 0., 1., 0., 0., 1., 1., 1., 1.])
[2023-11-18 19:26:41,239][__main__][INFO] - epoch: 470
[2023-11-18 19:26:41,733][__main__][INFO] - alignment: tensor([7., 2., 2., 1., 0., 1., 2., 0., 1., 0., 0., 1., 1., 1., 1.])
[2023-11-18 19:26:41,733][__main__][INFO] - epoch: 480
[2023-11-18 19:26:42,204][__main__][INFO] - alignment: tensor([7., 2., 2., 1., 0., 1., 2., 0., 1., 0., 0., 1., 1., 1., 1.])
[2023-11-18 19:26:42,294][__main__][INFO] - Training losses plot: train_losses.png
[2023-11-18 19:26:42,381][__main__][INFO] - Accuracies plot: accuracies.png
