[2023-11-19 13:49:18,932][hydra.utils][INFO] - Logging from main
[2023-11-19 14:07:54,636][__main__][INFO] - Model weights saved at: model.pt
[2023-11-19 14:07:54,648][__main__][INFO] - Training accuracy: 1.0
[2023-11-19 14:07:54,648][__main__][INFO] - Testing accuracy: 0.961
[2023-11-19 14:07:54,648][__main__][INFO] - feat_thresh: 0.1
[2023-11-19 14:07:54,648][__main__][INFO] - epoch: 0
[2023-11-19 14:07:56,159][__main__][INFO] - alignment: tensor([0., 0., 0., 0., 0., 0., 0., 0., 0., 0., 0., 0., 0., 0., 0.])
[2023-11-19 14:07:56,159][__main__][INFO] - epoch: 10
[2023-11-19 14:07:57,711][__main__][INFO] - alignment: tensor([0., 0., 0., 0., 0., 0., 0., 0., 0., 0., 0., 0., 0., 0., 0.])
[2023-11-19 14:07:57,711][__main__][INFO] - epoch: 20
[2023-11-19 14:07:59,283][__main__][INFO] - alignment: tensor([0., 0., 0., 0., 0., 0., 0., 0., 0., 0., 0., 0., 0., 0., 0.])
[2023-11-19 14:07:59,283][__main__][INFO] - epoch: 30
[2023-11-19 14:08:00,839][__main__][INFO] - alignment: tensor([0., 0., 0., 0., 0., 0., 0., 0., 0., 0., 0., 0., 0., 0., 0.])
[2023-11-19 14:08:00,840][__main__][INFO] - epoch: 40
[2023-11-19 14:08:02,343][__main__][INFO] - alignment: tensor([0., 0., 0., 0., 0., 0., 0., 0., 0., 0., 0., 0., 0., 0., 0.])
[2023-11-19 14:08:02,343][__main__][INFO] - epoch: 50
[2023-11-19 14:08:03,887][__main__][INFO] - alignment: tensor([0., 0., 0., 0., 0., 0., 0., 0., 0., 0., 0., 0., 0., 0., 0.])
[2023-11-19 14:08:03,887][__main__][INFO] - epoch: 60
[2023-11-19 14:08:05,355][__main__][INFO] - alignment: tensor([0., 0., 0., 0., 0., 0., 0., 0., 0., 0., 0., 0., 0., 0., 0.])
[2023-11-19 14:08:05,356][__main__][INFO] - epoch: 70
[2023-11-19 14:08:06,867][__main__][INFO] - alignment: tensor([0., 0., 0., 0., 0., 0., 0., 0., 0., 0., 0., 0., 0., 0., 0.])
[2023-11-19 14:08:06,868][__main__][INFO] - epoch: 80
[2023-11-19 14:08:08,469][__main__][INFO] - alignment: tensor([0., 0., 0., 0., 0., 0., 0., 0., 0., 0., 0., 0., 0., 0., 0.])
[2023-11-19 14:08:08,469][__main__][INFO] - epoch: 90
[2023-11-19 14:08:09,993][__main__][INFO] - alignment: tensor([1., 0., 0., 0., 0., 0., 0., 0., 0., 0., 0., 0., 0., 0., 0.])
[2023-11-19 14:08:09,994][__main__][INFO] - epoch: 100
[2023-11-19 14:08:11,478][__main__][INFO] - alignment: tensor([1., 0., 0., 0., 0., 0., 0., 0., 0., 0., 0., 0., 0., 0., 0.])
[2023-11-19 14:08:11,478][__main__][INFO] - epoch: 110
[2023-11-19 14:08:12,958][__main__][INFO] - alignment: tensor([23.,  1.,  1.,  0.,  0.,  0.,  0.,  0.,  0.,  0.,  0.,  0.,  0.,  0.,
         0.])
[2023-11-19 14:08:12,958][__main__][INFO] - epoch: 120
[2023-11-19 14:08:14,467][__main__][INFO] - alignment: tensor([29.,  1.,  1.,  0.,  0.,  0.,  0.,  0.,  0.,  0.,  0.,  0.,  0.,  0.,
         0.])
[2023-11-19 14:08:14,467][__main__][INFO] - epoch: 130
[2023-11-19 14:08:15,970][__main__][INFO] - alignment: tensor([22.,  1.,  1.,  0.,  0.,  0.,  0.,  0.,  0.,  0.,  0.,  0.,  0.,  1.,
         0.])
[2023-11-19 14:08:15,971][__main__][INFO] - epoch: 140
[2023-11-19 14:08:17,469][__main__][INFO] - alignment: tensor([22.,  1.,  1.,  0.,  0.,  1.,  0.,  0.,  0.,  0.,  0.,  1.,  1.,  1.,
         0.])
[2023-11-19 14:08:17,469][__main__][INFO] - epoch: 150
[2023-11-19 14:08:18,989][__main__][INFO] - alignment: tensor([21.,  1.,  1.,  0.,  0.,  1.,  0.,  1.,  0.,  1.,  0.,  1.,  1.,  1.,
         0.])
[2023-11-19 14:08:18,989][__main__][INFO] - epoch: 160
[2023-11-19 14:08:20,519][__main__][INFO] - alignment: tensor([19.,  1.,  1.,  0.,  0.,  1.,  0.,  1.,  0.,  1.,  0.,  1.,  1.,  1.,
         0.])
[2023-11-19 14:08:20,520][__main__][INFO] - epoch: 170
[2023-11-19 14:08:22,043][__main__][INFO] - alignment: tensor([20.,  1.,  1.,  0.,  0.,  1.,  0.,  1.,  0.,  1.,  0.,  1.,  1.,  1.,
         0.])
[2023-11-19 14:08:22,043][__main__][INFO] - epoch: 180
[2023-11-19 14:08:23,786][__main__][INFO] - alignment: tensor([19.,  1.,  2.,  0.,  0.,  1.,  0.,  1.,  0.,  1.,  0.,  1.,  1.,  1.,
         0.])
[2023-11-19 14:08:23,786][__main__][INFO] - epoch: 190
[2023-11-19 14:08:25,330][__main__][INFO] - alignment: tensor([16.,  1.,  1.,  0.,  0.,  1.,  0.,  1.,  0.,  1.,  0.,  1.,  1.,  1.,
         0.])
[2023-11-19 14:08:25,331][__main__][INFO] - epoch: 200
[2023-11-19 14:08:26,839][__main__][INFO] - alignment: tensor([17.,  2.,  3.,  0.,  0.,  1.,  0.,  1.,  0.,  1.,  0.,  1.,  1.,  1.,
         0.])
[2023-11-19 14:08:26,839][__main__][INFO] - epoch: 210
[2023-11-19 14:08:28,367][__main__][INFO] - alignment: tensor([13.,  2.,  2.,  0.,  0.,  1.,  0.,  1.,  0.,  1.,  0.,  1.,  1.,  1.,
         0.])
[2023-11-19 14:08:28,368][__main__][INFO] - epoch: 220
[2023-11-19 14:08:29,885][__main__][INFO] - alignment: tensor([13.,  3.,  1.,  0.,  0.,  1.,  0.,  1.,  0.,  1.,  1.,  1.,  1.,  1.,
         0.])
[2023-11-19 14:08:29,886][__main__][INFO] - epoch: 230
[2023-11-19 14:08:31,439][__main__][INFO] - alignment: tensor([10.,  3.,  2.,  0.,  0.,  1.,  0.,  1.,  0.,  1.,  1.,  1.,  1.,  1.,
         0.])
[2023-11-19 14:08:31,440][__main__][INFO] - epoch: 240
[2023-11-19 14:08:32,970][__main__][INFO] - alignment: tensor([11.,  3.,  2.,  0.,  0.,  1.,  0.,  1.,  0.,  1.,  1.,  1.,  1.,  1.,
         0.])
[2023-11-19 14:08:32,970][__main__][INFO] - epoch: 250
[2023-11-19 14:08:34,499][__main__][INFO] - alignment: tensor([12.,  3.,  2.,  0.,  0.,  1.,  0.,  1.,  0.,  1.,  1.,  1.,  1.,  1.,
         0.])
[2023-11-19 14:08:34,499][__main__][INFO] - epoch: 260
[2023-11-19 14:08:36,010][__main__][INFO] - alignment: tensor([13.,  3.,  2.,  0.,  0.,  1.,  0.,  1.,  0.,  1.,  1.,  1.,  1.,  1.,
         0.])
[2023-11-19 14:08:36,010][__main__][INFO] - epoch: 270
[2023-11-19 14:08:37,489][__main__][INFO] - alignment: tensor([13.,  3.,  2.,  0.,  0.,  1.,  0.,  1.,  0.,  1.,  1.,  1.,  1.,  1.,
         0.])
[2023-11-19 14:08:37,489][__main__][INFO] - feat_thresh: 0.2
[2023-11-19 14:08:37,489][__main__][INFO] - epoch: 0
[2023-11-19 14:08:39,009][__main__][INFO] - alignment: tensor([0., 0., 0., 0., 0., 0., 0., 0., 0., 0., 0., 0., 0., 0., 0.])
[2023-11-19 14:08:39,010][__main__][INFO] - epoch: 10
[2023-11-19 14:08:40,514][__main__][INFO] - alignment: tensor([0., 0., 0., 0., 0., 0., 0., 0., 0., 0., 0., 0., 0., 0., 0.])
[2023-11-19 14:08:40,514][__main__][INFO] - epoch: 20
[2023-11-19 14:08:42,052][__main__][INFO] - alignment: tensor([0., 0., 0., 0., 0., 0., 0., 0., 0., 0., 0., 0., 0., 0., 0.])
[2023-11-19 14:08:42,052][__main__][INFO] - epoch: 30
[2023-11-19 14:08:43,566][__main__][INFO] - alignment: tensor([0., 0., 0., 0., 0., 0., 0., 0., 0., 0., 0., 0., 0., 0., 0.])
[2023-11-19 14:08:43,566][__main__][INFO] - epoch: 40
[2023-11-19 14:08:45,078][__main__][INFO] - alignment: tensor([0., 0., 0., 0., 0., 0., 0., 0., 0., 0., 0., 0., 0., 0., 0.])
[2023-11-19 14:08:45,078][__main__][INFO] - epoch: 50
[2023-11-19 14:08:46,593][__main__][INFO] - alignment: tensor([0., 0., 0., 0., 0., 0., 0., 0., 0., 0., 0., 0., 0., 0., 0.])
[2023-11-19 14:08:46,593][__main__][INFO] - epoch: 60
[2023-11-19 14:08:48,183][__main__][INFO] - alignment: tensor([0., 0., 0., 0., 0., 0., 0., 0., 0., 0., 0., 0., 0., 0., 0.])
[2023-11-19 14:08:48,183][__main__][INFO] - epoch: 70
[2023-11-19 14:08:49,692][__main__][INFO] - alignment: tensor([0., 0., 0., 0., 0., 0., 0., 0., 0., 0., 0., 0., 0., 0., 0.])
[2023-11-19 14:08:49,692][__main__][INFO] - epoch: 80
[2023-11-19 14:08:51,256][__main__][INFO] - alignment: tensor([0., 0., 0., 0., 0., 0., 0., 0., 0., 0., 0., 0., 0., 0., 0.])
[2023-11-19 14:08:51,256][__main__][INFO] - epoch: 90
[2023-11-19 14:08:53,081][__main__][INFO] - alignment: tensor([4., 0., 0., 0., 0., 0., 0., 0., 0., 0., 0., 0., 0., 0., 0.])
[2023-11-19 14:08:53,081][__main__][INFO] - epoch: 100
[2023-11-19 14:08:54,624][__main__][INFO] - alignment: tensor([28.,  0.,  0.,  0.,  0.,  0.,  0.,  0.,  0.,  0.,  0.,  0.,  0.,  0.,
         0.])
[2023-11-19 14:08:54,624][__main__][INFO] - epoch: 110
[2023-11-19 14:08:56,165][__main__][INFO] - alignment: tensor([69.,  1.,  1.,  0.,  0.,  0.,  0.,  0.,  0.,  0.,  0.,  0.,  0.,  0.,
         0.])
[2023-11-19 14:08:56,166][__main__][INFO] - epoch: 120
[2023-11-19 14:08:57,788][__main__][INFO] - alignment: tensor([64.,  2.,  1.,  0.,  0.,  0.,  0.,  1.,  0.,  0.,  0.,  0.,  0.,  1.,
         0.])
[2023-11-19 14:08:57,788][__main__][INFO] - epoch: 130
[2023-11-19 14:08:59,215][__main__][INFO] - alignment: tensor([50.,  2.,  4.,  0.,  0.,  1.,  0.,  1.,  0.,  0.,  0.,  0.,  1.,  1.,
         0.])
[2023-11-19 14:08:59,215][__main__][INFO] - epoch: 140
[2023-11-19 14:09:00,730][__main__][INFO] - alignment: tensor([48.,  3.,  8.,  1.,  0.,  1.,  1.,  1.,  0.,  1.,  0.,  1.,  1.,  1.,
         0.])
[2023-11-19 14:09:00,731][__main__][INFO] - epoch: 150
[2023-11-19 14:09:02,235][__main__][INFO] - alignment: tensor([43.,  4.,  7.,  1.,  0.,  1.,  2.,  1.,  0.,  1.,  0.,  1.,  1.,  1.,
         0.])
[2023-11-19 14:09:02,235][__main__][INFO] - epoch: 160
[2023-11-19 14:09:03,719][__main__][INFO] - alignment: tensor([37.,  3.,  6.,  1.,  0.,  1.,  2.,  1.,  0.,  1.,  0.,  1.,  1.,  1.,
         0.])
[2023-11-19 14:09:03,719][__main__][INFO] - epoch: 170
[2023-11-19 14:09:05,288][__main__][INFO] - alignment: tensor([34.,  3.,  5.,  1.,  0.,  1.,  2.,  1.,  1.,  1.,  0.,  1.,  1.,  1.,
         0.])
[2023-11-19 14:09:05,288][__main__][INFO] - epoch: 180
[2023-11-19 14:09:06,811][__main__][INFO] - alignment: tensor([32.,  4.,  5.,  1.,  0.,  1.,  2.,  1.,  1.,  1.,  1.,  1.,  1.,  1.,
         0.])
[2023-11-19 14:09:06,811][__main__][INFO] - epoch: 190
[2023-11-19 14:09:08,471][__main__][INFO] - alignment: tensor([28.,  4.,  4.,  1.,  0.,  1.,  2.,  1.,  1.,  1.,  1.,  1.,  1.,  1.,
         0.])
[2023-11-19 14:09:08,471][__main__][INFO] - epoch: 200
[2023-11-19 14:09:10,007][__main__][INFO] - alignment: tensor([26.,  4.,  4.,  1.,  0.,  1.,  2.,  1.,  1.,  1.,  1.,  1.,  1.,  1.,
         0.])
[2023-11-19 14:09:10,008][__main__][INFO] - epoch: 210
[2023-11-19 14:09:11,529][__main__][INFO] - alignment: tensor([26.,  5.,  4.,  1.,  0.,  1.,  2.,  1.,  1.,  1.,  1.,  1.,  1.,  1.,
         0.])
[2023-11-19 14:09:11,529][__main__][INFO] - epoch: 220
[2023-11-19 14:09:13,028][__main__][INFO] - alignment: tensor([26.,  5.,  4.,  1.,  0.,  1.,  2.,  1.,  1.,  1.,  1.,  1.,  1.,  1.,
         0.])
[2023-11-19 14:09:13,028][__main__][INFO] - epoch: 230
[2023-11-19 14:09:14,541][__main__][INFO] - alignment: tensor([25.,  5.,  4.,  1.,  0.,  1.,  2.,  1.,  1.,  1.,  1.,  1.,  1.,  1.,
         0.])
[2023-11-19 14:09:14,542][__main__][INFO] - epoch: 240
[2023-11-19 14:09:16,088][__main__][INFO] - alignment: tensor([24.,  5.,  4.,  1.,  0.,  1.,  2.,  1.,  1.,  1.,  1.,  1.,  1.,  1.,
         0.])
[2023-11-19 14:09:16,088][__main__][INFO] - epoch: 250
[2023-11-19 14:09:17,590][__main__][INFO] - alignment: tensor([24.,  5.,  5.,  1.,  0.,  1.,  2.,  1.,  1.,  1.,  1.,  1.,  1.,  1.,
         0.])
[2023-11-19 14:09:17,590][__main__][INFO] - epoch: 260
[2023-11-19 14:09:19,091][__main__][INFO] - alignment: tensor([24.,  5.,  5.,  1.,  0.,  1.,  2.,  1.,  1.,  1.,  1.,  1.,  1.,  1.,
         0.])
[2023-11-19 14:09:19,091][__main__][INFO] - epoch: 270
[2023-11-19 14:09:20,631][__main__][INFO] - alignment: tensor([24.,  5.,  5.,  1.,  0.,  1.,  2.,  1.,  1.,  1.,  1.,  1.,  1.,  1.,
         0.])
[2023-11-19 14:09:20,631][__main__][INFO] - feat_thresh: 0.3
[2023-11-19 14:09:20,631][__main__][INFO] - epoch: 0
[2023-11-19 14:09:22,208][__main__][INFO] - alignment: tensor([0., 0., 0., 0., 0., 0., 0., 0., 0., 0., 0., 0., 0., 0., 0.])
[2023-11-19 14:09:22,208][__main__][INFO] - epoch: 10
[2023-11-19 14:09:23,727][__main__][INFO] - alignment: tensor([0., 0., 0., 0., 0., 0., 0., 0., 0., 0., 0., 0., 0., 0., 0.])
[2023-11-19 14:09:23,727][__main__][INFO] - epoch: 20
[2023-11-19 14:09:25,317][__main__][INFO] - alignment: tensor([0., 0., 0., 0., 0., 0., 0., 0., 0., 0., 0., 0., 0., 0., 0.])
[2023-11-19 14:09:25,317][__main__][INFO] - epoch: 30
[2023-11-19 14:09:26,820][__main__][INFO] - alignment: tensor([0., 0., 0., 0., 0., 0., 0., 0., 0., 0., 0., 0., 0., 0., 0.])
[2023-11-19 14:09:26,821][__main__][INFO] - epoch: 40
[2023-11-19 14:09:28,307][__main__][INFO] - alignment: tensor([0., 0., 0., 0., 0., 0., 0., 0., 0., 0., 0., 0., 0., 0., 0.])
[2023-11-19 14:09:28,307][__main__][INFO] - epoch: 50
[2023-11-19 14:09:29,796][__main__][INFO] - alignment: tensor([0., 0., 0., 0., 0., 0., 0., 0., 0., 0., 0., 0., 0., 0., 0.])
[2023-11-19 14:09:29,796][__main__][INFO] - epoch: 60
[2023-11-19 14:09:31,289][__main__][INFO] - alignment: tensor([0., 0., 0., 0., 0., 0., 0., 0., 0., 0., 0., 0., 0., 0., 0.])
[2023-11-19 14:09:31,289][__main__][INFO] - epoch: 70
[2023-11-19 14:09:32,786][__main__][INFO] - alignment: tensor([0., 0., 0., 0., 0., 0., 0., 0., 0., 0., 0., 0., 0., 0., 0.])
[2023-11-19 14:09:32,786][__main__][INFO] - epoch: 80
[2023-11-19 14:09:34,358][__main__][INFO] - alignment: tensor([2., 0., 0., 0., 0., 0., 0., 0., 0., 0., 0., 0., 0., 0., 0.])
[2023-11-19 14:09:34,358][__main__][INFO] - epoch: 90
[2023-11-19 14:09:35,980][__main__][INFO] - alignment: tensor([31.,  0.,  0.,  0.,  0.,  0.,  0.,  0.,  0.,  0.,  0.,  0.,  0.,  0.,
         0.])
[2023-11-19 14:09:35,981][__main__][INFO] - epoch: 100
[2023-11-19 14:09:37,483][__main__][INFO] - alignment: tensor([64.,  0.,  1.,  0.,  0.,  0.,  0.,  0.,  0.,  0.,  0.,  0.,  0.,  0.,
         0.])
[2023-11-19 14:09:37,483][__main__][INFO] - epoch: 110
[2023-11-19 14:09:39,032][__main__][INFO] - alignment: tensor([125.,   2.,   1.,   0.,   0.,   0.,   0.,   0.,   0.,   0.,   0.,   0.,
          0.,   1.,   0.])
[2023-11-19 14:09:39,032][__main__][INFO] - epoch: 120
[2023-11-19 14:09:40,580][__main__][INFO] - alignment: tensor([101.,   3.,   3.,   0.,   0.,   0.,   0.,   1.,   0.,   0.,   0.,   0.,
          1.,   1.,   0.])
[2023-11-19 14:09:40,580][__main__][INFO] - epoch: 130
[2023-11-19 14:09:42,110][__main__][INFO] - alignment: tensor([91.,  3.,  8.,  1.,  0.,  1.,  1.,  1.,  0.,  1.,  0.,  0.,  1.,  1.,
         0.])
[2023-11-19 14:09:42,110][__main__][INFO] - epoch: 140
[2023-11-19 14:09:44,426][__main__][INFO] - alignment: tensor([80.,  4., 13.,  2.,  0.,  1.,  2.,  1.,  0.,  1.,  0.,  1.,  1.,  1.,
         0.])
[2023-11-19 14:09:44,426][__main__][INFO] - epoch: 150
[2023-11-19 14:09:45,963][__main__][INFO] - alignment: tensor([72.,  4., 13.,  2.,  1.,  1.,  2.,  1.,  0.,  1.,  0.,  1.,  1.,  1.,
         0.])
[2023-11-19 14:09:45,963][__main__][INFO] - epoch: 160
[2023-11-19 14:09:47,472][__main__][INFO] - alignment: tensor([64.,  4., 11.,  2.,  1.,  1.,  2.,  1.,  1.,  1.,  0.,  1.,  1.,  1.,
         0.])
[2023-11-19 14:09:47,472][__main__][INFO] - epoch: 170
[2023-11-19 14:09:48,993][__main__][INFO] - alignment: tensor([53.,  6.,  9.,  2.,  1.,  1.,  2.,  1.,  1.,  1.,  0.,  1.,  1.,  1.,
         0.])
[2023-11-19 14:09:48,993][__main__][INFO] - epoch: 180
[2023-11-19 14:09:50,525][__main__][INFO] - alignment: tensor([48.,  9.,  8.,  2.,  2.,  1.,  2.,  1.,  1.,  1.,  1.,  1.,  1.,  1.,
         0.])
[2023-11-19 14:09:50,526][__main__][INFO] - epoch: 190
[2023-11-19 14:09:52,026][__main__][INFO] - alignment: tensor([46., 10.,  8.,  2.,  2.,  1.,  2.,  1.,  1.,  1.,  1.,  1.,  1.,  1.,
         0.])
[2023-11-19 14:09:52,026][__main__][INFO] - epoch: 200
[2023-11-19 14:09:53,534][__main__][INFO] - alignment: tensor([41.,  9.,  6.,  2.,  2.,  2.,  2.,  1.,  1.,  1.,  1.,  1.,  1.,  1.,
         0.])
[2023-11-19 14:09:53,534][__main__][INFO] - epoch: 210
[2023-11-19 14:09:55,130][__main__][INFO] - alignment: tensor([40.,  8.,  7.,  2.,  2.,  1.,  2.,  1.,  1.,  1.,  1.,  1.,  1.,  1.,
         0.])
[2023-11-19 14:09:55,131][__main__][INFO] - epoch: 220
[2023-11-19 14:09:56,624][__main__][INFO] - alignment: tensor([37.,  6.,  8.,  2.,  3.,  1.,  2.,  1.,  1.,  1.,  1.,  1.,  1.,  1.,
         0.])
[2023-11-19 14:09:56,625][__main__][INFO] - epoch: 230
[2023-11-19 14:09:58,149][__main__][INFO] - alignment: tensor([36.,  5.,  7.,  2.,  3.,  1.,  2.,  1.,  1.,  1.,  1.,  1.,  1.,  1.,
         0.])
[2023-11-19 14:09:58,149][__main__][INFO] - epoch: 240
[2023-11-19 14:09:59,670][__main__][INFO] - alignment: tensor([36.,  6.,  7.,  2.,  3.,  1.,  2.,  1.,  1.,  1.,  1.,  1.,  1.,  1.,
         0.])
[2023-11-19 14:09:59,670][__main__][INFO] - epoch: 250
[2023-11-19 14:10:01,214][__main__][INFO] - alignment: tensor([34.,  5.,  7.,  2.,  3.,  1.,  2.,  1.,  1.,  1.,  1.,  1.,  1.,  1.,
         0.])
[2023-11-19 14:10:01,214][__main__][INFO] - epoch: 260
[2023-11-19 14:10:02,731][__main__][INFO] - alignment: tensor([35.,  5.,  7.,  2.,  3.,  1.,  2.,  1.,  1.,  1.,  1.,  1.,  1.,  1.,
         0.])
[2023-11-19 14:10:02,731][__main__][INFO] - epoch: 270
[2023-11-19 14:10:04,261][__main__][INFO] - alignment: tensor([35.,  5.,  7.,  2.,  3.,  1.,  2.,  1.,  1.,  1.,  1.,  1.,  1.,  1.,
         0.])
[2023-11-19 14:10:04,365][__main__][INFO] - Training losses plot: train_losses.png
[2023-11-19 14:10:04,567][__main__][INFO] - Accuracies plot: accuracies.png
