[2023-11-19 17:19:46,563][hydra.utils][INFO] - Logging from main
[2023-11-19 18:23:24,875][__main__][INFO] - Model weights saved at: model.pt
[2023-11-19 18:23:24,898][__main__][INFO] - Training accuracy: 0.9971481481481481
[2023-11-19 18:23:24,898][__main__][INFO] - Testing accuracy: 0.9248333333333333
[2023-11-19 18:23:24,898][__main__][INFO] - feat_thresh: 0.1
[2023-11-19 18:23:24,898][__main__][INFO] - epoch: 0
[2023-11-19 18:23:26,253][__main__][INFO] - alignment: tensor([0., 0., 0., 0., 0., 0., 0., 0., 0., 0., 0., 0., 0., 0., 0.])
[2023-11-19 18:23:26,253][__main__][INFO] - epoch: 10
[2023-11-19 18:23:27,516][__main__][INFO] - alignment: tensor([0., 0., 0., 0., 0., 0., 0., 0., 0., 0., 0., 0., 0., 0., 0.])
[2023-11-19 18:23:27,516][__main__][INFO] - epoch: 20
[2023-11-19 18:23:28,713][__main__][INFO] - alignment: tensor([0., 0., 0., 0., 0., 0., 0., 0., 0., 0., 0., 0., 0., 0., 0.])
[2023-11-19 18:23:28,714][__main__][INFO] - epoch: 30
[2023-11-19 18:23:30,132][__main__][INFO] - alignment: tensor([0., 0., 0., 0., 0., 0., 0., 0., 0., 0., 0., 0., 0., 0., 0.])
[2023-11-19 18:23:30,132][__main__][INFO] - epoch: 40
[2023-11-19 18:23:31,450][__main__][INFO] - alignment: tensor([0., 0., 0., 0., 0., 0., 0., 0., 0., 0., 0., 0., 0., 0., 0.])
[2023-11-19 18:23:31,450][__main__][INFO] - epoch: 50
[2023-11-19 18:23:32,664][__main__][INFO] - alignment: tensor([0., 0., 0., 0., 0., 0., 0., 0., 0., 0., 0., 0., 0., 0., 0.])
[2023-11-19 18:23:32,664][__main__][INFO] - epoch: 60
[2023-11-19 18:23:33,927][__main__][INFO] - alignment: tensor([0., 0., 0., 0., 0., 0., 0., 0., 0., 0., 0., 0., 0., 0., 0.])
[2023-11-19 18:23:33,927][__main__][INFO] - epoch: 70
[2023-11-19 18:23:35,186][__main__][INFO] - alignment: tensor([0., 0., 0., 0., 0., 0., 0., 0., 0., 0., 0., 0., 0., 0., 0.])
[2023-11-19 18:23:35,187][__main__][INFO] - epoch: 80
[2023-11-19 18:23:36,504][__main__][INFO] - alignment: tensor([0., 0., 0., 0., 0., 0., 0., 0., 0., 0., 0., 0., 0., 0., 0.])
[2023-11-19 18:23:36,504][__main__][INFO] - epoch: 90
[2023-11-19 18:23:37,966][__main__][INFO] - alignment: tensor([0., 0., 0., 0., 0., 0., 0., 0., 0., 0., 0., 0., 0., 0., 0.])
[2023-11-19 18:23:37,966][__main__][INFO] - epoch: 100
[2023-11-19 18:23:39,226][__main__][INFO] - alignment: tensor([0., 0., 0., 0., 0., 0., 0., 0., 0., 0., 0., 0., 0., 0., 0.])
[2023-11-19 18:23:39,226][__main__][INFO] - epoch: 110
[2023-11-19 18:23:40,567][__main__][INFO] - alignment: tensor([0., 0., 0., 0., 0., 0., 0., 0., 0., 0., 0., 0., 0., 0., 0.])
[2023-11-19 18:23:40,567][__main__][INFO] - epoch: 120
[2023-11-19 18:23:41,819][__main__][INFO] - alignment: tensor([0., 0., 0., 0., 0., 0., 0., 0., 0., 0., 0., 0., 0., 0., 0.])
[2023-11-19 18:23:41,819][__main__][INFO] - epoch: 130
[2023-11-19 18:23:43,091][__main__][INFO] - alignment: tensor([0., 0., 0., 0., 0., 0., 0., 0., 0., 0., 0., 0., 0., 0., 0.])
[2023-11-19 18:23:43,092][__main__][INFO] - epoch: 140
[2023-11-19 18:23:44,613][__main__][INFO] - alignment: tensor([0., 0., 0., 0., 0., 0., 0., 0., 0., 0., 0., 0., 0., 0., 0.])
[2023-11-19 18:23:44,613][__main__][INFO] - epoch: 150
[2023-11-19 18:23:45,944][__main__][INFO] - alignment: tensor([0., 0., 0., 0., 0., 0., 0., 0., 0., 0., 0., 0., 0., 0., 0.])
[2023-11-19 18:23:45,944][__main__][INFO] - epoch: 160
[2023-11-19 18:23:47,253][__main__][INFO] - alignment: tensor([0., 0., 0., 0., 0., 0., 0., 0., 0., 0., 0., 0., 0., 0., 0.])
[2023-11-19 18:23:47,253][__main__][INFO] - epoch: 170
[2023-11-19 18:23:48,587][__main__][INFO] - alignment: tensor([0., 0., 0., 0., 0., 0., 0., 0., 0., 0., 0., 0., 0., 0., 0.])
[2023-11-19 18:23:48,587][__main__][INFO] - epoch: 180
[2023-11-19 18:23:49,942][__main__][INFO] - alignment: tensor([0., 0., 0., 0., 0., 0., 0., 0., 0., 0., 0., 0., 0., 0., 0.])
[2023-11-19 18:23:49,942][__main__][INFO] - epoch: 190
[2023-11-19 18:23:51,187][__main__][INFO] - alignment: tensor([0., 0., 0., 0., 0., 0., 0., 0., 0., 0., 0., 0., 0., 0., 0.])
[2023-11-19 18:23:51,187][__main__][INFO] - epoch: 200
[2023-11-19 18:23:52,435][__main__][INFO] - alignment: tensor([0., 0., 0., 0., 0., 0., 0., 0., 0., 0., 0., 0., 0., 0., 0.])
[2023-11-19 18:23:52,435][__main__][INFO] - epoch: 210
[2023-11-19 18:23:53,711][__main__][INFO] - alignment: tensor([0., 0., 0., 0., 0., 0., 0., 0., 0., 0., 0., 0., 0., 0., 0.])
[2023-11-19 18:23:53,711][__main__][INFO] - epoch: 220
[2023-11-19 18:23:54,954][__main__][INFO] - alignment: tensor([0., 0., 0., 0., 0., 0., 0., 0., 0., 0., 0., 0., 0., 0., 0.])
[2023-11-19 18:23:54,954][__main__][INFO] - epoch: 230
[2023-11-19 18:23:56,228][__main__][INFO] - alignment: tensor([0., 0., 0., 0., 0., 0., 0., 0., 0., 0., 0., 0., 0., 0., 0.])
[2023-11-19 18:23:56,228][__main__][INFO] - epoch: 240
[2023-11-19 18:23:57,536][__main__][INFO] - alignment: tensor([0., 0., 0., 0., 0., 0., 0., 0., 0., 0., 0., 0., 0., 0., 0.])
[2023-11-19 18:23:57,536][__main__][INFO] - epoch: 250
[2023-11-19 18:23:58,827][__main__][INFO] - alignment: tensor([0., 0., 0., 0., 0., 0., 0., 0., 0., 0., 0., 0., 0., 0., 0.])
[2023-11-19 18:23:58,827][__main__][INFO] - epoch: 260
[2023-11-19 18:24:00,189][__main__][INFO] - alignment: tensor([0., 0., 0., 0., 0., 0., 0., 0., 0., 0., 0., 0., 0., 0., 0.])
[2023-11-19 18:24:00,189][__main__][INFO] - epoch: 270
[2023-11-19 18:24:01,684][__main__][INFO] - alignment: tensor([0., 0., 0., 0., 0., 0., 0., 0., 0., 0., 0., 0., 0., 0., 0.])
[2023-11-19 18:24:01,685][__main__][INFO] - epoch: 280
[2023-11-19 18:24:02,971][__main__][INFO] - alignment: tensor([0., 0., 0., 0., 0., 0., 0., 0., 0., 0., 0., 0., 0., 0., 0.])
[2023-11-19 18:24:02,971][__main__][INFO] - epoch: 290
[2023-11-19 18:24:04,171][__main__][INFO] - alignment: tensor([0., 0., 0., 0., 0., 0., 0., 0., 0., 0., 0., 0., 0., 0., 0.])
[2023-11-19 18:24:04,171][__main__][INFO] - epoch: 300
[2023-11-19 18:24:05,454][__main__][INFO] - alignment: tensor([0., 0., 0., 0., 0., 0., 0., 0., 0., 0., 0., 0., 0., 0., 0.])
[2023-11-19 18:24:05,454][__main__][INFO] - epoch: 310
[2023-11-19 18:24:06,733][__main__][INFO] - alignment: tensor([0., 0., 0., 0., 0., 0., 0., 0., 0., 0., 0., 0., 0., 0., 0.])
[2023-11-19 18:24:06,733][__main__][INFO] - epoch: 320
[2023-11-19 18:24:08,000][__main__][INFO] - alignment: tensor([1., 0., 0., 0., 0., 0., 0., 0., 0., 0., 0., 0., 0., 0., 0.])
[2023-11-19 18:24:08,000][__main__][INFO] - epoch: 330
[2023-11-19 18:24:09,293][__main__][INFO] - alignment: tensor([0., 0., 0., 0., 0., 0., 0., 0., 0., 0., 0., 0., 0., 0., 0.])
[2023-11-19 18:24:09,293][__main__][INFO] - epoch: 340
[2023-11-19 18:24:10,535][__main__][INFO] - alignment: tensor([1., 0., 0., 0., 0., 0., 0., 0., 0., 0., 0., 0., 0., 0., 0.])
[2023-11-19 18:24:10,535][__main__][INFO] - epoch: 350
[2023-11-19 18:24:11,838][__main__][INFO] - alignment: tensor([1., 0., 0., 0., 0., 0., 0., 0., 0., 0., 0., 0., 0., 0., 0.])
[2023-11-19 18:24:11,838][__main__][INFO] - epoch: 360
[2023-11-19 18:24:13,092][__main__][INFO] - alignment: tensor([1., 0., 0., 0., 0., 0., 0., 0., 0., 0., 0., 0., 0., 0., 0.])
[2023-11-19 18:24:13,093][__main__][INFO] - epoch: 370
[2023-11-19 18:24:14,321][__main__][INFO] - alignment: tensor([1., 0., 0., 0., 0., 0., 0., 0., 0., 0., 0., 0., 0., 0., 0.])
[2023-11-19 18:24:14,321][__main__][INFO] - epoch: 380
[2023-11-19 18:24:15,566][__main__][INFO] - alignment: tensor([3., 0., 0., 0., 0., 0., 0., 0., 0., 0., 0., 0., 0., 0., 0.])
[2023-11-19 18:24:15,567][__main__][INFO] - epoch: 390
[2023-11-19 18:24:16,804][__main__][INFO] - alignment: tensor([3., 0., 0., 0., 0., 0., 0., 0., 0., 0., 0., 0., 0., 0., 0.])
[2023-11-19 18:24:16,804][__main__][INFO] - epoch: 400
[2023-11-19 18:24:17,985][__main__][INFO] - alignment: tensor([3., 0., 0., 0., 0., 0., 0., 0., 0., 0., 0., 0., 0., 0., 0.])
[2023-11-19 18:24:17,985][__main__][INFO] - epoch: 410
[2023-11-19 18:24:19,194][__main__][INFO] - alignment: tensor([3., 0., 0., 0., 0., 0., 0., 0., 0., 0., 0., 0., 0., 0., 0.])
[2023-11-19 18:24:19,194][__main__][INFO] - epoch: 420
[2023-11-19 18:24:20,680][__main__][INFO] - alignment: tensor([3., 0., 0., 0., 0., 0., 0., 0., 0., 0., 0., 0., 0., 0., 0.])
[2023-11-19 18:24:20,680][__main__][INFO] - epoch: 430
[2023-11-19 18:24:22,054][__main__][INFO] - alignment: tensor([3., 1., 0., 0., 0., 0., 0., 0., 0., 0., 0., 0., 0., 0., 0.])
[2023-11-19 18:24:22,054][__main__][INFO] - epoch: 440
[2023-11-19 18:24:23,639][__main__][INFO] - alignment: tensor([4., 1., 0., 0., 0., 0., 0., 0., 0., 0., 0., 0., 0., 0., 0.])
[2023-11-19 18:24:23,640][__main__][INFO] - epoch: 450
[2023-11-19 18:24:25,071][__main__][INFO] - alignment: tensor([5., 1., 0., 0., 0., 0., 0., 0., 0., 0., 0., 0., 0., 0., 1.])
[2023-11-19 18:24:25,072][__main__][INFO] - epoch: 460
[2023-11-19 18:24:26,341][__main__][INFO] - alignment: tensor([5., 1., 1., 0., 0., 0., 0., 0., 0., 0., 0., 0., 0., 0., 1.])
[2023-11-19 18:24:26,341][__main__][INFO] - epoch: 470
[2023-11-19 18:24:27,551][__main__][INFO] - alignment: tensor([5., 2., 1., 0., 0., 0., 0., 0., 0., 0., 0., 0., 0., 0., 1.])
[2023-11-19 18:24:27,551][__main__][INFO] - epoch: 480
[2023-11-19 18:24:28,767][__main__][INFO] - alignment: tensor([5., 2., 1., 0., 0., 0., 0., 0., 1., 0., 0., 0., 0., 0., 1.])
[2023-11-19 18:24:28,767][__main__][INFO] - epoch: 490
[2023-11-19 18:24:30,026][__main__][INFO] - alignment: tensor([5., 2., 2., 0., 0., 0., 0., 0., 1., 0., 0., 0., 0., 0., 1.])
[2023-11-19 18:24:30,027][__main__][INFO] - epoch: 500
[2023-11-19 18:24:31,257][__main__][INFO] - alignment: tensor([6., 2., 1., 0., 0., 0., 0., 0., 1., 0., 0., 0., 0., 0., 1.])
[2023-11-19 18:24:31,257][__main__][INFO] - epoch: 510
[2023-11-19 18:24:32,571][__main__][INFO] - alignment: tensor([7., 2., 2., 0., 0., 1., 0., 0., 1., 1., 0., 0., 0., 0., 1.])
[2023-11-19 18:24:32,572][__main__][INFO] - epoch: 520
[2023-11-19 18:24:33,857][__main__][INFO] - alignment: tensor([7., 2., 2., 0., 0., 1., 0., 0., 1., 1., 0., 1., 0., 0., 1.])
[2023-11-19 18:24:33,857][__main__][INFO] - epoch: 530
[2023-11-19 18:24:35,106][__main__][INFO] - alignment: tensor([6., 2., 2., 0., 0., 1., 0., 0., 1., 1., 1., 1., 0., 0., 1.])
[2023-11-19 18:24:35,106][__main__][INFO] - epoch: 540
[2023-11-19 18:24:36,350][__main__][INFO] - alignment: tensor([6., 2., 2., 0., 0., 1., 1., 0., 1., 1., 1., 1., 0., 0., 1.])
[2023-11-19 18:24:36,350][__main__][INFO] - epoch: 550
[2023-11-19 18:24:37,632][__main__][INFO] - alignment: tensor([6., 2., 2., 0., 0., 1., 1., 0., 1., 1., 1., 1., 0., 0., 1.])
[2023-11-19 18:24:37,632][__main__][INFO] - epoch: 560
[2023-11-19 18:24:38,851][__main__][INFO] - alignment: tensor([6., 3., 2., 0., 0., 1., 1., 0., 1., 1., 1., 1., 0., 0., 1.])
[2023-11-19 18:24:38,851][__main__][INFO] - epoch: 570
[2023-11-19 18:24:40,173][__main__][INFO] - alignment: tensor([6., 2., 2., 0., 0., 1., 1., 0., 1., 1., 1., 1., 0., 0., 1.])
[2023-11-19 18:24:40,173][__main__][INFO] - epoch: 580
[2023-11-19 18:24:41,503][__main__][INFO] - alignment: tensor([6., 3., 1., 0., 0., 1., 1., 0., 1., 1., 1., 1., 0., 0., 1.])
[2023-11-19 18:24:41,503][__main__][INFO] - epoch: 590
[2023-11-19 18:24:42,705][__main__][INFO] - alignment: tensor([6., 3., 1., 0., 0., 1., 1., 0., 1., 1., 1., 1., 0., 0., 1.])
[2023-11-19 18:24:42,705][__main__][INFO] - epoch: 600
[2023-11-19 18:24:43,973][__main__][INFO] - alignment: tensor([6., 4., 1., 0., 0., 1., 1., 0., 1., 1., 1., 1., 0., 0., 1.])
[2023-11-19 18:24:43,974][__main__][INFO] - epoch: 610
[2023-11-19 18:24:45,236][__main__][INFO] - alignment: tensor([6., 3., 2., 0., 0., 1., 1., 0., 1., 1., 1., 1., 0., 0., 1.])
[2023-11-19 18:24:45,236][__main__][INFO] - epoch: 620
[2023-11-19 18:24:46,442][__main__][INFO] - alignment: tensor([6., 4., 1., 0., 0., 1., 1., 0., 1., 1., 1., 1., 0., 0., 1.])
[2023-11-19 18:24:46,442][__main__][INFO] - epoch: 630
[2023-11-19 18:24:47,699][__main__][INFO] - alignment: tensor([6., 3., 1., 0., 0., 1., 1., 0., 1., 1., 1., 1., 0., 0., 1.])
[2023-11-19 18:24:47,699][__main__][INFO] - epoch: 640
[2023-11-19 18:24:49,066][__main__][INFO] - alignment: tensor([6., 1., 1., 0., 0., 0., 1., 0., 1., 1., 1., 1., 0., 0., 1.])
[2023-11-19 18:24:49,066][__main__][INFO] - epoch: 650
[2023-11-19 18:24:50,240][__main__][INFO] - alignment: tensor([6., 3., 3., 0., 0., 1., 1., 0., 1., 1., 1., 1., 0., 0., 1.])
[2023-11-19 18:24:50,240][__main__][INFO] - epoch: 660
[2023-11-19 18:24:51,436][__main__][INFO] - alignment: tensor([6., 3., 3., 0., 0., 1., 1., 0., 1., 1., 1., 1., 0., 0., 1.])
[2023-11-19 18:24:51,437][__main__][INFO] - feat_thresh: 0.2
[2023-11-19 18:24:51,437][__main__][INFO] - epoch: 0
[2023-11-19 18:24:52,627][__main__][INFO] - alignment: tensor([0., 0., 0., 0., 0., 0., 0., 0., 0., 0., 0., 0., 0., 0., 0.])
[2023-11-19 18:24:52,627][__main__][INFO] - epoch: 10
[2023-11-19 18:24:53,858][__main__][INFO] - alignment: tensor([0., 0., 0., 0., 0., 0., 0., 0., 0., 0., 0., 0., 0., 0., 0.])
[2023-11-19 18:24:53,859][__main__][INFO] - epoch: 20
[2023-11-19 18:24:55,120][__main__][INFO] - alignment: tensor([0., 0., 0., 0., 0., 0., 0., 0., 0., 0., 0., 0., 0., 0., 0.])
[2023-11-19 18:24:55,120][__main__][INFO] - epoch: 30
[2023-11-19 18:24:56,385][__main__][INFO] - alignment: tensor([0., 0., 0., 0., 0., 0., 0., 0., 0., 0., 0., 0., 0., 0., 0.])
[2023-11-19 18:24:56,386][__main__][INFO] - epoch: 40
[2023-11-19 18:24:57,840][__main__][INFO] - alignment: tensor([0., 0., 0., 0., 0., 0., 0., 0., 0., 0., 0., 0., 0., 0., 0.])
[2023-11-19 18:24:57,840][__main__][INFO] - epoch: 50
[2023-11-19 18:24:59,324][__main__][INFO] - alignment: tensor([0., 0., 0., 0., 0., 0., 0., 0., 0., 0., 0., 0., 0., 0., 0.])
[2023-11-19 18:24:59,324][__main__][INFO] - epoch: 60
[2023-11-19 18:25:00,624][__main__][INFO] - alignment: tensor([0., 0., 0., 0., 0., 0., 0., 0., 0., 0., 0., 0., 0., 0., 0.])
[2023-11-19 18:25:00,625][__main__][INFO] - epoch: 70
[2023-11-19 18:25:01,904][__main__][INFO] - alignment: tensor([0., 0., 0., 0., 0., 0., 0., 0., 0., 0., 0., 0., 0., 0., 0.])
[2023-11-19 18:25:01,904][__main__][INFO] - epoch: 80
[2023-11-19 18:25:03,107][__main__][INFO] - alignment: tensor([0., 0., 0., 0., 0., 0., 0., 0., 0., 0., 0., 0., 0., 0., 0.])
[2023-11-19 18:25:03,107][__main__][INFO] - epoch: 90
[2023-11-19 18:25:04,327][__main__][INFO] - alignment: tensor([0., 0., 0., 0., 0., 0., 0., 0., 0., 0., 0., 0., 0., 0., 0.])
[2023-11-19 18:25:04,327][__main__][INFO] - epoch: 100
[2023-11-19 18:25:05,673][__main__][INFO] - alignment: tensor([0., 0., 0., 0., 0., 0., 0., 0., 0., 0., 0., 0., 0., 0., 0.])
[2023-11-19 18:25:05,673][__main__][INFO] - epoch: 110
[2023-11-19 18:25:07,140][__main__][INFO] - alignment: tensor([0., 0., 0., 0., 0., 0., 0., 0., 0., 0., 0., 0., 0., 0., 0.])
[2023-11-19 18:25:07,140][__main__][INFO] - epoch: 120
[2023-11-19 18:25:08,431][__main__][INFO] - alignment: tensor([0., 0., 0., 0., 0., 0., 0., 0., 0., 0., 0., 0., 0., 0., 0.])
[2023-11-19 18:25:08,431][__main__][INFO] - epoch: 130
[2023-11-19 18:25:09,637][__main__][INFO] - alignment: tensor([0., 0., 0., 0., 0., 0., 0., 0., 0., 0., 0., 0., 0., 0., 0.])
[2023-11-19 18:25:09,637][__main__][INFO] - epoch: 140
[2023-11-19 18:25:11,215][__main__][INFO] - alignment: tensor([0., 0., 0., 0., 0., 0., 0., 0., 0., 0., 0., 0., 0., 0., 0.])
[2023-11-19 18:25:11,215][__main__][INFO] - epoch: 150
[2023-11-19 18:25:12,554][__main__][INFO] - alignment: tensor([0., 0., 0., 0., 0., 0., 0., 0., 0., 0., 0., 0., 0., 0., 0.])
[2023-11-19 18:25:12,554][__main__][INFO] - epoch: 160
[2023-11-19 18:25:13,838][__main__][INFO] - alignment: tensor([0., 0., 0., 0., 0., 0., 0., 0., 0., 0., 0., 0., 0., 0., 0.])
[2023-11-19 18:25:13,838][__main__][INFO] - epoch: 170
[2023-11-19 18:25:15,106][__main__][INFO] - alignment: tensor([0., 0., 0., 0., 0., 0., 0., 0., 0., 0., 0., 0., 0., 0., 0.])
[2023-11-19 18:25:15,106][__main__][INFO] - epoch: 180
[2023-11-19 18:25:16,415][__main__][INFO] - alignment: tensor([0., 0., 0., 0., 0., 0., 0., 0., 0., 0., 0., 0., 0., 0., 0.])
[2023-11-19 18:25:16,415][__main__][INFO] - epoch: 190
[2023-11-19 18:25:17,839][__main__][INFO] - alignment: tensor([0., 0., 0., 0., 0., 0., 0., 0., 0., 0., 0., 0., 0., 0., 0.])
[2023-11-19 18:25:17,839][__main__][INFO] - epoch: 200
[2023-11-19 18:25:19,527][__main__][INFO] - alignment: tensor([0., 0., 0., 0., 0., 0., 0., 0., 0., 0., 0., 0., 0., 0., 0.])
[2023-11-19 18:25:19,527][__main__][INFO] - epoch: 210
[2023-11-19 18:25:21,134][__main__][INFO] - alignment: tensor([0., 0., 0., 0., 0., 0., 0., 0., 0., 0., 0., 0., 0., 0., 0.])
[2023-11-19 18:25:21,134][__main__][INFO] - epoch: 220
[2023-11-19 18:25:22,386][__main__][INFO] - alignment: tensor([0., 0., 0., 0., 0., 0., 0., 0., 0., 0., 0., 0., 0., 0., 0.])
[2023-11-19 18:25:22,386][__main__][INFO] - epoch: 230
[2023-11-19 18:25:23,764][__main__][INFO] - alignment: tensor([0., 0., 0., 0., 0., 0., 0., 0., 0., 0., 0., 0., 0., 0., 0.])
[2023-11-19 18:25:23,765][__main__][INFO] - epoch: 240
[2023-11-19 18:25:25,024][__main__][INFO] - alignment: tensor([0., 0., 0., 0., 0., 0., 0., 0., 0., 0., 0., 0., 0., 0., 0.])
[2023-11-19 18:25:25,025][__main__][INFO] - epoch: 250
[2023-11-19 18:25:26,302][__main__][INFO] - alignment: tensor([0., 0., 0., 0., 0., 0., 0., 0., 0., 0., 0., 0., 0., 0., 0.])
[2023-11-19 18:25:26,302][__main__][INFO] - epoch: 260
[2023-11-19 18:25:27,596][__main__][INFO] - alignment: tensor([0., 0., 0., 0., 0., 0., 0., 0., 0., 0., 0., 0., 0., 0., 0.])
[2023-11-19 18:25:27,596][__main__][INFO] - epoch: 270
[2023-11-19 18:25:28,921][__main__][INFO] - alignment: tensor([0., 0., 0., 0., 0., 0., 0., 0., 0., 0., 0., 0., 0., 0., 0.])
[2023-11-19 18:25:28,921][__main__][INFO] - epoch: 280
[2023-11-19 18:25:30,245][__main__][INFO] - alignment: tensor([2., 0., 0., 0., 0., 0., 0., 0., 0., 0., 0., 0., 0., 0., 0.])
[2023-11-19 18:25:30,245][__main__][INFO] - epoch: 290
[2023-11-19 18:25:31,519][__main__][INFO] - alignment: tensor([8., 0., 0., 0., 0., 0., 0., 0., 0., 0., 0., 0., 0., 0., 0.])
[2023-11-19 18:25:31,519][__main__][INFO] - epoch: 300
[2023-11-19 18:25:32,921][__main__][INFO] - alignment: tensor([17.,  0.,  0.,  0.,  0.,  0.,  0.,  0.,  0.,  0.,  0.,  0.,  0.,  0.,
         0.])
[2023-11-19 18:25:32,921][__main__][INFO] - epoch: 310
[2023-11-19 18:25:34,299][__main__][INFO] - alignment: tensor([35.,  0.,  0.,  0.,  0.,  0.,  0.,  0.,  0.,  0.,  0.,  0.,  0.,  0.,
         0.])
[2023-11-19 18:25:34,299][__main__][INFO] - epoch: 320
[2023-11-19 18:25:35,674][__main__][INFO] - alignment: tensor([43.,  0.,  0.,  0.,  0.,  0.,  0.,  0.,  0.,  0.,  0.,  0.,  0.,  0.,
         0.])
[2023-11-19 18:25:35,675][__main__][INFO] - epoch: 330
[2023-11-19 18:25:37,026][__main__][INFO] - alignment: tensor([35.,  0.,  0.,  0.,  0.,  0.,  0.,  0.,  0.,  0.,  0.,  0.,  0.,  0.,
         0.])
[2023-11-19 18:25:37,027][__main__][INFO] - epoch: 340
[2023-11-19 18:25:38,388][__main__][INFO] - alignment: tensor([26.,  0.,  0.,  0.,  0.,  0.,  0.,  0.,  0.,  0.,  0.,  0.,  0.,  0.,
         0.])
[2023-11-19 18:25:38,388][__main__][INFO] - epoch: 350
[2023-11-19 18:25:39,641][__main__][INFO] - alignment: tensor([19.,  0.,  0.,  0.,  0.,  0.,  0.,  0.,  0.,  0.,  0.,  0.,  0.,  0.,
         0.])
[2023-11-19 18:25:39,641][__main__][INFO] - epoch: 360
[2023-11-19 18:25:40,939][__main__][INFO] - alignment: tensor([18.,  0.,  0.,  0.,  0.,  0.,  0.,  0.,  0.,  0.,  0.,  0.,  0.,  0.,
         0.])
[2023-11-19 18:25:40,939][__main__][INFO] - epoch: 370
[2023-11-19 18:25:42,308][__main__][INFO] - alignment: tensor([17.,  0.,  0.,  0.,  0.,  0.,  0.,  0.,  0.,  0.,  0.,  0.,  0.,  0.,
         0.])
[2023-11-19 18:25:42,309][__main__][INFO] - epoch: 380
[2023-11-19 18:25:43,592][__main__][INFO] - alignment: tensor([19.,  0.,  0.,  0.,  0.,  0.,  0.,  0.,  0.,  0.,  0.,  0.,  0.,  0.,
         0.])
[2023-11-19 18:25:43,592][__main__][INFO] - epoch: 390
[2023-11-19 18:25:45,056][__main__][INFO] - alignment: tensor([21.,  0.,  0.,  0.,  0.,  0.,  0.,  0.,  0.,  0.,  0.,  0.,  0.,  0.,
         0.])
[2023-11-19 18:25:45,057][__main__][INFO] - epoch: 400
[2023-11-19 18:25:46,465][__main__][INFO] - alignment: tensor([21.,  1.,  0.,  0.,  0.,  0.,  0.,  0.,  0.,  0.,  0.,  0.,  0.,  0.,
         0.])
[2023-11-19 18:25:46,465][__main__][INFO] - epoch: 410
[2023-11-19 18:25:47,831][__main__][INFO] - alignment: tensor([19.,  2.,  0.,  0.,  0.,  0.,  0.,  0.,  0.,  0.,  0.,  0.,  0.,  0.,
         0.])
[2023-11-19 18:25:47,831][__main__][INFO] - epoch: 420
[2023-11-19 18:25:49,339][__main__][INFO] - alignment: tensor([18.,  2.,  0.,  0.,  0.,  0.,  0.,  0.,  0.,  0.,  0.,  0.,  0.,  0.,
         0.])
[2023-11-19 18:25:49,339][__main__][INFO] - epoch: 430
[2023-11-19 18:25:50,709][__main__][INFO] - alignment: tensor([18.,  2.,  0.,  0.,  0.,  0.,  0.,  0.,  0.,  0.,  0.,  0.,  0.,  0.,
         0.])
[2023-11-19 18:25:50,709][__main__][INFO] - epoch: 440
[2023-11-19 18:25:52,054][__main__][INFO] - alignment: tensor([17.,  2.,  0.,  0.,  0.,  0.,  0.,  0.,  1.,  0.,  0.,  0.,  0.,  0.,
         1.])
[2023-11-19 18:25:52,054][__main__][INFO] - epoch: 450
[2023-11-19 18:25:53,511][__main__][INFO] - alignment: tensor([14.,  2.,  0.,  0.,  0.,  0.,  0.,  0.,  1.,  0.,  0.,  0.,  0.,  0.,
         1.])
[2023-11-19 18:25:53,512][__main__][INFO] - epoch: 460
[2023-11-19 18:25:54,789][__main__][INFO] - alignment: tensor([12.,  2.,  2.,  0.,  0.,  0.,  0.,  0.,  1.,  0.,  0.,  0.,  0.,  0.,
         1.])
[2023-11-19 18:25:54,790][__main__][INFO] - epoch: 470
[2023-11-19 18:25:56,037][__main__][INFO] - alignment: tensor([15.,  3.,  2.,  0.,  0.,  0.,  0.,  0.,  1.,  0.,  0.,  0.,  0.,  0.,
         1.])
[2023-11-19 18:25:56,038][__main__][INFO] - epoch: 480
[2023-11-19 18:25:57,418][__main__][INFO] - alignment: tensor([14.,  3.,  2.,  0.,  0.,  0.,  1.,  0.,  1.,  0.,  0.,  0.,  0.,  0.,
         1.])
[2023-11-19 18:25:57,418][__main__][INFO] - epoch: 490
[2023-11-19 18:25:58,759][__main__][INFO] - alignment: tensor([13.,  4.,  2.,  0.,  0.,  1.,  1.,  0.,  1.,  0.,  0.,  0.,  0.,  0.,
         1.])
[2023-11-19 18:25:58,760][__main__][INFO] - epoch: 500
[2023-11-19 18:26:00,280][__main__][INFO] - alignment: tensor([13.,  4.,  3.,  0.,  0.,  1.,  1.,  0.,  1.,  1.,  1.,  1.,  0.,  0.,
         1.])
[2023-11-19 18:26:00,281][__main__][INFO] - epoch: 510
[2023-11-19 18:26:01,690][__main__][INFO] - alignment: tensor([11.,  5.,  3.,  0.,  0.,  1.,  1.,  0.,  1.,  1.,  1.,  1.,  0.,  0.,
         1.])
[2023-11-19 18:26:01,690][__main__][INFO] - epoch: 520
[2023-11-19 18:26:03,017][__main__][INFO] - alignment: tensor([11.,  6.,  3.,  0.,  0.,  1.,  1.,  0.,  1.,  1.,  1.,  1.,  0.,  0.,
         1.])
[2023-11-19 18:26:03,017][__main__][INFO] - epoch: 530
[2023-11-19 18:26:04,346][__main__][INFO] - alignment: tensor([11.,  6.,  3.,  0.,  0.,  1.,  1.,  0.,  1.,  1.,  1.,  1.,  0.,  0.,
         1.])
[2023-11-19 18:26:04,347][__main__][INFO] - epoch: 540
[2023-11-19 18:26:05,580][__main__][INFO] - alignment: tensor([10.,  6.,  3.,  0.,  0.,  1.,  1.,  0.,  1.,  1.,  1.,  1.,  0.,  0.,
         1.])
[2023-11-19 18:26:05,580][__main__][INFO] - epoch: 550
[2023-11-19 18:26:06,827][__main__][INFO] - alignment: tensor([10.,  6.,  3.,  0.,  0.,  2.,  1.,  0.,  1.,  1.,  1.,  1.,  1.,  0.,
         1.])
[2023-11-19 18:26:06,828][__main__][INFO] - epoch: 560
[2023-11-19 18:26:08,065][__main__][INFO] - alignment: tensor([9., 6., 3., 0., 0., 1., 1., 0., 1., 1., 1., 1., 1., 0., 1.])
[2023-11-19 18:26:08,065][__main__][INFO] - epoch: 570
[2023-11-19 18:26:09,285][__main__][INFO] - alignment: tensor([8., 5., 3., 0., 0., 1., 1., 0., 1., 1., 1., 1., 1., 0., 1.])
[2023-11-19 18:26:09,285][__main__][INFO] - epoch: 580
[2023-11-19 18:26:10,602][__main__][INFO] - alignment: tensor([8., 6., 3., 0., 0., 1., 1., 0., 1., 1., 1., 1., 1., 0., 1.])
[2023-11-19 18:26:10,603][__main__][INFO] - epoch: 590
[2023-11-19 18:26:11,870][__main__][INFO] - alignment: tensor([8., 6., 3., 0., 0., 1., 1., 0., 1., 1., 1., 1., 1., 0., 1.])
[2023-11-19 18:26:11,870][__main__][INFO] - epoch: 600
[2023-11-19 18:26:13,104][__main__][INFO] - alignment: tensor([8., 6., 3., 0., 0., 1., 1., 0., 1., 1., 1., 1., 1., 0., 1.])
[2023-11-19 18:26:13,104][__main__][INFO] - epoch: 610
[2023-11-19 18:26:14,333][__main__][INFO] - alignment: tensor([8., 6., 3., 0., 0., 1., 1., 0., 1., 1., 1., 1., 1., 0., 1.])
[2023-11-19 18:26:14,334][__main__][INFO] - epoch: 620
[2023-11-19 18:26:15,571][__main__][INFO] - alignment: tensor([8., 6., 3., 0., 0., 2., 1., 0., 1., 1., 1., 1., 1., 0., 1.])
[2023-11-19 18:26:15,571][__main__][INFO] - epoch: 630
[2023-11-19 18:26:16,887][__main__][INFO] - alignment: tensor([8., 6., 3., 0., 0., 2., 1., 0., 1., 1., 1., 1., 1., 0., 1.])
[2023-11-19 18:26:16,887][__main__][INFO] - epoch: 640
[2023-11-19 18:26:18,182][__main__][INFO] - alignment: tensor([8., 6., 3., 0., 0., 2., 1., 0., 1., 1., 1., 1., 1., 0., 1.])
[2023-11-19 18:26:18,183][__main__][INFO] - epoch: 650
[2023-11-19 18:26:19,495][__main__][INFO] - alignment: tensor([8., 6., 3., 0., 0., 2., 1., 0., 1., 1., 1., 1., 1., 0., 1.])
[2023-11-19 18:26:19,495][__main__][INFO] - epoch: 660
[2023-11-19 18:26:20,764][__main__][INFO] - alignment: tensor([8., 6., 3., 0., 0., 2., 1., 0., 1., 1., 1., 1., 1., 0., 1.])
[2023-11-19 18:26:20,765][__main__][INFO] - feat_thresh: 0.3
[2023-11-19 18:26:20,765][__main__][INFO] - epoch: 0
[2023-11-19 18:26:22,014][__main__][INFO] - alignment: tensor([0., 0., 0., 0., 0., 0., 0., 0., 0., 0., 0., 0., 0., 0., 0.])
[2023-11-19 18:26:22,014][__main__][INFO] - epoch: 10
[2023-11-19 18:26:23,277][__main__][INFO] - alignment: tensor([0., 0., 0., 0., 0., 0., 0., 0., 0., 0., 0., 0., 0., 0., 0.])
[2023-11-19 18:26:23,277][__main__][INFO] - epoch: 20
[2023-11-19 18:26:24,551][__main__][INFO] - alignment: tensor([0., 0., 0., 0., 0., 0., 0., 0., 0., 0., 0., 0., 0., 0., 0.])
[2023-11-19 18:26:24,551][__main__][INFO] - epoch: 30
[2023-11-19 18:26:25,795][__main__][INFO] - alignment: tensor([0., 0., 0., 0., 0., 0., 0., 0., 0., 0., 0., 0., 0., 0., 0.])
[2023-11-19 18:26:25,796][__main__][INFO] - epoch: 40
[2023-11-19 18:26:27,113][__main__][INFO] - alignment: tensor([0., 0., 0., 0., 0., 0., 0., 0., 0., 0., 0., 0., 0., 0., 0.])
[2023-11-19 18:26:27,113][__main__][INFO] - epoch: 50
[2023-11-19 18:26:28,352][__main__][INFO] - alignment: tensor([0., 0., 0., 0., 0., 0., 0., 0., 0., 0., 0., 0., 0., 0., 0.])
[2023-11-19 18:26:28,352][__main__][INFO] - epoch: 60
[2023-11-19 18:26:29,606][__main__][INFO] - alignment: tensor([0., 0., 0., 0., 0., 0., 0., 0., 0., 0., 0., 0., 0., 0., 0.])
[2023-11-19 18:26:29,606][__main__][INFO] - epoch: 70
[2023-11-19 18:26:30,848][__main__][INFO] - alignment: tensor([0., 0., 0., 0., 0., 0., 0., 0., 0., 0., 0., 0., 0., 0., 0.])
[2023-11-19 18:26:30,848][__main__][INFO] - epoch: 80
[2023-11-19 18:26:32,133][__main__][INFO] - alignment: tensor([0., 0., 0., 0., 0., 0., 0., 0., 0., 0., 0., 0., 0., 0., 0.])
[2023-11-19 18:26:32,134][__main__][INFO] - epoch: 90
[2023-11-19 18:26:33,485][__main__][INFO] - alignment: tensor([0., 0., 0., 0., 0., 0., 0., 0., 0., 0., 0., 0., 0., 0., 0.])
[2023-11-19 18:26:33,485][__main__][INFO] - epoch: 100
[2023-11-19 18:26:34,802][__main__][INFO] - alignment: tensor([0., 0., 0., 0., 0., 0., 0., 0., 0., 0., 0., 0., 0., 0., 0.])
[2023-11-19 18:26:34,802][__main__][INFO] - epoch: 110
[2023-11-19 18:26:36,081][__main__][INFO] - alignment: tensor([0., 0., 0., 0., 0., 0., 0., 0., 0., 0., 0., 0., 0., 0., 0.])
[2023-11-19 18:26:36,081][__main__][INFO] - epoch: 120
[2023-11-19 18:26:37,362][__main__][INFO] - alignment: tensor([0., 0., 0., 0., 0., 0., 0., 0., 0., 0., 0., 0., 0., 0., 0.])
[2023-11-19 18:26:37,362][__main__][INFO] - epoch: 130
[2023-11-19 18:26:38,646][__main__][INFO] - alignment: tensor([0., 0., 0., 0., 0., 0., 0., 0., 0., 0., 0., 0., 0., 0., 0.])
[2023-11-19 18:26:38,646][__main__][INFO] - epoch: 140
[2023-11-19 18:26:39,914][__main__][INFO] - alignment: tensor([0., 0., 0., 0., 0., 0., 0., 0., 0., 0., 0., 0., 0., 0., 0.])
[2023-11-19 18:26:39,914][__main__][INFO] - epoch: 150
[2023-11-19 18:26:41,242][__main__][INFO] - alignment: tensor([0., 0., 0., 0., 0., 0., 0., 0., 0., 0., 0., 0., 0., 0., 0.])
[2023-11-19 18:26:41,243][__main__][INFO] - epoch: 160
[2023-11-19 18:26:42,496][__main__][INFO] - alignment: tensor([0., 0., 0., 0., 0., 0., 0., 0., 0., 0., 0., 0., 0., 0., 0.])
[2023-11-19 18:26:42,497][__main__][INFO] - epoch: 170
[2023-11-19 18:26:43,747][__main__][INFO] - alignment: tensor([0., 0., 0., 0., 0., 0., 0., 0., 0., 0., 0., 0., 0., 0., 0.])
[2023-11-19 18:26:43,748][__main__][INFO] - epoch: 180
[2023-11-19 18:26:45,085][__main__][INFO] - alignment: tensor([0., 0., 0., 0., 0., 0., 0., 0., 0., 0., 0., 0., 0., 0., 0.])
[2023-11-19 18:26:45,086][__main__][INFO] - epoch: 190
[2023-11-19 18:26:46,345][__main__][INFO] - alignment: tensor([0., 0., 0., 0., 0., 0., 0., 0., 0., 0., 0., 0., 0., 0., 0.])
[2023-11-19 18:26:46,345][__main__][INFO] - epoch: 200
[2023-11-19 18:26:47,598][__main__][INFO] - alignment: tensor([0., 0., 0., 0., 0., 0., 0., 0., 0., 0., 0., 0., 0., 0., 0.])
[2023-11-19 18:26:47,598][__main__][INFO] - epoch: 210
[2023-11-19 18:26:48,859][__main__][INFO] - alignment: tensor([0., 0., 0., 0., 0., 0., 0., 0., 0., 0., 0., 0., 0., 0., 0.])
[2023-11-19 18:26:48,859][__main__][INFO] - epoch: 220
[2023-11-19 18:26:50,141][__main__][INFO] - alignment: tensor([0., 0., 0., 0., 0., 0., 0., 0., 0., 0., 0., 0., 0., 0., 0.])
[2023-11-19 18:26:50,141][__main__][INFO] - epoch: 230
[2023-11-19 18:26:51,396][__main__][INFO] - alignment: tensor([0., 0., 0., 0., 0., 0., 0., 0., 0., 0., 0., 0., 0., 0., 0.])
[2023-11-19 18:26:51,397][__main__][INFO] - epoch: 240
[2023-11-19 18:26:52,720][__main__][INFO] - alignment: tensor([0., 0., 0., 0., 0., 0., 0., 0., 0., 0., 0., 0., 0., 0., 0.])
[2023-11-19 18:26:52,721][__main__][INFO] - epoch: 250
[2023-11-19 18:26:54,083][__main__][INFO] - alignment: tensor([0., 0., 0., 0., 0., 0., 0., 0., 0., 0., 0., 0., 0., 0., 0.])
[2023-11-19 18:26:54,083][__main__][INFO] - epoch: 260
[2023-11-19 18:26:55,320][__main__][INFO] - alignment: tensor([0., 0., 0., 0., 0., 0., 0., 0., 0., 0., 0., 0., 0., 0., 0.])
[2023-11-19 18:26:55,321][__main__][INFO] - epoch: 270
[2023-11-19 18:26:56,604][__main__][INFO] - alignment: tensor([6., 0., 0., 0., 0., 0., 0., 0., 0., 0., 0., 0., 0., 0., 0.])
[2023-11-19 18:26:56,604][__main__][INFO] - epoch: 280
[2023-11-19 18:26:57,928][__main__][INFO] - alignment: tensor([30.,  0.,  0.,  0.,  0.,  0.,  0.,  0.,  0.,  0.,  0.,  0.,  0.,  0.,
         0.])
[2023-11-19 18:26:57,928][__main__][INFO] - epoch: 290
[2023-11-19 18:26:59,181][__main__][INFO] - alignment: tensor([50.,  0.,  0.,  0.,  0.,  0.,  0.,  0.,  0.,  0.,  0.,  0.,  0.,  0.,
         0.])
[2023-11-19 18:26:59,181][__main__][INFO] - epoch: 300
[2023-11-19 18:27:00,398][__main__][INFO] - alignment: tensor([75.,  0.,  0.,  0.,  0.,  0.,  0.,  0.,  0.,  0.,  0.,  0.,  0.,  0.,
         0.])
[2023-11-19 18:27:00,398][__main__][INFO] - epoch: 310
[2023-11-19 18:27:01,663][__main__][INFO] - alignment: tensor([105.,   0.,   0.,   0.,   0.,   0.,   0.,   0.,   0.,   0.,   0.,   0.,
          0.,   0.,   0.])
[2023-11-19 18:27:01,664][__main__][INFO] - epoch: 320
[2023-11-19 18:27:02,965][__main__][INFO] - alignment: tensor([114.,   0.,   0.,   0.,   0.,   0.,   0.,   0.,   0.,   0.,   0.,   0.,
          0.,   0.,   0.])
[2023-11-19 18:27:02,966][__main__][INFO] - epoch: 330
[2023-11-19 18:27:04,243][__main__][INFO] - alignment: tensor([113.,   0.,   0.,   0.,   0.,   0.,   0.,   0.,   0.,   0.,   0.,   0.,
          0.,   0.,   0.])
[2023-11-19 18:27:04,243][__main__][INFO] - epoch: 340
[2023-11-19 18:27:05,507][__main__][INFO] - alignment: tensor([110.,   0.,   0.,   0.,   0.,   0.,   0.,   0.,   0.,   0.,   0.,   0.,
          0.,   0.,   0.])
[2023-11-19 18:27:05,508][__main__][INFO] - epoch: 350
[2023-11-19 18:27:06,912][__main__][INFO] - alignment: tensor([103.,   0.,   0.,   0.,   0.,   0.,   0.,   0.,   0.,   0.,   0.,   0.,
          0.,   0.,   0.])
[2023-11-19 18:27:06,913][__main__][INFO] - epoch: 360
[2023-11-19 18:27:08,282][__main__][INFO] - alignment: tensor([89.,  0.,  0.,  0.,  0.,  0.,  0.,  0.,  0.,  0.,  0.,  0.,  0.,  0.,
         0.])
[2023-11-19 18:27:08,282][__main__][INFO] - epoch: 370
[2023-11-19 18:27:09,572][__main__][INFO] - alignment: tensor([78.,  0.,  0.,  0.,  0.,  0.,  0.,  0.,  0.,  0.,  0.,  0.,  0.,  0.,
         0.])
[2023-11-19 18:27:09,573][__main__][INFO] - epoch: 380
[2023-11-19 18:27:11,000][__main__][INFO] - alignment: tensor([76.,  1.,  0.,  0.,  0.,  0.,  0.,  0.,  0.,  0.,  0.,  0.,  0.,  0.,
         0.])
[2023-11-19 18:27:11,001][__main__][INFO] - epoch: 390
[2023-11-19 18:27:12,308][__main__][INFO] - alignment: tensor([71.,  2.,  0.,  0.,  0.,  0.,  0.,  0.,  0.,  0.,  0.,  0.,  0.,  0.,
         0.])
[2023-11-19 18:27:12,308][__main__][INFO] - epoch: 400
[2023-11-19 18:27:13,548][__main__][INFO] - alignment: tensor([71.,  3.,  0.,  0.,  0.,  0.,  0.,  0.,  0.,  0.,  0.,  0.,  0.,  0.,
         0.])
[2023-11-19 18:27:13,548][__main__][INFO] - epoch: 410
[2023-11-19 18:27:14,871][__main__][INFO] - alignment: tensor([68.,  3.,  0.,  0.,  0.,  0.,  0.,  0.,  0.,  0.,  0.,  0.,  0.,  0.,
         0.])
[2023-11-19 18:27:14,871][__main__][INFO] - epoch: 420
[2023-11-19 18:27:16,152][__main__][INFO] - alignment: tensor([61.,  4.,  0.,  0.,  0.,  0.,  0.,  0.,  0.,  0.,  0.,  0.,  0.,  0.,
         0.])
[2023-11-19 18:27:16,153][__main__][INFO] - epoch: 430
[2023-11-19 18:27:17,485][__main__][INFO] - alignment: tensor([62.,  6.,  0.,  0.,  0.,  0.,  0.,  0.,  1.,  0.,  0.,  0.,  0.,  0.,
         0.])
[2023-11-19 18:27:17,486][__main__][INFO] - epoch: 440
[2023-11-19 18:27:18,785][__main__][INFO] - alignment: tensor([52.,  6.,  0.,  0.,  0.,  0.,  0.,  0.,  1.,  0.,  0.,  0.,  0.,  0.,
         1.])
[2023-11-19 18:27:18,786][__main__][INFO] - epoch: 450
[2023-11-19 18:27:20,072][__main__][INFO] - alignment: tensor([42.,  4.,  1.,  0.,  0.,  0.,  0.,  0.,  1.,  0.,  0.,  0.,  0.,  0.,
         1.])
[2023-11-19 18:27:20,072][__main__][INFO] - epoch: 460
[2023-11-19 18:27:21,472][__main__][INFO] - alignment: tensor([36.,  3.,  3.,  0.,  0.,  0.,  0.,  0.,  1.,  0.,  0.,  0.,  0.,  0.,
         1.])
[2023-11-19 18:27:21,472][__main__][INFO] - epoch: 470
[2023-11-19 18:27:22,755][__main__][INFO] - alignment: tensor([30.,  4.,  4.,  0.,  0.,  0.,  1.,  0.,  1.,  0.,  0.,  0.,  0.,  0.,
         1.])
[2023-11-19 18:27:22,755][__main__][INFO] - epoch: 480
[2023-11-19 18:27:24,237][__main__][INFO] - alignment: tensor([23.,  4.,  4.,  0.,  0.,  0.,  1.,  0.,  1.,  0.,  1.,  0.,  0.,  1.,
         1.])
[2023-11-19 18:27:24,237][__main__][INFO] - epoch: 490
[2023-11-19 18:27:25,778][__main__][INFO] - alignment: tensor([25.,  5.,  3.,  0.,  0.,  1.,  1.,  0.,  1.,  1.,  1.,  1.,  0.,  1.,
         1.])
[2023-11-19 18:27:25,779][__main__][INFO] - epoch: 500
[2023-11-19 18:27:27,082][__main__][INFO] - alignment: tensor([24.,  5.,  4.,  0.,  0.,  1.,  1.,  0.,  1.,  1.,  1.,  1.,  0.,  1.,
         1.])
[2023-11-19 18:27:27,082][__main__][INFO] - epoch: 510
[2023-11-19 18:27:28,402][__main__][INFO] - alignment: tensor([23.,  5.,  3.,  0.,  0.,  2.,  1.,  0.,  1.,  1.,  1.,  1.,  0.,  1.,
         1.])
[2023-11-19 18:27:28,402][__main__][INFO] - epoch: 520
[2023-11-19 18:27:29,690][__main__][INFO] - alignment: tensor([21.,  7.,  3.,  0.,  0.,  2.,  1.,  0.,  1.,  1.,  1.,  1.,  0.,  1.,
         1.])
[2023-11-19 18:27:29,690][__main__][INFO] - epoch: 530
[2023-11-19 18:27:31,000][__main__][INFO] - alignment: tensor([20.,  7.,  4.,  1.,  0.,  2.,  1.,  0.,  1.,  1.,  1.,  1.,  0.,  1.,
         1.])
[2023-11-19 18:27:31,000][__main__][INFO] - epoch: 540
[2023-11-19 18:27:32,314][__main__][INFO] - alignment: tensor([19.,  7.,  4.,  1.,  0.,  2.,  1.,  0.,  1.,  1.,  1.,  1.,  1.,  1.,
         1.])
[2023-11-19 18:27:32,315][__main__][INFO] - epoch: 550
[2023-11-19 18:27:33,626][__main__][INFO] - alignment: tensor([17.,  7.,  4.,  1.,  0.,  2.,  1.,  0.,  1.,  1.,  1.,  1.,  1.,  1.,
         1.])
[2023-11-19 18:27:33,627][__main__][INFO] - epoch: 560
[2023-11-19 18:27:34,873][__main__][INFO] - alignment: tensor([17.,  7.,  4.,  1.,  0.,  2.,  1.,  0.,  1.,  1.,  1.,  1.,  1.,  1.,
         1.])
[2023-11-19 18:27:34,873][__main__][INFO] - epoch: 570
[2023-11-19 18:27:36,134][__main__][INFO] - alignment: tensor([16.,  7.,  4.,  1.,  0.,  2.,  1.,  0.,  1.,  1.,  1.,  1.,  1.,  1.,
         1.])
[2023-11-19 18:27:36,135][__main__][INFO] - epoch: 580
[2023-11-19 18:27:37,384][__main__][INFO] - alignment: tensor([17.,  7.,  4.,  1.,  0.,  2.,  1.,  0.,  1.,  1.,  1.,  1.,  1.,  1.,
         1.])
[2023-11-19 18:27:37,384][__main__][INFO] - epoch: 590
[2023-11-19 18:27:38,631][__main__][INFO] - alignment: tensor([14.,  7.,  4.,  2.,  0.,  2.,  1.,  0.,  1.,  1.,  1.,  1.,  1.,  1.,
         1.])
[2023-11-19 18:27:38,632][__main__][INFO] - epoch: 600
[2023-11-19 18:27:39,984][__main__][INFO] - alignment: tensor([14.,  7.,  4.,  2.,  0.,  2.,  1.,  0.,  1.,  1.,  1.,  1.,  1.,  1.,
         1.])
[2023-11-19 18:27:39,985][__main__][INFO] - epoch: 610
[2023-11-19 18:27:41,342][__main__][INFO] - alignment: tensor([14.,  7.,  4.,  1.,  0.,  2.,  1.,  0.,  1.,  1.,  1.,  1.,  1.,  1.,
         1.])
[2023-11-19 18:27:41,342][__main__][INFO] - epoch: 620
[2023-11-19 18:27:42,750][__main__][INFO] - alignment: tensor([14.,  7.,  4.,  1.,  0.,  2.,  1.,  0.,  1.,  1.,  1.,  1.,  1.,  1.,
         1.])
[2023-11-19 18:27:42,750][__main__][INFO] - epoch: 630
[2023-11-19 18:27:44,179][__main__][INFO] - alignment: tensor([13.,  7.,  4.,  1.,  0.,  2.,  1.,  0.,  1.,  1.,  1.,  1.,  1.,  1.,
         1.])
[2023-11-19 18:27:44,179][__main__][INFO] - epoch: 640
[2023-11-19 18:27:45,481][__main__][INFO] - alignment: tensor([12.,  7.,  4.,  1.,  0.,  2.,  1.,  0.,  1.,  1.,  1.,  1.,  1.,  1.,
         1.])
[2023-11-19 18:27:45,482][__main__][INFO] - epoch: 650
[2023-11-19 18:27:46,846][__main__][INFO] - alignment: tensor([13.,  7.,  4.,  1.,  0.,  2.,  1.,  0.,  1.,  1.,  1.,  1.,  1.,  1.,
         1.])
[2023-11-19 18:27:46,847][__main__][INFO] - epoch: 660
[2023-11-19 18:27:48,381][__main__][INFO] - alignment: tensor([13.,  7.,  4.,  1.,  0.,  2.,  1.,  0.,  1.,  1.,  1.,  1.,  1.,  1.,
         1.])
[2023-11-19 18:27:48,477][__main__][INFO] - Training losses plot: train_losses.png
[2023-11-19 18:27:48,571][__main__][INFO] - Accuracies plot: accuracies.png
