[2023-11-18 19:49:06,812][hydra.utils][INFO] - Logging from main
[2023-11-18 20:43:20,171][__main__][INFO] - Model weights saved at: model.pt
[2023-11-18 20:43:20,197][__main__][INFO] - Training accuracy: 0.9999722222222223
[2023-11-18 20:43:20,197][__main__][INFO] - Testing accuracy: 0.919
[2023-11-18 20:43:20,198][__main__][INFO] - feat_thresh: 0.1
[2023-11-18 20:43:20,198][__main__][INFO] - epoch: 0
[2023-11-18 20:43:20,687][__main__][INFO] - alignment: tensor([0., 0., 0., 0., 0., 0., 0., 0., 0., 0., 0., 0., 0., 0., 0.])
[2023-11-18 20:43:20,687][__main__][INFO] - epoch: 10
[2023-11-18 20:43:21,261][__main__][INFO] - alignment: tensor([0., 0., 0., 0., 0., 0., 0., 0., 0., 0., 0., 0., 0., 0., 0.])
[2023-11-18 20:43:21,261][__main__][INFO] - epoch: 20
[2023-11-18 20:43:21,921][__main__][INFO] - alignment: tensor([0., 0., 0., 0., 0., 0., 0., 0., 0., 0., 0., 0., 0., 0., 0.])
[2023-11-18 20:43:21,922][__main__][INFO] - epoch: 30
[2023-11-18 20:43:22,595][__main__][INFO] - alignment: tensor([0., 0., 0., 0., 0., 0., 0., 0., 0., 0., 0., 0., 0., 0., 0.])
[2023-11-18 20:43:22,596][__main__][INFO] - epoch: 40
[2023-11-18 20:43:23,113][__main__][INFO] - alignment: tensor([0., 0., 0., 0., 0., 0., 0., 0., 0., 0., 0., 0., 0., 0., 0.])
[2023-11-18 20:43:23,114][__main__][INFO] - epoch: 50
[2023-11-18 20:43:23,591][__main__][INFO] - alignment: tensor([0., 0., 0., 0., 0., 0., 0., 0., 0., 0., 0., 0., 0., 0., 0.])
[2023-11-18 20:43:23,591][__main__][INFO] - epoch: 60
[2023-11-18 20:43:24,063][__main__][INFO] - alignment: tensor([0., 0., 0., 0., 0., 0., 0., 0., 0., 0., 0., 0., 0., 0., 0.])
[2023-11-18 20:43:24,063][__main__][INFO] - epoch: 70
[2023-11-18 20:43:24,602][__main__][INFO] - alignment: tensor([0., 0., 0., 0., 0., 0., 0., 0., 0., 0., 0., 0., 0., 0., 0.])
[2023-11-18 20:43:24,602][__main__][INFO] - epoch: 80
[2023-11-18 20:43:25,242][__main__][INFO] - alignment: tensor([0., 0., 0., 0., 0., 0., 0., 0., 0., 0., 0., 0., 0., 0., 0.])
[2023-11-18 20:43:25,242][__main__][INFO] - epoch: 90
[2023-11-18 20:43:25,802][__main__][INFO] - alignment: tensor([0., 0., 0., 0., 0., 0., 0., 0., 0., 0., 0., 0., 0., 0., 0.])
[2023-11-18 20:43:25,802][__main__][INFO] - epoch: 100
[2023-11-18 20:43:26,329][__main__][INFO] - alignment: tensor([0., 0., 0., 0., 0., 0., 0., 0., 0., 0., 0., 0., 0., 0., 0.])
[2023-11-18 20:43:26,329][__main__][INFO] - epoch: 110
[2023-11-18 20:43:26,873][__main__][INFO] - alignment: tensor([0., 0., 0., 0., 0., 0., 0., 0., 0., 0., 0., 0., 0., 0., 0.])
[2023-11-18 20:43:26,873][__main__][INFO] - epoch: 120
[2023-11-18 20:43:27,446][__main__][INFO] - alignment: tensor([0., 0., 0., 0., 0., 0., 0., 0., 0., 0., 0., 0., 0., 0., 0.])
[2023-11-18 20:43:27,446][__main__][INFO] - epoch: 130
[2023-11-18 20:43:27,993][__main__][INFO] - alignment: tensor([0., 0., 0., 0., 0., 0., 0., 0., 0., 0., 0., 0., 0., 0., 0.])
[2023-11-18 20:43:27,994][__main__][INFO] - epoch: 140
[2023-11-18 20:43:28,606][__main__][INFO] - alignment: tensor([0., 0., 0., 0., 0., 0., 0., 0., 0., 0., 0., 0., 0., 0., 0.])
[2023-11-18 20:43:28,606][__main__][INFO] - epoch: 150
[2023-11-18 20:43:29,104][__main__][INFO] - alignment: tensor([0., 0., 0., 0., 0., 0., 0., 0., 0., 0., 0., 0., 0., 0., 0.])
[2023-11-18 20:43:29,105][__main__][INFO] - epoch: 160
[2023-11-18 20:43:29,590][__main__][INFO] - alignment: tensor([0., 0., 0., 0., 0., 0., 0., 0., 0., 0., 0., 0., 0., 0., 0.])
[2023-11-18 20:43:29,590][__main__][INFO] - epoch: 170
[2023-11-18 20:43:30,124][__main__][INFO] - alignment: tensor([0., 0., 0., 0., 0., 0., 0., 0., 0., 0., 0., 0., 0., 0., 0.])
[2023-11-18 20:43:30,124][__main__][INFO] - epoch: 180
[2023-11-18 20:43:30,697][__main__][INFO] - alignment: tensor([0., 0., 0., 0., 0., 0., 0., 0., 0., 0., 0., 0., 0., 0., 0.])
[2023-11-18 20:43:30,697][__main__][INFO] - epoch: 190
[2023-11-18 20:43:31,238][__main__][INFO] - alignment: tensor([0., 0., 0., 0., 0., 0., 0., 0., 0., 0., 0., 0., 0., 0., 0.])
[2023-11-18 20:43:31,238][__main__][INFO] - epoch: 200
[2023-11-18 20:43:31,912][__main__][INFO] - alignment: tensor([0., 0., 0., 0., 0., 0., 0., 0., 0., 0., 0., 0., 0., 0., 0.])
[2023-11-18 20:43:31,912][__main__][INFO] - epoch: 210
[2023-11-18 20:43:32,398][__main__][INFO] - alignment: tensor([0., 0., 0., 0., 0., 0., 0., 0., 0., 0., 0., 0., 0., 0., 0.])
[2023-11-18 20:43:32,398][__main__][INFO] - epoch: 220
[2023-11-18 20:43:32,925][__main__][INFO] - alignment: tensor([0., 0., 0., 0., 0., 0., 0., 0., 0., 0., 0., 0., 0., 0., 0.])
[2023-11-18 20:43:32,925][__main__][INFO] - epoch: 230
[2023-11-18 20:43:33,520][__main__][INFO] - alignment: tensor([0., 0., 0., 0., 0., 0., 0., 0., 0., 0., 0., 0., 0., 0., 0.])
[2023-11-18 20:43:33,521][__main__][INFO] - epoch: 240
[2023-11-18 20:43:34,086][__main__][INFO] - alignment: tensor([0., 0., 0., 0., 0., 0., 0., 0., 0., 0., 0., 0., 0., 0., 0.])
[2023-11-18 20:43:34,087][__main__][INFO] - epoch: 250
[2023-11-18 20:43:34,667][__main__][INFO] - alignment: tensor([0., 0., 0., 0., 0., 0., 0., 0., 0., 0., 0., 0., 0., 0., 0.])
[2023-11-18 20:43:34,668][__main__][INFO] - epoch: 260
[2023-11-18 20:43:35,256][__main__][INFO] - alignment: tensor([1., 0., 0., 0., 0., 0., 0., 0., 0., 0., 0., 0., 0., 0., 0.])
[2023-11-18 20:43:35,256][__main__][INFO] - epoch: 270
[2023-11-18 20:43:35,836][__main__][INFO] - alignment: tensor([1., 0., 0., 0., 0., 0., 0., 0., 0., 0., 0., 0., 0., 0., 0.])
[2023-11-18 20:43:35,837][__main__][INFO] - epoch: 280
[2023-11-18 20:43:36,562][__main__][INFO] - alignment: tensor([1., 0., 0., 0., 0., 0., 0., 0., 0., 0., 0., 0., 0., 0., 0.])
[2023-11-18 20:43:36,562][__main__][INFO] - epoch: 290
[2023-11-18 20:43:37,156][__main__][INFO] - alignment: tensor([2., 0., 0., 0., 0., 0., 0., 0., 0., 0., 0., 0., 0., 0., 0.])
[2023-11-18 20:43:37,156][__main__][INFO] - epoch: 300
[2023-11-18 20:43:37,788][__main__][INFO] - alignment: tensor([9., 1., 0., 0., 0., 0., 0., 0., 0., 0., 0., 0., 0., 0., 0.])
[2023-11-18 20:43:37,788][__main__][INFO] - epoch: 310
[2023-11-18 20:43:38,335][__main__][INFO] - alignment: tensor([9., 1., 0., 0., 0., 0., 0., 0., 0., 0., 0., 0., 0., 0., 0.])
[2023-11-18 20:43:38,335][__main__][INFO] - epoch: 320
[2023-11-18 20:43:38,840][__main__][INFO] - alignment: tensor([10.,  1.,  0.,  0.,  0.,  0.,  0.,  0.,  0.,  0.,  0.,  0.,  0.,  0.,
         0.])
[2023-11-18 20:43:38,841][__main__][INFO] - epoch: 330
[2023-11-18 20:43:39,345][__main__][INFO] - alignment: tensor([11.,  1.,  0.,  0.,  0.,  0.,  0.,  0.,  0.,  0.,  0.,  0.,  0.,  0.,
         0.])
[2023-11-18 20:43:39,345][__main__][INFO] - epoch: 340
[2023-11-18 20:43:39,840][__main__][INFO] - alignment: tensor([10.,  1.,  0.,  0.,  0.,  0.,  0.,  0.,  0.,  0.,  0.,  0.,  0.,  0.,
         0.])
[2023-11-18 20:43:39,840][__main__][INFO] - epoch: 350
[2023-11-18 20:43:40,435][__main__][INFO] - alignment: tensor([10.,  1.,  0.,  0.,  0.,  0.,  0.,  0.,  0.,  0.,  0.,  0.,  0.,  0.,
         0.])
[2023-11-18 20:43:40,435][__main__][INFO] - epoch: 360
[2023-11-18 20:43:41,029][__main__][INFO] - alignment: tensor([10.,  1.,  0.,  0.,  0.,  0.,  0.,  0.,  0.,  0.,  0.,  0.,  0.,  0.,
         0.])
[2023-11-18 20:43:41,029][__main__][INFO] - epoch: 370
[2023-11-18 20:43:41,572][__main__][INFO] - alignment: tensor([7., 1., 0., 0., 0., 0., 0., 0., 0., 0., 0., 0., 0., 0., 0.])
[2023-11-18 20:43:41,572][__main__][INFO] - epoch: 380
[2023-11-18 20:43:42,158][__main__][INFO] - alignment: tensor([9., 1., 0., 0., 0., 0., 0., 0., 0., 0., 0., 0., 0., 0., 0.])
[2023-11-18 20:43:42,158][__main__][INFO] - epoch: 390
[2023-11-18 20:43:42,679][__main__][INFO] - alignment: tensor([10.,  1.,  0.,  0.,  0.,  0.,  0.,  0.,  0.,  0.,  0.,  0.,  0.,  0.,
         0.])
[2023-11-18 20:43:42,679][__main__][INFO] - epoch: 400
[2023-11-18 20:43:43,220][__main__][INFO] - alignment: tensor([9., 1., 1., 0., 0., 0., 0., 0., 0., 0., 0., 0., 0., 0., 0.])
[2023-11-18 20:43:43,220][__main__][INFO] - epoch: 410
[2023-11-18 20:43:43,725][__main__][INFO] - alignment: tensor([9., 1., 1., 0., 0., 0., 0., 0., 0., 0., 0., 0., 0., 0., 0.])
[2023-11-18 20:43:43,725][__main__][INFO] - epoch: 420
[2023-11-18 20:43:44,323][__main__][INFO] - alignment: tensor([10.,  2.,  1.,  0.,  0.,  0.,  0.,  0.,  0.,  0.,  0.,  0.,  0.,  0.,
         0.])
[2023-11-18 20:43:44,324][__main__][INFO] - epoch: 430
[2023-11-18 20:43:45,176][__main__][INFO] - alignment: tensor([8., 1., 1., 0., 0., 0., 0., 0., 0., 0., 0., 0., 1., 0., 0.])
[2023-11-18 20:43:45,177][__main__][INFO] - epoch: 440
[2023-11-18 20:43:45,875][__main__][INFO] - alignment: tensor([7., 1., 1., 0., 0., 0., 0., 0., 0., 0., 0., 0., 1., 0., 0.])
[2023-11-18 20:43:45,875][__main__][INFO] - epoch: 450
[2023-11-18 20:43:46,381][__main__][INFO] - alignment: tensor([5., 1., 1., 0., 0., 0., 0., 0., 0., 0., 0., 0., 1., 0., 0.])
[2023-11-18 20:43:46,381][__main__][INFO] - epoch: 460
[2023-11-18 20:43:46,853][__main__][INFO] - alignment: tensor([7., 2., 1., 0., 0., 0., 0., 0., 0., 0., 0., 0., 1., 0., 0.])
[2023-11-18 20:43:46,853][__main__][INFO] - epoch: 470
[2023-11-18 20:43:47,352][__main__][INFO] - alignment: tensor([6., 2., 1., 0., 0., 0., 0., 0., 0., 0., 0., 0., 1., 0., 0.])
[2023-11-18 20:43:47,352][__main__][INFO] - epoch: 480
[2023-11-18 20:43:47,829][__main__][INFO] - alignment: tensor([5., 2., 1., 0., 0., 0., 0., 0., 0., 0., 0., 0., 1., 0., 0.])
[2023-11-18 20:43:47,829][__main__][INFO] - epoch: 490
[2023-11-18 20:43:48,404][__main__][INFO] - alignment: tensor([6., 1., 1., 0., 0., 0., 0., 0., 0., 0., 0., 0., 1., 0., 0.])
[2023-11-18 20:43:48,404][__main__][INFO] - epoch: 500
[2023-11-18 20:43:49,006][__main__][INFO] - alignment: tensor([6., 2., 1., 0., 0., 0., 0., 0., 0., 0., 0., 1., 1., 0., 0.])
[2023-11-18 20:43:49,006][__main__][INFO] - epoch: 510
[2023-11-18 20:43:49,552][__main__][INFO] - alignment: tensor([6., 2., 1., 0., 0., 0., 0., 0., 0., 0., 0., 0., 1., 0., 0.])
[2023-11-18 20:43:49,553][__main__][INFO] - epoch: 520
[2023-11-18 20:43:50,167][__main__][INFO] - alignment: tensor([6., 2., 1., 0., 0., 0., 0., 0., 0., 0., 0., 0., 1., 0., 0.])
[2023-11-18 20:43:50,167][__main__][INFO] - feat_thresh: 0.2
[2023-11-18 20:43:50,167][__main__][INFO] - epoch: 0
[2023-11-18 20:43:50,749][__main__][INFO] - alignment: tensor([0., 0., 0., 0., 0., 0., 0., 0., 0., 0., 0., 0., 0., 0., 0.])
[2023-11-18 20:43:50,749][__main__][INFO] - epoch: 10
[2023-11-18 20:43:51,550][__main__][INFO] - alignment: tensor([0., 0., 0., 0., 0., 0., 0., 0., 0., 0., 0., 0., 0., 0., 0.])
[2023-11-18 20:43:51,551][__main__][INFO] - epoch: 20
[2023-11-18 20:43:52,178][__main__][INFO] - alignment: tensor([0., 0., 0., 0., 0., 0., 0., 0., 0., 0., 0., 0., 0., 0., 0.])
[2023-11-18 20:43:52,178][__main__][INFO] - epoch: 30
[2023-11-18 20:43:52,655][__main__][INFO] - alignment: tensor([0., 0., 0., 0., 0., 0., 0., 0., 0., 0., 0., 0., 0., 0., 0.])
[2023-11-18 20:43:52,655][__main__][INFO] - epoch: 40
[2023-11-18 20:43:53,141][__main__][INFO] - alignment: tensor([0., 0., 0., 0., 0., 0., 0., 0., 0., 0., 0., 0., 0., 0., 0.])
[2023-11-18 20:43:53,141][__main__][INFO] - epoch: 50
[2023-11-18 20:43:53,671][__main__][INFO] - alignment: tensor([0., 0., 0., 0., 0., 0., 0., 0., 0., 0., 0., 0., 0., 0., 0.])
[2023-11-18 20:43:53,672][__main__][INFO] - epoch: 60
[2023-11-18 20:43:54,213][__main__][INFO] - alignment: tensor([0., 0., 0., 0., 0., 0., 0., 0., 0., 0., 0., 0., 0., 0., 0.])
[2023-11-18 20:43:54,213][__main__][INFO] - epoch: 70
[2023-11-18 20:43:54,771][__main__][INFO] - alignment: tensor([0., 0., 0., 0., 0., 0., 0., 0., 0., 0., 0., 0., 0., 0., 0.])
[2023-11-18 20:43:54,771][__main__][INFO] - epoch: 80
[2023-11-18 20:43:55,301][__main__][INFO] - alignment: tensor([0., 0., 0., 0., 0., 0., 0., 0., 0., 0., 0., 0., 0., 0., 0.])
[2023-11-18 20:43:55,302][__main__][INFO] - epoch: 90
[2023-11-18 20:43:55,782][__main__][INFO] - alignment: tensor([0., 0., 0., 0., 0., 0., 0., 0., 0., 0., 0., 0., 0., 0., 0.])
[2023-11-18 20:43:55,782][__main__][INFO] - epoch: 100
[2023-11-18 20:43:56,310][__main__][INFO] - alignment: tensor([0., 0., 0., 0., 0., 0., 0., 0., 0., 0., 0., 0., 0., 0., 0.])
[2023-11-18 20:43:56,310][__main__][INFO] - epoch: 110
[2023-11-18 20:43:56,861][__main__][INFO] - alignment: tensor([0., 0., 0., 0., 0., 0., 0., 0., 0., 0., 0., 0., 0., 0., 0.])
[2023-11-18 20:43:56,862][__main__][INFO] - epoch: 120
[2023-11-18 20:43:57,403][__main__][INFO] - alignment: tensor([0., 0., 0., 0., 0., 0., 0., 0., 0., 0., 0., 0., 0., 0., 0.])
[2023-11-18 20:43:57,403][__main__][INFO] - epoch: 130
[2023-11-18 20:43:57,910][__main__][INFO] - alignment: tensor([0., 0., 0., 0., 0., 0., 0., 0., 0., 0., 0., 0., 0., 0., 0.])
[2023-11-18 20:43:57,910][__main__][INFO] - epoch: 140
[2023-11-18 20:43:58,401][__main__][INFO] - alignment: tensor([0., 0., 0., 0., 0., 0., 0., 0., 0., 0., 0., 0., 0., 0., 0.])
[2023-11-18 20:43:58,401][__main__][INFO] - epoch: 150
[2023-11-18 20:43:58,894][__main__][INFO] - alignment: tensor([0., 0., 0., 0., 0., 0., 0., 0., 0., 0., 0., 0., 0., 0., 0.])
[2023-11-18 20:43:58,894][__main__][INFO] - epoch: 160
[2023-11-18 20:43:59,420][__main__][INFO] - alignment: tensor([0., 0., 0., 0., 0., 0., 0., 0., 0., 0., 0., 0., 0., 0., 0.])
[2023-11-18 20:43:59,420][__main__][INFO] - epoch: 170
[2023-11-18 20:43:59,987][__main__][INFO] - alignment: tensor([0., 0., 0., 0., 0., 0., 0., 0., 0., 0., 0., 0., 0., 0., 0.])
[2023-11-18 20:43:59,988][__main__][INFO] - epoch: 180
[2023-11-18 20:44:00,536][__main__][INFO] - alignment: tensor([0., 0., 0., 0., 0., 0., 0., 0., 0., 0., 0., 0., 0., 0., 0.])
[2023-11-18 20:44:00,537][__main__][INFO] - epoch: 190
[2023-11-18 20:44:01,301][__main__][INFO] - alignment: tensor([0., 0., 0., 0., 0., 0., 0., 0., 0., 0., 0., 0., 0., 0., 0.])
[2023-11-18 20:44:01,302][__main__][INFO] - epoch: 200
[2023-11-18 20:44:01,925][__main__][INFO] - alignment: tensor([0., 0., 0., 0., 0., 0., 0., 0., 0., 0., 0., 0., 0., 0., 0.])
[2023-11-18 20:44:01,925][__main__][INFO] - epoch: 210
[2023-11-18 20:44:02,409][__main__][INFO] - alignment: tensor([0., 0., 0., 0., 0., 0., 0., 0., 0., 0., 0., 0., 0., 0., 0.])
[2023-11-18 20:44:02,409][__main__][INFO] - epoch: 220
[2023-11-18 20:44:02,906][__main__][INFO] - alignment: tensor([0., 0., 0., 0., 0., 0., 0., 0., 0., 0., 0., 0., 0., 0., 0.])
[2023-11-18 20:44:02,907][__main__][INFO] - epoch: 230
[2023-11-18 20:44:03,498][__main__][INFO] - alignment: tensor([0., 0., 0., 0., 0., 0., 0., 0., 0., 0., 0., 0., 0., 0., 0.])
[2023-11-18 20:44:03,498][__main__][INFO] - epoch: 240
[2023-11-18 20:44:04,056][__main__][INFO] - alignment: tensor([0., 0., 0., 0., 0., 0., 0., 0., 0., 0., 0., 0., 0., 0., 0.])
[2023-11-18 20:44:04,056][__main__][INFO] - epoch: 250
[2023-11-18 20:44:04,535][__main__][INFO] - alignment: tensor([1., 0., 0., 0., 0., 0., 0., 0., 0., 0., 0., 0., 0., 0., 0.])
[2023-11-18 20:44:04,535][__main__][INFO] - epoch: 260
[2023-11-18 20:44:05,022][__main__][INFO] - alignment: tensor([2., 0., 0., 0., 0., 0., 0., 0., 0., 0., 0., 0., 0., 0., 0.])
[2023-11-18 20:44:05,023][__main__][INFO] - epoch: 270
[2023-11-18 20:44:05,658][__main__][INFO] - alignment: tensor([11.,  0.,  0.,  0.,  0.,  0.,  0.,  0.,  0.,  0.,  0.,  0.,  0.,  0.,
         0.])
[2023-11-18 20:44:05,658][__main__][INFO] - epoch: 280
[2023-11-18 20:44:06,147][__main__][INFO] - alignment: tensor([12.,  0.,  0.,  0.,  0.,  0.,  0.,  0.,  0.,  0.,  0.,  0.,  0.,  0.,
         0.])
[2023-11-18 20:44:06,147][__main__][INFO] - epoch: 290
[2023-11-18 20:44:06,642][__main__][INFO] - alignment: tensor([15.,  0.,  0.,  0.,  0.,  0.,  0.,  0.,  0.,  0.,  0.,  0.,  0.,  0.,
         0.])
[2023-11-18 20:44:06,642][__main__][INFO] - epoch: 300
[2023-11-18 20:44:07,146][__main__][INFO] - alignment: tensor([25.,  1.,  0.,  0.,  0.,  0.,  0.,  0.,  0.,  0.,  0.,  0.,  0.,  0.,
         0.])
[2023-11-18 20:44:07,147][__main__][INFO] - epoch: 310
[2023-11-18 20:44:07,703][__main__][INFO] - alignment: tensor([25.,  1.,  0.,  0.,  0.,  0.,  0.,  0.,  0.,  0.,  0.,  0.,  0.,  0.,
         0.])
[2023-11-18 20:44:07,703][__main__][INFO] - epoch: 320
[2023-11-18 20:44:08,193][__main__][INFO] - alignment: tensor([26.,  3.,  0.,  0.,  0.,  0.,  0.,  0.,  0.,  0.,  0.,  0.,  0.,  0.,
         0.])
[2023-11-18 20:44:08,193][__main__][INFO] - epoch: 330
[2023-11-18 20:44:08,746][__main__][INFO] - alignment: tensor([25.,  2.,  0.,  0.,  0.,  0.,  0.,  0.,  0.,  0.,  0.,  0.,  0.,  0.,
         0.])
[2023-11-18 20:44:08,746][__main__][INFO] - epoch: 340
[2023-11-18 20:44:09,253][__main__][INFO] - alignment: tensor([32.,  2.,  0.,  0.,  0.,  0.,  0.,  1.,  0.,  0.,  0.,  0.,  0.,  0.,
         0.])
[2023-11-18 20:44:09,253][__main__][INFO] - epoch: 350
[2023-11-18 20:44:09,772][__main__][INFO] - alignment: tensor([28.,  2.,  0.,  0.,  0.,  0.,  0.,  0.,  0.,  0.,  0.,  0.,  0.,  0.,
         0.])
[2023-11-18 20:44:09,772][__main__][INFO] - epoch: 360
[2023-11-18 20:44:10,304][__main__][INFO] - alignment: tensor([28.,  3.,  0.,  0.,  0.,  0.,  0.,  0.,  0.,  0.,  0.,  0.,  0.,  0.,
         0.])
[2023-11-18 20:44:10,305][__main__][INFO] - epoch: 370
[2023-11-18 20:44:10,925][__main__][INFO] - alignment: tensor([26.,  3.,  1.,  1.,  0.,  0.,  0.,  0.,  0.,  0.,  0.,  0.,  1.,  0.,
         0.])
[2023-11-18 20:44:10,925][__main__][INFO] - epoch: 380
[2023-11-18 20:44:11,494][__main__][INFO] - alignment: tensor([23.,  3.,  2.,  1.,  1.,  0.,  0.,  0.,  0.,  0.,  0.,  0.,  1.,  0.,
         0.])
[2023-11-18 20:44:11,494][__main__][INFO] - epoch: 390
[2023-11-18 20:44:12,040][__main__][INFO] - alignment: tensor([19.,  4.,  3.,  1.,  1.,  0.,  0.,  1.,  0.,  0.,  0.,  0.,  1.,  0.,
         0.])
[2023-11-18 20:44:12,041][__main__][INFO] - epoch: 400
[2023-11-18 20:44:12,743][__main__][INFO] - alignment: tensor([19.,  4.,  3.,  1.,  2.,  0.,  0.,  1.,  0.,  0.,  0.,  0.,  1.,  0.,
         0.])
[2023-11-18 20:44:12,743][__main__][INFO] - epoch: 410
[2023-11-18 20:44:13,475][__main__][INFO] - alignment: tensor([18.,  4.,  2.,  1.,  2.,  0.,  0.,  1.,  0.,  0.,  0.,  0.,  1.,  0.,
         0.])
[2023-11-18 20:44:13,476][__main__][INFO] - epoch: 420
[2023-11-18 20:44:14,046][__main__][INFO] - alignment: tensor([17.,  4.,  2.,  1.,  2.,  1.,  0.,  1.,  0.,  0.,  0.,  0.,  1.,  0.,
         0.])
[2023-11-18 20:44:14,046][__main__][INFO] - epoch: 430
[2023-11-18 20:44:14,604][__main__][INFO] - alignment: tensor([15.,  4.,  2.,  1.,  2.,  1.,  0.,  1.,  0.,  0.,  0.,  0.,  1.,  0.,
         0.])
[2023-11-18 20:44:14,604][__main__][INFO] - epoch: 440
[2023-11-18 20:44:15,451][__main__][INFO] - alignment: tensor([15.,  4.,  2.,  1.,  1.,  2.,  0.,  1.,  0.,  0.,  0.,  1.,  1.,  0.,
         0.])
[2023-11-18 20:44:15,452][__main__][INFO] - epoch: 450
[2023-11-18 20:44:16,088][__main__][INFO] - alignment: tensor([14.,  3.,  2.,  1.,  2.,  2.,  0.,  1.,  0.,  0.,  0.,  1.,  1.,  0.,
         0.])
[2023-11-18 20:44:16,088][__main__][INFO] - epoch: 460
[2023-11-18 20:44:16,627][__main__][INFO] - alignment: tensor([14.,  3.,  2.,  1.,  2.,  2.,  0.,  1.,  0.,  0.,  0.,  1.,  1.,  0.,
         0.])
[2023-11-18 20:44:16,627][__main__][INFO] - epoch: 470
[2023-11-18 20:44:17,191][__main__][INFO] - alignment: tensor([13.,  4.,  2.,  1.,  2.,  2.,  0.,  1.,  0.,  0.,  0.,  1.,  1.,  0.,
         0.])
[2023-11-18 20:44:17,191][__main__][INFO] - epoch: 480
[2023-11-18 20:44:17,679][__main__][INFO] - alignment: tensor([12.,  4.,  2.,  1.,  2.,  2.,  0.,  1.,  0.,  0.,  0.,  1.,  1.,  0.,
         0.])
[2023-11-18 20:44:17,679][__main__][INFO] - epoch: 490
[2023-11-18 20:44:18,328][__main__][INFO] - alignment: tensor([13.,  3.,  2.,  1.,  2.,  2.,  0.,  1.,  0.,  0.,  0.,  1.,  1.,  0.,
         0.])
[2023-11-18 20:44:18,328][__main__][INFO] - epoch: 500
[2023-11-18 20:44:18,957][__main__][INFO] - alignment: tensor([13.,  4.,  2.,  1.,  2.,  2.,  0.,  1.,  0.,  0.,  0.,  1.,  1.,  0.,
         0.])
[2023-11-18 20:44:18,958][__main__][INFO] - epoch: 510
[2023-11-18 20:44:19,681][__main__][INFO] - alignment: tensor([12.,  4.,  2.,  1.,  2.,  2.,  0.,  1.,  0.,  0.,  0.,  1.,  1.,  0.,
         0.])
[2023-11-18 20:44:19,681][__main__][INFO] - epoch: 520
[2023-11-18 20:44:20,163][__main__][INFO] - alignment: tensor([12.,  4.,  2.,  1.,  2.,  2.,  0.,  1.,  0.,  0.,  0.,  1.,  1.,  0.,
         0.])
[2023-11-18 20:44:20,164][__main__][INFO] - feat_thresh: 0.3
[2023-11-18 20:44:20,164][__main__][INFO] - epoch: 0
[2023-11-18 20:44:20,743][__main__][INFO] - alignment: tensor([0., 0., 0., 0., 0., 0., 0., 0., 0., 0., 0., 0., 0., 0., 0.])
[2023-11-18 20:44:20,743][__main__][INFO] - epoch: 10
[2023-11-18 20:44:21,345][__main__][INFO] - alignment: tensor([0., 0., 0., 0., 0., 0., 0., 0., 0., 0., 0., 0., 0., 0., 0.])
[2023-11-18 20:44:21,346][__main__][INFO] - epoch: 20
[2023-11-18 20:44:21,933][__main__][INFO] - alignment: tensor([0., 0., 0., 0., 0., 0., 0., 0., 0., 0., 0., 0., 0., 0., 0.])
[2023-11-18 20:44:21,933][__main__][INFO] - epoch: 30
[2023-11-18 20:44:22,503][__main__][INFO] - alignment: tensor([0., 0., 0., 0., 0., 0., 0., 0., 0., 0., 0., 0., 0., 0., 0.])
[2023-11-18 20:44:22,503][__main__][INFO] - epoch: 40
[2023-11-18 20:44:23,029][__main__][INFO] - alignment: tensor([0., 0., 0., 0., 0., 0., 0., 0., 0., 0., 0., 0., 0., 0., 0.])
[2023-11-18 20:44:23,029][__main__][INFO] - epoch: 50
[2023-11-18 20:44:23,537][__main__][INFO] - alignment: tensor([0., 0., 0., 0., 0., 0., 0., 0., 0., 0., 0., 0., 0., 0., 0.])
[2023-11-18 20:44:23,537][__main__][INFO] - epoch: 60
[2023-11-18 20:44:24,179][__main__][INFO] - alignment: tensor([0., 0., 0., 0., 0., 0., 0., 0., 0., 0., 0., 0., 0., 0., 0.])
[2023-11-18 20:44:24,179][__main__][INFO] - epoch: 70
[2023-11-18 20:44:24,773][__main__][INFO] - alignment: tensor([0., 0., 0., 0., 0., 0., 0., 0., 0., 0., 0., 0., 0., 0., 0.])
[2023-11-18 20:44:24,773][__main__][INFO] - epoch: 80
[2023-11-18 20:44:25,402][__main__][INFO] - alignment: tensor([0., 0., 0., 0., 0., 0., 0., 0., 0., 0., 0., 0., 0., 0., 0.])
[2023-11-18 20:44:25,403][__main__][INFO] - epoch: 90
[2023-11-18 20:44:25,971][__main__][INFO] - alignment: tensor([0., 0., 0., 0., 0., 0., 0., 0., 0., 0., 0., 0., 0., 0., 0.])
[2023-11-18 20:44:25,971][__main__][INFO] - epoch: 100
[2023-11-18 20:44:26,516][__main__][INFO] - alignment: tensor([0., 0., 0., 0., 0., 0., 0., 0., 0., 0., 0., 0., 0., 0., 0.])
[2023-11-18 20:44:26,516][__main__][INFO] - epoch: 110
[2023-11-18 20:44:27,025][__main__][INFO] - alignment: tensor([0., 0., 0., 0., 0., 0., 0., 0., 0., 0., 0., 0., 0., 0., 0.])
[2023-11-18 20:44:27,025][__main__][INFO] - epoch: 120
[2023-11-18 20:44:27,609][__main__][INFO] - alignment: tensor([0., 0., 0., 0., 0., 0., 0., 0., 0., 0., 0., 0., 0., 0., 0.])
[2023-11-18 20:44:27,609][__main__][INFO] - epoch: 130
[2023-11-18 20:44:28,264][__main__][INFO] - alignment: tensor([0., 0., 0., 0., 0., 0., 0., 0., 0., 0., 0., 0., 0., 0., 0.])
[2023-11-18 20:44:28,264][__main__][INFO] - epoch: 140
[2023-11-18 20:44:28,777][__main__][INFO] - alignment: tensor([0., 0., 0., 0., 0., 0., 0., 0., 0., 0., 0., 0., 0., 0., 0.])
[2023-11-18 20:44:28,777][__main__][INFO] - epoch: 150
[2023-11-18 20:44:29,298][__main__][INFO] - alignment: tensor([0., 0., 0., 0., 0., 0., 0., 0., 0., 0., 0., 0., 0., 0., 0.])
[2023-11-18 20:44:29,298][__main__][INFO] - epoch: 160
[2023-11-18 20:44:29,824][__main__][INFO] - alignment: tensor([0., 0., 0., 0., 0., 0., 0., 0., 0., 0., 0., 0., 0., 0., 0.])
[2023-11-18 20:44:29,825][__main__][INFO] - epoch: 170
[2023-11-18 20:44:30,358][__main__][INFO] - alignment: tensor([0., 0., 0., 0., 0., 0., 0., 0., 0., 0., 0., 0., 0., 0., 0.])
[2023-11-18 20:44:30,358][__main__][INFO] - epoch: 180
[2023-11-18 20:44:30,859][__main__][INFO] - alignment: tensor([0., 0., 0., 0., 0., 0., 0., 0., 0., 0., 0., 0., 0., 0., 0.])
[2023-11-18 20:44:30,859][__main__][INFO] - epoch: 190
[2023-11-18 20:44:31,378][__main__][INFO] - alignment: tensor([0., 0., 0., 0., 0., 0., 0., 0., 0., 0., 0., 0., 0., 0., 0.])
[2023-11-18 20:44:31,379][__main__][INFO] - epoch: 200
[2023-11-18 20:44:31,872][__main__][INFO] - alignment: tensor([0., 0., 0., 0., 0., 0., 0., 0., 0., 0., 0., 0., 0., 0., 0.])
[2023-11-18 20:44:31,872][__main__][INFO] - epoch: 210
[2023-11-18 20:44:32,372][__main__][INFO] - alignment: tensor([0., 0., 0., 0., 0., 0., 0., 0., 0., 0., 0., 0., 0., 0., 0.])
[2023-11-18 20:44:32,373][__main__][INFO] - epoch: 220
[2023-11-18 20:44:32,935][__main__][INFO] - alignment: tensor([1., 0., 0., 0., 0., 0., 0., 0., 0., 0., 0., 0., 0., 0., 0.])
[2023-11-18 20:44:32,935][__main__][INFO] - epoch: 230
[2023-11-18 20:44:33,482][__main__][INFO] - alignment: tensor([1., 0., 0., 0., 0., 0., 0., 0., 0., 0., 0., 0., 0., 0., 0.])
[2023-11-18 20:44:33,483][__main__][INFO] - epoch: 240
[2023-11-18 20:44:34,036][__main__][INFO] - alignment: tensor([2., 0., 0., 0., 0., 0., 0., 0., 0., 0., 0., 0., 0., 0., 0.])
[2023-11-18 20:44:34,036][__main__][INFO] - epoch: 250
[2023-11-18 20:44:34,523][__main__][INFO] - alignment: tensor([3., 0., 0., 0., 0., 0., 0., 0., 0., 0., 0., 0., 0., 0., 0.])
[2023-11-18 20:44:34,523][__main__][INFO] - epoch: 260
[2023-11-18 20:44:35,076][__main__][INFO] - alignment: tensor([20.,  0.,  0.,  0.,  0.,  0.,  0.,  0.,  0.,  0.,  0.,  0.,  0.,  0.,
         0.])
[2023-11-18 20:44:35,076][__main__][INFO] - epoch: 270
[2023-11-18 20:44:35,572][__main__][INFO] - alignment: tensor([38.,  0.,  0.,  0.,  0.,  0.,  0.,  0.,  0.,  0.,  0.,  0.,  0.,  0.,
         0.])
[2023-11-18 20:44:35,572][__main__][INFO] - epoch: 280
[2023-11-18 20:44:36,113][__main__][INFO] - alignment: tensor([41.,  1.,  0.,  0.,  0.,  0.,  0.,  0.,  0.,  0.,  0.,  0.,  0.,  0.,
         0.])
[2023-11-18 20:44:36,113][__main__][INFO] - epoch: 290
[2023-11-18 20:44:36,914][__main__][INFO] - alignment: tensor([40.,  3.,  0.,  0.,  0.,  0.,  0.,  0.,  0.,  0.,  0.,  0.,  0.,  0.,
         0.])
[2023-11-18 20:44:36,914][__main__][INFO] - epoch: 300
[2023-11-18 20:44:37,429][__main__][INFO] - alignment: tensor([53.,  2.,  0.,  0.,  0.,  0.,  0.,  0.,  0.,  0.,  0.,  0.,  0.,  0.,
         0.])
[2023-11-18 20:44:37,429][__main__][INFO] - epoch: 310
[2023-11-18 20:44:38,051][__main__][INFO] - alignment: tensor([52.,  5.,  0.,  0.,  0.,  0.,  0.,  0.,  0.,  0.,  0.,  0.,  0.,  0.,
         0.])
[2023-11-18 20:44:38,051][__main__][INFO] - epoch: 320
[2023-11-18 20:44:38,568][__main__][INFO] - alignment: tensor([50.,  5.,  0.,  0.,  0.,  0.,  0.,  0.,  0.,  0.,  0.,  0.,  0.,  0.,
         0.])
[2023-11-18 20:44:38,568][__main__][INFO] - epoch: 330
[2023-11-18 20:44:39,110][__main__][INFO] - alignment: tensor([51.,  5.,  0.,  0.,  0.,  0.,  0.,  1.,  0.,  0.,  0.,  0.,  0.,  0.,
         0.])
[2023-11-18 20:44:39,110][__main__][INFO] - epoch: 340
[2023-11-18 20:44:39,694][__main__][INFO] - alignment: tensor([52.,  7.,  0.,  0.,  0.,  0.,  0.,  1.,  0.,  0.,  0.,  0.,  0.,  0.,
         0.])
[2023-11-18 20:44:39,695][__main__][INFO] - epoch: 350
[2023-11-18 20:44:40,197][__main__][INFO] - alignment: tensor([52.,  5.,  0.,  1.,  0.,  0.,  0.,  1.,  0.,  0.,  0.,  0.,  0.,  0.,
         0.])
[2023-11-18 20:44:40,197][__main__][INFO] - epoch: 360
[2023-11-18 20:44:40,678][__main__][INFO] - alignment: tensor([49.,  6.,  2.,  1.,  1.,  0.,  0.,  1.,  0.,  0.,  0.,  0.,  0.,  0.,
         0.])
[2023-11-18 20:44:40,678][__main__][INFO] - epoch: 370
[2023-11-18 20:44:41,209][__main__][INFO] - alignment: tensor([43.,  6.,  3.,  1.,  2.,  0.,  0.,  1.,  0.,  0.,  0.,  0.,  1.,  0.,
         0.])
[2023-11-18 20:44:41,209][__main__][INFO] - epoch: 380
[2023-11-18 20:44:41,732][__main__][INFO] - alignment: tensor([43.,  6.,  3.,  1.,  2.,  0.,  0.,  1.,  0.,  0.,  0.,  0.,  1.,  0.,
         0.])
[2023-11-18 20:44:41,732][__main__][INFO] - epoch: 390
[2023-11-18 20:44:42,281][__main__][INFO] - alignment: tensor([43.,  7.,  4.,  1.,  2.,  1.,  0.,  1.,  0.,  0.,  0.,  0.,  1.,  0.,
         0.])
[2023-11-18 20:44:42,281][__main__][INFO] - epoch: 400
[2023-11-18 20:44:42,794][__main__][INFO] - alignment: tensor([42.,  6.,  4.,  1.,  2.,  2.,  0.,  1.,  0.,  0.,  0.,  0.,  1.,  0.,
         0.])
[2023-11-18 20:44:42,794][__main__][INFO] - epoch: 410
[2023-11-18 20:44:43,298][__main__][INFO] - alignment: tensor([40.,  6.,  4.,  1.,  2.,  2.,  0.,  1.,  0.,  0.,  0.,  0.,  1.,  0.,
         0.])
[2023-11-18 20:44:43,298][__main__][INFO] - epoch: 420
[2023-11-18 20:44:43,944][__main__][INFO] - alignment: tensor([38.,  6.,  4.,  1.,  2.,  2.,  0.,  1.,  0.,  0.,  0.,  1.,  1.,  0.,
         0.])
[2023-11-18 20:44:43,944][__main__][INFO] - epoch: 430
[2023-11-18 20:44:44,453][__main__][INFO] - alignment: tensor([35.,  7.,  4.,  1.,  3.,  2.,  0.,  1.,  0.,  0.,  0.,  1.,  1.,  0.,
         0.])
[2023-11-18 20:44:44,454][__main__][INFO] - epoch: 440
[2023-11-18 20:44:45,002][__main__][INFO] - alignment: tensor([32.,  6.,  4.,  1.,  3.,  2.,  0.,  1.,  0.,  0.,  0.,  1.,  1.,  0.,
         0.])
[2023-11-18 20:44:45,003][__main__][INFO] - epoch: 450
[2023-11-18 20:44:45,513][__main__][INFO] - alignment: tensor([29.,  6.,  4.,  1.,  3.,  2.,  1.,  1.,  0.,  0.,  0.,  1.,  1.,  0.,
         0.])
[2023-11-18 20:44:45,513][__main__][INFO] - epoch: 460
[2023-11-18 20:44:45,996][__main__][INFO] - alignment: tensor([30.,  6.,  4.,  1.,  3.,  2.,  0.,  1.,  0.,  0.,  0.,  1.,  1.,  0.,
         0.])
[2023-11-18 20:44:45,996][__main__][INFO] - epoch: 470
[2023-11-18 20:44:46,502][__main__][INFO] - alignment: tensor([30.,  7.,  4.,  1.,  3.,  2.,  1.,  1.,  0.,  0.,  0.,  1.,  1.,  0.,
         0.])
[2023-11-18 20:44:46,502][__main__][INFO] - epoch: 480
[2023-11-18 20:44:47,094][__main__][INFO] - alignment: tensor([28.,  9.,  4.,  1.,  3.,  2.,  1.,  1.,  0.,  0.,  0.,  1.,  1.,  0.,
         0.])
[2023-11-18 20:44:47,095][__main__][INFO] - epoch: 490
[2023-11-18 20:44:47,725][__main__][INFO] - alignment: tensor([26.,  5.,  4.,  1.,  3.,  2.,  1.,  1.,  0.,  0.,  0.,  1.,  1.,  0.,
         0.])
[2023-11-18 20:44:47,726][__main__][INFO] - epoch: 500
[2023-11-18 20:44:48,333][__main__][INFO] - alignment: tensor([26.,  6.,  4.,  1.,  3.,  2.,  1.,  1.,  0.,  0.,  0.,  1.,  1.,  0.,
         0.])
[2023-11-18 20:44:48,334][__main__][INFO] - epoch: 510
[2023-11-18 20:44:48,854][__main__][INFO] - alignment: tensor([28.,  6.,  4.,  1.,  3.,  2.,  1.,  1.,  1.,  0.,  0.,  1.,  1.,  0.,
         0.])
[2023-11-18 20:44:48,854][__main__][INFO] - epoch: 520
[2023-11-18 20:44:49,339][__main__][INFO] - alignment: tensor([28.,  6.,  4.,  1.,  3.,  2.,  1.,  1.,  1.,  0.,  0.,  1.,  1.,  0.,
         0.])
[2023-11-18 20:44:49,425][__main__][INFO] - Training losses plot: train_losses.png
[2023-11-18 20:44:49,514][__main__][INFO] - Accuracies plot: accuracies.png
