[2023-11-19 15:58:12,954][hydra.utils][INFO] - Logging from main
[2023-11-19 16:54:04,064][__main__][INFO] - Model weights saved at: model.pt
[2023-11-19 16:54:04,070][__main__][INFO] - Training accuracy: 0.9990925925925926
[2023-11-19 16:54:04,070][__main__][INFO] - Testing accuracy: 0.9378333333333333
[2023-11-19 16:54:04,071][__main__][INFO] - feat_thresh: 0.1
[2023-11-19 16:54:04,071][__main__][INFO] - epoch: 0
[2023-11-19 16:54:04,616][__main__][INFO] - alignment: tensor([0., 0., 0., 0., 0., 0., 0., 0., 0., 0., 0., 0., 0., 0., 0.])
[2023-11-19 16:54:04,617][__main__][INFO] - epoch: 10
[2023-11-19 16:54:05,391][__main__][INFO] - alignment: tensor([0., 0., 0., 0., 0., 0., 0., 0., 0., 0., 0., 0., 0., 0., 0.])
[2023-11-19 16:54:05,391][__main__][INFO] - epoch: 20
[2023-11-19 16:54:05,961][__main__][INFO] - alignment: tensor([0., 0., 0., 0., 0., 0., 0., 0., 0., 0., 0., 0., 0., 0., 0.])
[2023-11-19 16:54:05,962][__main__][INFO] - epoch: 30
[2023-11-19 16:54:06,519][__main__][INFO] - alignment: tensor([0., 0., 0., 0., 0., 0., 0., 0., 0., 0., 0., 0., 0., 0., 0.])
[2023-11-19 16:54:06,519][__main__][INFO] - epoch: 40
[2023-11-19 16:54:07,060][__main__][INFO] - alignment: tensor([0., 0., 0., 0., 0., 0., 0., 0., 0., 0., 0., 0., 0., 0., 0.])
[2023-11-19 16:54:07,060][__main__][INFO] - epoch: 50
[2023-11-19 16:54:07,608][__main__][INFO] - alignment: tensor([0., 0., 0., 0., 0., 0., 0., 0., 0., 0., 0., 0., 0., 0., 0.])
[2023-11-19 16:54:07,608][__main__][INFO] - epoch: 60
[2023-11-19 16:54:08,145][__main__][INFO] - alignment: tensor([0., 0., 0., 0., 0., 0., 0., 0., 0., 0., 0., 0., 0., 0., 0.])
[2023-11-19 16:54:08,145][__main__][INFO] - epoch: 70
[2023-11-19 16:54:08,700][__main__][INFO] - alignment: tensor([0., 0., 0., 0., 0., 0., 0., 0., 0., 0., 0., 0., 0., 0., 0.])
[2023-11-19 16:54:08,700][__main__][INFO] - epoch: 80
[2023-11-19 16:54:09,354][__main__][INFO] - alignment: tensor([0., 0., 0., 0., 0., 0., 0., 0., 0., 0., 0., 0., 0., 0., 0.])
[2023-11-19 16:54:09,355][__main__][INFO] - epoch: 90
[2023-11-19 16:54:10,077][__main__][INFO] - alignment: tensor([0., 0., 0., 0., 0., 0., 0., 0., 0., 0., 0., 0., 0., 0., 0.])
[2023-11-19 16:54:10,078][__main__][INFO] - epoch: 100
[2023-11-19 16:54:10,624][__main__][INFO] - alignment: tensor([0., 0., 0., 0., 0., 0., 0., 0., 0., 0., 0., 0., 0., 0., 0.])
[2023-11-19 16:54:10,625][__main__][INFO] - epoch: 110
[2023-11-19 16:54:11,289][__main__][INFO] - alignment: tensor([0., 0., 0., 0., 0., 0., 0., 0., 0., 0., 0., 0., 0., 0., 0.])
[2023-11-19 16:54:11,290][__main__][INFO] - epoch: 120
[2023-11-19 16:54:12,115][__main__][INFO] - alignment: tensor([0., 0., 0., 0., 0., 0., 0., 0., 0., 0., 0., 0., 0., 0., 0.])
[2023-11-19 16:54:12,115][__main__][INFO] - epoch: 130
[2023-11-19 16:54:12,850][__main__][INFO] - alignment: tensor([0., 0., 0., 0., 0., 0., 0., 0., 0., 0., 0., 0., 0., 0., 0.])
[2023-11-19 16:54:12,850][__main__][INFO] - epoch: 140
[2023-11-19 16:54:13,621][__main__][INFO] - alignment: tensor([0., 0., 0., 0., 0., 0., 0., 0., 0., 0., 0., 0., 0., 0., 0.])
[2023-11-19 16:54:13,621][__main__][INFO] - epoch: 150
[2023-11-19 16:54:14,294][__main__][INFO] - alignment: tensor([0., 0., 0., 0., 0., 0., 0., 0., 0., 0., 0., 0., 0., 0., 0.])
[2023-11-19 16:54:14,294][__main__][INFO] - epoch: 160
[2023-11-19 16:54:15,001][__main__][INFO] - alignment: tensor([0., 0., 0., 0., 0., 0., 0., 0., 0., 0., 0., 0., 0., 0., 0.])
[2023-11-19 16:54:15,001][__main__][INFO] - epoch: 170
[2023-11-19 16:54:15,689][__main__][INFO] - alignment: tensor([0., 0., 0., 0., 0., 0., 0., 0., 0., 0., 0., 0., 0., 0., 0.])
[2023-11-19 16:54:15,690][__main__][INFO] - epoch: 180
[2023-11-19 16:54:16,266][__main__][INFO] - alignment: tensor([0., 0., 0., 0., 0., 0., 0., 0., 0., 0., 0., 0., 0., 0., 0.])
[2023-11-19 16:54:16,266][__main__][INFO] - epoch: 190
[2023-11-19 16:54:16,799][__main__][INFO] - alignment: tensor([0., 0., 0., 0., 0., 0., 0., 0., 0., 0., 0., 0., 0., 0., 0.])
[2023-11-19 16:54:16,799][__main__][INFO] - epoch: 200
[2023-11-19 16:54:17,390][__main__][INFO] - alignment: tensor([2., 0., 0., 0., 0., 0., 0., 0., 0., 0., 0., 0., 0., 0., 0.])
[2023-11-19 16:54:17,390][__main__][INFO] - epoch: 210
[2023-11-19 16:54:17,983][__main__][INFO] - alignment: tensor([3., 0., 0., 0., 0., 0., 0., 0., 0., 0., 0., 0., 0., 0., 0.])
[2023-11-19 16:54:17,984][__main__][INFO] - epoch: 220
[2023-11-19 16:54:18,647][__main__][INFO] - alignment: tensor([4., 0., 0., 0., 0., 0., 0., 0., 0., 0., 0., 0., 0., 0., 0.])
[2023-11-19 16:54:18,647][__main__][INFO] - epoch: 230
[2023-11-19 16:54:19,358][__main__][INFO] - alignment: tensor([5., 0., 0., 0., 0., 0., 0., 0., 0., 0., 0., 0., 0., 0., 0.])
[2023-11-19 16:54:19,358][__main__][INFO] - epoch: 240
[2023-11-19 16:54:20,116][__main__][INFO] - alignment: tensor([7., 2., 2., 0., 0., 0., 0., 0., 0., 0., 0., 0., 0., 0., 0.])
[2023-11-19 16:54:20,116][__main__][INFO] - epoch: 250
[2023-11-19 16:54:20,749][__main__][INFO] - alignment: tensor([8., 2., 3., 0., 0., 0., 0., 1., 0., 0., 0., 0., 0., 1., 1.])
[2023-11-19 16:54:20,749][__main__][INFO] - epoch: 260
[2023-11-19 16:54:21,559][__main__][INFO] - alignment: tensor([7., 2., 3., 1., 0., 0., 0., 1., 0., 0., 0., 0., 0., 1., 1.])
[2023-11-19 16:54:21,560][__main__][INFO] - epoch: 270
[2023-11-19 16:54:22,276][__main__][INFO] - alignment: tensor([7., 2., 3., 1., 0., 0., 0., 1., 0., 0., 0., 0., 0., 1., 1.])
[2023-11-19 16:54:22,276][__main__][INFO] - epoch: 280
[2023-11-19 16:54:22,855][__main__][INFO] - alignment: tensor([7., 2., 3., 1., 0., 0., 0., 1., 0., 0., 0., 0., 0., 1., 1.])
[2023-11-19 16:54:22,856][__main__][INFO] - epoch: 290
[2023-11-19 16:54:23,406][__main__][INFO] - alignment: tensor([7., 2., 3., 1., 0., 0., 0., 1., 0., 0., 0., 0., 0., 1., 1.])
[2023-11-19 16:54:23,407][__main__][INFO] - epoch: 300
[2023-11-19 16:54:23,939][__main__][INFO] - alignment: tensor([7., 2., 3., 1., 0., 0., 0., 1., 0., 0., 0., 0., 0., 1., 1.])
[2023-11-19 16:54:23,939][__main__][INFO] - epoch: 310
[2023-11-19 16:54:24,569][__main__][INFO] - alignment: tensor([8., 2., 3., 1., 0., 0., 0., 1., 0., 0., 0., 0., 0., 1., 1.])
[2023-11-19 16:54:24,569][__main__][INFO] - epoch: 320
[2023-11-19 16:54:25,442][__main__][INFO] - alignment: tensor([7., 2., 2., 1., 0., 0., 0., 1., 0., 0., 0., 1., 0., 1., 1.])
[2023-11-19 16:54:25,443][__main__][INFO] - epoch: 330
[2023-11-19 16:54:26,343][__main__][INFO] - alignment: tensor([9., 2., 3., 1., 0., 0., 0., 1., 0., 0., 0., 1., 0., 1., 1.])
[2023-11-19 16:54:26,343][__main__][INFO] - epoch: 340
[2023-11-19 16:54:27,058][__main__][INFO] - alignment: tensor([9., 3., 2., 1., 0., 0., 0., 1., 0., 0., 0., 1., 0., 1., 1.])
[2023-11-19 16:54:27,058][__main__][INFO] - epoch: 350
[2023-11-19 16:54:27,630][__main__][INFO] - alignment: tensor([9., 3., 3., 1., 0., 0., 0., 1., 0., 0., 0., 1., 0., 1., 1.])
[2023-11-19 16:54:27,630][__main__][INFO] - epoch: 360
[2023-11-19 16:54:28,335][__main__][INFO] - alignment: tensor([9., 3., 2., 1., 0., 0., 0., 1., 0., 0., 0., 1., 0., 1., 1.])
[2023-11-19 16:54:28,336][__main__][INFO] - epoch: 370
[2023-11-19 16:54:28,958][__main__][INFO] - alignment: tensor([9., 3., 2., 1., 0., 0., 0., 1., 0., 0., 0., 1., 0., 1., 1.])
[2023-11-19 16:54:28,958][__main__][INFO] - epoch: 380
[2023-11-19 16:54:29,526][__main__][INFO] - alignment: tensor([9., 3., 2., 1., 0., 0., 0., 1., 0., 0., 0., 1., 0., 1., 1.])
[2023-11-19 16:54:29,526][__main__][INFO] - epoch: 390
[2023-11-19 16:54:30,117][__main__][INFO] - alignment: tensor([9., 3., 2., 1., 0., 0., 0., 1., 0., 0., 0., 1., 0., 1., 1.])
[2023-11-19 16:54:30,117][__main__][INFO] - epoch: 400
[2023-11-19 16:54:30,715][__main__][INFO] - alignment: tensor([9., 3., 2., 1., 0., 0., 0., 1., 0., 0., 0., 1., 0., 1., 1.])
[2023-11-19 16:54:30,716][__main__][INFO] - feat_thresh: 0.2
[2023-11-19 16:54:30,716][__main__][INFO] - epoch: 0
[2023-11-19 16:54:31,370][__main__][INFO] - alignment: tensor([0., 0., 0., 0., 0., 0., 0., 0., 0., 0., 0., 0., 0., 0., 0.])
[2023-11-19 16:54:31,370][__main__][INFO] - epoch: 10
[2023-11-19 16:54:31,997][__main__][INFO] - alignment: tensor([0., 0., 0., 0., 0., 0., 0., 0., 0., 0., 0., 0., 0., 0., 0.])
[2023-11-19 16:54:31,998][__main__][INFO] - epoch: 20
[2023-11-19 16:54:32,719][__main__][INFO] - alignment: tensor([0., 0., 0., 0., 0., 0., 0., 0., 0., 0., 0., 0., 0., 0., 0.])
[2023-11-19 16:54:32,720][__main__][INFO] - epoch: 30
[2023-11-19 16:54:33,310][__main__][INFO] - alignment: tensor([0., 0., 0., 0., 0., 0., 0., 0., 0., 0., 0., 0., 0., 0., 0.])
[2023-11-19 16:54:33,311][__main__][INFO] - epoch: 40
[2023-11-19 16:54:33,986][__main__][INFO] - alignment: tensor([0., 0., 0., 0., 0., 0., 0., 0., 0., 0., 0., 0., 0., 0., 0.])
[2023-11-19 16:54:33,987][__main__][INFO] - epoch: 50
[2023-11-19 16:54:34,804][__main__][INFO] - alignment: tensor([0., 0., 0., 0., 0., 0., 0., 0., 0., 0., 0., 0., 0., 0., 0.])
[2023-11-19 16:54:34,805][__main__][INFO] - epoch: 60
[2023-11-19 16:54:35,522][__main__][INFO] - alignment: tensor([0., 0., 0., 0., 0., 0., 0., 0., 0., 0., 0., 0., 0., 0., 0.])
[2023-11-19 16:54:35,523][__main__][INFO] - epoch: 70
[2023-11-19 16:54:36,158][__main__][INFO] - alignment: tensor([0., 0., 0., 0., 0., 0., 0., 0., 0., 0., 0., 0., 0., 0., 0.])
[2023-11-19 16:54:36,158][__main__][INFO] - epoch: 80
[2023-11-19 16:54:36,846][__main__][INFO] - alignment: tensor([0., 0., 0., 0., 0., 0., 0., 0., 0., 0., 0., 0., 0., 0., 0.])
[2023-11-19 16:54:36,846][__main__][INFO] - epoch: 90
[2023-11-19 16:54:37,397][__main__][INFO] - alignment: tensor([0., 0., 0., 0., 0., 0., 0., 0., 0., 0., 0., 0., 0., 0., 0.])
[2023-11-19 16:54:37,397][__main__][INFO] - epoch: 100
[2023-11-19 16:54:38,015][__main__][INFO] - alignment: tensor([0., 0., 0., 0., 0., 0., 0., 0., 0., 0., 0., 0., 0., 0., 0.])
[2023-11-19 16:54:38,015][__main__][INFO] - epoch: 110
[2023-11-19 16:54:38,636][__main__][INFO] - alignment: tensor([0., 0., 0., 0., 0., 0., 0., 0., 0., 0., 0., 0., 0., 0., 0.])
[2023-11-19 16:54:38,636][__main__][INFO] - epoch: 120
[2023-11-19 16:54:39,181][__main__][INFO] - alignment: tensor([0., 0., 0., 0., 0., 0., 0., 0., 0., 0., 0., 0., 0., 0., 0.])
[2023-11-19 16:54:39,181][__main__][INFO] - epoch: 130
[2023-11-19 16:54:39,818][__main__][INFO] - alignment: tensor([0., 0., 0., 0., 0., 0., 0., 0., 0., 0., 0., 0., 0., 0., 0.])
[2023-11-19 16:54:39,818][__main__][INFO] - epoch: 140
[2023-11-19 16:54:40,358][__main__][INFO] - alignment: tensor([0., 0., 0., 0., 0., 0., 0., 0., 0., 0., 0., 0., 0., 0., 0.])
[2023-11-19 16:54:40,358][__main__][INFO] - epoch: 150
[2023-11-19 16:54:40,990][__main__][INFO] - alignment: tensor([0., 0., 0., 0., 0., 0., 0., 0., 0., 0., 0., 0., 0., 0., 0.])
[2023-11-19 16:54:40,990][__main__][INFO] - epoch: 160
[2023-11-19 16:54:41,656][__main__][INFO] - alignment: tensor([0., 0., 0., 0., 0., 0., 0., 0., 0., 0., 0., 0., 0., 0., 0.])
[2023-11-19 16:54:41,656][__main__][INFO] - epoch: 170
[2023-11-19 16:54:42,208][__main__][INFO] - alignment: tensor([0., 0., 0., 0., 0., 0., 0., 0., 0., 0., 0., 0., 0., 0., 0.])
[2023-11-19 16:54:42,209][__main__][INFO] - epoch: 180
[2023-11-19 16:54:42,762][__main__][INFO] - alignment: tensor([0., 0., 0., 0., 0., 0., 0., 0., 0., 0., 0., 0., 0., 0., 0.])
[2023-11-19 16:54:42,762][__main__][INFO] - epoch: 190
[2023-11-19 16:54:43,321][__main__][INFO] - alignment: tensor([9., 0., 0., 0., 0., 0., 0., 0., 0., 0., 0., 0., 0., 0., 0.])
[2023-11-19 16:54:43,321][__main__][INFO] - epoch: 200
[2023-11-19 16:54:43,923][__main__][INFO] - alignment: tensor([28.,  0.,  0.,  0.,  0.,  0.,  0.,  0.,  0.,  0.,  0.,  0.,  0.,  0.,
         0.])
[2023-11-19 16:54:43,923][__main__][INFO] - epoch: 210
[2023-11-19 16:54:44,540][__main__][INFO] - alignment: tensor([22.,  0.,  0.,  0.,  0.,  0.,  0.,  0.,  0.,  0.,  0.,  0.,  0.,  0.,
         0.])
[2023-11-19 16:54:44,540][__main__][INFO] - epoch: 220
[2023-11-19 16:54:45,136][__main__][INFO] - alignment: tensor([24.,  0.,  0.,  0.,  0.,  0.,  0.,  0.,  0.,  0.,  0.,  0.,  0.,  0.,
         0.])
[2023-11-19 16:54:45,136][__main__][INFO] - epoch: 230
[2023-11-19 16:54:45,722][__main__][INFO] - alignment: tensor([22.,  2.,  2.,  0.,  0.,  0.,  0.,  0.,  0.,  0.,  0.,  0.,  0.,  0.,
         0.])
[2023-11-19 16:54:45,722][__main__][INFO] - epoch: 240
[2023-11-19 16:54:46,315][__main__][INFO] - alignment: tensor([17.,  2.,  5.,  1.,  0.,  0.,  0.,  1.,  0.,  0.,  0.,  0.,  0.,  1.,
         1.])
[2023-11-19 16:54:46,315][__main__][INFO] - epoch: 250
[2023-11-19 16:54:46,911][__main__][INFO] - alignment: tensor([16.,  2.,  4.,  1.,  0.,  0.,  0.,  1.,  0.,  0.,  0.,  0.,  0.,  1.,
         1.])
[2023-11-19 16:54:46,911][__main__][INFO] - epoch: 260
[2023-11-19 16:54:47,562][__main__][INFO] - alignment: tensor([14.,  2.,  5.,  1.,  0.,  0.,  0.,  1.,  0.,  0.,  0.,  0.,  0.,  1.,
         1.])
[2023-11-19 16:54:47,563][__main__][INFO] - epoch: 270
[2023-11-19 16:54:48,246][__main__][INFO] - alignment: tensor([15.,  2.,  5.,  1.,  0.,  0.,  0.,  1.,  0.,  0.,  0.,  0.,  0.,  1.,
         1.])
[2023-11-19 16:54:48,246][__main__][INFO] - epoch: 280
[2023-11-19 16:54:48,959][__main__][INFO] - alignment: tensor([15.,  2.,  4.,  1.,  0.,  0.,  0.,  1.,  0.,  0.,  0.,  0.,  0.,  1.,
         1.])
[2023-11-19 16:54:48,959][__main__][INFO] - epoch: 290
[2023-11-19 16:54:49,695][__main__][INFO] - alignment: tensor([14.,  3.,  4.,  1.,  1.,  0.,  0.,  1.,  0.,  0.,  0.,  0.,  0.,  1.,
         1.])
[2023-11-19 16:54:49,695][__main__][INFO] - epoch: 300
[2023-11-19 16:54:50,319][__main__][INFO] - alignment: tensor([13.,  3.,  4.,  1.,  0.,  0.,  0.,  1.,  0.,  0.,  0.,  1.,  0.,  1.,
         1.])
[2023-11-19 16:54:50,320][__main__][INFO] - epoch: 310
[2023-11-19 16:54:51,300][__main__][INFO] - alignment: tensor([12.,  4.,  4.,  1.,  0.,  0.,  0.,  1.,  0.,  0.,  0.,  1.,  0.,  1.,
         1.])
[2023-11-19 16:54:51,300][__main__][INFO] - epoch: 320
[2023-11-19 16:54:52,008][__main__][INFO] - alignment: tensor([12.,  5.,  4.,  1.,  0.,  0.,  0.,  1.,  0.,  0.,  0.,  1.,  0.,  1.,
         1.])
[2023-11-19 16:54:52,008][__main__][INFO] - epoch: 330
[2023-11-19 16:54:52,621][__main__][INFO] - alignment: tensor([12.,  4.,  4.,  1.,  0.,  0.,  0.,  1.,  0.,  0.,  0.,  1.,  0.,  1.,
         1.])
[2023-11-19 16:54:52,621][__main__][INFO] - epoch: 340
[2023-11-19 16:54:53,332][__main__][INFO] - alignment: tensor([12.,  5.,  4.,  1.,  0.,  1.,  0.,  1.,  0.,  0.,  0.,  1.,  0.,  1.,
         1.])
[2023-11-19 16:54:53,333][__main__][INFO] - epoch: 350
[2023-11-19 16:54:53,969][__main__][INFO] - alignment: tensor([10.,  5.,  4.,  1.,  0.,  1.,  0.,  1.,  0.,  0.,  0.,  1.,  0.,  1.,
         1.])
[2023-11-19 16:54:53,969][__main__][INFO] - epoch: 360
[2023-11-19 16:54:54,586][__main__][INFO] - alignment: tensor([11.,  5.,  4.,  1.,  0.,  1.,  0.,  1.,  0.,  0.,  0.,  1.,  0.,  1.,
         1.])
[2023-11-19 16:54:54,587][__main__][INFO] - epoch: 370
[2023-11-19 16:54:55,103][__main__][INFO] - alignment: tensor([11.,  5.,  4.,  1.,  0.,  1.,  0.,  1.,  0.,  0.,  0.,  1.,  0.,  1.,
         1.])
[2023-11-19 16:54:55,103][__main__][INFO] - epoch: 380
[2023-11-19 16:54:55,639][__main__][INFO] - alignment: tensor([11.,  5.,  4.,  1.,  0.,  1.,  0.,  1.,  0.,  0.,  0.,  1.,  0.,  1.,
         1.])
[2023-11-19 16:54:55,639][__main__][INFO] - epoch: 390
[2023-11-19 16:54:56,152][__main__][INFO] - alignment: tensor([10.,  5.,  4.,  1.,  0.,  1.,  0.,  1.,  0.,  0.,  0.,  1.,  0.,  1.,
         1.])
[2023-11-19 16:54:56,152][__main__][INFO] - epoch: 400
[2023-11-19 16:54:56,860][__main__][INFO] - alignment: tensor([10.,  5.,  4.,  1.,  0.,  1.,  0.,  1.,  0.,  0.,  0.,  1.,  0.,  1.,
         1.])
[2023-11-19 16:54:56,860][__main__][INFO] - feat_thresh: 0.3
[2023-11-19 16:54:56,860][__main__][INFO] - epoch: 0
[2023-11-19 16:54:57,488][__main__][INFO] - alignment: tensor([0., 0., 0., 0., 0., 0., 0., 0., 0., 0., 0., 0., 0., 0., 0.])
[2023-11-19 16:54:57,488][__main__][INFO] - epoch: 10
[2023-11-19 16:54:58,081][__main__][INFO] - alignment: tensor([0., 0., 0., 0., 0., 0., 0., 0., 0., 0., 0., 0., 0., 0., 0.])
[2023-11-19 16:54:58,082][__main__][INFO] - epoch: 20
[2023-11-19 16:54:58,696][__main__][INFO] - alignment: tensor([0., 0., 0., 0., 0., 0., 0., 0., 0., 0., 0., 0., 0., 0., 0.])
[2023-11-19 16:54:58,697][__main__][INFO] - epoch: 30
[2023-11-19 16:54:59,653][__main__][INFO] - alignment: tensor([0., 0., 0., 0., 0., 0., 0., 0., 0., 0., 0., 0., 0., 0., 0.])
[2023-11-19 16:54:59,653][__main__][INFO] - epoch: 40
[2023-11-19 16:55:00,276][__main__][INFO] - alignment: tensor([0., 0., 0., 0., 0., 0., 0., 0., 0., 0., 0., 0., 0., 0., 0.])
[2023-11-19 16:55:00,276][__main__][INFO] - epoch: 50
[2023-11-19 16:55:00,975][__main__][INFO] - alignment: tensor([0., 0., 0., 0., 0., 0., 0., 0., 0., 0., 0., 0., 0., 0., 0.])
[2023-11-19 16:55:00,975][__main__][INFO] - epoch: 60
[2023-11-19 16:55:01,780][__main__][INFO] - alignment: tensor([0., 0., 0., 0., 0., 0., 0., 0., 0., 0., 0., 0., 0., 0., 0.])
[2023-11-19 16:55:01,781][__main__][INFO] - epoch: 70
[2023-11-19 16:55:02,442][__main__][INFO] - alignment: tensor([0., 0., 0., 0., 0., 0., 0., 0., 0., 0., 0., 0., 0., 0., 0.])
[2023-11-19 16:55:02,442][__main__][INFO] - epoch: 80
[2023-11-19 16:55:03,218][__main__][INFO] - alignment: tensor([0., 0., 0., 0., 0., 0., 0., 0., 0., 0., 0., 0., 0., 0., 0.])
[2023-11-19 16:55:03,218][__main__][INFO] - epoch: 90
[2023-11-19 16:55:03,858][__main__][INFO] - alignment: tensor([0., 0., 0., 0., 0., 0., 0., 0., 0., 0., 0., 0., 0., 0., 0.])
[2023-11-19 16:55:03,858][__main__][INFO] - epoch: 100
[2023-11-19 16:55:04,524][__main__][INFO] - alignment: tensor([0., 0., 0., 0., 0., 0., 0., 0., 0., 0., 0., 0., 0., 0., 0.])
[2023-11-19 16:55:04,524][__main__][INFO] - epoch: 110
[2023-11-19 16:55:05,161][__main__][INFO] - alignment: tensor([0., 0., 0., 0., 0., 0., 0., 0., 0., 0., 0., 0., 0., 0., 0.])
[2023-11-19 16:55:05,162][__main__][INFO] - epoch: 120
[2023-11-19 16:55:05,890][__main__][INFO] - alignment: tensor([0., 0., 0., 0., 0., 0., 0., 0., 0., 0., 0., 0., 0., 0., 0.])
[2023-11-19 16:55:05,891][__main__][INFO] - epoch: 130
[2023-11-19 16:55:06,696][__main__][INFO] - alignment: tensor([0., 0., 0., 0., 0., 0., 0., 0., 0., 0., 0., 0., 0., 0., 0.])
[2023-11-19 16:55:06,696][__main__][INFO] - epoch: 140
[2023-11-19 16:55:07,412][__main__][INFO] - alignment: tensor([0., 0., 0., 0., 0., 0., 0., 0., 0., 0., 0., 0., 0., 0., 0.])
[2023-11-19 16:55:07,412][__main__][INFO] - epoch: 150
[2023-11-19 16:55:08,048][__main__][INFO] - alignment: tensor([0., 0., 0., 0., 0., 0., 0., 0., 0., 0., 0., 0., 0., 0., 0.])
[2023-11-19 16:55:08,048][__main__][INFO] - epoch: 160
[2023-11-19 16:55:08,619][__main__][INFO] - alignment: tensor([1., 0., 0., 0., 0., 0., 0., 0., 0., 0., 0., 0., 0., 0., 0.])
[2023-11-19 16:55:08,619][__main__][INFO] - epoch: 170
[2023-11-19 16:55:09,260][__main__][INFO] - alignment: tensor([3., 0., 0., 0., 0., 0., 0., 0., 0., 0., 0., 0., 0., 0., 0.])
[2023-11-19 16:55:09,261][__main__][INFO] - epoch: 180
[2023-11-19 16:55:09,825][__main__][INFO] - alignment: tensor([19.,  0.,  0.,  0.,  0.,  0.,  0.,  0.,  0.,  0.,  0.,  0.,  0.,  0.,
         0.])
[2023-11-19 16:55:09,825][__main__][INFO] - epoch: 190
[2023-11-19 16:55:10,434][__main__][INFO] - alignment: tensor([43.,  0.,  0.,  0.,  0.,  0.,  0.,  0.,  0.,  0.,  0.,  0.,  0.,  0.,
         0.])
[2023-11-19 16:55:10,434][__main__][INFO] - epoch: 200
[2023-11-19 16:55:11,015][__main__][INFO] - alignment: tensor([58.,  0.,  0.,  0.,  0.,  0.,  0.,  0.,  0.,  0.,  0.,  0.,  0.,  0.,
         0.])
[2023-11-19 16:55:11,015][__main__][INFO] - epoch: 210
[2023-11-19 16:55:11,592][__main__][INFO] - alignment: tensor([61.,  0.,  0.,  0.,  0.,  0.,  0.,  0.,  0.,  0.,  0.,  0.,  0.,  0.,
         0.])
[2023-11-19 16:55:11,592][__main__][INFO] - epoch: 220
[2023-11-19 16:55:12,206][__main__][INFO] - alignment: tensor([56.,  1.,  0.,  0.,  0.,  0.,  0.,  0.,  0.,  0.,  0.,  0.,  0.,  0.,
         1.])
[2023-11-19 16:55:12,206][__main__][INFO] - epoch: 230
[2023-11-19 16:55:12,764][__main__][INFO] - alignment: tensor([50.,  2.,  6.,  1.,  0.,  0.,  0.,  1.,  0.,  0.,  0.,  0.,  0.,  0.,
         1.])
[2023-11-19 16:55:12,764][__main__][INFO] - epoch: 240
[2023-11-19 16:55:13,359][__main__][INFO] - alignment: tensor([39.,  2.,  5.,  1.,  0.,  0.,  0.,  1.,  0.,  0.,  0.,  0.,  0.,  1.,
         1.])
[2023-11-19 16:55:13,359][__main__][INFO] - epoch: 250
[2023-11-19 16:55:13,941][__main__][INFO] - alignment: tensor([31.,  3.,  8.,  1.,  0.,  0.,  0.,  1.,  0.,  0.,  0.,  0.,  0.,  1.,
         1.])
[2023-11-19 16:55:13,941][__main__][INFO] - epoch: 260
[2023-11-19 16:55:14,648][__main__][INFO] - alignment: tensor([30.,  3.,  8.,  1.,  0.,  0.,  0.,  1.,  0.,  0.,  0.,  0.,  0.,  1.,
         1.])
[2023-11-19 16:55:14,649][__main__][INFO] - epoch: 270
[2023-11-19 16:55:15,279][__main__][INFO] - alignment: tensor([27.,  3.,  6.,  1.,  0.,  0.,  0.,  1.,  0.,  0.,  0.,  1.,  0.,  1.,
         1.])
[2023-11-19 16:55:15,280][__main__][INFO] - epoch: 280
[2023-11-19 16:55:15,894][__main__][INFO] - alignment: tensor([29.,  3.,  6.,  1.,  2.,  0.,  0.,  1.,  0.,  0.,  0.,  1.,  0.,  1.,
         1.])
[2023-11-19 16:55:15,894][__main__][INFO] - epoch: 290
[2023-11-19 16:55:16,515][__main__][INFO] - alignment: tensor([26.,  3.,  5.,  1.,  2.,  0.,  0.,  1.,  0.,  0.,  0.,  1.,  0.,  1.,
         1.])
[2023-11-19 16:55:16,515][__main__][INFO] - epoch: 300
[2023-11-19 16:55:17,141][__main__][INFO] - alignment: tensor([25.,  5.,  5.,  1.,  2.,  0.,  0.,  1.,  0.,  0.,  0.,  1.,  0.,  1.,
         1.])
[2023-11-19 16:55:17,142][__main__][INFO] - epoch: 310
[2023-11-19 16:55:17,849][__main__][INFO] - alignment: tensor([25.,  5.,  4.,  1.,  2.,  0.,  0.,  1.,  0.,  0.,  0.,  1.,  0.,  1.,
         1.])
[2023-11-19 16:55:17,850][__main__][INFO] - epoch: 320
[2023-11-19 16:55:18,415][__main__][INFO] - alignment: tensor([23.,  5.,  4.,  1.,  2.,  1.,  0.,  1.,  0.,  0.,  0.,  1.,  0.,  1.,
         1.])
[2023-11-19 16:55:18,415][__main__][INFO] - epoch: 330
[2023-11-19 16:55:19,030][__main__][INFO] - alignment: tensor([22.,  5.,  4.,  1.,  2.,  1.,  0.,  1.,  0.,  0.,  0.,  1.,  0.,  1.,
         1.])
[2023-11-19 16:55:19,030][__main__][INFO] - epoch: 340
[2023-11-19 16:55:19,704][__main__][INFO] - alignment: tensor([21.,  5.,  4.,  1.,  2.,  1.,  0.,  1.,  0.,  0.,  0.,  1.,  0.,  1.,
         1.])
[2023-11-19 16:55:19,705][__main__][INFO] - epoch: 350
[2023-11-19 16:55:20,561][__main__][INFO] - alignment: tensor([20.,  5.,  4.,  1.,  2.,  1.,  0.,  1.,  0.,  0.,  0.,  1.,  0.,  1.,
         1.])
[2023-11-19 16:55:20,561][__main__][INFO] - epoch: 360
[2023-11-19 16:55:21,226][__main__][INFO] - alignment: tensor([19.,  5.,  4.,  1.,  2.,  1.,  0.,  1.,  0.,  0.,  0.,  1.,  0.,  1.,
         1.])
[2023-11-19 16:55:21,226][__main__][INFO] - epoch: 370
[2023-11-19 16:55:21,767][__main__][INFO] - alignment: tensor([19.,  5.,  5.,  1.,  2.,  1.,  0.,  1.,  0.,  0.,  0.,  1.,  0.,  1.,
         1.])
[2023-11-19 16:55:21,767][__main__][INFO] - epoch: 380
[2023-11-19 16:55:22,435][__main__][INFO] - alignment: tensor([18.,  5.,  4.,  1.,  2.,  1.,  0.,  1.,  0.,  0.,  0.,  1.,  0.,  1.,
         1.])
[2023-11-19 16:55:22,435][__main__][INFO] - epoch: 390
[2023-11-19 16:55:23,039][__main__][INFO] - alignment: tensor([18.,  5.,  4.,  1.,  2.,  1.,  0.,  1.,  0.,  0.,  0.,  1.,  0.,  1.,
         1.])
[2023-11-19 16:55:23,039][__main__][INFO] - epoch: 400
[2023-11-19 16:55:23,601][__main__][INFO] - alignment: tensor([18.,  5.,  4.,  1.,  2.,  1.,  0.,  1.,  0.,  0.,  0.,  1.,  0.,  1.,
         1.])
[2023-11-19 16:55:23,710][__main__][INFO] - Training losses plot: train_losses.png
[2023-11-19 16:55:23,964][__main__][INFO] - Accuracies plot: accuracies.png
