[2023-11-18 19:06:15,484][hydra.utils][INFO] - Logging from main
[2023-11-18 19:46:23,355][__main__][INFO] - Model weights saved at: model.pt
[2023-11-18 19:46:23,386][__main__][INFO] - Training accuracy: 1.0
[2023-11-18 19:46:23,386][__main__][INFO] - Testing accuracy: 0.9385
[2023-11-18 19:46:23,386][__main__][INFO] - feat_thresh: 0.1
[2023-11-18 19:46:23,386][__main__][INFO] - epoch: 0
[2023-11-18 19:46:25,131][__main__][INFO] - alignment: tensor([0., 0., 0., 0., 0., 0., 0., 0., 0., 0., 0., 0., 0., 0., 0.])
[2023-11-18 19:46:25,131][__main__][INFO] - epoch: 10
[2023-11-18 19:46:26,590][__main__][INFO] - alignment: tensor([0., 0., 0., 0., 0., 0., 0., 0., 0., 0., 0., 0., 0., 0., 0.])
[2023-11-18 19:46:26,590][__main__][INFO] - epoch: 20
[2023-11-18 19:46:27,865][__main__][INFO] - alignment: tensor([0., 0., 0., 0., 0., 0., 0., 0., 0., 0., 0., 0., 0., 0., 0.])
[2023-11-18 19:46:27,865][__main__][INFO] - epoch: 30
[2023-11-18 19:46:29,620][__main__][INFO] - alignment: tensor([0., 0., 0., 0., 0., 0., 0., 0., 0., 0., 0., 0., 0., 0., 0.])
[2023-11-18 19:46:29,621][__main__][INFO] - epoch: 40
[2023-11-18 19:46:30,934][__main__][INFO] - alignment: tensor([0., 0., 0., 0., 0., 0., 0., 0., 0., 0., 0., 0., 0., 0., 0.])
[2023-11-18 19:46:30,934][__main__][INFO] - epoch: 50
[2023-11-18 19:46:32,385][__main__][INFO] - alignment: tensor([0., 0., 0., 0., 0., 0., 0., 0., 0., 0., 0., 0., 0., 0., 0.])
[2023-11-18 19:46:32,385][__main__][INFO] - epoch: 60
[2023-11-18 19:46:33,871][__main__][INFO] - alignment: tensor([0., 0., 0., 0., 0., 0., 0., 0., 0., 0., 0., 0., 0., 0., 0.])
[2023-11-18 19:46:33,871][__main__][INFO] - epoch: 70
[2023-11-18 19:46:35,301][__main__][INFO] - alignment: tensor([0., 0., 0., 0., 0., 0., 0., 0., 0., 0., 0., 0., 0., 0., 0.])
[2023-11-18 19:46:35,302][__main__][INFO] - epoch: 80
[2023-11-18 19:46:36,682][__main__][INFO] - alignment: tensor([0., 0., 0., 0., 0., 0., 0., 0., 0., 0., 0., 0., 0., 0., 0.])
[2023-11-18 19:46:36,683][__main__][INFO] - epoch: 90
[2023-11-18 19:46:38,193][__main__][INFO] - alignment: tensor([0., 0., 0., 0., 0., 0., 0., 0., 0., 0., 0., 0., 0., 0., 0.])
[2023-11-18 19:46:38,194][__main__][INFO] - epoch: 100
[2023-11-18 19:46:39,579][__main__][INFO] - alignment: tensor([0., 0., 0., 0., 0., 0., 0., 0., 0., 0., 0., 0., 0., 0., 0.])
[2023-11-18 19:46:39,579][__main__][INFO] - epoch: 110
[2023-11-18 19:46:41,575][__main__][INFO] - alignment: tensor([0., 0., 0., 0., 0., 0., 0., 0., 0., 0., 0., 0., 0., 0., 0.])
[2023-11-18 19:46:41,575][__main__][INFO] - epoch: 120
[2023-11-18 19:46:43,384][__main__][INFO] - alignment: tensor([0., 0., 0., 0., 0., 0., 0., 0., 0., 0., 0., 0., 0., 0., 0.])
[2023-11-18 19:46:43,384][__main__][INFO] - epoch: 130
[2023-11-18 19:46:44,963][__main__][INFO] - alignment: tensor([0., 0., 0., 0., 0., 0., 0., 0., 0., 0., 0., 0., 0., 0., 0.])
[2023-11-18 19:46:44,964][__main__][INFO] - epoch: 140
[2023-11-18 19:46:46,570][__main__][INFO] - alignment: tensor([0., 0., 0., 0., 0., 0., 0., 0., 0., 0., 0., 0., 0., 0., 0.])
[2023-11-18 19:46:46,571][__main__][INFO] - epoch: 150
[2023-11-18 19:46:48,089][__main__][INFO] - alignment: tensor([1., 0., 0., 0., 0., 0., 0., 0., 0., 0., 0., 0., 0., 0., 0.])
[2023-11-18 19:46:48,089][__main__][INFO] - epoch: 160
[2023-11-18 19:46:49,352][__main__][INFO] - alignment: tensor([1., 0., 0., 0., 0., 0., 0., 0., 0., 0., 0., 0., 0., 0., 0.])
[2023-11-18 19:46:49,352][__main__][INFO] - epoch: 170
[2023-11-18 19:46:50,726][__main__][INFO] - alignment: tensor([1., 0., 0., 0., 0., 0., 0., 0., 0., 0., 0., 0., 0., 0., 0.])
[2023-11-18 19:46:50,727][__main__][INFO] - epoch: 180
[2023-11-18 19:46:52,355][__main__][INFO] - alignment: tensor([7., 0., 0., 0., 0., 0., 0., 0., 0., 0., 0., 0., 0., 0., 0.])
[2023-11-18 19:46:52,356][__main__][INFO] - epoch: 190
[2023-11-18 19:46:54,123][__main__][INFO] - alignment: tensor([18.,  0.,  0.,  0.,  0.,  0.,  0.,  0.,  0.,  0.,  0.,  0.,  0.,  0.,
         0.])
[2023-11-18 19:46:54,124][__main__][INFO] - epoch: 200
[2023-11-18 19:46:55,955][__main__][INFO] - alignment: tensor([20.,  2.,  1.,  0.,  0.,  0.,  0.,  0.,  0.,  0.,  0.,  0.,  0.,  0.,
         0.])
[2023-11-18 19:46:55,955][__main__][INFO] - epoch: 210
[2023-11-18 19:46:57,628][__main__][INFO] - alignment: tensor([17.,  2.,  1.,  0.,  0.,  0.,  0.,  0.,  0.,  0.,  0.,  0.,  0.,  0.,
         1.])
[2023-11-18 19:46:57,628][__main__][INFO] - epoch: 220
[2023-11-18 19:46:59,245][__main__][INFO] - alignment: tensor([13.,  2.,  1.,  0.,  0.,  0.,  0.,  0.,  0.,  0.,  0.,  0.,  0.,  0.,
         1.])
[2023-11-18 19:46:59,245][__main__][INFO] - epoch: 230
[2023-11-18 19:47:00,948][__main__][INFO] - alignment: tensor([11.,  2.,  1.,  0.,  0.,  0.,  0.,  0.,  0.,  0.,  0.,  0.,  0.,  0.,
         1.])
[2023-11-18 19:47:00,948][__main__][INFO] - epoch: 240
[2023-11-18 19:47:02,385][__main__][INFO] - alignment: tensor([8., 2., 1., 0., 0., 0., 0., 0., 0., 0., 0., 1., 0., 0., 1.])
[2023-11-18 19:47:02,386][__main__][INFO] - epoch: 250
[2023-11-18 19:47:03,776][__main__][INFO] - alignment: tensor([9., 3., 1., 0., 0., 0., 0., 0., 0., 0., 0., 1., 0., 0., 1.])
[2023-11-18 19:47:03,777][__main__][INFO] - epoch: 260
[2023-11-18 19:47:05,066][__main__][INFO] - alignment: tensor([9., 3., 1., 0., 0., 0., 1., 0., 0., 0., 0., 1., 1., 0., 1.])
[2023-11-18 19:47:05,066][__main__][INFO] - epoch: 270
[2023-11-18 19:47:06,441][__main__][INFO] - alignment: tensor([8., 2., 1., 0., 0., 0., 1., 0., 0., 0., 0., 1., 0., 1., 1.])
[2023-11-18 19:47:06,441][__main__][INFO] - epoch: 280
[2023-11-18 19:47:08,080][__main__][INFO] - alignment: tensor([7., 3., 1., 0., 0., 0., 1., 0., 0., 0., 0., 1., 0., 1., 1.])
[2023-11-18 19:47:08,080][__main__][INFO] - epoch: 290
[2023-11-18 19:47:09,544][__main__][INFO] - alignment: tensor([7., 3., 1., 0., 0., 0., 1., 0., 0., 0., 0., 1., 1., 1., 1.])
[2023-11-18 19:47:09,545][__main__][INFO] - epoch: 300
[2023-11-18 19:47:10,988][__main__][INFO] - alignment: tensor([5., 3., 1., 0., 0., 0., 0., 0., 0., 0., 0., 1., 1., 1., 1.])
[2023-11-18 19:47:10,988][__main__][INFO] - epoch: 310
[2023-11-18 19:47:12,757][__main__][INFO] - alignment: tensor([5., 3., 1., 0., 0., 0., 0., 0., 0., 0., 0., 1., 1., 1., 1.])
[2023-11-18 19:47:12,758][__main__][INFO] - epoch: 320
[2023-11-18 19:47:14,403][__main__][INFO] - alignment: tensor([6., 3., 1., 0., 0., 0., 0., 0., 0., 0., 0., 1., 1., 1., 1.])
[2023-11-18 19:47:14,403][__main__][INFO] - epoch: 330
[2023-11-18 19:47:15,740][__main__][INFO] - alignment: tensor([6., 3., 1., 0., 0., 0., 1., 0., 0., 0., 0., 1., 1., 1., 1.])
[2023-11-18 19:47:15,740][__main__][INFO] - epoch: 340
[2023-11-18 19:47:17,131][__main__][INFO] - alignment: tensor([5., 3., 1., 0., 0., 0., 0., 0., 0., 0., 0., 1., 1., 0., 1.])
[2023-11-18 19:47:17,132][__main__][INFO] - epoch: 350
[2023-11-18 19:47:18,395][__main__][INFO] - alignment: tensor([6., 3., 1., 0., 0., 0., 1., 0., 0., 0., 0., 1., 1., 1., 1.])
[2023-11-18 19:47:18,395][__main__][INFO] - epoch: 360
[2023-11-18 19:47:19,773][__main__][INFO] - alignment: tensor([6., 3., 1., 0., 0., 0., 1., 0., 0., 0., 0., 1., 1., 1., 1.])
[2023-11-18 19:47:19,773][__main__][INFO] - feat_thresh: 0.2
[2023-11-18 19:47:19,773][__main__][INFO] - epoch: 0
[2023-11-18 19:47:21,036][__main__][INFO] - alignment: tensor([0., 0., 0., 0., 0., 0., 0., 0., 0., 0., 0., 0., 0., 0., 0.])
[2023-11-18 19:47:21,036][__main__][INFO] - epoch: 10
[2023-11-18 19:47:22,398][__main__][INFO] - alignment: tensor([0., 0., 0., 0., 0., 0., 0., 0., 0., 0., 0., 0., 0., 0., 0.])
[2023-11-18 19:47:22,398][__main__][INFO] - epoch: 20
[2023-11-18 19:47:24,064][__main__][INFO] - alignment: tensor([0., 0., 0., 0., 0., 0., 0., 0., 0., 0., 0., 0., 0., 0., 0.])
[2023-11-18 19:47:24,064][__main__][INFO] - epoch: 30
[2023-11-18 19:47:25,680][__main__][INFO] - alignment: tensor([0., 0., 0., 0., 0., 0., 0., 0., 0., 0., 0., 0., 0., 0., 0.])
[2023-11-18 19:47:25,681][__main__][INFO] - epoch: 40
[2023-11-18 19:47:27,240][__main__][INFO] - alignment: tensor([0., 0., 0., 0., 0., 0., 0., 0., 0., 0., 0., 0., 0., 0., 0.])
[2023-11-18 19:47:27,241][__main__][INFO] - epoch: 50
[2023-11-18 19:47:28,749][__main__][INFO] - alignment: tensor([0., 0., 0., 0., 0., 0., 0., 0., 0., 0., 0., 0., 0., 0., 0.])
[2023-11-18 19:47:28,749][__main__][INFO] - epoch: 60
[2023-11-18 19:47:30,269][__main__][INFO] - alignment: tensor([0., 0., 0., 0., 0., 0., 0., 0., 0., 0., 0., 0., 0., 0., 0.])
[2023-11-18 19:47:30,269][__main__][INFO] - epoch: 70
[2023-11-18 19:47:31,683][__main__][INFO] - alignment: tensor([0., 0., 0., 0., 0., 0., 0., 0., 0., 0., 0., 0., 0., 0., 0.])
[2023-11-18 19:47:31,683][__main__][INFO] - epoch: 80
[2023-11-18 19:47:33,398][__main__][INFO] - alignment: tensor([0., 0., 0., 0., 0., 0., 0., 0., 0., 0., 0., 0., 0., 0., 0.])
[2023-11-18 19:47:33,398][__main__][INFO] - epoch: 90
[2023-11-18 19:47:34,808][__main__][INFO] - alignment: tensor([0., 0., 0., 0., 0., 0., 0., 0., 0., 0., 0., 0., 0., 0., 0.])
[2023-11-18 19:47:34,808][__main__][INFO] - epoch: 100
[2023-11-18 19:47:36,472][__main__][INFO] - alignment: tensor([0., 0., 0., 0., 0., 0., 0., 0., 0., 0., 0., 0., 0., 0., 0.])
[2023-11-18 19:47:36,472][__main__][INFO] - epoch: 110
[2023-11-18 19:47:37,898][__main__][INFO] - alignment: tensor([0., 0., 0., 0., 0., 0., 0., 0., 0., 0., 0., 0., 0., 0., 0.])
[2023-11-18 19:47:37,898][__main__][INFO] - epoch: 120
[2023-11-18 19:47:39,419][__main__][INFO] - alignment: tensor([0., 0., 0., 0., 0., 0., 0., 0., 0., 0., 0., 0., 0., 0., 0.])
[2023-11-18 19:47:39,419][__main__][INFO] - epoch: 130
[2023-11-18 19:47:40,765][__main__][INFO] - alignment: tensor([0., 0., 0., 0., 0., 0., 0., 0., 0., 0., 0., 0., 0., 0., 0.])
[2023-11-18 19:47:40,765][__main__][INFO] - epoch: 140
[2023-11-18 19:47:42,133][__main__][INFO] - alignment: tensor([3., 0., 0., 0., 0., 0., 0., 0., 0., 0., 0., 0., 0., 0., 0.])
[2023-11-18 19:47:42,133][__main__][INFO] - epoch: 150
[2023-11-18 19:47:43,384][__main__][INFO] - alignment: tensor([9., 0., 0., 0., 0., 0., 0., 0., 0., 0., 0., 0., 0., 0., 0.])
[2023-11-18 19:47:43,385][__main__][INFO] - epoch: 160
[2023-11-18 19:47:44,693][__main__][INFO] - alignment: tensor([17.,  0.,  0.,  0.,  0.,  0.,  0.,  0.,  0.,  0.,  0.,  0.,  0.,  0.,
         0.])
[2023-11-18 19:47:44,693][__main__][INFO] - epoch: 170
[2023-11-18 19:47:46,349][__main__][INFO] - alignment: tensor([31.,  0.,  0.,  0.,  0.,  0.,  0.,  0.,  0.,  0.,  0.,  0.,  0.,  0.,
         0.])
[2023-11-18 19:47:46,350][__main__][INFO] - epoch: 180
[2023-11-18 19:47:47,718][__main__][INFO] - alignment: tensor([45.,  0.,  0.,  0.,  0.,  0.,  0.,  0.,  0.,  0.,  0.,  0.,  0.,  0.,
         0.])
[2023-11-18 19:47:47,719][__main__][INFO] - epoch: 190
[2023-11-18 19:47:49,080][__main__][INFO] - alignment: tensor([57.,  2.,  1.,  0.,  0.,  0.,  0.,  0.,  0.,  0.,  0.,  0.,  0.,  0.,
         1.])
[2023-11-18 19:47:49,081][__main__][INFO] - epoch: 200
[2023-11-18 19:47:50,413][__main__][INFO] - alignment: tensor([50.,  2.,  1.,  0.,  0.,  0.,  0.,  0.,  0.,  0.,  0.,  0.,  0.,  0.,
         1.])
[2023-11-18 19:47:50,413][__main__][INFO] - epoch: 210
[2023-11-18 19:47:51,729][__main__][INFO] - alignment: tensor([43.,  2.,  1.,  0.,  0.,  0.,  0.,  0.,  0.,  0.,  0.,  1.,  0.,  0.,
         1.])
[2023-11-18 19:47:51,729][__main__][INFO] - epoch: 220
[2023-11-18 19:47:53,125][__main__][INFO] - alignment: tensor([32.,  2.,  1.,  0.,  0.,  0.,  0.,  0.,  0.,  0.,  0.,  1.,  0.,  0.,
         1.])
[2023-11-18 19:47:53,126][__main__][INFO] - epoch: 230
[2023-11-18 19:47:54,448][__main__][INFO] - alignment: tensor([26.,  3.,  1.,  0.,  0.,  0.,  0.,  0.,  0.,  0.,  0.,  1.,  0.,  0.,
         1.])
[2023-11-18 19:47:54,449][__main__][INFO] - epoch: 240
[2023-11-18 19:47:55,679][__main__][INFO] - alignment: tensor([25.,  3.,  1.,  2.,  0.,  0.,  0.,  0.,  0.,  0.,  0.,  1.,  0.,  0.,
         1.])
[2023-11-18 19:47:55,679][__main__][INFO] - epoch: 250
[2023-11-18 19:47:56,917][__main__][INFO] - alignment: tensor([24.,  3.,  1.,  2.,  0.,  0.,  0.,  0.,  0.,  0.,  0.,  1.,  1.,  1.,
         1.])
[2023-11-18 19:47:56,917][__main__][INFO] - epoch: 260
[2023-11-18 19:47:58,412][__main__][INFO] - alignment: tensor([22.,  3.,  1.,  1.,  0.,  0.,  1.,  0.,  0.,  0.,  1.,  1.,  1.,  1.,
         1.])
[2023-11-18 19:47:58,412][__main__][INFO] - epoch: 270
[2023-11-18 19:47:59,806][__main__][INFO] - alignment: tensor([18.,  3.,  1.,  0.,  0.,  0.,  1.,  0.,  0.,  0.,  1.,  1.,  1.,  1.,
         1.])
[2023-11-18 19:47:59,807][__main__][INFO] - epoch: 280
[2023-11-18 19:48:01,384][__main__][INFO] - alignment: tensor([19.,  3.,  1.,  1.,  0.,  0.,  1.,  0.,  0.,  0.,  1.,  1.,  1.,  1.,
         1.])
[2023-11-18 19:48:01,384][__main__][INFO] - epoch: 290
[2023-11-18 19:48:02,915][__main__][INFO] - alignment: tensor([19.,  3.,  1.,  1.,  0.,  0.,  1.,  0.,  0.,  0.,  1.,  1.,  1.,  1.,
         1.])
[2023-11-18 19:48:02,915][__main__][INFO] - epoch: 300
[2023-11-18 19:48:04,313][__main__][INFO] - alignment: tensor([17.,  3.,  1.,  1.,  0.,  0.,  1.,  0.,  0.,  0.,  1.,  1.,  1.,  1.,
         1.])
[2023-11-18 19:48:04,314][__main__][INFO] - epoch: 310
[2023-11-18 19:48:05,640][__main__][INFO] - alignment: tensor([16.,  3.,  1.,  1.,  0.,  0.,  1.,  0.,  0.,  0.,  1.,  1.,  1.,  1.,
         1.])
[2023-11-18 19:48:05,640][__main__][INFO] - epoch: 320
[2023-11-18 19:48:06,879][__main__][INFO] - alignment: tensor([16.,  3.,  1.,  1.,  0.,  0.,  1.,  0.,  0.,  0.,  1.,  1.,  1.,  1.,
         1.])
[2023-11-18 19:48:06,879][__main__][INFO] - epoch: 330
[2023-11-18 19:48:08,125][__main__][INFO] - alignment: tensor([16.,  3.,  1.,  1.,  0.,  0.,  1.,  1.,  0.,  0.,  1.,  1.,  1.,  1.,
         1.])
[2023-11-18 19:48:08,126][__main__][INFO] - epoch: 340
[2023-11-18 19:48:09,610][__main__][INFO] - alignment: tensor([16.,  3.,  1.,  1.,  0.,  0.,  1.,  1.,  0.,  0.,  1.,  1.,  1.,  1.,
         1.])
[2023-11-18 19:48:09,610][__main__][INFO] - epoch: 350
[2023-11-18 19:48:11,019][__main__][INFO] - alignment: tensor([14.,  3.,  1.,  1.,  1.,  0.,  1.,  1.,  0.,  0.,  1.,  1.,  1.,  1.,
         1.])
[2023-11-18 19:48:11,020][__main__][INFO] - epoch: 360
[2023-11-18 19:48:12,329][__main__][INFO] - alignment: tensor([14.,  3.,  1.,  1.,  1.,  0.,  1.,  1.,  0.,  0.,  1.,  1.,  1.,  1.,
         1.])
[2023-11-18 19:48:12,329][__main__][INFO] - feat_thresh: 0.3
[2023-11-18 19:48:12,330][__main__][INFO] - epoch: 0
[2023-11-18 19:48:13,737][__main__][INFO] - alignment: tensor([0., 0., 0., 0., 0., 0., 0., 0., 0., 0., 0., 0., 0., 0., 0.])
[2023-11-18 19:48:13,737][__main__][INFO] - epoch: 10
[2023-11-18 19:48:15,002][__main__][INFO] - alignment: tensor([0., 0., 0., 0., 0., 0., 0., 0., 0., 0., 0., 0., 0., 0., 0.])
[2023-11-18 19:48:15,002][__main__][INFO] - epoch: 20
[2023-11-18 19:48:16,251][__main__][INFO] - alignment: tensor([0., 0., 0., 0., 0., 0., 0., 0., 0., 0., 0., 0., 0., 0., 0.])
[2023-11-18 19:48:16,251][__main__][INFO] - epoch: 30
[2023-11-18 19:48:17,505][__main__][INFO] - alignment: tensor([0., 0., 0., 0., 0., 0., 0., 0., 0., 0., 0., 0., 0., 0., 0.])
[2023-11-18 19:48:17,505][__main__][INFO] - epoch: 40
[2023-11-18 19:48:18,763][__main__][INFO] - alignment: tensor([0., 0., 0., 0., 0., 0., 0., 0., 0., 0., 0., 0., 0., 0., 0.])
[2023-11-18 19:48:18,763][__main__][INFO] - epoch: 50
[2023-11-18 19:48:20,112][__main__][INFO] - alignment: tensor([0., 0., 0., 0., 0., 0., 0., 0., 0., 0., 0., 0., 0., 0., 0.])
[2023-11-18 19:48:20,113][__main__][INFO] - epoch: 60
[2023-11-18 19:48:21,349][__main__][INFO] - alignment: tensor([0., 0., 0., 0., 0., 0., 0., 0., 0., 0., 0., 0., 0., 0., 0.])
[2023-11-18 19:48:21,349][__main__][INFO] - epoch: 70
[2023-11-18 19:48:22,644][__main__][INFO] - alignment: tensor([0., 0., 0., 0., 0., 0., 0., 0., 0., 0., 0., 0., 0., 0., 0.])
[2023-11-18 19:48:22,644][__main__][INFO] - epoch: 80
[2023-11-18 19:48:24,117][__main__][INFO] - alignment: tensor([0., 0., 0., 0., 0., 0., 0., 0., 0., 0., 0., 0., 0., 0., 0.])
[2023-11-18 19:48:24,117][__main__][INFO] - epoch: 90
[2023-11-18 19:48:25,390][__main__][INFO] - alignment: tensor([0., 0., 0., 0., 0., 0., 0., 0., 0., 0., 0., 0., 0., 0., 0.])
[2023-11-18 19:48:25,391][__main__][INFO] - epoch: 100
[2023-11-18 19:48:26,790][__main__][INFO] - alignment: tensor([0., 0., 0., 0., 0., 0., 0., 0., 0., 0., 0., 0., 0., 0., 0.])
[2023-11-18 19:48:26,790][__main__][INFO] - epoch: 110
[2023-11-18 19:48:28,366][__main__][INFO] - alignment: tensor([0., 0., 0., 0., 0., 0., 0., 0., 0., 0., 0., 0., 0., 0., 0.])
[2023-11-18 19:48:28,366][__main__][INFO] - epoch: 120
[2023-11-18 19:48:29,762][__main__][INFO] - alignment: tensor([0., 0., 0., 0., 0., 0., 0., 0., 0., 0., 0., 0., 0., 0., 0.])
[2023-11-18 19:48:29,763][__main__][INFO] - epoch: 130
[2023-11-18 19:48:31,255][__main__][INFO] - alignment: tensor([1., 0., 0., 0., 0., 0., 0., 0., 0., 0., 0., 0., 0., 0., 0.])
[2023-11-18 19:48:31,255][__main__][INFO] - epoch: 140
[2023-11-18 19:48:32,685][__main__][INFO] - alignment: tensor([12.,  0.,  0.,  0.,  0.,  0.,  0.,  0.,  0.,  0.,  0.,  0.,  0.,  0.,
         0.])
[2023-11-18 19:48:32,685][__main__][INFO] - epoch: 150
[2023-11-18 19:48:34,012][__main__][INFO] - alignment: tensor([42.,  0.,  0.,  0.,  0.,  0.,  0.,  0.,  0.,  0.,  0.,  0.,  0.,  0.,
         0.])
[2023-11-18 19:48:34,015][__main__][INFO] - epoch: 160
[2023-11-18 19:48:35,354][__main__][INFO] - alignment: tensor([73.,  0.,  0.,  0.,  0.,  0.,  0.,  0.,  0.,  0.,  0.,  0.,  0.,  0.,
         0.])
[2023-11-18 19:48:35,355][__main__][INFO] - epoch: 170
[2023-11-18 19:48:36,734][__main__][INFO] - alignment: tensor([82.,  0.,  0.,  0.,  0.,  0.,  0.,  0.,  0.,  0.,  0.,  0.,  0.,  0.,
         0.])
[2023-11-18 19:48:36,734][__main__][INFO] - epoch: 180
[2023-11-18 19:48:38,134][__main__][INFO] - alignment: tensor([107.,   0.,   0.,   0.,   0.,   0.,   0.,   0.,   0.,   0.,   0.,   0.,
          0.,   0.,   0.])
[2023-11-18 19:48:38,135][__main__][INFO] - epoch: 190
[2023-11-18 19:48:39,594][__main__][INFO] - alignment: tensor([118.,   2.,   1.,   0.,   0.,   0.,   0.,   0.,   0.,   0.,   0.,   0.,
          0.,   0.,   1.])
[2023-11-18 19:48:39,594][__main__][INFO] - epoch: 200
[2023-11-18 19:48:40,863][__main__][INFO] - alignment: tensor([99.,  3.,  1.,  0.,  0.,  0.,  0.,  0.,  0.,  0.,  0.,  1.,  0.,  0.,
         1.])
[2023-11-18 19:48:40,863][__main__][INFO] - epoch: 210
[2023-11-18 19:48:42,179][__main__][INFO] - alignment: tensor([77.,  3.,  1.,  0.,  0.,  0.,  0.,  0.,  0.,  0.,  0.,  1.,  0.,  0.,
         1.])
[2023-11-18 19:48:42,180][__main__][INFO] - epoch: 220
[2023-11-18 19:48:43,644][__main__][INFO] - alignment: tensor([66.,  3.,  1.,  0.,  0.,  0.,  0.,  0.,  0.,  0.,  0.,  1.,  0.,  0.,
         1.])
[2023-11-18 19:48:43,645][__main__][INFO] - epoch: 230
[2023-11-18 19:48:45,006][__main__][INFO] - alignment: tensor([52.,  4.,  1.,  2.,  0.,  0.,  0.,  0.,  0.,  0.,  0.,  1.,  0.,  0.,
         1.])
[2023-11-18 19:48:45,007][__main__][INFO] - epoch: 240
[2023-11-18 19:48:46,394][__main__][INFO] - alignment: tensor([43.,  5.,  1.,  2.,  0.,  0.,  0.,  1.,  0.,  0.,  1.,  1.,  1.,  1.,
         1.])
[2023-11-18 19:48:46,394][__main__][INFO] - epoch: 250
[2023-11-18 19:48:47,759][__main__][INFO] - alignment: tensor([42.,  5.,  1.,  2.,  0.,  1.,  1.,  1.,  0.,  0.,  1.,  1.,  1.,  1.,
         1.])
[2023-11-18 19:48:47,760][__main__][INFO] - epoch: 260
[2023-11-18 19:48:49,149][__main__][INFO] - alignment: tensor([39.,  5.,  1.,  2.,  1.,  1.,  1.,  1.,  0.,  0.,  1.,  1.,  1.,  1.,
         1.])
[2023-11-18 19:48:49,149][__main__][INFO] - epoch: 270
[2023-11-18 19:48:50,515][__main__][INFO] - alignment: tensor([34.,  5.,  1.,  2.,  2.,  1.,  2.,  1.,  0.,  0.,  1.,  1.,  1.,  1.,
         1.])
[2023-11-18 19:48:50,515][__main__][INFO] - epoch: 280
[2023-11-18 19:48:51,780][__main__][INFO] - alignment: tensor([28.,  5.,  1.,  2.,  2.,  1.,  3.,  1.,  0.,  0.,  1.,  1.,  1.,  1.,
         1.])
[2023-11-18 19:48:51,781][__main__][INFO] - epoch: 290
[2023-11-18 19:48:53,115][__main__][INFO] - alignment: tensor([29.,  5.,  1.,  2.,  2.,  1.,  2.,  1.,  0.,  0.,  1.,  1.,  1.,  1.,
         1.])
[2023-11-18 19:48:53,115][__main__][INFO] - epoch: 300
[2023-11-18 19:48:54,490][__main__][INFO] - alignment: tensor([29.,  5.,  1.,  2.,  2.,  1.,  2.,  1.,  0.,  0.,  1.,  1.,  1.,  1.,
         1.])
[2023-11-18 19:48:54,490][__main__][INFO] - epoch: 310
[2023-11-18 19:48:55,908][__main__][INFO] - alignment: tensor([28.,  5.,  1.,  2.,  3.,  1.,  2.,  1.,  0.,  0.,  1.,  1.,  1.,  1.,
         1.])
[2023-11-18 19:48:55,908][__main__][INFO] - epoch: 320
[2023-11-18 19:48:57,380][__main__][INFO] - alignment: tensor([27.,  5.,  1.,  2.,  3.,  1.,  2.,  1.,  0.,  0.,  1.,  1.,  1.,  1.,
         1.])
[2023-11-18 19:48:57,380][__main__][INFO] - epoch: 330
[2023-11-18 19:48:58,656][__main__][INFO] - alignment: tensor([26.,  5.,  1.,  2.,  3.,  1.,  2.,  1.,  0.,  0.,  1.,  1.,  1.,  1.,
         1.])
[2023-11-18 19:48:58,657][__main__][INFO] - epoch: 340
[2023-11-18 19:48:59,922][__main__][INFO] - alignment: tensor([25.,  5.,  1.,  2.,  3.,  1.,  2.,  1.,  0.,  0.,  1.,  1.,  1.,  1.,
         1.])
[2023-11-18 19:48:59,923][__main__][INFO] - epoch: 350
[2023-11-18 19:49:01,360][__main__][INFO] - alignment: tensor([24.,  5.,  1.,  2.,  3.,  1.,  2.,  1.,  0.,  0.,  1.,  1.,  1.,  1.,
         1.])
[2023-11-18 19:49:01,360][__main__][INFO] - epoch: 360
[2023-11-18 19:49:02,637][__main__][INFO] - alignment: tensor([24.,  5.,  1.,  2.,  3.,  1.,  2.,  1.,  0.,  0.,  1.,  1.,  1.,  1.,
         1.])
[2023-11-18 19:49:02,761][__main__][INFO] - Training losses plot: train_losses.png
[2023-11-18 19:49:02,988][__main__][INFO] - Accuracies plot: accuracies.png
