[2023-11-19 13:27:55,573][hydra.utils][INFO] - Logging from main
[2023-11-19 13:50:43,785][__main__][INFO] - Model weights saved at: model.pt
[2023-11-19 13:50:43,794][__main__][INFO] - Training accuracy: 0.9982592592592593
[2023-11-19 13:50:43,794][__main__][INFO] - Testing accuracy: 0.9415
[2023-11-19 13:50:43,794][__main__][INFO] - feat_thresh: 0.1
[2023-11-19 13:50:43,794][__main__][INFO] - epoch: 0
[2023-11-19 13:50:44,286][__main__][INFO] - alignment: tensor([0., 0., 0., 0., 0., 0., 0., 0., 0., 0., 0., 0., 0., 0., 0.])
[2023-11-19 13:50:44,286][__main__][INFO] - epoch: 10
[2023-11-19 13:50:44,782][__main__][INFO] - alignment: tensor([0., 0., 0., 0., 0., 0., 0., 0., 0., 0., 0., 0., 0., 0., 0.])
[2023-11-19 13:50:44,782][__main__][INFO] - epoch: 20
[2023-11-19 13:50:45,291][__main__][INFO] - alignment: tensor([0., 0., 0., 0., 0., 0., 0., 0., 0., 0., 0., 0., 0., 0., 0.])
[2023-11-19 13:50:45,291][__main__][INFO] - epoch: 30
[2023-11-19 13:50:45,776][__main__][INFO] - alignment: tensor([0., 0., 0., 0., 0., 0., 0., 0., 0., 0., 0., 0., 0., 0., 0.])
[2023-11-19 13:50:45,776][__main__][INFO] - epoch: 40
[2023-11-19 13:50:46,261][__main__][INFO] - alignment: tensor([0., 0., 0., 0., 0., 0., 0., 0., 0., 0., 0., 0., 0., 0., 0.])
[2023-11-19 13:50:46,261][__main__][INFO] - epoch: 50
[2023-11-19 13:50:46,748][__main__][INFO] - alignment: tensor([0., 0., 0., 0., 0., 0., 0., 0., 0., 0., 0., 0., 0., 0., 0.])
[2023-11-19 13:50:46,748][__main__][INFO] - epoch: 60
[2023-11-19 13:50:47,233][__main__][INFO] - alignment: tensor([0., 0., 0., 0., 0., 0., 0., 0., 0., 0., 0., 0., 0., 0., 0.])
[2023-11-19 13:50:47,233][__main__][INFO] - epoch: 70
[2023-11-19 13:50:47,732][__main__][INFO] - alignment: tensor([0., 0., 0., 0., 0., 0., 0., 0., 0., 0., 0., 0., 0., 0., 0.])
[2023-11-19 13:50:47,732][__main__][INFO] - epoch: 80
[2023-11-19 13:50:48,239][__main__][INFO] - alignment: tensor([0., 0., 0., 0., 0., 0., 0., 0., 0., 0., 0., 0., 0., 0., 0.])
[2023-11-19 13:50:48,239][__main__][INFO] - epoch: 90
[2023-11-19 13:50:48,735][__main__][INFO] - alignment: tensor([0., 0., 0., 0., 0., 0., 0., 0., 0., 0., 0., 0., 0., 0., 0.])
[2023-11-19 13:50:48,735][__main__][INFO] - epoch: 100
[2023-11-19 13:50:49,239][__main__][INFO] - alignment: tensor([0., 0., 0., 0., 0., 0., 0., 0., 0., 0., 0., 0., 0., 0., 0.])
[2023-11-19 13:50:49,239][__main__][INFO] - epoch: 110
[2023-11-19 13:50:49,766][__main__][INFO] - alignment: tensor([3., 0., 0., 0., 0., 0., 0., 0., 0., 0., 0., 0., 0., 0., 0.])
[2023-11-19 13:50:49,766][__main__][INFO] - epoch: 120
[2023-11-19 13:50:50,279][__main__][INFO] - alignment: tensor([7., 0., 0., 0., 0., 0., 0., 0., 0., 0., 0., 0., 0., 0., 0.])
[2023-11-19 13:50:50,280][__main__][INFO] - epoch: 130
[2023-11-19 13:50:50,807][__main__][INFO] - alignment: tensor([12.,  0.,  0.,  0.,  0.,  0.,  0.,  0.,  0.,  0.,  0.,  0.,  0.,  0.,
         0.])
[2023-11-19 13:50:50,807][__main__][INFO] - epoch: 140
[2023-11-19 13:50:51,327][__main__][INFO] - alignment: tensor([13.,  1.,  1.,  0.,  0.,  0.,  0.,  0.,  1.,  0.,  0.,  0.,  0.,  0.,
         0.])
[2023-11-19 13:50:51,327][__main__][INFO] - epoch: 150
[2023-11-19 13:50:51,838][__main__][INFO] - alignment: tensor([11.,  1.,  1.,  1.,  0.,  0.,  0.,  1.,  1.,  0.,  0.,  0.,  0.,  0.,
         1.])
[2023-11-19 13:50:51,838][__main__][INFO] - epoch: 160
[2023-11-19 13:50:52,359][__main__][INFO] - alignment: tensor([8., 1., 2., 1., 0., 0., 0., 1., 1., 0., 0., 0., 0., 0., 1.])
[2023-11-19 13:50:52,359][__main__][INFO] - epoch: 170
[2023-11-19 13:50:52,865][__main__][INFO] - alignment: tensor([7., 2., 2., 2., 0., 0., 0., 1., 1., 0., 1., 0., 0., 0., 1.])
[2023-11-19 13:50:52,865][__main__][INFO] - epoch: 180
[2023-11-19 13:50:53,374][__main__][INFO] - alignment: tensor([7., 3., 2., 0., 0., 0., 0., 1., 1., 0., 1., 0., 0., 0., 1.])
[2023-11-19 13:50:53,374][__main__][INFO] - epoch: 190
[2023-11-19 13:50:53,899][__main__][INFO] - alignment: tensor([7., 3., 2., 2., 0., 0., 0., 1., 1., 0., 1., 0., 0., 0., 1.])
[2023-11-19 13:50:53,899][__main__][INFO] - epoch: 200
[2023-11-19 13:50:54,403][__main__][INFO] - alignment: tensor([7., 3., 2., 1., 0., 1., 0., 1., 1., 0., 1., 0., 0., 0., 1.])
[2023-11-19 13:50:54,403][__main__][INFO] - epoch: 210
[2023-11-19 13:50:54,899][__main__][INFO] - alignment: tensor([7., 3., 2., 2., 0., 1., 0., 1., 1., 0., 1., 0., 0., 0., 1.])
[2023-11-19 13:50:54,900][__main__][INFO] - epoch: 220
[2023-11-19 13:50:55,415][__main__][INFO] - alignment: tensor([6., 3., 2., 2., 0., 1., 0., 1., 1., 0., 1., 0., 1., 0., 1.])
[2023-11-19 13:50:55,415][__main__][INFO] - epoch: 230
[2023-11-19 13:50:55,917][__main__][INFO] - alignment: tensor([7., 3., 2., 1., 1., 1., 0., 1., 1., 0., 1., 0., 1., 0., 1.])
[2023-11-19 13:50:55,918][__main__][INFO] - epoch: 240
[2023-11-19 13:50:56,416][__main__][INFO] - alignment: tensor([7., 3., 3., 1., 1., 1., 0., 1., 1., 0., 1., 0., 1., 0., 1.])
[2023-11-19 13:50:56,416][__main__][INFO] - epoch: 250
[2023-11-19 13:50:56,931][__main__][INFO] - alignment: tensor([8., 3., 3., 1., 0., 1., 0., 1., 1., 0., 0., 0., 1., 0., 1.])
[2023-11-19 13:50:56,931][__main__][INFO] - epoch: 260
[2023-11-19 13:50:57,425][__main__][INFO] - alignment: tensor([7., 3., 3., 1., 0., 1., 0., 1., 1., 0., 0., 0., 1., 0., 1.])
[2023-11-19 13:50:57,426][__main__][INFO] - epoch: 270
[2023-11-19 13:50:57,942][__main__][INFO] - alignment: tensor([7., 3., 3., 1., 0., 1., 0., 1., 1., 0., 1., 0., 1., 0., 1.])
[2023-11-19 13:50:57,943][__main__][INFO] - epoch: 280
[2023-11-19 13:50:58,445][__main__][INFO] - alignment: tensor([7., 3., 3., 1., 0., 1., 0., 1., 1., 0., 1., 0., 1., 0., 1.])
[2023-11-19 13:50:58,446][__main__][INFO] - feat_thresh: 0.2
[2023-11-19 13:50:58,446][__main__][INFO] - epoch: 0
[2023-11-19 13:50:58,948][__main__][INFO] - alignment: tensor([0., 0., 0., 0., 0., 0., 0., 0., 0., 0., 0., 0., 0., 0., 0.])
[2023-11-19 13:50:58,948][__main__][INFO] - epoch: 10
[2023-11-19 13:50:59,453][__main__][INFO] - alignment: tensor([0., 0., 0., 0., 0., 0., 0., 0., 0., 0., 0., 0., 0., 0., 0.])
[2023-11-19 13:50:59,453][__main__][INFO] - epoch: 20
[2023-11-19 13:50:59,952][__main__][INFO] - alignment: tensor([0., 0., 0., 0., 0., 0., 0., 0., 0., 0., 0., 0., 0., 0., 0.])
[2023-11-19 13:50:59,952][__main__][INFO] - epoch: 30
[2023-11-19 13:51:00,444][__main__][INFO] - alignment: tensor([0., 0., 0., 0., 0., 0., 0., 0., 0., 0., 0., 0., 0., 0., 0.])
[2023-11-19 13:51:00,444][__main__][INFO] - epoch: 40
[2023-11-19 13:51:00,954][__main__][INFO] - alignment: tensor([0., 0., 0., 0., 0., 0., 0., 0., 0., 0., 0., 0., 0., 0., 0.])
[2023-11-19 13:51:00,954][__main__][INFO] - epoch: 50
[2023-11-19 13:51:01,438][__main__][INFO] - alignment: tensor([0., 0., 0., 0., 0., 0., 0., 0., 0., 0., 0., 0., 0., 0., 0.])
[2023-11-19 13:51:01,438][__main__][INFO] - epoch: 60
[2023-11-19 13:51:01,923][__main__][INFO] - alignment: tensor([0., 0., 0., 0., 0., 0., 0., 0., 0., 0., 0., 0., 0., 0., 0.])
[2023-11-19 13:51:01,923][__main__][INFO] - epoch: 70
[2023-11-19 13:51:02,406][__main__][INFO] - alignment: tensor([0., 0., 0., 0., 0., 0., 0., 0., 0., 0., 0., 0., 0., 0., 0.])
[2023-11-19 13:51:02,406][__main__][INFO] - epoch: 80
[2023-11-19 13:51:02,895][__main__][INFO] - alignment: tensor([0., 0., 0., 0., 0., 0., 0., 0., 0., 0., 0., 0., 0., 0., 0.])
[2023-11-19 13:51:02,895][__main__][INFO] - epoch: 90
[2023-11-19 13:51:03,378][__main__][INFO] - alignment: tensor([0., 0., 0., 0., 0., 0., 0., 0., 0., 0., 0., 0., 0., 0., 0.])
[2023-11-19 13:51:03,378][__main__][INFO] - epoch: 100
[2023-11-19 13:51:03,872][__main__][INFO] - alignment: tensor([10.,  0.,  0.,  0.,  0.,  0.,  0.,  0.,  0.,  0.,  0.,  0.,  0.,  0.,
         0.])
[2023-11-19 13:51:03,872][__main__][INFO] - epoch: 110
[2023-11-19 13:51:04,362][__main__][INFO] - alignment: tensor([19.,  0.,  0.,  0.,  0.,  0.,  0.,  0.,  0.,  0.,  0.,  0.,  0.,  0.,
         0.])
[2023-11-19 13:51:04,362][__main__][INFO] - epoch: 120
[2023-11-19 13:51:04,842][__main__][INFO] - alignment: tensor([27.,  0.,  0.,  0.,  0.,  0.,  0.,  0.,  1.,  0.,  0.,  0.,  0.,  0.,
         0.])
[2023-11-19 13:51:04,842][__main__][INFO] - epoch: 130
[2023-11-19 13:51:05,331][__main__][INFO] - alignment: tensor([30.,  0.,  2.,  0.,  0.,  0.,  0.,  0.,  1.,  0.,  0.,  0.,  0.,  0.,
         1.])
[2023-11-19 13:51:05,331][__main__][INFO] - epoch: 140
[2023-11-19 13:51:05,824][__main__][INFO] - alignment: tensor([30.,  3.,  3.,  2.,  0.,  0.,  0.,  1.,  1.,  0.,  0.,  0.,  0.,  0.,
         1.])
[2023-11-19 13:51:05,824][__main__][INFO] - epoch: 150
[2023-11-19 13:51:06,316][__main__][INFO] - alignment: tensor([24.,  3.,  3.,  2.,  0.,  0.,  0.,  1.,  1.,  0.,  0.,  0.,  0.,  0.,
         1.])
[2023-11-19 13:51:06,316][__main__][INFO] - epoch: 160
[2023-11-19 13:51:06,812][__main__][INFO] - alignment: tensor([22.,  3.,  4.,  2.,  0.,  0.,  0.,  1.,  1.,  0.,  1.,  0.,  0.,  0.,
         1.])
[2023-11-19 13:51:06,812][__main__][INFO] - epoch: 170
[2023-11-19 13:51:07,294][__main__][INFO] - alignment: tensor([18.,  3.,  3.,  2.,  1.,  0.,  0.,  1.,  1.,  0.,  1.,  0.,  0.,  0.,
         1.])
[2023-11-19 13:51:07,294][__main__][INFO] - epoch: 180
[2023-11-19 13:51:07,779][__main__][INFO] - alignment: tensor([16.,  3.,  3.,  2.,  1.,  1.,  0.,  1.,  1.,  0.,  1.,  0.,  1.,  0.,
         1.])
[2023-11-19 13:51:07,779][__main__][INFO] - epoch: 190
[2023-11-19 13:51:08,268][__main__][INFO] - alignment: tensor([16.,  3.,  4.,  2.,  1.,  1.,  0.,  1.,  1.,  0.,  2.,  0.,  1.,  0.,
         1.])
[2023-11-19 13:51:08,268][__main__][INFO] - epoch: 200
[2023-11-19 13:51:08,763][__main__][INFO] - alignment: tensor([14.,  3.,  4.,  2.,  1.,  1.,  0.,  1.,  1.,  0.,  2.,  0.,  1.,  0.,
         1.])
[2023-11-19 13:51:08,763][__main__][INFO] - epoch: 210
[2023-11-19 13:51:09,250][__main__][INFO] - alignment: tensor([13.,  3.,  4.,  2.,  1.,  1.,  0.,  1.,  1.,  0.,  2.,  0.,  1.,  0.,
         1.])
[2023-11-19 13:51:09,250][__main__][INFO] - epoch: 220
[2023-11-19 13:51:09,745][__main__][INFO] - alignment: tensor([12.,  3.,  5.,  2.,  1.,  1.,  0.,  1.,  1.,  0.,  2.,  0.,  1.,  0.,
         1.])
[2023-11-19 13:51:09,745][__main__][INFO] - epoch: 230
[2023-11-19 13:51:10,237][__main__][INFO] - alignment: tensor([12.,  3.,  5.,  2.,  1.,  1.,  0.,  1.,  1.,  0.,  2.,  0.,  1.,  0.,
         1.])
[2023-11-19 13:51:10,237][__main__][INFO] - epoch: 240
[2023-11-19 13:51:10,723][__main__][INFO] - alignment: tensor([13.,  3.,  5.,  2.,  1.,  1.,  0.,  1.,  1.,  0.,  2.,  0.,  1.,  0.,
         1.])
[2023-11-19 13:51:10,724][__main__][INFO] - epoch: 250
[2023-11-19 13:51:11,235][__main__][INFO] - alignment: tensor([12.,  3.,  5.,  2.,  1.,  1.,  1.,  1.,  1.,  0.,  2.,  0.,  1.,  0.,
         1.])
[2023-11-19 13:51:11,236][__main__][INFO] - epoch: 260
[2023-11-19 13:51:11,736][__main__][INFO] - alignment: tensor([12.,  3.,  5.,  2.,  1.,  1.,  0.,  1.,  1.,  0.,  2.,  0.,  1.,  0.,
         1.])
[2023-11-19 13:51:11,736][__main__][INFO] - epoch: 270
[2023-11-19 13:51:12,222][__main__][INFO] - alignment: tensor([13.,  3.,  5.,  2.,  1.,  1.,  0.,  1.,  1.,  0.,  2.,  0.,  1.,  0.,
         1.])
[2023-11-19 13:51:12,222][__main__][INFO] - epoch: 280
[2023-11-19 13:51:12,724][__main__][INFO] - alignment: tensor([13.,  3.,  5.,  2.,  1.,  1.,  0.,  1.,  1.,  0.,  2.,  0.,  1.,  0.,
         1.])
[2023-11-19 13:51:12,724][__main__][INFO] - feat_thresh: 0.3
[2023-11-19 13:51:12,724][__main__][INFO] - epoch: 0
[2023-11-19 13:51:13,215][__main__][INFO] - alignment: tensor([0., 0., 0., 0., 0., 0., 0., 0., 0., 0., 0., 0., 0., 0., 0.])
[2023-11-19 13:51:13,216][__main__][INFO] - epoch: 10
[2023-11-19 13:51:13,704][__main__][INFO] - alignment: tensor([0., 0., 0., 0., 0., 0., 0., 0., 0., 0., 0., 0., 0., 0., 0.])
[2023-11-19 13:51:13,704][__main__][INFO] - epoch: 20
[2023-11-19 13:51:14,191][__main__][INFO] - alignment: tensor([0., 0., 0., 0., 0., 0., 0., 0., 0., 0., 0., 0., 0., 0., 0.])
[2023-11-19 13:51:14,191][__main__][INFO] - epoch: 30
[2023-11-19 13:51:14,704][__main__][INFO] - alignment: tensor([0., 0., 0., 0., 0., 0., 0., 0., 0., 0., 0., 0., 0., 0., 0.])
[2023-11-19 13:51:14,704][__main__][INFO] - epoch: 40
[2023-11-19 13:51:15,203][__main__][INFO] - alignment: tensor([0., 0., 0., 0., 0., 0., 0., 0., 0., 0., 0., 0., 0., 0., 0.])
[2023-11-19 13:51:15,203][__main__][INFO] - epoch: 50
[2023-11-19 13:51:15,706][__main__][INFO] - alignment: tensor([0., 0., 0., 0., 0., 0., 0., 0., 0., 0., 0., 0., 0., 0., 0.])
[2023-11-19 13:51:15,706][__main__][INFO] - epoch: 60
[2023-11-19 13:51:16,201][__main__][INFO] - alignment: tensor([0., 0., 0., 0., 0., 0., 0., 0., 0., 0., 0., 0., 0., 0., 0.])
[2023-11-19 13:51:16,202][__main__][INFO] - epoch: 70
[2023-11-19 13:51:16,715][__main__][INFO] - alignment: tensor([0., 0., 0., 0., 0., 0., 0., 0., 0., 0., 0., 0., 0., 0., 0.])
[2023-11-19 13:51:16,716][__main__][INFO] - epoch: 80
[2023-11-19 13:51:17,210][__main__][INFO] - alignment: tensor([0., 0., 0., 0., 0., 0., 0., 0., 0., 0., 0., 0., 0., 0., 0.])
[2023-11-19 13:51:17,211][__main__][INFO] - epoch: 90
[2023-11-19 13:51:17,706][__main__][INFO] - alignment: tensor([9., 0., 0., 0., 0., 0., 0., 0., 0., 0., 0., 0., 0., 0., 0.])
[2023-11-19 13:51:17,706][__main__][INFO] - epoch: 100
[2023-11-19 13:51:18,230][__main__][INFO] - alignment: tensor([33.,  0.,  0.,  0.,  0.,  0.,  0.,  0.,  0.,  0.,  0.,  0.,  0.,  0.,
         0.])
[2023-11-19 13:51:18,230][__main__][INFO] - epoch: 110
[2023-11-19 13:51:18,739][__main__][INFO] - alignment: tensor([47.,  0.,  2.,  0.,  0.,  0.,  0.,  0.,  0.,  0.,  0.,  0.,  0.,  0.,
         0.])
[2023-11-19 13:51:18,740][__main__][INFO] - epoch: 120
[2023-11-19 13:51:19,232][__main__][INFO] - alignment: tensor([50.,  0.,  2.,  0.,  0.,  0.,  0.,  0.,  1.,  0.,  0.,  0.,  0.,  0.,
         1.])
[2023-11-19 13:51:19,232][__main__][INFO] - epoch: 130
[2023-11-19 13:51:19,719][__main__][INFO] - alignment: tensor([48.,  3.,  3.,  0.,  0.,  0.,  0.,  0.,  1.,  0.,  0.,  0.,  0.,  0.,
         1.])
[2023-11-19 13:51:19,719][__main__][INFO] - epoch: 140
[2023-11-19 13:51:20,212][__main__][INFO] - alignment: tensor([42.,  3.,  3.,  2.,  0.,  0.,  0.,  1.,  1.,  0.,  0.,  0.,  0.,  0.,
         1.])
[2023-11-19 13:51:20,212][__main__][INFO] - epoch: 150
[2023-11-19 13:51:20,743][__main__][INFO] - alignment: tensor([38.,  3.,  4.,  2.,  0.,  0.,  0.,  1.,  1.,  0.,  0.,  0.,  0.,  0.,
         1.])
[2023-11-19 13:51:20,743][__main__][INFO] - epoch: 160
[2023-11-19 13:51:21,268][__main__][INFO] - alignment: tensor([34.,  3.,  4.,  2.,  1.,  0.,  0.,  1.,  2.,  0.,  1.,  0.,  0.,  0.,
         1.])
[2023-11-19 13:51:21,269][__main__][INFO] - epoch: 170
[2023-11-19 13:51:21,799][__main__][INFO] - alignment: tensor([31.,  3.,  5.,  2.,  1.,  0.,  0.,  1.,  1.,  0.,  2.,  0.,  1.,  0.,
         1.])
[2023-11-19 13:51:21,799][__main__][INFO] - epoch: 180
[2023-11-19 13:51:22,322][__main__][INFO] - alignment: tensor([27.,  3.,  6.,  2.,  1.,  1.,  0.,  1.,  1.,  0.,  2.,  0.,  1.,  0.,
         1.])
[2023-11-19 13:51:22,323][__main__][INFO] - epoch: 190
[2023-11-19 13:51:22,824][__main__][INFO] - alignment: tensor([25.,  3.,  6.,  2.,  1.,  1.,  1.,  1.,  1.,  0.,  2.,  0.,  1.,  0.,
         1.])
[2023-11-19 13:51:22,825][__main__][INFO] - epoch: 200
[2023-11-19 13:51:23,345][__main__][INFO] - alignment: tensor([22.,  3.,  6.,  2.,  1.,  1.,  0.,  1.,  1.,  0.,  2.,  0.,  1.,  0.,
         1.])
[2023-11-19 13:51:23,345][__main__][INFO] - epoch: 210
[2023-11-19 13:51:23,880][__main__][INFO] - alignment: tensor([22.,  3.,  6.,  2.,  1.,  1.,  0.,  1.,  1.,  0.,  2.,  0.,  1.,  0.,
         1.])
[2023-11-19 13:51:23,880][__main__][INFO] - epoch: 220
[2023-11-19 13:51:24,416][__main__][INFO] - alignment: tensor([22.,  3.,  5.,  2.,  1.,  1.,  1.,  1.,  1.,  0.,  2.,  0.,  1.,  0.,
         1.])
[2023-11-19 13:51:24,417][__main__][INFO] - epoch: 230
[2023-11-19 13:51:24,946][__main__][INFO] - alignment: tensor([23.,  3.,  5.,  2.,  1.,  1.,  1.,  1.,  1.,  0.,  2.,  1.,  1.,  0.,
         1.])
[2023-11-19 13:51:24,946][__main__][INFO] - epoch: 240
[2023-11-19 13:51:25,480][__main__][INFO] - alignment: tensor([20.,  4.,  5.,  2.,  1.,  1.,  2.,  1.,  1.,  0.,  2.,  1.,  1.,  0.,
         1.])
[2023-11-19 13:51:25,480][__main__][INFO] - epoch: 250
[2023-11-19 13:51:25,976][__main__][INFO] - alignment: tensor([21.,  3.,  5.,  2.,  1.,  1.,  2.,  1.,  1.,  0.,  2.,  1.,  1.,  0.,
         1.])
[2023-11-19 13:51:25,976][__main__][INFO] - epoch: 260
[2023-11-19 13:51:26,508][__main__][INFO] - alignment: tensor([21.,  3.,  5.,  2.,  1.,  1.,  2.,  1.,  1.,  0.,  2.,  1.,  1.,  0.,
         1.])
[2023-11-19 13:51:26,508][__main__][INFO] - epoch: 270
[2023-11-19 13:51:27,044][__main__][INFO] - alignment: tensor([23.,  3.,  5.,  2.,  1.,  1.,  2.,  1.,  1.,  0.,  2.,  1.,  1.,  0.,
         1.])
[2023-11-19 13:51:27,044][__main__][INFO] - epoch: 280
[2023-11-19 13:51:27,564][__main__][INFO] - alignment: tensor([23.,  3.,  5.,  2.,  1.,  1.,  2.,  1.,  1.,  0.,  2.,  1.,  1.,  0.,
         1.])
[2023-11-19 13:51:27,647][__main__][INFO] - Training losses plot: train_losses.png
[2023-11-19 13:51:27,731][__main__][INFO] - Accuracies plot: accuracies.png
