[2023-11-19 13:51:30,769][hydra.utils][INFO] - Logging from main
[2023-11-19 14:39:19,171][__main__][INFO] - Model weights saved at: model.pt
[2023-11-19 14:39:19,190][__main__][INFO] - Training accuracy: 0.9968888888888889
[2023-11-19 14:39:19,191][__main__][INFO] - Testing accuracy: 0.9461666666666667
[2023-11-19 14:39:19,191][__main__][INFO] - feat_thresh: 0.1
[2023-11-19 14:39:19,191][__main__][INFO] - epoch: 0
[2023-11-19 14:39:20,509][__main__][INFO] - alignment: tensor([0., 0., 0., 0., 0., 0., 0., 0., 0., 0., 0., 0., 0., 0., 0.])
[2023-11-19 14:39:20,510][__main__][INFO] - epoch: 10
[2023-11-19 14:39:21,900][__main__][INFO] - alignment: tensor([0., 0., 0., 0., 0., 0., 0., 0., 0., 0., 0., 0., 0., 0., 0.])
[2023-11-19 14:39:21,900][__main__][INFO] - epoch: 20
[2023-11-19 14:39:23,197][__main__][INFO] - alignment: tensor([0., 0., 0., 0., 0., 0., 0., 0., 0., 0., 0., 0., 0., 0., 0.])
[2023-11-19 14:39:23,198][__main__][INFO] - epoch: 30
[2023-11-19 14:39:24,472][__main__][INFO] - alignment: tensor([0., 0., 0., 0., 0., 0., 0., 0., 0., 0., 0., 0., 0., 0., 0.])
[2023-11-19 14:39:24,472][__main__][INFO] - epoch: 40
[2023-11-19 14:39:25,726][__main__][INFO] - alignment: tensor([0., 0., 0., 0., 0., 0., 0., 0., 0., 0., 0., 0., 0., 0., 0.])
[2023-11-19 14:39:25,726][__main__][INFO] - epoch: 50
[2023-11-19 14:39:26,956][__main__][INFO] - alignment: tensor([0., 0., 0., 0., 0., 0., 0., 0., 0., 0., 0., 0., 0., 0., 0.])
[2023-11-19 14:39:26,956][__main__][INFO] - epoch: 60
[2023-11-19 14:39:28,193][__main__][INFO] - alignment: tensor([0., 0., 0., 0., 0., 0., 0., 0., 0., 0., 0., 0., 0., 0., 0.])
[2023-11-19 14:39:28,193][__main__][INFO] - epoch: 70
[2023-11-19 14:39:29,486][__main__][INFO] - alignment: tensor([0., 0., 0., 0., 0., 0., 0., 0., 0., 0., 0., 0., 0., 0., 0.])
[2023-11-19 14:39:29,487][__main__][INFO] - epoch: 80
[2023-11-19 14:39:30,820][__main__][INFO] - alignment: tensor([1., 0., 0., 0., 0., 0., 0., 0., 0., 0., 0., 0., 0., 0., 0.])
[2023-11-19 14:39:30,820][__main__][INFO] - epoch: 90
[2023-11-19 14:39:32,081][__main__][INFO] - alignment: tensor([4., 0., 0., 0., 0., 0., 0., 0., 0., 0., 0., 0., 0., 0., 0.])
[2023-11-19 14:39:32,081][__main__][INFO] - epoch: 100
[2023-11-19 14:39:33,392][__main__][INFO] - alignment: tensor([19.,  0.,  1.,  0.,  0.,  0.,  0.,  0.,  0.,  0.,  1.,  0.,  0.,  0.,
         0.])
[2023-11-19 14:39:33,392][__main__][INFO] - epoch: 110
[2023-11-19 14:39:34,758][__main__][INFO] - alignment: tensor([23.,  0.,  1.,  0.,  0.,  0.,  0.,  0.,  0.,  0.,  1.,  0.,  0.,  0.,
         0.])
[2023-11-19 14:39:34,759][__main__][INFO] - epoch: 120
[2023-11-19 14:39:36,032][__main__][INFO] - alignment: tensor([22.,  1.,  1.,  0.,  0.,  0.,  0.,  0.,  0.,  0.,  1.,  1.,  0.,  1.,
         0.])
[2023-11-19 14:39:36,032][__main__][INFO] - epoch: 130
[2023-11-19 14:39:37,369][__main__][INFO] - alignment: tensor([23.,  1.,  2.,  0.,  0.,  0.,  0.,  0.,  0.,  0.,  1.,  1.,  0.,  1.,
         0.])
[2023-11-19 14:39:37,369][__main__][INFO] - epoch: 140
[2023-11-19 14:39:38,629][__main__][INFO] - alignment: tensor([21.,  2.,  2.,  0.,  1.,  0.,  0.,  0.,  0.,  1.,  1.,  1.,  0.,  1.,
         1.])
[2023-11-19 14:39:38,629][__main__][INFO] - epoch: 150
[2023-11-19 14:39:39,909][__main__][INFO] - alignment: tensor([20.,  2.,  2.,  0.,  1.,  0.,  0.,  0.,  0.,  1.,  1.,  1.,  0.,  1.,
         1.])
[2023-11-19 14:39:39,909][__main__][INFO] - epoch: 160
[2023-11-19 14:39:41,282][__main__][INFO] - alignment: tensor([18.,  2.,  2.,  0.,  1.,  0.,  0.,  0.,  0.,  1.,  1.,  1.,  0.,  1.,
         1.])
[2023-11-19 14:39:41,282][__main__][INFO] - epoch: 170
[2023-11-19 14:39:42,633][__main__][INFO] - alignment: tensor([17.,  1.,  2.,  0.,  1.,  1.,  0.,  0.,  0.,  1.,  1.,  1.,  0.,  1.,
         1.])
[2023-11-19 14:39:42,633][__main__][INFO] - epoch: 180
[2023-11-19 14:39:43,990][__main__][INFO] - alignment: tensor([17.,  2.,  3.,  0.,  1.,  1.,  0.,  1.,  0.,  1.,  1.,  1.,  1.,  1.,
         1.])
[2023-11-19 14:39:43,990][__main__][INFO] - epoch: 190
[2023-11-19 14:39:45,347][__main__][INFO] - alignment: tensor([16.,  2.,  3.,  0.,  1.,  1.,  0.,  1.,  0.,  1.,  1.,  1.,  1.,  1.,
         1.])
[2023-11-19 14:39:45,347][__main__][INFO] - epoch: 200
[2023-11-19 14:39:46,865][__main__][INFO] - alignment: tensor([13.,  3.,  3.,  0.,  1.,  1.,  0.,  1.,  0.,  1.,  1.,  1.,  1.,  1.,
         1.])
[2023-11-19 14:39:46,865][__main__][INFO] - epoch: 210
[2023-11-19 14:39:48,179][__main__][INFO] - alignment: tensor([13.,  2.,  3.,  0.,  1.,  1.,  0.,  1.,  0.,  1.,  1.,  1.,  1.,  1.,
         1.])
[2023-11-19 14:39:48,180][__main__][INFO] - epoch: 220
[2023-11-19 14:39:49,687][__main__][INFO] - alignment: tensor([11.,  3.,  2.,  1.,  1.,  1.,  0.,  1.,  0.,  1.,  1.,  1.,  1.,  1.,
         1.])
[2023-11-19 14:39:49,687][__main__][INFO] - epoch: 230
[2023-11-19 14:39:50,994][__main__][INFO] - alignment: tensor([10.,  3.,  3.,  1.,  1.,  1.,  0.,  1.,  0.,  1.,  1.,  1.,  1.,  1.,
         1.])
[2023-11-19 14:39:50,994][__main__][INFO] - epoch: 240
[2023-11-19 14:39:52,244][__main__][INFO] - alignment: tensor([12.,  3.,  3.,  1.,  1.,  1.,  0.,  1.,  0.,  1.,  1.,  1.,  1.,  1.,
         1.])
[2023-11-19 14:39:52,244][__main__][INFO] - epoch: 250
[2023-11-19 14:39:53,591][__main__][INFO] - alignment: tensor([13.,  3.,  4.,  1.,  1.,  1.,  0.,  1.,  0.,  1.,  1.,  1.,  1.,  1.,
         1.])
[2023-11-19 14:39:53,592][__main__][INFO] - epoch: 260
[2023-11-19 14:39:54,820][__main__][INFO] - alignment: tensor([13.,  3.,  4.,  1.,  1.,  1.,  0.,  1.,  0.,  1.,  1.,  1.,  1.,  1.,
         1.])
[2023-11-19 14:39:54,820][__main__][INFO] - feat_thresh: 0.2
[2023-11-19 14:39:54,820][__main__][INFO] - epoch: 0
[2023-11-19 14:39:56,105][__main__][INFO] - alignment: tensor([0., 0., 0., 0., 0., 0., 0., 0., 0., 0., 0., 0., 0., 0., 0.])
[2023-11-19 14:39:56,105][__main__][INFO] - epoch: 10
[2023-11-19 14:39:57,385][__main__][INFO] - alignment: tensor([0., 0., 0., 0., 0., 0., 0., 0., 0., 0., 0., 0., 0., 0., 0.])
[2023-11-19 14:39:57,386][__main__][INFO] - epoch: 20
[2023-11-19 14:39:58,602][__main__][INFO] - alignment: tensor([0., 0., 0., 0., 0., 0., 0., 0., 0., 0., 0., 0., 0., 0., 0.])
[2023-11-19 14:39:58,603][__main__][INFO] - epoch: 30
[2023-11-19 14:39:59,904][__main__][INFO] - alignment: tensor([0., 0., 0., 0., 0., 0., 0., 0., 0., 0., 0., 0., 0., 0., 0.])
[2023-11-19 14:39:59,904][__main__][INFO] - epoch: 40
[2023-11-19 14:40:01,283][__main__][INFO] - alignment: tensor([0., 0., 0., 0., 0., 0., 0., 0., 0., 0., 0., 0., 0., 0., 0.])
[2023-11-19 14:40:01,284][__main__][INFO] - epoch: 50
[2023-11-19 14:40:02,518][__main__][INFO] - alignment: tensor([0., 0., 0., 0., 0., 0., 0., 0., 0., 0., 0., 0., 0., 0., 0.])
[2023-11-19 14:40:02,518][__main__][INFO] - epoch: 60
[2023-11-19 14:40:03,742][__main__][INFO] - alignment: tensor([0., 0., 0., 0., 0., 0., 0., 0., 0., 0., 0., 0., 0., 0., 0.])
[2023-11-19 14:40:03,742][__main__][INFO] - epoch: 70
[2023-11-19 14:40:05,299][__main__][INFO] - alignment: tensor([2., 0., 0., 0., 0., 0., 0., 0., 0., 0., 0., 0., 0., 0., 0.])
[2023-11-19 14:40:05,299][__main__][INFO] - epoch: 80
[2023-11-19 14:40:06,536][__main__][INFO] - alignment: tensor([6., 0., 0., 0., 0., 0., 0., 0., 0., 0., 0., 0., 0., 0., 0.])
[2023-11-19 14:40:06,536][__main__][INFO] - epoch: 90
[2023-11-19 14:40:07,773][__main__][INFO] - alignment: tensor([36.,  0.,  0.,  0.,  0.,  0.,  0.,  0.,  0.,  0.,  0.,  0.,  0.,  0.,
         0.])
[2023-11-19 14:40:07,774][__main__][INFO] - epoch: 100
[2023-11-19 14:40:09,070][__main__][INFO] - alignment: tensor([63.,  0.,  1.,  0.,  0.,  0.,  0.,  0.,  0.,  0.,  1.,  0.,  0.,  0.,
         0.])
[2023-11-19 14:40:09,070][__main__][INFO] - epoch: 110
[2023-11-19 14:40:10,350][__main__][INFO] - alignment: tensor([65.,  1.,  2.,  0.,  0.,  0.,  0.,  0.,  0.,  0.,  1.,  1.,  0.,  0.,
         0.])
[2023-11-19 14:40:10,350][__main__][INFO] - epoch: 120
[2023-11-19 14:40:11,675][__main__][INFO] - alignment: tensor([61.,  2.,  3.,  0.,  0.,  0.,  0.,  0.,  0.,  0.,  1.,  1.,  0.,  1.,
         0.])
[2023-11-19 14:40:11,675][__main__][INFO] - epoch: 130
[2023-11-19 14:40:12,945][__main__][INFO] - alignment: tensor([53.,  3.,  4.,  0.,  0.,  0.,  0.,  0.,  0.,  0.,  1.,  1.,  0.,  1.,
         1.])
[2023-11-19 14:40:12,945][__main__][INFO] - epoch: 140
[2023-11-19 14:40:14,206][__main__][INFO] - alignment: tensor([44.,  3.,  5.,  0.,  1.,  1.,  0.,  0.,  0.,  1.,  1.,  1.,  0.,  1.,
         1.])
[2023-11-19 14:40:14,206][__main__][INFO] - epoch: 150
[2023-11-19 14:40:15,500][__main__][INFO] - alignment: tensor([38.,  3.,  5.,  0.,  1.,  1.,  0.,  1.,  0.,  1.,  1.,  1.,  1.,  1.,
         1.])
[2023-11-19 14:40:15,500][__main__][INFO] - epoch: 160
[2023-11-19 14:40:16,765][__main__][INFO] - alignment: tensor([36.,  3.,  4.,  0.,  1.,  1.,  1.,  1.,  0.,  1.,  1.,  1.,  1.,  1.,
         1.])
[2023-11-19 14:40:16,765][__main__][INFO] - epoch: 170
[2023-11-19 14:40:18,004][__main__][INFO] - alignment: tensor([35.,  3.,  5.,  0.,  1.,  1.,  1.,  1.,  0.,  1.,  1.,  1.,  1.,  1.,
         1.])
[2023-11-19 14:40:18,005][__main__][INFO] - epoch: 180
[2023-11-19 14:40:19,253][__main__][INFO] - alignment: tensor([33.,  3.,  4.,  1.,  1.,  1.,  1.,  1.,  0.,  1.,  1.,  1.,  1.,  1.,
         1.])
[2023-11-19 14:40:19,253][__main__][INFO] - epoch: 190
[2023-11-19 14:40:20,495][__main__][INFO] - alignment: tensor([31.,  3.,  4.,  1.,  1.,  1.,  3.,  1.,  0.,  1.,  1.,  1.,  1.,  1.,
         1.])
[2023-11-19 14:40:20,495][__main__][INFO] - epoch: 200
[2023-11-19 14:40:21,735][__main__][INFO] - alignment: tensor([29.,  3.,  4.,  1.,  1.,  1.,  3.,  1.,  0.,  1.,  1.,  1.,  1.,  1.,
         1.])
[2023-11-19 14:40:21,736][__main__][INFO] - epoch: 210
[2023-11-19 14:40:23,000][__main__][INFO] - alignment: tensor([29.,  3.,  4.,  1.,  1.,  1.,  3.,  1.,  0.,  1.,  1.,  1.,  1.,  1.,
         1.])
[2023-11-19 14:40:23,001][__main__][INFO] - epoch: 220
[2023-11-19 14:40:24,242][__main__][INFO] - alignment: tensor([27.,  3.,  5.,  1.,  1.,  1.,  3.,  1.,  0.,  1.,  1.,  1.,  1.,  1.,
         1.])
[2023-11-19 14:40:24,242][__main__][INFO] - epoch: 230
[2023-11-19 14:40:25,501][__main__][INFO] - alignment: tensor([25.,  3.,  5.,  1.,  1.,  1.,  3.,  1.,  0.,  1.,  1.,  1.,  1.,  1.,
         1.])
[2023-11-19 14:40:25,502][__main__][INFO] - epoch: 240
[2023-11-19 14:40:26,851][__main__][INFO] - alignment: tensor([23.,  3.,  4.,  1.,  1.,  1.,  3.,  1.,  0.,  1.,  1.,  1.,  1.,  1.,
         1.])
[2023-11-19 14:40:26,851][__main__][INFO] - epoch: 250
[2023-11-19 14:40:28,115][__main__][INFO] - alignment: tensor([24.,  3.,  5.,  1.,  1.,  1.,  3.,  1.,  0.,  1.,  1.,  1.,  1.,  1.,
         1.])
[2023-11-19 14:40:28,116][__main__][INFO] - epoch: 260
[2023-11-19 14:40:29,354][__main__][INFO] - alignment: tensor([24.,  3.,  5.,  1.,  1.,  1.,  3.,  1.,  0.,  1.,  1.,  1.,  1.,  1.,
         1.])
[2023-11-19 14:40:29,354][__main__][INFO] - feat_thresh: 0.3
[2023-11-19 14:40:29,354][__main__][INFO] - epoch: 0
[2023-11-19 14:40:30,613][__main__][INFO] - alignment: tensor([0., 0., 0., 0., 0., 0., 0., 0., 0., 0., 0., 0., 0., 0., 0.])
[2023-11-19 14:40:30,613][__main__][INFO] - epoch: 10
[2023-11-19 14:40:31,893][__main__][INFO] - alignment: tensor([0., 0., 0., 0., 0., 0., 0., 0., 0., 0., 0., 0., 0., 0., 0.])
[2023-11-19 14:40:31,893][__main__][INFO] - epoch: 20
[2023-11-19 14:40:33,144][__main__][INFO] - alignment: tensor([0., 0., 0., 0., 0., 0., 0., 0., 0., 0., 0., 0., 0., 0., 0.])
[2023-11-19 14:40:33,145][__main__][INFO] - epoch: 30
[2023-11-19 14:40:34,399][__main__][INFO] - alignment: tensor([0., 0., 0., 0., 0., 0., 0., 0., 0., 0., 0., 0., 0., 0., 0.])
[2023-11-19 14:40:34,399][__main__][INFO] - epoch: 40
[2023-11-19 14:40:35,640][__main__][INFO] - alignment: tensor([0., 0., 0., 0., 0., 0., 0., 0., 0., 0., 0., 0., 0., 0., 0.])
[2023-11-19 14:40:35,640][__main__][INFO] - epoch: 50
[2023-11-19 14:40:36,954][__main__][INFO] - alignment: tensor([0., 0., 0., 0., 0., 0., 0., 0., 0., 0., 0., 0., 0., 0., 0.])
[2023-11-19 14:40:36,954][__main__][INFO] - epoch: 60
[2023-11-19 14:40:38,225][__main__][INFO] - alignment: tensor([0., 0., 0., 0., 0., 0., 0., 0., 0., 0., 0., 0., 0., 0., 0.])
[2023-11-19 14:40:38,225][__main__][INFO] - epoch: 70
[2023-11-19 14:40:39,503][__main__][INFO] - alignment: tensor([12.,  0.,  0.,  0.,  0.,  0.,  0.,  0.,  0.,  0.,  0.,  0.,  0.,  0.,
         0.])
[2023-11-19 14:40:39,504][__main__][INFO] - epoch: 80
[2023-11-19 14:40:40,852][__main__][INFO] - alignment: tensor([33.,  0.,  0.,  0.,  0.,  0.,  0.,  0.,  0.,  0.,  0.,  0.,  0.,  0.,
         0.])
[2023-11-19 14:40:40,853][__main__][INFO] - epoch: 90
[2023-11-19 14:40:42,174][__main__][INFO] - alignment: tensor([102.,   0.,   3.,   0.,   0.,   0.,   0.,   0.,   0.,   0.,   1.,   0.,
          0.,   0.,   0.])
[2023-11-19 14:40:42,174][__main__][INFO] - epoch: 100
[2023-11-19 14:40:43,406][__main__][INFO] - alignment: tensor([136.,   1.,   3.,   0.,   0.,   0.,   0.,   0.,   0.,   0.,   1.,   1.,
          0.,   0.,   0.])
[2023-11-19 14:40:43,407][__main__][INFO] - epoch: 110
[2023-11-19 14:40:44,648][__main__][INFO] - alignment: tensor([139.,   5.,   4.,   0.,   0.,   0.,   0.,   0.,   0.,   0.,   1.,   1.,
          0.,   1.,   0.])
[2023-11-19 14:40:44,648][__main__][INFO] - epoch: 120
[2023-11-19 14:40:45,802][__main__][INFO] - alignment: tensor([116.,   5.,   5.,   0.,   0.,   0.,   1.,   0.,   0.,   0.,   1.,   1.,
          0.,   1.,   0.])
[2023-11-19 14:40:45,802][__main__][INFO] - epoch: 130
[2023-11-19 14:40:47,021][__main__][INFO] - alignment: tensor([99.,  4.,  5.,  0.,  0.,  1.,  1.,  0.,  0.,  1.,  1.,  1.,  0.,  1.,
         1.])
[2023-11-19 14:40:47,021][__main__][INFO] - epoch: 140
[2023-11-19 14:40:48,216][__main__][INFO] - alignment: tensor([82.,  3.,  5.,  0.,  1.,  1.,  1.,  1.,  0.,  1.,  1.,  1.,  1.,  1.,
         1.])
[2023-11-19 14:40:48,216][__main__][INFO] - epoch: 150
[2023-11-19 14:40:49,356][__main__][INFO] - alignment: tensor([74.,  3.,  5.,  1.,  1.,  1.,  1.,  1.,  0.,  1.,  1.,  1.,  1.,  1.,
         1.])
[2023-11-19 14:40:49,357][__main__][INFO] - epoch: 160
[2023-11-19 14:40:50,460][__main__][INFO] - alignment: tensor([69.,  3.,  5.,  1.,  2.,  1.,  3.,  1.,  0.,  1.,  1.,  1.,  1.,  1.,
         1.])
[2023-11-19 14:40:50,461][__main__][INFO] - epoch: 170
[2023-11-19 14:40:51,576][__main__][INFO] - alignment: tensor([65.,  3.,  5.,  1.,  2.,  1.,  3.,  1.,  0.,  1.,  1.,  1.,  1.,  1.,
         1.])
[2023-11-19 14:40:51,576][__main__][INFO] - epoch: 180
[2023-11-19 14:40:52,706][__main__][INFO] - alignment: tensor([56.,  3.,  5.,  1.,  2.,  1.,  3.,  1.,  0.,  1.,  1.,  1.,  1.,  1.,
         1.])
[2023-11-19 14:40:52,706][__main__][INFO] - epoch: 190
[2023-11-19 14:40:53,980][__main__][INFO] - alignment: tensor([50.,  3.,  5.,  1.,  2.,  1.,  3.,  1.,  0.,  1.,  1.,  1.,  1.,  1.,
         1.])
[2023-11-19 14:40:53,980][__main__][INFO] - epoch: 200
[2023-11-19 14:40:55,133][__main__][INFO] - alignment: tensor([46.,  3.,  4.,  1.,  2.,  1.,  3.,  1.,  0.,  1.,  1.,  1.,  1.,  1.,
         1.])
[2023-11-19 14:40:55,134][__main__][INFO] - epoch: 210
[2023-11-19 14:40:56,248][__main__][INFO] - alignment: tensor([42.,  3.,  5.,  1.,  2.,  1.,  3.,  1.,  0.,  1.,  1.,  1.,  1.,  1.,
         1.])
[2023-11-19 14:40:56,248][__main__][INFO] - epoch: 220
[2023-11-19 14:40:57,523][__main__][INFO] - alignment: tensor([44.,  3.,  5.,  1.,  2.,  1.,  3.,  1.,  0.,  1.,  1.,  1.,  1.,  1.,
         1.])
[2023-11-19 14:40:57,523][__main__][INFO] - epoch: 230
[2023-11-19 14:40:58,675][__main__][INFO] - alignment: tensor([43.,  3.,  5.,  1.,  2.,  1.,  3.,  1.,  0.,  1.,  1.,  1.,  1.,  1.,
         1.])
[2023-11-19 14:40:58,675][__main__][INFO] - epoch: 240
[2023-11-19 14:40:59,886][__main__][INFO] - alignment: tensor([40.,  3.,  5.,  1.,  2.,  1.,  3.,  1.,  0.,  1.,  1.,  1.,  1.,  1.,
         1.])
[2023-11-19 14:40:59,886][__main__][INFO] - epoch: 250
[2023-11-19 14:41:01,149][__main__][INFO] - alignment: tensor([39.,  3.,  5.,  1.,  2.,  1.,  3.,  1.,  0.,  1.,  1.,  1.,  1.,  1.,
         1.])
[2023-11-19 14:41:01,149][__main__][INFO] - epoch: 260
[2023-11-19 14:41:02,280][__main__][INFO] - alignment: tensor([39.,  3.,  5.,  1.,  2.,  1.,  3.,  1.,  0.,  1.,  1.,  1.,  1.,  1.,
         1.])
[2023-11-19 14:41:02,360][__main__][INFO] - Training losses plot: train_losses.png
[2023-11-19 14:41:02,442][__main__][INFO] - Accuracies plot: accuracies.png
