[2023-11-18 20:22:52,825][hydra.utils][INFO] - Logging from main
[2023-11-18 21:00:52,576][__main__][INFO] - Model weights saved at: model.pt
[2023-11-18 21:00:52,590][__main__][INFO] - Training accuracy: 1.0
[2023-11-18 21:00:52,590][__main__][INFO] - Testing accuracy: 0.9086666666666666
[2023-11-18 21:00:52,591][__main__][INFO] - feat_thresh: 0.1
[2023-11-18 21:00:52,591][__main__][INFO] - epoch: 0
[2023-11-18 21:00:54,243][__main__][INFO] - alignment: tensor([0., 0., 0., 0., 0., 0., 0., 0., 0., 0., 0., 0., 0., 0., 0.])
[2023-11-18 21:00:54,244][__main__][INFO] - epoch: 10
[2023-11-18 21:00:55,705][__main__][INFO] - alignment: tensor([0., 0., 0., 0., 0., 0., 0., 0., 0., 0., 0., 0., 0., 0., 0.])
[2023-11-18 21:00:55,705][__main__][INFO] - epoch: 20
[2023-11-18 21:00:57,435][__main__][INFO] - alignment: tensor([0., 0., 0., 0., 0., 0., 0., 0., 0., 0., 0., 0., 0., 0., 0.])
[2023-11-18 21:00:57,435][__main__][INFO] - epoch: 30
[2023-11-18 21:00:59,029][__main__][INFO] - alignment: tensor([0., 0., 0., 0., 0., 0., 0., 0., 0., 0., 0., 0., 0., 0., 0.])
[2023-11-18 21:00:59,029][__main__][INFO] - epoch: 40
[2023-11-18 21:01:00,670][__main__][INFO] - alignment: tensor([0., 0., 0., 0., 0., 0., 0., 0., 0., 0., 0., 0., 0., 0., 0.])
[2023-11-18 21:01:00,671][__main__][INFO] - epoch: 50
[2023-11-18 21:01:02,247][__main__][INFO] - alignment: tensor([0., 0., 0., 0., 0., 0., 0., 0., 0., 0., 0., 0., 0., 0., 0.])
[2023-11-18 21:01:02,247][__main__][INFO] - epoch: 60
[2023-11-18 21:01:03,798][__main__][INFO] - alignment: tensor([0., 0., 0., 0., 0., 0., 0., 0., 0., 0., 0., 0., 0., 0., 0.])
[2023-11-18 21:01:03,798][__main__][INFO] - epoch: 70
[2023-11-18 21:01:05,343][__main__][INFO] - alignment: tensor([0., 0., 0., 0., 0., 0., 0., 0., 0., 0., 0., 0., 0., 0., 0.])
[2023-11-18 21:01:05,343][__main__][INFO] - epoch: 80
[2023-11-18 21:01:06,882][__main__][INFO] - alignment: tensor([0., 0., 0., 0., 0., 0., 0., 0., 0., 0., 0., 0., 0., 0., 0.])
[2023-11-18 21:01:06,882][__main__][INFO] - epoch: 90
[2023-11-18 21:01:08,555][__main__][INFO] - alignment: tensor([0., 0., 0., 0., 0., 0., 0., 0., 0., 0., 0., 0., 0., 0., 0.])
[2023-11-18 21:01:08,556][__main__][INFO] - epoch: 100
[2023-11-18 21:01:10,149][__main__][INFO] - alignment: tensor([0., 0., 0., 0., 0., 0., 0., 0., 0., 0., 0., 0., 0., 0., 0.])
[2023-11-18 21:01:10,149][__main__][INFO] - epoch: 110
[2023-11-18 21:01:11,449][__main__][INFO] - alignment: tensor([0., 0., 0., 0., 0., 0., 0., 0., 0., 0., 0., 0., 0., 0., 0.])
[2023-11-18 21:01:11,449][__main__][INFO] - epoch: 120
[2023-11-18 21:01:12,992][__main__][INFO] - alignment: tensor([0., 0., 0., 0., 0., 0., 0., 0., 0., 0., 0., 0., 0., 0., 0.])
[2023-11-18 21:01:12,992][__main__][INFO] - epoch: 130
[2023-11-18 21:01:14,380][__main__][INFO] - alignment: tensor([0., 0., 0., 0., 0., 0., 0., 0., 0., 0., 0., 0., 0., 0., 0.])
[2023-11-18 21:01:14,380][__main__][INFO] - epoch: 140
[2023-11-18 21:01:16,232][__main__][INFO] - alignment: tensor([0., 0., 0., 0., 0., 0., 0., 0., 0., 0., 0., 0., 0., 0., 0.])
[2023-11-18 21:01:16,232][__main__][INFO] - epoch: 150
[2023-11-18 21:01:17,848][__main__][INFO] - alignment: tensor([0., 0., 0., 0., 0., 0., 0., 0., 0., 0., 0., 0., 0., 0., 0.])
[2023-11-18 21:01:17,848][__main__][INFO] - epoch: 160
[2023-11-18 21:01:19,349][__main__][INFO] - alignment: tensor([0., 0., 0., 0., 0., 0., 0., 0., 0., 0., 0., 0., 0., 0., 0.])
[2023-11-18 21:01:19,349][__main__][INFO] - epoch: 170
[2023-11-18 21:01:20,902][__main__][INFO] - alignment: tensor([0., 0., 0., 0., 0., 0., 0., 0., 0., 0., 0., 0., 0., 0., 0.])
[2023-11-18 21:01:20,902][__main__][INFO] - epoch: 180
[2023-11-18 21:01:22,408][__main__][INFO] - alignment: tensor([0., 0., 0., 0., 0., 0., 0., 0., 0., 0., 0., 0., 0., 0., 0.])
[2023-11-18 21:01:22,409][__main__][INFO] - epoch: 190
[2023-11-18 21:01:23,849][__main__][INFO] - alignment: tensor([0., 0., 0., 0., 0., 0., 0., 0., 0., 0., 0., 0., 0., 0., 0.])
[2023-11-18 21:01:23,849][__main__][INFO] - epoch: 200
[2023-11-18 21:01:25,336][__main__][INFO] - alignment: tensor([0., 0., 0., 0., 0., 0., 0., 0., 0., 0., 0., 0., 0., 0., 0.])
[2023-11-18 21:01:25,336][__main__][INFO] - epoch: 210
[2023-11-18 21:01:26,804][__main__][INFO] - alignment: tensor([0., 0., 0., 0., 0., 0., 0., 0., 0., 0., 0., 0., 0., 0., 0.])
[2023-11-18 21:01:26,804][__main__][INFO] - epoch: 220
[2023-11-18 21:01:28,202][__main__][INFO] - alignment: tensor([0., 0., 0., 0., 0., 0., 0., 0., 0., 0., 0., 0., 0., 0., 0.])
[2023-11-18 21:01:28,203][__main__][INFO] - epoch: 230
[2023-11-18 21:01:29,657][__main__][INFO] - alignment: tensor([0., 0., 0., 0., 0., 0., 0., 0., 0., 0., 0., 0., 0., 0., 0.])
[2023-11-18 21:01:29,657][__main__][INFO] - epoch: 240
[2023-11-18 21:01:31,140][__main__][INFO] - alignment: tensor([0., 0., 0., 0., 0., 0., 0., 0., 0., 0., 0., 0., 0., 0., 0.])
[2023-11-18 21:01:31,141][__main__][INFO] - epoch: 250
[2023-11-18 21:01:32,606][__main__][INFO] - alignment: tensor([0., 0., 0., 0., 0., 0., 0., 0., 0., 0., 0., 0., 0., 0., 0.])
[2023-11-18 21:01:32,607][__main__][INFO] - epoch: 260
[2023-11-18 21:01:34,044][__main__][INFO] - alignment: tensor([0., 0., 0., 0., 0., 0., 0., 0., 0., 0., 0., 0., 0., 0., 0.])
[2023-11-18 21:01:34,044][__main__][INFO] - epoch: 270
[2023-11-18 21:01:35,627][__main__][INFO] - alignment: tensor([0., 0., 0., 0., 0., 0., 0., 0., 0., 0., 0., 0., 0., 0., 0.])
[2023-11-18 21:01:35,627][__main__][INFO] - epoch: 280
[2023-11-18 21:01:37,328][__main__][INFO] - alignment: tensor([1., 0., 0., 0., 0., 0., 0., 0., 0., 0., 0., 0., 0., 0., 0.])
[2023-11-18 21:01:37,329][__main__][INFO] - epoch: 290
[2023-11-18 21:01:38,830][__main__][INFO] - alignment: tensor([1., 0., 0., 0., 0., 0., 0., 0., 0., 0., 0., 0., 0., 0., 0.])
[2023-11-18 21:01:38,830][__main__][INFO] - epoch: 300
[2023-11-18 21:01:40,363][__main__][INFO] - alignment: tensor([1., 0., 0., 0., 0., 0., 0., 0., 0., 0., 0., 0., 0., 0., 0.])
[2023-11-18 21:01:40,364][__main__][INFO] - epoch: 310
[2023-11-18 21:01:41,794][__main__][INFO] - alignment: tensor([1., 0., 0., 0., 0., 0., 0., 0., 0., 0., 0., 0., 0., 0., 0.])
[2023-11-18 21:01:41,794][__main__][INFO] - epoch: 320
[2023-11-18 21:01:43,132][__main__][INFO] - alignment: tensor([1., 0., 0., 0., 0., 0., 0., 0., 0., 0., 0., 0., 0., 0., 0.])
[2023-11-18 21:01:43,132][__main__][INFO] - epoch: 330
[2023-11-18 21:01:44,646][__main__][INFO] - alignment: tensor([1., 0., 0., 0., 0., 0., 0., 0., 0., 0., 0., 0., 0., 0., 0.])
[2023-11-18 21:01:44,646][__main__][INFO] - epoch: 340
[2023-11-18 21:01:46,229][__main__][INFO] - alignment: tensor([2., 0., 0., 0., 0., 0., 0., 0., 0., 0., 0., 0., 0., 0., 0.])
[2023-11-18 21:01:46,229][__main__][INFO] - epoch: 350
[2023-11-18 21:01:47,700][__main__][INFO] - alignment: tensor([2., 0., 0., 0., 0., 0., 0., 0., 0., 0., 0., 0., 0., 0., 0.])
[2023-11-18 21:01:47,700][__main__][INFO] - epoch: 360
[2023-11-18 21:01:49,215][__main__][INFO] - alignment: tensor([2., 1., 0., 0., 0., 0., 0., 0., 0., 0., 0., 0., 0., 0., 0.])
[2023-11-18 21:01:49,215][__main__][INFO] - epoch: 370
[2023-11-18 21:01:50,801][__main__][INFO] - alignment: tensor([6., 1., 0., 0., 0., 0., 0., 0., 0., 0., 0., 0., 0., 0., 0.])
[2023-11-18 21:01:50,802][__main__][INFO] - epoch: 380
[2023-11-18 21:01:52,273][__main__][INFO] - alignment: tensor([10.,  1.,  0.,  0.,  0.,  0.,  0.,  0.,  0.,  0.,  0.,  0.,  0.,  0.,
         0.])
[2023-11-18 21:01:52,273][__main__][INFO] - epoch: 390
[2023-11-18 21:01:53,906][__main__][INFO] - alignment: tensor([11.,  1.,  0.,  0.,  0.,  0.,  0.,  0.,  0.,  0.,  0.,  0.,  0.,  0.,
         0.])
[2023-11-18 21:01:53,906][__main__][INFO] - epoch: 400
[2023-11-18 21:01:55,660][__main__][INFO] - alignment: tensor([10.,  1.,  0.,  0.,  0.,  0.,  0.,  0.,  0.,  0.,  0.,  0.,  1.,  0.,
         0.])
[2023-11-18 21:01:55,660][__main__][INFO] - epoch: 410
[2023-11-18 21:01:57,214][__main__][INFO] - alignment: tensor([11.,  1.,  0.,  0.,  0.,  0.,  0.,  0.,  0.,  0.,  0.,  0.,  1.,  0.,
         0.])
[2023-11-18 21:01:57,214][__main__][INFO] - epoch: 420
[2023-11-18 21:01:58,849][__main__][INFO] - alignment: tensor([8., 1., 1., 0., 0., 0., 0., 0., 0., 0., 0., 0., 1., 0., 0.])
[2023-11-18 21:01:58,849][__main__][INFO] - epoch: 430
[2023-11-18 21:02:00,356][__main__][INFO] - alignment: tensor([8., 1., 1., 0., 0., 0., 0., 0., 0., 1., 0., 0., 1., 0., 0.])
[2023-11-18 21:02:00,357][__main__][INFO] - epoch: 440
[2023-11-18 21:02:01,933][__main__][INFO] - alignment: tensor([7., 1., 1., 0., 0., 0., 0., 0., 0., 1., 0., 0., 1., 0., 0.])
[2023-11-18 21:02:01,933][__main__][INFO] - epoch: 450
[2023-11-18 21:02:03,377][__main__][INFO] - alignment: tensor([7., 1., 1., 0., 0., 0., 0., 0., 0., 1., 0., 0., 1., 0., 0.])
[2023-11-18 21:02:03,378][__main__][INFO] - epoch: 460
[2023-11-18 21:02:04,775][__main__][INFO] - alignment: tensor([7., 1., 1., 0., 0., 0., 0., 0., 0., 1., 0., 0., 1., 0., 0.])
[2023-11-18 21:02:04,776][__main__][INFO] - epoch: 470
[2023-11-18 21:02:06,099][__main__][INFO] - alignment: tensor([7., 1., 1., 0., 0., 0., 0., 0., 0., 1., 0., 0., 1., 0., 0.])
[2023-11-18 21:02:06,099][__main__][INFO] - epoch: 480
[2023-11-18 21:02:07,480][__main__][INFO] - alignment: tensor([4., 1., 1., 0., 0., 0., 0., 0., 0., 1., 0., 0., 1., 0., 0.])
[2023-11-18 21:02:07,481][__main__][INFO] - epoch: 490
[2023-11-18 21:02:09,057][__main__][INFO] - alignment: tensor([6., 1., 1., 0., 0., 0., 0., 0., 0., 1., 0., 0., 1., 0., 0.])
[2023-11-18 21:02:09,057][__main__][INFO] - epoch: 500
[2023-11-18 21:02:10,538][__main__][INFO] - alignment: tensor([5., 1., 0., 0., 0., 0., 0., 0., 0., 1., 0., 0., 1., 0., 0.])
[2023-11-18 21:02:10,539][__main__][INFO] - epoch: 510
[2023-11-18 21:02:12,179][__main__][INFO] - alignment: tensor([5., 1., 1., 0., 0., 0., 0., 0., 0., 1., 0., 0., 1., 0., 0.])
[2023-11-18 21:02:12,179][__main__][INFO] - epoch: 520
[2023-11-18 21:02:14,223][__main__][INFO] - alignment: tensor([5., 1., 1., 0., 0., 0., 0., 0., 0., 1., 0., 0., 1., 0., 0.])
[2023-11-18 21:02:14,223][__main__][INFO] - feat_thresh: 0.2
[2023-11-18 21:02:14,223][__main__][INFO] - epoch: 0
[2023-11-18 21:02:15,843][__main__][INFO] - alignment: tensor([0., 0., 0., 0., 0., 0., 0., 0., 0., 0., 0., 0., 0., 0., 0.])
[2023-11-18 21:02:15,844][__main__][INFO] - epoch: 10
[2023-11-18 21:02:17,442][__main__][INFO] - alignment: tensor([0., 0., 0., 0., 0., 0., 0., 0., 0., 0., 0., 0., 0., 0., 0.])
[2023-11-18 21:02:17,443][__main__][INFO] - epoch: 20
[2023-11-18 21:02:19,492][__main__][INFO] - alignment: tensor([0., 0., 0., 0., 0., 0., 0., 0., 0., 0., 0., 0., 0., 0., 0.])
[2023-11-18 21:02:19,492][__main__][INFO] - epoch: 30
[2023-11-18 21:02:21,563][__main__][INFO] - alignment: tensor([0., 0., 0., 0., 0., 0., 0., 0., 0., 0., 0., 0., 0., 0., 0.])
[2023-11-18 21:02:21,563][__main__][INFO] - epoch: 40
[2023-11-18 21:02:22,964][__main__][INFO] - alignment: tensor([0., 0., 0., 0., 0., 0., 0., 0., 0., 0., 0., 0., 0., 0., 0.])
[2023-11-18 21:02:22,964][__main__][INFO] - epoch: 50
[2023-11-18 21:02:24,490][__main__][INFO] - alignment: tensor([0., 0., 0., 0., 0., 0., 0., 0., 0., 0., 0., 0., 0., 0., 0.])
[2023-11-18 21:02:24,490][__main__][INFO] - epoch: 60
[2023-11-18 21:02:25,931][__main__][INFO] - alignment: tensor([0., 0., 0., 0., 0., 0., 0., 0., 0., 0., 0., 0., 0., 0., 0.])
[2023-11-18 21:02:25,931][__main__][INFO] - epoch: 70
[2023-11-18 21:02:27,544][__main__][INFO] - alignment: tensor([0., 0., 0., 0., 0., 0., 0., 0., 0., 0., 0., 0., 0., 0., 0.])
[2023-11-18 21:02:27,544][__main__][INFO] - epoch: 80
[2023-11-18 21:02:29,306][__main__][INFO] - alignment: tensor([0., 0., 0., 0., 0., 0., 0., 0., 0., 0., 0., 0., 0., 0., 0.])
[2023-11-18 21:02:29,307][__main__][INFO] - epoch: 90
[2023-11-18 21:02:30,958][__main__][INFO] - alignment: tensor([0., 0., 0., 0., 0., 0., 0., 0., 0., 0., 0., 0., 0., 0., 0.])
[2023-11-18 21:02:30,958][__main__][INFO] - epoch: 100
[2023-11-18 21:02:32,487][__main__][INFO] - alignment: tensor([0., 0., 0., 0., 0., 0., 0., 0., 0., 0., 0., 0., 0., 0., 0.])
[2023-11-18 21:02:32,487][__main__][INFO] - epoch: 110
[2023-11-18 21:02:34,143][__main__][INFO] - alignment: tensor([0., 0., 0., 0., 0., 0., 0., 0., 0., 0., 0., 0., 0., 0., 0.])
[2023-11-18 21:02:34,143][__main__][INFO] - epoch: 120
[2023-11-18 21:02:35,505][__main__][INFO] - alignment: tensor([0., 0., 0., 0., 0., 0., 0., 0., 0., 0., 0., 0., 0., 0., 0.])
[2023-11-18 21:02:35,505][__main__][INFO] - epoch: 130
[2023-11-18 21:02:37,020][__main__][INFO] - alignment: tensor([0., 0., 0., 0., 0., 0., 0., 0., 0., 0., 0., 0., 0., 0., 0.])
[2023-11-18 21:02:37,021][__main__][INFO] - epoch: 140
[2023-11-18 21:02:38,498][__main__][INFO] - alignment: tensor([0., 0., 0., 0., 0., 0., 0., 0., 0., 0., 0., 0., 0., 0., 0.])
[2023-11-18 21:02:38,498][__main__][INFO] - epoch: 150
[2023-11-18 21:02:39,839][__main__][INFO] - alignment: tensor([0., 0., 0., 0., 0., 0., 0., 0., 0., 0., 0., 0., 0., 0., 0.])
[2023-11-18 21:02:39,839][__main__][INFO] - epoch: 160
[2023-11-18 21:02:41,250][__main__][INFO] - alignment: tensor([0., 0., 0., 0., 0., 0., 0., 0., 0., 0., 0., 0., 0., 0., 0.])
[2023-11-18 21:02:41,250][__main__][INFO] - epoch: 170
[2023-11-18 21:02:42,762][__main__][INFO] - alignment: tensor([0., 0., 0., 0., 0., 0., 0., 0., 0., 0., 0., 0., 0., 0., 0.])
[2023-11-18 21:02:42,763][__main__][INFO] - epoch: 180
[2023-11-18 21:02:44,341][__main__][INFO] - alignment: tensor([0., 0., 0., 0., 0., 0., 0., 0., 0., 0., 0., 0., 0., 0., 0.])
[2023-11-18 21:02:44,341][__main__][INFO] - epoch: 190
[2023-11-18 21:02:45,872][__main__][INFO] - alignment: tensor([0., 0., 0., 0., 0., 0., 0., 0., 0., 0., 0., 0., 0., 0., 0.])
[2023-11-18 21:02:45,872][__main__][INFO] - epoch: 200
[2023-11-18 21:02:47,353][__main__][INFO] - alignment: tensor([0., 0., 0., 0., 0., 0., 0., 0., 0., 0., 0., 0., 0., 0., 0.])
[2023-11-18 21:02:47,353][__main__][INFO] - epoch: 210
[2023-11-18 21:02:48,715][__main__][INFO] - alignment: tensor([0., 0., 0., 0., 0., 0., 0., 0., 0., 0., 0., 0., 0., 0., 0.])
[2023-11-18 21:02:48,715][__main__][INFO] - epoch: 220
[2023-11-18 21:02:50,154][__main__][INFO] - alignment: tensor([0., 0., 0., 0., 0., 0., 0., 0., 0., 0., 0., 0., 0., 0., 0.])
[2023-11-18 21:02:50,154][__main__][INFO] - epoch: 230
[2023-11-18 21:02:51,653][__main__][INFO] - alignment: tensor([0., 0., 0., 0., 0., 0., 0., 0., 0., 0., 0., 0., 0., 0., 0.])
[2023-11-18 21:02:51,653][__main__][INFO] - epoch: 240
[2023-11-18 21:02:53,031][__main__][INFO] - alignment: tensor([0., 0., 0., 0., 0., 0., 0., 0., 0., 0., 0., 0., 0., 0., 0.])
[2023-11-18 21:02:53,031][__main__][INFO] - epoch: 250
[2023-11-18 21:02:54,394][__main__][INFO] - alignment: tensor([0., 0., 0., 0., 0., 0., 0., 0., 0., 0., 0., 0., 0., 0., 0.])
[2023-11-18 21:02:54,394][__main__][INFO] - epoch: 260
[2023-11-18 21:02:55,927][__main__][INFO] - alignment: tensor([0., 0., 0., 0., 0., 0., 0., 0., 0., 0., 0., 0., 0., 0., 0.])
[2023-11-18 21:02:55,928][__main__][INFO] - epoch: 270
[2023-11-18 21:02:57,293][__main__][INFO] - alignment: tensor([1., 0., 0., 0., 0., 0., 0., 0., 0., 0., 0., 0., 0., 0., 0.])
[2023-11-18 21:02:57,294][__main__][INFO] - epoch: 280
[2023-11-18 21:02:58,616][__main__][INFO] - alignment: tensor([1., 0., 0., 0., 0., 0., 0., 0., 0., 0., 0., 0., 0., 0., 0.])
[2023-11-18 21:02:58,616][__main__][INFO] - epoch: 290
[2023-11-18 21:03:00,064][__main__][INFO] - alignment: tensor([1., 0., 0., 0., 0., 0., 0., 0., 0., 0., 0., 0., 0., 0., 0.])
[2023-11-18 21:03:00,065][__main__][INFO] - epoch: 300
[2023-11-18 21:03:01,414][__main__][INFO] - alignment: tensor([3., 0., 0., 0., 0., 0., 0., 0., 0., 0., 0., 0., 0., 0., 0.])
[2023-11-18 21:03:01,414][__main__][INFO] - epoch: 310
[2023-11-18 21:03:02,860][__main__][INFO] - alignment: tensor([2., 0., 0., 0., 0., 0., 0., 0., 0., 0., 0., 0., 0., 0., 0.])
[2023-11-18 21:03:02,860][__main__][INFO] - epoch: 320
[2023-11-18 21:03:04,361][__main__][INFO] - alignment: tensor([5., 0., 0., 0., 0., 0., 0., 0., 0., 0., 0., 0., 0., 0., 0.])
[2023-11-18 21:03:04,362][__main__][INFO] - epoch: 330
[2023-11-18 21:03:05,731][__main__][INFO] - alignment: tensor([7., 0., 0., 0., 0., 0., 0., 0., 0., 0., 0., 0., 0., 0., 0.])
[2023-11-18 21:03:05,731][__main__][INFO] - epoch: 340
[2023-11-18 21:03:07,152][__main__][INFO] - alignment: tensor([10.,  0.,  0.,  0.,  0.,  0.,  0.,  0.,  0.,  0.,  0.,  0.,  0.,  0.,
         0.])
[2023-11-18 21:03:07,152][__main__][INFO] - epoch: 350
[2023-11-18 21:03:08,635][__main__][INFO] - alignment: tensor([12.,  1.,  0.,  0.,  0.,  0.,  0.,  0.,  0.,  0.,  0.,  0.,  0.,  0.,
         0.])
[2023-11-18 21:03:08,635][__main__][INFO] - epoch: 360
[2023-11-18 21:03:09,966][__main__][INFO] - alignment: tensor([32.,  1.,  0.,  0.,  0.,  0.,  0.,  0.,  0.,  0.,  0.,  0.,  0.,  0.,
         0.])
[2023-11-18 21:03:09,966][__main__][INFO] - epoch: 370
[2023-11-18 21:03:11,424][__main__][INFO] - alignment: tensor([45.,  1.,  0.,  0.,  0.,  0.,  0.,  0.,  0.,  0.,  0.,  0.,  0.,  0.,
         0.])
[2023-11-18 21:03:11,424][__main__][INFO] - epoch: 380
[2023-11-18 21:03:12,885][__main__][INFO] - alignment: tensor([45.,  1.,  0.,  0.,  0.,  0.,  0.,  0.,  0.,  1.,  0.,  0.,  1.,  0.,
         0.])
[2023-11-18 21:03:12,885][__main__][INFO] - epoch: 390
[2023-11-18 21:03:14,655][__main__][INFO] - alignment: tensor([41.,  1.,  1.,  0.,  0.,  0.,  0.,  0.,  0.,  1.,  0.,  0.,  1.,  0.,
         1.])
[2023-11-18 21:03:14,655][__main__][INFO] - epoch: 400
[2023-11-18 21:03:16,048][__main__][INFO] - alignment: tensor([37.,  1.,  1.,  0.,  0.,  0.,  0.,  0.,  0.,  1.,  0.,  0.,  1.,  0.,
         1.])
[2023-11-18 21:03:16,048][__main__][INFO] - epoch: 410
[2023-11-18 21:03:17,409][__main__][INFO] - alignment: tensor([35.,  1.,  2.,  0.,  0.,  0.,  0.,  0.,  0.,  1.,  0.,  0.,  1.,  0.,
         1.])
[2023-11-18 21:03:17,409][__main__][INFO] - epoch: 420
[2023-11-18 21:03:18,730][__main__][INFO] - alignment: tensor([30.,  1.,  2.,  0.,  0.,  0.,  0.,  0.,  0.,  1.,  0.,  0.,  1.,  0.,
         1.])
[2023-11-18 21:03:18,730][__main__][INFO] - epoch: 430
[2023-11-18 21:03:20,202][__main__][INFO] - alignment: tensor([25.,  1.,  1.,  0.,  0.,  0.,  0.,  0.,  0.,  1.,  0.,  0.,  1.,  0.,
         1.])
[2023-11-18 21:03:20,202][__main__][INFO] - epoch: 440
[2023-11-18 21:03:21,778][__main__][INFO] - alignment: tensor([24.,  1.,  2.,  0.,  0.,  0.,  0.,  0.,  0.,  1.,  1.,  0.,  1.,  0.,
         1.])
[2023-11-18 21:03:21,778][__main__][INFO] - epoch: 450
[2023-11-18 21:03:23,244][__main__][INFO] - alignment: tensor([18.,  1.,  2.,  0.,  0.,  0.,  0.,  0.,  0.,  1.,  1.,  0.,  1.,  0.,
         1.])
[2023-11-18 21:03:23,245][__main__][INFO] - epoch: 460
[2023-11-18 21:03:24,619][__main__][INFO] - alignment: tensor([17.,  1.,  2.,  0.,  1.,  0.,  0.,  0.,  0.,  1.,  1.,  0.,  1.,  0.,
         1.])
[2023-11-18 21:03:24,619][__main__][INFO] - epoch: 470
[2023-11-18 21:03:25,924][__main__][INFO] - alignment: tensor([17.,  1.,  2.,  0.,  1.,  0.,  0.,  0.,  0.,  1.,  1.,  0.,  1.,  0.,
         1.])
[2023-11-18 21:03:25,925][__main__][INFO] - epoch: 480
[2023-11-18 21:03:27,235][__main__][INFO] - alignment: tensor([13.,  1.,  2.,  0.,  1.,  0.,  0.,  0.,  0.,  1.,  1.,  0.,  1.,  0.,
         1.])
[2023-11-18 21:03:27,236][__main__][INFO] - epoch: 490
[2023-11-18 21:03:28,634][__main__][INFO] - alignment: tensor([13.,  1.,  2.,  0.,  1.,  0.,  0.,  0.,  0.,  1.,  1.,  0.,  1.,  0.,
         1.])
[2023-11-18 21:03:28,634][__main__][INFO] - epoch: 500
[2023-11-18 21:03:30,079][__main__][INFO] - alignment: tensor([11.,  1.,  2.,  0.,  1.,  0.,  0.,  0.,  0.,  1.,  1.,  1.,  1.,  0.,
         1.])
[2023-11-18 21:03:30,080][__main__][INFO] - epoch: 510
[2023-11-18 21:03:31,515][__main__][INFO] - alignment: tensor([11.,  1.,  2.,  0.,  1.,  0.,  0.,  0.,  0.,  1.,  1.,  1.,  1.,  0.,
         1.])
[2023-11-18 21:03:31,516][__main__][INFO] - epoch: 520
[2023-11-18 21:03:32,855][__main__][INFO] - alignment: tensor([11.,  1.,  2.,  0.,  1.,  0.,  0.,  0.,  0.,  1.,  1.,  1.,  1.,  0.,
         1.])
[2023-11-18 21:03:32,855][__main__][INFO] - feat_thresh: 0.3
[2023-11-18 21:03:32,855][__main__][INFO] - epoch: 0
[2023-11-18 21:03:34,335][__main__][INFO] - alignment: tensor([0., 0., 0., 0., 0., 0., 0., 0., 0., 0., 0., 0., 0., 0., 0.])
[2023-11-18 21:03:34,335][__main__][INFO] - epoch: 10
[2023-11-18 21:03:35,762][__main__][INFO] - alignment: tensor([0., 0., 0., 0., 0., 0., 0., 0., 0., 0., 0., 0., 0., 0., 0.])
[2023-11-18 21:03:35,763][__main__][INFO] - epoch: 20
[2023-11-18 21:03:37,181][__main__][INFO] - alignment: tensor([0., 0., 0., 0., 0., 0., 0., 0., 0., 0., 0., 0., 0., 0., 0.])
[2023-11-18 21:03:37,181][__main__][INFO] - epoch: 30
[2023-11-18 21:03:38,522][__main__][INFO] - alignment: tensor([0., 0., 0., 0., 0., 0., 0., 0., 0., 0., 0., 0., 0., 0., 0.])
[2023-11-18 21:03:38,522][__main__][INFO] - epoch: 40
[2023-11-18 21:03:39,921][__main__][INFO] - alignment: tensor([0., 0., 0., 0., 0., 0., 0., 0., 0., 0., 0., 0., 0., 0., 0.])
[2023-11-18 21:03:39,922][__main__][INFO] - epoch: 50
[2023-11-18 21:03:41,440][__main__][INFO] - alignment: tensor([0., 0., 0., 0., 0., 0., 0., 0., 0., 0., 0., 0., 0., 0., 0.])
[2023-11-18 21:03:41,440][__main__][INFO] - epoch: 60
[2023-11-18 21:03:42,966][__main__][INFO] - alignment: tensor([0., 0., 0., 0., 0., 0., 0., 0., 0., 0., 0., 0., 0., 0., 0.])
[2023-11-18 21:03:42,966][__main__][INFO] - epoch: 70
[2023-11-18 21:03:44,266][__main__][INFO] - alignment: tensor([0., 0., 0., 0., 0., 0., 0., 0., 0., 0., 0., 0., 0., 0., 0.])
[2023-11-18 21:03:44,266][__main__][INFO] - epoch: 80
[2023-11-18 21:03:45,657][__main__][INFO] - alignment: tensor([0., 0., 0., 0., 0., 0., 0., 0., 0., 0., 0., 0., 0., 0., 0.])
[2023-11-18 21:03:45,657][__main__][INFO] - epoch: 90
[2023-11-18 21:03:47,038][__main__][INFO] - alignment: tensor([0., 0., 0., 0., 0., 0., 0., 0., 0., 0., 0., 0., 0., 0., 0.])
[2023-11-18 21:03:47,039][__main__][INFO] - epoch: 100
[2023-11-18 21:03:48,377][__main__][INFO] - alignment: tensor([0., 0., 0., 0., 0., 0., 0., 0., 0., 0., 0., 0., 0., 0., 0.])
[2023-11-18 21:03:48,378][__main__][INFO] - epoch: 110
[2023-11-18 21:03:49,800][__main__][INFO] - alignment: tensor([0., 0., 0., 0., 0., 0., 0., 0., 0., 0., 0., 0., 0., 0., 0.])
[2023-11-18 21:03:49,800][__main__][INFO] - epoch: 120
[2023-11-18 21:03:51,094][__main__][INFO] - alignment: tensor([0., 0., 0., 0., 0., 0., 0., 0., 0., 0., 0., 0., 0., 0., 0.])
[2023-11-18 21:03:51,095][__main__][INFO] - epoch: 130
[2023-11-18 21:03:52,588][__main__][INFO] - alignment: tensor([0., 0., 0., 0., 0., 0., 0., 0., 0., 0., 0., 0., 0., 0., 0.])
[2023-11-18 21:03:52,588][__main__][INFO] - epoch: 140
[2023-11-18 21:03:53,978][__main__][INFO] - alignment: tensor([0., 0., 0., 0., 0., 0., 0., 0., 0., 0., 0., 0., 0., 0., 0.])
[2023-11-18 21:03:53,978][__main__][INFO] - epoch: 150
[2023-11-18 21:03:55,410][__main__][INFO] - alignment: tensor([0., 0., 0., 0., 0., 0., 0., 0., 0., 0., 0., 0., 0., 0., 0.])
[2023-11-18 21:03:55,410][__main__][INFO] - epoch: 160
[2023-11-18 21:03:56,685][__main__][INFO] - alignment: tensor([0., 0., 0., 0., 0., 0., 0., 0., 0., 0., 0., 0., 0., 0., 0.])
[2023-11-18 21:03:56,685][__main__][INFO] - epoch: 170
[2023-11-18 21:03:58,020][__main__][INFO] - alignment: tensor([0., 0., 0., 0., 0., 0., 0., 0., 0., 0., 0., 0., 0., 0., 0.])
[2023-11-18 21:03:58,020][__main__][INFO] - epoch: 180
[2023-11-18 21:03:59,468][__main__][INFO] - alignment: tensor([0., 0., 0., 0., 0., 0., 0., 0., 0., 0., 0., 0., 0., 0., 0.])
[2023-11-18 21:03:59,469][__main__][INFO] - epoch: 190
[2023-11-18 21:04:00,888][__main__][INFO] - alignment: tensor([0., 0., 0., 0., 0., 0., 0., 0., 0., 0., 0., 0., 0., 0., 0.])
[2023-11-18 21:04:00,888][__main__][INFO] - epoch: 200
[2023-11-18 21:04:02,242][__main__][INFO] - alignment: tensor([0., 0., 0., 0., 0., 0., 0., 0., 0., 0., 0., 0., 0., 0., 0.])
[2023-11-18 21:04:02,242][__main__][INFO] - epoch: 210
[2023-11-18 21:04:03,624][__main__][INFO] - alignment: tensor([0., 0., 0., 0., 0., 0., 0., 0., 0., 0., 0., 0., 0., 0., 0.])
[2023-11-18 21:04:03,625][__main__][INFO] - epoch: 220
[2023-11-18 21:04:04,928][__main__][INFO] - alignment: tensor([0., 0., 0., 0., 0., 0., 0., 0., 0., 0., 0., 0., 0., 0., 0.])
[2023-11-18 21:04:04,928][__main__][INFO] - epoch: 230
[2023-11-18 21:04:06,195][__main__][INFO] - alignment: tensor([0., 0., 0., 0., 0., 0., 0., 0., 0., 0., 0., 0., 0., 0., 0.])
[2023-11-18 21:04:06,196][__main__][INFO] - epoch: 240
[2023-11-18 21:04:07,526][__main__][INFO] - alignment: tensor([0., 0., 0., 0., 0., 0., 0., 0., 0., 0., 0., 0., 0., 0., 0.])
[2023-11-18 21:04:07,526][__main__][INFO] - epoch: 250
[2023-11-18 21:04:08,847][__main__][INFO] - alignment: tensor([0., 0., 0., 0., 0., 0., 0., 0., 0., 0., 0., 0., 0., 0., 0.])
[2023-11-18 21:04:08,848][__main__][INFO] - epoch: 260
[2023-11-18 21:04:10,201][__main__][INFO] - alignment: tensor([1., 0., 0., 0., 0., 0., 0., 0., 0., 0., 0., 0., 0., 0., 0.])
[2023-11-18 21:04:10,201][__main__][INFO] - epoch: 270
[2023-11-18 21:04:11,528][__main__][INFO] - alignment: tensor([4., 0., 0., 0., 0., 0., 0., 0., 0., 0., 0., 0., 0., 0., 0.])
[2023-11-18 21:04:11,528][__main__][INFO] - epoch: 280
[2023-11-18 21:04:12,826][__main__][INFO] - alignment: tensor([9., 0., 0., 0., 0., 0., 0., 0., 0., 0., 0., 0., 0., 0., 0.])
[2023-11-18 21:04:12,827][__main__][INFO] - epoch: 290
[2023-11-18 21:04:14,392][__main__][INFO] - alignment: tensor([16.,  0.,  0.,  0.,  0.,  0.,  0.,  0.,  0.,  0.,  0.,  0.,  0.,  0.,
         0.])
[2023-11-18 21:04:14,393][__main__][INFO] - epoch: 300
[2023-11-18 21:04:15,883][__main__][INFO] - alignment: tensor([30.,  0.,  0.,  0.,  0.,  0.,  0.,  0.,  0.,  0.,  0.,  0.,  0.,  0.,
         0.])
[2023-11-18 21:04:15,884][__main__][INFO] - epoch: 310
[2023-11-18 21:04:17,232][__main__][INFO] - alignment: tensor([45.,  0.,  0.,  0.,  0.,  0.,  0.,  0.,  0.,  0.,  0.,  0.,  0.,  0.,
         0.])
[2023-11-18 21:04:17,233][__main__][INFO] - epoch: 320
[2023-11-18 21:04:18,680][__main__][INFO] - alignment: tensor([48.,  0.,  0.,  0.,  0.,  0.,  0.,  0.,  0.,  0.,  0.,  0.,  0.,  0.,
         0.])
[2023-11-18 21:04:18,680][__main__][INFO] - epoch: 330
[2023-11-18 21:04:20,126][__main__][INFO] - alignment: tensor([55.,  0.,  0.,  0.,  0.,  0.,  0.,  0.,  0.,  0.,  0.,  0.,  0.,  0.,
         0.])
[2023-11-18 21:04:20,126][__main__][INFO] - epoch: 340
[2023-11-18 21:04:21,551][__main__][INFO] - alignment: tensor([65.,  0.,  0.,  0.,  0.,  0.,  0.,  0.,  0.,  0.,  0.,  0.,  0.,  0.,
         0.])
[2023-11-18 21:04:21,551][__main__][INFO] - epoch: 350
[2023-11-18 21:04:22,907][__main__][INFO] - alignment: tensor([81.,  1.,  0.,  0.,  0.,  0.,  0.,  0.,  0.,  0.,  0.,  0.,  0.,  0.,
         0.])
[2023-11-18 21:04:22,907][__main__][INFO] - epoch: 360
[2023-11-18 21:04:24,204][__main__][INFO] - alignment: tensor([105.,   1.,   0.,   0.,   0.,   0.,   0.,   0.,   0.,   1.,   0.,   0.,
          0.,   0.,   0.])
[2023-11-18 21:04:24,204][__main__][INFO] - epoch: 370
[2023-11-18 21:04:25,706][__main__][INFO] - alignment: tensor([121.,   1.,   2.,   0.,   0.,   0.,   0.,   0.,   0.,   1.,   1.,   0.,
          1.,   0.,   1.])
[2023-11-18 21:04:25,706][__main__][INFO] - epoch: 380
[2023-11-18 21:04:27,175][__main__][INFO] - alignment: tensor([109.,   1.,   3.,   0.,   0.,   0.,   0.,   0.,   0.,   1.,   1.,   0.,
          1.,   0.,   1.])
[2023-11-18 21:04:27,175][__main__][INFO] - epoch: 390
[2023-11-18 21:04:28,757][__main__][INFO] - alignment: tensor([101.,   1.,   3.,   0.,   0.,   0.,   0.,   0.,   0.,   1.,   1.,   0.,
          1.,   0.,   1.])
[2023-11-18 21:04:28,757][__main__][INFO] - epoch: 400
[2023-11-18 21:04:30,188][__main__][INFO] - alignment: tensor([84.,  1.,  3.,  0.,  0.,  0.,  0.,  0.,  0.,  1.,  1.,  0.,  1.,  0.,
         1.])
[2023-11-18 21:04:30,188][__main__][INFO] - epoch: 410
[2023-11-18 21:04:31,822][__main__][INFO] - alignment: tensor([71.,  1.,  3.,  0.,  0.,  0.,  0.,  0.,  0.,  1.,  1.,  0.,  1.,  0.,
         1.])
[2023-11-18 21:04:31,823][__main__][INFO] - epoch: 420
[2023-11-18 21:04:33,571][__main__][INFO] - alignment: tensor([61.,  1.,  4.,  0.,  0.,  0.,  0.,  0.,  0.,  1.,  1.,  0.,  1.,  0.,
         1.])
[2023-11-18 21:04:33,572][__main__][INFO] - epoch: 430
[2023-11-18 21:04:35,287][__main__][INFO] - alignment: tensor([53.,  1.,  4.,  0.,  1.,  0.,  0.,  0.,  0.,  1.,  1.,  0.,  1.,  0.,
         1.])
[2023-11-18 21:04:35,287][__main__][INFO] - epoch: 440
[2023-11-18 21:04:36,835][__main__][INFO] - alignment: tensor([46.,  1.,  4.,  0.,  1.,  0.,  0.,  0.,  0.,  1.,  1.,  0.,  1.,  0.,
         1.])
[2023-11-18 21:04:36,835][__main__][INFO] - epoch: 450
[2023-11-18 21:04:38,447][__main__][INFO] - alignment: tensor([37.,  1.,  3.,  0.,  1.,  0.,  0.,  0.,  0.,  1.,  1.,  0.,  1.,  0.,
         1.])
[2023-11-18 21:04:38,447][__main__][INFO] - epoch: 460
[2023-11-18 21:04:39,919][__main__][INFO] - alignment: tensor([34.,  1.,  3.,  0.,  1.,  0.,  0.,  0.,  1.,  1.,  1.,  1.,  1.,  0.,
         1.])
[2023-11-18 21:04:39,920][__main__][INFO] - epoch: 470
[2023-11-18 21:04:41,468][__main__][INFO] - alignment: tensor([30.,  1.,  3.,  0.,  1.,  1.,  0.,  0.,  1.,  1.,  1.,  1.,  1.,  1.,
         1.])
[2023-11-18 21:04:41,468][__main__][INFO] - epoch: 480
[2023-11-18 21:04:43,217][__main__][INFO] - alignment: tensor([30.,  1.,  3.,  0.,  1.,  1.,  0.,  0.,  1.,  1.,  1.,  1.,  1.,  1.,
         1.])
[2023-11-18 21:04:43,217][__main__][INFO] - epoch: 490
[2023-11-18 21:04:44,743][__main__][INFO] - alignment: tensor([30.,  1.,  3.,  0.,  1.,  1.,  0.,  0.,  1.,  1.,  1.,  1.,  1.,  1.,
         1.])
[2023-11-18 21:04:44,743][__main__][INFO] - epoch: 500
[2023-11-18 21:04:46,415][__main__][INFO] - alignment: tensor([30.,  1.,  3.,  0.,  1.,  1.,  0.,  0.,  1.,  1.,  1.,  1.,  1.,  1.,
         1.])
[2023-11-18 21:04:46,416][__main__][INFO] - epoch: 510
[2023-11-18 21:04:47,763][__main__][INFO] - alignment: tensor([28.,  1.,  3.,  0.,  1.,  1.,  0.,  0.,  1.,  1.,  1.,  1.,  1.,  1.,
         1.])
[2023-11-18 21:04:47,763][__main__][INFO] - epoch: 520
[2023-11-18 21:04:49,103][__main__][INFO] - alignment: tensor([28.,  1.,  3.,  0.,  1.,  1.,  0.,  0.,  1.,  1.,  1.,  1.,  1.,  1.,
         1.])
[2023-11-18 21:04:49,197][__main__][INFO] - Training losses plot: train_losses.png
[2023-11-18 21:04:49,293][__main__][INFO] - Accuracies plot: accuracies.png
