[2023-11-19 15:56:09,390][hydra.utils][INFO] - Logging from main
[2023-11-19 16:44:24,480][__main__][INFO] - Model weights saved at: model.pt
[2023-11-19 16:44:24,513][__main__][INFO] - Training accuracy: 0.9978
[2023-11-19 16:44:24,516][__main__][INFO] - Testing accuracy: 0.9236
[2023-11-19 16:44:24,518][__main__][INFO] - feat_thresh: 0.1
[2023-11-19 16:44:24,519][__main__][INFO] - epoch: 0
[2023-11-19 16:44:26,133][__main__][INFO] - alignment: tensor([0., 0., 0., 0., 0., 0., 0., 0., 0., 0., 0., 0., 0., 0., 0.])
[2023-11-19 16:44:26,133][__main__][INFO] - epoch: 10
[2023-11-19 16:44:27,594][__main__][INFO] - alignment: tensor([0., 0., 0., 0., 0., 0., 0., 0., 0., 0., 0., 0., 0., 0., 0.])
[2023-11-19 16:44:27,594][__main__][INFO] - epoch: 20
[2023-11-19 16:44:29,098][__main__][INFO] - alignment: tensor([0., 0., 0., 0., 0., 0., 0., 0., 0., 0., 0., 0., 0., 0., 0.])
[2023-11-19 16:44:29,098][__main__][INFO] - epoch: 30
[2023-11-19 16:44:30,548][__main__][INFO] - alignment: tensor([0., 0., 0., 0., 0., 0., 0., 0., 0., 0., 0., 0., 0., 0., 0.])
[2023-11-19 16:44:30,548][__main__][INFO] - epoch: 40
[2023-11-19 16:44:31,953][__main__][INFO] - alignment: tensor([0., 0., 0., 0., 0., 0., 0., 0., 0., 0., 0., 0., 0., 0., 0.])
[2023-11-19 16:44:31,954][__main__][INFO] - epoch: 50
[2023-11-19 16:44:33,518][__main__][INFO] - alignment: tensor([0., 0., 0., 0., 0., 0., 0., 0., 0., 0., 0., 0., 0., 0., 0.])
[2023-11-19 16:44:33,518][__main__][INFO] - epoch: 60
[2023-11-19 16:44:35,186][__main__][INFO] - alignment: tensor([0., 0., 0., 0., 0., 0., 0., 0., 0., 0., 0., 0., 0., 0., 0.])
[2023-11-19 16:44:35,186][__main__][INFO] - epoch: 70
[2023-11-19 16:44:36,738][__main__][INFO] - alignment: tensor([0., 0., 0., 0., 0., 0., 0., 0., 0., 0., 0., 0., 0., 0., 0.])
[2023-11-19 16:44:36,738][__main__][INFO] - epoch: 80
[2023-11-19 16:44:38,280][__main__][INFO] - alignment: tensor([0., 0., 0., 0., 0., 0., 0., 0., 0., 0., 0., 0., 0., 0., 0.])
[2023-11-19 16:44:38,280][__main__][INFO] - epoch: 90
[2023-11-19 16:44:39,716][__main__][INFO] - alignment: tensor([0., 0., 0., 0., 0., 0., 0., 0., 0., 0., 0., 0., 0., 0., 0.])
[2023-11-19 16:44:39,716][__main__][INFO] - epoch: 100
[2023-11-19 16:44:41,096][__main__][INFO] - alignment: tensor([0., 0., 0., 0., 0., 0., 0., 0., 0., 0., 0., 0., 0., 0., 0.])
[2023-11-19 16:44:41,096][__main__][INFO] - epoch: 110
[2023-11-19 16:44:42,415][__main__][INFO] - alignment: tensor([0., 0., 0., 0., 0., 0., 0., 0., 0., 0., 0., 0., 0., 0., 0.])
[2023-11-19 16:44:42,415][__main__][INFO] - epoch: 120
[2023-11-19 16:44:43,735][__main__][INFO] - alignment: tensor([0., 0., 0., 0., 0., 0., 0., 0., 0., 0., 0., 0., 0., 0., 0.])
[2023-11-19 16:44:43,740][__main__][INFO] - epoch: 130
[2023-11-19 16:44:45,199][__main__][INFO] - alignment: tensor([0., 0., 0., 0., 0., 0., 0., 0., 0., 0., 0., 0., 0., 0., 0.])
[2023-11-19 16:44:45,199][__main__][INFO] - epoch: 140
[2023-11-19 16:44:46,497][__main__][INFO] - alignment: tensor([0., 0., 0., 0., 0., 0., 0., 0., 0., 0., 0., 0., 0., 0., 0.])
[2023-11-19 16:44:46,497][__main__][INFO] - epoch: 150
[2023-11-19 16:44:47,819][__main__][INFO] - alignment: tensor([0., 0., 0., 0., 0., 0., 0., 0., 0., 0., 0., 0., 0., 0., 0.])
[2023-11-19 16:44:47,819][__main__][INFO] - epoch: 160
[2023-11-19 16:44:49,156][__main__][INFO] - alignment: tensor([0., 0., 0., 0., 0., 0., 0., 0., 0., 0., 0., 0., 0., 0., 0.])
[2023-11-19 16:44:49,157][__main__][INFO] - epoch: 170
[2023-11-19 16:44:50,516][__main__][INFO] - alignment: tensor([0., 0., 0., 0., 0., 0., 0., 0., 0., 0., 0., 0., 0., 0., 0.])
[2023-11-19 16:44:50,517][__main__][INFO] - epoch: 180
[2023-11-19 16:44:51,901][__main__][INFO] - alignment: tensor([0., 0., 0., 0., 0., 0., 0., 0., 0., 0., 0., 0., 0., 0., 0.])
[2023-11-19 16:44:51,901][__main__][INFO] - epoch: 190
[2023-11-19 16:44:53,220][__main__][INFO] - alignment: tensor([0., 0., 0., 0., 0., 0., 0., 0., 0., 0., 0., 0., 0., 0., 0.])
[2023-11-19 16:44:53,221][__main__][INFO] - epoch: 200
[2023-11-19 16:44:54,537][__main__][INFO] - alignment: tensor([3., 0., 0., 0., 0., 0., 0., 0., 0., 0., 0., 0., 0., 0., 0.])
[2023-11-19 16:44:54,537][__main__][INFO] - epoch: 210
[2023-11-19 16:44:55,801][__main__][INFO] - alignment: tensor([3., 1., 0., 0., 0., 0., 0., 0., 0., 0., 0., 0., 0., 0., 0.])
[2023-11-19 16:44:55,801][__main__][INFO] - epoch: 220
[2023-11-19 16:44:57,073][__main__][INFO] - alignment: tensor([1., 1., 1., 0., 0., 0., 0., 0., 0., 0., 1., 0., 0., 0., 0.])
[2023-11-19 16:44:57,073][__main__][INFO] - epoch: 230
[2023-11-19 16:44:58,417][__main__][INFO] - alignment: tensor([1., 1., 1., 0., 0., 0., 0., 0., 0., 0., 1., 0., 0., 0., 0.])
[2023-11-19 16:44:58,417][__main__][INFO] - epoch: 240
[2023-11-19 16:44:59,693][__main__][INFO] - alignment: tensor([1., 1., 2., 0., 0., 0., 0., 0., 0., 0., 1., 0., 0., 0., 1.])
[2023-11-19 16:44:59,693][__main__][INFO] - epoch: 250
[2023-11-19 16:45:00,964][__main__][INFO] - alignment: tensor([2., 1., 2., 0., 0., 0., 0., 0., 0., 0., 1., 0., 0., 0., 1.])
[2023-11-19 16:45:00,965][__main__][INFO] - epoch: 260
[2023-11-19 16:45:02,234][__main__][INFO] - alignment: tensor([4., 2., 2., 0., 0., 1., 0., 0., 0., 1., 1., 0., 1., 0., 1.])
[2023-11-19 16:45:02,235][__main__][INFO] - epoch: 270
[2023-11-19 16:45:03,595][__main__][INFO] - alignment: tensor([5., 2., 2., 0., 0., 1., 0., 0., 0., 1., 1., 0., 1., 0., 1.])
[2023-11-19 16:45:03,595][__main__][INFO] - epoch: 280
[2023-11-19 16:45:05,052][__main__][INFO] - alignment: tensor([6., 2., 2., 0., 1., 1., 0., 0., 0., 1., 1., 1., 1., 0., 1.])
[2023-11-19 16:45:05,052][__main__][INFO] - epoch: 290
[2023-11-19 16:45:06,456][__main__][INFO] - alignment: tensor([6., 2., 2., 0., 1., 1., 0., 0., 0., 1., 1., 1., 1., 0., 1.])
[2023-11-19 16:45:06,456][__main__][INFO] - epoch: 300
[2023-11-19 16:45:07,695][__main__][INFO] - alignment: tensor([6., 2., 2., 0., 1., 1., 0., 0., 0., 1., 1., 1., 1., 0., 1.])
[2023-11-19 16:45:07,695][__main__][INFO] - epoch: 310
[2023-11-19 16:45:09,061][__main__][INFO] - alignment: tensor([6., 2., 2., 0., 1., 0., 0., 0., 0., 1., 1., 1., 1., 0., 1.])
[2023-11-19 16:45:09,062][__main__][INFO] - epoch: 320
[2023-11-19 16:45:10,354][__main__][INFO] - alignment: tensor([6., 2., 2., 0., 1., 1., 0., 0., 0., 1., 1., 1., 1., 0., 1.])
[2023-11-19 16:45:10,355][__main__][INFO] - epoch: 330
[2023-11-19 16:45:11,610][__main__][INFO] - alignment: tensor([6., 2., 2., 0., 1., 1., 0., 0., 0., 1., 1., 1., 1., 0., 1.])
[2023-11-19 16:45:11,610][__main__][INFO] - epoch: 340
[2023-11-19 16:45:13,018][__main__][INFO] - alignment: tensor([6., 2., 3., 0., 1., 1., 0., 0., 0., 1., 1., 1., 1., 0., 1.])
[2023-11-19 16:45:13,019][__main__][INFO] - epoch: 350
[2023-11-19 16:45:14,948][__main__][INFO] - alignment: tensor([6., 2., 3., 0., 1., 1., 0., 0., 0., 1., 1., 1., 1., 0., 1.])
[2023-11-19 16:45:14,948][__main__][INFO] - epoch: 360
[2023-11-19 16:45:16,282][__main__][INFO] - alignment: tensor([6., 2., 3., 0., 1., 1., 0., 0., 0., 1., 1., 1., 1., 0., 1.])
[2023-11-19 16:45:16,282][__main__][INFO] - epoch: 370
[2023-11-19 16:45:17,651][__main__][INFO] - alignment: tensor([6., 2., 3., 0., 1., 1., 0., 0., 0., 1., 1., 1., 1., 0., 1.])
[2023-11-19 16:45:17,652][__main__][INFO] - epoch: 380
[2023-11-19 16:45:19,100][__main__][INFO] - alignment: tensor([6., 2., 3., 0., 1., 1., 0., 0., 0., 1., 1., 1., 1., 0., 1.])
[2023-11-19 16:45:19,101][__main__][INFO] - epoch: 390
[2023-11-19 16:45:20,842][__main__][INFO] - alignment: tensor([7., 2., 3., 0., 1., 1., 0., 0., 0., 1., 1., 1., 1., 0., 1.])
[2023-11-19 16:45:20,842][__main__][INFO] - epoch: 400
[2023-11-19 16:45:22,585][__main__][INFO] - alignment: tensor([7., 2., 3., 0., 1., 1., 0., 0., 0., 1., 1., 1., 1., 0., 1.])
[2023-11-19 16:45:22,585][__main__][INFO] - feat_thresh: 0.2
[2023-11-19 16:45:22,585][__main__][INFO] - epoch: 0
[2023-11-19 16:45:24,149][__main__][INFO] - alignment: tensor([0., 0., 0., 0., 0., 0., 0., 0., 0., 0., 0., 0., 0., 0., 0.])
[2023-11-19 16:45:24,150][__main__][INFO] - epoch: 10
[2023-11-19 16:45:25,761][__main__][INFO] - alignment: tensor([0., 0., 0., 0., 0., 0., 0., 0., 0., 0., 0., 0., 0., 0., 0.])
[2023-11-19 16:45:25,762][__main__][INFO] - epoch: 20
[2023-11-19 16:45:27,206][__main__][INFO] - alignment: tensor([0., 0., 0., 0., 0., 0., 0., 0., 0., 0., 0., 0., 0., 0., 0.])
[2023-11-19 16:45:27,207][__main__][INFO] - epoch: 30
[2023-11-19 16:45:28,573][__main__][INFO] - alignment: tensor([0., 0., 0., 0., 0., 0., 0., 0., 0., 0., 0., 0., 0., 0., 0.])
[2023-11-19 16:45:28,574][__main__][INFO] - epoch: 40
[2023-11-19 16:45:29,961][__main__][INFO] - alignment: tensor([0., 0., 0., 0., 0., 0., 0., 0., 0., 0., 0., 0., 0., 0., 0.])
[2023-11-19 16:45:29,961][__main__][INFO] - epoch: 50
[2023-11-19 16:45:31,460][__main__][INFO] - alignment: tensor([0., 0., 0., 0., 0., 0., 0., 0., 0., 0., 0., 0., 0., 0., 0.])
[2023-11-19 16:45:31,460][__main__][INFO] - epoch: 60
[2023-11-19 16:45:33,207][__main__][INFO] - alignment: tensor([0., 0., 0., 0., 0., 0., 0., 0., 0., 0., 0., 0., 0., 0., 0.])
[2023-11-19 16:45:33,208][__main__][INFO] - epoch: 70
[2023-11-19 16:45:34,976][__main__][INFO] - alignment: tensor([0., 0., 0., 0., 0., 0., 0., 0., 0., 0., 0., 0., 0., 0., 0.])
[2023-11-19 16:45:34,976][__main__][INFO] - epoch: 80
[2023-11-19 16:45:36,547][__main__][INFO] - alignment: tensor([0., 0., 0., 0., 0., 0., 0., 0., 0., 0., 0., 0., 0., 0., 0.])
[2023-11-19 16:45:36,547][__main__][INFO] - epoch: 90
[2023-11-19 16:45:38,138][__main__][INFO] - alignment: tensor([0., 0., 0., 0., 0., 0., 0., 0., 0., 0., 0., 0., 0., 0., 0.])
[2023-11-19 16:45:38,138][__main__][INFO] - epoch: 100
[2023-11-19 16:45:39,712][__main__][INFO] - alignment: tensor([0., 0., 0., 0., 0., 0., 0., 0., 0., 0., 0., 0., 0., 0., 0.])
[2023-11-19 16:45:39,712][__main__][INFO] - epoch: 110
[2023-11-19 16:45:41,103][__main__][INFO] - alignment: tensor([0., 0., 0., 0., 0., 0., 0., 0., 0., 0., 0., 0., 0., 0., 0.])
[2023-11-19 16:45:41,103][__main__][INFO] - epoch: 120
[2023-11-19 16:45:42,498][__main__][INFO] - alignment: tensor([0., 0., 0., 0., 0., 0., 0., 0., 0., 0., 0., 0., 0., 0., 0.])
[2023-11-19 16:45:42,499][__main__][INFO] - epoch: 130
[2023-11-19 16:45:43,900][__main__][INFO] - alignment: tensor([0., 0., 0., 0., 0., 0., 0., 0., 0., 0., 0., 0., 0., 0., 0.])
[2023-11-19 16:45:43,900][__main__][INFO] - epoch: 140
[2023-11-19 16:45:45,299][__main__][INFO] - alignment: tensor([0., 0., 0., 0., 0., 0., 0., 0., 0., 0., 0., 0., 0., 0., 0.])
[2023-11-19 16:45:45,299][__main__][INFO] - epoch: 150
[2023-11-19 16:45:46,797][__main__][INFO] - alignment: tensor([0., 0., 0., 0., 0., 0., 0., 0., 0., 0., 0., 0., 0., 0., 0.])
[2023-11-19 16:45:46,797][__main__][INFO] - epoch: 160
[2023-11-19 16:45:48,234][__main__][INFO] - alignment: tensor([6., 0., 0., 0., 0., 0., 0., 0., 0., 0., 0., 0., 0., 0., 0.])
[2023-11-19 16:45:48,234][__main__][INFO] - epoch: 170
[2023-11-19 16:45:49,852][__main__][INFO] - alignment: tensor([7., 0., 0., 0., 0., 0., 0., 0., 0., 0., 0., 0., 0., 0., 0.])
[2023-11-19 16:45:49,852][__main__][INFO] - epoch: 180
[2023-11-19 16:45:51,628][__main__][INFO] - alignment: tensor([11.,  0.,  0.,  0.,  0.,  0.,  0.,  0.,  0.,  0.,  0.,  0.,  0.,  0.,
         0.])
[2023-11-19 16:45:51,629][__main__][INFO] - epoch: 190
[2023-11-19 16:45:53,020][__main__][INFO] - alignment: tensor([14.,  0.,  0.,  0.,  0.,  0.,  0.,  0.,  0.,  0.,  0.,  0.,  0.,  0.,
         0.])
[2023-11-19 16:45:53,020][__main__][INFO] - epoch: 200
[2023-11-19 16:45:54,254][__main__][INFO] - alignment: tensor([17.,  1.,  0.,  0.,  0.,  0.,  0.,  0.,  0.,  0.,  0.,  0.,  0.,  0.,
         0.])
[2023-11-19 16:45:54,258][__main__][INFO] - epoch: 210
[2023-11-19 16:45:55,547][__main__][INFO] - alignment: tensor([13.,  2.,  0.,  0.,  0.,  0.,  0.,  0.,  0.,  0.,  1.,  0.,  0.,  0.,
         0.])
[2023-11-19 16:45:55,547][__main__][INFO] - epoch: 220
[2023-11-19 16:45:56,912][__main__][INFO] - alignment: tensor([9., 2., 2., 0., 0., 0., 0., 0., 0., 0., 1., 0., 0., 0., 1.])
[2023-11-19 16:45:56,912][__main__][INFO] - epoch: 230
[2023-11-19 16:45:58,246][__main__][INFO] - alignment: tensor([12.,  2.,  2.,  0.,  0.,  0.,  0.,  0.,  0.,  0.,  1.,  0.,  0.,  0.,
         1.])
[2023-11-19 16:45:58,246][__main__][INFO] - epoch: 240
[2023-11-19 16:45:59,673][__main__][INFO] - alignment: tensor([15.,  2.,  2.,  0.,  0.,  0.,  0.,  0.,  0.,  1.,  1.,  0.,  0.,  0.,
         1.])
[2023-11-19 16:45:59,673][__main__][INFO] - epoch: 250
[2023-11-19 16:46:01,158][__main__][INFO] - alignment: tensor([17.,  2.,  4.,  0.,  0.,  1.,  0.,  0.,  0.,  1.,  1.,  0.,  1.,  0.,
         1.])
[2023-11-19 16:46:01,159][__main__][INFO] - epoch: 260
[2023-11-19 16:46:02,618][__main__][INFO] - alignment: tensor([18.,  2.,  7.,  0.,  1.,  1.,  0.,  0.,  0.,  1.,  1.,  1.,  1.,  0.,
         1.])
[2023-11-19 16:46:02,618][__main__][INFO] - epoch: 270
[2023-11-19 16:46:04,183][__main__][INFO] - alignment: tensor([17.,  2.,  9.,  0.,  1.,  1.,  0.,  0.,  0.,  1.,  1.,  1.,  1.,  0.,
         1.])
[2023-11-19 16:46:04,183][__main__][INFO] - epoch: 280
[2023-11-19 16:46:05,598][__main__][INFO] - alignment: tensor([18.,  2.,  7.,  0.,  1.,  1.,  0.,  0.,  0.,  1.,  1.,  1.,  1.,  0.,
         1.])
[2023-11-19 16:46:05,598][__main__][INFO] - epoch: 290
[2023-11-19 16:46:07,037][__main__][INFO] - alignment: tensor([17.,  2.,  7.,  0.,  1.,  1.,  0.,  0.,  0.,  1.,  1.,  1.,  1.,  0.,
         1.])
[2023-11-19 16:46:07,037][__main__][INFO] - epoch: 300
[2023-11-19 16:46:08,431][__main__][INFO] - alignment: tensor([16.,  2.,  7.,  0.,  1.,  1.,  0.,  0.,  0.,  1.,  1.,  1.,  1.,  0.,
         1.])
[2023-11-19 16:46:08,437][__main__][INFO] - epoch: 310
[2023-11-19 16:46:09,977][__main__][INFO] - alignment: tensor([15.,  2.,  5.,  0.,  1.,  1.,  0.,  0.,  0.,  1.,  1.,  1.,  1.,  0.,
         1.])
[2023-11-19 16:46:09,978][__main__][INFO] - epoch: 320
[2023-11-19 16:46:11,437][__main__][INFO] - alignment: tensor([13.,  2.,  6.,  0.,  1.,  1.,  0.,  0.,  0.,  1.,  1.,  1.,  1.,  0.,
         1.])
[2023-11-19 16:46:11,438][__main__][INFO] - epoch: 330
[2023-11-19 16:46:12,884][__main__][INFO] - alignment: tensor([13.,  2.,  5.,  0.,  1.,  1.,  0.,  0.,  0.,  1.,  1.,  1.,  1.,  0.,
         1.])
[2023-11-19 16:46:12,884][__main__][INFO] - epoch: 340
[2023-11-19 16:46:14,309][__main__][INFO] - alignment: tensor([12.,  2.,  4.,  0.,  1.,  1.,  0.,  0.,  0.,  1.,  1.,  1.,  1.,  0.,
         1.])
[2023-11-19 16:46:14,309][__main__][INFO] - epoch: 350
[2023-11-19 16:46:15,784][__main__][INFO] - alignment: tensor([12.,  2.,  5.,  0.,  1.,  1.,  0.,  0.,  0.,  1.,  1.,  1.,  1.,  0.,
         1.])
[2023-11-19 16:46:15,784][__main__][INFO] - epoch: 360
[2023-11-19 16:46:17,112][__main__][INFO] - alignment: tensor([12.,  2.,  5.,  0.,  1.,  1.,  0.,  0.,  0.,  1.,  1.,  1.,  1.,  0.,
         1.])
[2023-11-19 16:46:17,113][__main__][INFO] - epoch: 370
[2023-11-19 16:46:18,615][__main__][INFO] - alignment: tensor([11.,  2.,  5.,  0.,  1.,  2.,  0.,  0.,  0.,  1.,  1.,  1.,  1.,  0.,
         1.])
[2023-11-19 16:46:18,615][__main__][INFO] - epoch: 380
[2023-11-19 16:46:20,136][__main__][INFO] - alignment: tensor([11.,  2.,  4.,  0.,  1.,  2.,  0.,  0.,  0.,  1.,  1.,  1.,  1.,  0.,
         1.])
[2023-11-19 16:46:20,136][__main__][INFO] - epoch: 390
[2023-11-19 16:46:21,462][__main__][INFO] - alignment: tensor([11.,  2.,  4.,  0.,  1.,  2.,  0.,  0.,  0.,  1.,  1.,  1.,  1.,  0.,
         1.])
[2023-11-19 16:46:21,462][__main__][INFO] - epoch: 400
[2023-11-19 16:46:22,848][__main__][INFO] - alignment: tensor([11.,  2.,  4.,  0.,  1.,  2.,  0.,  0.,  0.,  1.,  1.,  1.,  1.,  0.,
         1.])
[2023-11-19 16:46:22,848][__main__][INFO] - feat_thresh: 0.3
[2023-11-19 16:46:22,848][__main__][INFO] - epoch: 0
[2023-11-19 16:46:24,491][__main__][INFO] - alignment: tensor([0., 0., 0., 0., 0., 0., 0., 0., 0., 0., 0., 0., 0., 0., 0.])
[2023-11-19 16:46:24,491][__main__][INFO] - epoch: 10
[2023-11-19 16:46:26,134][__main__][INFO] - alignment: tensor([0., 0., 0., 0., 0., 0., 0., 0., 0., 0., 0., 0., 0., 0., 0.])
[2023-11-19 16:46:26,135][__main__][INFO] - epoch: 20
[2023-11-19 16:46:27,620][__main__][INFO] - alignment: tensor([0., 0., 0., 0., 0., 0., 0., 0., 0., 0., 0., 0., 0., 0., 0.])
[2023-11-19 16:46:27,621][__main__][INFO] - epoch: 30
[2023-11-19 16:46:29,051][__main__][INFO] - alignment: tensor([0., 0., 0., 0., 0., 0., 0., 0., 0., 0., 0., 0., 0., 0., 0.])
[2023-11-19 16:46:29,052][__main__][INFO] - epoch: 40
[2023-11-19 16:46:30,594][__main__][INFO] - alignment: tensor([0., 0., 0., 0., 0., 0., 0., 0., 0., 0., 0., 0., 0., 0., 0.])
[2023-11-19 16:46:30,595][__main__][INFO] - epoch: 50
[2023-11-19 16:46:32,038][__main__][INFO] - alignment: tensor([0., 0., 0., 0., 0., 0., 0., 0., 0., 0., 0., 0., 0., 0., 0.])
[2023-11-19 16:46:32,038][__main__][INFO] - epoch: 60
[2023-11-19 16:46:33,545][__main__][INFO] - alignment: tensor([0., 0., 0., 0., 0., 0., 0., 0., 0., 0., 0., 0., 0., 0., 0.])
[2023-11-19 16:46:33,545][__main__][INFO] - epoch: 70
[2023-11-19 16:46:34,915][__main__][INFO] - alignment: tensor([0., 0., 0., 0., 0., 0., 0., 0., 0., 0., 0., 0., 0., 0., 0.])
[2023-11-19 16:46:34,915][__main__][INFO] - epoch: 80
[2023-11-19 16:46:36,407][__main__][INFO] - alignment: tensor([0., 0., 0., 0., 0., 0., 0., 0., 0., 0., 0., 0., 0., 0., 0.])
[2023-11-19 16:46:36,407][__main__][INFO] - epoch: 90
[2023-11-19 16:46:38,072][__main__][INFO] - alignment: tensor([0., 0., 0., 0., 0., 0., 0., 0., 0., 0., 0., 0., 0., 0., 0.])
[2023-11-19 16:46:38,072][__main__][INFO] - epoch: 100
[2023-11-19 16:46:39,359][__main__][INFO] - alignment: tensor([0., 0., 0., 0., 0., 0., 0., 0., 0., 0., 0., 0., 0., 0., 0.])
[2023-11-19 16:46:39,359][__main__][INFO] - epoch: 110
[2023-11-19 16:46:40,705][__main__][INFO] - alignment: tensor([1., 0., 0., 0., 0., 0., 0., 0., 0., 0., 0., 0., 0., 0., 0.])
[2023-11-19 16:46:40,706][__main__][INFO] - epoch: 120
[2023-11-19 16:46:41,967][__main__][INFO] - alignment: tensor([0., 0., 0., 0., 0., 0., 0., 0., 0., 0., 0., 0., 0., 0., 0.])
[2023-11-19 16:46:41,968][__main__][INFO] - epoch: 130
[2023-11-19 16:46:43,497][__main__][INFO] - alignment: tensor([0., 0., 0., 0., 0., 0., 0., 0., 0., 0., 0., 0., 0., 0., 0.])
[2023-11-19 16:46:43,497][__main__][INFO] - epoch: 140
[2023-11-19 16:46:45,113][__main__][INFO] - alignment: tensor([0., 0., 0., 0., 0., 0., 0., 0., 0., 0., 0., 0., 0., 0., 0.])
[2023-11-19 16:46:45,113][__main__][INFO] - epoch: 150
[2023-11-19 16:46:46,399][__main__][INFO] - alignment: tensor([8., 0., 0., 0., 0., 0., 0., 0., 0., 0., 0., 0., 0., 0., 0.])
[2023-11-19 16:46:46,399][__main__][INFO] - epoch: 160
[2023-11-19 16:46:47,778][__main__][INFO] - alignment: tensor([45.,  0.,  0.,  0.,  0.,  0.,  0.,  0.,  0.,  0.,  0.,  0.,  0.,  0.,
         0.])
[2023-11-19 16:46:47,778][__main__][INFO] - epoch: 170
[2023-11-19 16:46:49,251][__main__][INFO] - alignment: tensor([36.,  0.,  0.,  0.,  0.,  0.,  0.,  0.,  0.,  0.,  0.,  0.,  0.,  0.,
         0.])
[2023-11-19 16:46:49,251][__main__][INFO] - epoch: 180
[2023-11-19 16:46:50,644][__main__][INFO] - alignment: tensor([40.,  0.,  0.,  0.,  0.,  0.,  0.,  0.,  0.,  0.,  0.,  0.,  0.,  0.,
         0.])
[2023-11-19 16:46:50,644][__main__][INFO] - epoch: 190
[2023-11-19 16:46:52,094][__main__][INFO] - alignment: tensor([57.,  0.,  0.,  0.,  0.,  0.,  0.,  0.,  0.,  0.,  0.,  0.,  0.,  0.,
         0.])
[2023-11-19 16:46:52,094][__main__][INFO] - epoch: 200
[2023-11-19 16:46:53,543][__main__][INFO] - alignment: tensor([77.,  1.,  0.,  0.,  0.,  0.,  0.,  0.,  0.,  0.,  0.,  0.,  0.,  0.,
         0.])
[2023-11-19 16:46:53,543][__main__][INFO] - epoch: 210
[2023-11-19 16:46:54,964][__main__][INFO] - alignment: tensor([56.,  2.,  2.,  0.,  0.,  0.,  0.,  0.,  0.,  0.,  1.,  0.,  0.,  0.,
         0.])
[2023-11-19 16:46:54,965][__main__][INFO] - epoch: 220
[2023-11-19 16:46:56,366][__main__][INFO] - alignment: tensor([42.,  2.,  4.,  0.,  0.,  0.,  0.,  0.,  0.,  0.,  1.,  0.,  0.,  0.,
         1.])
[2023-11-19 16:46:56,367][__main__][INFO] - epoch: 230
[2023-11-19 16:46:57,765][__main__][INFO] - alignment: tensor([48.,  2.,  3.,  0.,  0.,  0.,  0.,  0.,  0.,  1.,  1.,  0.,  0.,  0.,
         1.])
[2023-11-19 16:46:57,766][__main__][INFO] - epoch: 240
[2023-11-19 16:46:59,133][__main__][INFO] - alignment: tensor([49.,  2.,  2.,  0.,  0.,  0.,  0.,  0.,  0.,  1.,  1.,  0.,  0.,  0.,
         1.])
[2023-11-19 16:46:59,134][__main__][INFO] - epoch: 250
[2023-11-19 16:47:00,493][__main__][INFO] - alignment: tensor([51.,  2.,  8.,  0.,  0.,  1.,  0.,  0.,  0.,  1.,  1.,  0.,  1.,  0.,
         1.])
[2023-11-19 16:47:00,493][__main__][INFO] - epoch: 260
[2023-11-19 16:47:01,874][__main__][INFO] - alignment: tensor([45.,  2., 13.,  0.,  1.,  1.,  0.,  0.,  0.,  1.,  1.,  1.,  1.,  0.,
         1.])
[2023-11-19 16:47:01,875][__main__][INFO] - epoch: 270
[2023-11-19 16:47:03,261][__main__][INFO] - alignment: tensor([40.,  2., 14.,  0.,  1.,  1.,  0.,  0.,  0.,  1.,  1.,  2.,  1.,  0.,
         1.])
[2023-11-19 16:47:03,261][__main__][INFO] - epoch: 280
[2023-11-19 16:47:04,670][__main__][INFO] - alignment: tensor([42.,  2., 15.,  0.,  1.,  1.,  0.,  0.,  0.,  1.,  1.,  2.,  1.,  0.,
         1.])
[2023-11-19 16:47:04,670][__main__][INFO] - epoch: 290
[2023-11-19 16:47:06,069][__main__][INFO] - alignment: tensor([39.,  3., 13.,  1.,  1.,  1.,  2.,  0.,  0.,  1.,  1.,  2.,  1.,  0.,
         1.])
[2023-11-19 16:47:06,069][__main__][INFO] - epoch: 300
[2023-11-19 16:47:07,673][__main__][INFO] - alignment: tensor([34.,  3., 12.,  1.,  1.,  1.,  2.,  0.,  0.,  1.,  1.,  2.,  1.,  0.,
         1.])
[2023-11-19 16:47:07,673][__main__][INFO] - epoch: 310
[2023-11-19 16:47:09,266][__main__][INFO] - alignment: tensor([32.,  3., 10.,  2.,  1.,  1.,  2.,  0.,  0.,  1.,  1.,  2.,  1.,  0.,
         1.])
[2023-11-19 16:47:09,267][__main__][INFO] - epoch: 320
[2023-11-19 16:47:10,728][__main__][INFO] - alignment: tensor([32.,  5.,  8.,  2.,  1.,  1.,  2.,  0.,  0.,  1.,  1.,  2.,  1.,  0.,
         1.])
[2023-11-19 16:47:10,728][__main__][INFO] - epoch: 330
[2023-11-19 16:47:12,169][__main__][INFO] - alignment: tensor([28.,  3.,  8.,  2.,  1.,  1.,  2.,  0.,  0.,  1.,  1.,  2.,  1.,  0.,
         1.])
[2023-11-19 16:47:12,169][__main__][INFO] - epoch: 340
[2023-11-19 16:47:13,616][__main__][INFO] - alignment: tensor([26.,  3.,  6.,  2.,  1.,  1.,  2.,  0.,  0.,  1.,  1.,  2.,  1.,  0.,
         1.])
[2023-11-19 16:47:13,617][__main__][INFO] - epoch: 350
[2023-11-19 16:47:15,237][__main__][INFO] - alignment: tensor([26.,  4.,  7.,  2.,  1.,  2.,  2.,  0.,  0.,  1.,  1.,  2.,  1.,  0.,
         1.])
[2023-11-19 16:47:15,237][__main__][INFO] - epoch: 360
[2023-11-19 16:47:16,766][__main__][INFO] - alignment: tensor([22.,  3.,  7.,  2.,  1.,  3.,  2.,  0.,  0.,  1.,  1.,  2.,  1.,  0.,
         1.])
[2023-11-19 16:47:16,766][__main__][INFO] - epoch: 370
[2023-11-19 16:47:18,162][__main__][INFO] - alignment: tensor([22.,  3.,  6.,  2.,  1.,  3.,  2.,  0.,  0.,  1.,  1.,  2.,  1.,  0.,
         1.])
[2023-11-19 16:47:18,163][__main__][INFO] - epoch: 380
[2023-11-19 16:47:19,874][__main__][INFO] - alignment: tensor([21.,  3.,  7.,  2.,  1.,  3.,  2.,  0.,  0.,  1.,  1.,  2.,  1.,  0.,
         1.])
[2023-11-19 16:47:19,874][__main__][INFO] - epoch: 390
[2023-11-19 16:47:21,554][__main__][INFO] - alignment: tensor([22.,  3.,  6.,  2.,  1.,  3.,  2.,  0.,  0.,  1.,  1.,  2.,  1.,  0.,
         1.])
[2023-11-19 16:47:21,554][__main__][INFO] - epoch: 400
[2023-11-19 16:47:22,793][__main__][INFO] - alignment: tensor([22.,  3.,  6.,  2.,  1.,  3.,  2.,  0.,  0.,  1.,  1.,  2.,  1.,  0.,
         1.])
[2023-11-19 16:47:22,885][__main__][INFO] - Training losses plot: train_losses.png
[2023-11-19 16:47:23,003][__main__][INFO] - Accuracies plot: accuracies.png
