[2023-11-19 14:35:30,301][hydra.utils][INFO] - Logging from main
[2023-11-19 15:05:22,259][__main__][INFO] - Model weights saved at: model.pt
[2023-11-19 15:05:22,291][__main__][INFO] - Training accuracy: 1.0
[2023-11-19 15:05:22,291][__main__][INFO] - Testing accuracy: 0.9522
[2023-11-19 15:05:22,291][__main__][INFO] - feat_thresh: 0.1
[2023-11-19 15:05:22,291][__main__][INFO] - epoch: 0
[2023-11-19 15:05:23,699][__main__][INFO] - alignment: tensor([0., 0., 0., 0., 0., 0., 0., 0., 0., 0., 0., 0., 0., 0., 0.])
[2023-11-19 15:05:23,699][__main__][INFO] - epoch: 10
[2023-11-19 15:05:25,067][__main__][INFO] - alignment: tensor([0., 0., 0., 0., 0., 0., 0., 0., 0., 0., 0., 0., 0., 0., 0.])
[2023-11-19 15:05:25,067][__main__][INFO] - epoch: 20
[2023-11-19 15:05:26,343][__main__][INFO] - alignment: tensor([0., 0., 0., 0., 0., 0., 0., 0., 0., 0., 0., 0., 0., 0., 0.])
[2023-11-19 15:05:26,344][__main__][INFO] - epoch: 30
[2023-11-19 15:05:27,510][__main__][INFO] - alignment: tensor([0., 0., 0., 0., 0., 0., 0., 0., 0., 0., 0., 0., 0., 0., 0.])
[2023-11-19 15:05:27,510][__main__][INFO] - epoch: 40
[2023-11-19 15:05:28,874][__main__][INFO] - alignment: tensor([0., 0., 0., 0., 0., 0., 0., 0., 0., 0., 0., 0., 0., 0., 0.])
[2023-11-19 15:05:28,874][__main__][INFO] - epoch: 50
[2023-11-19 15:05:30,047][__main__][INFO] - alignment: tensor([0., 0., 0., 0., 0., 0., 0., 0., 0., 0., 0., 0., 0., 0., 0.])
[2023-11-19 15:05:30,048][__main__][INFO] - epoch: 60
[2023-11-19 15:05:31,257][__main__][INFO] - alignment: tensor([0., 0., 0., 0., 0., 0., 0., 0., 0., 0., 0., 0., 0., 0., 0.])
[2023-11-19 15:05:31,257][__main__][INFO] - epoch: 70
[2023-11-19 15:05:32,461][__main__][INFO] - alignment: tensor([0., 0., 0., 0., 0., 0., 0., 0., 0., 0., 0., 0., 0., 0., 0.])
[2023-11-19 15:05:32,461][__main__][INFO] - epoch: 80
[2023-11-19 15:05:33,666][__main__][INFO] - alignment: tensor([0., 0., 0., 0., 0., 0., 0., 0., 0., 0., 0., 0., 0., 0., 0.])
[2023-11-19 15:05:33,666][__main__][INFO] - epoch: 90
[2023-11-19 15:05:35,005][__main__][INFO] - alignment: tensor([0., 0., 0., 0., 0., 0., 0., 0., 0., 0., 0., 0., 0., 0., 0.])
[2023-11-19 15:05:35,006][__main__][INFO] - epoch: 100
[2023-11-19 15:05:36,269][__main__][INFO] - alignment: tensor([0., 0., 0., 0., 0., 0., 0., 0., 0., 0., 0., 0., 0., 0., 0.])
[2023-11-19 15:05:36,269][__main__][INFO] - epoch: 110
[2023-11-19 15:05:37,602][__main__][INFO] - alignment: tensor([0., 0., 0., 0., 0., 0., 0., 0., 0., 0., 0., 0., 0., 0., 0.])
[2023-11-19 15:05:37,603][__main__][INFO] - epoch: 120
[2023-11-19 15:05:38,812][__main__][INFO] - alignment: tensor([0., 0., 0., 0., 0., 0., 0., 0., 0., 0., 0., 0., 0., 0., 0.])
[2023-11-19 15:05:38,812][__main__][INFO] - epoch: 130
[2023-11-19 15:05:40,029][__main__][INFO] - alignment: tensor([1., 0., 0., 0., 0., 0., 0., 0., 0., 0., 0., 0., 0., 0., 0.])
[2023-11-19 15:05:40,030][__main__][INFO] - epoch: 140
[2023-11-19 15:05:41,221][__main__][INFO] - alignment: tensor([1., 0., 0., 0., 0., 0., 0., 0., 0., 0., 0., 0., 0., 0., 0.])
[2023-11-19 15:05:41,221][__main__][INFO] - epoch: 150
[2023-11-19 15:05:42,517][__main__][INFO] - alignment: tensor([2., 0., 0., 0., 0., 0., 0., 0., 0., 0., 0., 0., 0., 0., 0.])
[2023-11-19 15:05:42,518][__main__][INFO] - epoch: 160
[2023-11-19 15:05:43,752][__main__][INFO] - alignment: tensor([5., 0., 0., 0., 0., 0., 0., 0., 0., 0., 0., 0., 0., 0., 0.])
[2023-11-19 15:05:43,752][__main__][INFO] - epoch: 170
[2023-11-19 15:05:45,126][__main__][INFO] - alignment: tensor([9., 0., 1., 0., 0., 0., 0., 0., 0., 0., 0., 0., 0., 0., 0.])
[2023-11-19 15:05:45,126][__main__][INFO] - epoch: 180
[2023-11-19 15:05:46,484][__main__][INFO] - alignment: tensor([9., 0., 1., 0., 0., 0., 0., 0., 0., 0., 0., 0., 0., 0., 1.])
[2023-11-19 15:05:46,484][__main__][INFO] - epoch: 190
[2023-11-19 15:05:47,671][__main__][INFO] - alignment: tensor([10.,  0.,  3.,  0.,  0.,  0.,  0.,  0.,  0.,  0.,  0.,  1.,  0.,  0.,
         1.])
[2023-11-19 15:05:47,672][__main__][INFO] - epoch: 200
[2023-11-19 15:05:48,848][__main__][INFO] - alignment: tensor([10.,  0.,  3.,  0.,  0.,  0.,  0.,  0.,  1.,  0.,  0.,  1.,  0.,  1.,
         1.])
[2023-11-19 15:05:48,848][__main__][INFO] - epoch: 210
[2023-11-19 15:05:50,250][__main__][INFO] - alignment: tensor([11.,  1.,  3.,  0.,  0.,  0.,  0.,  0.,  1.,  1.,  0.,  1.,  0.,  1.,
         1.])
[2023-11-19 15:05:50,251][__main__][INFO] - epoch: 220
[2023-11-19 15:05:51,561][__main__][INFO] - alignment: tensor([11.,  1.,  2.,  1.,  0.,  0.,  1.,  0.,  1.,  1.,  0.,  1.,  0.,  1.,
         1.])
[2023-11-19 15:05:51,561][__main__][INFO] - epoch: 230
[2023-11-19 15:05:52,732][__main__][INFO] - alignment: tensor([10.,  1.,  3.,  0.,  1.,  0.,  2.,  0.,  1.,  1.,  0.,  1.,  0.,  1.,
         1.])
[2023-11-19 15:05:52,733][__main__][INFO] - epoch: 240
[2023-11-19 15:05:53,955][__main__][INFO] - alignment: tensor([9., 1., 3., 0., 1., 0., 2., 1., 1., 1., 0., 1., 0., 1., 1.])
[2023-11-19 15:05:53,955][__main__][INFO] - epoch: 250
[2023-11-19 15:05:55,134][__main__][INFO] - alignment: tensor([6., 1., 3., 0., 1., 0., 2., 1., 1., 1., 0., 1., 0., 1., 1.])
[2023-11-19 15:05:55,135][__main__][INFO] - epoch: 260
[2023-11-19 15:05:56,300][__main__][INFO] - alignment: tensor([8., 1., 3., 1., 1., 0., 2., 0., 1., 1., 0., 1., 0., 1., 1.])
[2023-11-19 15:05:56,300][__main__][INFO] - epoch: 270
[2023-11-19 15:05:57,471][__main__][INFO] - alignment: tensor([7., 1., 3., 1., 1., 0., 2., 1., 1., 1., 0., 1., 0., 1., 1.])
[2023-11-19 15:05:57,471][__main__][INFO] - epoch: 280
[2023-11-19 15:05:58,844][__main__][INFO] - alignment: tensor([7., 1., 2., 1., 1., 0., 2., 1., 1., 1., 0., 1., 0., 1., 1.])
[2023-11-19 15:05:58,845][__main__][INFO] - epoch: 290
[2023-11-19 15:06:00,027][__main__][INFO] - alignment: tensor([6., 1., 3., 1., 1., 0., 2., 1., 1., 1., 0., 1., 0., 1., 1.])
[2023-11-19 15:06:00,027][__main__][INFO] - epoch: 300
[2023-11-19 15:06:01,251][__main__][INFO] - alignment: tensor([6., 1., 3., 1., 1., 0., 2., 1., 1., 1., 0., 1., 0., 1., 1.])
[2023-11-19 15:06:01,252][__main__][INFO] - epoch: 310
[2023-11-19 15:06:02,429][__main__][INFO] - alignment: tensor([6., 1., 3., 1., 1., 0., 2., 1., 1., 1., 0., 1., 1., 1., 1.])
[2023-11-19 15:06:02,429][__main__][INFO] - epoch: 320
[2023-11-19 15:06:03,646][__main__][INFO] - alignment: tensor([6., 1., 2., 1., 1., 0., 2., 1., 1., 1., 1., 1., 1., 1., 1.])
[2023-11-19 15:06:03,647][__main__][INFO] - epoch: 330
[2023-11-19 15:06:05,250][__main__][INFO] - alignment: tensor([6., 1., 3., 1., 1., 0., 2., 1., 1., 1., 1., 1., 1., 1., 1.])
[2023-11-19 15:06:05,251][__main__][INFO] - epoch: 340
[2023-11-19 15:06:06,660][__main__][INFO] - alignment: tensor([6., 1., 3., 1., 1., 0., 2., 1., 1., 1., 1., 1., 1., 1., 1.])
[2023-11-19 15:06:06,660][__main__][INFO] - feat_thresh: 0.2
[2023-11-19 15:06:06,660][__main__][INFO] - epoch: 0
[2023-11-19 15:06:07,875][__main__][INFO] - alignment: tensor([0., 0., 0., 0., 0., 0., 0., 0., 0., 0., 0., 0., 0., 0., 0.])
[2023-11-19 15:06:07,875][__main__][INFO] - epoch: 10
[2023-11-19 15:06:09,179][__main__][INFO] - alignment: tensor([0., 0., 0., 0., 0., 0., 0., 0., 0., 0., 0., 0., 0., 0., 0.])
[2023-11-19 15:06:09,179][__main__][INFO] - epoch: 20
[2023-11-19 15:06:10,498][__main__][INFO] - alignment: tensor([0., 0., 0., 0., 0., 0., 0., 0., 0., 0., 0., 0., 0., 0., 0.])
[2023-11-19 15:06:10,498][__main__][INFO] - epoch: 30
[2023-11-19 15:06:11,780][__main__][INFO] - alignment: tensor([0., 0., 0., 0., 0., 0., 0., 0., 0., 0., 0., 0., 0., 0., 0.])
[2023-11-19 15:06:11,780][__main__][INFO] - epoch: 40
[2023-11-19 15:06:12,957][__main__][INFO] - alignment: tensor([0., 0., 0., 0., 0., 0., 0., 0., 0., 0., 0., 0., 0., 0., 0.])
[2023-11-19 15:06:12,957][__main__][INFO] - epoch: 50
[2023-11-19 15:06:14,189][__main__][INFO] - alignment: tensor([0., 0., 0., 0., 0., 0., 0., 0., 0., 0., 0., 0., 0., 0., 0.])
[2023-11-19 15:06:14,189][__main__][INFO] - epoch: 60
[2023-11-19 15:06:15,409][__main__][INFO] - alignment: tensor([0., 0., 0., 0., 0., 0., 0., 0., 0., 0., 0., 0., 0., 0., 0.])
[2023-11-19 15:06:15,409][__main__][INFO] - epoch: 70
[2023-11-19 15:06:16,725][__main__][INFO] - alignment: tensor([0., 0., 0., 0., 0., 0., 0., 0., 0., 0., 0., 0., 0., 0., 0.])
[2023-11-19 15:06:16,725][__main__][INFO] - epoch: 80
[2023-11-19 15:06:17,911][__main__][INFO] - alignment: tensor([0., 0., 0., 0., 0., 0., 0., 0., 0., 0., 0., 0., 0., 0., 0.])
[2023-11-19 15:06:17,911][__main__][INFO] - epoch: 90
[2023-11-19 15:06:19,102][__main__][INFO] - alignment: tensor([0., 0., 0., 0., 0., 0., 0., 0., 0., 0., 0., 0., 0., 0., 0.])
[2023-11-19 15:06:19,102][__main__][INFO] - epoch: 100
[2023-11-19 15:06:20,367][__main__][INFO] - alignment: tensor([0., 0., 0., 0., 0., 0., 0., 0., 0., 0., 0., 0., 0., 0., 0.])
[2023-11-19 15:06:20,367][__main__][INFO] - epoch: 110
[2023-11-19 15:06:21,645][__main__][INFO] - alignment: tensor([3., 0., 0., 0., 0., 0., 0., 0., 0., 0., 0., 0., 0., 0., 0.])
[2023-11-19 15:06:21,645][__main__][INFO] - epoch: 120
[2023-11-19 15:06:23,214][__main__][INFO] - alignment: tensor([5., 0., 0., 0., 0., 0., 0., 0., 0., 0., 0., 0., 0., 0., 0.])
[2023-11-19 15:06:23,214][__main__][INFO] - epoch: 130
[2023-11-19 15:06:24,596][__main__][INFO] - alignment: tensor([6., 0., 0., 0., 0., 0., 0., 0., 0., 0., 0., 0., 0., 0., 0.])
[2023-11-19 15:06:24,596][__main__][INFO] - epoch: 140
[2023-11-19 15:06:25,778][__main__][INFO] - alignment: tensor([10.,  0.,  0.,  0.,  0.,  0.,  0.,  0.,  0.,  0.,  0.,  0.,  0.,  0.,
         0.])
[2023-11-19 15:06:25,778][__main__][INFO] - epoch: 150
[2023-11-19 15:06:26,985][__main__][INFO] - alignment: tensor([18.,  0.,  0.,  0.,  0.,  0.,  0.,  0.,  0.,  0.,  0.,  0.,  0.,  0.,
         0.])
[2023-11-19 15:06:26,986][__main__][INFO] - epoch: 160
[2023-11-19 15:06:28,208][__main__][INFO] - alignment: tensor([28.,  1.,  0.,  0.,  0.,  0.,  0.,  0.,  0.,  0.,  0.,  0.,  0.,  0.,
         0.])
[2023-11-19 15:06:28,209][__main__][INFO] - epoch: 170
[2023-11-19 15:06:29,440][__main__][INFO] - alignment: tensor([31.,  1.,  4.,  0.,  0.,  0.,  0.,  0.,  0.,  0.,  0.,  0.,  0.,  0.,
         1.])
[2023-11-19 15:06:29,440][__main__][INFO] - epoch: 180
[2023-11-19 15:06:30,700][__main__][INFO] - alignment: tensor([29.,  1.,  5.,  0.,  0.,  0.,  0.,  0.,  0.,  0.,  0.,  1.,  0.,  0.,
         1.])
[2023-11-19 15:06:30,701][__main__][INFO] - epoch: 190
[2023-11-19 15:06:32,000][__main__][INFO] - alignment: tensor([26.,  1.,  4.,  0.,  0.,  0.,  0.,  0.,  1.,  1.,  0.,  1.,  0.,  1.,
         1.])
[2023-11-19 15:06:32,000][__main__][INFO] - epoch: 200
[2023-11-19 15:06:33,247][__main__][INFO] - alignment: tensor([25.,  1.,  4.,  0.,  0.,  0.,  1.,  0.,  1.,  1.,  0.,  1.,  1.,  1.,
         1.])
[2023-11-19 15:06:33,247][__main__][INFO] - epoch: 210
[2023-11-19 15:06:34,466][__main__][INFO] - alignment: tensor([20.,  1.,  4.,  1.,  0.,  0.,  2.,  0.,  1.,  1.,  0.,  1.,  1.,  1.,
         1.])
[2023-11-19 15:06:34,466][__main__][INFO] - epoch: 220
[2023-11-19 15:06:35,685][__main__][INFO] - alignment: tensor([20.,  1.,  4.,  1.,  1.,  0.,  2.,  1.,  1.,  1.,  0.,  1.,  2.,  1.,
         1.])
[2023-11-19 15:06:35,685][__main__][INFO] - epoch: 230
[2023-11-19 15:06:36,879][__main__][INFO] - alignment: tensor([16.,  1.,  4.,  1.,  1.,  0.,  2.,  1.,  1.,  1.,  0.,  1.,  2.,  1.,
         1.])
[2023-11-19 15:06:36,879][__main__][INFO] - epoch: 240
[2023-11-19 15:06:38,050][__main__][INFO] - alignment: tensor([15.,  1.,  4.,  1.,  1.,  1.,  2.,  1.,  1.,  1.,  0.,  1.,  2.,  1.,
         1.])
[2023-11-19 15:06:38,051][__main__][INFO] - epoch: 250
[2023-11-19 15:06:39,339][__main__][INFO] - alignment: tensor([14.,  1.,  4.,  1.,  1.,  1.,  2.,  1.,  1.,  1.,  1.,  1.,  2.,  1.,
         1.])
[2023-11-19 15:06:39,339][__main__][INFO] - epoch: 260
[2023-11-19 15:06:40,567][__main__][INFO] - alignment: tensor([14.,  1.,  4.,  1.,  1.,  1.,  2.,  1.,  1.,  1.,  1.,  1.,  2.,  1.,
         1.])
[2023-11-19 15:06:40,567][__main__][INFO] - epoch: 270
[2023-11-19 15:06:41,784][__main__][INFO] - alignment: tensor([14.,  1.,  4.,  1.,  1.,  1.,  2.,  1.,  1.,  1.,  1.,  1.,  2.,  1.,
         1.])
[2023-11-19 15:06:41,784][__main__][INFO] - epoch: 280
[2023-11-19 15:06:42,989][__main__][INFO] - alignment: tensor([14.,  1.,  4.,  1.,  1.,  1.,  2.,  1.,  1.,  1.,  1.,  1.,  2.,  1.,
         1.])
[2023-11-19 15:06:42,989][__main__][INFO] - epoch: 290
[2023-11-19 15:06:44,646][__main__][INFO] - alignment: tensor([14.,  1.,  3.,  1.,  1.,  1.,  2.,  1.,  1.,  1.,  1.,  1.,  2.,  1.,
         1.])
[2023-11-19 15:06:44,646][__main__][INFO] - epoch: 300
[2023-11-19 15:06:45,857][__main__][INFO] - alignment: tensor([13.,  1.,  3.,  1.,  1.,  1.,  2.,  1.,  1.,  1.,  1.,  1.,  2.,  1.,
         1.])
[2023-11-19 15:06:45,858][__main__][INFO] - epoch: 310
[2023-11-19 15:06:47,367][__main__][INFO] - alignment: tensor([14.,  1.,  3.,  1.,  1.,  1.,  2.,  1.,  1.,  1.,  1.,  1.,  2.,  1.,
         1.])
[2023-11-19 15:06:47,368][__main__][INFO] - epoch: 320
[2023-11-19 15:06:48,691][__main__][INFO] - alignment: tensor([13.,  1.,  4.,  1.,  1.,  1.,  2.,  1.,  1.,  1.,  1.,  1.,  2.,  1.,
         1.])
[2023-11-19 15:06:48,691][__main__][INFO] - epoch: 330
[2023-11-19 15:06:49,879][__main__][INFO] - alignment: tensor([13.,  1.,  3.,  1.,  1.,  1.,  2.,  1.,  1.,  1.,  1.,  1.,  2.,  1.,
         1.])
[2023-11-19 15:06:49,879][__main__][INFO] - epoch: 340
[2023-11-19 15:06:51,091][__main__][INFO] - alignment: tensor([13.,  1.,  3.,  1.,  1.,  1.,  2.,  1.,  1.,  1.,  1.,  1.,  2.,  1.,
         1.])
[2023-11-19 15:06:51,091][__main__][INFO] - feat_thresh: 0.3
[2023-11-19 15:06:51,091][__main__][INFO] - epoch: 0
[2023-11-19 15:06:52,322][__main__][INFO] - alignment: tensor([0., 0., 0., 0., 0., 0., 0., 0., 0., 0., 0., 0., 0., 0., 0.])
[2023-11-19 15:06:52,323][__main__][INFO] - epoch: 10
[2023-11-19 15:06:53,634][__main__][INFO] - alignment: tensor([0., 0., 0., 0., 0., 0., 0., 0., 0., 0., 0., 0., 0., 0., 0.])
[2023-11-19 15:06:53,634][__main__][INFO] - epoch: 20
[2023-11-19 15:06:54,811][__main__][INFO] - alignment: tensor([0., 0., 0., 0., 0., 0., 0., 0., 0., 0., 0., 0., 0., 0., 0.])
[2023-11-19 15:06:54,812][__main__][INFO] - epoch: 30
[2023-11-19 15:06:56,000][__main__][INFO] - alignment: tensor([0., 0., 0., 0., 0., 0., 0., 0., 0., 0., 0., 0., 0., 0., 0.])
[2023-11-19 15:06:56,000][__main__][INFO] - epoch: 40
[2023-11-19 15:06:57,214][__main__][INFO] - alignment: tensor([0., 0., 0., 0., 0., 0., 0., 0., 0., 0., 0., 0., 0., 0., 0.])
[2023-11-19 15:06:57,214][__main__][INFO] - epoch: 50
[2023-11-19 15:06:58,446][__main__][INFO] - alignment: tensor([0., 0., 0., 0., 0., 0., 0., 0., 0., 0., 0., 0., 0., 0., 0.])
[2023-11-19 15:06:58,446][__main__][INFO] - epoch: 60
[2023-11-19 15:06:59,647][__main__][INFO] - alignment: tensor([0., 0., 0., 0., 0., 0., 0., 0., 0., 0., 0., 0., 0., 0., 0.])
[2023-11-19 15:06:59,647][__main__][INFO] - epoch: 70
[2023-11-19 15:07:00,876][__main__][INFO] - alignment: tensor([1., 0., 0., 0., 0., 0., 0., 0., 0., 0., 0., 0., 0., 0., 0.])
[2023-11-19 15:07:00,876][__main__][INFO] - epoch: 80
[2023-11-19 15:07:02,081][__main__][INFO] - alignment: tensor([2., 0., 0., 0., 0., 0., 0., 0., 0., 0., 0., 0., 0., 0., 0.])
[2023-11-19 15:07:02,081][__main__][INFO] - epoch: 90
[2023-11-19 15:07:03,357][__main__][INFO] - alignment: tensor([2., 0., 0., 0., 0., 0., 0., 0., 0., 0., 0., 0., 0., 0., 0.])
[2023-11-19 15:07:03,357][__main__][INFO] - epoch: 100
[2023-11-19 15:07:04,544][__main__][INFO] - alignment: tensor([9., 0., 0., 0., 0., 0., 0., 0., 0., 0., 0., 0., 0., 0., 0.])
[2023-11-19 15:07:04,545][__main__][INFO] - epoch: 110
[2023-11-19 15:07:05,767][__main__][INFO] - alignment: tensor([23.,  0.,  0.,  0.,  0.,  0.,  0.,  0.,  0.,  0.,  0.,  0.,  0.,  0.,
         0.])
[2023-11-19 15:07:05,767][__main__][INFO] - epoch: 120
[2023-11-19 15:07:07,066][__main__][INFO] - alignment: tensor([19.,  0.,  0.,  0.,  0.,  0.,  0.,  0.,  0.,  0.,  0.,  0.,  0.,  0.,
         0.])
[2023-11-19 15:07:07,066][__main__][INFO] - epoch: 130
[2023-11-19 15:07:08,264][__main__][INFO] - alignment: tensor([45.,  0.,  0.,  0.,  0.,  0.,  0.,  0.,  0.,  0.,  0.,  0.,  0.,  0.,
         0.])
[2023-11-19 15:07:08,264][__main__][INFO] - epoch: 140
[2023-11-19 15:07:09,520][__main__][INFO] - alignment: tensor([38.,  0.,  0.,  0.,  0.,  0.,  0.,  0.,  1.,  0.,  0.,  0.,  0.,  0.,
         0.])
[2023-11-19 15:07:09,520][__main__][INFO] - epoch: 150
[2023-11-19 15:07:10,873][__main__][INFO] - alignment: tensor([56.,  1.,  0.,  0.,  0.,  0.,  0.,  0.,  1.,  0.,  0.,  0.,  0.,  0.,
         0.])
[2023-11-19 15:07:10,873][__main__][INFO] - epoch: 160
[2023-11-19 15:07:12,191][__main__][INFO] - alignment: tensor([62.,  1.,  4.,  0.,  0.,  0.,  0.,  0.,  1.,  0.,  0.,  0.,  0.,  0.,
         0.])
[2023-11-19 15:07:12,191][__main__][INFO] - epoch: 170
[2023-11-19 15:07:13,501][__main__][INFO] - alignment: tensor([58.,  1.,  9.,  0.,  0.,  0.,  0.,  0.,  1.,  0.,  0.,  0.,  0.,  0.,
         1.])
[2023-11-19 15:07:13,501][__main__][INFO] - epoch: 180
[2023-11-19 15:07:14,829][__main__][INFO] - alignment: tensor([46.,  1., 10.,  0.,  0.,  0.,  1.,  0.,  1.,  1.,  0.,  1.,  0.,  0.,
         1.])
[2023-11-19 15:07:14,830][__main__][INFO] - epoch: 190
[2023-11-19 15:07:16,102][__main__][INFO] - alignment: tensor([42.,  1.,  7.,  1.,  0.,  0.,  1.,  0.,  1.,  1.,  0.,  1.,  1.,  1.,
         1.])
[2023-11-19 15:07:16,102][__main__][INFO] - epoch: 200
[2023-11-19 15:07:17,284][__main__][INFO] - alignment: tensor([38.,  1.,  4.,  1.,  0.,  0.,  2.,  0.,  1.,  1.,  0.,  1.,  2.,  1.,
         1.])
[2023-11-19 15:07:17,284][__main__][INFO] - epoch: 210
[2023-11-19 15:07:18,527][__main__][INFO] - alignment: tensor([34.,  1.,  4.,  1.,  1.,  2.,  2.,  1.,  1.,  1.,  0.,  1.,  2.,  1.,
         1.])
[2023-11-19 15:07:18,528][__main__][INFO] - epoch: 220
[2023-11-19 15:07:19,730][__main__][INFO] - alignment: tensor([33.,  1.,  4.,  1.,  1.,  2.,  2.,  1.,  1.,  1.,  0.,  1.,  2.,  1.,
         1.])
[2023-11-19 15:07:19,730][__main__][INFO] - epoch: 230
[2023-11-19 15:07:20,903][__main__][INFO] - alignment: tensor([30.,  1.,  4.,  2.,  1.,  2.,  2.,  1.,  1.,  1.,  0.,  1.,  2.,  1.,
         1.])
[2023-11-19 15:07:20,904][__main__][INFO] - epoch: 240
[2023-11-19 15:07:22,107][__main__][INFO] - alignment: tensor([28.,  1.,  4.,  2.,  1.,  2.,  2.,  1.,  1.,  1.,  1.,  1.,  2.,  1.,
         1.])
[2023-11-19 15:07:22,107][__main__][INFO] - epoch: 250
[2023-11-19 15:07:23,324][__main__][INFO] - alignment: tensor([24.,  1.,  4.,  2.,  1.,  2.,  2.,  1.,  1.,  1.,  1.,  1.,  2.,  1.,
         1.])
[2023-11-19 15:07:23,324][__main__][INFO] - epoch: 260
[2023-11-19 15:07:24,647][__main__][INFO] - alignment: tensor([20.,  1.,  4.,  2.,  1.,  2.,  2.,  1.,  1.,  1.,  1.,  1.,  2.,  1.,
         1.])
[2023-11-19 15:07:24,647][__main__][INFO] - epoch: 270
[2023-11-19 15:07:25,900][__main__][INFO] - alignment: tensor([19.,  1.,  4.,  2.,  1.,  2.,  2.,  1.,  1.,  1.,  1.,  1.,  2.,  1.,
         1.])
[2023-11-19 15:07:25,900][__main__][INFO] - epoch: 280
[2023-11-19 15:07:27,136][__main__][INFO] - alignment: tensor([18.,  1.,  4.,  2.,  1.,  2.,  2.,  1.,  1.,  1.,  1.,  1.,  2.,  1.,
         1.])
[2023-11-19 15:07:27,136][__main__][INFO] - epoch: 290
[2023-11-19 15:07:28,326][__main__][INFO] - alignment: tensor([17.,  1.,  4.,  2.,  1.,  2.,  2.,  1.,  1.,  1.,  1.,  1.,  2.,  1.,
         1.])
[2023-11-19 15:07:28,327][__main__][INFO] - epoch: 300
[2023-11-19 15:07:29,493][__main__][INFO] - alignment: tensor([18.,  1.,  4.,  2.,  1.,  2.,  2.,  1.,  1.,  1.,  1.,  1.,  2.,  1.,
         1.])
[2023-11-19 15:07:29,494][__main__][INFO] - epoch: 310
[2023-11-19 15:07:30,808][__main__][INFO] - alignment: tensor([17.,  1.,  4.,  2.,  1.,  2.,  2.,  1.,  1.,  1.,  1.,  1.,  2.,  1.,
         1.])
[2023-11-19 15:07:30,809][__main__][INFO] - epoch: 320
[2023-11-19 15:07:32,075][__main__][INFO] - alignment: tensor([18.,  1.,  4.,  3.,  1.,  2.,  2.,  1.,  1.,  1.,  1.,  1.,  2.,  1.,
         1.])
[2023-11-19 15:07:32,075][__main__][INFO] - epoch: 330
[2023-11-19 15:07:33,311][__main__][INFO] - alignment: tensor([17.,  1.,  4.,  3.,  1.,  2.,  2.,  1.,  1.,  1.,  1.,  1.,  2.,  1.,
         1.])
[2023-11-19 15:07:33,311][__main__][INFO] - epoch: 340
[2023-11-19 15:07:34,509][__main__][INFO] - alignment: tensor([17.,  1.,  4.,  3.,  1.,  2.,  2.,  1.,  1.,  1.,  1.,  1.,  2.,  1.,
         1.])
[2023-11-19 15:07:34,610][__main__][INFO] - Training losses plot: train_losses.png
[2023-11-19 15:07:34,702][__main__][INFO] - Accuracies plot: accuracies.png
