[2023-11-18 20:06:41,585][hydra.utils][INFO] - Logging from main
[2023-11-18 20:48:48,349][__main__][INFO] - Model weights saved at: model.pt
[2023-11-18 20:48:48,376][__main__][INFO] - Training accuracy: 0.9192222222222223
[2023-11-18 20:48:48,376][__main__][INFO] - Testing accuracy: 0.88
[2023-11-18 20:48:48,376][__main__][INFO] - feat_thresh: 0.1
[2023-11-18 20:48:48,376][__main__][INFO] - epoch: 0
[2023-11-18 20:48:49,066][__main__][INFO] - alignment: tensor([0., 0., 0., 0., 0., 0., 0., 0., 0., 0., 0., 0., 0., 0., 0.])
[2023-11-18 20:48:49,067][__main__][INFO] - epoch: 10
[2023-11-18 20:48:49,599][__main__][INFO] - alignment: tensor([0., 0., 0., 0., 0., 0., 0., 0., 0., 0., 0., 0., 0., 0., 0.])
[2023-11-18 20:48:49,599][__main__][INFO] - epoch: 20
[2023-11-18 20:48:50,132][__main__][INFO] - alignment: tensor([0., 0., 0., 0., 0., 0., 0., 0., 0., 0., 0., 0., 0., 0., 0.])
[2023-11-18 20:48:50,132][__main__][INFO] - epoch: 30
[2023-11-18 20:48:50,805][__main__][INFO] - alignment: tensor([0., 0., 0., 0., 0., 0., 0., 0., 0., 0., 0., 0., 0., 0., 0.])
[2023-11-18 20:48:50,805][__main__][INFO] - epoch: 40
[2023-11-18 20:48:51,420][__main__][INFO] - alignment: tensor([0., 0., 0., 0., 0., 0., 0., 0., 0., 0., 0., 0., 0., 0., 0.])
[2023-11-18 20:48:51,420][__main__][INFO] - epoch: 50
[2023-11-18 20:48:51,903][__main__][INFO] - alignment: tensor([0., 0., 0., 0., 0., 0., 0., 0., 0., 0., 0., 0., 0., 0., 0.])
[2023-11-18 20:48:51,903][__main__][INFO] - epoch: 60
[2023-11-18 20:48:52,460][__main__][INFO] - alignment: tensor([0., 0., 0., 0., 0., 0., 0., 0., 0., 0., 0., 0., 0., 0., 0.])
[2023-11-18 20:48:52,460][__main__][INFO] - epoch: 70
[2023-11-18 20:48:53,047][__main__][INFO] - alignment: tensor([0., 0., 0., 0., 0., 0., 0., 0., 0., 0., 0., 0., 0., 0., 0.])
[2023-11-18 20:48:53,047][__main__][INFO] - epoch: 80
[2023-11-18 20:48:53,603][__main__][INFO] - alignment: tensor([0., 0., 0., 0., 0., 0., 0., 0., 0., 0., 0., 0., 0., 0., 0.])
[2023-11-18 20:48:53,603][__main__][INFO] - epoch: 90
[2023-11-18 20:48:54,467][__main__][INFO] - alignment: tensor([0., 0., 0., 0., 0., 0., 0., 0., 0., 0., 0., 0., 0., 0., 0.])
[2023-11-18 20:48:54,468][__main__][INFO] - epoch: 100
[2023-11-18 20:48:55,069][__main__][INFO] - alignment: tensor([0., 0., 0., 0., 0., 0., 0., 0., 0., 0., 0., 0., 0., 0., 0.])
[2023-11-18 20:48:55,069][__main__][INFO] - epoch: 110
[2023-11-18 20:48:55,575][__main__][INFO] - alignment: tensor([0., 0., 0., 0., 0., 0., 0., 0., 0., 0., 0., 0., 0., 0., 0.])
[2023-11-18 20:48:55,575][__main__][INFO] - epoch: 120
[2023-11-18 20:48:56,083][__main__][INFO] - alignment: tensor([0., 0., 0., 0., 0., 0., 0., 0., 0., 0., 0., 0., 0., 0., 0.])
[2023-11-18 20:48:56,083][__main__][INFO] - epoch: 130
[2023-11-18 20:48:56,568][__main__][INFO] - alignment: tensor([0., 0., 0., 0., 0., 0., 0., 0., 0., 0., 0., 0., 0., 0., 0.])
[2023-11-18 20:48:56,568][__main__][INFO] - epoch: 140
[2023-11-18 20:48:57,055][__main__][INFO] - alignment: tensor([0., 0., 0., 0., 0., 0., 0., 0., 0., 0., 0., 0., 0., 0., 0.])
[2023-11-18 20:48:57,055][__main__][INFO] - epoch: 150
[2023-11-18 20:48:57,607][__main__][INFO] - alignment: tensor([0., 0., 0., 0., 0., 0., 0., 0., 0., 0., 0., 0., 0., 0., 0.])
[2023-11-18 20:48:57,607][__main__][INFO] - epoch: 160
[2023-11-18 20:48:58,132][__main__][INFO] - alignment: tensor([0., 0., 0., 0., 0., 0., 0., 0., 0., 0., 0., 0., 0., 0., 0.])
[2023-11-18 20:48:58,133][__main__][INFO] - epoch: 170
[2023-11-18 20:48:58,675][__main__][INFO] - alignment: tensor([0., 0., 0., 0., 0., 0., 0., 0., 0., 0., 0., 0., 0., 0., 0.])
[2023-11-18 20:48:58,675][__main__][INFO] - epoch: 180
[2023-11-18 20:48:59,167][__main__][INFO] - alignment: tensor([0., 0., 0., 0., 0., 0., 0., 0., 0., 0., 0., 0., 0., 0., 0.])
[2023-11-18 20:48:59,167][__main__][INFO] - epoch: 190
[2023-11-18 20:48:59,720][__main__][INFO] - alignment: tensor([0., 0., 0., 0., 0., 0., 0., 0., 0., 0., 0., 0., 0., 0., 0.])
[2023-11-18 20:48:59,721][__main__][INFO] - epoch: 200
[2023-11-18 20:49:00,299][__main__][INFO] - alignment: tensor([0., 0., 0., 0., 0., 0., 0., 0., 0., 0., 0., 0., 0., 0., 0.])
[2023-11-18 20:49:00,299][__main__][INFO] - epoch: 210
[2023-11-18 20:49:00,809][__main__][INFO] - alignment: tensor([0., 0., 0., 0., 0., 0., 0., 0., 0., 0., 0., 0., 0., 0., 0.])
[2023-11-18 20:49:00,809][__main__][INFO] - epoch: 220
[2023-11-18 20:49:01,390][__main__][INFO] - alignment: tensor([0., 0., 0., 0., 0., 0., 0., 0., 0., 0., 0., 0., 0., 0., 0.])
[2023-11-18 20:49:01,391][__main__][INFO] - epoch: 230
[2023-11-18 20:49:02,010][__main__][INFO] - alignment: tensor([0., 0., 0., 0., 0., 0., 0., 0., 0., 0., 0., 0., 0., 0., 0.])
[2023-11-18 20:49:02,010][__main__][INFO] - epoch: 240
[2023-11-18 20:49:02,645][__main__][INFO] - alignment: tensor([0., 0., 0., 0., 0., 0., 0., 0., 0., 0., 0., 0., 0., 0., 0.])
[2023-11-18 20:49:02,645][__main__][INFO] - epoch: 250
[2023-11-18 20:49:03,167][__main__][INFO] - alignment: tensor([0., 0., 0., 0., 0., 0., 0., 0., 0., 0., 0., 0., 0., 0., 0.])
[2023-11-18 20:49:03,167][__main__][INFO] - epoch: 260
[2023-11-18 20:49:03,820][__main__][INFO] - alignment: tensor([0., 0., 0., 0., 0., 0., 0., 0., 0., 0., 0., 0., 0., 0., 0.])
[2023-11-18 20:49:03,821][__main__][INFO] - epoch: 270
[2023-11-18 20:49:04,360][__main__][INFO] - alignment: tensor([0., 0., 0., 0., 0., 0., 0., 0., 0., 0., 0., 0., 0., 0., 0.])
[2023-11-18 20:49:04,361][__main__][INFO] - epoch: 280
[2023-11-18 20:49:04,941][__main__][INFO] - alignment: tensor([0., 0., 0., 0., 0., 0., 0., 0., 0., 0., 0., 0., 0., 0., 0.])
[2023-11-18 20:49:04,941][__main__][INFO] - epoch: 290
[2023-11-18 20:49:05,488][__main__][INFO] - alignment: tensor([0., 0., 0., 0., 0., 0., 0., 0., 0., 0., 0., 0., 0., 0., 0.])
[2023-11-18 20:49:05,488][__main__][INFO] - epoch: 300
[2023-11-18 20:49:06,117][__main__][INFO] - alignment: tensor([0., 0., 0., 0., 0., 0., 0., 0., 0., 0., 0., 0., 0., 0., 0.])
[2023-11-18 20:49:06,118][__main__][INFO] - epoch: 310
[2023-11-18 20:49:06,817][__main__][INFO] - alignment: tensor([0., 0., 0., 0., 0., 0., 0., 0., 0., 0., 0., 0., 0., 0., 0.])
[2023-11-18 20:49:06,817][__main__][INFO] - epoch: 320
[2023-11-18 20:49:07,413][__main__][INFO] - alignment: tensor([0., 0., 0., 0., 0., 0., 0., 0., 0., 0., 0., 0., 0., 0., 0.])
[2023-11-18 20:49:07,413][__main__][INFO] - epoch: 330
[2023-11-18 20:49:08,037][__main__][INFO] - alignment: tensor([0., 0., 0., 0., 0., 0., 0., 0., 0., 0., 0., 0., 0., 0., 0.])
[2023-11-18 20:49:08,037][__main__][INFO] - epoch: 340
[2023-11-18 20:49:08,542][__main__][INFO] - alignment: tensor([0., 0., 0., 0., 0., 0., 0., 0., 0., 0., 0., 0., 0., 0., 0.])
[2023-11-18 20:49:08,542][__main__][INFO] - epoch: 350
[2023-11-18 20:49:09,091][__main__][INFO] - alignment: tensor([0., 0., 0., 0., 0., 0., 0., 0., 0., 0., 0., 0., 0., 0., 0.])
[2023-11-18 20:49:09,091][__main__][INFO] - epoch: 360
[2023-11-18 20:49:09,679][__main__][INFO] - alignment: tensor([0., 0., 0., 0., 0., 0., 0., 0., 0., 0., 0., 0., 0., 0., 0.])
[2023-11-18 20:49:09,679][__main__][INFO] - epoch: 370
[2023-11-18 20:49:10,174][__main__][INFO] - alignment: tensor([0., 0., 0., 0., 0., 0., 0., 0., 0., 0., 0., 0., 0., 0., 0.])
[2023-11-18 20:49:10,174][__main__][INFO] - epoch: 380
[2023-11-18 20:49:10,662][__main__][INFO] - alignment: tensor([0., 0., 0., 0., 0., 0., 0., 0., 0., 0., 0., 0., 0., 0., 0.])
[2023-11-18 20:49:10,662][__main__][INFO] - epoch: 390
[2023-11-18 20:49:11,153][__main__][INFO] - alignment: tensor([0., 0., 0., 0., 0., 0., 0., 0., 0., 0., 0., 0., 0., 0., 0.])
[2023-11-18 20:49:11,153][__main__][INFO] - epoch: 400
[2023-11-18 20:49:11,682][__main__][INFO] - alignment: tensor([0., 0., 0., 0., 0., 0., 0., 0., 0., 0., 0., 0., 0., 0., 0.])
[2023-11-18 20:49:11,682][__main__][INFO] - epoch: 410
[2023-11-18 20:49:12,215][__main__][INFO] - alignment: tensor([0., 0., 0., 0., 0., 0., 0., 0., 0., 0., 0., 0., 0., 0., 0.])
[2023-11-18 20:49:12,216][__main__][INFO] - epoch: 420
[2023-11-18 20:49:12,863][__main__][INFO] - alignment: tensor([0., 0., 0., 0., 0., 0., 0., 0., 0., 0., 0., 0., 0., 0., 0.])
[2023-11-18 20:49:12,863][__main__][INFO] - epoch: 430
[2023-11-18 20:49:13,428][__main__][INFO] - alignment: tensor([0., 0., 0., 0., 0., 0., 0., 0., 0., 0., 0., 0., 0., 0., 0.])
[2023-11-18 20:49:13,429][__main__][INFO] - epoch: 440
[2023-11-18 20:49:14,070][__main__][INFO] - alignment: tensor([0., 0., 0., 0., 0., 0., 0., 0., 0., 0., 0., 0., 0., 0., 0.])
[2023-11-18 20:49:14,071][__main__][INFO] - epoch: 450
[2023-11-18 20:49:14,747][__main__][INFO] - alignment: tensor([0., 0., 0., 0., 0., 0., 0., 0., 0., 0., 0., 0., 0., 0., 0.])
[2023-11-18 20:49:14,747][__main__][INFO] - epoch: 460
[2023-11-18 20:49:15,250][__main__][INFO] - alignment: tensor([0., 0., 0., 0., 0., 0., 0., 0., 0., 0., 0., 0., 0., 0., 0.])
[2023-11-18 20:49:15,251][__main__][INFO] - epoch: 470
[2023-11-18 20:49:15,833][__main__][INFO] - alignment: tensor([1., 0., 0., 0., 0., 0., 0., 0., 0., 0., 0., 0., 0., 0., 0.])
[2023-11-18 20:49:15,833][__main__][INFO] - epoch: 480
[2023-11-18 20:49:16,435][__main__][INFO] - alignment: tensor([3., 0., 0., 0., 0., 0., 0., 0., 0., 0., 0., 0., 0., 0., 0.])
[2023-11-18 20:49:16,436][__main__][INFO] - epoch: 490
[2023-11-18 20:49:17,002][__main__][INFO] - alignment: tensor([3., 0., 0., 0., 0., 0., 0., 0., 0., 0., 0., 0., 0., 0., 0.])
[2023-11-18 20:49:17,002][__main__][INFO] - epoch: 500
[2023-11-18 20:49:17,539][__main__][INFO] - alignment: tensor([2., 0., 0., 0., 0., 0., 0., 0., 0., 0., 0., 0., 0., 0., 0.])
[2023-11-18 20:49:17,539][__main__][INFO] - epoch: 510
[2023-11-18 20:49:18,112][__main__][INFO] - alignment: tensor([2., 0., 0., 0., 0., 0., 0., 0., 0., 0., 0., 0., 0., 0., 0.])
[2023-11-18 20:49:18,112][__main__][INFO] - epoch: 520
[2023-11-18 20:49:18,760][__main__][INFO] - alignment: tensor([2., 0., 0., 0., 0., 0., 0., 0., 0., 0., 0., 0., 0., 0., 0.])
[2023-11-18 20:49:18,761][__main__][INFO] - epoch: 530
[2023-11-18 20:49:19,474][__main__][INFO] - alignment: tensor([2., 0., 0., 0., 0., 0., 0., 0., 0., 0., 0., 0., 0., 0., 0.])
[2023-11-18 20:49:19,474][__main__][INFO] - epoch: 540
[2023-11-18 20:49:19,996][__main__][INFO] - alignment: tensor([2., 0., 0., 0., 0., 0., 0., 0., 0., 0., 0., 0., 0., 0., 0.])
[2023-11-18 20:49:19,996][__main__][INFO] - feat_thresh: 0.2
[2023-11-18 20:49:19,996][__main__][INFO] - epoch: 0
[2023-11-18 20:49:20,641][__main__][INFO] - alignment: tensor([0., 0., 0., 0., 0., 0., 0., 0., 0., 0., 0., 0., 0., 0., 0.])
[2023-11-18 20:49:20,641][__main__][INFO] - epoch: 10
[2023-11-18 20:49:21,279][__main__][INFO] - alignment: tensor([0., 0., 0., 0., 0., 0., 0., 0., 0., 0., 0., 0., 0., 0., 0.])
[2023-11-18 20:49:21,279][__main__][INFO] - epoch: 20
[2023-11-18 20:49:21,845][__main__][INFO] - alignment: tensor([0., 0., 0., 0., 0., 0., 0., 0., 0., 0., 0., 0., 0., 0., 0.])
[2023-11-18 20:49:21,846][__main__][INFO] - epoch: 30
[2023-11-18 20:49:22,392][__main__][INFO] - alignment: tensor([0., 0., 0., 0., 0., 0., 0., 0., 0., 0., 0., 0., 0., 0., 0.])
[2023-11-18 20:49:22,392][__main__][INFO] - epoch: 40
[2023-11-18 20:49:22,977][__main__][INFO] - alignment: tensor([0., 0., 0., 0., 0., 0., 0., 0., 0., 0., 0., 0., 0., 0., 0.])
[2023-11-18 20:49:22,977][__main__][INFO] - epoch: 50
[2023-11-18 20:49:23,694][__main__][INFO] - alignment: tensor([0., 0., 0., 0., 0., 0., 0., 0., 0., 0., 0., 0., 0., 0., 0.])
[2023-11-18 20:49:23,694][__main__][INFO] - epoch: 60
[2023-11-18 20:49:24,269][__main__][INFO] - alignment: tensor([0., 0., 0., 0., 0., 0., 0., 0., 0., 0., 0., 0., 0., 0., 0.])
[2023-11-18 20:49:24,269][__main__][INFO] - epoch: 70
[2023-11-18 20:49:24,796][__main__][INFO] - alignment: tensor([0., 0., 0., 0., 0., 0., 0., 0., 0., 0., 0., 0., 0., 0., 0.])
[2023-11-18 20:49:24,796][__main__][INFO] - epoch: 80
[2023-11-18 20:49:25,320][__main__][INFO] - alignment: tensor([0., 0., 0., 0., 0., 0., 0., 0., 0., 0., 0., 0., 0., 0., 0.])
[2023-11-18 20:49:25,321][__main__][INFO] - epoch: 90
[2023-11-18 20:49:25,821][__main__][INFO] - alignment: tensor([0., 0., 0., 0., 0., 0., 0., 0., 0., 0., 0., 0., 0., 0., 0.])
[2023-11-18 20:49:25,821][__main__][INFO] - epoch: 100
[2023-11-18 20:49:26,399][__main__][INFO] - alignment: tensor([0., 0., 0., 0., 0., 0., 0., 0., 0., 0., 0., 0., 0., 0., 0.])
[2023-11-18 20:49:26,399][__main__][INFO] - epoch: 110
[2023-11-18 20:49:26,961][__main__][INFO] - alignment: tensor([0., 0., 0., 0., 0., 0., 0., 0., 0., 0., 0., 0., 0., 0., 0.])
[2023-11-18 20:49:26,961][__main__][INFO] - epoch: 120
[2023-11-18 20:49:27,452][__main__][INFO] - alignment: tensor([0., 0., 0., 0., 0., 0., 0., 0., 0., 0., 0., 0., 0., 0., 0.])
[2023-11-18 20:49:27,452][__main__][INFO] - epoch: 130
[2023-11-18 20:49:28,020][__main__][INFO] - alignment: tensor([0., 0., 0., 0., 0., 0., 0., 0., 0., 0., 0., 0., 0., 0., 0.])
[2023-11-18 20:49:28,020][__main__][INFO] - epoch: 140
[2023-11-18 20:49:28,604][__main__][INFO] - alignment: tensor([0., 0., 0., 0., 0., 0., 0., 0., 0., 0., 0., 0., 0., 0., 0.])
[2023-11-18 20:49:28,604][__main__][INFO] - epoch: 150
[2023-11-18 20:49:29,138][__main__][INFO] - alignment: tensor([0., 0., 0., 0., 0., 0., 0., 0., 0., 0., 0., 0., 0., 0., 0.])
[2023-11-18 20:49:29,138][__main__][INFO] - epoch: 160
[2023-11-18 20:49:29,772][__main__][INFO] - alignment: tensor([0., 0., 0., 0., 0., 0., 0., 0., 0., 0., 0., 0., 0., 0., 0.])
[2023-11-18 20:49:29,772][__main__][INFO] - epoch: 170
[2023-11-18 20:49:30,335][__main__][INFO] - alignment: tensor([0., 0., 0., 0., 0., 0., 0., 0., 0., 0., 0., 0., 0., 0., 0.])
[2023-11-18 20:49:30,335][__main__][INFO] - epoch: 180
[2023-11-18 20:49:30,834][__main__][INFO] - alignment: tensor([0., 0., 0., 0., 0., 0., 0., 0., 0., 0., 0., 0., 0., 0., 0.])
[2023-11-18 20:49:30,835][__main__][INFO] - epoch: 190
[2023-11-18 20:49:31,412][__main__][INFO] - alignment: tensor([0., 0., 0., 0., 0., 0., 0., 0., 0., 0., 0., 0., 0., 0., 0.])
[2023-11-18 20:49:31,413][__main__][INFO] - epoch: 200
[2023-11-18 20:49:31,953][__main__][INFO] - alignment: tensor([0., 0., 0., 0., 0., 0., 0., 0., 0., 0., 0., 0., 0., 0., 0.])
[2023-11-18 20:49:31,953][__main__][INFO] - epoch: 210
[2023-11-18 20:49:32,488][__main__][INFO] - alignment: tensor([0., 0., 0., 0., 0., 0., 0., 0., 0., 0., 0., 0., 0., 0., 0.])
[2023-11-18 20:49:32,488][__main__][INFO] - epoch: 220
[2023-11-18 20:49:33,115][__main__][INFO] - alignment: tensor([0., 0., 0., 0., 0., 0., 0., 0., 0., 0., 0., 0., 0., 0., 0.])
[2023-11-18 20:49:33,115][__main__][INFO] - epoch: 230
[2023-11-18 20:49:33,633][__main__][INFO] - alignment: tensor([0., 0., 0., 0., 0., 0., 0., 0., 0., 0., 0., 0., 0., 0., 0.])
[2023-11-18 20:49:33,633][__main__][INFO] - epoch: 240
[2023-11-18 20:49:34,230][__main__][INFO] - alignment: tensor([0., 0., 0., 0., 0., 0., 0., 0., 0., 0., 0., 0., 0., 0., 0.])
[2023-11-18 20:49:34,230][__main__][INFO] - epoch: 250
[2023-11-18 20:49:34,829][__main__][INFO] - alignment: tensor([0., 0., 0., 0., 0., 0., 0., 0., 0., 0., 0., 0., 0., 0., 0.])
[2023-11-18 20:49:34,829][__main__][INFO] - epoch: 260
[2023-11-18 20:49:35,353][__main__][INFO] - alignment: tensor([0., 0., 0., 0., 0., 0., 0., 0., 0., 0., 0., 0., 0., 0., 0.])
[2023-11-18 20:49:35,353][__main__][INFO] - epoch: 270
[2023-11-18 20:49:35,862][__main__][INFO] - alignment: tensor([0., 0., 0., 0., 0., 0., 0., 0., 0., 0., 0., 0., 0., 0., 0.])
[2023-11-18 20:49:35,862][__main__][INFO] - epoch: 280
[2023-11-18 20:49:36,368][__main__][INFO] - alignment: tensor([0., 0., 0., 0., 0., 0., 0., 0., 0., 0., 0., 0., 0., 0., 0.])
[2023-11-18 20:49:36,368][__main__][INFO] - epoch: 290
[2023-11-18 20:49:36,905][__main__][INFO] - alignment: tensor([0., 0., 0., 0., 0., 0., 0., 0., 0., 0., 0., 0., 0., 0., 0.])
[2023-11-18 20:49:36,906][__main__][INFO] - epoch: 300
[2023-11-18 20:49:37,578][__main__][INFO] - alignment: tensor([0., 0., 0., 0., 0., 0., 0., 0., 0., 0., 0., 0., 0., 0., 0.])
[2023-11-18 20:49:37,578][__main__][INFO] - epoch: 310
[2023-11-18 20:49:38,182][__main__][INFO] - alignment: tensor([0., 0., 0., 0., 0., 0., 0., 0., 0., 0., 0., 0., 0., 0., 0.])
[2023-11-18 20:49:38,182][__main__][INFO] - epoch: 320
[2023-11-18 20:49:38,766][__main__][INFO] - alignment: tensor([0., 0., 0., 0., 0., 0., 0., 0., 0., 0., 0., 0., 0., 0., 0.])
[2023-11-18 20:49:38,767][__main__][INFO] - epoch: 330
[2023-11-18 20:49:39,297][__main__][INFO] - alignment: tensor([0., 0., 0., 0., 0., 0., 0., 0., 0., 0., 0., 0., 0., 0., 0.])
[2023-11-18 20:49:39,297][__main__][INFO] - epoch: 340
[2023-11-18 20:49:39,820][__main__][INFO] - alignment: tensor([0., 0., 0., 0., 0., 0., 0., 0., 0., 0., 0., 0., 0., 0., 0.])
[2023-11-18 20:49:39,820][__main__][INFO] - epoch: 350
[2023-11-18 20:49:40,351][__main__][INFO] - alignment: tensor([0., 0., 0., 0., 0., 0., 0., 0., 0., 0., 0., 0., 0., 0., 0.])
[2023-11-18 20:49:40,352][__main__][INFO] - epoch: 360
[2023-11-18 20:49:40,859][__main__][INFO] - alignment: tensor([0., 0., 0., 0., 0., 0., 0., 0., 0., 0., 0., 0., 0., 0., 0.])
[2023-11-18 20:49:40,859][__main__][INFO] - epoch: 370
[2023-11-18 20:49:41,365][__main__][INFO] - alignment: tensor([0., 0., 0., 0., 0., 0., 0., 0., 0., 0., 0., 0., 0., 0., 0.])
[2023-11-18 20:49:41,366][__main__][INFO] - epoch: 380
[2023-11-18 20:49:41,871][__main__][INFO] - alignment: tensor([0., 0., 0., 0., 0., 0., 0., 0., 0., 0., 0., 0., 0., 0., 0.])
[2023-11-18 20:49:41,871][__main__][INFO] - epoch: 390
[2023-11-18 20:49:42,374][__main__][INFO] - alignment: tensor([0., 0., 0., 0., 0., 0., 0., 0., 0., 0., 0., 0., 0., 0., 0.])
[2023-11-18 20:49:42,374][__main__][INFO] - epoch: 400
[2023-11-18 20:49:42,868][__main__][INFO] - alignment: tensor([0., 0., 0., 0., 0., 0., 0., 0., 0., 0., 0., 0., 0., 0., 0.])
[2023-11-18 20:49:42,868][__main__][INFO] - epoch: 410
[2023-11-18 20:49:43,525][__main__][INFO] - alignment: tensor([0., 0., 0., 0., 0., 0., 0., 0., 0., 0., 0., 0., 0., 0., 0.])
[2023-11-18 20:49:43,525][__main__][INFO] - epoch: 420
[2023-11-18 20:49:44,145][__main__][INFO] - alignment: tensor([0., 0., 0., 0., 0., 0., 0., 0., 0., 0., 0., 0., 0., 0., 0.])
[2023-11-18 20:49:44,146][__main__][INFO] - epoch: 430
[2023-11-18 20:49:44,739][__main__][INFO] - alignment: tensor([0., 0., 0., 0., 0., 0., 0., 0., 0., 0., 0., 0., 0., 0., 0.])
[2023-11-18 20:49:44,739][__main__][INFO] - epoch: 440
[2023-11-18 20:49:45,352][__main__][INFO] - alignment: tensor([0., 0., 0., 0., 0., 0., 0., 0., 0., 0., 0., 0., 0., 0., 0.])
[2023-11-18 20:49:45,352][__main__][INFO] - epoch: 450
[2023-11-18 20:49:45,925][__main__][INFO] - alignment: tensor([2., 0., 0., 0., 0., 0., 0., 0., 0., 0., 0., 0., 0., 0., 0.])
[2023-11-18 20:49:45,925][__main__][INFO] - epoch: 460
[2023-11-18 20:49:46,644][__main__][INFO] - alignment: tensor([2., 0., 0., 0., 0., 0., 0., 0., 0., 0., 0., 0., 0., 0., 0.])
[2023-11-18 20:49:46,644][__main__][INFO] - epoch: 470
[2023-11-18 20:49:47,142][__main__][INFO] - alignment: tensor([6., 0., 0., 0., 0., 0., 0., 0., 0., 0., 0., 0., 0., 0., 0.])
[2023-11-18 20:49:47,142][__main__][INFO] - epoch: 480
[2023-11-18 20:49:47,703][__main__][INFO] - alignment: tensor([7., 0., 0., 0., 0., 0., 0., 0., 0., 0., 0., 0., 0., 0., 0.])
[2023-11-18 20:49:47,703][__main__][INFO] - epoch: 490
[2023-11-18 20:49:48,196][__main__][INFO] - alignment: tensor([9., 0., 0., 0., 0., 0., 0., 0., 0., 0., 0., 0., 0., 0., 0.])
[2023-11-18 20:49:48,196][__main__][INFO] - epoch: 500
[2023-11-18 20:49:48,751][__main__][INFO] - alignment: tensor([7., 0., 0., 0., 0., 0., 0., 0., 0., 0., 0., 0., 0., 0., 0.])
[2023-11-18 20:49:48,751][__main__][INFO] - epoch: 510
[2023-11-18 20:49:49,316][__main__][INFO] - alignment: tensor([7., 0., 0., 0., 0., 0., 0., 0., 0., 0., 0., 0., 0., 0., 0.])
[2023-11-18 20:49:49,316][__main__][INFO] - epoch: 520
[2023-11-18 20:49:49,944][__main__][INFO] - alignment: tensor([5., 0., 0., 0., 0., 0., 0., 0., 0., 0., 0., 0., 0., 0., 0.])
[2023-11-18 20:49:49,944][__main__][INFO] - epoch: 530
[2023-11-18 20:49:50,559][__main__][INFO] - alignment: tensor([5., 0., 2., 0., 0., 0., 0., 0., 0., 0., 0., 0., 1., 0., 0.])
[2023-11-18 20:49:50,559][__main__][INFO] - epoch: 540
[2023-11-18 20:49:51,225][__main__][INFO] - alignment: tensor([4., 1., 2., 0., 0., 0., 0., 0., 0., 0., 0., 0., 1., 0., 0.])
[2023-11-18 20:49:51,226][__main__][INFO] - feat_thresh: 0.3
[2023-11-18 20:49:51,226][__main__][INFO] - epoch: 0
[2023-11-18 20:49:51,922][__main__][INFO] - alignment: tensor([0., 0., 0., 0., 0., 0., 0., 0., 0., 0., 0., 0., 0., 0., 0.])
[2023-11-18 20:49:51,922][__main__][INFO] - epoch: 10
[2023-11-18 20:49:52,534][__main__][INFO] - alignment: tensor([0., 0., 0., 0., 0., 0., 0., 0., 0., 0., 0., 0., 0., 0., 0.])
[2023-11-18 20:49:52,535][__main__][INFO] - epoch: 20
[2023-11-18 20:49:53,191][__main__][INFO] - alignment: tensor([0., 0., 0., 0., 0., 0., 0., 0., 0., 0., 0., 0., 0., 0., 0.])
[2023-11-18 20:49:53,191][__main__][INFO] - epoch: 30
[2023-11-18 20:49:53,680][__main__][INFO] - alignment: tensor([0., 0., 0., 0., 0., 0., 0., 0., 0., 0., 0., 0., 0., 0., 0.])
[2023-11-18 20:49:53,680][__main__][INFO] - epoch: 40
[2023-11-18 20:49:54,271][__main__][INFO] - alignment: tensor([0., 0., 0., 0., 0., 0., 0., 0., 0., 0., 0., 0., 0., 0., 0.])
[2023-11-18 20:49:54,271][__main__][INFO] - epoch: 50
[2023-11-18 20:49:54,765][__main__][INFO] - alignment: tensor([0., 0., 0., 0., 0., 0., 0., 0., 0., 0., 0., 0., 0., 0., 0.])
[2023-11-18 20:49:54,766][__main__][INFO] - epoch: 60
[2023-11-18 20:49:55,251][__main__][INFO] - alignment: tensor([0., 0., 0., 0., 0., 0., 0., 0., 0., 0., 0., 0., 0., 0., 0.])
[2023-11-18 20:49:55,251][__main__][INFO] - epoch: 70
[2023-11-18 20:49:55,797][__main__][INFO] - alignment: tensor([0., 0., 0., 0., 0., 0., 0., 0., 0., 0., 0., 0., 0., 0., 0.])
[2023-11-18 20:49:55,797][__main__][INFO] - epoch: 80
[2023-11-18 20:49:56,478][__main__][INFO] - alignment: tensor([0., 0., 0., 0., 0., 0., 0., 0., 0., 0., 0., 0., 0., 0., 0.])
[2023-11-18 20:49:56,479][__main__][INFO] - epoch: 90
[2023-11-18 20:49:56,998][__main__][INFO] - alignment: tensor([0., 0., 0., 0., 0., 0., 0., 0., 0., 0., 0., 0., 0., 0., 0.])
[2023-11-18 20:49:56,998][__main__][INFO] - epoch: 100
[2023-11-18 20:49:57,595][__main__][INFO] - alignment: tensor([0., 0., 0., 0., 0., 0., 0., 0., 0., 0., 0., 0., 0., 0., 0.])
[2023-11-18 20:49:57,595][__main__][INFO] - epoch: 110
[2023-11-18 20:49:58,172][__main__][INFO] - alignment: tensor([0., 0., 0., 0., 0., 0., 0., 0., 0., 0., 0., 0., 0., 0., 0.])
[2023-11-18 20:49:58,172][__main__][INFO] - epoch: 120
[2023-11-18 20:49:58,742][__main__][INFO] - alignment: tensor([0., 0., 0., 0., 0., 0., 0., 0., 0., 0., 0., 0., 0., 0., 0.])
[2023-11-18 20:49:58,742][__main__][INFO] - epoch: 130
[2023-11-18 20:49:59,386][__main__][INFO] - alignment: tensor([0., 0., 0., 0., 0., 0., 0., 0., 0., 0., 0., 0., 0., 0., 0.])
[2023-11-18 20:49:59,387][__main__][INFO] - epoch: 140
[2023-11-18 20:50:00,096][__main__][INFO] - alignment: tensor([0., 0., 0., 0., 0., 0., 0., 0., 0., 0., 0., 0., 0., 0., 0.])
[2023-11-18 20:50:00,097][__main__][INFO] - epoch: 150
[2023-11-18 20:50:00,613][__main__][INFO] - alignment: tensor([0., 0., 0., 0., 0., 0., 0., 0., 0., 0., 0., 0., 0., 0., 0.])
[2023-11-18 20:50:00,613][__main__][INFO] - epoch: 160
[2023-11-18 20:50:01,300][__main__][INFO] - alignment: tensor([0., 0., 0., 0., 0., 0., 0., 0., 0., 0., 0., 0., 0., 0., 0.])
[2023-11-18 20:50:01,301][__main__][INFO] - epoch: 170
[2023-11-18 20:50:01,893][__main__][INFO] - alignment: tensor([0., 0., 0., 0., 0., 0., 0., 0., 0., 0., 0., 0., 0., 0., 0.])
[2023-11-18 20:50:01,893][__main__][INFO] - epoch: 180
[2023-11-18 20:50:02,470][__main__][INFO] - alignment: tensor([0., 0., 0., 0., 0., 0., 0., 0., 0., 0., 0., 0., 0., 0., 0.])
[2023-11-18 20:50:02,470][__main__][INFO] - epoch: 190
[2023-11-18 20:50:03,100][__main__][INFO] - alignment: tensor([0., 0., 0., 0., 0., 0., 0., 0., 0., 0., 0., 0., 0., 0., 0.])
[2023-11-18 20:50:03,100][__main__][INFO] - epoch: 200
[2023-11-18 20:50:03,637][__main__][INFO] - alignment: tensor([0., 0., 0., 0., 0., 0., 0., 0., 0., 0., 0., 0., 0., 0., 0.])
[2023-11-18 20:50:03,638][__main__][INFO] - epoch: 210
[2023-11-18 20:50:04,250][__main__][INFO] - alignment: tensor([0., 0., 0., 0., 0., 0., 0., 0., 0., 0., 0., 0., 0., 0., 0.])
[2023-11-18 20:50:04,250][__main__][INFO] - epoch: 220
[2023-11-18 20:50:04,804][__main__][INFO] - alignment: tensor([0., 0., 0., 0., 0., 0., 0., 0., 0., 0., 0., 0., 0., 0., 0.])
[2023-11-18 20:50:04,805][__main__][INFO] - epoch: 230
[2023-11-18 20:50:05,414][__main__][INFO] - alignment: tensor([0., 0., 0., 0., 0., 0., 0., 0., 0., 0., 0., 0., 0., 0., 0.])
[2023-11-18 20:50:05,415][__main__][INFO] - epoch: 240
[2023-11-18 20:50:06,021][__main__][INFO] - alignment: tensor([0., 0., 0., 0., 0., 0., 0., 0., 0., 0., 0., 0., 0., 0., 0.])
[2023-11-18 20:50:06,022][__main__][INFO] - epoch: 250
[2023-11-18 20:50:06,600][__main__][INFO] - alignment: tensor([0., 0., 0., 0., 0., 0., 0., 0., 0., 0., 0., 0., 0., 0., 0.])
[2023-11-18 20:50:06,601][__main__][INFO] - epoch: 260
[2023-11-18 20:50:07,231][__main__][INFO] - alignment: tensor([0., 0., 0., 0., 0., 0., 0., 0., 0., 0., 0., 0., 0., 0., 0.])
[2023-11-18 20:50:07,231][__main__][INFO] - epoch: 270
[2023-11-18 20:50:07,806][__main__][INFO] - alignment: tensor([0., 0., 0., 0., 0., 0., 0., 0., 0., 0., 0., 0., 0., 0., 0.])
[2023-11-18 20:50:07,806][__main__][INFO] - epoch: 280
[2023-11-18 20:50:08,355][__main__][INFO] - alignment: tensor([0., 0., 0., 0., 0., 0., 0., 0., 0., 0., 0., 0., 0., 0., 0.])
[2023-11-18 20:50:08,355][__main__][INFO] - epoch: 290
[2023-11-18 20:50:08,911][__main__][INFO] - alignment: tensor([0., 0., 0., 0., 0., 0., 0., 0., 0., 0., 0., 0., 0., 0., 0.])
[2023-11-18 20:50:08,911][__main__][INFO] - epoch: 300
[2023-11-18 20:50:09,501][__main__][INFO] - alignment: tensor([0., 0., 0., 0., 0., 0., 0., 0., 0., 0., 0., 0., 0., 0., 0.])
[2023-11-18 20:50:09,501][__main__][INFO] - epoch: 310
[2023-11-18 20:50:10,033][__main__][INFO] - alignment: tensor([0., 0., 0., 0., 0., 0., 0., 0., 0., 0., 0., 0., 0., 0., 0.])
[2023-11-18 20:50:10,034][__main__][INFO] - epoch: 320
[2023-11-18 20:50:10,572][__main__][INFO] - alignment: tensor([0., 0., 0., 0., 0., 0., 0., 0., 0., 0., 0., 0., 0., 0., 0.])
[2023-11-18 20:50:10,572][__main__][INFO] - epoch: 330
[2023-11-18 20:50:11,064][__main__][INFO] - alignment: tensor([0., 0., 0., 0., 0., 0., 0., 0., 0., 0., 0., 0., 0., 0., 0.])
[2023-11-18 20:50:11,065][__main__][INFO] - epoch: 340
[2023-11-18 20:50:11,591][__main__][INFO] - alignment: tensor([0., 0., 0., 0., 0., 0., 0., 0., 0., 0., 0., 0., 0., 0., 0.])
[2023-11-18 20:50:11,591][__main__][INFO] - epoch: 350
[2023-11-18 20:50:12,182][__main__][INFO] - alignment: tensor([0., 0., 0., 0., 0., 0., 0., 0., 0., 0., 0., 0., 0., 0., 0.])
[2023-11-18 20:50:12,182][__main__][INFO] - epoch: 360
[2023-11-18 20:50:12,720][__main__][INFO] - alignment: tensor([0., 0., 0., 0., 0., 0., 0., 0., 0., 0., 0., 0., 0., 0., 0.])
[2023-11-18 20:50:12,720][__main__][INFO] - epoch: 370
[2023-11-18 20:50:13,250][__main__][INFO] - alignment: tensor([0., 0., 0., 0., 0., 0., 0., 0., 0., 0., 0., 0., 0., 0., 0.])
[2023-11-18 20:50:13,250][__main__][INFO] - epoch: 380
[2023-11-18 20:50:13,810][__main__][INFO] - alignment: tensor([1., 0., 0., 0., 0., 0., 0., 0., 0., 0., 0., 0., 0., 0., 0.])
[2023-11-18 20:50:13,810][__main__][INFO] - epoch: 390
[2023-11-18 20:50:14,327][__main__][INFO] - alignment: tensor([1., 0., 0., 0., 0., 0., 0., 0., 0., 0., 0., 0., 0., 0., 0.])
[2023-11-18 20:50:14,328][__main__][INFO] - epoch: 400
[2023-11-18 20:50:14,978][__main__][INFO] - alignment: tensor([0., 0., 0., 0., 0., 0., 0., 0., 0., 0., 0., 0., 0., 0., 0.])
[2023-11-18 20:50:14,978][__main__][INFO] - epoch: 410
[2023-11-18 20:50:15,606][__main__][INFO] - alignment: tensor([0., 0., 0., 0., 0., 0., 0., 0., 0., 0., 0., 0., 0., 0., 0.])
[2023-11-18 20:50:15,606][__main__][INFO] - epoch: 420
[2023-11-18 20:50:16,113][__main__][INFO] - alignment: tensor([2., 0., 0., 0., 0., 0., 0., 0., 0., 0., 0., 0., 0., 0., 0.])
[2023-11-18 20:50:16,113][__main__][INFO] - epoch: 430
[2023-11-18 20:50:16,616][__main__][INFO] - alignment: tensor([3., 0., 0., 0., 0., 0., 0., 0., 0., 0., 0., 0., 0., 0., 0.])
[2023-11-18 20:50:16,616][__main__][INFO] - epoch: 440
[2023-11-18 20:50:17,198][__main__][INFO] - alignment: tensor([5., 0., 0., 0., 0., 0., 0., 0., 0., 0., 0., 0., 0., 0., 0.])
[2023-11-18 20:50:17,198][__main__][INFO] - epoch: 450
[2023-11-18 20:50:17,710][__main__][INFO] - alignment: tensor([13.,  0.,  0.,  0.,  0.,  0.,  0.,  0.,  0.,  0.,  0.,  0.,  0.,  0.,
         0.])
[2023-11-18 20:50:17,710][__main__][INFO] - epoch: 460
[2023-11-18 20:50:18,281][__main__][INFO] - alignment: tensor([18.,  0.,  0.,  0.,  0.,  0.,  0.,  0.,  0.,  0.,  0.,  0.,  0.,  0.,
         0.])
[2023-11-18 20:50:18,281][__main__][INFO] - epoch: 470
[2023-11-18 20:50:18,926][__main__][INFO] - alignment: tensor([23.,  0.,  0.,  0.,  0.,  0.,  0.,  0.,  0.,  0.,  0.,  0.,  0.,  0.,
         0.])
[2023-11-18 20:50:18,926][__main__][INFO] - epoch: 480
[2023-11-18 20:50:19,623][__main__][INFO] - alignment: tensor([19.,  0.,  0.,  0.,  0.,  0.,  0.,  0.,  0.,  0.,  0.,  0.,  0.,  0.,
         0.])
[2023-11-18 20:50:19,623][__main__][INFO] - epoch: 490
[2023-11-18 20:50:20,251][__main__][INFO] - alignment: tensor([19.,  0.,  0.,  0.,  0.,  0.,  0.,  0.,  0.,  0.,  0.,  0.,  0.,  0.,
         0.])
[2023-11-18 20:50:20,251][__main__][INFO] - epoch: 500
[2023-11-18 20:50:20,757][__main__][INFO] - alignment: tensor([16.,  0.,  1.,  0.,  0.,  0.,  0.,  0.,  0.,  0.,  0.,  0.,  0.,  0.,
         0.])
[2023-11-18 20:50:20,758][__main__][INFO] - epoch: 510
[2023-11-18 20:50:21,395][__main__][INFO] - alignment: tensor([17.,  0.,  1.,  0.,  0.,  0.,  0.,  0.,  0.,  0.,  0.,  0.,  0.,  0.,
         0.])
[2023-11-18 20:50:21,395][__main__][INFO] - epoch: 520
[2023-11-18 20:50:22,064][__main__][INFO] - alignment: tensor([15.,  0.,  3.,  0.,  0.,  0.,  0.,  0.,  0.,  0.,  0.,  0.,  1.,  0.,
         0.])
[2023-11-18 20:50:22,064][__main__][INFO] - epoch: 530
[2023-11-18 20:50:22,798][__main__][INFO] - alignment: tensor([14.,  1.,  3.,  0.,  0.,  0.,  0.,  0.,  0.,  0.,  0.,  1.,  1.,  0.,
         0.])
[2023-11-18 20:50:22,798][__main__][INFO] - epoch: 540
[2023-11-18 20:50:23,377][__main__][INFO] - alignment: tensor([17.,  1.,  3.,  0.,  0.,  0.,  0.,  0.,  0.,  0.,  0.,  1.,  1.,  0.,
         0.])
[2023-11-18 20:50:23,456][__main__][INFO] - Training losses plot: train_losses.png
[2023-11-18 20:50:23,559][__main__][INFO] - Accuracies plot: accuracies.png
