[2023-11-19 18:56:01,227][hydra.utils][INFO] - Logging from main
[2023-11-19 19:39:36,524][__main__][INFO] - Model weights saved at: model.pt
[2023-11-19 19:39:36,536][__main__][INFO] - Training accuracy: 0.9679166666666666
[2023-11-19 19:39:36,536][__main__][INFO] - Testing accuracy: 0.84075
[2023-11-19 19:39:36,536][__main__][INFO] - feat_thresh: 0.1
[2023-11-19 19:39:36,536][__main__][INFO] - epoch: 0
[2023-11-19 19:39:37,799][__main__][INFO] - alignment: tensor([0., 0., 0., 0., 0., 0., 0., 0., 0., 0., 0., 0., 0., 0., 0.])
[2023-11-19 19:39:37,799][__main__][INFO] - epoch: 10
[2023-11-19 19:39:38,987][__main__][INFO] - alignment: tensor([0., 0., 0., 0., 0., 0., 0., 0., 0., 0., 0., 0., 0., 0., 0.])
[2023-11-19 19:39:38,987][__main__][INFO] - epoch: 20
[2023-11-19 19:39:40,254][__main__][INFO] - alignment: tensor([0., 0., 0., 0., 0., 0., 0., 0., 0., 0., 0., 0., 0., 0., 0.])
[2023-11-19 19:39:40,254][__main__][INFO] - epoch: 30
[2023-11-19 19:39:41,567][__main__][INFO] - alignment: tensor([0., 0., 0., 0., 0., 0., 0., 0., 0., 0., 0., 0., 0., 0., 0.])
[2023-11-19 19:39:41,567][__main__][INFO] - epoch: 40
[2023-11-19 19:39:42,895][__main__][INFO] - alignment: tensor([0., 0., 0., 0., 0., 0., 0., 0., 0., 0., 0., 0., 0., 0., 0.])
[2023-11-19 19:39:42,895][__main__][INFO] - epoch: 50
[2023-11-19 19:39:44,162][__main__][INFO] - alignment: tensor([0., 0., 0., 0., 0., 0., 0., 0., 0., 0., 0., 0., 0., 0., 0.])
[2023-11-19 19:39:44,162][__main__][INFO] - epoch: 60
[2023-11-19 19:39:45,379][__main__][INFO] - alignment: tensor([0., 0., 0., 0., 0., 0., 0., 0., 0., 0., 0., 0., 0., 0., 0.])
[2023-11-19 19:39:45,379][__main__][INFO] - epoch: 70
[2023-11-19 19:39:46,645][__main__][INFO] - alignment: tensor([0., 0., 0., 0., 0., 0., 0., 0., 0., 0., 0., 0., 0., 0., 0.])
[2023-11-19 19:39:46,645][__main__][INFO] - epoch: 80
[2023-11-19 19:39:47,899][__main__][INFO] - alignment: tensor([0., 0., 0., 0., 0., 0., 0., 0., 0., 0., 0., 0., 0., 0., 0.])
[2023-11-19 19:39:47,899][__main__][INFO] - epoch: 90
[2023-11-19 19:39:49,170][__main__][INFO] - alignment: tensor([0., 0., 0., 0., 0., 0., 0., 0., 0., 0., 0., 0., 0., 0., 0.])
[2023-11-19 19:39:49,170][__main__][INFO] - epoch: 100
[2023-11-19 19:39:50,556][__main__][INFO] - alignment: tensor([0., 0., 0., 0., 0., 0., 0., 0., 0., 0., 0., 0., 0., 0., 0.])
[2023-11-19 19:39:50,556][__main__][INFO] - epoch: 110
[2023-11-19 19:39:52,067][__main__][INFO] - alignment: tensor([0., 0., 0., 0., 0., 0., 0., 0., 0., 0., 0., 0., 0., 0., 0.])
[2023-11-19 19:39:52,068][__main__][INFO] - epoch: 120
[2023-11-19 19:39:53,406][__main__][INFO] - alignment: tensor([0., 0., 0., 0., 0., 0., 0., 0., 0., 0., 0., 0., 0., 0., 0.])
[2023-11-19 19:39:53,406][__main__][INFO] - epoch: 130
[2023-11-19 19:39:54,671][__main__][INFO] - alignment: tensor([0., 0., 0., 0., 0., 0., 0., 0., 0., 0., 0., 0., 0., 0., 0.])
[2023-11-19 19:39:54,672][__main__][INFO] - epoch: 140
[2023-11-19 19:39:55,859][__main__][INFO] - alignment: tensor([0., 0., 0., 0., 0., 0., 0., 0., 0., 0., 0., 0., 0., 0., 0.])
[2023-11-19 19:39:55,859][__main__][INFO] - epoch: 150
[2023-11-19 19:39:57,091][__main__][INFO] - alignment: tensor([0., 0., 0., 0., 0., 0., 0., 0., 0., 0., 0., 0., 0., 0., 0.])
[2023-11-19 19:39:57,091][__main__][INFO] - epoch: 160
[2023-11-19 19:39:58,319][__main__][INFO] - alignment: tensor([0., 0., 0., 0., 0., 0., 0., 0., 0., 0., 0., 0., 0., 0., 0.])
[2023-11-19 19:39:58,320][__main__][INFO] - epoch: 170
[2023-11-19 19:39:59,672][__main__][INFO] - alignment: tensor([0., 0., 0., 0., 0., 0., 0., 0., 0., 0., 0., 0., 0., 0., 0.])
[2023-11-19 19:39:59,672][__main__][INFO] - epoch: 180
[2023-11-19 19:40:00,906][__main__][INFO] - alignment: tensor([0., 0., 0., 0., 0., 0., 0., 0., 0., 0., 0., 0., 0., 0., 0.])
[2023-11-19 19:40:00,906][__main__][INFO] - epoch: 190
[2023-11-19 19:40:02,103][__main__][INFO] - alignment: tensor([0., 0., 0., 0., 0., 0., 0., 0., 0., 0., 0., 0., 0., 0., 0.])
[2023-11-19 19:40:02,103][__main__][INFO] - epoch: 200
[2023-11-19 19:40:03,307][__main__][INFO] - alignment: tensor([0., 0., 0., 0., 0., 0., 0., 0., 0., 0., 0., 0., 0., 0., 0.])
[2023-11-19 19:40:03,308][__main__][INFO] - epoch: 210
[2023-11-19 19:40:04,540][__main__][INFO] - alignment: tensor([0., 0., 0., 0., 0., 0., 0., 0., 0., 0., 0., 0., 0., 0., 0.])
[2023-11-19 19:40:04,540][__main__][INFO] - epoch: 220
[2023-11-19 19:40:05,765][__main__][INFO] - alignment: tensor([0., 0., 0., 0., 0., 0., 0., 0., 0., 0., 0., 0., 0., 0., 0.])
[2023-11-19 19:40:05,765][__main__][INFO] - epoch: 230
[2023-11-19 19:40:06,965][__main__][INFO] - alignment: tensor([0., 0., 0., 0., 0., 0., 0., 0., 0., 0., 0., 0., 0., 0., 0.])
[2023-11-19 19:40:06,965][__main__][INFO] - epoch: 240
[2023-11-19 19:40:08,157][__main__][INFO] - alignment: tensor([0., 0., 0., 0., 0., 0., 0., 0., 0., 0., 0., 0., 0., 0., 0.])
[2023-11-19 19:40:08,157][__main__][INFO] - epoch: 250
[2023-11-19 19:40:09,401][__main__][INFO] - alignment: tensor([0., 0., 0., 0., 0., 0., 0., 0., 0., 0., 0., 0., 0., 0., 0.])
[2023-11-19 19:40:09,401][__main__][INFO] - epoch: 260
[2023-11-19 19:40:10,670][__main__][INFO] - alignment: tensor([0., 0., 0., 0., 0., 0., 0., 0., 0., 0., 0., 0., 0., 0., 0.])
[2023-11-19 19:40:10,670][__main__][INFO] - epoch: 270
[2023-11-19 19:40:11,969][__main__][INFO] - alignment: tensor([0., 0., 0., 0., 0., 0., 0., 0., 0., 0., 0., 0., 0., 0., 0.])
[2023-11-19 19:40:11,969][__main__][INFO] - epoch: 280
[2023-11-19 19:40:13,222][__main__][INFO] - alignment: tensor([0., 0., 0., 0., 0., 0., 0., 0., 0., 0., 0., 0., 0., 0., 0.])
[2023-11-19 19:40:13,222][__main__][INFO] - epoch: 290
[2023-11-19 19:40:14,674][__main__][INFO] - alignment: tensor([0., 0., 0., 0., 0., 0., 0., 0., 0., 0., 0., 0., 0., 0., 0.])
[2023-11-19 19:40:14,675][__main__][INFO] - epoch: 300
[2023-11-19 19:40:16,076][__main__][INFO] - alignment: tensor([0., 0., 0., 0., 0., 0., 0., 0., 0., 0., 0., 0., 0., 0., 0.])
[2023-11-19 19:40:16,076][__main__][INFO] - epoch: 310
[2023-11-19 19:40:17,512][__main__][INFO] - alignment: tensor([0., 0., 0., 0., 0., 0., 0., 0., 0., 0., 0., 0., 0., 0., 0.])
[2023-11-19 19:40:17,512][__main__][INFO] - epoch: 320
[2023-11-19 19:40:18,785][__main__][INFO] - alignment: tensor([0., 0., 0., 0., 0., 0., 0., 0., 0., 0., 0., 0., 0., 0., 0.])
[2023-11-19 19:40:18,785][__main__][INFO] - epoch: 330
[2023-11-19 19:40:20,009][__main__][INFO] - alignment: tensor([0., 0., 0., 0., 0., 0., 0., 0., 0., 0., 0., 0., 0., 0., 0.])
[2023-11-19 19:40:20,009][__main__][INFO] - epoch: 340
[2023-11-19 19:40:21,569][__main__][INFO] - alignment: tensor([0., 0., 0., 0., 0., 0., 0., 0., 0., 0., 0., 0., 0., 0., 0.])
[2023-11-19 19:40:21,569][__main__][INFO] - epoch: 350
[2023-11-19 19:40:23,306][__main__][INFO] - alignment: tensor([0., 0., 0., 0., 0., 0., 0., 0., 0., 0., 0., 0., 0., 0., 0.])
[2023-11-19 19:40:23,307][__main__][INFO] - epoch: 360
[2023-11-19 19:40:24,606][__main__][INFO] - alignment: tensor([0., 0., 0., 0., 0., 0., 0., 0., 0., 0., 0., 0., 0., 0., 0.])
[2023-11-19 19:40:24,607][__main__][INFO] - epoch: 370
[2023-11-19 19:40:25,944][__main__][INFO] - alignment: tensor([0., 0., 0., 0., 0., 0., 0., 0., 0., 0., 0., 0., 0., 0., 0.])
[2023-11-19 19:40:25,945][__main__][INFO] - epoch: 380
[2023-11-19 19:40:27,194][__main__][INFO] - alignment: tensor([0., 0., 0., 0., 0., 0., 0., 0., 0., 0., 0., 0., 0., 0., 0.])
[2023-11-19 19:40:27,195][__main__][INFO] - epoch: 390
[2023-11-19 19:40:28,571][__main__][INFO] - alignment: tensor([0., 0., 0., 0., 0., 0., 0., 0., 0., 0., 0., 0., 0., 0., 0.])
[2023-11-19 19:40:28,571][__main__][INFO] - epoch: 400
[2023-11-19 19:40:29,954][__main__][INFO] - alignment: tensor([2., 0., 0., 0., 0., 0., 0., 0., 0., 0., 0., 0., 0., 0., 0.])
[2023-11-19 19:40:29,954][__main__][INFO] - epoch: 410
[2023-11-19 19:40:31,274][__main__][INFO] - alignment: tensor([2., 0., 0., 0., 0., 0., 0., 0., 0., 0., 0., 0., 0., 0., 0.])
[2023-11-19 19:40:31,274][__main__][INFO] - epoch: 420
[2023-11-19 19:40:32,669][__main__][INFO] - alignment: tensor([4., 0., 0., 0., 0., 0., 0., 0., 0., 0., 0., 0., 0., 0., 0.])
[2023-11-19 19:40:32,669][__main__][INFO] - epoch: 430
[2023-11-19 19:40:33,877][__main__][INFO] - alignment: tensor([4., 0., 0., 0., 0., 0., 0., 0., 0., 0., 0., 0., 0., 0., 0.])
[2023-11-19 19:40:33,877][__main__][INFO] - epoch: 440
[2023-11-19 19:40:35,110][__main__][INFO] - alignment: tensor([3., 0., 0., 0., 0., 0., 0., 0., 0., 0., 0., 0., 0., 0., 0.])
[2023-11-19 19:40:35,111][__main__][INFO] - epoch: 450
[2023-11-19 19:40:36,369][__main__][INFO] - alignment: tensor([4., 0., 0., 0., 0., 0., 0., 0., 0., 0., 0., 0., 0., 0., 0.])
[2023-11-19 19:40:36,369][__main__][INFO] - epoch: 460
[2023-11-19 19:40:37,701][__main__][INFO] - alignment: tensor([6., 1., 0., 0., 0., 0., 0., 0., 0., 0., 0., 0., 0., 0., 0.])
[2023-11-19 19:40:37,701][__main__][INFO] - epoch: 470
[2023-11-19 19:40:38,921][__main__][INFO] - alignment: tensor([6., 1., 0., 0., 0., 0., 0., 0., 0., 0., 0., 0., 0., 0., 0.])
[2023-11-19 19:40:38,921][__main__][INFO] - epoch: 480
[2023-11-19 19:40:40,364][__main__][INFO] - alignment: tensor([4., 1., 0., 0., 0., 0., 0., 0., 0., 0., 0., 0., 0., 0., 0.])
[2023-11-19 19:40:40,364][__main__][INFO] - epoch: 490
[2023-11-19 19:40:41,741][__main__][INFO] - alignment: tensor([2., 1., 0., 0., 0., 0., 0., 0., 0., 0., 0., 0., 0., 0., 0.])
[2023-11-19 19:40:41,741][__main__][INFO] - epoch: 500
[2023-11-19 19:40:43,062][__main__][INFO] - alignment: tensor([3., 1., 0., 0., 0., 0., 0., 0., 0., 0., 0., 0., 0., 0., 0.])
[2023-11-19 19:40:43,063][__main__][INFO] - epoch: 510
[2023-11-19 19:40:44,286][__main__][INFO] - alignment: tensor([3., 1., 0., 0., 0., 0., 0., 0., 0., 0., 0., 0., 0., 0., 0.])
[2023-11-19 19:40:44,287][__main__][INFO] - epoch: 520
[2023-11-19 19:40:45,492][__main__][INFO] - alignment: tensor([3., 1., 0., 0., 0., 0., 0., 0., 0., 0., 0., 0., 0., 0., 0.])
[2023-11-19 19:40:45,493][__main__][INFO] - epoch: 530
[2023-11-19 19:40:46,804][__main__][INFO] - alignment: tensor([3., 1., 0., 0., 0., 0., 0., 0., 0., 0., 0., 0., 0., 0., 0.])
[2023-11-19 19:40:46,804][__main__][INFO] - epoch: 540
[2023-11-19 19:40:48,197][__main__][INFO] - alignment: tensor([1., 1., 0., 0., 0., 0., 0., 0., 0., 0., 0., 0., 0., 0., 0.])
[2023-11-19 19:40:48,197][__main__][INFO] - epoch: 550
[2023-11-19 19:40:49,485][__main__][INFO] - alignment: tensor([1., 1., 0., 0., 0., 0., 0., 0., 0., 0., 0., 0., 0., 0., 0.])
[2023-11-19 19:40:49,486][__main__][INFO] - epoch: 560
[2023-11-19 19:40:50,776][__main__][INFO] - alignment: tensor([1., 1., 0., 0., 0., 0., 0., 0., 0., 0., 1., 0., 0., 0., 0.])
[2023-11-19 19:40:50,776][__main__][INFO] - epoch: 570
[2023-11-19 19:40:52,009][__main__][INFO] - alignment: tensor([1., 1., 0., 0., 0., 0., 0., 0., 0., 0., 1., 0., 0., 0., 0.])
[2023-11-19 19:40:52,010][__main__][INFO] - epoch: 580
[2023-11-19 19:40:53,233][__main__][INFO] - alignment: tensor([1., 1., 0., 0., 0., 0., 0., 0., 0., 0., 1., 0., 0., 0., 0.])
[2023-11-19 19:40:53,233][__main__][INFO] - epoch: 590
[2023-11-19 19:40:54,517][__main__][INFO] - alignment: tensor([1., 1., 0., 0., 0., 0., 0., 0., 0., 0., 1., 0., 0., 0., 0.])
[2023-11-19 19:40:54,517][__main__][INFO] - epoch: 600
[2023-11-19 19:40:55,769][__main__][INFO] - alignment: tensor([1., 1., 0., 0., 0., 0., 0., 0., 0., 0., 1., 0., 0., 0., 0.])
[2023-11-19 19:40:55,769][__main__][INFO] - epoch: 610
[2023-11-19 19:40:57,014][__main__][INFO] - alignment: tensor([1., 1., 0., 0., 0., 0., 0., 0., 0., 0., 1., 0., 0., 0., 0.])
[2023-11-19 19:40:57,015][__main__][INFO] - epoch: 620
[2023-11-19 19:40:58,239][__main__][INFO] - alignment: tensor([1., 1., 0., 0., 0., 0., 0., 0., 0., 0., 1., 0., 0., 0., 0.])
[2023-11-19 19:40:58,239][__main__][INFO] - epoch: 630
[2023-11-19 19:40:59,485][__main__][INFO] - alignment: tensor([1., 1., 0., 0., 0., 0., 0., 0., 0., 0., 1., 0., 0., 0., 0.])
[2023-11-19 19:40:59,485][__main__][INFO] - epoch: 640
[2023-11-19 19:41:00,808][__main__][INFO] - alignment: tensor([1., 1., 0., 0., 0., 0., 0., 0., 0., 0., 1., 0., 0., 0., 0.])
[2023-11-19 19:41:00,808][__main__][INFO] - epoch: 650
[2023-11-19 19:41:02,119][__main__][INFO] - alignment: tensor([2., 1., 0., 0., 0., 0., 0., 0., 0., 0., 1., 0., 0., 0., 0.])
[2023-11-19 19:41:02,119][__main__][INFO] - epoch: 660
[2023-11-19 19:41:03,386][__main__][INFO] - alignment: tensor([2., 1., 0., 0., 0., 0., 0., 0., 0., 0., 1., 0., 0., 0., 0.])
[2023-11-19 19:41:03,386][__main__][INFO] - epoch: 670
[2023-11-19 19:41:04,648][__main__][INFO] - alignment: tensor([2., 1., 0., 0., 0., 0., 0., 0., 0., 0., 1., 0., 0., 0., 0.])
[2023-11-19 19:41:04,649][__main__][INFO] - epoch: 680
[2023-11-19 19:41:05,841][__main__][INFO] - alignment: tensor([2., 1., 0., 0., 0., 0., 0., 0., 0., 0., 1., 0., 0., 0., 0.])
[2023-11-19 19:41:05,841][__main__][INFO] - epoch: 690
[2023-11-19 19:41:07,025][__main__][INFO] - alignment: tensor([2., 1., 0., 0., 0., 0., 0., 0., 0., 0., 1., 0., 0., 0., 0.])
[2023-11-19 19:41:07,026][__main__][INFO] - feat_thresh: 0.2
[2023-11-19 19:41:07,026][__main__][INFO] - epoch: 0
[2023-11-19 19:41:08,381][__main__][INFO] - alignment: tensor([0., 0., 0., 0., 0., 0., 0., 0., 0., 0., 0., 0., 0., 0., 0.])
[2023-11-19 19:41:08,381][__main__][INFO] - epoch: 10
[2023-11-19 19:41:09,626][__main__][INFO] - alignment: tensor([0., 0., 0., 0., 0., 0., 0., 0., 0., 0., 0., 0., 0., 0., 0.])
[2023-11-19 19:41:09,626][__main__][INFO] - epoch: 20
[2023-11-19 19:41:10,875][__main__][INFO] - alignment: tensor([0., 0., 0., 0., 0., 0., 0., 0., 0., 0., 0., 0., 0., 0., 0.])
[2023-11-19 19:41:10,875][__main__][INFO] - epoch: 30
[2023-11-19 19:41:12,164][__main__][INFO] - alignment: tensor([0., 0., 0., 0., 0., 0., 0., 0., 0., 0., 0., 0., 0., 0., 0.])
[2023-11-19 19:41:12,164][__main__][INFO] - epoch: 40
[2023-11-19 19:41:13,440][__main__][INFO] - alignment: tensor([0., 0., 0., 0., 0., 0., 0., 0., 0., 0., 0., 0., 0., 0., 0.])
[2023-11-19 19:41:13,440][__main__][INFO] - epoch: 50
[2023-11-19 19:41:14,840][__main__][INFO] - alignment: tensor([0., 0., 0., 0., 0., 0., 0., 0., 0., 0., 0., 0., 0., 0., 0.])
[2023-11-19 19:41:14,840][__main__][INFO] - epoch: 60
[2023-11-19 19:41:16,460][__main__][INFO] - alignment: tensor([0., 0., 0., 0., 0., 0., 0., 0., 0., 0., 0., 0., 0., 0., 0.])
[2023-11-19 19:41:16,460][__main__][INFO] - epoch: 70
[2023-11-19 19:41:17,922][__main__][INFO] - alignment: tensor([0., 0., 0., 0., 0., 0., 0., 0., 0., 0., 0., 0., 0., 0., 0.])
[2023-11-19 19:41:17,922][__main__][INFO] - epoch: 80
[2023-11-19 19:41:19,222][__main__][INFO] - alignment: tensor([0., 0., 0., 0., 0., 0., 0., 0., 0., 0., 0., 0., 0., 0., 0.])
[2023-11-19 19:41:19,222][__main__][INFO] - epoch: 90
[2023-11-19 19:41:20,521][__main__][INFO] - alignment: tensor([0., 0., 0., 0., 0., 0., 0., 0., 0., 0., 0., 0., 0., 0., 0.])
[2023-11-19 19:41:20,521][__main__][INFO] - epoch: 100
[2023-11-19 19:41:21,974][__main__][INFO] - alignment: tensor([0., 0., 0., 0., 0., 0., 0., 0., 0., 0., 0., 0., 0., 0., 0.])
[2023-11-19 19:41:21,974][__main__][INFO] - epoch: 110
[2023-11-19 19:41:23,211][__main__][INFO] - alignment: tensor([0., 0., 0., 0., 0., 0., 0., 0., 0., 0., 0., 0., 0., 0., 0.])
[2023-11-19 19:41:23,211][__main__][INFO] - epoch: 120
[2023-11-19 19:41:24,427][__main__][INFO] - alignment: tensor([0., 0., 0., 0., 0., 0., 0., 0., 0., 0., 0., 0., 0., 0., 0.])
[2023-11-19 19:41:24,427][__main__][INFO] - epoch: 130
[2023-11-19 19:41:25,697][__main__][INFO] - alignment: tensor([0., 0., 0., 0., 0., 0., 0., 0., 0., 0., 0., 0., 0., 0., 0.])
[2023-11-19 19:41:25,697][__main__][INFO] - epoch: 140
[2023-11-19 19:41:27,013][__main__][INFO] - alignment: tensor([0., 0., 0., 0., 0., 0., 0., 0., 0., 0., 0., 0., 0., 0., 0.])
[2023-11-19 19:41:27,013][__main__][INFO] - epoch: 150
[2023-11-19 19:41:28,425][__main__][INFO] - alignment: tensor([0., 0., 0., 0., 0., 0., 0., 0., 0., 0., 0., 0., 0., 0., 0.])
[2023-11-19 19:41:28,426][__main__][INFO] - epoch: 160
[2023-11-19 19:41:29,716][__main__][INFO] - alignment: tensor([0., 0., 0., 0., 0., 0., 0., 0., 0., 0., 0., 0., 0., 0., 0.])
[2023-11-19 19:41:29,716][__main__][INFO] - epoch: 170
[2023-11-19 19:41:31,011][__main__][INFO] - alignment: tensor([0., 0., 0., 0., 0., 0., 0., 0., 0., 0., 0., 0., 0., 0., 0.])
[2023-11-19 19:41:31,012][__main__][INFO] - epoch: 180
[2023-11-19 19:41:32,570][__main__][INFO] - alignment: tensor([0., 0., 0., 0., 0., 0., 0., 0., 0., 0., 0., 0., 0., 0., 0.])
[2023-11-19 19:41:32,571][__main__][INFO] - epoch: 190
[2023-11-19 19:41:34,237][__main__][INFO] - alignment: tensor([0., 0., 0., 0., 0., 0., 0., 0., 0., 0., 0., 0., 0., 0., 0.])
[2023-11-19 19:41:34,237][__main__][INFO] - epoch: 200
[2023-11-19 19:41:35,587][__main__][INFO] - alignment: tensor([0., 0., 0., 0., 0., 0., 0., 0., 0., 0., 0., 0., 0., 0., 0.])
[2023-11-19 19:41:35,587][__main__][INFO] - epoch: 210
[2023-11-19 19:41:36,961][__main__][INFO] - alignment: tensor([0., 0., 0., 0., 0., 0., 0., 0., 0., 0., 0., 0., 0., 0., 0.])
[2023-11-19 19:41:36,961][__main__][INFO] - epoch: 220
[2023-11-19 19:41:38,260][__main__][INFO] - alignment: tensor([0., 0., 0., 0., 0., 0., 0., 0., 0., 0., 0., 0., 0., 0., 0.])
[2023-11-19 19:41:38,260][__main__][INFO] - epoch: 230
[2023-11-19 19:41:39,658][__main__][INFO] - alignment: tensor([0., 0., 0., 0., 0., 0., 0., 0., 0., 0., 0., 0., 0., 0., 0.])
[2023-11-19 19:41:39,658][__main__][INFO] - epoch: 240
[2023-11-19 19:41:40,920][__main__][INFO] - alignment: tensor([0., 0., 0., 0., 0., 0., 0., 0., 0., 0., 0., 0., 0., 0., 0.])
[2023-11-19 19:41:40,920][__main__][INFO] - epoch: 250
[2023-11-19 19:41:42,276][__main__][INFO] - alignment: tensor([0., 0., 0., 0., 0., 0., 0., 0., 0., 0., 0., 0., 0., 0., 0.])
[2023-11-19 19:41:42,276][__main__][INFO] - epoch: 260
[2023-11-19 19:41:43,860][__main__][INFO] - alignment: tensor([0., 0., 0., 0., 0., 0., 0., 0., 0., 0., 0., 0., 0., 0., 0.])
[2023-11-19 19:41:43,860][__main__][INFO] - epoch: 270
[2023-11-19 19:41:45,247][__main__][INFO] - alignment: tensor([0., 0., 0., 0., 0., 0., 0., 0., 0., 0., 0., 0., 0., 0., 0.])
[2023-11-19 19:41:45,247][__main__][INFO] - epoch: 280
[2023-11-19 19:41:46,582][__main__][INFO] - alignment: tensor([0., 0., 0., 0., 0., 0., 0., 0., 0., 0., 0., 0., 0., 0., 0.])
[2023-11-19 19:41:46,582][__main__][INFO] - epoch: 290
[2023-11-19 19:41:47,857][__main__][INFO] - alignment: tensor([0., 0., 0., 0., 0., 0., 0., 0., 0., 0., 0., 0., 0., 0., 0.])
[2023-11-19 19:41:47,858][__main__][INFO] - epoch: 300
[2023-11-19 19:41:49,069][__main__][INFO] - alignment: tensor([0., 0., 0., 0., 0., 0., 0., 0., 0., 0., 0., 0., 0., 0., 0.])
[2023-11-19 19:41:49,069][__main__][INFO] - epoch: 310
[2023-11-19 19:41:50,389][__main__][INFO] - alignment: tensor([0., 0., 0., 0., 0., 0., 0., 0., 0., 0., 0., 0., 0., 0., 0.])
[2023-11-19 19:41:50,389][__main__][INFO] - epoch: 320
[2023-11-19 19:41:51,684][__main__][INFO] - alignment: tensor([0., 0., 0., 0., 0., 0., 0., 0., 0., 0., 0., 0., 0., 0., 0.])
[2023-11-19 19:41:51,684][__main__][INFO] - epoch: 330
[2023-11-19 19:41:52,875][__main__][INFO] - alignment: tensor([0., 0., 0., 0., 0., 0., 0., 0., 0., 0., 0., 0., 0., 0., 0.])
[2023-11-19 19:41:52,875][__main__][INFO] - epoch: 340
[2023-11-19 19:41:54,202][__main__][INFO] - alignment: tensor([0., 0., 0., 0., 0., 0., 0., 0., 0., 0., 0., 0., 0., 0., 0.])
[2023-11-19 19:41:54,203][__main__][INFO] - epoch: 350
[2023-11-19 19:41:55,507][__main__][INFO] - alignment: tensor([0., 0., 0., 0., 0., 0., 0., 0., 0., 0., 0., 0., 0., 0., 0.])
[2023-11-19 19:41:55,507][__main__][INFO] - epoch: 360
[2023-11-19 19:41:56,792][__main__][INFO] - alignment: tensor([0., 0., 0., 0., 0., 0., 0., 0., 0., 0., 0., 0., 0., 0., 0.])
[2023-11-19 19:41:56,792][__main__][INFO] - epoch: 370
[2023-11-19 19:41:58,198][__main__][INFO] - alignment: tensor([13.,  0.,  0.,  0.,  0.,  0.,  0.,  0.,  0.,  0.,  0.,  0.,  0.,  0.,
         0.])
[2023-11-19 19:41:58,199][__main__][INFO] - epoch: 380
[2023-11-19 19:41:59,428][__main__][INFO] - alignment: tensor([25.,  0.,  0.,  0.,  0.,  0.,  0.,  0.,  0.,  0.,  0.,  0.,  0.,  0.,
         0.])
[2023-11-19 19:41:59,428][__main__][INFO] - epoch: 390
[2023-11-19 19:42:00,673][__main__][INFO] - alignment: tensor([45.,  0.,  0.,  0.,  0.,  0.,  0.,  0.,  0.,  0.,  0.,  0.,  0.,  0.,
         0.])
[2023-11-19 19:42:00,673][__main__][INFO] - epoch: 400
[2023-11-19 19:42:01,889][__main__][INFO] - alignment: tensor([61.,  0.,  0.,  0.,  0.,  0.,  0.,  0.,  0.,  0.,  0.,  0.,  0.,  0.,
         0.])
[2023-11-19 19:42:01,889][__main__][INFO] - epoch: 410
[2023-11-19 19:42:03,174][__main__][INFO] - alignment: tensor([76.,  0.,  0.,  0.,  0.,  0.,  0.,  0.,  0.,  0.,  0.,  0.,  0.,  0.,
         0.])
[2023-11-19 19:42:03,174][__main__][INFO] - epoch: 420
[2023-11-19 19:42:04,466][__main__][INFO] - alignment: tensor([77.,  0.,  0.,  0.,  0.,  0.,  0.,  0.,  0.,  0.,  0.,  0.,  0.,  0.,
         0.])
[2023-11-19 19:42:04,467][__main__][INFO] - epoch: 430
[2023-11-19 19:42:05,822][__main__][INFO] - alignment: tensor([69.,  0.,  0.,  0.,  0.,  0.,  0.,  0.,  0.,  0.,  0.,  0.,  0.,  0.,
         0.])
[2023-11-19 19:42:05,822][__main__][INFO] - epoch: 440
[2023-11-19 19:42:07,138][__main__][INFO] - alignment: tensor([63.,  0.,  0.,  0.,  0.,  0.,  0.,  0.,  0.,  0.,  0.,  0.,  0.,  0.,
         0.])
[2023-11-19 19:42:07,138][__main__][INFO] - epoch: 450
[2023-11-19 19:42:08,304][__main__][INFO] - alignment: tensor([57.,  1.,  0.,  0.,  0.,  0.,  0.,  0.,  0.,  0.,  0.,  0.,  0.,  0.,
         0.])
[2023-11-19 19:42:08,305][__main__][INFO] - epoch: 460
[2023-11-19 19:42:09,660][__main__][INFO] - alignment: tensor([46.,  4.,  0.,  0.,  0.,  0.,  0.,  0.,  0.,  0.,  0.,  0.,  0.,  0.,
         0.])
[2023-11-19 19:42:09,661][__main__][INFO] - epoch: 470
[2023-11-19 19:42:10,976][__main__][INFO] - alignment: tensor([42.,  5.,  0.,  0.,  0.,  0.,  0.,  0.,  0.,  0.,  0.,  0.,  0.,  0.,
         0.])
[2023-11-19 19:42:10,976][__main__][INFO] - epoch: 480
[2023-11-19 19:42:12,307][__main__][INFO] - alignment: tensor([30.,  4.,  0.,  0.,  0.,  0.,  0.,  0.,  0.,  0.,  0.,  0.,  0.,  0.,
         0.])
[2023-11-19 19:42:12,307][__main__][INFO] - epoch: 490
[2023-11-19 19:42:13,665][__main__][INFO] - alignment: tensor([28.,  4.,  0.,  0.,  0.,  0.,  0.,  0.,  0.,  0.,  0.,  0.,  0.,  0.,
         0.])
[2023-11-19 19:42:13,665][__main__][INFO] - epoch: 500
[2023-11-19 19:42:14,867][__main__][INFO] - alignment: tensor([27.,  5.,  0.,  0.,  0.,  0.,  0.,  0.,  0.,  0.,  0.,  0.,  0.,  0.,
         0.])
[2023-11-19 19:42:14,868][__main__][INFO] - epoch: 510
[2023-11-19 19:42:16,123][__main__][INFO] - alignment: tensor([21.,  5.,  0.,  0.,  0.,  0.,  0.,  0.,  0.,  0.,  0.,  0.,  0.,  0.,
         0.])
[2023-11-19 19:42:16,123][__main__][INFO] - epoch: 520
[2023-11-19 19:42:17,386][__main__][INFO] - alignment: tensor([23.,  4.,  0.,  0.,  0.,  0.,  0.,  0.,  1.,  0.,  0.,  0.,  0.,  0.,
         0.])
[2023-11-19 19:42:17,386][__main__][INFO] - epoch: 530
[2023-11-19 19:42:18,552][__main__][INFO] - alignment: tensor([21.,  4.,  0.,  0.,  0.,  0.,  0.,  0.,  1.,  0.,  0.,  0.,  0.,  0.,
         0.])
[2023-11-19 19:42:18,553][__main__][INFO] - epoch: 540
[2023-11-19 19:42:19,775][__main__][INFO] - alignment: tensor([19.,  4.,  0.,  0.,  0.,  0.,  0.,  0.,  1.,  0.,  1.,  0.,  0.,  0.,
         0.])
[2023-11-19 19:42:19,776][__main__][INFO] - epoch: 550
[2023-11-19 19:42:21,074][__main__][INFO] - alignment: tensor([18.,  4.,  0.,  0.,  0.,  0.,  0.,  0.,  1.,  0.,  1.,  0.,  0.,  0.,
         0.])
[2023-11-19 19:42:21,074][__main__][INFO] - epoch: 560
[2023-11-19 19:42:22,635][__main__][INFO] - alignment: tensor([17.,  4.,  0.,  0.,  0.,  0.,  0.,  0.,  1.,  0.,  1.,  0.,  0.,  0.,
         0.])
[2023-11-19 19:42:22,635][__main__][INFO] - epoch: 570
[2023-11-19 19:42:24,183][__main__][INFO] - alignment: tensor([16.,  4.,  0.,  0.,  0.,  0.,  0.,  0.,  1.,  0.,  1.,  0.,  0.,  0.,
         0.])
[2023-11-19 19:42:24,183][__main__][INFO] - epoch: 580
[2023-11-19 19:42:25,518][__main__][INFO] - alignment: tensor([14.,  3.,  0.,  0.,  0.,  0.,  0.,  0.,  1.,  0.,  1.,  0.,  0.,  0.,
         0.])
[2023-11-19 19:42:25,518][__main__][INFO] - epoch: 590
[2023-11-19 19:42:27,032][__main__][INFO] - alignment: tensor([12.,  3.,  0.,  0.,  0.,  0.,  0.,  0.,  1.,  0.,  1.,  0.,  0.,  0.,
         0.])
[2023-11-19 19:42:27,032][__main__][INFO] - epoch: 600
[2023-11-19 19:42:28,488][__main__][INFO] - alignment: tensor([14.,  3.,  0.,  0.,  0.,  0.,  0.,  0.,  1.,  0.,  1.,  0.,  0.,  0.,
         0.])
[2023-11-19 19:42:28,488][__main__][INFO] - epoch: 610
[2023-11-19 19:42:30,103][__main__][INFO] - alignment: tensor([11.,  3.,  0.,  0.,  0.,  0.,  0.,  0.,  1.,  0.,  1.,  0.,  0.,  0.,
         0.])
[2023-11-19 19:42:30,103][__main__][INFO] - epoch: 620
[2023-11-19 19:42:31,728][__main__][INFO] - alignment: tensor([13.,  3.,  0.,  0.,  0.,  0.,  0.,  0.,  1.,  0.,  1.,  0.,  0.,  0.,
         0.])
[2023-11-19 19:42:31,729][__main__][INFO] - epoch: 630
[2023-11-19 19:42:33,188][__main__][INFO] - alignment: tensor([12.,  3.,  0.,  0.,  0.,  0.,  0.,  0.,  1.,  0.,  1.,  0.,  0.,  0.,
         0.])
[2023-11-19 19:42:33,188][__main__][INFO] - epoch: 640
[2023-11-19 19:42:34,561][__main__][INFO] - alignment: tensor([10.,  4.,  0.,  0.,  0.,  0.,  0.,  0.,  1.,  0.,  1.,  0.,  0.,  0.,
         0.])
[2023-11-19 19:42:34,561][__main__][INFO] - epoch: 650
[2023-11-19 19:42:35,885][__main__][INFO] - alignment: tensor([8., 4., 0., 0., 0., 0., 0., 0., 1., 0., 1., 0., 0., 0., 0.])
[2023-11-19 19:42:35,885][__main__][INFO] - epoch: 660
[2023-11-19 19:42:37,301][__main__][INFO] - alignment: tensor([7., 4., 0., 0., 0., 0., 0., 0., 1., 0., 1., 0., 0., 0., 0.])
[2023-11-19 19:42:37,301][__main__][INFO] - epoch: 670
[2023-11-19 19:42:38,730][__main__][INFO] - alignment: tensor([8., 4., 0., 0., 0., 0., 0., 0., 1., 0., 1., 0., 0., 0., 0.])
[2023-11-19 19:42:38,730][__main__][INFO] - epoch: 680
[2023-11-19 19:42:39,979][__main__][INFO] - alignment: tensor([7., 4., 0., 0., 0., 0., 0., 0., 1., 0., 1., 0., 0., 0., 0.])
[2023-11-19 19:42:39,979][__main__][INFO] - epoch: 690
[2023-11-19 19:42:41,408][__main__][INFO] - alignment: tensor([7., 4., 0., 0., 0., 0., 0., 0., 1., 0., 1., 0., 0., 0., 0.])
[2023-11-19 19:42:41,409][__main__][INFO] - feat_thresh: 0.3
[2023-11-19 19:42:41,409][__main__][INFO] - epoch: 0
[2023-11-19 19:42:42,902][__main__][INFO] - alignment: tensor([0., 0., 0., 0., 0., 0., 0., 0., 0., 0., 0., 0., 0., 0., 0.])
[2023-11-19 19:42:42,902][__main__][INFO] - epoch: 10
[2023-11-19 19:42:44,311][__main__][INFO] - alignment: tensor([0., 0., 0., 0., 0., 0., 0., 0., 0., 0., 0., 0., 0., 0., 0.])
[2023-11-19 19:42:44,311][__main__][INFO] - epoch: 20
[2023-11-19 19:42:45,886][__main__][INFO] - alignment: tensor([0., 0., 0., 0., 0., 0., 0., 0., 0., 0., 0., 0., 0., 0., 0.])
[2023-11-19 19:42:45,887][__main__][INFO] - epoch: 30
[2023-11-19 19:42:47,143][__main__][INFO] - alignment: tensor([0., 0., 0., 0., 0., 0., 0., 0., 0., 0., 0., 0., 0., 0., 0.])
[2023-11-19 19:42:47,143][__main__][INFO] - epoch: 40
[2023-11-19 19:42:48,427][__main__][INFO] - alignment: tensor([0., 0., 0., 0., 0., 0., 0., 0., 0., 0., 0., 0., 0., 0., 0.])
[2023-11-19 19:42:48,427][__main__][INFO] - epoch: 50
[2023-11-19 19:42:49,643][__main__][INFO] - alignment: tensor([0., 0., 0., 0., 0., 0., 0., 0., 0., 0., 0., 0., 0., 0., 0.])
[2023-11-19 19:42:49,644][__main__][INFO] - epoch: 60
[2023-11-19 19:42:50,965][__main__][INFO] - alignment: tensor([0., 0., 0., 0., 0., 0., 0., 0., 0., 0., 0., 0., 0., 0., 0.])
[2023-11-19 19:42:50,965][__main__][INFO] - epoch: 70
[2023-11-19 19:42:52,323][__main__][INFO] - alignment: tensor([0., 0., 0., 0., 0., 0., 0., 0., 0., 0., 0., 0., 0., 0., 0.])
[2023-11-19 19:42:52,323][__main__][INFO] - epoch: 80
[2023-11-19 19:42:53,837][__main__][INFO] - alignment: tensor([0., 0., 0., 0., 0., 0., 0., 0., 0., 0., 0., 0., 0., 0., 0.])
[2023-11-19 19:42:53,838][__main__][INFO] - epoch: 90
[2023-11-19 19:42:55,082][__main__][INFO] - alignment: tensor([0., 0., 0., 0., 0., 0., 0., 0., 0., 0., 0., 0., 0., 0., 0.])
[2023-11-19 19:42:55,083][__main__][INFO] - epoch: 100
[2023-11-19 19:42:56,502][__main__][INFO] - alignment: tensor([0., 0., 0., 0., 0., 0., 0., 0., 0., 0., 0., 0., 0., 0., 0.])
[2023-11-19 19:42:56,502][__main__][INFO] - epoch: 110
[2023-11-19 19:42:57,688][__main__][INFO] - alignment: tensor([0., 0., 0., 0., 0., 0., 0., 0., 0., 0., 0., 0., 0., 0., 0.])
[2023-11-19 19:42:57,688][__main__][INFO] - epoch: 120
[2023-11-19 19:42:58,966][__main__][INFO] - alignment: tensor([0., 0., 0., 0., 0., 0., 0., 0., 0., 0., 0., 0., 0., 0., 0.])
[2023-11-19 19:42:58,966][__main__][INFO] - epoch: 130
[2023-11-19 19:43:00,250][__main__][INFO] - alignment: tensor([0., 0., 0., 0., 0., 0., 0., 0., 0., 0., 0., 0., 0., 0., 0.])
[2023-11-19 19:43:00,250][__main__][INFO] - epoch: 140
[2023-11-19 19:43:01,729][__main__][INFO] - alignment: tensor([0., 0., 0., 0., 0., 0., 0., 0., 0., 0., 0., 0., 0., 0., 0.])
[2023-11-19 19:43:01,730][__main__][INFO] - epoch: 150
[2023-11-19 19:43:03,063][__main__][INFO] - alignment: tensor([0., 0., 0., 0., 0., 0., 0., 0., 0., 0., 0., 0., 0., 0., 0.])
[2023-11-19 19:43:03,064][__main__][INFO] - epoch: 160
[2023-11-19 19:43:04,350][__main__][INFO] - alignment: tensor([0., 0., 0., 0., 0., 0., 0., 0., 0., 0., 0., 0., 0., 0., 0.])
[2023-11-19 19:43:04,350][__main__][INFO] - epoch: 170
[2023-11-19 19:43:05,610][__main__][INFO] - alignment: tensor([0., 0., 0., 0., 0., 0., 0., 0., 0., 0., 0., 0., 0., 0., 0.])
[2023-11-19 19:43:05,610][__main__][INFO] - epoch: 180
[2023-11-19 19:43:06,950][__main__][INFO] - alignment: tensor([0., 0., 0., 0., 0., 0., 0., 0., 0., 0., 0., 0., 0., 0., 0.])
[2023-11-19 19:43:06,951][__main__][INFO] - epoch: 190
[2023-11-19 19:43:08,297][__main__][INFO] - alignment: tensor([0., 0., 0., 0., 0., 0., 0., 0., 0., 0., 0., 0., 0., 0., 0.])
[2023-11-19 19:43:08,297][__main__][INFO] - epoch: 200
[2023-11-19 19:43:09,595][__main__][INFO] - alignment: tensor([0., 0., 0., 0., 0., 0., 0., 0., 0., 0., 0., 0., 0., 0., 0.])
[2023-11-19 19:43:09,595][__main__][INFO] - epoch: 210
[2023-11-19 19:43:10,948][__main__][INFO] - alignment: tensor([0., 0., 0., 0., 0., 0., 0., 0., 0., 0., 0., 0., 0., 0., 0.])
[2023-11-19 19:43:10,948][__main__][INFO] - epoch: 220
[2023-11-19 19:43:12,432][__main__][INFO] - alignment: tensor([0., 0., 0., 0., 0., 0., 0., 0., 0., 0., 0., 0., 0., 0., 0.])
[2023-11-19 19:43:12,432][__main__][INFO] - epoch: 230
[2023-11-19 19:43:13,841][__main__][INFO] - alignment: tensor([0., 0., 0., 0., 0., 0., 0., 0., 0., 0., 0., 0., 0., 0., 0.])
[2023-11-19 19:43:13,841][__main__][INFO] - epoch: 240
[2023-11-19 19:43:15,329][__main__][INFO] - alignment: tensor([0., 0., 0., 0., 0., 0., 0., 0., 0., 0., 0., 0., 0., 0., 0.])
[2023-11-19 19:43:15,329][__main__][INFO] - epoch: 250
[2023-11-19 19:43:16,605][__main__][INFO] - alignment: tensor([0., 0., 0., 0., 0., 0., 0., 0., 0., 0., 0., 0., 0., 0., 0.])
[2023-11-19 19:43:16,606][__main__][INFO] - epoch: 260
[2023-11-19 19:43:18,002][__main__][INFO] - alignment: tensor([0., 0., 0., 0., 0., 0., 0., 0., 0., 0., 0., 0., 0., 0., 0.])
[2023-11-19 19:43:18,003][__main__][INFO] - epoch: 270
[2023-11-19 19:43:19,235][__main__][INFO] - alignment: tensor([0., 0., 0., 0., 0., 0., 0., 0., 0., 0., 0., 0., 0., 0., 0.])
[2023-11-19 19:43:19,235][__main__][INFO] - epoch: 280
[2023-11-19 19:43:20,559][__main__][INFO] - alignment: tensor([0., 0., 0., 0., 0., 0., 0., 0., 0., 0., 0., 0., 0., 0., 0.])
[2023-11-19 19:43:20,560][__main__][INFO] - epoch: 290
[2023-11-19 19:43:21,811][__main__][INFO] - alignment: tensor([0., 0., 0., 0., 0., 0., 0., 0., 0., 0., 0., 0., 0., 0., 0.])
[2023-11-19 19:43:21,812][__main__][INFO] - epoch: 300
[2023-11-19 19:43:23,077][__main__][INFO] - alignment: tensor([0., 0., 0., 0., 0., 0., 0., 0., 0., 0., 0., 0., 0., 0., 0.])
[2023-11-19 19:43:23,077][__main__][INFO] - epoch: 310
[2023-11-19 19:43:24,393][__main__][INFO] - alignment: tensor([3., 0., 0., 0., 0., 0., 0., 0., 0., 0., 0., 0., 0., 0., 0.])
[2023-11-19 19:43:24,393][__main__][INFO] - epoch: 320
[2023-11-19 19:43:25,796][__main__][INFO] - alignment: tensor([5., 0., 0., 0., 0., 0., 0., 0., 0., 0., 0., 0., 0., 0., 0.])
[2023-11-19 19:43:25,796][__main__][INFO] - epoch: 330
[2023-11-19 19:43:27,114][__main__][INFO] - alignment: tensor([9., 0., 0., 0., 0., 0., 0., 0., 0., 0., 0., 0., 0., 0., 0.])
[2023-11-19 19:43:27,114][__main__][INFO] - epoch: 340
[2023-11-19 19:43:28,484][__main__][INFO] - alignment: tensor([21.,  0.,  0.,  0.,  0.,  0.,  0.,  0.,  0.,  0.,  0.,  0.,  0.,  0.,
         0.])
[2023-11-19 19:43:28,484][__main__][INFO] - epoch: 350
[2023-11-19 19:43:29,850][__main__][INFO] - alignment: tensor([43.,  0.,  0.,  0.,  0.,  0.,  0.,  0.,  0.,  0.,  0.,  0.,  0.,  0.,
         0.])
[2023-11-19 19:43:29,850][__main__][INFO] - epoch: 360
[2023-11-19 19:43:31,219][__main__][INFO] - alignment: tensor([70.,  0.,  0.,  0.,  0.,  0.,  0.,  0.,  0.,  0.,  0.,  0.,  0.,  0.,
         0.])
[2023-11-19 19:43:31,220][__main__][INFO] - epoch: 370
[2023-11-19 19:43:32,526][__main__][INFO] - alignment: tensor([96.,  0.,  0.,  0.,  0.,  0.,  0.,  0.,  0.,  0.,  0.,  0.,  0.,  0.,
         0.])
[2023-11-19 19:43:32,526][__main__][INFO] - epoch: 380
[2023-11-19 19:43:34,101][__main__][INFO] - alignment: tensor([132.,   0.,   0.,   0.,   0.,   0.,   0.,   0.,   0.,   0.,   0.,   0.,
          0.,   0.,   0.])
[2023-11-19 19:43:34,101][__main__][INFO] - epoch: 390
[2023-11-19 19:43:35,349][__main__][INFO] - alignment: tensor([168.,   0.,   0.,   0.,   0.,   0.,   0.,   0.,   0.,   0.,   0.,   0.,
          0.,   0.,   0.])
[2023-11-19 19:43:35,350][__main__][INFO] - epoch: 400
[2023-11-19 19:43:36,704][__main__][INFO] - alignment: tensor([196.,   0.,   0.,   0.,   0.,   0.,   0.,   0.,   0.,   0.,   0.,   0.,
          0.,   0.,   0.])
[2023-11-19 19:43:36,704][__main__][INFO] - epoch: 410
[2023-11-19 19:43:38,156][__main__][INFO] - alignment: tensor([208.,   0.,   0.,   0.,   0.,   0.,   0.,   0.,   0.,   0.,   0.,   0.,
          0.,   0.,   0.])
[2023-11-19 19:43:38,156][__main__][INFO] - epoch: 420
[2023-11-19 19:43:39,362][__main__][INFO] - alignment: tensor([210.,   0.,   0.,   0.,   0.,   0.,   0.,   0.,   0.,   0.,   0.,   0.,
          0.,   0.,   0.])
[2023-11-19 19:43:39,362][__main__][INFO] - epoch: 430
[2023-11-19 19:43:40,699][__main__][INFO] - alignment: tensor([201.,   0.,   0.,   0.,   0.,   0.,   0.,   0.,   0.,   0.,   0.,   0.,
          0.,   0.,   0.])
[2023-11-19 19:43:40,700][__main__][INFO] - epoch: 440
[2023-11-19 19:43:41,963][__main__][INFO] - alignment: tensor([182.,   0.,   0.,   0.,   0.,   0.,   0.,   0.,   0.,   0.,   0.,   0.,
          0.,   0.,   0.])
[2023-11-19 19:43:41,964][__main__][INFO] - epoch: 450
[2023-11-19 19:43:43,541][__main__][INFO] - alignment: tensor([164.,   6.,   0.,   0.,   0.,   0.,   0.,   0.,   0.,   0.,   0.,   0.,
          0.,   0.,   0.])
[2023-11-19 19:43:43,541][__main__][INFO] - epoch: 460
[2023-11-19 19:43:45,162][__main__][INFO] - alignment: tensor([150.,   7.,   0.,   0.,   0.,   0.,   0.,   0.,   0.,   0.,   0.,   0.,
          0.,   0.,   0.])
[2023-11-19 19:43:45,162][__main__][INFO] - epoch: 470
[2023-11-19 19:43:46,510][__main__][INFO] - alignment: tensor([132.,  13.,   0.,   0.,   0.,   0.,   0.,   0.,   0.,   0.,   0.,   0.,
          0.,   0.,   0.])
[2023-11-19 19:43:46,511][__main__][INFO] - epoch: 480
[2023-11-19 19:43:47,739][__main__][INFO] - alignment: tensor([121.,  16.,   0.,   0.,   0.,   0.,   0.,   0.,   0.,   0.,   0.,   0.,
          0.,   0.,   0.])
[2023-11-19 19:43:47,739][__main__][INFO] - epoch: 490
[2023-11-19 19:43:49,118][__main__][INFO] - alignment: tensor([112.,  23.,   0.,   0.,   0.,   0.,   0.,   0.,   1.,   0.,   0.,   0.,
          0.,   0.,   0.])
[2023-11-19 19:43:49,118][__main__][INFO] - epoch: 500
[2023-11-19 19:43:50,610][__main__][INFO] - alignment: tensor([104.,  24.,   0.,   0.,   0.,   0.,   0.,   1.,   1.,   0.,   0.,   0.,
          0.,   0.,   0.])
[2023-11-19 19:43:50,611][__main__][INFO] - epoch: 510
[2023-11-19 19:43:52,163][__main__][INFO] - alignment: tensor([103.,  24.,   0.,   0.,   0.,   0.,   0.,   1.,   1.,   0.,   0.,   0.,
          0.,   0.,   0.])
[2023-11-19 19:43:52,163][__main__][INFO] - epoch: 520
[2023-11-19 19:43:54,016][__main__][INFO] - alignment: tensor([95., 23.,  0.,  0.,  0.,  0.,  0.,  1.,  1.,  0.,  0.,  0.,  0.,  0.,
         0.])
[2023-11-19 19:43:54,016][__main__][INFO] - epoch: 530
[2023-11-19 19:43:55,378][__main__][INFO] - alignment: tensor([88., 19.,  0.,  0.,  0.,  0.,  0.,  1.,  1.,  0.,  0.,  0.,  0.,  0.,
         0.])
[2023-11-19 19:43:55,379][__main__][INFO] - epoch: 540
[2023-11-19 19:43:56,796][__main__][INFO] - alignment: tensor([82., 19.,  0.,  0.,  0.,  0.,  0.,  1.,  1.,  0.,  1.,  0.,  0.,  0.,
         0.])
[2023-11-19 19:43:56,796][__main__][INFO] - epoch: 550
[2023-11-19 19:43:58,197][__main__][INFO] - alignment: tensor([78., 17.,  0.,  0.,  0.,  0.,  0.,  1.,  1.,  0.,  1.,  0.,  0.,  0.,
         0.])
[2023-11-19 19:43:58,197][__main__][INFO] - epoch: 560
[2023-11-19 19:43:59,521][__main__][INFO] - alignment: tensor([73., 20.,  0.,  0.,  0.,  0.,  0.,  1.,  1.,  0.,  1.,  0.,  0.,  0.,
         0.])
[2023-11-19 19:43:59,521][__main__][INFO] - epoch: 570
[2023-11-19 19:44:00,777][__main__][INFO] - alignment: tensor([65., 16.,  0.,  0.,  0.,  0.,  0.,  1.,  1.,  0.,  1.,  0.,  0.,  0.,
         0.])
[2023-11-19 19:44:00,778][__main__][INFO] - epoch: 580
[2023-11-19 19:44:02,217][__main__][INFO] - alignment: tensor([60., 15.,  0.,  0.,  0.,  0.,  0.,  1.,  1.,  0.,  1.,  0.,  0.,  0.,
         0.])
[2023-11-19 19:44:02,217][__main__][INFO] - epoch: 590
[2023-11-19 19:44:03,526][__main__][INFO] - alignment: tensor([56., 12.,  0.,  0.,  0.,  0.,  0.,  1.,  1.,  0.,  1.,  0.,  0.,  0.,
         0.])
[2023-11-19 19:44:03,527][__main__][INFO] - epoch: 600
[2023-11-19 19:44:04,818][__main__][INFO] - alignment: tensor([54., 10.,  0.,  0.,  0.,  0.,  0.,  1.,  1.,  0.,  1.,  0.,  0.,  0.,
         0.])
[2023-11-19 19:44:04,819][__main__][INFO] - epoch: 610
[2023-11-19 19:44:06,096][__main__][INFO] - alignment: tensor([51.,  8.,  0.,  0.,  0.,  0.,  0.,  1.,  1.,  0.,  1.,  0.,  0.,  0.,
         0.])
[2023-11-19 19:44:06,097][__main__][INFO] - epoch: 620
[2023-11-19 19:44:07,310][__main__][INFO] - alignment: tensor([54.,  7.,  0.,  0.,  0.,  0.,  0.,  1.,  1.,  0.,  1.,  0.,  0.,  0.,
         0.])
[2023-11-19 19:44:07,310][__main__][INFO] - epoch: 630
[2023-11-19 19:44:08,662][__main__][INFO] - alignment: tensor([49.,  5.,  0.,  0.,  0.,  0.,  0.,  1.,  1.,  0.,  1.,  0.,  0.,  0.,
         0.])
[2023-11-19 19:44:08,662][__main__][INFO] - epoch: 640
[2023-11-19 19:44:10,031][__main__][INFO] - alignment: tensor([47.,  4.,  0.,  0.,  0.,  0.,  0.,  1.,  1.,  0.,  1.,  0.,  0.,  0.,
         0.])
[2023-11-19 19:44:10,031][__main__][INFO] - epoch: 650
[2023-11-19 19:44:11,307][__main__][INFO] - alignment: tensor([47.,  5.,  0.,  0.,  0.,  0.,  0.,  1.,  1.,  1.,  1.,  0.,  0.,  0.,
         0.])
[2023-11-19 19:44:11,307][__main__][INFO] - epoch: 660
[2023-11-19 19:44:12,499][__main__][INFO] - alignment: tensor([47.,  4.,  0.,  1.,  0.,  0.,  0.,  1.,  1.,  1.,  1.,  0.,  0.,  0.,
         0.])
[2023-11-19 19:44:12,500][__main__][INFO] - epoch: 670
[2023-11-19 19:44:13,814][__main__][INFO] - alignment: tensor([40.,  4.,  0.,  1.,  1.,  0.,  0.,  1.,  1.,  1.,  1.,  0.,  0.,  0.,
         0.])
[2023-11-19 19:44:13,814][__main__][INFO] - epoch: 680
[2023-11-19 19:44:15,065][__main__][INFO] - alignment: tensor([34.,  4.,  0.,  1.,  1.,  0.,  0.,  1.,  1.,  1.,  1.,  0.,  0.,  0.,
         0.])
[2023-11-19 19:44:15,065][__main__][INFO] - epoch: 690
[2023-11-19 19:44:16,386][__main__][INFO] - alignment: tensor([31.,  4.,  0.,  1.,  1.,  0.,  0.,  1.,  1.,  1.,  1.,  0.,  0.,  0.,
         0.])
[2023-11-19 19:44:16,472][__main__][INFO] - Training losses plot: train_losses.png
[2023-11-19 19:44:16,559][__main__][INFO] - Accuracies plot: accuracies.png
