[2023-11-19 16:55:28,167][hydra.utils][INFO] - Logging from main
[2023-11-19 17:34:07,944][__main__][INFO] - Model weights saved at: model.pt
[2023-11-19 17:34:07,959][__main__][INFO] - Training accuracy: 0.9974814814814815
[2023-11-19 17:34:07,959][__main__][INFO] - Testing accuracy: 0.9486666666666667
[2023-11-19 17:34:07,959][__main__][INFO] - feat_thresh: 0.1
[2023-11-19 17:34:07,960][__main__][INFO] - epoch: 0
[2023-11-19 17:34:09,320][__main__][INFO] - alignment: tensor([0., 0., 0., 0., 0., 0., 0., 0., 0., 0., 0., 0., 0., 0., 0.])
[2023-11-19 17:34:09,320][__main__][INFO] - epoch: 10
[2023-11-19 17:34:10,607][__main__][INFO] - alignment: tensor([0., 0., 0., 0., 0., 0., 0., 0., 0., 0., 0., 0., 0., 0., 0.])
[2023-11-19 17:34:10,608][__main__][INFO] - epoch: 20
[2023-11-19 17:34:11,986][__main__][INFO] - alignment: tensor([0., 0., 0., 0., 0., 0., 0., 0., 0., 0., 0., 0., 0., 0., 0.])
[2023-11-19 17:34:11,986][__main__][INFO] - epoch: 30
[2023-11-19 17:34:13,459][__main__][INFO] - alignment: tensor([0., 0., 0., 0., 0., 0., 0., 0., 0., 0., 0., 0., 0., 0., 0.])
[2023-11-19 17:34:13,459][__main__][INFO] - epoch: 40
[2023-11-19 17:34:15,002][__main__][INFO] - alignment: tensor([0., 0., 0., 0., 0., 0., 0., 0., 0., 0., 0., 0., 0., 0., 0.])
[2023-11-19 17:34:15,002][__main__][INFO] - epoch: 50
[2023-11-19 17:34:16,545][__main__][INFO] - alignment: tensor([0., 0., 0., 0., 0., 0., 0., 0., 0., 0., 0., 0., 0., 0., 0.])
[2023-11-19 17:34:16,545][__main__][INFO] - epoch: 60
[2023-11-19 17:34:18,207][__main__][INFO] - alignment: tensor([0., 0., 0., 0., 0., 0., 0., 0., 0., 0., 0., 0., 0., 0., 0.])
[2023-11-19 17:34:18,207][__main__][INFO] - epoch: 70
[2023-11-19 17:34:19,956][__main__][INFO] - alignment: tensor([0., 0., 0., 0., 0., 0., 0., 0., 0., 0., 0., 0., 0., 0., 0.])
[2023-11-19 17:34:19,956][__main__][INFO] - epoch: 80
[2023-11-19 17:34:21,548][__main__][INFO] - alignment: tensor([0., 0., 0., 0., 0., 0., 0., 0., 0., 0., 0., 0., 0., 0., 0.])
[2023-11-19 17:34:21,548][__main__][INFO] - epoch: 90
[2023-11-19 17:34:23,105][__main__][INFO] - alignment: tensor([0., 0., 0., 0., 0., 0., 0., 0., 0., 0., 0., 0., 0., 0., 0.])
[2023-11-19 17:34:23,106][__main__][INFO] - epoch: 100
[2023-11-19 17:34:24,624][__main__][INFO] - alignment: tensor([0., 0., 0., 0., 0., 0., 0., 0., 0., 0., 0., 0., 0., 0., 0.])
[2023-11-19 17:34:24,624][__main__][INFO] - epoch: 110
[2023-11-19 17:34:26,084][__main__][INFO] - alignment: tensor([0., 0., 0., 0., 0., 0., 0., 0., 0., 0., 0., 0., 0., 0., 0.])
[2023-11-19 17:34:26,084][__main__][INFO] - epoch: 120
[2023-11-19 17:34:27,621][__main__][INFO] - alignment: tensor([0., 0., 0., 0., 0., 0., 0., 0., 0., 0., 0., 0., 0., 0., 0.])
[2023-11-19 17:34:27,622][__main__][INFO] - epoch: 130
[2023-11-19 17:34:28,906][__main__][INFO] - alignment: tensor([0., 0., 0., 0., 0., 0., 0., 0., 0., 0., 0., 0., 0., 0., 0.])
[2023-11-19 17:34:28,906][__main__][INFO] - epoch: 140
[2023-11-19 17:34:30,284][__main__][INFO] - alignment: tensor([1., 0., 0., 0., 0., 0., 0., 0., 0., 0., 0., 0., 0., 0., 0.])
[2023-11-19 17:34:30,284][__main__][INFO] - epoch: 150
[2023-11-19 17:34:31,744][__main__][INFO] - alignment: tensor([1., 0., 0., 0., 0., 0., 0., 0., 0., 0., 0., 0., 0., 0., 0.])
[2023-11-19 17:34:31,744][__main__][INFO] - epoch: 160
[2023-11-19 17:34:33,334][__main__][INFO] - alignment: tensor([1., 0., 0., 0., 0., 0., 0., 0., 0., 0., 0., 0., 0., 0., 0.])
[2023-11-19 17:34:33,335][__main__][INFO] - epoch: 170
[2023-11-19 17:34:35,107][__main__][INFO] - alignment: tensor([1., 0., 0., 0., 0., 0., 0., 0., 0., 0., 0., 0., 0., 0., 0.])
[2023-11-19 17:34:35,107][__main__][INFO] - epoch: 180
[2023-11-19 17:34:36,587][__main__][INFO] - alignment: tensor([1., 0., 0., 0., 0., 0., 0., 0., 0., 0., 0., 0., 0., 0., 0.])
[2023-11-19 17:34:36,587][__main__][INFO] - epoch: 190
[2023-11-19 17:34:38,068][__main__][INFO] - alignment: tensor([1., 0., 0., 0., 0., 0., 0., 0., 0., 0., 0., 0., 0., 0., 0.])
[2023-11-19 17:34:38,069][__main__][INFO] - epoch: 200
[2023-11-19 17:34:39,603][__main__][INFO] - alignment: tensor([3., 0., 0., 0., 0., 0., 0., 0., 0., 0., 0., 0., 0., 1., 1.])
[2023-11-19 17:34:39,604][__main__][INFO] - epoch: 210
[2023-11-19 17:34:40,979][__main__][INFO] - alignment: tensor([21.,  1.,  0.,  1.,  0.,  0.,  0.,  0.,  0.,  0.,  1.,  0.,  0.,  1.,
         1.])
[2023-11-19 17:34:40,980][__main__][INFO] - epoch: 220
[2023-11-19 17:34:42,383][__main__][INFO] - alignment: tensor([24.,  1.,  2.,  1.,  0.,  0.,  0.,  0.,  0.,  0.,  1.,  0.,  0.,  1.,
         1.])
[2023-11-19 17:34:42,383][__main__][INFO] - epoch: 230
[2023-11-19 17:34:44,115][__main__][INFO] - alignment: tensor([24.,  2.,  2.,  1.,  0.,  0.,  0.,  1.,  1.,  0.,  1.,  0.,  0.,  1.,
         1.])
[2023-11-19 17:34:44,116][__main__][INFO] - epoch: 240
[2023-11-19 17:34:45,481][__main__][INFO] - alignment: tensor([21.,  2.,  3.,  1.,  0.,  0.,  0.,  1.,  1.,  0.,  1.,  0.,  0.,  1.,
         1.])
[2023-11-19 17:34:45,481][__main__][INFO] - epoch: 250
[2023-11-19 17:34:46,984][__main__][INFO] - alignment: tensor([22.,  2.,  3.,  1.,  0.,  0.,  0.,  1.,  1.,  0.,  1.,  0.,  0.,  1.,
         1.])
[2023-11-19 17:34:46,985][__main__][INFO] - epoch: 260
[2023-11-19 17:34:48,689][__main__][INFO] - alignment: tensor([19.,  2.,  3.,  1.,  0.,  0.,  0.,  1.,  1.,  0.,  1.,  0.,  0.,  1.,
         1.])
[2023-11-19 17:34:48,689][__main__][INFO] - epoch: 270
[2023-11-19 17:34:50,122][__main__][INFO] - alignment: tensor([16.,  2.,  3.,  1.,  0.,  0.,  0.,  1.,  1.,  0.,  1.,  0.,  0.,  1.,
         1.])
[2023-11-19 17:34:50,122][__main__][INFO] - epoch: 280
[2023-11-19 17:34:51,561][__main__][INFO] - alignment: tensor([17.,  2.,  3.,  1.,  0.,  0.,  0.,  1.,  1.,  0.,  1.,  0.,  0.,  1.,
         1.])
[2023-11-19 17:34:51,561][__main__][INFO] - epoch: 290
[2023-11-19 17:34:52,950][__main__][INFO] - alignment: tensor([14.,  1.,  3.,  1.,  1.,  0.,  0.,  1.,  1.,  0.,  1.,  0.,  0.,  1.,
         1.])
[2023-11-19 17:34:52,950][__main__][INFO] - epoch: 300
[2023-11-19 17:34:54,671][__main__][INFO] - alignment: tensor([14.,  2.,  3.,  1.,  1.,  0.,  0.,  1.,  1.,  0.,  1.,  0.,  0.,  1.,
         1.])
[2023-11-19 17:34:54,671][__main__][INFO] - epoch: 310
[2023-11-19 17:34:56,304][__main__][INFO] - alignment: tensor([12.,  2.,  3.,  1.,  1.,  0.,  0.,  1.,  1.,  0.,  1.,  0.,  0.,  1.,
         1.])
[2023-11-19 17:34:56,305][__main__][INFO] - epoch: 320
[2023-11-19 17:34:57,913][__main__][INFO] - alignment: tensor([11.,  2.,  3.,  1.,  1.,  0.,  0.,  1.,  1.,  0.,  1.,  0.,  0.,  1.,
         1.])
[2023-11-19 17:34:57,913][__main__][INFO] - epoch: 330
[2023-11-19 17:34:59,446][__main__][INFO] - alignment: tensor([10.,  2.,  3.,  1.,  1.,  0.,  0.,  1.,  1.,  0.,  1.,  0.,  0.,  1.,
         1.])
[2023-11-19 17:34:59,446][__main__][INFO] - epoch: 340
[2023-11-19 17:35:00,899][__main__][INFO] - alignment: tensor([10.,  2.,  3.,  1.,  1.,  0.,  0.,  1.,  1.,  0.,  1.,  0.,  0.,  1.,
         1.])
[2023-11-19 17:35:00,899][__main__][INFO] - epoch: 350
[2023-11-19 17:35:02,348][__main__][INFO] - alignment: tensor([9., 2., 3., 1., 1., 0., 0., 1., 1., 0., 1., 0., 0., 1., 1.])
[2023-11-19 17:35:02,348][__main__][INFO] - epoch: 360
[2023-11-19 17:35:03,937][__main__][INFO] - alignment: tensor([9., 2., 3., 1., 1., 0., 0., 1., 1., 0., 1., 0., 0., 1., 1.])
[2023-11-19 17:35:03,938][__main__][INFO] - feat_thresh: 0.2
[2023-11-19 17:35:03,938][__main__][INFO] - epoch: 0
[2023-11-19 17:35:05,722][__main__][INFO] - alignment: tensor([0., 0., 0., 0., 0., 0., 0., 0., 0., 0., 0., 0., 0., 0., 0.])
[2023-11-19 17:35:05,722][__main__][INFO] - epoch: 10
[2023-11-19 17:35:07,113][__main__][INFO] - alignment: tensor([0., 0., 0., 0., 0., 0., 0., 0., 0., 0., 0., 0., 0., 0., 0.])
[2023-11-19 17:35:07,113][__main__][INFO] - epoch: 20
[2023-11-19 17:35:08,775][__main__][INFO] - alignment: tensor([0., 0., 0., 0., 0., 0., 0., 0., 0., 0., 0., 0., 0., 0., 0.])
[2023-11-19 17:35:08,776][__main__][INFO] - epoch: 30
[2023-11-19 17:35:10,382][__main__][INFO] - alignment: tensor([0., 0., 0., 0., 0., 0., 0., 0., 0., 0., 0., 0., 0., 0., 0.])
[2023-11-19 17:35:10,383][__main__][INFO] - epoch: 40
[2023-11-19 17:35:11,844][__main__][INFO] - alignment: tensor([0., 0., 0., 0., 0., 0., 0., 0., 0., 0., 0., 0., 0., 0., 0.])
[2023-11-19 17:35:11,844][__main__][INFO] - epoch: 50
[2023-11-19 17:35:13,175][__main__][INFO] - alignment: tensor([0., 0., 0., 0., 0., 0., 0., 0., 0., 0., 0., 0., 0., 0., 0.])
[2023-11-19 17:35:13,176][__main__][INFO] - epoch: 60
[2023-11-19 17:35:14,500][__main__][INFO] - alignment: tensor([0., 0., 0., 0., 0., 0., 0., 0., 0., 0., 0., 0., 0., 0., 0.])
[2023-11-19 17:35:14,500][__main__][INFO] - epoch: 70
[2023-11-19 17:35:15,975][__main__][INFO] - alignment: tensor([0., 0., 0., 0., 0., 0., 0., 0., 0., 0., 0., 0., 0., 0., 0.])
[2023-11-19 17:35:15,976][__main__][INFO] - epoch: 80
[2023-11-19 17:35:17,385][__main__][INFO] - alignment: tensor([0., 0., 0., 0., 0., 0., 0., 0., 0., 0., 0., 0., 0., 0., 0.])
[2023-11-19 17:35:17,386][__main__][INFO] - epoch: 90
[2023-11-19 17:35:18,775][__main__][INFO] - alignment: tensor([0., 0., 0., 0., 0., 0., 0., 0., 0., 0., 0., 0., 0., 0., 0.])
[2023-11-19 17:35:18,775][__main__][INFO] - epoch: 100
[2023-11-19 17:35:20,167][__main__][INFO] - alignment: tensor([0., 0., 0., 0., 0., 0., 0., 0., 0., 0., 0., 0., 0., 0., 0.])
[2023-11-19 17:35:20,167][__main__][INFO] - epoch: 110
[2023-11-19 17:35:21,527][__main__][INFO] - alignment: tensor([0., 0., 0., 0., 0., 0., 0., 0., 0., 0., 0., 0., 0., 0., 0.])
[2023-11-19 17:35:21,528][__main__][INFO] - epoch: 120
[2023-11-19 17:35:22,920][__main__][INFO] - alignment: tensor([0., 0., 0., 0., 0., 0., 0., 0., 0., 0., 0., 0., 0., 0., 0.])
[2023-11-19 17:35:22,921][__main__][INFO] - epoch: 130
[2023-11-19 17:35:24,448][__main__][INFO] - alignment: tensor([1., 0., 0., 0., 0., 0., 0., 0., 0., 0., 0., 0., 0., 0., 0.])
[2023-11-19 17:35:24,448][__main__][INFO] - epoch: 140
[2023-11-19 17:35:25,915][__main__][INFO] - alignment: tensor([1., 0., 0., 0., 0., 0., 0., 0., 0., 0., 0., 0., 0., 0., 0.])
[2023-11-19 17:35:25,916][__main__][INFO] - epoch: 150
[2023-11-19 17:35:27,505][__main__][INFO] - alignment: tensor([5., 0., 0., 0., 0., 0., 0., 0., 0., 0., 0., 0., 0., 0., 0.])
[2023-11-19 17:35:27,505][__main__][INFO] - epoch: 160
[2023-11-19 17:35:28,952][__main__][INFO] - alignment: tensor([6., 0., 0., 0., 0., 0., 0., 0., 0., 0., 0., 0., 0., 0., 0.])
[2023-11-19 17:35:28,953][__main__][INFO] - epoch: 170
[2023-11-19 17:35:30,360][__main__][INFO] - alignment: tensor([10.,  0.,  0.,  0.,  0.,  0.,  0.,  0.,  0.,  0.,  0.,  0.,  0.,  0.,
         0.])
[2023-11-19 17:35:30,361][__main__][INFO] - epoch: 180
[2023-11-19 17:35:31,837][__main__][INFO] - alignment: tensor([16.,  0.,  0.,  0.,  0.,  0.,  0.,  0.,  0.,  0.,  0.,  0.,  0.,  0.,
         0.])
[2023-11-19 17:35:31,838][__main__][INFO] - epoch: 190
[2023-11-19 17:35:33,407][__main__][INFO] - alignment: tensor([12.,  0.,  0.,  0.,  0.,  0.,  0.,  0.,  0.,  0.,  0.,  0.,  0.,  1.,
         1.])
[2023-11-19 17:35:33,407][__main__][INFO] - epoch: 200
[2023-11-19 17:35:34,851][__main__][INFO] - alignment: tensor([50.,  0.,  0.,  0.,  0.,  0.,  0.,  0.,  0.,  0.,  0.,  0.,  0.,  1.,
         1.])
[2023-11-19 17:35:34,851][__main__][INFO] - epoch: 210
[2023-11-19 17:35:36,298][__main__][INFO] - alignment: tensor([75.,  1.,  0.,  1.,  0.,  0.,  0.,  0.,  0.,  0.,  1.,  0.,  0.,  1.,
         1.])
[2023-11-19 17:35:36,298][__main__][INFO] - epoch: 220
[2023-11-19 17:35:37,794][__main__][INFO] - alignment: tensor([64.,  2.,  3.,  1.,  0.,  0.,  0.,  1.,  1.,  0.,  1.,  0.,  0.,  1.,
         1.])
[2023-11-19 17:35:37,794][__main__][INFO] - epoch: 230
[2023-11-19 17:35:39,155][__main__][INFO] - alignment: tensor([52.,  2.,  3.,  1.,  0.,  0.,  0.,  1.,  1.,  0.,  1.,  0.,  0.,  1.,
         1.])
[2023-11-19 17:35:39,155][__main__][INFO] - epoch: 240
[2023-11-19 17:35:40,472][__main__][INFO] - alignment: tensor([43.,  2.,  3.,  1.,  0.,  1.,  0.,  1.,  1.,  0.,  1.,  0.,  0.,  1.,
         1.])
[2023-11-19 17:35:40,473][__main__][INFO] - epoch: 250
[2023-11-19 17:35:41,763][__main__][INFO] - alignment: tensor([38.,  2.,  3.,  1.,  1.,  1.,  0.,  1.,  1.,  0.,  1.,  1.,  0.,  1.,
         1.])
[2023-11-19 17:35:41,764][__main__][INFO] - epoch: 260
[2023-11-19 17:35:43,099][__main__][INFO] - alignment: tensor([35.,  2.,  3.,  1.,  1.,  1.,  0.,  1.,  1.,  0.,  1.,  1.,  0.,  1.,
         1.])
[2023-11-19 17:35:43,100][__main__][INFO] - epoch: 270
[2023-11-19 17:35:44,438][__main__][INFO] - alignment: tensor([32.,  2.,  3.,  1.,  1.,  1.,  0.,  1.,  1.,  1.,  1.,  1.,  0.,  1.,
         1.])
[2023-11-19 17:35:44,438][__main__][INFO] - epoch: 280
[2023-11-19 17:35:45,823][__main__][INFO] - alignment: tensor([31.,  2.,  3.,  1.,  1.,  1.,  0.,  1.,  1.,  1.,  1.,  1.,  0.,  1.,
         1.])
[2023-11-19 17:35:45,823][__main__][INFO] - epoch: 290
[2023-11-19 17:35:47,306][__main__][INFO] - alignment: tensor([29.,  2.,  3.,  1.,  1.,  1.,  0.,  1.,  1.,  1.,  1.,  1.,  0.,  1.,
         1.])
[2023-11-19 17:35:47,306][__main__][INFO] - epoch: 300
[2023-11-19 17:35:48,744][__main__][INFO] - alignment: tensor([27.,  2.,  3.,  1.,  1.,  1.,  0.,  1.,  1.,  1.,  1.,  1.,  1.,  1.,
         1.])
[2023-11-19 17:35:48,744][__main__][INFO] - epoch: 310
[2023-11-19 17:35:50,126][__main__][INFO] - alignment: tensor([25.,  2.,  3.,  1.,  1.,  1.,  1.,  1.,  1.,  1.,  1.,  1.,  1.,  1.,
         1.])
[2023-11-19 17:35:50,126][__main__][INFO] - epoch: 320
[2023-11-19 17:35:51,618][__main__][INFO] - alignment: tensor([24.,  2.,  3.,  1.,  1.,  1.,  1.,  1.,  1.,  1.,  1.,  1.,  1.,  1.,
         1.])
[2023-11-19 17:35:51,618][__main__][INFO] - epoch: 330
[2023-11-19 17:35:53,053][__main__][INFO] - alignment: tensor([23.,  2.,  3.,  1.,  1.,  1.,  1.,  1.,  1.,  1.,  1.,  1.,  1.,  1.,
         1.])
[2023-11-19 17:35:53,053][__main__][INFO] - epoch: 340
[2023-11-19 17:35:54,481][__main__][INFO] - alignment: tensor([24.,  2.,  3.,  1.,  1.,  1.,  1.,  1.,  1.,  1.,  1.,  1.,  1.,  1.,
         1.])
[2023-11-19 17:35:54,481][__main__][INFO] - epoch: 350
[2023-11-19 17:35:55,868][__main__][INFO] - alignment: tensor([22.,  2.,  3.,  1.,  1.,  1.,  1.,  1.,  1.,  1.,  1.,  1.,  1.,  1.,
         1.])
[2023-11-19 17:35:55,868][__main__][INFO] - epoch: 360
[2023-11-19 17:35:57,276][__main__][INFO] - alignment: tensor([22.,  2.,  3.,  1.,  1.,  1.,  1.,  1.,  1.,  1.,  1.,  1.,  1.,  1.,
         1.])
[2023-11-19 17:35:57,276][__main__][INFO] - feat_thresh: 0.3
[2023-11-19 17:35:57,276][__main__][INFO] - epoch: 0
[2023-11-19 17:35:58,761][__main__][INFO] - alignment: tensor([0., 0., 0., 0., 0., 0., 0., 0., 0., 0., 0., 0., 0., 0., 0.])
[2023-11-19 17:35:58,761][__main__][INFO] - epoch: 10
[2023-11-19 17:36:00,230][__main__][INFO] - alignment: tensor([0., 0., 0., 0., 0., 0., 0., 0., 0., 0., 0., 0., 0., 0., 0.])
[2023-11-19 17:36:00,230][__main__][INFO] - epoch: 20
[2023-11-19 17:36:01,679][__main__][INFO] - alignment: tensor([0., 0., 0., 0., 0., 0., 0., 0., 0., 0., 0., 0., 0., 0., 0.])
[2023-11-19 17:36:01,679][__main__][INFO] - epoch: 30
[2023-11-19 17:36:03,089][__main__][INFO] - alignment: tensor([0., 0., 0., 0., 0., 0., 0., 0., 0., 0., 0., 0., 0., 0., 0.])
[2023-11-19 17:36:03,090][__main__][INFO] - epoch: 40
[2023-11-19 17:36:04,575][__main__][INFO] - alignment: tensor([0., 0., 0., 0., 0., 0., 0., 0., 0., 0., 0., 0., 0., 0., 0.])
[2023-11-19 17:36:04,575][__main__][INFO] - epoch: 50
[2023-11-19 17:36:06,035][__main__][INFO] - alignment: tensor([0., 0., 0., 0., 0., 0., 0., 0., 0., 0., 0., 0., 0., 0., 0.])
[2023-11-19 17:36:06,036][__main__][INFO] - epoch: 60
[2023-11-19 17:36:07,519][__main__][INFO] - alignment: tensor([0., 0., 0., 0., 0., 0., 0., 0., 0., 0., 0., 0., 0., 0., 0.])
[2023-11-19 17:36:07,520][__main__][INFO] - epoch: 70
[2023-11-19 17:36:09,010][__main__][INFO] - alignment: tensor([0., 0., 0., 0., 0., 0., 0., 0., 0., 0., 0., 0., 0., 0., 0.])
[2023-11-19 17:36:09,010][__main__][INFO] - epoch: 80
[2023-11-19 17:36:10,515][__main__][INFO] - alignment: tensor([0., 0., 0., 0., 0., 0., 0., 0., 0., 0., 0., 0., 0., 0., 0.])
[2023-11-19 17:36:10,515][__main__][INFO] - epoch: 90
[2023-11-19 17:36:12,020][__main__][INFO] - alignment: tensor([0., 0., 0., 0., 0., 0., 0., 0., 0., 0., 0., 0., 0., 0., 0.])
[2023-11-19 17:36:12,020][__main__][INFO] - epoch: 100
[2023-11-19 17:36:13,337][__main__][INFO] - alignment: tensor([0., 0., 0., 0., 0., 0., 0., 0., 0., 0., 0., 0., 0., 0., 0.])
[2023-11-19 17:36:13,337][__main__][INFO] - epoch: 110
[2023-11-19 17:36:14,761][__main__][INFO] - alignment: tensor([0., 0., 0., 0., 0., 0., 0., 0., 0., 0., 0., 0., 0., 0., 0.])
[2023-11-19 17:36:14,761][__main__][INFO] - epoch: 120
[2023-11-19 17:36:16,234][__main__][INFO] - alignment: tensor([1., 0., 0., 0., 0., 0., 0., 0., 0., 0., 0., 0., 0., 0., 0.])
[2023-11-19 17:36:16,235][__main__][INFO] - epoch: 130
[2023-11-19 17:36:17,743][__main__][INFO] - alignment: tensor([3., 0., 0., 0., 0., 0., 0., 0., 0., 0., 0., 0., 0., 0., 0.])
[2023-11-19 17:36:17,744][__main__][INFO] - epoch: 140
[2023-11-19 17:36:19,391][__main__][INFO] - alignment: tensor([20.,  0.,  0.,  0.,  0.,  0.,  0.,  0.,  0.,  0.,  0.,  0.,  0.,  0.,
         0.])
[2023-11-19 17:36:19,391][__main__][INFO] - epoch: 150
[2023-11-19 17:36:20,820][__main__][INFO] - alignment: tensor([51.,  0.,  0.,  0.,  0.,  0.,  0.,  0.,  0.,  0.,  0.,  0.,  0.,  0.,
         0.])
[2023-11-19 17:36:20,820][__main__][INFO] - epoch: 160
[2023-11-19 17:36:22,229][__main__][INFO] - alignment: tensor([68.,  0.,  0.,  0.,  0.,  0.,  0.,  0.,  0.,  0.,  0.,  0.,  0.,  0.,
         0.])
[2023-11-19 17:36:22,229][__main__][INFO] - epoch: 170
[2023-11-19 17:36:23,694][__main__][INFO] - alignment: tensor([75.,  0.,  0.,  0.,  0.,  0.,  0.,  0.,  0.,  0.,  0.,  0.,  0.,  0.,
         0.])
[2023-11-19 17:36:23,694][__main__][INFO] - epoch: 180
[2023-11-19 17:36:25,187][__main__][INFO] - alignment: tensor([83.,  0.,  0.,  0.,  0.,  0.,  0.,  0.,  0.,  0.,  0.,  0.,  0.,  1.,
         1.])
[2023-11-19 17:36:25,188][__main__][INFO] - epoch: 190
[2023-11-19 17:36:26,776][__main__][INFO] - alignment: tensor([80.,  0.,  0.,  0.,  0.,  0.,  0.,  0.,  0.,  0.,  0.,  0.,  0.,  1.,
         1.])
[2023-11-19 17:36:26,776][__main__][INFO] - epoch: 200
[2023-11-19 17:36:28,144][__main__][INFO] - alignment: tensor([120.,   0.,   0.,   0.,   0.,   0.,   0.,   0.,   0.,   0.,   0.,   0.,
          0.,   1.,   1.])
[2023-11-19 17:36:28,144][__main__][INFO] - epoch: 210
[2023-11-19 17:36:29,743][__main__][INFO] - alignment: tensor([129.,   2.,   4.,   1.,   0.,   0.,   0.,   1.,   1.,   0.,   1.,   0.,
          0.,   1.,   1.])
[2023-11-19 17:36:29,744][__main__][INFO] - epoch: 220
[2023-11-19 17:36:31,288][__main__][INFO] - alignment: tensor([108.,   2.,   5.,   1.,   0.,   0.,   0.,   1.,   1.,   0.,   1.,   0.,
          0.,   1.,   1.])
[2023-11-19 17:36:31,288][__main__][INFO] - epoch: 230
[2023-11-19 17:36:33,005][__main__][INFO] - alignment: tensor([89.,  2.,  5.,  1.,  0.,  0.,  0.,  1.,  1.,  0.,  1.,  1.,  0.,  1.,
         1.])
[2023-11-19 17:36:33,005][__main__][INFO] - epoch: 240
[2023-11-19 17:36:34,423][__main__][INFO] - alignment: tensor([80.,  2.,  4.,  1.,  0.,  1.,  0.,  1.,  1.,  0.,  1.,  1.,  0.,  1.,
         1.])
[2023-11-19 17:36:34,424][__main__][INFO] - epoch: 250
[2023-11-19 17:36:35,735][__main__][INFO] - alignment: tensor([73.,  2.,  4.,  1.,  1.,  1.,  0.,  1.,  1.,  0.,  1.,  1.,  0.,  1.,
         1.])
[2023-11-19 17:36:35,736][__main__][INFO] - epoch: 260
[2023-11-19 17:36:37,054][__main__][INFO] - alignment: tensor([71.,  2.,  4.,  1.,  1.,  1.,  0.,  1.,  1.,  1.,  1.,  1.,  0.,  1.,
         1.])
[2023-11-19 17:36:37,054][__main__][INFO] - epoch: 270
[2023-11-19 17:36:38,481][__main__][INFO] - alignment: tensor([66.,  2.,  4.,  1.,  1.,  1.,  0.,  1.,  1.,  1.,  1.,  1.,  1.,  1.,
         1.])
[2023-11-19 17:36:38,481][__main__][INFO] - epoch: 280
[2023-11-19 17:36:39,856][__main__][INFO] - alignment: tensor([55.,  2.,  4.,  1.,  1.,  1.,  1.,  1.,  1.,  1.,  1.,  1.,  1.,  1.,
         1.])
[2023-11-19 17:36:39,857][__main__][INFO] - epoch: 290
[2023-11-19 17:36:41,336][__main__][INFO] - alignment: tensor([55.,  2.,  4.,  1.,  1.,  1.,  1.,  1.,  1.,  1.,  1.,  1.,  1.,  1.,
         1.])
[2023-11-19 17:36:41,336][__main__][INFO] - epoch: 300
[2023-11-19 17:36:42,803][__main__][INFO] - alignment: tensor([50.,  3.,  4.,  1.,  1.,  1.,  1.,  1.,  1.,  1.,  1.,  1.,  1.,  1.,
         1.])
[2023-11-19 17:36:42,803][__main__][INFO] - epoch: 310
[2023-11-19 17:36:44,411][__main__][INFO] - alignment: tensor([43.,  3.,  4.,  1.,  1.,  1.,  1.,  1.,  1.,  1.,  1.,  1.,  1.,  1.,
         1.])
[2023-11-19 17:36:44,412][__main__][INFO] - epoch: 320
[2023-11-19 17:36:45,948][__main__][INFO] - alignment: tensor([45.,  3.,  4.,  1.,  1.,  1.,  1.,  1.,  1.,  1.,  1.,  1.,  1.,  1.,
         1.])
[2023-11-19 17:36:45,948][__main__][INFO] - epoch: 330
[2023-11-19 17:36:47,429][__main__][INFO] - alignment: tensor([39.,  3.,  4.,  1.,  1.,  1.,  1.,  1.,  1.,  1.,  1.,  1.,  1.,  1.,
         1.])
[2023-11-19 17:36:47,429][__main__][INFO] - epoch: 340
[2023-11-19 17:36:48,888][__main__][INFO] - alignment: tensor([35.,  3.,  4.,  1.,  1.,  1.,  1.,  1.,  1.,  1.,  1.,  1.,  1.,  1.,
         1.])
[2023-11-19 17:36:48,888][__main__][INFO] - epoch: 350
[2023-11-19 17:36:50,512][__main__][INFO] - alignment: tensor([35.,  3.,  4.,  1.,  1.,  1.,  1.,  1.,  1.,  1.,  1.,  1.,  1.,  1.,
         1.])
[2023-11-19 17:36:50,512][__main__][INFO] - epoch: 360
[2023-11-19 17:36:51,846][__main__][INFO] - alignment: tensor([35.,  3.,  4.,  1.,  1.,  1.,  1.,  1.,  1.,  1.,  1.,  1.,  1.,  1.,
         1.])
[2023-11-19 17:36:51,940][__main__][INFO] - Training losses plot: train_losses.png
[2023-11-19 17:36:52,038][__main__][INFO] - Accuracies plot: accuracies.png
