[2023-11-19 14:29:18,896][hydra.utils][INFO] - Logging from main
[2023-11-19 15:13:26,456][__main__][INFO] - Model weights saved at: model.pt
[2023-11-19 15:13:26,473][__main__][INFO] - Training accuracy: 0.9978
[2023-11-19 15:13:26,474][__main__][INFO] - Testing accuracy: 0.8884
[2023-11-19 15:13:26,474][__main__][INFO] - feat_thresh: 0.1
[2023-11-19 15:13:26,474][__main__][INFO] - epoch: 0
[2023-11-19 15:13:27,653][__main__][INFO] - alignment: tensor([0., 0., 0., 0., 0., 0., 0., 0., 0., 0., 0., 0., 0., 0., 0.])
[2023-11-19 15:13:27,654][__main__][INFO] - epoch: 10
[2023-11-19 15:13:28,900][__main__][INFO] - alignment: tensor([0., 0., 0., 0., 0., 0., 0., 0., 0., 0., 0., 0., 0., 0., 0.])
[2023-11-19 15:13:28,901][__main__][INFO] - epoch: 20
[2023-11-19 15:13:30,248][__main__][INFO] - alignment: tensor([0., 0., 0., 0., 0., 0., 0., 0., 0., 0., 0., 0., 0., 0., 0.])
[2023-11-19 15:13:30,248][__main__][INFO] - epoch: 30
[2023-11-19 15:13:31,523][__main__][INFO] - alignment: tensor([0., 0., 0., 0., 0., 0., 0., 0., 0., 0., 0., 0., 0., 0., 0.])
[2023-11-19 15:13:31,523][__main__][INFO] - epoch: 40
[2023-11-19 15:13:32,741][__main__][INFO] - alignment: tensor([0., 0., 0., 0., 0., 0., 0., 0., 0., 0., 0., 0., 0., 0., 0.])
[2023-11-19 15:13:32,741][__main__][INFO] - epoch: 50
[2023-11-19 15:13:33,928][__main__][INFO] - alignment: tensor([0., 0., 0., 0., 0., 0., 0., 0., 0., 0., 0., 0., 0., 0., 0.])
[2023-11-19 15:13:33,928][__main__][INFO] - epoch: 60
[2023-11-19 15:13:35,108][__main__][INFO] - alignment: tensor([0., 0., 0., 0., 0., 0., 0., 0., 0., 0., 0., 0., 0., 0., 0.])
[2023-11-19 15:13:35,108][__main__][INFO] - epoch: 70
[2023-11-19 15:13:36,317][__main__][INFO] - alignment: tensor([0., 0., 0., 0., 0., 0., 0., 0., 0., 0., 0., 0., 0., 0., 0.])
[2023-11-19 15:13:36,318][__main__][INFO] - epoch: 80
[2023-11-19 15:13:37,650][__main__][INFO] - alignment: tensor([0., 0., 0., 0., 0., 0., 0., 0., 0., 0., 0., 0., 0., 0., 0.])
[2023-11-19 15:13:37,650][__main__][INFO] - epoch: 90
[2023-11-19 15:13:38,823][__main__][INFO] - alignment: tensor([0., 0., 0., 0., 0., 0., 0., 0., 0., 0., 0., 0., 0., 0., 0.])
[2023-11-19 15:13:38,824][__main__][INFO] - epoch: 100
[2023-11-19 15:13:40,029][__main__][INFO] - alignment: tensor([0., 0., 0., 0., 0., 0., 0., 0., 0., 0., 0., 0., 0., 0., 0.])
[2023-11-19 15:13:40,029][__main__][INFO] - epoch: 110
[2023-11-19 15:13:41,295][__main__][INFO] - alignment: tensor([0., 0., 0., 0., 0., 0., 0., 0., 0., 0., 0., 0., 0., 0., 0.])
[2023-11-19 15:13:41,296][__main__][INFO] - epoch: 120
[2023-11-19 15:13:42,543][__main__][INFO] - alignment: tensor([0., 0., 0., 0., 0., 0., 0., 0., 0., 0., 0., 0., 0., 0., 0.])
[2023-11-19 15:13:42,543][__main__][INFO] - epoch: 130
[2023-11-19 15:13:43,741][__main__][INFO] - alignment: tensor([0., 0., 0., 0., 0., 0., 0., 0., 0., 0., 0., 0., 0., 0., 0.])
[2023-11-19 15:13:43,741][__main__][INFO] - epoch: 140
[2023-11-19 15:13:44,996][__main__][INFO] - alignment: tensor([0., 0., 0., 0., 0., 0., 0., 0., 0., 0., 0., 0., 0., 0., 0.])
[2023-11-19 15:13:44,996][__main__][INFO] - epoch: 150
[2023-11-19 15:13:46,290][__main__][INFO] - alignment: tensor([0., 0., 0., 0., 0., 0., 0., 0., 0., 0., 0., 0., 0., 0., 0.])
[2023-11-19 15:13:46,290][__main__][INFO] - epoch: 160
[2023-11-19 15:13:47,547][__main__][INFO] - alignment: tensor([0., 0., 0., 0., 0., 0., 0., 0., 0., 0., 0., 0., 0., 0., 0.])
[2023-11-19 15:13:47,547][__main__][INFO] - epoch: 170
[2023-11-19 15:13:48,753][__main__][INFO] - alignment: tensor([0., 0., 0., 0., 0., 0., 0., 0., 0., 0., 0., 0., 0., 0., 0.])
[2023-11-19 15:13:48,754][__main__][INFO] - epoch: 180
[2023-11-19 15:13:50,028][__main__][INFO] - alignment: tensor([0., 0., 0., 0., 0., 0., 0., 0., 0., 0., 0., 0., 0., 0., 0.])
[2023-11-19 15:13:50,028][__main__][INFO] - epoch: 190
[2023-11-19 15:13:51,361][__main__][INFO] - alignment: tensor([0., 0., 0., 0., 0., 0., 0., 0., 0., 0., 0., 0., 0., 0., 0.])
[2023-11-19 15:13:51,361][__main__][INFO] - epoch: 200
[2023-11-19 15:13:52,656][__main__][INFO] - alignment: tensor([0., 0., 0., 0., 0., 0., 0., 0., 0., 0., 0., 0., 0., 0., 0.])
[2023-11-19 15:13:52,657][__main__][INFO] - epoch: 210
[2023-11-19 15:13:53,899][__main__][INFO] - alignment: tensor([0., 0., 0., 0., 0., 0., 0., 0., 0., 0., 0., 0., 0., 0., 0.])
[2023-11-19 15:13:53,899][__main__][INFO] - epoch: 220
[2023-11-19 15:13:55,162][__main__][INFO] - alignment: tensor([0., 0., 0., 0., 0., 0., 0., 0., 0., 0., 0., 0., 0., 0., 0.])
[2023-11-19 15:13:55,162][__main__][INFO] - epoch: 230
[2023-11-19 15:13:56,389][__main__][INFO] - alignment: tensor([0., 0., 0., 0., 0., 0., 0., 0., 0., 0., 0., 0., 0., 0., 0.])
[2023-11-19 15:13:56,389][__main__][INFO] - epoch: 240
[2023-11-19 15:13:57,600][__main__][INFO] - alignment: tensor([0., 0., 0., 0., 0., 0., 0., 0., 0., 0., 0., 0., 0., 0., 0.])
[2023-11-19 15:13:57,600][__main__][INFO] - epoch: 250
[2023-11-19 15:13:58,876][__main__][INFO] - alignment: tensor([0., 0., 0., 0., 0., 0., 0., 0., 0., 0., 0., 0., 0., 0., 0.])
[2023-11-19 15:13:58,876][__main__][INFO] - epoch: 260
[2023-11-19 15:14:00,246][__main__][INFO] - alignment: tensor([0., 0., 0., 0., 0., 0., 0., 0., 0., 0., 0., 0., 0., 0., 0.])
[2023-11-19 15:14:00,246][__main__][INFO] - epoch: 270
[2023-11-19 15:14:01,458][__main__][INFO] - alignment: tensor([0., 0., 0., 0., 0., 0., 0., 0., 0., 0., 0., 0., 0., 0., 0.])
[2023-11-19 15:14:01,459][__main__][INFO] - epoch: 280
[2023-11-19 15:14:02,936][__main__][INFO] - alignment: tensor([0., 0., 0., 0., 0., 0., 0., 0., 0., 0., 0., 0., 0., 0., 0.])
[2023-11-19 15:14:02,937][__main__][INFO] - epoch: 290
[2023-11-19 15:14:04,111][__main__][INFO] - alignment: tensor([0., 0., 0., 0., 0., 0., 0., 0., 0., 0., 0., 0., 0., 0., 0.])
[2023-11-19 15:14:04,111][__main__][INFO] - epoch: 300
[2023-11-19 15:14:05,278][__main__][INFO] - alignment: tensor([0., 0., 0., 0., 0., 0., 0., 0., 0., 0., 0., 0., 0., 0., 0.])
[2023-11-19 15:14:05,278][__main__][INFO] - epoch: 310
[2023-11-19 15:14:06,523][__main__][INFO] - alignment: tensor([0., 0., 0., 0., 0., 0., 0., 0., 0., 0., 0., 0., 0., 0., 0.])
[2023-11-19 15:14:06,524][__main__][INFO] - epoch: 320
[2023-11-19 15:14:07,723][__main__][INFO] - alignment: tensor([0., 0., 0., 0., 0., 0., 0., 0., 0., 0., 0., 0., 0., 0., 0.])
[2023-11-19 15:14:07,723][__main__][INFO] - epoch: 330
[2023-11-19 15:14:08,941][__main__][INFO] - alignment: tensor([0., 0., 0., 0., 0., 0., 0., 0., 0., 0., 0., 0., 0., 0., 0.])
[2023-11-19 15:14:08,941][__main__][INFO] - epoch: 340
[2023-11-19 15:14:10,221][__main__][INFO] - alignment: tensor([0., 0., 0., 0., 0., 0., 0., 0., 0., 0., 0., 0., 0., 0., 0.])
[2023-11-19 15:14:10,221][__main__][INFO] - epoch: 350
[2023-11-19 15:14:11,482][__main__][INFO] - alignment: tensor([1., 0., 0., 0., 0., 0., 0., 0., 0., 0., 0., 0., 0., 0., 0.])
[2023-11-19 15:14:11,483][__main__][INFO] - epoch: 360
[2023-11-19 15:14:12,807][__main__][INFO] - alignment: tensor([1., 0., 0., 0., 0., 0., 0., 0., 0., 0., 0., 0., 0., 0., 0.])
[2023-11-19 15:14:12,807][__main__][INFO] - epoch: 370
[2023-11-19 15:14:14,038][__main__][INFO] - alignment: tensor([2., 0., 0., 0., 0., 0., 0., 0., 0., 0., 0., 0., 0., 0., 0.])
[2023-11-19 15:14:14,038][__main__][INFO] - epoch: 380
[2023-11-19 15:14:15,314][__main__][INFO] - alignment: tensor([6., 0., 0., 0., 0., 0., 0., 0., 0., 0., 0., 0., 0., 0., 0.])
[2023-11-19 15:14:15,314][__main__][INFO] - epoch: 390
[2023-11-19 15:14:16,470][__main__][INFO] - alignment: tensor([5., 0., 0., 0., 0., 0., 0., 0., 0., 0., 0., 0., 0., 0., 0.])
[2023-11-19 15:14:16,470][__main__][INFO] - epoch: 400
[2023-11-19 15:14:17,659][__main__][INFO] - alignment: tensor([3., 0., 0., 0., 0., 0., 0., 0., 0., 0., 0., 0., 0., 0., 0.])
[2023-11-19 15:14:17,659][__main__][INFO] - epoch: 410
[2023-11-19 15:14:18,879][__main__][INFO] - alignment: tensor([3., 1., 1., 0., 0., 0., 0., 0., 0., 0., 0., 0., 0., 0., 0.])
[2023-11-19 15:14:18,879][__main__][INFO] - epoch: 420
[2023-11-19 15:14:20,167][__main__][INFO] - alignment: tensor([3., 1., 1., 0., 0., 0., 0., 0., 0., 0., 0., 0., 0., 0., 0.])
[2023-11-19 15:14:20,168][__main__][INFO] - epoch: 430
[2023-11-19 15:14:21,323][__main__][INFO] - alignment: tensor([3., 1., 1., 0., 0., 0., 0., 0., 0., 0., 0., 0., 0., 0., 0.])
[2023-11-19 15:14:21,324][__main__][INFO] - epoch: 440
[2023-11-19 15:14:22,578][__main__][INFO] - alignment: tensor([3., 1., 1., 0., 0., 0., 0., 0., 0., 0., 0., 0., 0., 0., 0.])
[2023-11-19 15:14:22,579][__main__][INFO] - epoch: 450
[2023-11-19 15:14:23,742][__main__][INFO] - alignment: tensor([3., 1., 1., 0., 0., 0., 0., 0., 0., 0., 0., 0., 0., 0., 0.])
[2023-11-19 15:14:23,742][__main__][INFO] - epoch: 460
[2023-11-19 15:14:24,968][__main__][INFO] - alignment: tensor([3., 1., 1., 0., 0., 0., 0., 0., 0., 0., 0., 0., 0., 0., 0.])
[2023-11-19 15:14:24,968][__main__][INFO] - epoch: 470
[2023-11-19 15:14:26,173][__main__][INFO] - alignment: tensor([3., 1., 1., 0., 0., 0., 0., 0., 0., 0., 0., 0., 1., 0., 0.])
[2023-11-19 15:14:26,174][__main__][INFO] - epoch: 480
[2023-11-19 15:14:27,371][__main__][INFO] - alignment: tensor([3., 1., 1., 0., 0., 0., 0., 0., 0., 0., 0., 0., 1., 0., 0.])
[2023-11-19 15:14:27,371][__main__][INFO] - epoch: 490
[2023-11-19 15:14:28,710][__main__][INFO] - alignment: tensor([3., 1., 1., 0., 0., 0., 0., 0., 0., 1., 1., 1., 1., 0., 0.])
[2023-11-19 15:14:28,710][__main__][INFO] - epoch: 500
[2023-11-19 15:14:29,886][__main__][INFO] - alignment: tensor([3., 1., 1., 0., 0., 0., 0., 0., 0., 0., 0., 1., 1., 0., 0.])
[2023-11-19 15:14:29,886][__main__][INFO] - epoch: 510
[2023-11-19 15:14:31,166][__main__][INFO] - alignment: tensor([3., 1., 1., 0., 0., 1., 0., 0., 0., 1., 1., 1., 1., 0., 0.])
[2023-11-19 15:14:31,166][__main__][INFO] - epoch: 520
[2023-11-19 15:14:32,370][__main__][INFO] - alignment: tensor([3., 1., 1., 0., 0., 1., 1., 0., 0., 0., 1., 1., 1., 1., 0.])
[2023-11-19 15:14:32,370][__main__][INFO] - epoch: 530
[2023-11-19 15:14:33,514][__main__][INFO] - alignment: tensor([3., 2., 1., 0., 0., 1., 0., 0., 0., 1., 1., 1., 1., 1., 0.])
[2023-11-19 15:14:33,514][__main__][INFO] - epoch: 540
[2023-11-19 15:14:34,753][__main__][INFO] - alignment: tensor([3., 2., 1., 0., 0., 1., 1., 0., 0., 1., 1., 1., 1., 1., 0.])
[2023-11-19 15:14:34,753][__main__][INFO] - epoch: 550
[2023-11-19 15:14:35,948][__main__][INFO] - alignment: tensor([3., 1., 1., 0., 0., 1., 1., 0., 0., 0., 1., 1., 1., 1., 0.])
[2023-11-19 15:14:35,948][__main__][INFO] - epoch: 560
[2023-11-19 15:14:37,116][__main__][INFO] - alignment: tensor([3., 2., 1., 0., 0., 1., 0., 0., 0., 1., 1., 1., 1., 1., 0.])
[2023-11-19 15:14:37,117][__main__][INFO] - epoch: 570
[2023-11-19 15:14:38,496][__main__][INFO] - alignment: tensor([3., 2., 1., 0., 0., 1., 1., 0., 0., 0., 1., 1., 1., 1., 0.])
[2023-11-19 15:14:38,496][__main__][INFO] - epoch: 580
[2023-11-19 15:14:39,687][__main__][INFO] - alignment: tensor([3., 2., 1., 0., 0., 1., 1., 0., 0., 0., 1., 1., 1., 1., 0.])
[2023-11-19 15:14:39,687][__main__][INFO] - epoch: 590
[2023-11-19 15:14:41,238][__main__][INFO] - alignment: tensor([3., 2., 1., 0., 0., 1., 1., 0., 0., 0., 0., 1., 1., 1., 0.])
[2023-11-19 15:14:41,238][__main__][INFO] - epoch: 600
[2023-11-19 15:14:42,488][__main__][INFO] - alignment: tensor([3., 1., 1., 0., 0., 1., 1., 0., 0., 0., 0., 1., 1., 1., 0.])
[2023-11-19 15:14:42,499][__main__][INFO] - epoch: 610
[2023-11-19 15:14:43,749][__main__][INFO] - alignment: tensor([4., 1., 1., 0., 0., 0., 1., 0., 0., 0., 1., 1., 1., 1., 0.])
[2023-11-19 15:14:43,750][__main__][INFO] - epoch: 620
[2023-11-19 15:14:45,069][__main__][INFO] - alignment: tensor([4., 2., 1., 0., 0., 1., 1., 0., 0., 0., 1., 1., 1., 1., 0.])
[2023-11-19 15:14:45,069][__main__][INFO] - epoch: 630
[2023-11-19 15:14:46,269][__main__][INFO] - alignment: tensor([4., 2., 1., 0., 0., 1., 0., 0., 0., 1., 1., 1., 1., 1., 0.])
[2023-11-19 15:14:46,269][__main__][INFO] - epoch: 640
[2023-11-19 15:14:47,512][__main__][INFO] - alignment: tensor([4., 2., 1., 0., 0., 1., 0., 0., 0., 1., 1., 1., 1., 1., 0.])
[2023-11-19 15:14:47,513][__main__][INFO] - feat_thresh: 0.2
[2023-11-19 15:14:47,513][__main__][INFO] - epoch: 0
[2023-11-19 15:14:48,763][__main__][INFO] - alignment: tensor([0., 0., 0., 0., 0., 0., 0., 0., 0., 0., 0., 0., 0., 0., 0.])
[2023-11-19 15:14:48,763][__main__][INFO] - epoch: 10
[2023-11-19 15:14:50,120][__main__][INFO] - alignment: tensor([0., 0., 0., 0., 0., 0., 0., 0., 0., 0., 0., 0., 0., 0., 0.])
[2023-11-19 15:14:50,120][__main__][INFO] - epoch: 20
[2023-11-19 15:14:51,306][__main__][INFO] - alignment: tensor([0., 0., 0., 0., 0., 0., 0., 0., 0., 0., 0., 0., 0., 0., 0.])
[2023-11-19 15:14:51,306][__main__][INFO] - epoch: 30
[2023-11-19 15:14:52,660][__main__][INFO] - alignment: tensor([0., 0., 0., 0., 0., 0., 0., 0., 0., 0., 0., 0., 0., 0., 0.])
[2023-11-19 15:14:52,660][__main__][INFO] - epoch: 40
[2023-11-19 15:14:53,827][__main__][INFO] - alignment: tensor([0., 0., 0., 0., 0., 0., 0., 0., 0., 0., 0., 0., 0., 0., 0.])
[2023-11-19 15:14:53,827][__main__][INFO] - epoch: 50
[2023-11-19 15:14:55,156][__main__][INFO] - alignment: tensor([0., 0., 0., 0., 0., 0., 0., 0., 0., 0., 0., 0., 0., 0., 0.])
[2023-11-19 15:14:55,156][__main__][INFO] - epoch: 60
[2023-11-19 15:14:56,405][__main__][INFO] - alignment: tensor([0., 0., 0., 0., 0., 0., 0., 0., 0., 0., 0., 0., 0., 0., 0.])
[2023-11-19 15:14:56,406][__main__][INFO] - epoch: 70
[2023-11-19 15:14:57,633][__main__][INFO] - alignment: tensor([0., 0., 0., 0., 0., 0., 0., 0., 0., 0., 0., 0., 0., 0., 0.])
[2023-11-19 15:14:57,634][__main__][INFO] - epoch: 80
[2023-11-19 15:14:58,800][__main__][INFO] - alignment: tensor([0., 0., 0., 0., 0., 0., 0., 0., 0., 0., 0., 0., 0., 0., 0.])
[2023-11-19 15:14:58,800][__main__][INFO] - epoch: 90
[2023-11-19 15:15:00,030][__main__][INFO] - alignment: tensor([0., 0., 0., 0., 0., 0., 0., 0., 0., 0., 0., 0., 0., 0., 0.])
[2023-11-19 15:15:00,030][__main__][INFO] - epoch: 100
[2023-11-19 15:15:01,289][__main__][INFO] - alignment: tensor([0., 0., 0., 0., 0., 0., 0., 0., 0., 0., 0., 0., 0., 0., 0.])
[2023-11-19 15:15:01,289][__main__][INFO] - epoch: 110
[2023-11-19 15:15:02,542][__main__][INFO] - alignment: tensor([0., 0., 0., 0., 0., 0., 0., 0., 0., 0., 0., 0., 0., 0., 0.])
[2023-11-19 15:15:02,542][__main__][INFO] - epoch: 120
[2023-11-19 15:15:03,860][__main__][INFO] - alignment: tensor([0., 0., 0., 0., 0., 0., 0., 0., 0., 0., 0., 0., 0., 0., 0.])
[2023-11-19 15:15:03,860][__main__][INFO] - epoch: 130
[2023-11-19 15:15:05,152][__main__][INFO] - alignment: tensor([0., 0., 0., 0., 0., 0., 0., 0., 0., 0., 0., 0., 0., 0., 0.])
[2023-11-19 15:15:05,152][__main__][INFO] - epoch: 140
[2023-11-19 15:15:06,385][__main__][INFO] - alignment: tensor([0., 0., 0., 0., 0., 0., 0., 0., 0., 0., 0., 0., 0., 0., 0.])
[2023-11-19 15:15:06,385][__main__][INFO] - epoch: 150
[2023-11-19 15:15:07,691][__main__][INFO] - alignment: tensor([0., 0., 0., 0., 0., 0., 0., 0., 0., 0., 0., 0., 0., 0., 0.])
[2023-11-19 15:15:07,691][__main__][INFO] - epoch: 160
[2023-11-19 15:15:08,896][__main__][INFO] - alignment: tensor([0., 0., 0., 0., 0., 0., 0., 0., 0., 0., 0., 0., 0., 0., 0.])
[2023-11-19 15:15:08,896][__main__][INFO] - epoch: 170
[2023-11-19 15:15:10,205][__main__][INFO] - alignment: tensor([0., 0., 0., 0., 0., 0., 0., 0., 0., 0., 0., 0., 0., 0., 0.])
[2023-11-19 15:15:10,205][__main__][INFO] - epoch: 180
[2023-11-19 15:15:11,419][__main__][INFO] - alignment: tensor([0., 0., 0., 0., 0., 0., 0., 0., 0., 0., 0., 0., 0., 0., 0.])
[2023-11-19 15:15:11,419][__main__][INFO] - epoch: 190
[2023-11-19 15:15:12,624][__main__][INFO] - alignment: tensor([0., 0., 0., 0., 0., 0., 0., 0., 0., 0., 0., 0., 0., 0., 0.])
[2023-11-19 15:15:12,624][__main__][INFO] - epoch: 200
[2023-11-19 15:15:13,838][__main__][INFO] - alignment: tensor([0., 0., 0., 0., 0., 0., 0., 0., 0., 0., 0., 0., 0., 0., 0.])
[2023-11-19 15:15:13,838][__main__][INFO] - epoch: 210
[2023-11-19 15:15:15,053][__main__][INFO] - alignment: tensor([0., 0., 0., 0., 0., 0., 0., 0., 0., 0., 0., 0., 0., 0., 0.])
[2023-11-19 15:15:15,053][__main__][INFO] - epoch: 220
[2023-11-19 15:15:16,257][__main__][INFO] - alignment: tensor([0., 0., 0., 0., 0., 0., 0., 0., 0., 0., 0., 0., 0., 0., 0.])
[2023-11-19 15:15:16,257][__main__][INFO] - epoch: 230
[2023-11-19 15:15:17,581][__main__][INFO] - alignment: tensor([0., 0., 0., 0., 0., 0., 0., 0., 0., 0., 0., 0., 0., 0., 0.])
[2023-11-19 15:15:17,581][__main__][INFO] - epoch: 240
[2023-11-19 15:15:18,772][__main__][INFO] - alignment: tensor([0., 0., 0., 0., 0., 0., 0., 0., 0., 0., 0., 0., 0., 0., 0.])
[2023-11-19 15:15:18,773][__main__][INFO] - epoch: 250
[2023-11-19 15:15:20,037][__main__][INFO] - alignment: tensor([0., 0., 0., 0., 0., 0., 0., 0., 0., 0., 0., 0., 0., 0., 0.])
[2023-11-19 15:15:20,038][__main__][INFO] - epoch: 260
[2023-11-19 15:15:21,311][__main__][INFO] - alignment: tensor([0., 0., 0., 0., 0., 0., 0., 0., 0., 0., 0., 0., 0., 0., 0.])
[2023-11-19 15:15:21,312][__main__][INFO] - epoch: 270
[2023-11-19 15:15:22,642][__main__][INFO] - alignment: tensor([0., 0., 0., 0., 0., 0., 0., 0., 0., 0., 0., 0., 0., 0., 0.])
[2023-11-19 15:15:22,642][__main__][INFO] - epoch: 280
[2023-11-19 15:15:23,806][__main__][INFO] - alignment: tensor([0., 0., 0., 0., 0., 0., 0., 0., 0., 0., 0., 0., 0., 0., 0.])
[2023-11-19 15:15:23,806][__main__][INFO] - epoch: 290
[2023-11-19 15:15:25,057][__main__][INFO] - alignment: tensor([0., 0., 0., 0., 0., 0., 0., 0., 0., 0., 0., 0., 0., 0., 0.])
[2023-11-19 15:15:25,057][__main__][INFO] - epoch: 300
[2023-11-19 15:15:26,333][__main__][INFO] - alignment: tensor([2., 0., 0., 0., 0., 0., 0., 0., 0., 0., 0., 0., 0., 0., 0.])
[2023-11-19 15:15:26,333][__main__][INFO] - epoch: 310
[2023-11-19 15:15:27,694][__main__][INFO] - alignment: tensor([2., 0., 0., 0., 0., 0., 0., 0., 0., 0., 0., 0., 0., 0., 0.])
[2023-11-19 15:15:27,694][__main__][INFO] - epoch: 320
[2023-11-19 15:15:28,953][__main__][INFO] - alignment: tensor([2., 0., 0., 0., 0., 0., 0., 0., 0., 0., 0., 0., 0., 0., 0.])
[2023-11-19 15:15:28,954][__main__][INFO] - epoch: 330
[2023-11-19 15:15:30,322][__main__][INFO] - alignment: tensor([3., 0., 0., 0., 0., 0., 0., 0., 0., 0., 0., 0., 0., 0., 0.])
[2023-11-19 15:15:30,322][__main__][INFO] - epoch: 340
[2023-11-19 15:15:31,497][__main__][INFO] - alignment: tensor([5., 0., 0., 0., 0., 0., 0., 0., 0., 0., 0., 0., 0., 0., 0.])
[2023-11-19 15:15:31,498][__main__][INFO] - epoch: 350
[2023-11-19 15:15:32,786][__main__][INFO] - alignment: tensor([10.,  0.,  0.,  0.,  0.,  0.,  0.,  0.,  0.,  0.,  0.,  0.,  0.,  0.,
         0.])
[2023-11-19 15:15:32,787][__main__][INFO] - epoch: 360
[2023-11-19 15:15:33,997][__main__][INFO] - alignment: tensor([36.,  0.,  0.,  0.,  0.,  0.,  0.,  0.,  0.,  0.,  0.,  0.,  0.,  0.,
         0.])
[2023-11-19 15:15:33,997][__main__][INFO] - epoch: 370
[2023-11-19 15:15:35,231][__main__][INFO] - alignment: tensor([52.,  0.,  0.,  0.,  0.,  0.,  0.,  0.,  0.,  0.,  0.,  0.,  0.,  0.,
         0.])
[2023-11-19 15:15:35,231][__main__][INFO] - epoch: 380
[2023-11-19 15:15:36,418][__main__][INFO] - alignment: tensor([58.,  0.,  0.,  0.,  0.,  0.,  0.,  0.,  0.,  0.,  0.,  0.,  0.,  0.,
         0.])
[2023-11-19 15:15:36,418][__main__][INFO] - epoch: 390
[2023-11-19 15:15:37,619][__main__][INFO] - alignment: tensor([65.,  0.,  0.,  0.,  0.,  0.,  0.,  0.,  0.,  0.,  0.,  0.,  0.,  0.,
         0.])
[2023-11-19 15:15:37,619][__main__][INFO] - epoch: 400
[2023-11-19 15:15:38,804][__main__][INFO] - alignment: tensor([54.,  0.,  1.,  0.,  0.,  0.,  0.,  0.,  0.,  0.,  0.,  0.,  0.,  0.,
         0.])
[2023-11-19 15:15:38,804][__main__][INFO] - epoch: 410
[2023-11-19 15:15:39,978][__main__][INFO] - alignment: tensor([44.,  4.,  1.,  0.,  0.,  0.,  0.,  0.,  0.,  0.,  0.,  0.,  0.,  0.,
         0.])
[2023-11-19 15:15:39,978][__main__][INFO] - epoch: 420
[2023-11-19 15:15:41,169][__main__][INFO] - alignment: tensor([32.,  3.,  1.,  0.,  0.,  0.,  0.,  0.,  0.,  0.,  0.,  0.,  0.,  0.,
         0.])
[2023-11-19 15:15:41,169][__main__][INFO] - epoch: 430
[2023-11-19 15:15:42,422][__main__][INFO] - alignment: tensor([22.,  3.,  1.,  0.,  0.,  0.,  0.,  0.,  0.,  0.,  0.,  0.,  0.,  0.,
         0.])
[2023-11-19 15:15:42,423][__main__][INFO] - epoch: 440
[2023-11-19 15:15:43,654][__main__][INFO] - alignment: tensor([14.,  3.,  1.,  0.,  0.,  0.,  0.,  0.,  0.,  0.,  0.,  0.,  0.,  0.,
         0.])
[2023-11-19 15:15:43,654][__main__][INFO] - epoch: 450
[2023-11-19 15:15:44,807][__main__][INFO] - alignment: tensor([9., 3., 1., 0., 0., 1., 0., 0., 0., 0., 0., 0., 1., 0., 0.])
[2023-11-19 15:15:44,807][__main__][INFO] - epoch: 460
[2023-11-19 15:15:45,951][__main__][INFO] - alignment: tensor([7., 2., 1., 0., 0., 1., 0., 0., 0., 0., 1., 1., 1., 1., 0.])
[2023-11-19 15:15:45,951][__main__][INFO] - epoch: 470
[2023-11-19 15:15:47,107][__main__][INFO] - alignment: tensor([6., 2., 1., 0., 0., 1., 0., 0., 0., 0., 1., 1., 1., 1., 0.])
[2023-11-19 15:15:47,107][__main__][INFO] - epoch: 480
[2023-11-19 15:15:48,431][__main__][INFO] - alignment: tensor([4., 3., 2., 0., 0., 1., 0., 0., 0., 1., 1., 1., 1., 1., 0.])
[2023-11-19 15:15:48,432][__main__][INFO] - epoch: 490
[2023-11-19 15:15:49,716][__main__][INFO] - alignment: tensor([3., 3., 2., 0., 0., 1., 1., 0., 0., 1., 1., 1., 1., 1., 0.])
[2023-11-19 15:15:49,717][__main__][INFO] - epoch: 500
[2023-11-19 15:15:50,973][__main__][INFO] - alignment: tensor([3., 3., 2., 0., 0., 1., 1., 0., 0., 1., 1., 1., 1., 1., 0.])
[2023-11-19 15:15:50,973][__main__][INFO] - epoch: 510
[2023-11-19 15:15:52,286][__main__][INFO] - alignment: tensor([3., 3., 1., 0., 0., 1., 1., 0., 0., 1., 1., 1., 1., 1., 0.])
[2023-11-19 15:15:52,286][__main__][INFO] - epoch: 520
[2023-11-19 15:15:53,436][__main__][INFO] - alignment: tensor([3., 3., 1., 0., 0., 1., 1., 0., 0., 1., 1., 1., 1., 1., 0.])
[2023-11-19 15:15:53,436][__main__][INFO] - epoch: 530
[2023-11-19 15:15:54,702][__main__][INFO] - alignment: tensor([3., 3., 1., 0., 0., 1., 1., 0., 0., 1., 1., 1., 1., 1., 0.])
[2023-11-19 15:15:54,703][__main__][INFO] - epoch: 540
[2023-11-19 15:15:55,929][__main__][INFO] - alignment: tensor([3., 3., 1., 0., 0., 1., 1., 0., 0., 1., 1., 1., 1., 1., 0.])
[2023-11-19 15:15:55,929][__main__][INFO] - epoch: 550
[2023-11-19 15:15:57,104][__main__][INFO] - alignment: tensor([3., 4., 1., 0., 0., 1., 1., 0., 0., 1., 1., 1., 1., 1., 0.])
[2023-11-19 15:15:57,104][__main__][INFO] - epoch: 560
[2023-11-19 15:15:58,259][__main__][INFO] - alignment: tensor([4., 3., 1., 0., 0., 1., 1., 0., 0., 1., 1., 1., 1., 1., 0.])
[2023-11-19 15:15:58,259][__main__][INFO] - epoch: 570
[2023-11-19 15:15:59,434][__main__][INFO] - alignment: tensor([4., 3., 1., 0., 0., 1., 1., 0., 0., 1., 1., 1., 1., 1., 0.])
[2023-11-19 15:15:59,434][__main__][INFO] - epoch: 580
[2023-11-19 15:16:00,773][__main__][INFO] - alignment: tensor([4., 4., 1., 0., 0., 1., 1., 0., 0., 1., 1., 1., 1., 1., 0.])
[2023-11-19 15:16:00,773][__main__][INFO] - epoch: 590
[2023-11-19 15:16:02,029][__main__][INFO] - alignment: tensor([4., 4., 1., 0., 0., 1., 1., 0., 0., 1., 1., 1., 1., 1., 0.])
[2023-11-19 15:16:02,030][__main__][INFO] - epoch: 600
[2023-11-19 15:16:03,223][__main__][INFO] - alignment: tensor([4., 4., 1., 0., 0., 1., 1., 0., 0., 1., 1., 1., 1., 1., 0.])
[2023-11-19 15:16:03,223][__main__][INFO] - epoch: 610
[2023-11-19 15:16:04,478][__main__][INFO] - alignment: tensor([4., 4., 1., 0., 0., 1., 1., 0., 0., 1., 1., 1., 1., 1., 0.])
[2023-11-19 15:16:04,478][__main__][INFO] - epoch: 620
[2023-11-19 15:16:05,729][__main__][INFO] - alignment: tensor([4., 4., 1., 0., 0., 1., 1., 0., 0., 1., 1., 1., 1., 1., 0.])
[2023-11-19 15:16:05,729][__main__][INFO] - epoch: 630
[2023-11-19 15:16:07,013][__main__][INFO] - alignment: tensor([4., 4., 1., 0., 0., 1., 1., 0., 0., 1., 1., 1., 1., 1., 0.])
[2023-11-19 15:16:07,013][__main__][INFO] - epoch: 640
[2023-11-19 15:16:08,196][__main__][INFO] - alignment: tensor([4., 4., 1., 0., 0., 1., 1., 0., 0., 1., 1., 1., 1., 1., 0.])
[2023-11-19 15:16:08,196][__main__][INFO] - feat_thresh: 0.3
[2023-11-19 15:16:08,196][__main__][INFO] - epoch: 0
[2023-11-19 15:16:09,428][__main__][INFO] - alignment: tensor([0., 0., 0., 0., 0., 0., 0., 0., 0., 0., 0., 0., 0., 0., 0.])
[2023-11-19 15:16:09,429][__main__][INFO] - epoch: 10
[2023-11-19 15:16:10,673][__main__][INFO] - alignment: tensor([0., 0., 0., 0., 0., 0., 0., 0., 0., 0., 0., 0., 0., 0., 0.])
[2023-11-19 15:16:10,674][__main__][INFO] - epoch: 20
[2023-11-19 15:16:11,914][__main__][INFO] - alignment: tensor([0., 0., 0., 0., 0., 0., 0., 0., 0., 0., 0., 0., 0., 0., 0.])
[2023-11-19 15:16:11,915][__main__][INFO] - epoch: 30
[2023-11-19 15:16:13,106][__main__][INFO] - alignment: tensor([0., 0., 0., 0., 0., 0., 0., 0., 0., 0., 0., 0., 0., 0., 0.])
[2023-11-19 15:16:13,106][__main__][INFO] - epoch: 40
[2023-11-19 15:16:14,306][__main__][INFO] - alignment: tensor([0., 0., 0., 0., 0., 0., 0., 0., 0., 0., 0., 0., 0., 0., 0.])
[2023-11-19 15:16:14,306][__main__][INFO] - epoch: 50
[2023-11-19 15:16:15,465][__main__][INFO] - alignment: tensor([0., 0., 0., 0., 0., 0., 0., 0., 0., 0., 0., 0., 0., 0., 0.])
[2023-11-19 15:16:15,465][__main__][INFO] - epoch: 60
[2023-11-19 15:16:16,667][__main__][INFO] - alignment: tensor([0., 0., 0., 0., 0., 0., 0., 0., 0., 0., 0., 0., 0., 0., 0.])
[2023-11-19 15:16:16,667][__main__][INFO] - epoch: 70
[2023-11-19 15:16:17,819][__main__][INFO] - alignment: tensor([0., 0., 0., 0., 0., 0., 0., 0., 0., 0., 0., 0., 0., 0., 0.])
[2023-11-19 15:16:17,819][__main__][INFO] - epoch: 80
[2023-11-19 15:16:18,991][__main__][INFO] - alignment: tensor([0., 0., 0., 0., 0., 0., 0., 0., 0., 0., 0., 0., 0., 0., 0.])
[2023-11-19 15:16:18,991][__main__][INFO] - epoch: 90
[2023-11-19 15:16:20,256][__main__][INFO] - alignment: tensor([0., 0., 0., 0., 0., 0., 0., 0., 0., 0., 0., 0., 0., 0., 0.])
[2023-11-19 15:16:20,256][__main__][INFO] - epoch: 100
[2023-11-19 15:16:21,538][__main__][INFO] - alignment: tensor([0., 0., 0., 0., 0., 0., 0., 0., 0., 0., 0., 0., 0., 0., 0.])
[2023-11-19 15:16:21,538][__main__][INFO] - epoch: 110
[2023-11-19 15:16:22,839][__main__][INFO] - alignment: tensor([0., 0., 0., 0., 0., 0., 0., 0., 0., 0., 0., 0., 0., 0., 0.])
[2023-11-19 15:16:22,839][__main__][INFO] - epoch: 120
[2023-11-19 15:16:24,162][__main__][INFO] - alignment: tensor([0., 0., 0., 0., 0., 0., 0., 0., 0., 0., 0., 0., 0., 0., 0.])
[2023-11-19 15:16:24,162][__main__][INFO] - epoch: 130
[2023-11-19 15:16:25,570][__main__][INFO] - alignment: tensor([0., 0., 0., 0., 0., 0., 0., 0., 0., 0., 0., 0., 0., 0., 0.])
[2023-11-19 15:16:25,571][__main__][INFO] - epoch: 140
[2023-11-19 15:16:26,788][__main__][INFO] - alignment: tensor([0., 0., 0., 0., 0., 0., 0., 0., 0., 0., 0., 0., 0., 0., 0.])
[2023-11-19 15:16:26,788][__main__][INFO] - epoch: 150
[2023-11-19 15:16:27,960][__main__][INFO] - alignment: tensor([0., 0., 0., 0., 0., 0., 0., 0., 0., 0., 0., 0., 0., 0., 0.])
[2023-11-19 15:16:27,960][__main__][INFO] - epoch: 160
[2023-11-19 15:16:29,135][__main__][INFO] - alignment: tensor([0., 0., 0., 0., 0., 0., 0., 0., 0., 0., 0., 0., 0., 0., 0.])
[2023-11-19 15:16:29,135][__main__][INFO] - epoch: 170
[2023-11-19 15:16:30,328][__main__][INFO] - alignment: tensor([0., 0., 0., 0., 0., 0., 0., 0., 0., 0., 0., 0., 0., 0., 0.])
[2023-11-19 15:16:30,328][__main__][INFO] - epoch: 180
[2023-11-19 15:16:31,495][__main__][INFO] - alignment: tensor([0., 0., 0., 0., 0., 0., 0., 0., 0., 0., 0., 0., 0., 0., 0.])
[2023-11-19 15:16:31,495][__main__][INFO] - epoch: 190
[2023-11-19 15:16:32,724][__main__][INFO] - alignment: tensor([0., 0., 0., 0., 0., 0., 0., 0., 0., 0., 0., 0., 0., 0., 0.])
[2023-11-19 15:16:32,724][__main__][INFO] - epoch: 200
[2023-11-19 15:16:34,141][__main__][INFO] - alignment: tensor([0., 0., 0., 0., 0., 0., 0., 0., 0., 0., 0., 0., 0., 0., 0.])
[2023-11-19 15:16:34,141][__main__][INFO] - epoch: 210
[2023-11-19 15:16:35,376][__main__][INFO] - alignment: tensor([0., 0., 0., 0., 0., 0., 0., 0., 0., 0., 0., 0., 0., 0., 0.])
[2023-11-19 15:16:35,377][__main__][INFO] - epoch: 220
[2023-11-19 15:16:36,541][__main__][INFO] - alignment: tensor([0., 0., 0., 0., 0., 0., 0., 0., 0., 0., 0., 0., 0., 0., 0.])
[2023-11-19 15:16:36,541][__main__][INFO] - epoch: 230
[2023-11-19 15:16:37,701][__main__][INFO] - alignment: tensor([0., 0., 0., 0., 0., 0., 0., 0., 0., 0., 0., 0., 0., 0., 0.])
[2023-11-19 15:16:37,701][__main__][INFO] - epoch: 240
[2023-11-19 15:16:38,916][__main__][INFO] - alignment: tensor([0., 0., 0., 0., 0., 0., 0., 0., 0., 0., 0., 0., 0., 0., 0.])
[2023-11-19 15:16:38,916][__main__][INFO] - epoch: 250
[2023-11-19 15:16:40,103][__main__][INFO] - alignment: tensor([1., 0., 0., 0., 0., 0., 0., 0., 0., 0., 0., 0., 0., 0., 0.])
[2023-11-19 15:16:40,104][__main__][INFO] - epoch: 260
[2023-11-19 15:16:41,333][__main__][INFO] - alignment: tensor([3., 0., 0., 0., 0., 0., 0., 0., 0., 0., 0., 0., 0., 0., 0.])
[2023-11-19 15:16:41,333][__main__][INFO] - epoch: 270
[2023-11-19 15:16:42,526][__main__][INFO] - alignment: tensor([3., 0., 0., 0., 0., 0., 0., 0., 0., 0., 0., 0., 0., 0., 0.])
[2023-11-19 15:16:42,526][__main__][INFO] - epoch: 280
[2023-11-19 15:16:43,745][__main__][INFO] - alignment: tensor([10.,  0.,  0.,  0.,  0.,  0.,  0.,  0.,  0.,  0.,  0.,  0.,  0.,  0.,
         0.])
[2023-11-19 15:16:43,745][__main__][INFO] - epoch: 290
[2023-11-19 15:16:44,905][__main__][INFO] - alignment: tensor([22.,  0.,  0.,  0.,  0.,  0.,  0.,  0.,  0.,  0.,  0.,  0.,  0.,  0.,
         0.])
[2023-11-19 15:16:44,905][__main__][INFO] - epoch: 300
[2023-11-19 15:16:46,102][__main__][INFO] - alignment: tensor([24.,  0.,  0.,  0.,  0.,  0.,  0.,  0.,  0.,  0.,  0.,  0.,  0.,  0.,
         0.])
[2023-11-19 15:16:46,102][__main__][INFO] - epoch: 310
[2023-11-19 15:16:47,291][__main__][INFO] - alignment: tensor([17.,  0.,  0.,  0.,  0.,  0.,  0.,  0.,  0.,  0.,  0.,  0.,  0.,  0.,
         0.])
[2023-11-19 15:16:47,292][__main__][INFO] - epoch: 320
[2023-11-19 15:16:48,590][__main__][INFO] - alignment: tensor([19.,  0.,  0.,  0.,  0.,  0.,  0.,  0.,  0.,  0.,  0.,  0.,  0.,  0.,
         0.])
[2023-11-19 15:16:48,590][__main__][INFO] - epoch: 330
[2023-11-19 15:16:49,861][__main__][INFO] - alignment: tensor([28.,  0.,  0.,  0.,  0.,  0.,  0.,  0.,  0.,  0.,  0.,  0.,  0.,  0.,
         0.])
[2023-11-19 15:16:49,861][__main__][INFO] - epoch: 340
[2023-11-19 15:16:51,095][__main__][INFO] - alignment: tensor([45.,  0.,  0.,  0.,  0.,  0.,  0.,  0.,  0.,  0.,  0.,  0.,  0.,  0.,
         0.])
[2023-11-19 15:16:51,095][__main__][INFO] - epoch: 350
[2023-11-19 15:16:52,327][__main__][INFO] - alignment: tensor([84.,  0.,  0.,  0.,  0.,  0.,  0.,  0.,  0.,  0.,  0.,  0.,  0.,  0.,
         0.])
[2023-11-19 15:16:52,327][__main__][INFO] - epoch: 360
[2023-11-19 15:16:53,536][__main__][INFO] - alignment: tensor([163.,   0.,   0.,   0.,   0.,   0.,   0.,   0.,   0.,   0.,   0.,   0.,
          0.,   0.,   0.])
[2023-11-19 15:16:53,536][__main__][INFO] - epoch: 370
[2023-11-19 15:16:54,756][__main__][INFO] - alignment: tensor([202.,   0.,   0.,   0.,   0.,   0.,   0.,   0.,   0.,   0.,   0.,   0.,
          0.,   0.,   0.])
[2023-11-19 15:16:54,756][__main__][INFO] - epoch: 380
[2023-11-19 15:16:55,864][__main__][INFO] - alignment: tensor([202.,   0.,   0.,   0.,   0.,   0.,   0.,   0.,   0.,   0.,   0.,   0.,
          0.,   0.,   0.])
[2023-11-19 15:16:55,864][__main__][INFO] - epoch: 390
[2023-11-19 15:16:57,135][__main__][INFO] - alignment: tensor([210.,   0.,   0.,   0.,   0.,   0.,   0.,   0.,   0.,   0.,   0.,   0.,
          0.,   0.,   0.])
[2023-11-19 15:16:57,135][__main__][INFO] - epoch: 400
[2023-11-19 15:16:58,270][__main__][INFO] - alignment: tensor([175.,   0.,   1.,   0.,   0.,   0.,   0.,   0.,   0.,   0.,   0.,   0.,
          0.,   0.,   0.])
[2023-11-19 15:16:58,270][__main__][INFO] - epoch: 410
[2023-11-19 15:16:59,448][__main__][INFO] - alignment: tensor([131.,   5.,   1.,   0.,   0.,   0.,   0.,   0.,   0.,   0.,   0.,   0.,
          0.,   0.,   0.])
[2023-11-19 15:16:59,448][__main__][INFO] - epoch: 420
[2023-11-19 15:17:00,608][__main__][INFO] - alignment: tensor([107.,   6.,   1.,   0.,   0.,   0.,   0.,   0.,   0.,   0.,   0.,   0.,
          0.,   0.,   0.])
[2023-11-19 15:17:00,609][__main__][INFO] - epoch: 430
[2023-11-19 15:17:01,951][__main__][INFO] - alignment: tensor([93.,  6.,  1.,  0.,  0.,  1.,  0.,  0.,  0.,  0.,  0.,  0.,  0.,  1.,
         0.])
[2023-11-19 15:17:01,951][__main__][INFO] - epoch: 440
[2023-11-19 15:17:03,071][__main__][INFO] - alignment: tensor([80.,  5.,  1.,  0.,  0.,  1.,  0.,  0.,  0.,  0.,  0.,  0.,  1.,  1.,
         0.])
[2023-11-19 15:17:03,072][__main__][INFO] - epoch: 450
[2023-11-19 15:17:04,193][__main__][INFO] - alignment: tensor([64.,  4.,  1.,  0.,  0.,  1.,  0.,  0.,  0.,  0.,  1.,  1.,  1.,  1.,
         0.])
[2023-11-19 15:17:04,194][__main__][INFO] - epoch: 460
[2023-11-19 15:17:05,279][__main__][INFO] - alignment: tensor([51.,  5.,  1.,  0.,  0.,  1.,  2.,  0.,  0.,  0.,  1.,  1.,  1.,  1.,
         0.])
[2023-11-19 15:17:05,279][__main__][INFO] - epoch: 470
[2023-11-19 15:17:06,377][__main__][INFO] - alignment: tensor([39.,  5.,  2.,  0.,  1.,  1.,  2.,  0.,  0.,  1.,  1.,  1.,  1.,  1.,
         0.])
[2023-11-19 15:17:06,377][__main__][INFO] - epoch: 480
[2023-11-19 15:17:07,479][__main__][INFO] - alignment: tensor([32.,  5.,  2.,  0.,  1.,  1.,  2.,  0.,  0.,  1.,  1.,  1.,  1.,  1.,
         0.])
[2023-11-19 15:17:07,479][__main__][INFO] - epoch: 490
[2023-11-19 15:17:08,557][__main__][INFO] - alignment: tensor([24.,  4.,  2.,  0.,  1.,  1.,  2.,  0.,  0.,  1.,  1.,  1.,  1.,  1.,
         0.])
[2023-11-19 15:17:08,557][__main__][INFO] - epoch: 500
[2023-11-19 15:17:09,633][__main__][INFO] - alignment: tensor([21.,  4.,  2.,  0.,  1.,  1.,  2.,  0.,  0.,  1.,  1.,  1.,  1.,  1.,
         0.])
[2023-11-19 15:17:09,634][__main__][INFO] - epoch: 510
[2023-11-19 15:17:10,762][__main__][INFO] - alignment: tensor([19.,  4.,  2.,  0.,  1.,  1.,  1.,  0.,  0.,  1.,  1.,  1.,  1.,  1.,
         0.])
[2023-11-19 15:17:10,762][__main__][INFO] - epoch: 520
[2023-11-19 15:17:11,855][__main__][INFO] - alignment: tensor([17.,  4.,  1.,  0.,  1.,  1.,  1.,  0.,  0.,  1.,  1.,  1.,  1.,  1.,
         0.])
[2023-11-19 15:17:11,855][__main__][INFO] - epoch: 530
[2023-11-19 15:17:12,967][__main__][INFO] - alignment: tensor([15.,  4.,  1.,  0.,  1.,  1.,  1.,  0.,  0.,  1.,  1.,  1.,  1.,  1.,
         0.])
[2023-11-19 15:17:12,967][__main__][INFO] - epoch: 540
[2023-11-19 15:17:14,185][__main__][INFO] - alignment: tensor([12.,  4.,  1.,  0.,  1.,  1.,  1.,  0.,  0.,  1.,  1.,  1.,  1.,  1.,
         0.])
[2023-11-19 15:17:14,186][__main__][INFO] - epoch: 550
[2023-11-19 15:17:15,298][__main__][INFO] - alignment: tensor([10.,  4.,  1.,  0.,  1.,  1.,  1.,  0.,  0.,  1.,  1.,  1.,  1.,  1.,
         0.])
[2023-11-19 15:17:15,298][__main__][INFO] - epoch: 560
[2023-11-19 15:17:16,433][__main__][INFO] - alignment: tensor([7., 4., 1., 0., 1., 1., 1., 0., 0., 1., 1., 1., 1., 1., 0.])
[2023-11-19 15:17:16,434][__main__][INFO] - epoch: 570
[2023-11-19 15:17:17,652][__main__][INFO] - alignment: tensor([6., 4., 1., 0., 1., 1., 1., 0., 0., 1., 1., 1., 1., 1., 0.])
[2023-11-19 15:17:17,652][__main__][INFO] - epoch: 580
[2023-11-19 15:17:18,833][__main__][INFO] - alignment: tensor([6., 4., 1., 0., 0., 1., 1., 0., 0., 1., 1., 1., 1., 1., 0.])
[2023-11-19 15:17:18,833][__main__][INFO] - epoch: 590
[2023-11-19 15:17:19,999][__main__][INFO] - alignment: tensor([6., 4., 1., 0., 1., 1., 1., 0., 0., 1., 1., 1., 1., 1., 0.])
[2023-11-19 15:17:19,999][__main__][INFO] - epoch: 600
[2023-11-19 15:17:21,236][__main__][INFO] - alignment: tensor([7., 4., 1., 0., 0., 1., 1., 0., 0., 1., 1., 1., 1., 1., 0.])
[2023-11-19 15:17:21,236][__main__][INFO] - epoch: 610
[2023-11-19 15:17:22,386][__main__][INFO] - alignment: tensor([6., 4., 1., 0., 0., 1., 1., 0., 0., 1., 1., 1., 1., 1., 0.])
[2023-11-19 15:17:22,386][__main__][INFO] - epoch: 620
[2023-11-19 15:17:23,797][__main__][INFO] - alignment: tensor([6., 4., 1., 0., 1., 1., 1., 0., 0., 1., 1., 1., 1., 1., 0.])
[2023-11-19 15:17:23,797][__main__][INFO] - epoch: 630
[2023-11-19 15:17:25,513][__main__][INFO] - alignment: tensor([6., 4., 1., 0., 1., 1., 1., 0., 0., 2., 1., 1., 1., 1., 0.])
[2023-11-19 15:17:25,513][__main__][INFO] - epoch: 640
[2023-11-19 15:17:27,489][__main__][INFO] - alignment: tensor([6., 4., 1., 0., 1., 1., 1., 0., 0., 2., 1., 1., 1., 1., 0.])
[2023-11-19 15:17:27,595][__main__][INFO] - Training losses plot: train_losses.png
[2023-11-19 15:17:27,711][__main__][INFO] - Accuracies plot: accuracies.png
