[2023-11-18 17:31:56,829][hydra.utils][INFO] - Logging from main
[2023-11-18 17:52:41,318][__main__][INFO] - Model weights saved at: model.pt
[2023-11-18 17:52:41,328][__main__][INFO] - Training accuracy: 0.9995185185185185
[2023-11-18 17:52:41,328][__main__][INFO] - Testing accuracy: 0.9193333333333333
[2023-11-18 17:52:41,328][__main__][INFO] - feat_thresh: 0.1
[2023-11-18 17:52:41,328][__main__][INFO] - epoch: 0
[2023-11-18 17:52:41,911][__main__][INFO] - alignment: tensor([0., 0., 0., 0., 0., 0., 0., 0., 0., 0., 0., 0., 0., 0., 0.])
[2023-11-18 17:52:41,911][__main__][INFO] - epoch: 10
[2023-11-18 17:52:42,421][__main__][INFO] - alignment: tensor([0., 0., 0., 0., 0., 0., 0., 0., 0., 0., 0., 0., 0., 0., 0.])
[2023-11-18 17:52:42,421][__main__][INFO] - epoch: 20
[2023-11-18 17:52:42,924][__main__][INFO] - alignment: tensor([0., 0., 0., 0., 0., 0., 0., 0., 0., 0., 0., 0., 0., 0., 0.])
[2023-11-18 17:52:42,924][__main__][INFO] - epoch: 30
[2023-11-18 17:52:43,458][__main__][INFO] - alignment: tensor([0., 0., 0., 0., 0., 0., 0., 0., 0., 0., 0., 0., 0., 0., 0.])
[2023-11-18 17:52:43,458][__main__][INFO] - epoch: 40
[2023-11-18 17:52:43,964][__main__][INFO] - alignment: tensor([0., 0., 0., 0., 0., 0., 0., 0., 0., 0., 0., 0., 0., 0., 0.])
[2023-11-18 17:52:43,964][__main__][INFO] - epoch: 50
[2023-11-18 17:52:44,592][__main__][INFO] - alignment: tensor([0., 0., 0., 0., 0., 0., 0., 0., 0., 0., 0., 0., 0., 0., 0.])
[2023-11-18 17:52:44,592][__main__][INFO] - epoch: 60
[2023-11-18 17:52:45,216][__main__][INFO] - alignment: tensor([0., 0., 0., 0., 0., 0., 0., 0., 0., 0., 0., 0., 0., 0., 0.])
[2023-11-18 17:52:45,216][__main__][INFO] - epoch: 70
[2023-11-18 17:52:45,743][__main__][INFO] - alignment: tensor([0., 0., 0., 0., 0., 0., 0., 0., 0., 0., 0., 0., 0., 0., 0.])
[2023-11-18 17:52:45,743][__main__][INFO] - epoch: 80
[2023-11-18 17:52:46,230][__main__][INFO] - alignment: tensor([0., 0., 0., 0., 0., 0., 0., 0., 0., 0., 0., 0., 0., 0., 0.])
[2023-11-18 17:52:46,231][__main__][INFO] - epoch: 90
[2023-11-18 17:52:46,740][__main__][INFO] - alignment: tensor([0., 0., 0., 0., 0., 0., 0., 0., 0., 0., 0., 0., 0., 0., 0.])
[2023-11-18 17:52:46,741][__main__][INFO] - epoch: 100
[2023-11-18 17:52:47,239][__main__][INFO] - alignment: tensor([0., 0., 0., 0., 0., 0., 0., 0., 0., 0., 0., 0., 0., 0., 0.])
[2023-11-18 17:52:47,240][__main__][INFO] - epoch: 110
[2023-11-18 17:52:47,755][__main__][INFO] - alignment: tensor([0., 0., 0., 0., 0., 0., 0., 0., 0., 0., 0., 0., 0., 0., 0.])
[2023-11-18 17:52:47,755][__main__][INFO] - epoch: 120
[2023-11-18 17:52:48,304][__main__][INFO] - alignment: tensor([0., 0., 0., 0., 0., 0., 0., 0., 0., 0., 0., 0., 0., 0., 0.])
[2023-11-18 17:52:48,304][__main__][INFO] - epoch: 130
[2023-11-18 17:52:48,898][__main__][INFO] - alignment: tensor([0., 0., 0., 0., 0., 0., 0., 0., 0., 0., 0., 0., 0., 0., 0.])
[2023-11-18 17:52:48,898][__main__][INFO] - epoch: 140
[2023-11-18 17:52:49,411][__main__][INFO] - alignment: tensor([0., 0., 0., 0., 0., 0., 0., 0., 0., 0., 0., 0., 0., 0., 0.])
[2023-11-18 17:52:49,411][__main__][INFO] - epoch: 150
[2023-11-18 17:52:49,927][__main__][INFO] - alignment: tensor([0., 0., 0., 0., 0., 0., 0., 0., 0., 0., 0., 0., 0., 0., 0.])
[2023-11-18 17:52:49,927][__main__][INFO] - epoch: 160
[2023-11-18 17:52:50,475][__main__][INFO] - alignment: tensor([0., 0., 0., 0., 0., 0., 0., 0., 0., 0., 0., 0., 0., 0., 0.])
[2023-11-18 17:52:50,475][__main__][INFO] - epoch: 170
[2023-11-18 17:52:51,017][__main__][INFO] - alignment: tensor([0., 0., 0., 0., 0., 0., 0., 0., 0., 0., 0., 0., 0., 0., 0.])
[2023-11-18 17:52:51,017][__main__][INFO] - epoch: 180
[2023-11-18 17:52:51,519][__main__][INFO] - alignment: tensor([0., 0., 0., 0., 0., 0., 0., 0., 0., 0., 0., 0., 0., 0., 0.])
[2023-11-18 17:52:51,519][__main__][INFO] - epoch: 190
[2023-11-18 17:52:52,016][__main__][INFO] - alignment: tensor([1., 0., 0., 0., 0., 0., 0., 0., 0., 0., 0., 0., 0., 0., 0.])
[2023-11-18 17:52:52,017][__main__][INFO] - epoch: 200
[2023-11-18 17:52:52,587][__main__][INFO] - alignment: tensor([1., 0., 0., 0., 0., 0., 0., 0., 0., 0., 0., 0., 0., 0., 0.])
[2023-11-18 17:52:52,587][__main__][INFO] - epoch: 210
[2023-11-18 17:52:53,154][__main__][INFO] - alignment: tensor([1., 0., 0., 0., 0., 0., 0., 0., 0., 0., 0., 0., 0., 0., 0.])
[2023-11-18 17:52:53,154][__main__][INFO] - epoch: 220
[2023-11-18 17:52:53,747][__main__][INFO] - alignment: tensor([1., 0., 0., 0., 0., 0., 0., 0., 0., 0., 0., 1., 0., 0., 0.])
[2023-11-18 17:52:53,747][__main__][INFO] - epoch: 230
[2023-11-18 17:52:54,258][__main__][INFO] - alignment: tensor([1., 0., 1., 0., 0., 0., 0., 0., 0., 0., 0., 1., 0., 0., 0.])
[2023-11-18 17:52:54,259][__main__][INFO] - epoch: 240
[2023-11-18 17:52:54,785][__main__][INFO] - alignment: tensor([1., 0., 1., 0., 0., 0., 0., 0., 0., 0., 0., 1., 0., 0., 0.])
[2023-11-18 17:52:54,785][__main__][INFO] - epoch: 250
[2023-11-18 17:52:55,275][__main__][INFO] - alignment: tensor([1., 0., 1., 0., 0., 0., 0., 0., 0., 0., 0., 1., 1., 0., 0.])
[2023-11-18 17:52:55,275][__main__][INFO] - epoch: 260
[2023-11-18 17:52:55,841][__main__][INFO] - alignment: tensor([2., 1., 2., 0., 0., 0., 0., 0., 0., 0., 0., 1., 1., 0., 0.])
[2023-11-18 17:52:55,841][__main__][INFO] - epoch: 270
[2023-11-18 17:52:56,391][__main__][INFO] - alignment: tensor([2., 1., 1., 0., 0., 0., 0., 0., 0., 0., 0., 1., 1., 0., 0.])
[2023-11-18 17:52:56,391][__main__][INFO] - epoch: 280
[2023-11-18 17:52:56,918][__main__][INFO] - alignment: tensor([5., 1., 1., 0., 0., 1., 0., 0., 0., 0., 0., 1., 1., 0., 0.])
[2023-11-18 17:52:56,918][__main__][INFO] - epoch: 290
[2023-11-18 17:52:57,463][__main__][INFO] - alignment: tensor([6., 1., 1., 0., 0., 1., 0., 0., 0., 0., 0., 1., 1., 0., 0.])
[2023-11-18 17:52:57,463][__main__][INFO] - epoch: 300
[2023-11-18 17:52:57,981][__main__][INFO] - alignment: tensor([6., 1., 1., 0., 0., 1., 0., 0., 0., 0., 0., 1., 1., 0., 0.])
[2023-11-18 17:52:57,982][__main__][INFO] - epoch: 310
[2023-11-18 17:52:58,483][__main__][INFO] - alignment: tensor([5., 1., 1., 0., 0., 1., 0., 0., 0., 1., 0., 1., 1., 0., 0.])
[2023-11-18 17:52:58,483][__main__][INFO] - epoch: 320
[2023-11-18 17:52:58,969][__main__][INFO] - alignment: tensor([5., 1., 1., 0., 0., 1., 0., 0., 0., 1., 0., 1., 1., 0., 0.])
[2023-11-18 17:52:58,969][__main__][INFO] - epoch: 330
[2023-11-18 17:52:59,581][__main__][INFO] - alignment: tensor([4., 1., 0., 0., 0., 1., 0., 0., 0., 1., 0., 1., 1., 0., 0.])
[2023-11-18 17:52:59,581][__main__][INFO] - epoch: 340
[2023-11-18 17:53:00,075][__main__][INFO] - alignment: tensor([4., 1., 1., 0., 0., 1., 0., 0., 0., 1., 0., 1., 1., 0., 1.])
[2023-11-18 17:53:00,075][__main__][INFO] - epoch: 350
[2023-11-18 17:53:00,650][__main__][INFO] - alignment: tensor([4., 1., 1., 0., 0., 1., 0., 0., 0., 1., 0., 1., 1., 0., 1.])
[2023-11-18 17:53:00,650][__main__][INFO] - epoch: 360
[2023-11-18 17:53:01,177][__main__][INFO] - alignment: tensor([4., 1., 1., 0., 0., 1., 0., 0., 0., 1., 0., 1., 1., 0., 1.])
[2023-11-18 17:53:01,178][__main__][INFO] - epoch: 370
[2023-11-18 17:53:01,666][__main__][INFO] - alignment: tensor([4., 1., 1., 0., 0., 1., 0., 0., 0., 1., 0., 1., 1., 0., 1.])
[2023-11-18 17:53:01,666][__main__][INFO] - epoch: 380
[2023-11-18 17:53:02,215][__main__][INFO] - alignment: tensor([4., 1., 1., 0., 0., 1., 0., 0., 0., 1., 0., 1., 1., 0., 1.])
[2023-11-18 17:53:02,215][__main__][INFO] - feat_thresh: 0.2
[2023-11-18 17:53:02,216][__main__][INFO] - epoch: 0
[2023-11-18 17:53:02,713][__main__][INFO] - alignment: tensor([0., 0., 0., 0., 0., 0., 0., 0., 0., 0., 0., 0., 0., 0., 0.])
[2023-11-18 17:53:02,713][__main__][INFO] - epoch: 10
[2023-11-18 17:53:03,209][__main__][INFO] - alignment: tensor([0., 0., 0., 0., 0., 0., 0., 0., 0., 0., 0., 0., 0., 0., 0.])
[2023-11-18 17:53:03,210][__main__][INFO] - epoch: 20
[2023-11-18 17:53:03,735][__main__][INFO] - alignment: tensor([0., 0., 0., 0., 0., 0., 0., 0., 0., 0., 0., 0., 0., 0., 0.])
[2023-11-18 17:53:03,736][__main__][INFO] - epoch: 30
[2023-11-18 17:53:04,250][__main__][INFO] - alignment: tensor([0., 0., 0., 0., 0., 0., 0., 0., 0., 0., 0., 0., 0., 0., 0.])
[2023-11-18 17:53:04,250][__main__][INFO] - epoch: 40
[2023-11-18 17:53:04,800][__main__][INFO] - alignment: tensor([0., 0., 0., 0., 0., 0., 0., 0., 0., 0., 0., 0., 0., 0., 0.])
[2023-11-18 17:53:04,800][__main__][INFO] - epoch: 50
[2023-11-18 17:53:05,297][__main__][INFO] - alignment: tensor([0., 0., 0., 0., 0., 0., 0., 0., 0., 0., 0., 0., 0., 0., 0.])
[2023-11-18 17:53:05,297][__main__][INFO] - epoch: 60
[2023-11-18 17:53:05,792][__main__][INFO] - alignment: tensor([0., 0., 0., 0., 0., 0., 0., 0., 0., 0., 0., 0., 0., 0., 0.])
[2023-11-18 17:53:05,792][__main__][INFO] - epoch: 70
[2023-11-18 17:53:06,283][__main__][INFO] - alignment: tensor([0., 0., 0., 0., 0., 0., 0., 0., 0., 0., 0., 0., 0., 0., 0.])
[2023-11-18 17:53:06,283][__main__][INFO] - epoch: 80
[2023-11-18 17:53:06,767][__main__][INFO] - alignment: tensor([0., 0., 0., 0., 0., 0., 0., 0., 0., 0., 0., 0., 0., 0., 0.])
[2023-11-18 17:53:06,767][__main__][INFO] - epoch: 90
[2023-11-18 17:53:07,284][__main__][INFO] - alignment: tensor([0., 0., 0., 0., 0., 0., 0., 0., 0., 0., 0., 0., 0., 0., 0.])
[2023-11-18 17:53:07,285][__main__][INFO] - epoch: 100
[2023-11-18 17:53:07,774][__main__][INFO] - alignment: tensor([0., 0., 0., 0., 0., 0., 0., 0., 0., 0., 0., 0., 0., 0., 0.])
[2023-11-18 17:53:07,774][__main__][INFO] - epoch: 110
[2023-11-18 17:53:08,273][__main__][INFO] - alignment: tensor([0., 0., 0., 0., 0., 0., 0., 0., 0., 0., 0., 0., 0., 0., 0.])
[2023-11-18 17:53:08,273][__main__][INFO] - epoch: 120
[2023-11-18 17:53:08,772][__main__][INFO] - alignment: tensor([0., 0., 0., 0., 0., 0., 0., 0., 0., 0., 0., 0., 0., 0., 0.])
[2023-11-18 17:53:08,772][__main__][INFO] - epoch: 130
[2023-11-18 17:53:09,273][__main__][INFO] - alignment: tensor([0., 0., 0., 0., 0., 0., 0., 0., 0., 0., 0., 0., 0., 0., 0.])
[2023-11-18 17:53:09,273][__main__][INFO] - epoch: 140
[2023-11-18 17:53:09,771][__main__][INFO] - alignment: tensor([0., 0., 0., 0., 0., 0., 0., 0., 0., 0., 0., 0., 0., 0., 0.])
[2023-11-18 17:53:09,771][__main__][INFO] - epoch: 150
[2023-11-18 17:53:10,288][__main__][INFO] - alignment: tensor([0., 0., 0., 0., 0., 0., 0., 0., 0., 0., 0., 0., 0., 0., 0.])
[2023-11-18 17:53:10,288][__main__][INFO] - epoch: 160
[2023-11-18 17:53:10,802][__main__][INFO] - alignment: tensor([0., 0., 0., 0., 0., 0., 0., 0., 0., 0., 0., 0., 0., 0., 0.])
[2023-11-18 17:53:10,803][__main__][INFO] - epoch: 170
[2023-11-18 17:53:11,318][__main__][INFO] - alignment: tensor([0., 0., 0., 0., 0., 0., 0., 0., 0., 0., 0., 0., 0., 0., 0.])
[2023-11-18 17:53:11,318][__main__][INFO] - epoch: 180
[2023-11-18 17:53:11,815][__main__][INFO] - alignment: tensor([1., 0., 0., 0., 0., 0., 0., 0., 0., 0., 0., 0., 0., 0., 0.])
[2023-11-18 17:53:11,815][__main__][INFO] - epoch: 190
[2023-11-18 17:53:12,314][__main__][INFO] - alignment: tensor([3., 0., 0., 0., 0., 0., 0., 0., 0., 0., 0., 0., 0., 0., 0.])
[2023-11-18 17:53:12,315][__main__][INFO] - epoch: 200
[2023-11-18 17:53:12,812][__main__][INFO] - alignment: tensor([2., 0., 0., 0., 0., 0., 0., 0., 0., 0., 0., 0., 0., 0., 0.])
[2023-11-18 17:53:12,813][__main__][INFO] - epoch: 210
[2023-11-18 17:53:13,342][__main__][INFO] - alignment: tensor([1., 0., 0., 0., 0., 0., 0., 0., 0., 0., 0., 1., 0., 0., 0.])
[2023-11-18 17:53:13,342][__main__][INFO] - epoch: 220
[2023-11-18 17:53:13,841][__main__][INFO] - alignment: tensor([2., 0., 4., 0., 0., 0., 0., 0., 0., 0., 0., 1., 0., 0., 0.])
[2023-11-18 17:53:13,841][__main__][INFO] - epoch: 230
[2023-11-18 17:53:14,402][__main__][INFO] - alignment: tensor([1., 0., 4., 0., 0., 0., 0., 0., 0., 0., 0., 1., 1., 0., 0.])
[2023-11-18 17:53:14,402][__main__][INFO] - epoch: 240
[2023-11-18 17:53:14,938][__main__][INFO] - alignment: tensor([4., 1., 4., 0., 0., 0., 0., 0., 0., 0., 0., 1., 1., 0., 0.])
[2023-11-18 17:53:14,938][__main__][INFO] - epoch: 250
[2023-11-18 17:53:15,529][__main__][INFO] - alignment: tensor([5., 1., 4., 0., 0., 0., 0., 0., 0., 0., 0., 1., 1., 0., 0.])
[2023-11-18 17:53:15,529][__main__][INFO] - epoch: 260
[2023-11-18 17:53:16,021][__main__][INFO] - alignment: tensor([7., 1., 3., 0., 0., 2., 0., 0., 0., 0., 0., 1., 1., 0., 0.])
[2023-11-18 17:53:16,021][__main__][INFO] - epoch: 270
[2023-11-18 17:53:16,522][__main__][INFO] - alignment: tensor([7., 1., 3., 0., 0., 2., 0., 0., 0., 1., 0., 1., 1., 0., 0.])
[2023-11-18 17:53:16,522][__main__][INFO] - epoch: 280
[2023-11-18 17:53:17,027][__main__][INFO] - alignment: tensor([9., 1., 3., 0., 0., 2., 0., 0., 0., 1., 0., 1., 1., 0., 0.])
[2023-11-18 17:53:17,028][__main__][INFO] - epoch: 290
[2023-11-18 17:53:17,523][__main__][INFO] - alignment: tensor([9., 1., 2., 0., 0., 2., 0., 0., 0., 1., 0., 1., 1., 0., 1.])
[2023-11-18 17:53:17,523][__main__][INFO] - epoch: 300
[2023-11-18 17:53:18,024][__main__][INFO] - alignment: tensor([8., 1., 2., 0., 0., 2., 0., 0., 0., 1., 0., 1., 1., 0., 1.])
[2023-11-18 17:53:18,024][__main__][INFO] - epoch: 310
[2023-11-18 17:53:18,527][__main__][INFO] - alignment: tensor([7., 1., 2., 0., 0., 2., 0., 1., 0., 1., 0., 1., 1., 1., 1.])
[2023-11-18 17:53:18,527][__main__][INFO] - epoch: 320
[2023-11-18 17:53:19,109][__main__][INFO] - alignment: tensor([7., 1., 2., 0., 0., 2., 0., 1., 0., 1., 0., 1., 1., 1., 1.])
[2023-11-18 17:53:19,109][__main__][INFO] - epoch: 330
[2023-11-18 17:53:19,647][__main__][INFO] - alignment: tensor([6., 1., 2., 0., 0., 2., 0., 1., 0., 1., 0., 1., 1., 1., 1.])
[2023-11-18 17:53:19,647][__main__][INFO] - epoch: 340
[2023-11-18 17:53:20,244][__main__][INFO] - alignment: tensor([6., 1., 2., 0., 0., 2., 0., 1., 0., 1., 0., 1., 1., 1., 1.])
[2023-11-18 17:53:20,245][__main__][INFO] - epoch: 350
[2023-11-18 17:53:20,747][__main__][INFO] - alignment: tensor([6., 1., 2., 0., 0., 2., 0., 1., 0., 1., 0., 1., 1., 1., 1.])
[2023-11-18 17:53:20,747][__main__][INFO] - epoch: 360
[2023-11-18 17:53:21,242][__main__][INFO] - alignment: tensor([6., 1., 2., 0., 0., 2., 0., 1., 0., 1., 0., 1., 1., 1., 1.])
[2023-11-18 17:53:21,243][__main__][INFO] - epoch: 370
[2023-11-18 17:53:21,759][__main__][INFO] - alignment: tensor([6., 1., 2., 0., 0., 2., 0., 1., 0., 1., 0., 1., 1., 1., 1.])
[2023-11-18 17:53:21,760][__main__][INFO] - epoch: 380
[2023-11-18 17:53:22,275][__main__][INFO] - alignment: tensor([6., 1., 2., 0., 0., 2., 0., 1., 0., 1., 0., 1., 1., 1., 1.])
[2023-11-18 17:53:22,275][__main__][INFO] - feat_thresh: 0.3
[2023-11-18 17:53:22,275][__main__][INFO] - epoch: 0
[2023-11-18 17:53:22,801][__main__][INFO] - alignment: tensor([0., 0., 0., 0., 0., 0., 0., 0., 0., 0., 0., 0., 0., 0., 0.])
[2023-11-18 17:53:22,802][__main__][INFO] - epoch: 10
[2023-11-18 17:53:23,354][__main__][INFO] - alignment: tensor([0., 0., 0., 0., 0., 0., 0., 0., 0., 0., 0., 0., 0., 0., 0.])
[2023-11-18 17:53:23,354][__main__][INFO] - epoch: 20
[2023-11-18 17:53:23,904][__main__][INFO] - alignment: tensor([0., 0., 0., 0., 0., 0., 0., 0., 0., 0., 0., 0., 0., 0., 0.])
[2023-11-18 17:53:23,904][__main__][INFO] - epoch: 30
[2023-11-18 17:53:24,492][__main__][INFO] - alignment: tensor([0., 0., 0., 0., 0., 0., 0., 0., 0., 0., 0., 0., 0., 0., 0.])
[2023-11-18 17:53:24,492][__main__][INFO] - epoch: 40
[2023-11-18 17:53:24,993][__main__][INFO] - alignment: tensor([0., 0., 0., 0., 0., 0., 0., 0., 0., 0., 0., 0., 0., 0., 0.])
[2023-11-18 17:53:24,993][__main__][INFO] - epoch: 50
[2023-11-18 17:53:25,517][__main__][INFO] - alignment: tensor([0., 0., 0., 0., 0., 0., 0., 0., 0., 0., 0., 0., 0., 0., 0.])
[2023-11-18 17:53:25,517][__main__][INFO] - epoch: 60
[2023-11-18 17:53:26,020][__main__][INFO] - alignment: tensor([0., 0., 0., 0., 0., 0., 0., 0., 0., 0., 0., 0., 0., 0., 0.])
[2023-11-18 17:53:26,020][__main__][INFO] - epoch: 70
[2023-11-18 17:53:26,636][__main__][INFO] - alignment: tensor([0., 0., 0., 0., 0., 0., 0., 0., 0., 0., 0., 0., 0., 0., 0.])
[2023-11-18 17:53:26,637][__main__][INFO] - epoch: 80
[2023-11-18 17:53:27,160][__main__][INFO] - alignment: tensor([0., 0., 0., 0., 0., 0., 0., 0., 0., 0., 0., 0., 0., 0., 0.])
[2023-11-18 17:53:27,160][__main__][INFO] - epoch: 90
[2023-11-18 17:53:27,667][__main__][INFO] - alignment: tensor([0., 0., 0., 0., 0., 0., 0., 0., 0., 0., 0., 0., 0., 0., 0.])
[2023-11-18 17:53:27,667][__main__][INFO] - epoch: 100
[2023-11-18 17:53:28,181][__main__][INFO] - alignment: tensor([0., 0., 0., 0., 0., 0., 0., 0., 0., 0., 0., 0., 0., 0., 0.])
[2023-11-18 17:53:28,181][__main__][INFO] - epoch: 110
[2023-11-18 17:53:28,707][__main__][INFO] - alignment: tensor([0., 0., 0., 0., 0., 0., 0., 0., 0., 0., 0., 0., 0., 0., 0.])
[2023-11-18 17:53:28,707][__main__][INFO] - epoch: 120
[2023-11-18 17:53:29,275][__main__][INFO] - alignment: tensor([0., 0., 0., 0., 0., 0., 0., 0., 0., 0., 0., 0., 0., 0., 0.])
[2023-11-18 17:53:29,276][__main__][INFO] - epoch: 130
[2023-11-18 17:53:29,805][__main__][INFO] - alignment: tensor([0., 0., 0., 0., 0., 0., 0., 0., 0., 0., 0., 0., 0., 0., 0.])
[2023-11-18 17:53:29,805][__main__][INFO] - epoch: 140
[2023-11-18 17:53:30,380][__main__][INFO] - alignment: tensor([0., 0., 0., 0., 0., 0., 0., 0., 0., 0., 0., 0., 0., 0., 0.])
[2023-11-18 17:53:30,381][__main__][INFO] - epoch: 150
[2023-11-18 17:53:30,922][__main__][INFO] - alignment: tensor([0., 0., 0., 0., 0., 0., 0., 0., 0., 0., 0., 0., 0., 0., 0.])
[2023-11-18 17:53:30,923][__main__][INFO] - epoch: 160
[2023-11-18 17:53:31,441][__main__][INFO] - alignment: tensor([4., 0., 0., 0., 0., 0., 0., 0., 0., 0., 0., 0., 0., 0., 0.])
[2023-11-18 17:53:31,441][__main__][INFO] - epoch: 170
[2023-11-18 17:53:31,952][__main__][INFO] - alignment: tensor([4., 0., 1., 0., 0., 0., 0., 0., 0., 0., 0., 0., 0., 0., 0.])
[2023-11-18 17:53:31,953][__main__][INFO] - epoch: 180
[2023-11-18 17:53:32,455][__main__][INFO] - alignment: tensor([8., 0., 0., 0., 0., 0., 0., 0., 0., 0., 0., 0., 0., 0., 0.])
[2023-11-18 17:53:32,455][__main__][INFO] - epoch: 190
[2023-11-18 17:53:32,949][__main__][INFO] - alignment: tensor([11.,  0.,  1.,  0.,  0.,  0.,  0.,  0.,  0.,  0.,  0.,  0.,  0.,  0.,
         0.])
[2023-11-18 17:53:32,949][__main__][INFO] - epoch: 200
[2023-11-18 17:53:33,490][__main__][INFO] - alignment: tensor([12.,  0.,  1.,  0.,  0.,  0.,  0.,  0.,  0.,  0.,  0.,  0.,  0.,  0.,
         0.])
[2023-11-18 17:53:33,490][__main__][INFO] - epoch: 210
[2023-11-18 17:53:34,059][__main__][INFO] - alignment: tensor([9., 0., 2., 0., 0., 0., 0., 0., 0., 0., 0., 1., 0., 0., 0.])
[2023-11-18 17:53:34,060][__main__][INFO] - epoch: 220
[2023-11-18 17:53:34,595][__main__][INFO] - alignment: tensor([7., 0., 9., 0., 0., 0., 0., 0., 0., 0., 0., 1., 1., 0., 0.])
[2023-11-18 17:53:34,595][__main__][INFO] - epoch: 230
[2023-11-18 17:53:35,265][__main__][INFO] - alignment: tensor([ 8.,  1., 11.,  0.,  0.,  0.,  0.,  0.,  0.,  0.,  0.,  1.,  1.,  0.,
         0.])
[2023-11-18 17:53:35,265][__main__][INFO] - epoch: 240
[2023-11-18 17:53:35,790][__main__][INFO] - alignment: tensor([9., 2., 9., 0., 0., 1., 0., 0., 0., 0., 0., 1., 1., 0., 0.])
[2023-11-18 17:53:35,791][__main__][INFO] - epoch: 250
[2023-11-18 17:53:36,293][__main__][INFO] - alignment: tensor([10.,  2.,  9.,  0.,  0.,  2.,  0.,  0.,  0.,  0.,  0.,  1.,  1.,  0.,
         0.])
[2023-11-18 17:53:36,294][__main__][INFO] - epoch: 260
[2023-11-18 17:53:36,869][__main__][INFO] - alignment: tensor([11.,  2.,  7.,  0.,  0.,  2.,  0.,  0.,  0.,  1.,  0.,  1.,  1.,  0.,
         0.])
[2023-11-18 17:53:36,869][__main__][INFO] - epoch: 270
[2023-11-18 17:53:37,384][__main__][INFO] - alignment: tensor([13.,  2.,  6.,  0.,  0.,  2.,  0.,  0.,  0.,  1.,  0.,  1.,  1.,  0.,
         0.])
[2023-11-18 17:53:37,384][__main__][INFO] - epoch: 280
[2023-11-18 17:53:37,892][__main__][INFO] - alignment: tensor([13.,  2.,  6.,  0.,  0.,  2.,  0.,  1.,  0.,  1.,  0.,  1.,  1.,  0.,
         0.])
[2023-11-18 17:53:37,892][__main__][INFO] - epoch: 290
[2023-11-18 17:53:38,393][__main__][INFO] - alignment: tensor([12.,  2.,  7.,  0.,  0.,  2.,  1.,  1.,  0.,  1.,  0.,  1.,  1.,  1.,
         1.])
[2023-11-18 17:53:38,394][__main__][INFO] - epoch: 300
[2023-11-18 17:53:38,888][__main__][INFO] - alignment: tensor([12.,  2.,  9.,  0.,  0.,  2.,  1.,  1.,  0.,  1.,  0.,  1.,  1.,  1.,
         1.])
[2023-11-18 17:53:38,888][__main__][INFO] - epoch: 310
[2023-11-18 17:53:39,443][__main__][INFO] - alignment: tensor([12.,  2.,  9.,  0.,  0.,  2.,  2.,  1.,  0.,  1.,  0.,  1.,  1.,  1.,
         1.])
[2023-11-18 17:53:39,443][__main__][INFO] - epoch: 320
[2023-11-18 17:53:39,941][__main__][INFO] - alignment: tensor([11.,  2.,  8.,  0.,  0.,  2.,  2.,  1.,  0.,  1.,  0.,  1.,  1.,  1.,
         1.])
[2023-11-18 17:53:39,942][__main__][INFO] - epoch: 330
[2023-11-18 17:53:40,441][__main__][INFO] - alignment: tensor([11.,  2.,  6.,  0.,  0.,  2.,  2.,  1.,  0.,  1.,  0.,  1.,  1.,  1.,
         1.])
[2023-11-18 17:53:40,442][__main__][INFO] - epoch: 340
[2023-11-18 17:53:40,931][__main__][INFO] - alignment: tensor([9., 2., 7., 0., 0., 2., 2., 1., 1., 1., 0., 1., 1., 1., 1.])
[2023-11-18 17:53:40,931][__main__][INFO] - epoch: 350
[2023-11-18 17:53:41,427][__main__][INFO] - alignment: tensor([10.,  2.,  6.,  0.,  0.,  2.,  2.,  1.,  1.,  1.,  0.,  1.,  1.,  1.,
         1.])
[2023-11-18 17:53:41,427][__main__][INFO] - epoch: 360
[2023-11-18 17:53:41,954][__main__][INFO] - alignment: tensor([9., 2., 6., 0., 0., 2., 2., 1., 1., 1., 0., 1., 1., 1., 1.])
[2023-11-18 17:53:41,954][__main__][INFO] - epoch: 370
[2023-11-18 17:53:42,446][__main__][INFO] - alignment: tensor([9., 2., 7., 0., 0., 2., 2., 1., 1., 1., 0., 1., 1., 1., 1.])
[2023-11-18 17:53:42,446][__main__][INFO] - epoch: 380
[2023-11-18 17:53:42,942][__main__][INFO] - alignment: tensor([9., 2., 7., 0., 0., 2., 2., 1., 1., 1., 0., 1., 1., 1., 1.])
[2023-11-18 17:53:43,036][__main__][INFO] - Training losses plot: train_losses.png
[2023-11-18 17:53:43,129][__main__][INFO] - Accuracies plot: accuracies.png
