[2023-11-19 16:13:37,004][hydra.utils][INFO] - Logging from main
[2023-11-19 17:17:39,035][__main__][INFO] - Model weights saved at: model.pt
[2023-11-19 17:17:39,053][__main__][INFO] - Training accuracy: 1.0
[2023-11-19 17:17:39,053][__main__][INFO] - Testing accuracy: 0.927
[2023-11-19 17:17:39,053][__main__][INFO] - feat_thresh: 0.1
[2023-11-19 17:17:39,053][__main__][INFO] - epoch: 0
[2023-11-19 17:17:39,624][__main__][INFO] - alignment: tensor([0., 0., 0., 0., 0., 0., 0., 0., 0., 0., 0., 0., 0., 0., 0.])
[2023-11-19 17:17:39,624][__main__][INFO] - epoch: 10
[2023-11-19 17:17:40,167][__main__][INFO] - alignment: tensor([0., 0., 0., 0., 0., 0., 0., 0., 0., 0., 0., 0., 0., 0., 0.])
[2023-11-19 17:17:40,167][__main__][INFO] - epoch: 20
[2023-11-19 17:17:40,736][__main__][INFO] - alignment: tensor([0., 0., 0., 0., 0., 0., 0., 0., 0., 0., 0., 0., 0., 0., 0.])
[2023-11-19 17:17:40,736][__main__][INFO] - epoch: 30
[2023-11-19 17:17:41,338][__main__][INFO] - alignment: tensor([0., 0., 0., 0., 0., 0., 0., 0., 0., 0., 0., 0., 0., 0., 0.])
[2023-11-19 17:17:41,339][__main__][INFO] - epoch: 40
[2023-11-19 17:17:41,871][__main__][INFO] - alignment: tensor([0., 0., 0., 0., 0., 0., 0., 0., 0., 0., 0., 0., 0., 0., 0.])
[2023-11-19 17:17:41,871][__main__][INFO] - epoch: 50
[2023-11-19 17:17:42,446][__main__][INFO] - alignment: tensor([0., 0., 0., 0., 0., 0., 0., 0., 0., 0., 0., 0., 0., 0., 0.])
[2023-11-19 17:17:42,446][__main__][INFO] - epoch: 60
[2023-11-19 17:17:43,068][__main__][INFO] - alignment: tensor([0., 0., 0., 0., 0., 0., 0., 0., 0., 0., 0., 0., 0., 0., 0.])
[2023-11-19 17:17:43,068][__main__][INFO] - epoch: 70
[2023-11-19 17:17:43,609][__main__][INFO] - alignment: tensor([0., 0., 0., 0., 0., 0., 0., 0., 0., 0., 0., 0., 0., 0., 0.])
[2023-11-19 17:17:43,609][__main__][INFO] - epoch: 80
[2023-11-19 17:17:44,148][__main__][INFO] - alignment: tensor([0., 0., 0., 0., 0., 0., 0., 0., 0., 0., 0., 0., 0., 0., 0.])
[2023-11-19 17:17:44,148][__main__][INFO] - epoch: 90
[2023-11-19 17:17:44,833][__main__][INFO] - alignment: tensor([0., 0., 0., 0., 0., 0., 0., 0., 0., 0., 0., 0., 0., 0., 0.])
[2023-11-19 17:17:44,833][__main__][INFO] - epoch: 100
[2023-11-19 17:17:45,445][__main__][INFO] - alignment: tensor([0., 0., 0., 0., 0., 0., 0., 0., 0., 0., 0., 0., 0., 0., 0.])
[2023-11-19 17:17:45,445][__main__][INFO] - epoch: 110
[2023-11-19 17:17:46,008][__main__][INFO] - alignment: tensor([0., 0., 0., 0., 0., 0., 0., 0., 0., 0., 0., 0., 0., 0., 0.])
[2023-11-19 17:17:46,008][__main__][INFO] - epoch: 120
[2023-11-19 17:17:46,708][__main__][INFO] - alignment: tensor([0., 0., 0., 0., 0., 0., 0., 0., 0., 0., 0., 0., 0., 0., 0.])
[2023-11-19 17:17:46,708][__main__][INFO] - epoch: 130
[2023-11-19 17:17:47,324][__main__][INFO] - alignment: tensor([0., 0., 0., 0., 0., 0., 0., 0., 0., 0., 0., 0., 0., 0., 0.])
[2023-11-19 17:17:47,324][__main__][INFO] - epoch: 140
[2023-11-19 17:17:48,004][__main__][INFO] - alignment: tensor([0., 0., 0., 0., 0., 0., 0., 0., 0., 0., 0., 0., 0., 0., 0.])
[2023-11-19 17:17:48,004][__main__][INFO] - epoch: 150
[2023-11-19 17:17:48,703][__main__][INFO] - alignment: tensor([0., 0., 0., 0., 0., 0., 0., 0., 0., 0., 0., 0., 0., 0., 0.])
[2023-11-19 17:17:48,703][__main__][INFO] - epoch: 160
[2023-11-19 17:17:49,264][__main__][INFO] - alignment: tensor([0., 0., 0., 0., 0., 0., 0., 0., 0., 0., 0., 0., 0., 0., 0.])
[2023-11-19 17:17:49,264][__main__][INFO] - epoch: 170
[2023-11-19 17:17:49,825][__main__][INFO] - alignment: tensor([0., 0., 0., 0., 0., 0., 0., 0., 0., 0., 0., 0., 0., 0., 0.])
[2023-11-19 17:17:49,826][__main__][INFO] - epoch: 180
[2023-11-19 17:17:50,420][__main__][INFO] - alignment: tensor([0., 0., 0., 0., 0., 0., 0., 0., 0., 0., 0., 0., 0., 0., 0.])
[2023-11-19 17:17:50,420][__main__][INFO] - epoch: 190
[2023-11-19 17:17:51,008][__main__][INFO] - alignment: tensor([0., 0., 0., 0., 0., 0., 0., 0., 0., 0., 0., 0., 0., 0., 0.])
[2023-11-19 17:17:51,008][__main__][INFO] - epoch: 200
[2023-11-19 17:17:51,580][__main__][INFO] - alignment: tensor([0., 0., 0., 0., 0., 0., 0., 0., 0., 0., 0., 0., 0., 0., 0.])
[2023-11-19 17:17:51,580][__main__][INFO] - epoch: 210
[2023-11-19 17:17:52,139][__main__][INFO] - alignment: tensor([0., 0., 0., 0., 0., 0., 0., 0., 0., 0., 0., 0., 0., 0., 0.])
[2023-11-19 17:17:52,139][__main__][INFO] - epoch: 220
[2023-11-19 17:17:52,783][__main__][INFO] - alignment: tensor([0., 0., 0., 0., 0., 0., 0., 0., 0., 0., 0., 0., 0., 0., 0.])
[2023-11-19 17:17:52,783][__main__][INFO] - epoch: 230
[2023-11-19 17:17:53,302][__main__][INFO] - alignment: tensor([0., 0., 0., 0., 0., 0., 0., 0., 0., 0., 0., 0., 0., 0., 0.])
[2023-11-19 17:17:53,302][__main__][INFO] - epoch: 240
[2023-11-19 17:17:53,868][__main__][INFO] - alignment: tensor([0., 0., 0., 0., 0., 0., 0., 0., 0., 0., 0., 0., 0., 0., 0.])
[2023-11-19 17:17:53,868][__main__][INFO] - epoch: 250
[2023-11-19 17:17:54,427][__main__][INFO] - alignment: tensor([0., 0., 0., 0., 0., 0., 0., 0., 0., 0., 0., 0., 0., 0., 0.])
[2023-11-19 17:17:54,427][__main__][INFO] - epoch: 260
[2023-11-19 17:17:55,011][__main__][INFO] - alignment: tensor([0., 0., 0., 0., 0., 0., 0., 0., 0., 0., 0., 0., 0., 0., 0.])
[2023-11-19 17:17:55,011][__main__][INFO] - epoch: 270
[2023-11-19 17:17:55,564][__main__][INFO] - alignment: tensor([0., 0., 0., 0., 0., 0., 0., 0., 0., 0., 0., 0., 0., 0., 0.])
[2023-11-19 17:17:55,565][__main__][INFO] - epoch: 280
[2023-11-19 17:17:56,124][__main__][INFO] - alignment: tensor([0., 0., 0., 0., 0., 0., 0., 0., 0., 0., 0., 0., 0., 0., 0.])
[2023-11-19 17:17:56,128][__main__][INFO] - epoch: 290
[2023-11-19 17:17:56,713][__main__][INFO] - alignment: tensor([0., 0., 0., 0., 0., 0., 0., 0., 0., 0., 0., 0., 0., 0., 0.])
[2023-11-19 17:17:56,714][__main__][INFO] - epoch: 300
[2023-11-19 17:17:57,271][__main__][INFO] - alignment: tensor([0., 0., 0., 0., 0., 0., 0., 0., 0., 0., 0., 0., 0., 0., 0.])
[2023-11-19 17:17:57,271][__main__][INFO] - epoch: 310
[2023-11-19 17:17:57,973][__main__][INFO] - alignment: tensor([0., 0., 0., 0., 0., 0., 0., 0., 0., 0., 0., 0., 0., 0., 0.])
[2023-11-19 17:17:57,973][__main__][INFO] - epoch: 320
[2023-11-19 17:17:58,557][__main__][INFO] - alignment: tensor([0., 0., 0., 0., 0., 0., 0., 0., 0., 0., 0., 0., 0., 0., 0.])
[2023-11-19 17:17:58,557][__main__][INFO] - epoch: 330
[2023-11-19 17:17:59,143][__main__][INFO] - alignment: tensor([0., 0., 0., 0., 0., 0., 0., 0., 0., 0., 0., 0., 0., 0., 0.])
[2023-11-19 17:17:59,144][__main__][INFO] - epoch: 340
[2023-11-19 17:17:59,704][__main__][INFO] - alignment: tensor([0., 0., 0., 0., 0., 0., 0., 0., 0., 0., 0., 0., 0., 0., 0.])
[2023-11-19 17:17:59,704][__main__][INFO] - epoch: 350
[2023-11-19 17:18:00,253][__main__][INFO] - alignment: tensor([0., 0., 0., 0., 0., 0., 0., 0., 0., 0., 0., 0., 0., 0., 0.])
[2023-11-19 17:18:00,253][__main__][INFO] - epoch: 360
[2023-11-19 17:18:00,849][__main__][INFO] - alignment: tensor([0., 0., 0., 0., 0., 0., 0., 0., 0., 0., 0., 0., 0., 0., 0.])
[2023-11-19 17:18:00,850][__main__][INFO] - epoch: 370
[2023-11-19 17:18:01,392][__main__][INFO] - alignment: tensor([0., 0., 0., 0., 0., 0., 0., 0., 0., 0., 0., 0., 0., 0., 0.])
[2023-11-19 17:18:01,392][__main__][INFO] - epoch: 380
[2023-11-19 17:18:01,953][__main__][INFO] - alignment: tensor([0., 0., 0., 0., 0., 0., 0., 0., 0., 0., 0., 0., 0., 0., 0.])
[2023-11-19 17:18:01,953][__main__][INFO] - epoch: 390
[2023-11-19 17:18:02,522][__main__][INFO] - alignment: tensor([0., 0., 0., 0., 0., 0., 0., 0., 0., 0., 0., 0., 0., 0., 0.])
[2023-11-19 17:18:02,522][__main__][INFO] - epoch: 400
[2023-11-19 17:18:03,132][__main__][INFO] - alignment: tensor([3., 0., 0., 0., 0., 0., 0., 0., 0., 0., 0., 0., 0., 0., 0.])
[2023-11-19 17:18:03,132][__main__][INFO] - epoch: 410
[2023-11-19 17:18:03,811][__main__][INFO] - alignment: tensor([3., 0., 0., 0., 0., 0., 0., 0., 0., 0., 0., 0., 0., 0., 0.])
[2023-11-19 17:18:03,811][__main__][INFO] - epoch: 420
[2023-11-19 17:18:04,388][__main__][INFO] - alignment: tensor([4., 0., 0., 0., 0., 0., 0., 0., 0., 0., 0., 0., 0., 0., 0.])
[2023-11-19 17:18:04,388][__main__][INFO] - epoch: 430
[2023-11-19 17:18:04,901][__main__][INFO] - alignment: tensor([9., 1., 0., 0., 0., 0., 0., 0., 0., 0., 0., 0., 0., 0., 0.])
[2023-11-19 17:18:04,902][__main__][INFO] - epoch: 440
[2023-11-19 17:18:05,486][__main__][INFO] - alignment: tensor([15.,  1.,  0.,  0.,  0.,  0.,  0.,  0.,  0.,  0.,  0.,  0.,  0.,  0.,
         0.])
[2023-11-19 17:18:05,486][__main__][INFO] - epoch: 450
[2023-11-19 17:18:06,071][__main__][INFO] - alignment: tensor([16.,  1.,  0.,  0.,  0.,  0.,  0.,  1.,  0.,  0.,  0.,  0.,  0.,  0.,
         0.])
[2023-11-19 17:18:06,072][__main__][INFO] - epoch: 460
[2023-11-19 17:18:06,585][__main__][INFO] - alignment: tensor([14.,  1.,  0.,  0.,  0.,  0.,  0.,  1.,  0.,  1.,  1.,  0.,  0.,  0.,
         0.])
[2023-11-19 17:18:06,585][__main__][INFO] - epoch: 470
[2023-11-19 17:18:07,098][__main__][INFO] - alignment: tensor([10.,  1.,  0.,  0.,  0.,  0.,  0.,  1.,  0.,  1.,  1.,  0.,  0.,  0.,
         0.])
[2023-11-19 17:18:07,098][__main__][INFO] - epoch: 480
[2023-11-19 17:18:07,610][__main__][INFO] - alignment: tensor([10.,  1.,  1.,  0.,  0.,  0.,  0.,  1.,  0.,  1.,  1.,  0.,  0.,  0.,
         0.])
[2023-11-19 17:18:07,611][__main__][INFO] - epoch: 490
[2023-11-19 17:18:08,122][__main__][INFO] - alignment: tensor([9., 1., 1., 0., 0., 0., 0., 1., 0., 1., 1., 0., 0., 0., 0.])
[2023-11-19 17:18:08,122][__main__][INFO] - epoch: 500
[2023-11-19 17:18:08,618][__main__][INFO] - alignment: tensor([9., 1., 1., 0., 0., 0., 0., 1., 0., 1., 1., 0., 0., 0., 0.])
[2023-11-19 17:18:08,618][__main__][INFO] - epoch: 510
[2023-11-19 17:18:09,164][__main__][INFO] - alignment: tensor([9., 1., 1., 0., 0., 0., 0., 1., 0., 1., 1., 0., 0., 0., 0.])
[2023-11-19 17:18:09,164][__main__][INFO] - epoch: 520
[2023-11-19 17:18:09,952][__main__][INFO] - alignment: tensor([7., 1., 1., 0., 0., 0., 0., 1., 0., 1., 1., 0., 0., 0., 0.])
[2023-11-19 17:18:09,952][__main__][INFO] - epoch: 530
[2023-11-19 17:18:10,578][__main__][INFO] - alignment: tensor([9., 2., 1., 0., 0., 0., 0., 1., 0., 1., 1., 0., 0., 0., 0.])
[2023-11-19 17:18:10,578][__main__][INFO] - epoch: 540
[2023-11-19 17:18:11,193][__main__][INFO] - alignment: tensor([6., 2., 1., 0., 0., 0., 0., 1., 0., 1., 1., 0., 0., 0., 0.])
[2023-11-19 17:18:11,193][__main__][INFO] - epoch: 550
[2023-11-19 17:18:11,765][__main__][INFO] - alignment: tensor([6., 2., 1., 0., 0., 0., 0., 1., 0., 1., 1., 0., 0., 0., 1.])
[2023-11-19 17:18:11,766][__main__][INFO] - epoch: 560
[2023-11-19 17:18:12,521][__main__][INFO] - alignment: tensor([5., 2., 2., 0., 0., 0., 0., 1., 0., 1., 1., 0., 0., 0., 1.])
[2023-11-19 17:18:12,521][__main__][INFO] - epoch: 570
[2023-11-19 17:18:13,153][__main__][INFO] - alignment: tensor([6., 2., 2., 0., 0., 0., 0., 1., 0., 1., 1., 0., 0., 1., 1.])
[2023-11-19 17:18:13,153][__main__][INFO] - epoch: 580
[2023-11-19 17:18:14,064][__main__][INFO] - alignment: tensor([6., 2., 2., 0., 0., 0., 0., 1., 0., 1., 1., 0., 0., 1., 1.])
[2023-11-19 17:18:14,064][__main__][INFO] - epoch: 590
[2023-11-19 17:18:14,862][__main__][INFO] - alignment: tensor([6., 2., 2., 0., 0., 0., 0., 1., 0., 1., 1., 0., 0., 1., 0.])
[2023-11-19 17:18:14,862][__main__][INFO] - epoch: 600
[2023-11-19 17:18:15,404][__main__][INFO] - alignment: tensor([5., 2., 2., 0., 0., 0., 0., 1., 0., 1., 1., 0., 0., 0., 1.])
[2023-11-19 17:18:15,404][__main__][INFO] - epoch: 610
[2023-11-19 17:18:15,980][__main__][INFO] - alignment: tensor([6., 2., 2., 0., 0., 0., 0., 1., 0., 1., 1., 0., 0., 1., 1.])
[2023-11-19 17:18:15,981][__main__][INFO] - epoch: 620
[2023-11-19 17:18:16,562][__main__][INFO] - alignment: tensor([5., 2., 2., 0., 0., 0., 0., 1., 0., 1., 1., 0., 0., 1., 0.])
[2023-11-19 17:18:16,563][__main__][INFO] - epoch: 630
[2023-11-19 17:18:17,093][__main__][INFO] - alignment: tensor([5., 2., 2., 0., 0., 0., 0., 1., 0., 1., 1., 0., 0., 1., 1.])
[2023-11-19 17:18:17,094][__main__][INFO] - epoch: 640
[2023-11-19 17:18:17,673][__main__][INFO] - alignment: tensor([5., 2., 2., 0., 0., 0., 0., 1., 0., 1., 1., 0., 1., 1., 0.])
[2023-11-19 17:18:17,673][__main__][INFO] - epoch: 650
[2023-11-19 17:18:18,243][__main__][INFO] - alignment: tensor([5., 2., 3., 0., 0., 1., 0., 1., 0., 1., 1., 0., 1., 1., 1.])
[2023-11-19 17:18:18,243][__main__][INFO] - epoch: 660
[2023-11-19 17:18:18,828][__main__][INFO] - alignment: tensor([5., 2., 3., 0., 0., 1., 0., 1., 0., 1., 1., 0., 1., 1., 1.])
[2023-11-19 17:18:18,828][__main__][INFO] - feat_thresh: 0.2
[2023-11-19 17:18:18,828][__main__][INFO] - epoch: 0
[2023-11-19 17:18:19,434][__main__][INFO] - alignment: tensor([0., 0., 0., 0., 0., 0., 0., 0., 0., 0., 0., 0., 0., 0., 0.])
[2023-11-19 17:18:19,434][__main__][INFO] - epoch: 10
[2023-11-19 17:18:20,039][__main__][INFO] - alignment: tensor([0., 0., 0., 0., 0., 0., 0., 0., 0., 0., 0., 0., 0., 0., 0.])
[2023-11-19 17:18:20,040][__main__][INFO] - epoch: 20
[2023-11-19 17:18:20,603][__main__][INFO] - alignment: tensor([0., 0., 0., 0., 0., 0., 0., 0., 0., 0., 0., 0., 0., 0., 0.])
[2023-11-19 17:18:20,603][__main__][INFO] - epoch: 30
[2023-11-19 17:18:21,135][__main__][INFO] - alignment: tensor([0., 0., 0., 0., 0., 0., 0., 0., 0., 0., 0., 0., 0., 0., 0.])
[2023-11-19 17:18:21,136][__main__][INFO] - epoch: 40
[2023-11-19 17:18:21,701][__main__][INFO] - alignment: tensor([0., 0., 0., 0., 0., 0., 0., 0., 0., 0., 0., 0., 0., 0., 0.])
[2023-11-19 17:18:21,701][__main__][INFO] - epoch: 50
[2023-11-19 17:18:22,239][__main__][INFO] - alignment: tensor([0., 0., 0., 0., 0., 0., 0., 0., 0., 0., 0., 0., 0., 0., 0.])
[2023-11-19 17:18:22,239][__main__][INFO] - epoch: 60
[2023-11-19 17:18:22,861][__main__][INFO] - alignment: tensor([0., 0., 0., 0., 0., 0., 0., 0., 0., 0., 0., 0., 0., 0., 0.])
[2023-11-19 17:18:22,862][__main__][INFO] - epoch: 70
[2023-11-19 17:18:23,509][__main__][INFO] - alignment: tensor([0., 0., 0., 0., 0., 0., 0., 0., 0., 0., 0., 0., 0., 0., 0.])
[2023-11-19 17:18:23,509][__main__][INFO] - epoch: 80
[2023-11-19 17:18:24,092][__main__][INFO] - alignment: tensor([0., 0., 0., 0., 0., 0., 0., 0., 0., 0., 0., 0., 0., 0., 0.])
[2023-11-19 17:18:24,092][__main__][INFO] - epoch: 90
[2023-11-19 17:18:24,779][__main__][INFO] - alignment: tensor([0., 0., 0., 0., 0., 0., 0., 0., 0., 0., 0., 0., 0., 0., 0.])
[2023-11-19 17:18:24,779][__main__][INFO] - epoch: 100
[2023-11-19 17:18:25,366][__main__][INFO] - alignment: tensor([0., 0., 0., 0., 0., 0., 0., 0., 0., 0., 0., 0., 0., 0., 0.])
[2023-11-19 17:18:25,366][__main__][INFO] - epoch: 110
[2023-11-19 17:18:25,982][__main__][INFO] - alignment: tensor([0., 0., 0., 0., 0., 0., 0., 0., 0., 0., 0., 0., 0., 0., 0.])
[2023-11-19 17:18:25,983][__main__][INFO] - epoch: 120
[2023-11-19 17:18:26,587][__main__][INFO] - alignment: tensor([0., 0., 0., 0., 0., 0., 0., 0., 0., 0., 0., 0., 0., 0., 0.])
[2023-11-19 17:18:26,587][__main__][INFO] - epoch: 130
[2023-11-19 17:18:27,166][__main__][INFO] - alignment: tensor([0., 0., 0., 0., 0., 0., 0., 0., 0., 0., 0., 0., 0., 0., 0.])
[2023-11-19 17:18:27,166][__main__][INFO] - epoch: 140
[2023-11-19 17:18:27,995][__main__][INFO] - alignment: tensor([0., 0., 0., 0., 0., 0., 0., 0., 0., 0., 0., 0., 0., 0., 0.])
[2023-11-19 17:18:27,996][__main__][INFO] - epoch: 150
[2023-11-19 17:18:28,694][__main__][INFO] - alignment: tensor([0., 0., 0., 0., 0., 0., 0., 0., 0., 0., 0., 0., 0., 0., 0.])
[2023-11-19 17:18:28,695][__main__][INFO] - epoch: 160
[2023-11-19 17:18:29,440][__main__][INFO] - alignment: tensor([0., 0., 0., 0., 0., 0., 0., 0., 0., 0., 0., 0., 0., 0., 0.])
[2023-11-19 17:18:29,440][__main__][INFO] - epoch: 170
[2023-11-19 17:18:30,158][__main__][INFO] - alignment: tensor([0., 0., 0., 0., 0., 0., 0., 0., 0., 0., 0., 0., 0., 0., 0.])
[2023-11-19 17:18:30,159][__main__][INFO] - epoch: 180
[2023-11-19 17:18:30,780][__main__][INFO] - alignment: tensor([0., 0., 0., 0., 0., 0., 0., 0., 0., 0., 0., 0., 0., 0., 0.])
[2023-11-19 17:18:30,781][__main__][INFO] - epoch: 190
[2023-11-19 17:18:31,384][__main__][INFO] - alignment: tensor([0., 0., 0., 0., 0., 0., 0., 0., 0., 0., 0., 0., 0., 0., 0.])
[2023-11-19 17:18:31,385][__main__][INFO] - epoch: 200
[2023-11-19 17:18:32,011][__main__][INFO] - alignment: tensor([0., 0., 0., 0., 0., 0., 0., 0., 0., 0., 0., 0., 0., 0., 0.])
[2023-11-19 17:18:32,012][__main__][INFO] - epoch: 210
[2023-11-19 17:18:32,685][__main__][INFO] - alignment: tensor([0., 0., 0., 0., 0., 0., 0., 0., 0., 0., 0., 0., 0., 0., 0.])
[2023-11-19 17:18:32,685][__main__][INFO] - epoch: 220
[2023-11-19 17:18:33,270][__main__][INFO] - alignment: tensor([0., 0., 0., 0., 0., 0., 0., 0., 0., 0., 0., 0., 0., 0., 0.])
[2023-11-19 17:18:33,270][__main__][INFO] - epoch: 230
[2023-11-19 17:18:33,966][__main__][INFO] - alignment: tensor([0., 0., 0., 0., 0., 0., 0., 0., 0., 0., 0., 0., 0., 0., 0.])
[2023-11-19 17:18:33,966][__main__][INFO] - epoch: 240
[2023-11-19 17:18:34,620][__main__][INFO] - alignment: tensor([0., 0., 0., 0., 0., 0., 0., 0., 0., 0., 0., 0., 0., 0., 0.])
[2023-11-19 17:18:34,620][__main__][INFO] - epoch: 250
[2023-11-19 17:18:35,561][__main__][INFO] - alignment: tensor([0., 0., 0., 0., 0., 0., 0., 0., 0., 0., 0., 0., 0., 0., 0.])
[2023-11-19 17:18:35,561][__main__][INFO] - epoch: 260
[2023-11-19 17:18:36,109][__main__][INFO] - alignment: tensor([0., 0., 0., 0., 0., 0., 0., 0., 0., 0., 0., 0., 0., 0., 0.])
[2023-11-19 17:18:36,109][__main__][INFO] - epoch: 270
[2023-11-19 17:18:36,739][__main__][INFO] - alignment: tensor([0., 0., 0., 0., 0., 0., 0., 0., 0., 0., 0., 0., 0., 0., 0.])
[2023-11-19 17:18:36,739][__main__][INFO] - epoch: 280
[2023-11-19 17:18:37,326][__main__][INFO] - alignment: tensor([0., 0., 0., 0., 0., 0., 0., 0., 0., 0., 0., 0., 0., 0., 0.])
[2023-11-19 17:18:37,327][__main__][INFO] - epoch: 290
[2023-11-19 17:18:37,853][__main__][INFO] - alignment: tensor([0., 0., 0., 0., 0., 0., 0., 0., 0., 0., 0., 0., 0., 0., 0.])
[2023-11-19 17:18:37,854][__main__][INFO] - epoch: 300
[2023-11-19 17:18:38,395][__main__][INFO] - alignment: tensor([0., 0., 0., 0., 0., 0., 0., 0., 0., 0., 0., 0., 0., 0., 0.])
[2023-11-19 17:18:38,395][__main__][INFO] - epoch: 310
[2023-11-19 17:18:38,932][__main__][INFO] - alignment: tensor([0., 0., 0., 0., 0., 0., 0., 0., 0., 0., 0., 0., 0., 0., 0.])
[2023-11-19 17:18:38,932][__main__][INFO] - epoch: 320
[2023-11-19 17:18:39,489][__main__][INFO] - alignment: tensor([0., 0., 0., 0., 0., 0., 0., 0., 0., 0., 0., 0., 0., 0., 0.])
[2023-11-19 17:18:39,489][__main__][INFO] - epoch: 330
[2023-11-19 17:18:40,117][__main__][INFO] - alignment: tensor([0., 0., 0., 0., 0., 0., 0., 0., 0., 0., 0., 0., 0., 0., 0.])
[2023-11-19 17:18:40,118][__main__][INFO] - epoch: 340
[2023-11-19 17:18:40,657][__main__][INFO] - alignment: tensor([0., 0., 0., 0., 0., 0., 0., 0., 0., 0., 0., 0., 0., 0., 0.])
[2023-11-19 17:18:40,657][__main__][INFO] - epoch: 350
[2023-11-19 17:18:41,230][__main__][INFO] - alignment: tensor([0., 0., 0., 0., 0., 0., 0., 0., 0., 0., 0., 0., 0., 0., 0.])
[2023-11-19 17:18:41,231][__main__][INFO] - epoch: 360
[2023-11-19 17:18:41,805][__main__][INFO] - alignment: tensor([2., 0., 0., 0., 0., 0., 0., 0., 0., 0., 0., 0., 0., 0., 0.])
[2023-11-19 17:18:41,805][__main__][INFO] - epoch: 370
[2023-11-19 17:18:42,608][__main__][INFO] - alignment: tensor([5., 0., 0., 0., 0., 0., 0., 0., 0., 0., 0., 0., 0., 0., 0.])
[2023-11-19 17:18:42,608][__main__][INFO] - epoch: 380
[2023-11-19 17:18:43,203][__main__][INFO] - alignment: tensor([5., 0., 0., 0., 0., 0., 0., 0., 0., 0., 0., 0., 0., 0., 0.])
[2023-11-19 17:18:43,203][__main__][INFO] - epoch: 390
[2023-11-19 17:18:43,856][__main__][INFO] - alignment: tensor([9., 0., 0., 0., 0., 0., 0., 0., 0., 0., 0., 0., 0., 0., 0.])
[2023-11-19 17:18:43,857][__main__][INFO] - epoch: 400
[2023-11-19 17:18:44,539][__main__][INFO] - alignment: tensor([14.,  0.,  0.,  0.,  0.,  0.,  0.,  0.,  0.,  0.,  0.,  0.,  0.,  0.,
         0.])
[2023-11-19 17:18:44,539][__main__][INFO] - epoch: 410
[2023-11-19 17:18:45,199][__main__][INFO] - alignment: tensor([15.,  0.,  0.,  0.,  0.,  0.,  0.,  0.,  0.,  0.,  0.,  0.,  0.,  0.,
         0.])
[2023-11-19 17:18:45,200][__main__][INFO] - epoch: 420
[2023-11-19 17:18:45,991][__main__][INFO] - alignment: tensor([24.,  0.,  0.,  0.,  0.,  0.,  0.,  1.,  0.,  0.,  0.,  0.,  0.,  0.,
         0.])
[2023-11-19 17:18:45,992][__main__][INFO] - epoch: 430
[2023-11-19 17:18:46,653][__main__][INFO] - alignment: tensor([33.,  1.,  0.,  0.,  0.,  0.,  0.,  1.,  0.,  0.,  0.,  0.,  0.,  0.,
         0.])
[2023-11-19 17:18:46,654][__main__][INFO] - epoch: 440
[2023-11-19 17:18:47,331][__main__][INFO] - alignment: tensor([35.,  1.,  0.,  0.,  0.,  0.,  0.,  1.,  0.,  0.,  0.,  0.,  0.,  0.,
         0.])
[2023-11-19 17:18:47,331][__main__][INFO] - epoch: 450
[2023-11-19 17:18:47,929][__main__][INFO] - alignment: tensor([35.,  1.,  0.,  0.,  0.,  0.,  0.,  1.,  0.,  1.,  1.,  0.,  0.,  0.,
         0.])
[2023-11-19 17:18:47,930][__main__][INFO] - epoch: 460
[2023-11-19 17:18:48,491][__main__][INFO] - alignment: tensor([30.,  1.,  0.,  0.,  0.,  0.,  0.,  1.,  0.,  1.,  1.,  0.,  0.,  0.,
         0.])
[2023-11-19 17:18:48,491][__main__][INFO] - epoch: 470
[2023-11-19 17:18:49,125][__main__][INFO] - alignment: tensor([25.,  1.,  1.,  0.,  0.,  0.,  0.,  1.,  0.,  1.,  1.,  0.,  0.,  0.,
         0.])
[2023-11-19 17:18:49,125][__main__][INFO] - epoch: 480
[2023-11-19 17:18:49,752][__main__][INFO] - alignment: tensor([17.,  1.,  1.,  0.,  0.,  0.,  0.,  1.,  0.,  1.,  1.,  0.,  0.,  0.,
         0.])
[2023-11-19 17:18:49,753][__main__][INFO] - epoch: 490
[2023-11-19 17:18:50,348][__main__][INFO] - alignment: tensor([15.,  1.,  2.,  0.,  0.,  0.,  0.,  1.,  0.,  1.,  1.,  0.,  0.,  0.,
         0.])
[2023-11-19 17:18:50,348][__main__][INFO] - epoch: 500
[2023-11-19 17:18:50,883][__main__][INFO] - alignment: tensor([15.,  2.,  2.,  0.,  0.,  0.,  0.,  1.,  0.,  1.,  1.,  0.,  0.,  0.,
         0.])
[2023-11-19 17:18:50,883][__main__][INFO] - epoch: 510
[2023-11-19 17:18:51,546][__main__][INFO] - alignment: tensor([12.,  2.,  2.,  0.,  0.,  0.,  0.,  1.,  0.,  1.,  1.,  0.,  0.,  0.,
         0.])
[2023-11-19 17:18:51,546][__main__][INFO] - epoch: 520
[2023-11-19 17:18:52,194][__main__][INFO] - alignment: tensor([12.,  2.,  2.,  0.,  0.,  0.,  0.,  1.,  0.,  1.,  1.,  0.,  0.,  0.,
         0.])
[2023-11-19 17:18:52,194][__main__][INFO] - epoch: 530
[2023-11-19 17:18:52,841][__main__][INFO] - alignment: tensor([12.,  2.,  2.,  0.,  0.,  0.,  0.,  1.,  0.,  1.,  1.,  0.,  0.,  0.,
         1.])
[2023-11-19 17:18:52,841][__main__][INFO] - epoch: 540
[2023-11-19 17:18:53,365][__main__][INFO] - alignment: tensor([12.,  2.,  2.,  0.,  0.,  0.,  0.,  1.,  0.,  1.,  1.,  0.,  0.,  1.,
         1.])
[2023-11-19 17:18:53,365][__main__][INFO] - epoch: 550
[2023-11-19 17:18:54,037][__main__][INFO] - alignment: tensor([12.,  3.,  2.,  0.,  0.,  0.,  0.,  1.,  0.,  1.,  1.,  0.,  0.,  1.,
         1.])
[2023-11-19 17:18:54,037][__main__][INFO] - epoch: 560
[2023-11-19 17:18:54,583][__main__][INFO] - alignment: tensor([11.,  3.,  3.,  0.,  0.,  0.,  0.,  1.,  0.,  1.,  1.,  0.,  0.,  1.,
         1.])
[2023-11-19 17:18:54,583][__main__][INFO] - epoch: 570
[2023-11-19 17:18:55,251][__main__][INFO] - alignment: tensor([10.,  3.,  3.,  0.,  0.,  0.,  0.,  1.,  0.,  1.,  1.,  0.,  0.,  1.,
         1.])
[2023-11-19 17:18:55,251][__main__][INFO] - epoch: 580
[2023-11-19 17:18:55,857][__main__][INFO] - alignment: tensor([10.,  3.,  3.,  0.,  0.,  0.,  0.,  1.,  0.,  1.,  1.,  0.,  1.,  1.,
         1.])
[2023-11-19 17:18:55,858][__main__][INFO] - epoch: 590
[2023-11-19 17:18:56,457][__main__][INFO] - alignment: tensor([10.,  3.,  4.,  0.,  0.,  0.,  0.,  1.,  1.,  1.,  1.,  0.,  1.,  1.,
         1.])
[2023-11-19 17:18:56,458][__main__][INFO] - epoch: 600
[2023-11-19 17:18:56,986][__main__][INFO] - alignment: tensor([10.,  3.,  4.,  0.,  0.,  1.,  0.,  1.,  1.,  1.,  1.,  0.,  1.,  1.,
         1.])
[2023-11-19 17:18:56,986][__main__][INFO] - epoch: 610
[2023-11-19 17:18:57,511][__main__][INFO] - alignment: tensor([10.,  3.,  4.,  0.,  0.,  1.,  0.,  1.,  1.,  1.,  1.,  0.,  1.,  1.,
         1.])
[2023-11-19 17:18:57,512][__main__][INFO] - epoch: 620
[2023-11-19 17:18:58,078][__main__][INFO] - alignment: tensor([10.,  3.,  4.,  0.,  0.,  1.,  0.,  1.,  1.,  1.,  1.,  0.,  1.,  1.,
         1.])
[2023-11-19 17:18:58,079][__main__][INFO] - epoch: 630
[2023-11-19 17:18:58,748][__main__][INFO] - alignment: tensor([10.,  3.,  4.,  0.,  0.,  1.,  0.,  1.,  1.,  1.,  1.,  0.,  1.,  1.,
         1.])
[2023-11-19 17:18:58,748][__main__][INFO] - epoch: 640
[2023-11-19 17:18:59,332][__main__][INFO] - alignment: tensor([10.,  3.,  4.,  0.,  0.,  1.,  0.,  1.,  1.,  1.,  1.,  0.,  1.,  1.,
         1.])
[2023-11-19 17:18:59,333][__main__][INFO] - epoch: 650
[2023-11-19 17:19:00,055][__main__][INFO] - alignment: tensor([10.,  3.,  4.,  0.,  0.,  1.,  0.,  1.,  1.,  1.,  1.,  0.,  1.,  1.,
         1.])
[2023-11-19 17:19:00,055][__main__][INFO] - epoch: 660
[2023-11-19 17:19:00,577][__main__][INFO] - alignment: tensor([10.,  3.,  4.,  0.,  0.,  1.,  0.,  1.,  1.,  1.,  1.,  0.,  1.,  1.,
         1.])
[2023-11-19 17:19:00,577][__main__][INFO] - feat_thresh: 0.3
[2023-11-19 17:19:00,577][__main__][INFO] - epoch: 0
[2023-11-19 17:19:01,097][__main__][INFO] - alignment: tensor([0., 0., 0., 0., 0., 0., 0., 0., 0., 0., 0., 0., 0., 0., 0.])
[2023-11-19 17:19:01,097][__main__][INFO] - epoch: 10
[2023-11-19 17:19:01,666][__main__][INFO] - alignment: tensor([0., 0., 0., 0., 0., 0., 0., 0., 0., 0., 0., 0., 0., 0., 0.])
[2023-11-19 17:19:01,666][__main__][INFO] - epoch: 20
[2023-11-19 17:19:02,254][__main__][INFO] - alignment: tensor([0., 0., 0., 0., 0., 0., 0., 0., 0., 0., 0., 0., 0., 0., 0.])
[2023-11-19 17:19:02,255][__main__][INFO] - epoch: 30
[2023-11-19 17:19:02,889][__main__][INFO] - alignment: tensor([0., 0., 0., 0., 0., 0., 0., 0., 0., 0., 0., 0., 0., 0., 0.])
[2023-11-19 17:19:02,889][__main__][INFO] - epoch: 40
[2023-11-19 17:19:03,594][__main__][INFO] - alignment: tensor([0., 0., 0., 0., 0., 0., 0., 0., 0., 0., 0., 0., 0., 0., 0.])
[2023-11-19 17:19:03,594][__main__][INFO] - epoch: 50
[2023-11-19 17:19:04,187][__main__][INFO] - alignment: tensor([0., 0., 0., 0., 0., 0., 0., 0., 0., 0., 0., 0., 0., 0., 0.])
[2023-11-19 17:19:04,187][__main__][INFO] - epoch: 60
[2023-11-19 17:19:04,811][__main__][INFO] - alignment: tensor([0., 0., 0., 0., 0., 0., 0., 0., 0., 0., 0., 0., 0., 0., 0.])
[2023-11-19 17:19:04,812][__main__][INFO] - epoch: 70
[2023-11-19 17:19:05,395][__main__][INFO] - alignment: tensor([0., 0., 0., 0., 0., 0., 0., 0., 0., 0., 0., 0., 0., 0., 0.])
[2023-11-19 17:19:05,395][__main__][INFO] - epoch: 80
[2023-11-19 17:19:05,962][__main__][INFO] - alignment: tensor([0., 0., 0., 0., 0., 0., 0., 0., 0., 0., 0., 0., 0., 0., 0.])
[2023-11-19 17:19:05,963][__main__][INFO] - epoch: 90
[2023-11-19 17:19:06,679][__main__][INFO] - alignment: tensor([0., 0., 0., 0., 0., 0., 0., 0., 0., 0., 0., 0., 0., 0., 0.])
[2023-11-19 17:19:06,679][__main__][INFO] - epoch: 100
[2023-11-19 17:19:07,271][__main__][INFO] - alignment: tensor([0., 0., 0., 0., 0., 0., 0., 0., 0., 0., 0., 0., 0., 0., 0.])
[2023-11-19 17:19:07,271][__main__][INFO] - epoch: 110
[2023-11-19 17:19:07,850][__main__][INFO] - alignment: tensor([0., 0., 0., 0., 0., 0., 0., 0., 0., 0., 0., 0., 0., 0., 0.])
[2023-11-19 17:19:07,850][__main__][INFO] - epoch: 120
[2023-11-19 17:19:08,498][__main__][INFO] - alignment: tensor([0., 0., 0., 0., 0., 0., 0., 0., 0., 0., 0., 0., 0., 0., 0.])
[2023-11-19 17:19:08,498][__main__][INFO] - epoch: 130
[2023-11-19 17:19:09,182][__main__][INFO] - alignment: tensor([0., 0., 0., 0., 0., 0., 0., 0., 0., 0., 0., 0., 0., 0., 0.])
[2023-11-19 17:19:09,182][__main__][INFO] - epoch: 140
[2023-11-19 17:19:09,842][__main__][INFO] - alignment: tensor([0., 0., 0., 0., 0., 0., 0., 0., 0., 0., 0., 0., 0., 0., 0.])
[2023-11-19 17:19:09,842][__main__][INFO] - epoch: 150
[2023-11-19 17:19:10,539][__main__][INFO] - alignment: tensor([0., 0., 0., 0., 0., 0., 0., 0., 0., 0., 0., 0., 0., 0., 0.])
[2023-11-19 17:19:10,540][__main__][INFO] - epoch: 160
[2023-11-19 17:19:11,123][__main__][INFO] - alignment: tensor([0., 0., 0., 0., 0., 0., 0., 0., 0., 0., 0., 0., 0., 0., 0.])
[2023-11-19 17:19:11,124][__main__][INFO] - epoch: 170
[2023-11-19 17:19:11,762][__main__][INFO] - alignment: tensor([0., 0., 0., 0., 0., 0., 0., 0., 0., 0., 0., 0., 0., 0., 0.])
[2023-11-19 17:19:11,762][__main__][INFO] - epoch: 180
[2023-11-19 17:19:12,280][__main__][INFO] - alignment: tensor([0., 0., 0., 0., 0., 0., 0., 0., 0., 0., 0., 0., 0., 0., 0.])
[2023-11-19 17:19:12,280][__main__][INFO] - epoch: 190
[2023-11-19 17:19:12,941][__main__][INFO] - alignment: tensor([0., 0., 0., 0., 0., 0., 0., 0., 0., 0., 0., 0., 0., 0., 0.])
[2023-11-19 17:19:12,941][__main__][INFO] - epoch: 200
[2023-11-19 17:19:13,586][__main__][INFO] - alignment: tensor([0., 0., 0., 0., 0., 0., 0., 0., 0., 0., 0., 0., 0., 0., 0.])
[2023-11-19 17:19:13,586][__main__][INFO] - epoch: 210
[2023-11-19 17:19:14,108][__main__][INFO] - alignment: tensor([0., 0., 0., 0., 0., 0., 0., 0., 0., 0., 0., 0., 0., 0., 0.])
[2023-11-19 17:19:14,108][__main__][INFO] - epoch: 220
[2023-11-19 17:19:14,657][__main__][INFO] - alignment: tensor([0., 0., 0., 0., 0., 0., 0., 0., 0., 0., 0., 0., 0., 0., 0.])
[2023-11-19 17:19:14,657][__main__][INFO] - epoch: 230
[2023-11-19 17:19:15,331][__main__][INFO] - alignment: tensor([0., 0., 0., 0., 0., 0., 0., 0., 0., 0., 0., 0., 0., 0., 0.])
[2023-11-19 17:19:15,331][__main__][INFO] - epoch: 240
[2023-11-19 17:19:15,917][__main__][INFO] - alignment: tensor([0., 0., 0., 0., 0., 0., 0., 0., 0., 0., 0., 0., 0., 0., 0.])
[2023-11-19 17:19:15,917][__main__][INFO] - epoch: 250
[2023-11-19 17:19:16,482][__main__][INFO] - alignment: tensor([0., 0., 0., 0., 0., 0., 0., 0., 0., 0., 0., 0., 0., 0., 0.])
[2023-11-19 17:19:16,482][__main__][INFO] - epoch: 260
[2023-11-19 17:19:17,309][__main__][INFO] - alignment: tensor([0., 0., 0., 0., 0., 0., 0., 0., 0., 0., 0., 0., 0., 0., 0.])
[2023-11-19 17:19:17,310][__main__][INFO] - epoch: 270
[2023-11-19 17:19:18,067][__main__][INFO] - alignment: tensor([0., 0., 0., 0., 0., 0., 0., 0., 0., 0., 0., 0., 0., 0., 0.])
[2023-11-19 17:19:18,068][__main__][INFO] - epoch: 280
[2023-11-19 17:19:18,761][__main__][INFO] - alignment: tensor([0., 0., 0., 0., 0., 0., 0., 0., 0., 0., 0., 0., 0., 0., 0.])
[2023-11-19 17:19:18,761][__main__][INFO] - epoch: 290
[2023-11-19 17:19:19,365][__main__][INFO] - alignment: tensor([0., 0., 0., 0., 0., 0., 0., 0., 0., 0., 0., 0., 0., 0., 0.])
[2023-11-19 17:19:19,365][__main__][INFO] - epoch: 300
[2023-11-19 17:19:20,155][__main__][INFO] - alignment: tensor([0., 0., 0., 0., 0., 0., 0., 0., 0., 0., 0., 0., 0., 0., 0.])
[2023-11-19 17:19:20,155][__main__][INFO] - epoch: 310
[2023-11-19 17:19:20,732][__main__][INFO] - alignment: tensor([1., 0., 0., 0., 0., 0., 0., 0., 0., 0., 0., 0., 0., 0., 0.])
[2023-11-19 17:19:20,732][__main__][INFO] - epoch: 320
[2023-11-19 17:19:21,439][__main__][INFO] - alignment: tensor([1., 0., 0., 0., 0., 0., 0., 0., 0., 0., 0., 0., 0., 0., 0.])
[2023-11-19 17:19:21,440][__main__][INFO] - epoch: 330
[2023-11-19 17:19:22,028][__main__][INFO] - alignment: tensor([2., 0., 0., 0., 0., 0., 0., 0., 0., 0., 0., 0., 0., 0., 0.])
[2023-11-19 17:19:22,028][__main__][INFO] - epoch: 340
[2023-11-19 17:19:22,626][__main__][INFO] - alignment: tensor([2., 0., 0., 0., 0., 0., 0., 0., 0., 0., 0., 0., 0., 0., 0.])
[2023-11-19 17:19:22,626][__main__][INFO] - epoch: 350
[2023-11-19 17:19:23,432][__main__][INFO] - alignment: tensor([6., 0., 0., 0., 0., 0., 0., 0., 0., 0., 0., 0., 0., 0., 0.])
[2023-11-19 17:19:23,433][__main__][INFO] - epoch: 360
[2023-11-19 17:19:24,090][__main__][INFO] - alignment: tensor([16.,  0.,  0.,  0.,  0.,  0.,  0.,  0.,  0.,  0.,  0.,  0.,  0.,  0.,
         0.])
[2023-11-19 17:19:24,090][__main__][INFO] - epoch: 370
[2023-11-19 17:19:24,713][__main__][INFO] - alignment: tensor([23.,  0.,  0.,  0.,  0.,  0.,  0.,  0.,  0.,  0.,  0.,  0.,  0.,  0.,
         0.])
[2023-11-19 17:19:24,713][__main__][INFO] - epoch: 380
[2023-11-19 17:19:25,225][__main__][INFO] - alignment: tensor([30.,  0.,  0.,  0.,  0.,  0.,  0.,  0.,  0.,  0.,  0.,  0.,  0.,  0.,
         0.])
[2023-11-19 17:19:25,225][__main__][INFO] - epoch: 390
[2023-11-19 17:19:25,991][__main__][INFO] - alignment: tensor([37.,  0.,  0.,  0.,  0.,  0.,  0.,  0.,  0.,  0.,  0.,  0.,  0.,  0.,
         0.])
[2023-11-19 17:19:25,991][__main__][INFO] - epoch: 400
[2023-11-19 17:19:26,716][__main__][INFO] - alignment: tensor([38.,  0.,  0.,  0.,  0.,  0.,  0.,  0.,  0.,  0.,  0.,  0.,  0.,  0.,
         0.])
[2023-11-19 17:19:26,717][__main__][INFO] - epoch: 410
[2023-11-19 17:19:27,258][__main__][INFO] - alignment: tensor([45.,  0.,  0.,  0.,  0.,  0.,  0.,  1.,  0.,  0.,  0.,  0.,  0.,  0.,
         0.])
[2023-11-19 17:19:27,258][__main__][INFO] - epoch: 420
[2023-11-19 17:19:27,770][__main__][INFO] - alignment: tensor([57.,  1.,  0.,  0.,  0.,  0.,  0.,  1.,  0.,  0.,  0.,  0.,  0.,  0.,
         0.])
[2023-11-19 17:19:27,770][__main__][INFO] - epoch: 430
[2023-11-19 17:19:28,288][__main__][INFO] - alignment: tensor([63.,  2.,  0.,  0.,  0.,  0.,  0.,  1.,  0.,  0.,  0.,  0.,  0.,  0.,
         0.])
[2023-11-19 17:19:28,288][__main__][INFO] - epoch: 440
[2023-11-19 17:19:28,789][__main__][INFO] - alignment: tensor([69.,  3.,  0.,  0.,  0.,  0.,  0.,  1.,  0.,  0.,  0.,  0.,  0.,  0.,
         0.])
[2023-11-19 17:19:28,790][__main__][INFO] - epoch: 450
[2023-11-19 17:19:29,309][__main__][INFO] - alignment: tensor([64.,  2.,  0.,  0.,  0.,  0.,  0.,  1.,  0.,  1.,  1.,  0.,  0.,  0.,
         0.])
[2023-11-19 17:19:29,309][__main__][INFO] - epoch: 460
[2023-11-19 17:19:29,878][__main__][INFO] - alignment: tensor([51.,  2.,  1.,  0.,  0.,  0.,  0.,  1.,  0.,  1.,  1.,  0.,  0.,  0.,
         0.])
[2023-11-19 17:19:29,879][__main__][INFO] - epoch: 470
[2023-11-19 17:19:30,599][__main__][INFO] - alignment: tensor([49.,  2.,  2.,  0.,  0.,  0.,  0.,  1.,  0.,  1.,  1.,  0.,  0.,  0.,
         0.])
[2023-11-19 17:19:30,599][__main__][INFO] - epoch: 480
[2023-11-19 17:19:31,131][__main__][INFO] - alignment: tensor([42.,  3.,  2.,  0.,  0.,  0.,  0.,  1.,  0.,  1.,  1.,  0.,  0.,  0.,
         0.])
[2023-11-19 17:19:31,131][__main__][INFO] - epoch: 490
[2023-11-19 17:19:31,754][__main__][INFO] - alignment: tensor([37.,  5.,  2.,  0.,  0.,  0.,  0.,  1.,  0.,  1.,  1.,  0.,  0.,  0.,
         0.])
[2023-11-19 17:19:31,755][__main__][INFO] - epoch: 500
[2023-11-19 17:19:32,433][__main__][INFO] - alignment: tensor([33.,  5.,  2.,  0.,  0.,  0.,  0.,  1.,  0.,  1.,  1.,  0.,  0.,  0.,
         0.])
[2023-11-19 17:19:32,433][__main__][INFO] - epoch: 510
[2023-11-19 17:19:33,102][__main__][INFO] - alignment: tensor([27.,  4.,  2.,  1.,  0.,  0.,  0.,  1.,  0.,  1.,  1.,  0.,  0.,  0.,
         0.])
[2023-11-19 17:19:33,103][__main__][INFO] - epoch: 520
[2023-11-19 17:19:33,801][__main__][INFO] - alignment: tensor([24.,  4.,  2.,  1.,  0.,  0.,  0.,  1.,  0.,  1.,  1.,  0.,  0.,  0.,
         0.])
[2023-11-19 17:19:33,801][__main__][INFO] - epoch: 530
[2023-11-19 17:19:34,375][__main__][INFO] - alignment: tensor([20.,  4.,  2.,  1.,  0.,  0.,  0.,  1.,  0.,  1.,  1.,  0.,  0.,  1.,
         1.])
[2023-11-19 17:19:34,376][__main__][INFO] - epoch: 540
[2023-11-19 17:19:34,945][__main__][INFO] - alignment: tensor([17.,  4.,  2.,  1.,  0.,  0.,  0.,  1.,  0.,  1.,  1.,  0.,  0.,  1.,
         1.])
[2023-11-19 17:19:34,945][__main__][INFO] - epoch: 550
[2023-11-19 17:19:35,477][__main__][INFO] - alignment: tensor([16.,  4.,  3.,  1.,  0.,  0.,  0.,  1.,  1.,  1.,  1.,  0.,  0.,  1.,
         1.])
[2023-11-19 17:19:35,478][__main__][INFO] - epoch: 560
[2023-11-19 17:19:36,007][__main__][INFO] - alignment: tensor([14.,  4.,  3.,  1.,  0.,  0.,  0.,  1.,  1.,  1.,  1.,  0.,  1.,  1.,
         1.])
[2023-11-19 17:19:36,007][__main__][INFO] - epoch: 570
[2023-11-19 17:19:36,592][__main__][INFO] - alignment: tensor([15.,  3.,  4.,  1.,  0.,  0.,  0.,  1.,  1.,  1.,  1.,  0.,  1.,  1.,
         1.])
[2023-11-19 17:19:36,592][__main__][INFO] - epoch: 580
[2023-11-19 17:19:37,239][__main__][INFO] - alignment: tensor([15.,  3.,  4.,  1.,  0.,  1.,  0.,  1.,  1.,  1.,  1.,  0.,  1.,  1.,
         1.])
[2023-11-19 17:19:37,239][__main__][INFO] - epoch: 590
[2023-11-19 17:19:37,831][__main__][INFO] - alignment: tensor([17.,  3.,  4.,  1.,  0.,  1.,  0.,  1.,  1.,  1.,  1.,  0.,  1.,  1.,
         1.])
[2023-11-19 17:19:37,831][__main__][INFO] - epoch: 600
[2023-11-19 17:19:38,362][__main__][INFO] - alignment: tensor([15.,  3.,  4.,  1.,  0.,  1.,  0.,  1.,  1.,  1.,  1.,  0.,  1.,  1.,
         1.])
[2023-11-19 17:19:38,362][__main__][INFO] - epoch: 610
[2023-11-19 17:19:38,952][__main__][INFO] - alignment: tensor([16.,  3.,  4.,  1.,  0.,  1.,  0.,  1.,  1.,  1.,  1.,  0.,  1.,  1.,
         1.])
[2023-11-19 17:19:38,952][__main__][INFO] - epoch: 620
[2023-11-19 17:19:39,602][__main__][INFO] - alignment: tensor([16.,  3.,  4.,  1.,  0.,  1.,  0.,  1.,  1.,  1.,  1.,  0.,  1.,  1.,
         1.])
[2023-11-19 17:19:39,602][__main__][INFO] - epoch: 630
[2023-11-19 17:19:40,233][__main__][INFO] - alignment: tensor([15.,  3.,  4.,  1.,  0.,  1.,  0.,  1.,  1.,  1.,  1.,  0.,  1.,  1.,
         1.])
[2023-11-19 17:19:40,233][__main__][INFO] - epoch: 640
[2023-11-19 17:19:40,825][__main__][INFO] - alignment: tensor([15.,  3.,  4.,  1.,  0.,  1.,  0.,  1.,  1.,  1.,  1.,  0.,  1.,  1.,
         1.])
[2023-11-19 17:19:40,825][__main__][INFO] - epoch: 650
[2023-11-19 17:19:41,405][__main__][INFO] - alignment: tensor([15.,  3.,  4.,  1.,  0.,  1.,  0.,  1.,  1.,  1.,  1.,  0.,  1.,  1.,
         1.])
[2023-11-19 17:19:41,405][__main__][INFO] - epoch: 660
[2023-11-19 17:19:41,941][__main__][INFO] - alignment: tensor([15.,  3.,  4.,  1.,  0.,  1.,  0.,  1.,  1.,  1.,  1.,  0.,  1.,  1.,
         1.])
[2023-11-19 17:19:42,030][__main__][INFO] - Training losses plot: train_losses.png
[2023-11-19 17:19:42,245][__main__][INFO] - Accuracies plot: accuracies.png
