[2023-11-18 18:55:52,004][hydra.utils][INFO] - Logging from main
[2023-11-18 19:35:15,778][__main__][INFO] - Model weights saved at: model.pt
[2023-11-18 19:35:15,792][__main__][INFO] - Training accuracy: 0.9984814814814815
[2023-11-18 19:35:15,792][__main__][INFO] - Testing accuracy: 0.9226666666666666
[2023-11-18 19:35:15,792][__main__][INFO] - feat_thresh: 0.1
[2023-11-18 19:35:15,792][__main__][INFO] - epoch: 0
[2023-11-18 19:35:17,084][__main__][INFO] - alignment: tensor([0., 0., 0., 0., 0., 0., 0., 0., 0., 0., 0., 0., 0., 0., 0.])
[2023-11-18 19:35:17,084][__main__][INFO] - epoch: 10
[2023-11-18 19:35:18,399][__main__][INFO] - alignment: tensor([0., 0., 0., 0., 0., 0., 0., 0., 0., 0., 0., 0., 0., 0., 0.])
[2023-11-18 19:35:18,400][__main__][INFO] - epoch: 20
[2023-11-18 19:35:19,645][__main__][INFO] - alignment: tensor([0., 0., 0., 0., 0., 0., 0., 0., 0., 0., 0., 0., 0., 0., 0.])
[2023-11-18 19:35:19,645][__main__][INFO] - epoch: 30
[2023-11-18 19:35:21,052][__main__][INFO] - alignment: tensor([0., 0., 0., 0., 0., 0., 0., 0., 0., 0., 0., 0., 0., 0., 0.])
[2023-11-18 19:35:21,052][__main__][INFO] - epoch: 40
[2023-11-18 19:35:22,647][__main__][INFO] - alignment: tensor([0., 0., 0., 0., 0., 0., 0., 0., 0., 0., 0., 0., 0., 0., 0.])
[2023-11-18 19:35:22,647][__main__][INFO] - epoch: 50
[2023-11-18 19:35:24,111][__main__][INFO] - alignment: tensor([0., 0., 0., 0., 0., 0., 0., 0., 0., 0., 0., 0., 0., 0., 0.])
[2023-11-18 19:35:24,112][__main__][INFO] - epoch: 60
[2023-11-18 19:35:25,679][__main__][INFO] - alignment: tensor([0., 0., 0., 0., 0., 0., 0., 0., 0., 0., 0., 0., 0., 0., 0.])
[2023-11-18 19:35:25,680][__main__][INFO] - epoch: 70
[2023-11-18 19:35:27,061][__main__][INFO] - alignment: tensor([0., 0., 0., 0., 0., 0., 0., 0., 0., 0., 0., 0., 0., 0., 0.])
[2023-11-18 19:35:27,062][__main__][INFO] - epoch: 80
[2023-11-18 19:35:28,520][__main__][INFO] - alignment: tensor([0., 0., 0., 0., 0., 0., 0., 0., 0., 0., 0., 0., 0., 0., 0.])
[2023-11-18 19:35:28,520][__main__][INFO] - epoch: 90
[2023-11-18 19:35:29,774][__main__][INFO] - alignment: tensor([0., 0., 0., 0., 0., 0., 0., 0., 0., 0., 0., 0., 0., 0., 0.])
[2023-11-18 19:35:29,775][__main__][INFO] - epoch: 100
[2023-11-18 19:35:31,022][__main__][INFO] - alignment: tensor([0., 0., 0., 0., 0., 0., 0., 0., 0., 0., 0., 0., 0., 0., 0.])
[2023-11-18 19:35:31,023][__main__][INFO] - epoch: 110
[2023-11-18 19:35:32,219][__main__][INFO] - alignment: tensor([0., 0., 0., 0., 0., 0., 0., 0., 0., 0., 0., 0., 0., 0., 0.])
[2023-11-18 19:35:32,220][__main__][INFO] - epoch: 120
[2023-11-18 19:35:33,556][__main__][INFO] - alignment: tensor([0., 0., 0., 0., 0., 0., 0., 0., 0., 0., 0., 0., 0., 0., 0.])
[2023-11-18 19:35:33,557][__main__][INFO] - epoch: 130
[2023-11-18 19:35:34,897][__main__][INFO] - alignment: tensor([0., 0., 0., 0., 0., 0., 0., 0., 0., 0., 0., 0., 0., 0., 0.])
[2023-11-18 19:35:34,898][__main__][INFO] - epoch: 140
[2023-11-18 19:35:36,588][__main__][INFO] - alignment: tensor([0., 0., 0., 0., 0., 0., 0., 0., 0., 0., 0., 0., 0., 0., 0.])
[2023-11-18 19:35:36,589][__main__][INFO] - epoch: 150
[2023-11-18 19:35:38,143][__main__][INFO] - alignment: tensor([0., 0., 0., 0., 0., 0., 0., 0., 0., 0., 0., 0., 0., 0., 0.])
[2023-11-18 19:35:38,143][__main__][INFO] - epoch: 160
[2023-11-18 19:35:39,875][__main__][INFO] - alignment: tensor([0., 0., 0., 0., 0., 0., 0., 0., 0., 0., 0., 0., 0., 0., 0.])
[2023-11-18 19:35:39,875][__main__][INFO] - epoch: 170
[2023-11-18 19:35:41,396][__main__][INFO] - alignment: tensor([0., 0., 0., 0., 0., 0., 0., 0., 0., 0., 0., 0., 0., 0., 0.])
[2023-11-18 19:35:41,396][__main__][INFO] - epoch: 180
[2023-11-18 19:35:42,950][__main__][INFO] - alignment: tensor([0., 0., 0., 0., 0., 0., 0., 0., 0., 0., 0., 0., 0., 0., 0.])
[2023-11-18 19:35:42,950][__main__][INFO] - epoch: 190
[2023-11-18 19:35:44,364][__main__][INFO] - alignment: tensor([0., 0., 0., 0., 0., 0., 0., 0., 0., 0., 0., 0., 0., 0., 0.])
[2023-11-18 19:35:44,364][__main__][INFO] - epoch: 200
[2023-11-18 19:35:45,554][__main__][INFO] - alignment: tensor([0., 0., 0., 0., 0., 0., 0., 0., 0., 0., 0., 0., 0., 0., 0.])
[2023-11-18 19:35:45,555][__main__][INFO] - epoch: 210
[2023-11-18 19:35:46,735][__main__][INFO] - alignment: tensor([0., 0., 0., 0., 0., 0., 0., 0., 0., 0., 0., 0., 0., 0., 0.])
[2023-11-18 19:35:46,736][__main__][INFO] - epoch: 220
[2023-11-18 19:35:47,900][__main__][INFO] - alignment: tensor([0., 0., 0., 0., 0., 0., 0., 0., 0., 0., 0., 0., 0., 0., 0.])
[2023-11-18 19:35:47,900][__main__][INFO] - epoch: 230
[2023-11-18 19:35:49,277][__main__][INFO] - alignment: tensor([0., 0., 0., 0., 0., 0., 0., 0., 0., 0., 0., 0., 0., 0., 0.])
[2023-11-18 19:35:49,277][__main__][INFO] - epoch: 240
[2023-11-18 19:35:50,770][__main__][INFO] - alignment: tensor([0., 0., 0., 0., 0., 0., 0., 0., 0., 0., 0., 0., 0., 0., 0.])
[2023-11-18 19:35:50,771][__main__][INFO] - epoch: 250
[2023-11-18 19:35:52,436][__main__][INFO] - alignment: tensor([0., 0., 0., 0., 0., 0., 0., 0., 0., 0., 0., 0., 0., 0., 0.])
[2023-11-18 19:35:52,436][__main__][INFO] - epoch: 260
[2023-11-18 19:35:53,999][__main__][INFO] - alignment: tensor([0., 0., 0., 0., 0., 0., 0., 0., 0., 0., 0., 0., 0., 0., 0.])
[2023-11-18 19:35:53,999][__main__][INFO] - epoch: 270
[2023-11-18 19:35:55,361][__main__][INFO] - alignment: tensor([1., 0., 0., 0., 0., 0., 0., 0., 0., 0., 0., 0., 0., 0., 0.])
[2023-11-18 19:35:55,362][__main__][INFO] - epoch: 280
[2023-11-18 19:35:56,715][__main__][INFO] - alignment: tensor([1., 0., 0., 0., 0., 0., 0., 0., 0., 0., 0., 0., 0., 0., 0.])
[2023-11-18 19:35:56,715][__main__][INFO] - epoch: 290
[2023-11-18 19:35:58,081][__main__][INFO] - alignment: tensor([1., 0., 0., 0., 0., 0., 0., 0., 0., 0., 0., 0., 0., 0., 0.])
[2023-11-18 19:35:58,081][__main__][INFO] - epoch: 300
[2023-11-18 19:35:59,442][__main__][INFO] - alignment: tensor([11.,  1.,  0.,  0.,  0.,  0.,  0.,  0.,  0.,  0.,  0.,  0.,  0.,  0.,
         0.])
[2023-11-18 19:35:59,442][__main__][INFO] - epoch: 310
[2023-11-18 19:36:00,684][__main__][INFO] - alignment: tensor([18.,  1.,  1.,  0.,  0.,  0.,  0.,  0.,  0.,  0.,  0.,  0.,  0.,  0.,
         0.])
[2023-11-18 19:36:00,685][__main__][INFO] - epoch: 320
[2023-11-18 19:36:01,916][__main__][INFO] - alignment: tensor([23.,  1.,  1.,  0.,  0.,  0.,  0.,  0.,  0.,  0.,  0.,  0.,  0.,  0.,
         0.])
[2023-11-18 19:36:01,917][__main__][INFO] - epoch: 330
[2023-11-18 19:36:03,191][__main__][INFO] - alignment: tensor([25.,  1.,  1.,  0.,  0.,  0.,  0.,  0.,  0.,  0.,  0.,  0.,  1.,  0.,
         0.])
[2023-11-18 19:36:03,191][__main__][INFO] - epoch: 340
[2023-11-18 19:36:04,623][__main__][INFO] - alignment: tensor([21.,  1.,  1.,  0.,  0.,  0.,  0.,  0.,  0.,  0.,  0.,  0.,  1.,  0.,
         0.])
[2023-11-18 19:36:04,623][__main__][INFO] - epoch: 350
[2023-11-18 19:36:05,906][__main__][INFO] - alignment: tensor([20.,  1.,  1.,  0.,  0.,  0.,  0.,  0.,  1.,  0.,  0.,  0.,  1.,  1.,
         0.])
[2023-11-18 19:36:05,906][__main__][INFO] - epoch: 360
[2023-11-18 19:36:07,266][__main__][INFO] - alignment: tensor([20.,  1.,  1.,  0.,  0.,  0.,  0.,  0.,  1.,  0.,  0.,  0.,  1.,  1.,
         0.])
[2023-11-18 19:36:07,267][__main__][INFO] - epoch: 370
[2023-11-18 19:36:08,839][__main__][INFO] - alignment: tensor([15.,  1.,  1.,  0.,  0.,  0.,  0.,  0.,  1.,  0.,  0.,  0.,  1.,  1.,
         0.])
[2023-11-18 19:36:08,839][__main__][INFO] - epoch: 380
[2023-11-18 19:36:10,228][__main__][INFO] - alignment: tensor([15.,  1.,  1.,  0.,  0.,  0.,  1.,  1.,  1.,  0.,  0.,  0.,  1.,  1.,
         0.])
[2023-11-18 19:36:10,228][__main__][INFO] - epoch: 390
[2023-11-18 19:36:11,727][__main__][INFO] - alignment: tensor([14.,  1.,  1.,  0.,  0.,  0.,  1.,  0.,  1.,  0.,  1.,  0.,  1.,  1.,
         0.])
[2023-11-18 19:36:11,727][__main__][INFO] - epoch: 400
[2023-11-18 19:36:13,273][__main__][INFO] - alignment: tensor([13.,  1.,  1.,  0.,  0.,  0.,  1.,  0.,  1.,  0.,  1.,  0.,  1.,  1.,
         0.])
[2023-11-18 19:36:13,273][__main__][INFO] - epoch: 410
[2023-11-18 19:36:14,865][__main__][INFO] - alignment: tensor([12.,  1.,  1.,  0.,  0.,  0.,  1.,  1.,  1.,  1.,  1.,  0.,  1.,  1.,
         0.])
[2023-11-18 19:36:14,866][__main__][INFO] - epoch: 420
[2023-11-18 19:36:16,251][__main__][INFO] - alignment: tensor([10.,  1.,  1.,  0.,  0.,  0.,  1.,  1.,  1.,  0.,  1.,  0.,  1.,  1.,
         0.])
[2023-11-18 19:36:16,251][__main__][INFO] - epoch: 430
[2023-11-18 19:36:17,566][__main__][INFO] - alignment: tensor([6., 1., 1., 0., 0., 0., 0., 1., 1., 0., 1., 0., 1., 1., 0.])
[2023-11-18 19:36:17,566][__main__][INFO] - epoch: 440
[2023-11-18 19:36:18,970][__main__][INFO] - alignment: tensor([8., 2., 1., 0., 0., 0., 1., 1., 1., 0., 1., 0., 1., 1., 0.])
[2023-11-18 19:36:18,970][__main__][INFO] - epoch: 450
[2023-11-18 19:36:20,324][__main__][INFO] - alignment: tensor([6., 2., 1., 0., 0., 0., 1., 1., 1., 1., 1., 0., 1., 1., 0.])
[2023-11-18 19:36:20,325][__main__][INFO] - epoch: 460
[2023-11-18 19:36:21,667][__main__][INFO] - alignment: tensor([7., 2., 1., 0., 0., 0., 1., 1., 1., 0., 1., 0., 1., 1., 0.])
[2023-11-18 19:36:21,667][__main__][INFO] - epoch: 470
[2023-11-18 19:36:23,135][__main__][INFO] - alignment: tensor([7., 2., 1., 0., 0., 0., 1., 1., 1., 0., 1., 0., 1., 1., 0.])
[2023-11-18 19:36:23,137][__main__][INFO] - feat_thresh: 0.2
[2023-11-18 19:36:23,138][__main__][INFO] - epoch: 0
[2023-11-18 19:36:24,933][__main__][INFO] - alignment: tensor([0., 0., 0., 0., 0., 0., 0., 0., 0., 0., 0., 0., 0., 0., 0.])
[2023-11-18 19:36:24,933][__main__][INFO] - epoch: 10
[2023-11-18 19:36:26,812][__main__][INFO] - alignment: tensor([0., 0., 0., 0., 0., 0., 0., 0., 0., 0., 0., 0., 0., 0., 0.])
[2023-11-18 19:36:26,812][__main__][INFO] - epoch: 20
[2023-11-18 19:36:28,438][__main__][INFO] - alignment: tensor([0., 0., 0., 0., 0., 0., 0., 0., 0., 0., 0., 0., 0., 0., 0.])
[2023-11-18 19:36:28,439][__main__][INFO] - epoch: 30
[2023-11-18 19:36:29,748][__main__][INFO] - alignment: tensor([0., 0., 0., 0., 0., 0., 0., 0., 0., 0., 0., 0., 0., 0., 0.])
[2023-11-18 19:36:29,748][__main__][INFO] - epoch: 40
[2023-11-18 19:36:31,273][__main__][INFO] - alignment: tensor([0., 0., 0., 0., 0., 0., 0., 0., 0., 0., 0., 0., 0., 0., 0.])
[2023-11-18 19:36:31,273][__main__][INFO] - epoch: 50
[2023-11-18 19:36:32,804][__main__][INFO] - alignment: tensor([0., 0., 0., 0., 0., 0., 0., 0., 0., 0., 0., 0., 0., 0., 0.])
[2023-11-18 19:36:32,804][__main__][INFO] - epoch: 60
[2023-11-18 19:36:34,757][__main__][INFO] - alignment: tensor([0., 0., 0., 0., 0., 0., 0., 0., 0., 0., 0., 0., 0., 0., 0.])
[2023-11-18 19:36:34,757][__main__][INFO] - epoch: 70
[2023-11-18 19:36:36,306][__main__][INFO] - alignment: tensor([0., 0., 0., 0., 0., 0., 0., 0., 0., 0., 0., 0., 0., 0., 0.])
[2023-11-18 19:36:36,306][__main__][INFO] - epoch: 80
[2023-11-18 19:36:37,865][__main__][INFO] - alignment: tensor([0., 0., 0., 0., 0., 0., 0., 0., 0., 0., 0., 0., 0., 0., 0.])
[2023-11-18 19:36:37,865][__main__][INFO] - epoch: 90
[2023-11-18 19:36:39,272][__main__][INFO] - alignment: tensor([0., 0., 0., 0., 0., 0., 0., 0., 0., 0., 0., 0., 0., 0., 0.])
[2023-11-18 19:36:39,273][__main__][INFO] - epoch: 100
[2023-11-18 19:36:40,639][__main__][INFO] - alignment: tensor([0., 0., 0., 0., 0., 0., 0., 0., 0., 0., 0., 0., 0., 0., 0.])
[2023-11-18 19:36:40,640][__main__][INFO] - epoch: 110
[2023-11-18 19:36:42,156][__main__][INFO] - alignment: tensor([0., 0., 0., 0., 0., 0., 0., 0., 0., 0., 0., 0., 0., 0., 0.])
[2023-11-18 19:36:42,157][__main__][INFO] - epoch: 120
[2023-11-18 19:36:43,454][__main__][INFO] - alignment: tensor([0., 0., 0., 0., 0., 0., 0., 0., 0., 0., 0., 0., 0., 0., 0.])
[2023-11-18 19:36:43,455][__main__][INFO] - epoch: 130
[2023-11-18 19:36:44,826][__main__][INFO] - alignment: tensor([0., 0., 0., 0., 0., 0., 0., 0., 0., 0., 0., 0., 0., 0., 0.])
[2023-11-18 19:36:44,826][__main__][INFO] - epoch: 140
[2023-11-18 19:36:46,411][__main__][INFO] - alignment: tensor([0., 0., 0., 0., 0., 0., 0., 0., 0., 0., 0., 0., 0., 0., 0.])
[2023-11-18 19:36:46,411][__main__][INFO] - epoch: 150
[2023-11-18 19:36:47,693][__main__][INFO] - alignment: tensor([0., 0., 0., 0., 0., 0., 0., 0., 0., 0., 0., 0., 0., 0., 0.])
[2023-11-18 19:36:47,693][__main__][INFO] - epoch: 160
[2023-11-18 19:36:49,050][__main__][INFO] - alignment: tensor([0., 0., 0., 0., 0., 0., 0., 0., 0., 0., 0., 0., 0., 0., 0.])
[2023-11-18 19:36:49,050][__main__][INFO] - epoch: 170
[2023-11-18 19:36:50,291][__main__][INFO] - alignment: tensor([0., 0., 0., 0., 0., 0., 0., 0., 0., 0., 0., 0., 0., 0., 0.])
[2023-11-18 19:36:50,291][__main__][INFO] - epoch: 180
[2023-11-18 19:36:51,802][__main__][INFO] - alignment: tensor([0., 0., 0., 0., 0., 0., 0., 0., 0., 0., 0., 0., 0., 0., 0.])
[2023-11-18 19:36:51,802][__main__][INFO] - epoch: 190
[2023-11-18 19:36:53,288][__main__][INFO] - alignment: tensor([0., 0., 0., 0., 0., 0., 0., 0., 0., 0., 0., 0., 0., 0., 0.])
[2023-11-18 19:36:53,288][__main__][INFO] - epoch: 200
[2023-11-18 19:36:54,852][__main__][INFO] - alignment: tensor([0., 0., 0., 0., 0., 0., 0., 0., 0., 0., 0., 0., 0., 0., 0.])
[2023-11-18 19:36:54,852][__main__][INFO] - epoch: 210
[2023-11-18 19:36:56,339][__main__][INFO] - alignment: tensor([0., 0., 0., 0., 0., 0., 0., 0., 0., 0., 0., 0., 0., 0., 0.])
[2023-11-18 19:36:56,340][__main__][INFO] - epoch: 220
[2023-11-18 19:36:57,775][__main__][INFO] - alignment: tensor([0., 0., 0., 0., 0., 0., 0., 0., 0., 0., 0., 0., 0., 0., 0.])
[2023-11-18 19:36:57,776][__main__][INFO] - epoch: 230
[2023-11-18 19:36:59,105][__main__][INFO] - alignment: tensor([0., 0., 0., 0., 0., 0., 0., 0., 0., 0., 0., 0., 0., 0., 0.])
[2023-11-18 19:36:59,106][__main__][INFO] - epoch: 240
[2023-11-18 19:37:00,598][__main__][INFO] - alignment: tensor([0., 0., 0., 0., 0., 0., 0., 0., 0., 0., 0., 0., 0., 0., 0.])
[2023-11-18 19:37:00,599][__main__][INFO] - epoch: 250
[2023-11-18 19:37:01,908][__main__][INFO] - alignment: tensor([0., 0., 0., 0., 0., 0., 0., 0., 0., 0., 0., 0., 0., 0., 0.])
[2023-11-18 19:37:01,908][__main__][INFO] - epoch: 260
[2023-11-18 19:37:03,251][__main__][INFO] - alignment: tensor([1., 0., 0., 0., 0., 0., 0., 0., 0., 0., 0., 0., 0., 0., 0.])
[2023-11-18 19:37:03,251][__main__][INFO] - epoch: 270
[2023-11-18 19:37:04,677][__main__][INFO] - alignment: tensor([3., 0., 0., 0., 0., 0., 0., 0., 0., 0., 0., 0., 0., 0., 0.])
[2023-11-18 19:37:04,677][__main__][INFO] - epoch: 280
[2023-11-18 19:37:06,178][__main__][INFO] - alignment: tensor([12.,  0.,  0.,  0.,  0.,  0.,  0.,  0.,  0.,  0.,  0.,  0.,  0.,  0.,
         0.])
[2023-11-18 19:37:06,179][__main__][INFO] - epoch: 290
[2023-11-18 19:37:07,575][__main__][INFO] - alignment: tensor([35.,  1.,  0.,  0.,  0.,  0.,  0.,  0.,  0.,  0.,  0.,  0.,  0.,  0.,
         0.])
[2023-11-18 19:37:07,575][__main__][INFO] - epoch: 300
[2023-11-18 19:37:08,982][__main__][INFO] - alignment: tensor([58.,  1.,  1.,  0.,  0.,  0.,  0.,  0.,  0.,  0.,  0.,  0.,  1.,  0.,
         0.])
[2023-11-18 19:37:08,983][__main__][INFO] - epoch: 310
[2023-11-18 19:37:10,470][__main__][INFO] - alignment: tensor([62.,  1.,  1.,  0.,  0.,  0.,  0.,  0.,  0.,  0.,  0.,  0.,  1.,  0.,
         0.])
[2023-11-18 19:37:10,471][__main__][INFO] - epoch: 320
[2023-11-18 19:37:12,065][__main__][INFO] - alignment: tensor([63.,  1.,  1.,  0.,  0.,  0.,  0.,  0.,  0.,  0.,  0.,  0.,  1.,  0.,
         0.])
[2023-11-18 19:37:12,065][__main__][INFO] - epoch: 330
[2023-11-18 19:37:13,352][__main__][INFO] - alignment: tensor([62.,  1.,  1.,  0.,  0.,  0.,  0.,  0.,  1.,  0.,  1.,  0.,  1.,  1.,
         0.])
[2023-11-18 19:37:13,352][__main__][INFO] - epoch: 340
[2023-11-18 19:37:14,970][__main__][INFO] - alignment: tensor([50.,  1.,  1.,  0.,  0.,  0.,  0.,  0.,  1.,  0.,  1.,  0.,  1.,  1.,
         0.])
[2023-11-18 19:37:14,970][__main__][INFO] - epoch: 350
[2023-11-18 19:37:16,500][__main__][INFO] - alignment: tensor([47.,  1.,  1.,  0.,  0.,  1.,  0.,  1.,  1.,  1.,  1.,  0.,  1.,  1.,
         0.])
[2023-11-18 19:37:16,500][__main__][INFO] - epoch: 360
[2023-11-18 19:37:17,970][__main__][INFO] - alignment: tensor([45.,  1.,  1.,  0.,  0.,  1.,  1.,  1.,  1.,  1.,  1.,  0.,  1.,  1.,
         0.])
[2023-11-18 19:37:17,970][__main__][INFO] - epoch: 370
[2023-11-18 19:37:19,345][__main__][INFO] - alignment: tensor([40.,  3.,  1.,  0.,  0.,  1.,  1.,  1.,  1.,  1.,  1.,  0.,  1.,  1.,
         0.])
[2023-11-18 19:37:19,346][__main__][INFO] - epoch: 380
[2023-11-18 19:37:20,786][__main__][INFO] - alignment: tensor([40.,  2.,  1.,  0.,  0.,  1.,  1.,  1.,  1.,  1.,  1.,  0.,  1.,  1.,
         0.])
[2023-11-18 19:37:20,787][__main__][INFO] - epoch: 390
[2023-11-18 19:37:22,234][__main__][INFO] - alignment: tensor([35.,  2.,  1.,  1.,  0.,  1.,  1.,  1.,  1.,  1.,  1.,  0.,  1.,  1.,
         0.])
[2023-11-18 19:37:22,234][__main__][INFO] - epoch: 400
[2023-11-18 19:37:23,510][__main__][INFO] - alignment: tensor([35.,  2.,  1.,  1.,  0.,  1.,  1.,  1.,  1.,  1.,  1.,  0.,  1.,  1.,
         0.])
[2023-11-18 19:37:23,510][__main__][INFO] - epoch: 410
[2023-11-18 19:37:24,800][__main__][INFO] - alignment: tensor([30.,  3.,  1.,  1.,  0.,  2.,  1.,  1.,  1.,  1.,  1.,  0.,  1.,  1.,
         0.])
[2023-11-18 19:37:24,801][__main__][INFO] - epoch: 420
[2023-11-18 19:37:26,485][__main__][INFO] - alignment: tensor([30.,  3.,  1.,  1.,  0.,  2.,  1.,  1.,  1.,  1.,  1.,  0.,  1.,  1.,
         0.])
[2023-11-18 19:37:26,486][__main__][INFO] - epoch: 430
[2023-11-18 19:37:28,068][__main__][INFO] - alignment: tensor([29.,  3.,  1.,  1.,  0.,  2.,  1.,  1.,  1.,  1.,  1.,  0.,  1.,  1.,
         0.])
[2023-11-18 19:37:28,068][__main__][INFO] - epoch: 440
[2023-11-18 19:37:29,714][__main__][INFO] - alignment: tensor([29.,  3.,  2.,  1.,  0.,  1.,  1.,  1.,  1.,  1.,  1.,  0.,  1.,  1.,
         0.])
[2023-11-18 19:37:29,714][__main__][INFO] - epoch: 450
[2023-11-18 19:37:31,169][__main__][INFO] - alignment: tensor([27.,  3.,  2.,  1.,  0.,  1.,  1.,  1.,  1.,  1.,  1.,  0.,  1.,  1.,
         0.])
[2023-11-18 19:37:31,170][__main__][INFO] - epoch: 460
[2023-11-18 19:37:32,908][__main__][INFO] - alignment: tensor([27.,  3.,  2.,  1.,  1.,  1.,  1.,  1.,  1.,  1.,  1.,  0.,  1.,  1.,
         0.])
[2023-11-18 19:37:32,908][__main__][INFO] - epoch: 470
[2023-11-18 19:37:34,545][__main__][INFO] - alignment: tensor([27.,  3.,  2.,  1.,  1.,  1.,  1.,  1.,  1.,  1.,  1.,  0.,  1.,  1.,
         0.])
[2023-11-18 19:37:34,545][__main__][INFO] - feat_thresh: 0.3
[2023-11-18 19:37:34,545][__main__][INFO] - epoch: 0
[2023-11-18 19:37:36,153][__main__][INFO] - alignment: tensor([0., 0., 0., 0., 0., 0., 0., 0., 0., 0., 0., 0., 0., 0., 0.])
[2023-11-18 19:37:36,154][__main__][INFO] - epoch: 10
[2023-11-18 19:37:37,545][__main__][INFO] - alignment: tensor([0., 0., 0., 0., 0., 0., 0., 0., 0., 0., 0., 0., 0., 0., 0.])
[2023-11-18 19:37:37,545][__main__][INFO] - epoch: 20
[2023-11-18 19:37:39,089][__main__][INFO] - alignment: tensor([0., 0., 0., 0., 0., 0., 0., 0., 0., 0., 0., 0., 0., 0., 0.])
[2023-11-18 19:37:39,090][__main__][INFO] - epoch: 30
[2023-11-18 19:37:40,361][__main__][INFO] - alignment: tensor([0., 0., 0., 0., 0., 0., 0., 0., 0., 0., 0., 0., 0., 0., 0.])
[2023-11-18 19:37:40,362][__main__][INFO] - epoch: 40
[2023-11-18 19:37:41,800][__main__][INFO] - alignment: tensor([0., 0., 0., 0., 0., 0., 0., 0., 0., 0., 0., 0., 0., 0., 0.])
[2023-11-18 19:37:41,801][__main__][INFO] - epoch: 50
[2023-11-18 19:37:43,287][__main__][INFO] - alignment: tensor([0., 0., 0., 0., 0., 0., 0., 0., 0., 0., 0., 0., 0., 0., 0.])
[2023-11-18 19:37:43,288][__main__][INFO] - epoch: 60
[2023-11-18 19:37:44,861][__main__][INFO] - alignment: tensor([0., 0., 0., 0., 0., 0., 0., 0., 0., 0., 0., 0., 0., 0., 0.])
[2023-11-18 19:37:44,862][__main__][INFO] - epoch: 70
[2023-11-18 19:37:46,785][__main__][INFO] - alignment: tensor([0., 0., 0., 0., 0., 0., 0., 0., 0., 0., 0., 0., 0., 0., 0.])
[2023-11-18 19:37:46,785][__main__][INFO] - epoch: 80
[2023-11-18 19:37:48,357][__main__][INFO] - alignment: tensor([0., 0., 0., 0., 0., 0., 0., 0., 0., 0., 0., 0., 0., 0., 0.])
[2023-11-18 19:37:48,357][__main__][INFO] - epoch: 90
[2023-11-18 19:37:49,742][__main__][INFO] - alignment: tensor([0., 0., 0., 0., 0., 0., 0., 0., 0., 0., 0., 0., 0., 0., 0.])
[2023-11-18 19:37:49,742][__main__][INFO] - epoch: 100
[2023-11-18 19:37:51,009][__main__][INFO] - alignment: tensor([0., 0., 0., 0., 0., 0., 0., 0., 0., 0., 0., 0., 0., 0., 0.])
[2023-11-18 19:37:51,009][__main__][INFO] - epoch: 110
[2023-11-18 19:37:52,378][__main__][INFO] - alignment: tensor([0., 0., 0., 0., 0., 0., 0., 0., 0., 0., 0., 0., 0., 0., 0.])
[2023-11-18 19:37:52,378][__main__][INFO] - epoch: 120
[2023-11-18 19:37:53,877][__main__][INFO] - alignment: tensor([0., 0., 0., 0., 0., 0., 0., 0., 0., 0., 0., 0., 0., 0., 0.])
[2023-11-18 19:37:53,877][__main__][INFO] - epoch: 130
[2023-11-18 19:37:55,193][__main__][INFO] - alignment: tensor([0., 0., 0., 0., 0., 0., 0., 0., 0., 0., 0., 0., 0., 0., 0.])
[2023-11-18 19:37:55,193][__main__][INFO] - epoch: 140
[2023-11-18 19:37:56,668][__main__][INFO] - alignment: tensor([0., 0., 0., 0., 0., 0., 0., 0., 0., 0., 0., 0., 0., 0., 0.])
[2023-11-18 19:37:56,668][__main__][INFO] - epoch: 150
[2023-11-18 19:37:58,145][__main__][INFO] - alignment: tensor([0., 0., 0., 0., 0., 0., 0., 0., 0., 0., 0., 0., 0., 0., 0.])
[2023-11-18 19:37:58,145][__main__][INFO] - epoch: 160
[2023-11-18 19:37:59,543][__main__][INFO] - alignment: tensor([0., 0., 0., 0., 0., 0., 0., 0., 0., 0., 0., 0., 0., 0., 0.])
[2023-11-18 19:37:59,543][__main__][INFO] - epoch: 170
[2023-11-18 19:38:01,120][__main__][INFO] - alignment: tensor([0., 0., 0., 0., 0., 0., 0., 0., 0., 0., 0., 0., 0., 0., 0.])
[2023-11-18 19:38:01,120][__main__][INFO] - epoch: 180
[2023-11-18 19:38:02,506][__main__][INFO] - alignment: tensor([0., 0., 0., 0., 0., 0., 0., 0., 0., 0., 0., 0., 0., 0., 0.])
[2023-11-18 19:38:02,507][__main__][INFO] - epoch: 190
[2023-11-18 19:38:04,320][__main__][INFO] - alignment: tensor([0., 0., 0., 0., 0., 0., 0., 0., 0., 0., 0., 0., 0., 0., 0.])
[2023-11-18 19:38:04,321][__main__][INFO] - epoch: 200
[2023-11-18 19:38:05,947][__main__][INFO] - alignment: tensor([0., 0., 0., 0., 0., 0., 0., 0., 0., 0., 0., 0., 0., 0., 0.])
[2023-11-18 19:38:05,947][__main__][INFO] - epoch: 210
[2023-11-18 19:38:07,398][__main__][INFO] - alignment: tensor([0., 0., 0., 0., 0., 0., 0., 0., 0., 0., 0., 0., 0., 0., 0.])
[2023-11-18 19:38:07,398][__main__][INFO] - epoch: 220
[2023-11-18 19:38:08,856][__main__][INFO] - alignment: tensor([0., 0., 0., 0., 0., 0., 0., 0., 0., 0., 0., 0., 0., 0., 0.])
[2023-11-18 19:38:08,856][__main__][INFO] - epoch: 230
[2023-11-18 19:38:10,245][__main__][INFO] - alignment: tensor([0., 0., 0., 0., 0., 0., 0., 0., 0., 0., 0., 0., 0., 0., 0.])
[2023-11-18 19:38:10,245][__main__][INFO] - epoch: 240
[2023-11-18 19:38:11,509][__main__][INFO] - alignment: tensor([0., 0., 0., 0., 0., 0., 0., 0., 0., 0., 0., 0., 0., 0., 0.])
[2023-11-18 19:38:11,510][__main__][INFO] - epoch: 250
[2023-11-18 19:38:13,083][__main__][INFO] - alignment: tensor([4., 0., 0., 0., 0., 0., 0., 0., 0., 0., 0., 0., 0., 0., 0.])
[2023-11-18 19:38:13,083][__main__][INFO] - epoch: 260
[2023-11-18 19:38:14,622][__main__][INFO] - alignment: tensor([16.,  0.,  0.,  0.,  0.,  0.,  0.,  0.,  0.,  0.,  0.,  0.,  0.,  0.,
         0.])
[2023-11-18 19:38:14,623][__main__][INFO] - epoch: 270
[2023-11-18 19:38:16,060][__main__][INFO] - alignment: tensor([28.,  1.,  0.,  0.,  0.,  0.,  0.,  0.,  0.,  0.,  0.,  0.,  0.,  0.,
         0.])
[2023-11-18 19:38:16,060][__main__][INFO] - epoch: 280
[2023-11-18 19:38:17,478][__main__][INFO] - alignment: tensor([64.,  1.,  0.,  0.,  0.,  0.,  0.,  0.,  0.,  0.,  0.,  0.,  0.,  0.,
         0.])
[2023-11-18 19:38:17,478][__main__][INFO] - epoch: 290
[2023-11-18 19:38:18,919][__main__][INFO] - alignment: tensor([101.,   1.,   0.,   0.,   0.,   0.,   0.,   0.,   0.,   0.,   0.,   0.,
          1.,   0.,   0.])
[2023-11-18 19:38:18,919][__main__][INFO] - epoch: 300
[2023-11-18 19:38:20,466][__main__][INFO] - alignment: tensor([117.,   1.,   1.,   0.,   0.,   0.,   0.,   0.,   0.,   0.,   0.,   0.,
          1.,   0.,   0.])
[2023-11-18 19:38:20,466][__main__][INFO] - epoch: 310
[2023-11-18 19:38:21,743][__main__][INFO] - alignment: tensor([110.,   1.,   2.,   0.,   0.,   0.,   0.,   0.,   1.,   0.,   0.,   0.,
          1.,   1.,   0.])
[2023-11-18 19:38:21,743][__main__][INFO] - epoch: 320
[2023-11-18 19:38:22,945][__main__][INFO] - alignment: tensor([106.,   2.,   3.,   0.,   0.,   0.,   0.,   0.,   1.,   0.,   1.,   0.,
          1.,   1.,   0.])
[2023-11-18 19:38:22,946][__main__][INFO] - epoch: 330
[2023-11-18 19:38:24,150][__main__][INFO] - alignment: tensor([95.,  4.,  3.,  0.,  0.,  1.,  0.,  0.,  1.,  0.,  1.,  0.,  1.,  1.,
         0.])
[2023-11-18 19:38:24,150][__main__][INFO] - epoch: 340
[2023-11-18 19:38:25,670][__main__][INFO] - alignment: tensor([85.,  4.,  2.,  0.,  1.,  2.,  0.,  1.,  1.,  1.,  1.,  0.,  1.,  1.,
         0.])
[2023-11-18 19:38:25,671][__main__][INFO] - epoch: 350
[2023-11-18 19:38:27,155][__main__][INFO] - alignment: tensor([82.,  4.,  2.,  1.,  1.,  2.,  0.,  1.,  1.,  1.,  1.,  0.,  1.,  1.,
         0.])
[2023-11-18 19:38:27,155][__main__][INFO] - epoch: 360
[2023-11-18 19:38:28,348][__main__][INFO] - alignment: tensor([77.,  5.,  2.,  1.,  1.,  2.,  1.,  1.,  1.,  1.,  1.,  0.,  1.,  1.,
         0.])
[2023-11-18 19:38:28,348][__main__][INFO] - epoch: 370
[2023-11-18 19:38:29,797][__main__][INFO] - alignment: tensor([75.,  4.,  2.,  1.,  2.,  2.,  1.,  1.,  1.,  1.,  1.,  0.,  1.,  1.,
         0.])
[2023-11-18 19:38:29,797][__main__][INFO] - epoch: 380
[2023-11-18 19:38:31,453][__main__][INFO] - alignment: tensor([73.,  4.,  3.,  1.,  2.,  2.,  1.,  1.,  1.,  1.,  1.,  0.,  1.,  1.,
         0.])
[2023-11-18 19:38:31,453][__main__][INFO] - epoch: 390
[2023-11-18 19:38:32,806][__main__][INFO] - alignment: tensor([70.,  4.,  4.,  1.,  2.,  2.,  1.,  1.,  1.,  1.,  1.,  0.,  1.,  1.,
         0.])
[2023-11-18 19:38:32,806][__main__][INFO] - epoch: 400
[2023-11-18 19:38:34,179][__main__][INFO] - alignment: tensor([66.,  3.,  3.,  1.,  2.,  2.,  1.,  1.,  1.,  1.,  1.,  0.,  1.,  1.,
         0.])
[2023-11-18 19:38:34,179][__main__][INFO] - epoch: 410
[2023-11-18 19:38:35,533][__main__][INFO] - alignment: tensor([59.,  4.,  3.,  1.,  2.,  2.,  1.,  1.,  1.,  1.,  1.,  0.,  1.,  1.,
         0.])
[2023-11-18 19:38:35,533][__main__][INFO] - epoch: 420
[2023-11-18 19:38:36,794][__main__][INFO] - alignment: tensor([54.,  3.,  3.,  1.,  2.,  2.,  1.,  1.,  1.,  1.,  1.,  0.,  1.,  1.,
         0.])
[2023-11-18 19:38:36,795][__main__][INFO] - epoch: 430
[2023-11-18 19:38:38,038][__main__][INFO] - alignment: tensor([53.,  3.,  3.,  1.,  2.,  2.,  1.,  1.,  1.,  1.,  1.,  0.,  1.,  1.,
         0.])
[2023-11-18 19:38:38,038][__main__][INFO] - epoch: 440
[2023-11-18 19:38:39,240][__main__][INFO] - alignment: tensor([53.,  3.,  3.,  1.,  2.,  2.,  1.,  1.,  1.,  1.,  1.,  0.,  1.,  1.,
         0.])
[2023-11-18 19:38:39,240][__main__][INFO] - epoch: 450
[2023-11-18 19:38:40,596][__main__][INFO] - alignment: tensor([53.,  3.,  5.,  1.,  2.,  2.,  1.,  1.,  1.,  1.,  1.,  0.,  1.,  1.,
         0.])
[2023-11-18 19:38:40,596][__main__][INFO] - epoch: 460
[2023-11-18 19:38:41,846][__main__][INFO] - alignment: tensor([49.,  3.,  3.,  1.,  2.,  2.,  1.,  1.,  1.,  1.,  1.,  0.,  1.,  1.,
         0.])
[2023-11-18 19:38:41,846][__main__][INFO] - epoch: 470
[2023-11-18 19:38:43,245][__main__][INFO] - alignment: tensor([49.,  3.,  3.,  1.,  2.,  2.,  1.,  1.,  1.,  1.,  1.,  0.,  1.,  1.,
         0.])
[2023-11-18 19:38:43,334][__main__][INFO] - Training losses plot: train_losses.png
[2023-11-18 19:38:43,425][__main__][INFO] - Accuracies plot: accuracies.png
