[2023-11-18 17:51:13,521][hydra.utils][INFO] - Logging from main
[2023-11-18 18:19:01,705][__main__][INFO] - Model weights saved at: model.pt
[2023-11-18 18:19:01,716][__main__][INFO] - Training accuracy: 1.0
[2023-11-18 18:19:01,716][__main__][INFO] - Testing accuracy: 0.94025
[2023-11-18 18:19:01,716][__main__][INFO] - feat_thresh: 0.1
[2023-11-18 18:19:01,716][__main__][INFO] - epoch: 0
[2023-11-18 18:19:03,502][__main__][INFO] - alignment: tensor([0., 0., 0., 0., 0., 0., 0., 0., 0., 0., 0., 0., 0., 0., 0.])
[2023-11-18 18:19:03,503][__main__][INFO] - epoch: 10
[2023-11-18 18:19:04,900][__main__][INFO] - alignment: tensor([0., 0., 0., 0., 0., 0., 0., 0., 0., 0., 0., 0., 0., 0., 0.])
[2023-11-18 18:19:04,900][__main__][INFO] - epoch: 20
[2023-11-18 18:19:06,115][__main__][INFO] - alignment: tensor([0., 0., 0., 0., 0., 0., 0., 0., 0., 0., 0., 0., 0., 0., 0.])
[2023-11-18 18:19:06,115][__main__][INFO] - epoch: 30
[2023-11-18 18:19:07,351][__main__][INFO] - alignment: tensor([0., 0., 0., 0., 0., 0., 0., 0., 0., 0., 0., 0., 0., 0., 0.])
[2023-11-18 18:19:07,351][__main__][INFO] - epoch: 40
[2023-11-18 18:19:08,547][__main__][INFO] - alignment: tensor([0., 0., 0., 0., 0., 0., 0., 0., 0., 0., 0., 0., 0., 0., 0.])
[2023-11-18 18:19:08,547][__main__][INFO] - epoch: 50
[2023-11-18 18:19:09,723][__main__][INFO] - alignment: tensor([0., 0., 0., 0., 0., 0., 0., 0., 0., 0., 0., 0., 0., 0., 0.])
[2023-11-18 18:19:09,723][__main__][INFO] - epoch: 60
[2023-11-18 18:19:10,998][__main__][INFO] - alignment: tensor([0., 0., 0., 0., 0., 0., 0., 0., 0., 0., 0., 0., 0., 0., 0.])
[2023-11-18 18:19:10,998][__main__][INFO] - epoch: 70
[2023-11-18 18:19:12,238][__main__][INFO] - alignment: tensor([0., 0., 0., 0., 0., 0., 0., 0., 0., 0., 0., 0., 0., 0., 0.])
[2023-11-18 18:19:12,238][__main__][INFO] - epoch: 80
[2023-11-18 18:19:13,528][__main__][INFO] - alignment: tensor([0., 0., 0., 0., 0., 0., 0., 0., 0., 0., 0., 0., 0., 0., 0.])
[2023-11-18 18:19:13,528][__main__][INFO] - epoch: 90
[2023-11-18 18:19:14,757][__main__][INFO] - alignment: tensor([0., 0., 0., 0., 0., 0., 0., 0., 0., 0., 0., 0., 0., 0., 0.])
[2023-11-18 18:19:14,757][__main__][INFO] - epoch: 100
[2023-11-18 18:19:15,978][__main__][INFO] - alignment: tensor([0., 0., 0., 0., 0., 0., 0., 0., 0., 0., 0., 0., 0., 0., 0.])
[2023-11-18 18:19:15,979][__main__][INFO] - epoch: 110
[2023-11-18 18:19:17,368][__main__][INFO] - alignment: tensor([0., 0., 0., 0., 0., 0., 0., 0., 0., 0., 0., 0., 0., 0., 0.])
[2023-11-18 18:19:17,369][__main__][INFO] - epoch: 120
[2023-11-18 18:19:18,762][__main__][INFO] - alignment: tensor([0., 0., 0., 0., 0., 0., 0., 0., 0., 0., 0., 0., 0., 0., 0.])
[2023-11-18 18:19:18,763][__main__][INFO] - epoch: 130
[2023-11-18 18:19:20,147][__main__][INFO] - alignment: tensor([7., 1., 0., 0., 0., 0., 0., 0., 0., 0., 0., 0., 0., 0., 0.])
[2023-11-18 18:19:20,148][__main__][INFO] - epoch: 140
[2023-11-18 18:19:21,893][__main__][INFO] - alignment: tensor([6., 1., 1., 0., 0., 0., 0., 0., 0., 0., 0., 0., 0., 0., 0.])
[2023-11-18 18:19:21,893][__main__][INFO] - epoch: 150
[2023-11-18 18:19:23,303][__main__][INFO] - alignment: tensor([5., 1., 1., 0., 0., 0., 0., 1., 0., 0., 0., 0., 0., 0., 0.])
[2023-11-18 18:19:23,303][__main__][INFO] - epoch: 160
[2023-11-18 18:19:24,625][__main__][INFO] - alignment: tensor([6., 1., 1., 0., 0., 0., 0., 1., 0., 0., 0., 0., 0., 0., 0.])
[2023-11-18 18:19:24,625][__main__][INFO] - epoch: 170
[2023-11-18 18:19:25,891][__main__][INFO] - alignment: tensor([5., 1., 1., 0., 0., 0., 0., 1., 0., 0., 0., 0., 1., 0., 0.])
[2023-11-18 18:19:25,891][__main__][INFO] - epoch: 180
[2023-11-18 18:19:27,141][__main__][INFO] - alignment: tensor([3., 1., 1., 0., 0., 0., 0., 1., 0., 0., 1., 0., 1., 0., 0.])
[2023-11-18 18:19:27,141][__main__][INFO] - epoch: 190
[2023-11-18 18:19:28,388][__main__][INFO] - alignment: tensor([5., 1., 1., 0., 0., 1., 0., 1., 0., 0., 1., 0., 1., 0., 0.])
[2023-11-18 18:19:28,388][__main__][INFO] - epoch: 200
[2023-11-18 18:19:29,604][__main__][INFO] - alignment: tensor([5., 1., 1., 0., 0., 1., 0., 1., 0., 0., 1., 0., 1., 0., 0.])
[2023-11-18 18:19:29,604][__main__][INFO] - epoch: 210
[2023-11-18 18:19:30,810][__main__][INFO] - alignment: tensor([4., 1., 1., 0., 0., 1., 0., 1., 0., 0., 1., 0., 1., 0., 0.])
[2023-11-18 18:19:30,810][__main__][INFO] - epoch: 220
[2023-11-18 18:19:32,121][__main__][INFO] - alignment: tensor([5., 1., 1., 0., 0., 1., 0., 1., 0., 0., 1., 0., 1., 0., 1.])
[2023-11-18 18:19:32,121][__main__][INFO] - epoch: 230
[2023-11-18 18:19:33,351][__main__][INFO] - alignment: tensor([4., 1., 1., 0., 0., 1., 0., 1., 0., 1., 1., 0., 1., 0., 0.])
[2023-11-18 18:19:33,351][__main__][INFO] - epoch: 240
[2023-11-18 18:19:34,522][__main__][INFO] - alignment: tensor([4., 1., 1., 0., 0., 1., 0., 1., 0., 1., 1., 0., 1., 0., 1.])
[2023-11-18 18:19:34,523][__main__][INFO] - epoch: 250
[2023-11-18 18:19:35,757][__main__][INFO] - alignment: tensor([5., 1., 1., 0., 0., 1., 0., 1., 0., 1., 1., 0., 1., 0., 1.])
[2023-11-18 18:19:35,757][__main__][INFO] - epoch: 260
[2023-11-18 18:19:37,155][__main__][INFO] - alignment: tensor([6., 1., 1., 0., 0., 1., 0., 1., 0., 1., 1., 0., 1., 0., 1.])
[2023-11-18 18:19:37,155][__main__][INFO] - epoch: 270
[2023-11-18 18:19:38,522][__main__][INFO] - alignment: tensor([6., 1., 1., 0., 0., 1., 0., 1., 0., 1., 1., 0., 1., 0., 1.])
[2023-11-18 18:19:38,522][__main__][INFO] - epoch: 280
[2023-11-18 18:19:39,860][__main__][INFO] - alignment: tensor([6., 1., 1., 0., 0., 1., 0., 1., 0., 1., 1., 0., 1., 0., 1.])
[2023-11-18 18:19:39,860][__main__][INFO] - epoch: 290
[2023-11-18 18:19:41,058][__main__][INFO] - alignment: tensor([6., 1., 1., 0., 0., 1., 0., 1., 0., 1., 1., 0., 1., 1., 1.])
[2023-11-18 18:19:41,058][__main__][INFO] - epoch: 300
[2023-11-18 18:19:42,225][__main__][INFO] - alignment: tensor([6., 1., 1., 0., 0., 1., 0., 1., 0., 1., 1., 0., 1., 1., 1.])
[2023-11-18 18:19:42,225][__main__][INFO] - epoch: 310
[2023-11-18 18:19:43,398][__main__][INFO] - alignment: tensor([6., 1., 1., 0., 0., 1., 0., 1., 0., 1., 1., 0., 1., 1., 1.])
[2023-11-18 18:19:43,398][__main__][INFO] - feat_thresh: 0.2
[2023-11-18 18:19:43,398][__main__][INFO] - epoch: 0
[2023-11-18 18:19:44,576][__main__][INFO] - alignment: tensor([0., 0., 0., 0., 0., 0., 0., 0., 0., 0., 0., 0., 0., 0., 0.])
[2023-11-18 18:19:44,576][__main__][INFO] - epoch: 10
[2023-11-18 18:19:45,908][__main__][INFO] - alignment: tensor([0., 0., 0., 0., 0., 0., 0., 0., 0., 0., 0., 0., 0., 0., 0.])
[2023-11-18 18:19:45,908][__main__][INFO] - epoch: 20
[2023-11-18 18:19:47,141][__main__][INFO] - alignment: tensor([0., 0., 0., 0., 0., 0., 0., 0., 0., 0., 0., 0., 0., 0., 0.])
[2023-11-18 18:19:47,142][__main__][INFO] - epoch: 30
[2023-11-18 18:19:48,345][__main__][INFO] - alignment: tensor([0., 0., 0., 0., 0., 0., 0., 0., 0., 0., 0., 0., 0., 0., 0.])
[2023-11-18 18:19:48,345][__main__][INFO] - epoch: 40
[2023-11-18 18:19:49,690][__main__][INFO] - alignment: tensor([0., 0., 0., 0., 0., 0., 0., 0., 0., 0., 0., 0., 0., 0., 0.])
[2023-11-18 18:19:49,690][__main__][INFO] - epoch: 50
[2023-11-18 18:19:50,935][__main__][INFO] - alignment: tensor([0., 0., 0., 0., 0., 0., 0., 0., 0., 0., 0., 0., 0., 0., 0.])
[2023-11-18 18:19:50,936][__main__][INFO] - epoch: 60
[2023-11-18 18:19:52,133][__main__][INFO] - alignment: tensor([0., 0., 0., 0., 0., 0., 0., 0., 0., 0., 0., 0., 0., 0., 0.])
[2023-11-18 18:19:52,134][__main__][INFO] - epoch: 70
[2023-11-18 18:19:53,317][__main__][INFO] - alignment: tensor([0., 0., 0., 0., 0., 0., 0., 0., 0., 0., 0., 0., 0., 0., 0.])
[2023-11-18 18:19:53,317][__main__][INFO] - epoch: 80
[2023-11-18 18:19:54,486][__main__][INFO] - alignment: tensor([0., 0., 0., 0., 0., 0., 0., 0., 0., 0., 0., 0., 0., 0., 0.])
[2023-11-18 18:19:54,486][__main__][INFO] - epoch: 90
[2023-11-18 18:19:55,661][__main__][INFO] - alignment: tensor([0., 0., 0., 0., 0., 0., 0., 0., 0., 0., 0., 0., 0., 0., 0.])
[2023-11-18 18:19:55,661][__main__][INFO] - epoch: 100
[2023-11-18 18:19:56,839][__main__][INFO] - alignment: tensor([1., 0., 0., 0., 0., 0., 0., 0., 0., 0., 0., 0., 0., 0., 0.])
[2023-11-18 18:19:56,839][__main__][INFO] - epoch: 110
[2023-11-18 18:19:58,036][__main__][INFO] - alignment: tensor([9., 0., 0., 0., 0., 0., 0., 0., 0., 0., 0., 0., 0., 0., 0.])
[2023-11-18 18:19:58,036][__main__][INFO] - epoch: 120
[2023-11-18 18:19:59,222][__main__][INFO] - alignment: tensor([17.,  0.,  0.,  0.,  0.,  0.,  0.,  0.,  0.,  0.,  0.,  0.,  0.,  0.,
         0.])
[2023-11-18 18:19:59,222][__main__][INFO] - epoch: 130
[2023-11-18 18:20:00,430][__main__][INFO] - alignment: tensor([23.,  1.,  0.,  0.,  0.,  0.,  0.,  0.,  0.,  0.,  0.,  0.,  0.,  0.,
         0.])
[2023-11-18 18:20:00,430][__main__][INFO] - epoch: 140
[2023-11-18 18:20:01,696][__main__][INFO] - alignment: tensor([18.,  1.,  1.,  0.,  0.,  0.,  0.,  1.,  0.,  0.,  0.,  0.,  0.,  0.,
         0.])
[2023-11-18 18:20:01,696][__main__][INFO] - epoch: 150
[2023-11-18 18:20:02,876][__main__][INFO] - alignment: tensor([15.,  1.,  1.,  0.,  0.,  0.,  0.,  1.,  0.,  0.,  0.,  0.,  0.,  0.,
         1.])
[2023-11-18 18:20:02,876][__main__][INFO] - epoch: 160
[2023-11-18 18:20:04,134][__main__][INFO] - alignment: tensor([13.,  1.,  1.,  0.,  0.,  0.,  0.,  1.,  0.,  0.,  1.,  0.,  1.,  0.,
         0.])
[2023-11-18 18:20:04,134][__main__][INFO] - epoch: 170
[2023-11-18 18:20:05,534][__main__][INFO] - alignment: tensor([14.,  1.,  1.,  0.,  0.,  0.,  0.,  1.,  0.,  0.,  1.,  0.,  1.,  0.,
         0.])
[2023-11-18 18:20:05,535][__main__][INFO] - epoch: 180
[2023-11-18 18:20:06,715][__main__][INFO] - alignment: tensor([16.,  1.,  2.,  0.,  0.,  0.,  0.,  1.,  0.,  0.,  1.,  0.,  1.,  0.,
         0.])
[2023-11-18 18:20:06,716][__main__][INFO] - epoch: 190
[2023-11-18 18:20:07,926][__main__][INFO] - alignment: tensor([17.,  1.,  2.,  0.,  0.,  1.,  0.,  1.,  0.,  1.,  1.,  0.,  1.,  0.,
         1.])
[2023-11-18 18:20:07,926][__main__][INFO] - epoch: 200
[2023-11-18 18:20:09,188][__main__][INFO] - alignment: tensor([17.,  1.,  2.,  0.,  0.,  1.,  0.,  1.,  0.,  1.,  1.,  0.,  1.,  0.,
         1.])
[2023-11-18 18:20:09,188][__main__][INFO] - epoch: 210
[2023-11-18 18:20:10,439][__main__][INFO] - alignment: tensor([17.,  1.,  2.,  0.,  0.,  1.,  0.,  1.,  0.,  1.,  1.,  0.,  1.,  1.,
         1.])
[2023-11-18 18:20:10,439][__main__][INFO] - epoch: 220
[2023-11-18 18:20:11,765][__main__][INFO] - alignment: tensor([17.,  1.,  2.,  0.,  0.,  1.,  0.,  1.,  0.,  1.,  1.,  0.,  1.,  1.,
         1.])
[2023-11-18 18:20:11,765][__main__][INFO] - epoch: 230
[2023-11-18 18:20:12,954][__main__][INFO] - alignment: tensor([15.,  2.,  2.,  0.,  0.,  1.,  0.,  1.,  0.,  1.,  1.,  0.,  1.,  1.,
         1.])
[2023-11-18 18:20:12,954][__main__][INFO] - epoch: 240
[2023-11-18 18:20:14,367][__main__][INFO] - alignment: tensor([13.,  2.,  2.,  1.,  0.,  1.,  0.,  1.,  0.,  1.,  1.,  0.,  1.,  1.,
         1.])
[2023-11-18 18:20:14,367][__main__][INFO] - epoch: 250
[2023-11-18 18:20:15,610][__main__][INFO] - alignment: tensor([11.,  2.,  2.,  1.,  0.,  1.,  0.,  1.,  0.,  1.,  1.,  0.,  1.,  1.,
         1.])
[2023-11-18 18:20:15,611][__main__][INFO] - epoch: 260
[2023-11-18 18:20:16,791][__main__][INFO] - alignment: tensor([10.,  2.,  2.,  1.,  0.,  1.,  0.,  1.,  0.,  1.,  1.,  0.,  1.,  1.,
         1.])
[2023-11-18 18:20:16,791][__main__][INFO] - epoch: 270
[2023-11-18 18:20:17,987][__main__][INFO] - alignment: tensor([8., 2., 2., 1., 0., 1., 0., 1., 0., 1., 1., 0., 1., 1., 1.])
[2023-11-18 18:20:17,987][__main__][INFO] - epoch: 280
[2023-11-18 18:20:19,192][__main__][INFO] - alignment: tensor([9., 2., 2., 1., 0., 1., 0., 1., 0., 1., 1., 0., 1., 1., 1.])
[2023-11-18 18:20:19,192][__main__][INFO] - epoch: 290
[2023-11-18 18:20:20,491][__main__][INFO] - alignment: tensor([9., 2., 2., 1., 0., 1., 0., 1., 0., 1., 1., 0., 1., 1., 1.])
[2023-11-18 18:20:20,491][__main__][INFO] - epoch: 300
[2023-11-18 18:20:21,656][__main__][INFO] - alignment: tensor([12.,  2.,  2.,  2.,  0.,  1.,  0.,  1.,  0.,  1.,  1.,  0.,  1.,  1.,
         1.])
[2023-11-18 18:20:21,656][__main__][INFO] - epoch: 310
[2023-11-18 18:20:22,892][__main__][INFO] - alignment: tensor([12.,  2.,  2.,  2.,  0.,  1.,  0.,  1.,  0.,  1.,  1.,  0.,  1.,  1.,
         1.])
[2023-11-18 18:20:22,892][__main__][INFO] - feat_thresh: 0.3
[2023-11-18 18:20:22,892][__main__][INFO] - epoch: 0
[2023-11-18 18:20:24,167][__main__][INFO] - alignment: tensor([0., 0., 0., 0., 0., 0., 0., 0., 0., 0., 0., 0., 0., 0., 0.])
[2023-11-18 18:20:24,168][__main__][INFO] - epoch: 10
[2023-11-18 18:20:25,430][__main__][INFO] - alignment: tensor([0., 0., 0., 0., 0., 0., 0., 0., 0., 0., 0., 0., 0., 0., 0.])
[2023-11-18 18:20:25,430][__main__][INFO] - epoch: 20
[2023-11-18 18:20:26,656][__main__][INFO] - alignment: tensor([0., 0., 0., 0., 0., 0., 0., 0., 0., 0., 0., 0., 0., 0., 0.])
[2023-11-18 18:20:26,657][__main__][INFO] - epoch: 30
[2023-11-18 18:20:27,976][__main__][INFO] - alignment: tensor([0., 0., 0., 0., 0., 0., 0., 0., 0., 0., 0., 0., 0., 0., 0.])
[2023-11-18 18:20:27,976][__main__][INFO] - epoch: 40
[2023-11-18 18:20:29,308][__main__][INFO] - alignment: tensor([0., 0., 0., 0., 0., 0., 0., 0., 0., 0., 0., 0., 0., 0., 0.])
[2023-11-18 18:20:29,308][__main__][INFO] - epoch: 50
[2023-11-18 18:20:30,593][__main__][INFO] - alignment: tensor([0., 0., 0., 0., 0., 0., 0., 0., 0., 0., 0., 0., 0., 0., 0.])
[2023-11-18 18:20:30,593][__main__][INFO] - epoch: 60
[2023-11-18 18:20:31,828][__main__][INFO] - alignment: tensor([0., 0., 0., 0., 0., 0., 0., 0., 0., 0., 0., 0., 0., 0., 0.])
[2023-11-18 18:20:31,828][__main__][INFO] - epoch: 70
[2023-11-18 18:20:33,060][__main__][INFO] - alignment: tensor([0., 0., 0., 0., 0., 0., 0., 0., 0., 0., 0., 0., 0., 0., 0.])
[2023-11-18 18:20:33,060][__main__][INFO] - epoch: 80
[2023-11-18 18:20:34,265][__main__][INFO] - alignment: tensor([0., 0., 0., 0., 0., 0., 0., 0., 0., 0., 0., 0., 0., 0., 0.])
[2023-11-18 18:20:34,265][__main__][INFO] - epoch: 90
[2023-11-18 18:20:35,459][__main__][INFO] - alignment: tensor([2., 0., 0., 0., 0., 0., 0., 0., 0., 0., 0., 0., 0., 0., 0.])
[2023-11-18 18:20:35,459][__main__][INFO] - epoch: 100
[2023-11-18 18:20:36,704][__main__][INFO] - alignment: tensor([13.,  0.,  0.,  0.,  0.,  0.,  0.,  0.,  0.,  0.,  0.,  0.,  0.,  0.,
         0.])
[2023-11-18 18:20:36,705][__main__][INFO] - epoch: 110
[2023-11-18 18:20:37,968][__main__][INFO] - alignment: tensor([39.,  0.,  0.,  0.,  0.,  0.,  0.,  0.,  0.,  0.,  0.,  0.,  0.,  0.,
         0.])
[2023-11-18 18:20:37,968][__main__][INFO] - epoch: 120
[2023-11-18 18:20:39,206][__main__][INFO] - alignment: tensor([49.,  0.,  0.,  0.,  0.,  0.,  0.,  0.,  0.,  0.,  0.,  0.,  0.,  0.,
         0.])
[2023-11-18 18:20:39,206][__main__][INFO] - epoch: 130
[2023-11-18 18:20:40,527][__main__][INFO] - alignment: tensor([69.,  1.,  0.,  0.,  0.,  0.,  0.,  0.,  0.,  0.,  0.,  0.,  0.,  0.,
         0.])
[2023-11-18 18:20:40,527][__main__][INFO] - epoch: 140
[2023-11-18 18:20:41,771][__main__][INFO] - alignment: tensor([57.,  4.,  1.,  0.,  0.,  0.,  0.,  1.,  0.,  0.,  0.,  0.,  0.,  0.,
         0.])
[2023-11-18 18:20:41,772][__main__][INFO] - epoch: 150
[2023-11-18 18:20:43,223][__main__][INFO] - alignment: tensor([42.,  3.,  1.,  0.,  0.,  0.,  0.,  1.,  0.,  0.,  1.,  0.,  1.,  0.,
         1.])
[2023-11-18 18:20:43,224][__main__][INFO] - epoch: 160
[2023-11-18 18:20:44,923][__main__][INFO] - alignment: tensor([46.,  3.,  3.,  0.,  0.,  0.,  0.,  1.,  0.,  0.,  1.,  0.,  1.,  0.,
         1.])
[2023-11-18 18:20:44,924][__main__][INFO] - epoch: 170
[2023-11-18 18:20:46,680][__main__][INFO] - alignment: tensor([48.,  3.,  4.,  0.,  0.,  1.,  0.,  1.,  0.,  1.,  1.,  0.,  1.,  0.,
         1.])
[2023-11-18 18:20:46,680][__main__][INFO] - epoch: 180
[2023-11-18 18:20:48,524][__main__][INFO] - alignment: tensor([51.,  3.,  5.,  0.,  0.,  1.,  0.,  1.,  0.,  1.,  1.,  0.,  1.,  0.,
         1.])
[2023-11-18 18:20:48,524][__main__][INFO] - epoch: 190
[2023-11-18 18:20:50,358][__main__][INFO] - alignment: tensor([52.,  3.,  5.,  1.,  0.,  1.,  1.,  1.,  0.,  1.,  1.,  0.,  1.,  0.,
         1.])
[2023-11-18 18:20:50,359][__main__][INFO] - epoch: 200
[2023-11-18 18:20:52,219][__main__][INFO] - alignment: tensor([50.,  3.,  7.,  1.,  0.,  1.,  1.,  1.,  0.,  1.,  1.,  0.,  1.,  1.,
         1.])
[2023-11-18 18:20:52,220][__main__][INFO] - epoch: 210
[2023-11-18 18:20:53,951][__main__][INFO] - alignment: tensor([47.,  3.,  6.,  2.,  1.,  1.,  1.,  1.,  0.,  1.,  1.,  0.,  1.,  1.,
         1.])
[2023-11-18 18:20:53,952][__main__][INFO] - epoch: 220
[2023-11-18 18:20:55,503][__main__][INFO] - alignment: tensor([43.,  3.,  6.,  2.,  1.,  1.,  1.,  1.,  0.,  1.,  1.,  0.,  1.,  1.,
         1.])
[2023-11-18 18:20:55,503][__main__][INFO] - epoch: 230
[2023-11-18 18:20:57,216][__main__][INFO] - alignment: tensor([41.,  3.,  5.,  2.,  1.,  1.,  1.,  1.,  0.,  1.,  1.,  0.,  1.,  1.,
         1.])
[2023-11-18 18:20:57,217][__main__][INFO] - epoch: 240
[2023-11-18 18:20:58,877][__main__][INFO] - alignment: tensor([36.,  3.,  4.,  2.,  1.,  1.,  2.,  1.,  0.,  1.,  1.,  0.,  1.,  1.,
         1.])
[2023-11-18 18:20:58,877][__main__][INFO] - epoch: 250
[2023-11-18 18:21:00,836][__main__][INFO] - alignment: tensor([32.,  3.,  3.,  2.,  1.,  1.,  2.,  1.,  0.,  1.,  1.,  0.,  1.,  1.,
         1.])
[2023-11-18 18:21:00,837][__main__][INFO] - epoch: 260
[2023-11-18 18:21:02,628][__main__][INFO] - alignment: tensor([29.,  3.,  4.,  2.,  1.,  1.,  2.,  1.,  0.,  1.,  1.,  0.,  1.,  1.,
         1.])
[2023-11-18 18:21:02,628][__main__][INFO] - epoch: 270
[2023-11-18 18:21:03,849][__main__][INFO] - alignment: tensor([29.,  3.,  4.,  2.,  2.,  1.,  2.,  1.,  0.,  1.,  1.,  0.,  1.,  1.,
         1.])
[2023-11-18 18:21:03,849][__main__][INFO] - epoch: 280
[2023-11-18 18:21:05,047][__main__][INFO] - alignment: tensor([26.,  3.,  3.,  2.,  1.,  1.,  2.,  1.,  0.,  1.,  1.,  0.,  1.,  1.,
         1.])
[2023-11-18 18:21:05,047][__main__][INFO] - epoch: 290
[2023-11-18 18:21:06,310][__main__][INFO] - alignment: tensor([23.,  3.,  3.,  2.,  1.,  1.,  2.,  1.,  0.,  1.,  1.,  0.,  1.,  1.,
         1.])
[2023-11-18 18:21:06,311][__main__][INFO] - epoch: 300
[2023-11-18 18:21:07,602][__main__][INFO] - alignment: tensor([24.,  3.,  4.,  2.,  1.,  1.,  2.,  1.,  0.,  1.,  1.,  0.,  1.,  1.,
         1.])
[2023-11-18 18:21:07,603][__main__][INFO] - epoch: 310
[2023-11-18 18:21:08,877][__main__][INFO] - alignment: tensor([24.,  3.,  4.,  2.,  1.,  1.,  2.,  1.,  0.,  1.,  1.,  0.,  1.,  1.,
         1.])
[2023-11-18 18:21:08,966][__main__][INFO] - Training losses plot: train_losses.png
[2023-11-18 18:21:09,070][__main__][INFO] - Accuracies plot: accuracies.png
